<?xml version="1.0" encoding="UTF-8"?>
<testsuite xmlns:xsi="http://www.w3.org/2001/XMLSchema-instance" xsi:noNamespaceSchemaLocation="https://maven.apache.org/surefire/maven-surefire-plugin/xsd/surefire-test-report-3.0.xsd" version="3.0" name="com.example.chi_daram.service.UserControllerIntegrationTest" time="21.097" tests="4" errors="0" skipped="0" failures="0">
  <properties>
    <property name="java.specification.version" value="23"/>
    <property name="sun.cpu.isalist" value="amd64"/>
    <property name="sun.jnu.encoding" value="Cp1252"/>
    <property name="java.class.path" value="D:\ChiDaram App\chi_daram\target\test-classes;D:\ChiDaram App\chi_daram\target\classes;C:\Users\Parnian\.m2\repository\org\springframework\boot\spring-boot-starter-actuator\3.3.1\spring-boot-starter-actuator-3.3.1.jar;C:\Users\Parnian\.m2\repository\org\springframework\boot\spring-boot-starter\3.3.1\spring-boot-starter-3.3.1.jar;C:\Users\Parnian\.m2\repository\org\springframework\boot\spring-boot-starter-logging\3.3.1\spring-boot-starter-logging-3.3.1.jar;C:\Users\Parnian\.m2\repository\ch\qos\logback\logback-classic\1.5.6\logback-classic-1.5.6.jar;C:\Users\Parnian\.m2\repository\ch\qos\logback\logback-core\1.5.6\logback-core-1.5.6.jar;C:\Users\Parnian\.m2\repository\org\apache\logging\log4j\log4j-to-slf4j\2.23.1\log4j-to-slf4j-2.23.1.jar;C:\Users\Parnian\.m2\repository\org\apache\logging\log4j\log4j-api\2.23.1\log4j-api-2.23.1.jar;C:\Users\Parnian\.m2\repository\org\slf4j\jul-to-slf4j\2.0.13\jul-to-slf4j-2.0.13.jar;C:\Users\Parnian\.m2\repository\jakarta\annotation\jakarta.annotation-api\2.1.1\jakarta.annotation-api-2.1.1.jar;C:\Users\Parnian\.m2\repository\org\yaml\snakeyaml\2.2\snakeyaml-2.2.jar;C:\Users\Parnian\.m2\repository\org\springframework\boot\spring-boot-actuator-autoconfigure\3.3.1\spring-boot-actuator-autoconfigure-3.3.1.jar;C:\Users\Parnian\.m2\repository\org\springframework\boot\spring-boot-actuator\3.3.1\spring-boot-actuator-3.3.1.jar;C:\Users\Parnian\.m2\repository\com\fasterxml\jackson\datatype\jackson-datatype-jsr310\2.17.1\jackson-datatype-jsr310-2.17.1.jar;C:\Users\Parnian\.m2\repository\io\micrometer\micrometer-observation\1.13.1\micrometer-observation-1.13.1.jar;C:\Users\Parnian\.m2\repository\io\micrometer\micrometer-commons\1.13.1\micrometer-commons-1.13.1.jar;C:\Users\Parnian\.m2\repository\io\micrometer\micrometer-jakarta9\1.13.1\micrometer-jakarta9-1.13.1.jar;C:\Users\Parnian\.m2\repository\io\micrometer\micrometer-core\1.13.1\micrometer-core-1.13.1.jar;C:\Users\Parnian\.m2\repository\org\hdrhistogram\HdrHistogram\2.2.2\HdrHistogram-2.2.2.jar;C:\Users\Parnian\.m2\repository\org\latencyutils\LatencyUtils\2.0.3\LatencyUtils-2.0.3.jar;C:\Users\Parnian\.m2\repository\org\springframework\boot\spring-boot-starter-data-jpa\3.3.1\spring-boot-starter-data-jpa-3.3.1.jar;C:\Users\Parnian\.m2\repository\org\springframework\boot\spring-boot-starter-aop\3.3.1\spring-boot-starter-aop-3.3.1.jar;C:\Users\Parnian\.m2\repository\org\aspectj\aspectjweaver\1.9.22\aspectjweaver-1.9.22.jar;C:\Users\Parnian\.m2\repository\org\springframework\boot\spring-boot-starter-jdbc\3.3.1\spring-boot-starter-jdbc-3.3.1.jar;C:\Users\Parnian\.m2\repository\com\zaxxer\HikariCP\5.1.0\HikariCP-5.1.0.jar;C:\Users\Parnian\.m2\repository\org\springframework\spring-jdbc\6.1.10\spring-jdbc-6.1.10.jar;C:\Users\Parnian\.m2\repository\org\hibernate\orm\hibernate-core\6.5.2.Final\hibernate-core-6.5.2.Final.jar;C:\Users\Parnian\.m2\repository\jakarta\persistence\jakarta.persistence-api\3.1.0\jakarta.persistence-api-3.1.0.jar;C:\Users\Parnian\.m2\repository\jakarta\transaction\jakarta.transaction-api\2.0.1\jakarta.transaction-api-2.0.1.jar;C:\Users\Parnian\.m2\repository\org\jboss\logging\jboss-logging\3.5.3.Final\jboss-logging-3.5.3.Final.jar;C:\Users\Parnian\.m2\repository\org\hibernate\common\hibernate-commons-annotations\6.0.6.Final\hibernate-commons-annotations-6.0.6.Final.jar;C:\Users\Parnian\.m2\repository\io\smallrye\jandex\3.1.2\jandex-3.1.2.jar;C:\Users\Parnian\.m2\repository\com\fasterxml\classmate\1.7.0\classmate-1.7.0.jar;C:\Users\Parnian\.m2\repository\net\bytebuddy\byte-buddy\1.14.17\byte-buddy-1.14.17.jar;C:\Users\Parnian\.m2\repository\org\glassfish\jaxb\jaxb-runtime\4.0.5\jaxb-runtime-4.0.5.jar;C:\Users\Parnian\.m2\repository\org\glassfish\jaxb\jaxb-core\4.0.5\jaxb-core-4.0.5.jar;C:\Users\Parnian\.m2\repository\org\eclipse\angus\angus-activation\2.0.2\angus-activation-2.0.2.jar;C:\Users\Parnian\.m2\repository\org\glassfish\jaxb\txw2\4.0.5\txw2-4.0.5.jar;C:\Users\Parnian\.m2\repository\com\sun\istack\istack-commons-runtime\4.1.2\istack-commons-runtime-4.1.2.jar;C:\Users\Parnian\.m2\repository\jakarta\inject\jakarta.inject-api\2.0.1\jakarta.inject-api-2.0.1.jar;C:\Users\Parnian\.m2\repository\org\antlr\antlr4-runtime\4.13.0\antlr4-runtime-4.13.0.jar;C:\Users\Parnian\.m2\repository\org\springframework\data\spring-data-jpa\3.3.1\spring-data-jpa-3.3.1.jar;C:\Users\Parnian\.m2\repository\org\springframework\data\spring-data-commons\3.3.1\spring-data-commons-3.3.1.jar;C:\Users\Parnian\.m2\repository\org\springframework\spring-orm\6.1.10\spring-orm-6.1.10.jar;C:\Users\Parnian\.m2\repository\org\springframework\spring-context\6.1.10\spring-context-6.1.10.jar;C:\Users\Parnian\.m2\repository\org\springframework\spring-tx\6.1.10\spring-tx-6.1.10.jar;C:\Users\Parnian\.m2\repository\org\springframework\spring-beans\6.1.10\spring-beans-6.1.10.jar;C:\Users\Parnian\.m2\repository\org\springframework\spring-aspects\6.1.10\spring-aspects-6.1.10.jar;C:\Users\Parnian\.m2\repository\org\springframework\boot\spring-boot-starter-security\3.3.1\spring-boot-starter-security-3.3.1.jar;C:\Users\Parnian\.m2\repository\org\springframework\spring-aop\6.1.10\spring-aop-6.1.10.jar;C:\Users\Parnian\.m2\repository\org\springframework\security\spring-security-config\6.3.1\spring-security-config-6.3.1.jar;C:\Users\Parnian\.m2\repository\org\springframework\security\spring-security-web\6.3.1\spring-security-web-6.3.1.jar;C:\Users\Parnian\.m2\repository\org\springframework\spring-expression\6.1.10\spring-expression-6.1.10.jar;C:\Users\Parnian\.m2\repository\org\springframework\boot\spring-boot-starter-thymeleaf\3.3.1\spring-boot-starter-thymeleaf-3.3.1.jar;C:\Users\Parnian\.m2\repository\org\thymeleaf\thymeleaf-spring6\3.1.2.RELEASE\thymeleaf-spring6-3.1.2.RELEASE.jar;C:\Users\Parnian\.m2\repository\org\thymeleaf\thymeleaf\3.1.2.RELEASE\thymeleaf-3.1.2.RELEASE.jar;C:\Users\Parnian\.m2\repository\org\attoparser\attoparser\2.0.7.RELEASE\attoparser-2.0.7.RELEASE.jar;C:\Users\Parnian\.m2\repository\org\unbescape\unbescape\1.1.6.RELEASE\unbescape-1.1.6.RELEASE.jar;C:\Users\Parnian\.m2\repository\org\springframework\boot\spring-boot-starter-validation\3.3.1\spring-boot-starter-validation-3.3.1.jar;C:\Users\Parnian\.m2\repository\org\apache\tomcat\embed\tomcat-embed-el\10.1.25\tomcat-embed-el-10.1.25.jar;C:\Users\Parnian\.m2\repository\org\hibernate\validator\hibernate-validator\8.0.1.Final\hibernate-validator-8.0.1.Final.jar;C:\Users\Parnian\.m2\repository\jakarta\validation\jakarta.validation-api\3.0.2\jakarta.validation-api-3.0.2.jar;C:\Users\Parnian\.m2\repository\org\springframework\boot\spring-boot-starter-web\3.3.1\spring-boot-starter-web-3.3.1.jar;C:\Users\Parnian\.m2\repository\org\springframework\boot\spring-boot-starter-json\3.3.1\spring-boot-starter-json-3.3.1.jar;C:\Users\Parnian\.m2\repository\com\fasterxml\jackson\datatype\jackson-datatype-jdk8\2.17.1\jackson-datatype-jdk8-2.17.1.jar;C:\Users\Parnian\.m2\repository\com\fasterxml\jackson\module\jackson-module-parameter-names\2.17.1\jackson-module-parameter-names-2.17.1.jar;C:\Users\Parnian\.m2\repository\org\springframework\boot\spring-boot-starter-tomcat\3.3.1\spring-boot-starter-tomcat-3.3.1.jar;C:\Users\Parnian\.m2\repository\org\apache\tomcat\embed\tomcat-embed-core\10.1.25\tomcat-embed-core-10.1.25.jar;C:\Users\Parnian\.m2\repository\org\apache\tomcat\embed\tomcat-embed-websocket\10.1.25\tomcat-embed-websocket-10.1.25.jar;C:\Users\Parnian\.m2\repository\org\springframework\spring-web\6.1.10\spring-web-6.1.10.jar;C:\Users\Parnian\.m2\repository\org\springframework\spring-webmvc\6.1.10\spring-webmvc-6.1.10.jar;C:\Users\Parnian\.m2\repository\org\thymeleaf\extras\thymeleaf-extras-springsecurity6\3.1.2.RELEASE\thymeleaf-extras-springsecurity6-3.1.2.RELEASE.jar;C:\Users\Parnian\.m2\repository\org\slf4j\slf4j-api\2.0.13\slf4j-api-2.0.13.jar;C:\Users\Parnian\.m2\repository\org\springdoc\springdoc-openapi-starter-webmvc-ui\2.5.0\springdoc-openapi-starter-webmvc-ui-2.5.0.jar;C:\Users\Parnian\.m2\repository\org\springdoc\springdoc-openapi-starter-webmvc-api\2.5.0\springdoc-openapi-starter-webmvc-api-2.5.0.jar;C:\Users\Parnian\.m2\repository\org\springdoc\springdoc-openapi-starter-common\2.5.0\springdoc-openapi-starter-common-2.5.0.jar;C:\Users\Parnian\.m2\repository\io\swagger\core\v3\swagger-core-jakarta\2.2.21\swagger-core-jakarta-2.2.21.jar;C:\Users\Parnian\.m2\repository\org\apache\commons\commons-lang3\3.14.0\commons-lang3-3.14.0.jar;C:\Users\Parnian\.m2\repository\io\swagger\core\v3\swagger-annotations-jakarta\2.2.21\swagger-annotations-jakarta-2.2.21.jar;C:\Users\Parnian\.m2\repository\io\swagger\core\v3\swagger-models-jakarta\2.2.21\swagger-models-jakarta-2.2.21.jar;C:\Users\Parnian\.m2\repository\com\fasterxml\jackson\dataformat\jackson-dataformat-yaml\2.17.1\jackson-dataformat-yaml-2.17.1.jar;C:\Users\Parnian\.m2\repository\org\webjars\swagger-ui\5.13.0\swagger-ui-5.13.0.jar;C:\Users\Parnian\.m2\repository\io\jsonwebtoken\jjwt-api\0.12.5\jjwt-api-0.12.5.jar;C:\Users\Parnian\.m2\repository\io\jsonwebtoken\jjwt-impl\0.12.5\jjwt-impl-0.12.5.jar;C:\Users\Parnian\.m2\repository\io\jsonwebtoken\jjwt-jackson\0.12.5\jjwt-jackson-0.12.5.jar;C:\Users\Parnian\.m2\repository\com\fasterxml\jackson\core\jackson-databind\2.17.1\jackson-databind-2.17.1.jar;C:\Users\Parnian\.m2\repository\com\fasterxml\jackson\core\jackson-annotations\2.17.1\jackson-annotations-2.17.1.jar;C:\Users\Parnian\.m2\repository\com\fasterxml\jackson\core\jackson-core\2.17.1\jackson-core-2.17.1.jar;C:\Users\Parnian\.m2\repository\org\springframework\boot\spring-boot-devtools\3.3.1\spring-boot-devtools-3.3.1.jar;C:\Users\Parnian\.m2\repository\org\springframework\boot\spring-boot\3.3.1\spring-boot-3.3.1.jar;C:\Users\Parnian\.m2\repository\org\springframework\boot\spring-boot-autoconfigure\3.3.1\spring-boot-autoconfigure-3.3.1.jar;C:\Users\Parnian\.m2\repository\org\postgresql\postgresql\42.7.3\postgresql-42.7.3.jar;C:\Users\Parnian\.m2\repository\org\checkerframework\checker-qual\3.42.0\checker-qual-3.42.0.jar;C:\Users\Parnian\.m2\repository\org\projectlombok\lombok\1.18.32\lombok-1.18.32.jar;C:\Users\Parnian\.m2\repository\org\springframework\boot\spring-boot-starter-test\3.3.1\spring-boot-starter-test-3.3.1.jar;C:\Users\Parnian\.m2\repository\org\springframework\boot\spring-boot-test\3.3.1\spring-boot-test-3.3.1.jar;C:\Users\Parnian\.m2\repository\org\springframework\boot\spring-boot-test-autoconfigure\3.3.1\spring-boot-test-autoconfigure-3.3.1.jar;C:\Users\Parnian\.m2\repository\com\jayway\jsonpath\json-path\2.9.0\json-path-2.9.0.jar;C:\Users\Parnian\.m2\repository\jakarta\xml\bind\jakarta.xml.bind-api\4.0.2\jakarta.xml.bind-api-4.0.2.jar;C:\Users\Parnian\.m2\repository\jakarta\activation\jakarta.activation-api\2.1.3\jakarta.activation-api-2.1.3.jar;C:\Users\Parnian\.m2\repository\net\minidev\json-smart\2.5.1\json-smart-2.5.1.jar;C:\Users\Parnian\.m2\repository\net\minidev\accessors-smart\2.5.1\accessors-smart-2.5.1.jar;C:\Users\Parnian\.m2\repository\org\ow2\asm\asm\9.6\asm-9.6.jar;C:\Users\Parnian\.m2\repository\org\assertj\assertj-core\3.25.3\assertj-core-3.25.3.jar;C:\Users\Parnian\.m2\repository\org\awaitility\awaitility\4.2.1\awaitility-4.2.1.jar;C:\Users\Parnian\.m2\repository\org\hamcrest\hamcrest\2.2\hamcrest-2.2.jar;C:\Users\Parnian\.m2\repository\org\junit\jupiter\junit-jupiter\5.10.2\junit-jupiter-5.10.2.jar;C:\Users\Parnian\.m2\repository\org\junit\jupiter\junit-jupiter-api\5.10.2\junit-jupiter-api-5.10.2.jar;C:\Users\Parnian\.m2\repository\org\opentest4j\opentest4j\1.3.0\opentest4j-1.3.0.jar;C:\Users\Parnian\.m2\repository\org\junit\platform\junit-platform-commons\1.10.2\junit-platform-commons-1.10.2.jar;C:\Users\Parnian\.m2\repository\org\apiguardian\apiguardian-api\1.1.2\apiguardian-api-1.1.2.jar;C:\Users\Parnian\.m2\repository\org\junit\jupiter\junit-jupiter-params\5.10.2\junit-jupiter-params-5.10.2.jar;C:\Users\Parnian\.m2\repository\org\junit\jupiter\junit-jupiter-engine\5.10.2\junit-jupiter-engine-5.10.2.jar;C:\Users\Parnian\.m2\repository\org\junit\platform\junit-platform-engine\1.10.2\junit-platform-engine-1.10.2.jar;C:\Users\Parnian\.m2\repository\org\mockito\mockito-core\5.11.0\mockito-core-5.11.0.jar;C:\Users\Parnian\.m2\repository\net\bytebuddy\byte-buddy-agent\1.14.17\byte-buddy-agent-1.14.17.jar;C:\Users\Parnian\.m2\repository\org\objenesis\objenesis\3.3\objenesis-3.3.jar;C:\Users\Parnian\.m2\repository\org\mockito\mockito-junit-jupiter\5.11.0\mockito-junit-jupiter-5.11.0.jar;C:\Users\Parnian\.m2\repository\org\skyscreamer\jsonassert\1.5.1\jsonassert-1.5.1.jar;C:\Users\Parnian\.m2\repository\com\vaadin\external\google\android-json\0.0.20131108.vaadin1\android-json-0.0.20131108.vaadin1.jar;C:\Users\Parnian\.m2\repository\org\springframework\spring-core\6.1.10\spring-core-6.1.10.jar;C:\Users\Parnian\.m2\repository\org\springframework\spring-jcl\6.1.10\spring-jcl-6.1.10.jar;C:\Users\Parnian\.m2\repository\org\springframework\spring-test\6.1.10\spring-test-6.1.10.jar;C:\Users\Parnian\.m2\repository\org\xmlunit\xmlunit-core\2.9.1\xmlunit-core-2.9.1.jar;C:\Users\Parnian\.m2\repository\org\springframework\security\spring-security-test\6.3.1\spring-security-test-6.3.1.jar;C:\Users\Parnian\.m2\repository\org\springframework\security\spring-security-core\6.3.1\spring-security-core-6.3.1.jar;C:\Users\Parnian\.m2\repository\org\springframework\security\spring-security-crypto\6.3.1\spring-security-crypto-6.3.1.jar;C:\Users\Parnian\.m2\repository\org\jetbrains\annotations\26.0.2\annotations-26.0.2.jar;"/>
    <property name="java.vm.vendor" value="Oracle Corporation"/>
    <property name="sun.arch.data.model" value="64"/>
    <property name="user.variant" value=""/>
    <property name="java.vendor.url" value="https://java.oracle.com/"/>
    <property name="user.timezone" value="Asia/Tehran"/>
    <property name="org.jboss.logging.provider" value="slf4j"/>
    <property name="os.name" value="Windows 11"/>
    <property name="java.vm.specification.version" value="23"/>
    <property name="sun.java.launcher" value="SUN_STANDARD"/>
    <property name="user.country" value="US"/>
    <property name="sun.boot.library.path" value="C:\Program Files\Java\jdk-23\bin"/>
    <property name="sun.java.command" value="C:\Users\Parnian\AppData\Local\Temp\surefire12930389894133816043\surefirebooter-20250824113208435_3.jar C:\Users\Parnian\AppData\Local\Temp\surefire12930389894133816043 2025-08-24T11-32-07_988-jvmRun1 surefire-20250824113208435_1tmp surefire_0-20250824113208435_2tmp"/>
    <property name="jdk.debug" value="release"/>
    <property name="surefire.test.class.path" value="D:\ChiDaram App\chi_daram\target\test-classes;D:\ChiDaram App\chi_daram\target\classes;C:\Users\Parnian\.m2\repository\org\springframework\boot\spring-boot-starter-actuator\3.3.1\spring-boot-starter-actuator-3.3.1.jar;C:\Users\Parnian\.m2\repository\org\springframework\boot\spring-boot-starter\3.3.1\spring-boot-starter-3.3.1.jar;C:\Users\Parnian\.m2\repository\org\springframework\boot\spring-boot-starter-logging\3.3.1\spring-boot-starter-logging-3.3.1.jar;C:\Users\Parnian\.m2\repository\ch\qos\logback\logback-classic\1.5.6\logback-classic-1.5.6.jar;C:\Users\Parnian\.m2\repository\ch\qos\logback\logback-core\1.5.6\logback-core-1.5.6.jar;C:\Users\Parnian\.m2\repository\org\apache\logging\log4j\log4j-to-slf4j\2.23.1\log4j-to-slf4j-2.23.1.jar;C:\Users\Parnian\.m2\repository\org\apache\logging\log4j\log4j-api\2.23.1\log4j-api-2.23.1.jar;C:\Users\Parnian\.m2\repository\org\slf4j\jul-to-slf4j\2.0.13\jul-to-slf4j-2.0.13.jar;C:\Users\Parnian\.m2\repository\jakarta\annotation\jakarta.annotation-api\2.1.1\jakarta.annotation-api-2.1.1.jar;C:\Users\Parnian\.m2\repository\org\yaml\snakeyaml\2.2\snakeyaml-2.2.jar;C:\Users\Parnian\.m2\repository\org\springframework\boot\spring-boot-actuator-autoconfigure\3.3.1\spring-boot-actuator-autoconfigure-3.3.1.jar;C:\Users\Parnian\.m2\repository\org\springframework\boot\spring-boot-actuator\3.3.1\spring-boot-actuator-3.3.1.jar;C:\Users\Parnian\.m2\repository\com\fasterxml\jackson\datatype\jackson-datatype-jsr310\2.17.1\jackson-datatype-jsr310-2.17.1.jar;C:\Users\Parnian\.m2\repository\io\micrometer\micrometer-observation\1.13.1\micrometer-observation-1.13.1.jar;C:\Users\Parnian\.m2\repository\io\micrometer\micrometer-commons\1.13.1\micrometer-commons-1.13.1.jar;C:\Users\Parnian\.m2\repository\io\micrometer\micrometer-jakarta9\1.13.1\micrometer-jakarta9-1.13.1.jar;C:\Users\Parnian\.m2\repository\io\micrometer\micrometer-core\1.13.1\micrometer-core-1.13.1.jar;C:\Users\Parnian\.m2\repository\org\hdrhistogram\HdrHistogram\2.2.2\HdrHistogram-2.2.2.jar;C:\Users\Parnian\.m2\repository\org\latencyutils\LatencyUtils\2.0.3\LatencyUtils-2.0.3.jar;C:\Users\Parnian\.m2\repository\org\springframework\boot\spring-boot-starter-data-jpa\3.3.1\spring-boot-starter-data-jpa-3.3.1.jar;C:\Users\Parnian\.m2\repository\org\springframework\boot\spring-boot-starter-aop\3.3.1\spring-boot-starter-aop-3.3.1.jar;C:\Users\Parnian\.m2\repository\org\aspectj\aspectjweaver\1.9.22\aspectjweaver-1.9.22.jar;C:\Users\Parnian\.m2\repository\org\springframework\boot\spring-boot-starter-jdbc\3.3.1\spring-boot-starter-jdbc-3.3.1.jar;C:\Users\Parnian\.m2\repository\com\zaxxer\HikariCP\5.1.0\HikariCP-5.1.0.jar;C:\Users\Parnian\.m2\repository\org\springframework\spring-jdbc\6.1.10\spring-jdbc-6.1.10.jar;C:\Users\Parnian\.m2\repository\org\hibernate\orm\hibernate-core\6.5.2.Final\hibernate-core-6.5.2.Final.jar;C:\Users\Parnian\.m2\repository\jakarta\persistence\jakarta.persistence-api\3.1.0\jakarta.persistence-api-3.1.0.jar;C:\Users\Parnian\.m2\repository\jakarta\transaction\jakarta.transaction-api\2.0.1\jakarta.transaction-api-2.0.1.jar;C:\Users\Parnian\.m2\repository\org\jboss\logging\jboss-logging\3.5.3.Final\jboss-logging-3.5.3.Final.jar;C:\Users\Parnian\.m2\repository\org\hibernate\common\hibernate-commons-annotations\6.0.6.Final\hibernate-commons-annotations-6.0.6.Final.jar;C:\Users\Parnian\.m2\repository\io\smallrye\jandex\3.1.2\jandex-3.1.2.jar;C:\Users\Parnian\.m2\repository\com\fasterxml\classmate\1.7.0\classmate-1.7.0.jar;C:\Users\Parnian\.m2\repository\net\bytebuddy\byte-buddy\1.14.17\byte-buddy-1.14.17.jar;C:\Users\Parnian\.m2\repository\org\glassfish\jaxb\jaxb-runtime\4.0.5\jaxb-runtime-4.0.5.jar;C:\Users\Parnian\.m2\repository\org\glassfish\jaxb\jaxb-core\4.0.5\jaxb-core-4.0.5.jar;C:\Users\Parnian\.m2\repository\org\eclipse\angus\angus-activation\2.0.2\angus-activation-2.0.2.jar;C:\Users\Parnian\.m2\repository\org\glassfish\jaxb\txw2\4.0.5\txw2-4.0.5.jar;C:\Users\Parnian\.m2\repository\com\sun\istack\istack-commons-runtime\4.1.2\istack-commons-runtime-4.1.2.jar;C:\Users\Parnian\.m2\repository\jakarta\inject\jakarta.inject-api\2.0.1\jakarta.inject-api-2.0.1.jar;C:\Users\Parnian\.m2\repository\org\antlr\antlr4-runtime\4.13.0\antlr4-runtime-4.13.0.jar;C:\Users\Parnian\.m2\repository\org\springframework\data\spring-data-jpa\3.3.1\spring-data-jpa-3.3.1.jar;C:\Users\Parnian\.m2\repository\org\springframework\data\spring-data-commons\3.3.1\spring-data-commons-3.3.1.jar;C:\Users\Parnian\.m2\repository\org\springframework\spring-orm\6.1.10\spring-orm-6.1.10.jar;C:\Users\Parnian\.m2\repository\org\springframework\spring-context\6.1.10\spring-context-6.1.10.jar;C:\Users\Parnian\.m2\repository\org\springframework\spring-tx\6.1.10\spring-tx-6.1.10.jar;C:\Users\Parnian\.m2\repository\org\springframework\spring-beans\6.1.10\spring-beans-6.1.10.jar;C:\Users\Parnian\.m2\repository\org\springframework\spring-aspects\6.1.10\spring-aspects-6.1.10.jar;C:\Users\Parnian\.m2\repository\org\springframework\boot\spring-boot-starter-security\3.3.1\spring-boot-starter-security-3.3.1.jar;C:\Users\Parnian\.m2\repository\org\springframework\spring-aop\6.1.10\spring-aop-6.1.10.jar;C:\Users\Parnian\.m2\repository\org\springframework\security\spring-security-config\6.3.1\spring-security-config-6.3.1.jar;C:\Users\Parnian\.m2\repository\org\springframework\security\spring-security-web\6.3.1\spring-security-web-6.3.1.jar;C:\Users\Parnian\.m2\repository\org\springframework\spring-expression\6.1.10\spring-expression-6.1.10.jar;C:\Users\Parnian\.m2\repository\org\springframework\boot\spring-boot-starter-thymeleaf\3.3.1\spring-boot-starter-thymeleaf-3.3.1.jar;C:\Users\Parnian\.m2\repository\org\thymeleaf\thymeleaf-spring6\3.1.2.RELEASE\thymeleaf-spring6-3.1.2.RELEASE.jar;C:\Users\Parnian\.m2\repository\org\thymeleaf\thymeleaf\3.1.2.RELEASE\thymeleaf-3.1.2.RELEASE.jar;C:\Users\Parnian\.m2\repository\org\attoparser\attoparser\2.0.7.RELEASE\attoparser-2.0.7.RELEASE.jar;C:\Users\Parnian\.m2\repository\org\unbescape\unbescape\1.1.6.RELEASE\unbescape-1.1.6.RELEASE.jar;C:\Users\Parnian\.m2\repository\org\springframework\boot\spring-boot-starter-validation\3.3.1\spring-boot-starter-validation-3.3.1.jar;C:\Users\Parnian\.m2\repository\org\apache\tomcat\embed\tomcat-embed-el\10.1.25\tomcat-embed-el-10.1.25.jar;C:\Users\Parnian\.m2\repository\org\hibernate\validator\hibernate-validator\8.0.1.Final\hibernate-validator-8.0.1.Final.jar;C:\Users\Parnian\.m2\repository\jakarta\validation\jakarta.validation-api\3.0.2\jakarta.validation-api-3.0.2.jar;C:\Users\Parnian\.m2\repository\org\springframework\boot\spring-boot-starter-web\3.3.1\spring-boot-starter-web-3.3.1.jar;C:\Users\Parnian\.m2\repository\org\springframework\boot\spring-boot-starter-json\3.3.1\spring-boot-starter-json-3.3.1.jar;C:\Users\Parnian\.m2\repository\com\fasterxml\jackson\datatype\jackson-datatype-jdk8\2.17.1\jackson-datatype-jdk8-2.17.1.jar;C:\Users\Parnian\.m2\repository\com\fasterxml\jackson\module\jackson-module-parameter-names\2.17.1\jackson-module-parameter-names-2.17.1.jar;C:\Users\Parnian\.m2\repository\org\springframework\boot\spring-boot-starter-tomcat\3.3.1\spring-boot-starter-tomcat-3.3.1.jar;C:\Users\Parnian\.m2\repository\org\apache\tomcat\embed\tomcat-embed-core\10.1.25\tomcat-embed-core-10.1.25.jar;C:\Users\Parnian\.m2\repository\org\apache\tomcat\embed\tomcat-embed-websocket\10.1.25\tomcat-embed-websocket-10.1.25.jar;C:\Users\Parnian\.m2\repository\org\springframework\spring-web\6.1.10\spring-web-6.1.10.jar;C:\Users\Parnian\.m2\repository\org\springframework\spring-webmvc\6.1.10\spring-webmvc-6.1.10.jar;C:\Users\Parnian\.m2\repository\org\thymeleaf\extras\thymeleaf-extras-springsecurity6\3.1.2.RELEASE\thymeleaf-extras-springsecurity6-3.1.2.RELEASE.jar;C:\Users\Parnian\.m2\repository\org\slf4j\slf4j-api\2.0.13\slf4j-api-2.0.13.jar;C:\Users\Parnian\.m2\repository\org\springdoc\springdoc-openapi-starter-webmvc-ui\2.5.0\springdoc-openapi-starter-webmvc-ui-2.5.0.jar;C:\Users\Parnian\.m2\repository\org\springdoc\springdoc-openapi-starter-webmvc-api\2.5.0\springdoc-openapi-starter-webmvc-api-2.5.0.jar;C:\Users\Parnian\.m2\repository\org\springdoc\springdoc-openapi-starter-common\2.5.0\springdoc-openapi-starter-common-2.5.0.jar;C:\Users\Parnian\.m2\repository\io\swagger\core\v3\swagger-core-jakarta\2.2.21\swagger-core-jakarta-2.2.21.jar;C:\Users\Parnian\.m2\repository\org\apache\commons\commons-lang3\3.14.0\commons-lang3-3.14.0.jar;C:\Users\Parnian\.m2\repository\io\swagger\core\v3\swagger-annotations-jakarta\2.2.21\swagger-annotations-jakarta-2.2.21.jar;C:\Users\Parnian\.m2\repository\io\swagger\core\v3\swagger-models-jakarta\2.2.21\swagger-models-jakarta-2.2.21.jar;C:\Users\Parnian\.m2\repository\com\fasterxml\jackson\dataformat\jackson-dataformat-yaml\2.17.1\jackson-dataformat-yaml-2.17.1.jar;C:\Users\Parnian\.m2\repository\org\webjars\swagger-ui\5.13.0\swagger-ui-5.13.0.jar;C:\Users\Parnian\.m2\repository\io\jsonwebtoken\jjwt-api\0.12.5\jjwt-api-0.12.5.jar;C:\Users\Parnian\.m2\repository\io\jsonwebtoken\jjwt-impl\0.12.5\jjwt-impl-0.12.5.jar;C:\Users\Parnian\.m2\repository\io\jsonwebtoken\jjwt-jackson\0.12.5\jjwt-jackson-0.12.5.jar;C:\Users\Parnian\.m2\repository\com\fasterxml\jackson\core\jackson-databind\2.17.1\jackson-databind-2.17.1.jar;C:\Users\Parnian\.m2\repository\com\fasterxml\jackson\core\jackson-annotations\2.17.1\jackson-annotations-2.17.1.jar;C:\Users\Parnian\.m2\repository\com\fasterxml\jackson\core\jackson-core\2.17.1\jackson-core-2.17.1.jar;C:\Users\Parnian\.m2\repository\org\springframework\boot\spring-boot-devtools\3.3.1\spring-boot-devtools-3.3.1.jar;C:\Users\Parnian\.m2\repository\org\springframework\boot\spring-boot\3.3.1\spring-boot-3.3.1.jar;C:\Users\Parnian\.m2\repository\org\springframework\boot\spring-boot-autoconfigure\3.3.1\spring-boot-autoconfigure-3.3.1.jar;C:\Users\Parnian\.m2\repository\org\postgresql\postgresql\42.7.3\postgresql-42.7.3.jar;C:\Users\Parnian\.m2\repository\org\checkerframework\checker-qual\3.42.0\checker-qual-3.42.0.jar;C:\Users\Parnian\.m2\repository\org\projectlombok\lombok\1.18.32\lombok-1.18.32.jar;C:\Users\Parnian\.m2\repository\org\springframework\boot\spring-boot-starter-test\3.3.1\spring-boot-starter-test-3.3.1.jar;C:\Users\Parnian\.m2\repository\org\springframework\boot\spring-boot-test\3.3.1\spring-boot-test-3.3.1.jar;C:\Users\Parnian\.m2\repository\org\springframework\boot\spring-boot-test-autoconfigure\3.3.1\spring-boot-test-autoconfigure-3.3.1.jar;C:\Users\Parnian\.m2\repository\com\jayway\jsonpath\json-path\2.9.0\json-path-2.9.0.jar;C:\Users\Parnian\.m2\repository\jakarta\xml\bind\jakarta.xml.bind-api\4.0.2\jakarta.xml.bind-api-4.0.2.jar;C:\Users\Parnian\.m2\repository\jakarta\activation\jakarta.activation-api\2.1.3\jakarta.activation-api-2.1.3.jar;C:\Users\Parnian\.m2\repository\net\minidev\json-smart\2.5.1\json-smart-2.5.1.jar;C:\Users\Parnian\.m2\repository\net\minidev\accessors-smart\2.5.1\accessors-smart-2.5.1.jar;C:\Users\Parnian\.m2\repository\org\ow2\asm\asm\9.6\asm-9.6.jar;C:\Users\Parnian\.m2\repository\org\assertj\assertj-core\3.25.3\assertj-core-3.25.3.jar;C:\Users\Parnian\.m2\repository\org\awaitility\awaitility\4.2.1\awaitility-4.2.1.jar;C:\Users\Parnian\.m2\repository\org\hamcrest\hamcrest\2.2\hamcrest-2.2.jar;C:\Users\Parnian\.m2\repository\org\junit\jupiter\junit-jupiter\5.10.2\junit-jupiter-5.10.2.jar;C:\Users\Parnian\.m2\repository\org\junit\jupiter\junit-jupiter-api\5.10.2\junit-jupiter-api-5.10.2.jar;C:\Users\Parnian\.m2\repository\org\opentest4j\opentest4j\1.3.0\opentest4j-1.3.0.jar;C:\Users\Parnian\.m2\repository\org\junit\platform\junit-platform-commons\1.10.2\junit-platform-commons-1.10.2.jar;C:\Users\Parnian\.m2\repository\org\apiguardian\apiguardian-api\1.1.2\apiguardian-api-1.1.2.jar;C:\Users\Parnian\.m2\repository\org\junit\jupiter\junit-jupiter-params\5.10.2\junit-jupiter-params-5.10.2.jar;C:\Users\Parnian\.m2\repository\org\junit\jupiter\junit-jupiter-engine\5.10.2\junit-jupiter-engine-5.10.2.jar;C:\Users\Parnian\.m2\repository\org\junit\platform\junit-platform-engine\1.10.2\junit-platform-engine-1.10.2.jar;C:\Users\Parnian\.m2\repository\org\mockito\mockito-core\5.11.0\mockito-core-5.11.0.jar;C:\Users\Parnian\.m2\repository\net\bytebuddy\byte-buddy-agent\1.14.17\byte-buddy-agent-1.14.17.jar;C:\Users\Parnian\.m2\repository\org\objenesis\objenesis\3.3\objenesis-3.3.jar;C:\Users\Parnian\.m2\repository\org\mockito\mockito-junit-jupiter\5.11.0\mockito-junit-jupiter-5.11.0.jar;C:\Users\Parnian\.m2\repository\org\skyscreamer\jsonassert\1.5.1\jsonassert-1.5.1.jar;C:\Users\Parnian\.m2\repository\com\vaadin\external\google\android-json\0.0.20131108.vaadin1\android-json-0.0.20131108.vaadin1.jar;C:\Users\Parnian\.m2\repository\org\springframework\spring-core\6.1.10\spring-core-6.1.10.jar;C:\Users\Parnian\.m2\repository\org\springframework\spring-jcl\6.1.10\spring-jcl-6.1.10.jar;C:\Users\Parnian\.m2\repository\org\springframework\spring-test\6.1.10\spring-test-6.1.10.jar;C:\Users\Parnian\.m2\repository\org\xmlunit\xmlunit-core\2.9.1\xmlunit-core-2.9.1.jar;C:\Users\Parnian\.m2\repository\org\springframework\security\spring-security-test\6.3.1\spring-security-test-6.3.1.jar;C:\Users\Parnian\.m2\repository\org\springframework\security\spring-security-core\6.3.1\spring-security-core-6.3.1.jar;C:\Users\Parnian\.m2\repository\org\springframework\security\spring-security-crypto\6.3.1\spring-security-crypto-6.3.1.jar;C:\Users\Parnian\.m2\repository\org\jetbrains\annotations\26.0.2\annotations-26.0.2.jar;"/>
    <property name="sun.cpu.endian" value="little"/>
    <property name="user.home" value="C:\Users\Parnian"/>
    <property name="user.language" value="en"/>
    <property name="java.specification.vendor" value="Oracle Corporation"/>
    <property name="java.version.date" value="2024-10-15"/>
    <property name="java.home" value="C:\Program Files\Java\jdk-23"/>
    <property name="file.separator" value="\"/>
    <property name="basedir" value="D:\ChiDaram App\chi_daram"/>
    <property name="java.vm.compressedOopsMode" value="32-bit"/>
    <property name="line.separator" value="&#10;"/>
    <property name="java.vm.specification.vendor" value="Oracle Corporation"/>
    <property name="java.specification.name" value="Java Platform API Specification"/>
    <property name="FILE_LOG_CHARSET" value="UTF-8"/>
    <property name="java.awt.headless" value="true"/>
    <property name="surefire.real.class.path" value="C:\Users\Parnian\AppData\Local\Temp\surefire12930389894133816043\surefirebooter-20250824113208435_3.jar"/>
    <property name="user.script" value=""/>
    <property name="sun.management.compiler" value="HotSpot 64-Bit Tiered Compilers"/>
    <property name="java.runtime.version" value="23.0.1+11-39"/>
    <property name="user.name" value="Parnian"/>
    <property name="stdout.encoding" value="Cp1252"/>
    <property name="path.separator" value=";"/>
    <property name="os.version" value="10.0"/>
    <property name="java.runtime.name" value="Java(TM) SE Runtime Environment"/>
    <property name="file.encoding" value="UTF-8"/>
    <property name="java.vm.name" value="Java HotSpot(TM) 64-Bit Server VM"/>
    <property name="localRepository" value="C:\Users\Parnian\.m2\repository"/>
    <property name="java.vendor.url.bug" value="https://bugreport.java.com/bugreport/"/>
    <property name="java.io.tmpdir" value="C:\Users\Parnian\AppData\Local\Temp\"/>
    <property name="com.zaxxer.hikari.pool_number" value="3"/>
    <property name="java.version" value="23.0.1"/>
    <property name="user.dir" value="D:\ChiDaram App\chi_daram"/>
    <property name="os.arch" value="amd64"/>
    <property name="java.vm.specification.name" value="Java Virtual Machine Specification"/>
    <property name="PID" value="1188"/>
    <property name="sun.os.patch.level" value=""/>
    <property name="CONSOLE_LOG_CHARSET" value="UTF-8"/>
    <property name="native.encoding" value="Cp1252"/>
    <property name="java.library.path" value="C:\Program Files\Java\jdk-23\bin;C:\Windows\Sun\Java\bin;C:\Windows\system32;C:\Windows;C:\Program Files\Common Files\Oracle\Java\javapath;C:\Windows;C:\Windows\System32\Wbem;C:\Windows\System32\WindowsPowerShell\v1.0\;C:\Windows\System32\OpenSSH\;C:\Program Files\Microsoft VS Code\bin;C:\Program Files\dotnet\;C:\Program Files (x86)\Microsoft SQL Server\160\DTS\Binn\;C:\Program Files (x86)\Microsoft SQL Server\160\Tools\Binn\;C:\Program Files\Microsoft SQL Server\160\Tools\Binn\;C:\Program Files\Microsoft SQL Server\Client SDK\ODBC\170\Tools\Binn\;C:\Program Files\Microsoft SQL Server\160\DTS\Binn\;C:\Program Files\Java\jdk-16.0.2+7;C:\Users\Parnian\Downloads\python-3.13.1-amd64;C:\Program Files\Java\jdk-23\bin;D:\postqree\bin\psql.exe;C:\Users\Parnian\Downloads\hibernate-types-52-2.10.0.jar;C:\Users\Parnian\Downloads\apache-maven-3.9.9-bin\apache-maven-3.9.9\bin;C:\Program Files\Git\cmd;C:\Program Files (x86)\Microsoft SQL Server\100\Tools\Binn\;C:\Program Files\Microsoft SQL Server\100\Tools\Binn\;C:\Program Files\Microsoft SQL Server\100\DTS\Binn\;C:\Program Files (x86)\Microsoft SQL Server\100\Tools\Binn\VSShell\Common7\IDE\;C:\Program Files (x86)\Microsoft SQL Server\100\DTS\Binn\;C:\Users\Parnian\Downloads\apache-maven-3.9.10-bin\apache-maven-3.9.10\bin;D:\src\flutter\bin;;C:\Program Files\Docker\Docker\resources\bin;C:\Program Files\nodejs\;C:\Users\Parnian\AppData\Local\Programs\Python\Python313\Scripts\;C:\Users\Parnian\AppData\Local\Programs\Python\Python313\;C:\Users\Parnian\AppData\Local\Programs\Python\Launcher\;C:\Users\Parnian\AppData\Local\Microsoft\WindowsApps;%IntelliJ IDEA Community Edition%;C:\Users\Parnian\AppData\Local\Programs\Microsoft VS Code\bin;C:\Windows\System32;D:\project\IntelliJ IDEA 2025.2\bin;C:\Users\Parnian\AppData\Roaming\npm;."/>
    <property name="java.vm.info" value="mixed mode, sharing"/>
    <property name="stderr.encoding" value="Cp1252"/>
    <property name="java.vendor" value="Oracle Corporation"/>
    <property name="java.vm.version" value="23.0.1+11-39"/>
    <property name="sun.io.unicode.encoding" value="UnicodeLittle"/>
    <property name="java.class.version" value="67.0"/>
    <property name="LOGGED_APPLICATION_NAME" value="[ChiDaram App] "/>
  </properties>
  <testcase name="testGetAllUsers" classname="com.example.chi_daram.service.UserControllerIntegrationTest" time="1.407">
    <system-out><![CDATA[
  .   ____          _            __ _ _
 /\\ / ___'_ __ _ _(_)_ __  __ _ \ \ \ \
( ( )\___ | '_ | '_| | '_ \/ _` | \ \ \ \
 \\/  ___)| |_)| | | | | || (_| |  ) ) ) )
  '  |____| .__|_| |_|_| |_\__, | / / / /
 =========|_|==============|___/=/_/_/_/

 :: Spring Boot ::                (v3.3.1)

2025-08-24T11:33:10.336+03:30  INFO 1188 --- [ChiDaram App] [           main] c.e.c.s.UserControllerIntegrationTest    : Starting UserControllerIntegrationTest using Java 23.0.1 with PID 1188 (started by Parnian in D:\ChiDaram App\chi_daram)
2025-08-24T11:33:10.337+03:30  INFO 1188 --- [ChiDaram App] [           main] c.e.c.s.UserControllerIntegrationTest    : The following 1 profile is active: "prod"
2025-08-24T11:33:13.388+03:30 DEBUG 1188 --- [ChiDaram App] [           main] j.LocalContainerEntityManagerFactoryBean : Building JPA container EntityManagerFactory for persistence unit 'default'
2025-08-24T11:33:13.389+03:30 DEBUG 1188 --- [ChiDaram App] [           main] o.hibernate.jpa.internal.util.LogHelper  : PersistenceUnitInfo [
	name: default
	persistence provider classname: null
	classloader: jdk.internal.loader.ClassLoaders$AppClassLoader@70dea4e
	excludeUnlistedClasses: true
	JTA datasource: null
	Non JTA datasource: HikariDataSource (null)
	Transaction type: RESOURCE_LOCAL
	PU root URL: file:/D:/ChiDaram%20App/chi_daram/target/test-classes/
	Shared Cache Mode: UNSPECIFIED
	Validation Mode: AUTO
	Jar files URLs []
	Managed classes names [
		com.example.chi_daram.entity.Categorylevel1
		com.example.chi_daram.entity.Categorylevel2
		com.example.chi_daram.entity.Decreasedocument
		com.example.chi_daram.entity.Decreasedocumentrow
		com.example.chi_daram.entity.Decreasedocumenttype
		com.example.chi_daram.entity.Dynamicfields
		com.example.chi_daram.entity.Increasedocument
		com.example.chi_daram.entity.Increasedocumentrow
		com.example.chi_daram.entity.Increasedocumenttype
		com.example.chi_daram.entity.Item
		com.example.chi_daram.entity.ItemStatus
		com.example.chi_daram.entity.User]
	Mapping files names []
	Properties []
2025-08-24T11:33:13.391+03:30 DEBUG 1188 --- [ChiDaram App] [           main] o.h.i.internal.IntegratorServiceImpl     : Adding Integrator [org.hibernate.boot.beanvalidation.BeanValidationIntegrator].
2025-08-24T11:33:13.392+03:30 DEBUG 1188 --- [ChiDaram App] [           main] o.h.i.internal.IntegratorServiceImpl     : Adding Integrator [org.hibernate.cache.internal.CollectionCacheInvalidator].
2025-08-24T11:33:13.412+03:30 DEBUG 1188 --- [ChiDaram App] [           main] org.hibernate.orm.idgen.factory          : Registering IdentifierGenerator strategy [uuid2] -> [org.hibernate.id.UUIDGenerator]
2025-08-24T11:33:13.412+03:30 DEBUG 1188 --- [ChiDaram App] [           main] org.hibernate.orm.idgen.factory          : Registering IdentifierGenerator strategy [guid] -> [org.hibernate.id.GUIDGenerator]
2025-08-24T11:33:13.412+03:30 DEBUG 1188 --- [ChiDaram App] [           main] org.hibernate.orm.idgen.factory          : Registering IdentifierGenerator strategy [uuid] -> [org.hibernate.id.UUIDHexGenerator]
2025-08-24T11:33:13.412+03:30 DEBUG 1188 --- [ChiDaram App] [           main] org.hibernate.orm.idgen.factory          : Registering IdentifierGenerator strategy [uuid.hex] -> [org.hibernate.id.UUIDHexGenerator]
2025-08-24T11:33:13.419+03:30 DEBUG 1188 --- [ChiDaram App] [           main] org.hibernate.orm.idgen.factory          : Registering IdentifierGenerator strategy [assigned] -> [org.hibernate.id.Assigned]
2025-08-24T11:33:13.419+03:30 DEBUG 1188 --- [ChiDaram App] [           main] org.hibernate.orm.idgen.factory          : Registering IdentifierGenerator strategy [identity] -> [org.hibernate.id.IdentityGenerator]
2025-08-24T11:33:13.419+03:30 DEBUG 1188 --- [ChiDaram App] [           main] org.hibernate.orm.idgen.factory          : Registering IdentifierGenerator strategy [select] -> [org.hibernate.id.SelectGenerator]
2025-08-24T11:33:13.420+03:30 DEBUG 1188 --- [ChiDaram App] [           main] org.hibernate.orm.idgen.factory          : Registering IdentifierGenerator strategy [sequence] -> [org.hibernate.id.enhanced.SequenceStyleGenerator]
2025-08-24T11:33:13.420+03:30 DEBUG 1188 --- [ChiDaram App] [           main] org.hibernate.orm.idgen.factory          : Registering IdentifierGenerator strategy [increment] -> [org.hibernate.id.IncrementGenerator]
2025-08-24T11:33:13.421+03:30 DEBUG 1188 --- [ChiDaram App] [           main] org.hibernate.orm.idgen.factory          : Registering IdentifierGenerator strategy [foreign] -> [org.hibernate.id.ForeignGenerator]
2025-08-24T11:33:13.421+03:30 DEBUG 1188 --- [ChiDaram App] [           main] org.hibernate.orm.idgen.factory          : Registering IdentifierGenerator strategy [enhanced-sequence] -> [org.hibernate.id.enhanced.SequenceStyleGenerator]
2025-08-24T11:33:13.421+03:30 DEBUG 1188 --- [ChiDaram App] [           main] org.hibernate.orm.idgen.factory          : Registering IdentifierGenerator strategy [enhanced-table] -> [org.hibernate.id.enhanced.TableGenerator]
2025-08-24T11:33:13.423+03:30 DEBUG 1188 --- [ChiDaram App] [           main] o.h.c.internal.RegionFactoryInitiator    : Cannot default RegionFactory based on registered strategies as `[]` RegionFactory strategies were registered
2025-08-24T11:33:13.424+03:30  INFO 1188 --- [ChiDaram App] [           main] o.h.c.internal.RegionFactoryInitiator    : HHH000026: Second-level cache disabled
2025-08-24T11:33:13.427+03:30 DEBUG 1188 --- [ChiDaram App] [           main] org.hibernate.type.BasicTypeRegistry     : Adding type registration boolean -> org.hibernate.type.BasicTypeReference@35ab4260
2025-08-24T11:33:13.428+03:30 DEBUG 1188 --- [ChiDaram App] [           main] org.hibernate.type.BasicTypeRegistry     : Adding type registration boolean -> org.hibernate.type.BasicTypeReference@35ab4260
2025-08-24T11:33:13.429+03:30 DEBUG 1188 --- [ChiDaram App] [           main] org.hibernate.type.BasicTypeRegistry     : Adding type registration java.lang.Boolean -> org.hibernate.type.BasicTypeReference@35ab4260
2025-08-24T11:33:13.429+03:30 DEBUG 1188 --- [ChiDaram App] [           main] org.hibernate.type.BasicTypeRegistry     : Adding type registration numeric_boolean -> org.hibernate.type.BasicTypeReference@76134b9b
2025-08-24T11:33:13.429+03:30 DEBUG 1188 --- [ChiDaram App] [           main] org.hibernate.type.BasicTypeRegistry     : Adding type registration org.hibernate.type.NumericBooleanConverter -> org.hibernate.type.BasicTypeReference@76134b9b
2025-08-24T11:33:13.429+03:30 DEBUG 1188 --- [ChiDaram App] [           main] org.hibernate.type.BasicTypeRegistry     : Adding type registration true_false -> org.hibernate.type.BasicTypeReference@38667005
2025-08-24T11:33:13.429+03:30 DEBUG 1188 --- [ChiDaram App] [           main] org.hibernate.type.BasicTypeRegistry     : Adding type registration org.hibernate.type.TrueFalseConverter -> org.hibernate.type.BasicTypeReference@38667005
2025-08-24T11:33:13.429+03:30 DEBUG 1188 --- [ChiDaram App] [           main] org.hibernate.type.BasicTypeRegistry     : Adding type registration yes_no -> org.hibernate.type.BasicTypeReference@7ee64b53
2025-08-24T11:33:13.429+03:30 DEBUG 1188 --- [ChiDaram App] [           main] org.hibernate.type.BasicTypeRegistry     : Adding type registration org.hibernate.type.YesNoConverter -> org.hibernate.type.BasicTypeReference@7ee64b53
2025-08-24T11:33:13.430+03:30 DEBUG 1188 --- [ChiDaram App] [           main] org.hibernate.type.BasicTypeRegistry     : Adding type registration byte -> org.hibernate.type.BasicTypeReference@1131aead
2025-08-24T11:33:13.430+03:30 DEBUG 1188 --- [ChiDaram App] [           main] org.hibernate.type.BasicTypeRegistry     : Adding type registration byte -> org.hibernate.type.BasicTypeReference@1131aead
2025-08-24T11:33:13.430+03:30 DEBUG 1188 --- [ChiDaram App] [           main] org.hibernate.type.BasicTypeRegistry     : Adding type registration java.lang.Byte -> org.hibernate.type.BasicTypeReference@1131aead
2025-08-24T11:33:13.430+03:30 DEBUG 1188 --- [ChiDaram App] [           main] org.hibernate.type.BasicTypeRegistry     : Adding type registration binary -> org.hibernate.type.BasicTypeReference@7d126083
2025-08-24T11:33:13.430+03:30 DEBUG 1188 --- [ChiDaram App] [           main] org.hibernate.type.BasicTypeRegistry     : Adding type registration byte[] -> org.hibernate.type.BasicTypeReference@7d126083
2025-08-24T11:33:13.430+03:30 DEBUG 1188 --- [ChiDaram App] [           main] org.hibernate.type.BasicTypeRegistry     : Adding type registration [B -> org.hibernate.type.BasicTypeReference@7d126083
2025-08-24T11:33:13.430+03:30 DEBUG 1188 --- [ChiDaram App] [           main] org.hibernate.type.BasicTypeRegistry     : Adding type registration binary_wrapper -> org.hibernate.type.BasicTypeReference@76ffc17c
2025-08-24T11:33:13.430+03:30 DEBUG 1188 --- [ChiDaram App] [           main] org.hibernate.type.BasicTypeRegistry     : Adding type registration wrapper-binary -> org.hibernate.type.BasicTypeReference@76ffc17c
2025-08-24T11:33:13.430+03:30 DEBUG 1188 --- [ChiDaram App] [           main] org.hibernate.type.BasicTypeRegistry     : Adding type registration image -> org.hibernate.type.BasicTypeReference@3a8fb023
2025-08-24T11:33:13.431+03:30 DEBUG 1188 --- [ChiDaram App] [           main] org.hibernate.type.BasicTypeRegistry     : Adding type registration blob -> org.hibernate.type.BasicTypeReference@26d73519
2025-08-24T11:33:13.431+03:30 DEBUG 1188 --- [ChiDaram App] [           main] org.hibernate.type.BasicTypeRegistry     : Adding type registration java.sql.Blob -> org.hibernate.type.BasicTypeReference@26d73519
2025-08-24T11:33:13.431+03:30 DEBUG 1188 --- [ChiDaram App] [           main] org.hibernate.type.BasicTypeRegistry     : Adding type registration materialized_blob -> org.hibernate.type.BasicTypeReference@48af5f38
2025-08-24T11:33:13.431+03:30 DEBUG 1188 --- [ChiDaram App] [           main] org.hibernate.type.BasicTypeRegistry     : Adding type registration materialized_blob_wrapper -> org.hibernate.type.BasicTypeReference@40538370
2025-08-24T11:33:13.431+03:30 DEBUG 1188 --- [ChiDaram App] [           main] org.hibernate.type.BasicTypeRegistry     : Adding type registration short -> org.hibernate.type.BasicTypeReference@71a2df1
2025-08-24T11:33:13.432+03:30 DEBUG 1188 --- [ChiDaram App] [           main] org.hibernate.type.BasicTypeRegistry     : Adding type registration short -> org.hibernate.type.BasicTypeReference@71a2df1
2025-08-24T11:33:13.432+03:30 DEBUG 1188 --- [ChiDaram App] [           main] org.hibernate.type.BasicTypeRegistry     : Adding type registration java.lang.Short -> org.hibernate.type.BasicTypeReference@71a2df1
2025-08-24T11:33:13.432+03:30 DEBUG 1188 --- [ChiDaram App] [           main] org.hibernate.type.BasicTypeRegistry     : Adding type registration integer -> org.hibernate.type.BasicTypeReference@18faaff6
2025-08-24T11:33:13.433+03:30 DEBUG 1188 --- [ChiDaram App] [           main] org.hibernate.type.BasicTypeRegistry     : Adding type registration int -> org.hibernate.type.BasicTypeReference@18faaff6
2025-08-24T11:33:13.433+03:30 DEBUG 1188 --- [ChiDaram App] [           main] org.hibernate.type.BasicTypeRegistry     : Adding type registration java.lang.Integer -> org.hibernate.type.BasicTypeReference@18faaff6
2025-08-24T11:33:13.433+03:30 DEBUG 1188 --- [ChiDaram App] [           main] org.hibernate.type.BasicTypeRegistry     : Adding type registration long -> org.hibernate.type.BasicTypeReference@2a9e754e
2025-08-24T11:33:13.433+03:30 DEBUG 1188 --- [ChiDaram App] [           main] org.hibernate.type.BasicTypeRegistry     : Adding type registration long -> org.hibernate.type.BasicTypeReference@2a9e754e
2025-08-24T11:33:13.434+03:30 DEBUG 1188 --- [ChiDaram App] [           main] org.hibernate.type.BasicTypeRegistry     : Adding type registration java.lang.Long -> org.hibernate.type.BasicTypeReference@2a9e754e
2025-08-24T11:33:13.434+03:30 DEBUG 1188 --- [ChiDaram App] [           main] org.hibernate.type.BasicTypeRegistry     : Adding type registration float -> org.hibernate.type.BasicTypeReference@760a2b6e
2025-08-24T11:33:13.434+03:30 DEBUG 1188 --- [ChiDaram App] [           main] org.hibernate.type.BasicTypeRegistry     : Adding type registration float -> org.hibernate.type.BasicTypeReference@760a2b6e
2025-08-24T11:33:13.434+03:30 DEBUG 1188 --- [ChiDaram App] [           main] org.hibernate.type.BasicTypeRegistry     : Adding type registration java.lang.Float -> org.hibernate.type.BasicTypeReference@760a2b6e
2025-08-24T11:33:13.435+03:30 DEBUG 1188 --- [ChiDaram App] [           main] org.hibernate.type.BasicTypeRegistry     : Adding type registration double -> org.hibernate.type.BasicTypeReference@20a9f5fb
2025-08-24T11:33:13.435+03:30 DEBUG 1188 --- [ChiDaram App] [           main] org.hibernate.type.BasicTypeRegistry     : Adding type registration double -> org.hibernate.type.BasicTypeReference@20a9f5fb
2025-08-24T11:33:13.435+03:30 DEBUG 1188 --- [ChiDaram App] [           main] org.hibernate.type.BasicTypeRegistry     : Adding type registration java.lang.Double -> org.hibernate.type.BasicTypeReference@20a9f5fb
2025-08-24T11:33:13.436+03:30 DEBUG 1188 --- [ChiDaram App] [           main] org.hibernate.type.BasicTypeRegistry     : Adding type registration big_integer -> org.hibernate.type.BasicTypeReference@6d617b07
2025-08-24T11:33:13.437+03:30 DEBUG 1188 --- [ChiDaram App] [           main] org.hibernate.type.BasicTypeRegistry     : Adding type registration java.math.BigInteger -> org.hibernate.type.BasicTypeReference@6d617b07
2025-08-24T11:33:13.438+03:30 DEBUG 1188 --- [ChiDaram App] [           main] org.hibernate.type.BasicTypeRegistry     : Adding type registration big_decimal -> org.hibernate.type.BasicTypeReference@340c57e0
2025-08-24T11:33:13.439+03:30 DEBUG 1188 --- [ChiDaram App] [           main] org.hibernate.type.BasicTypeRegistry     : Adding type registration java.math.BigDecimal -> org.hibernate.type.BasicTypeReference@340c57e0
2025-08-24T11:33:13.440+03:30 DEBUG 1188 --- [ChiDaram App] [           main] org.hibernate.type.BasicTypeRegistry     : Adding type registration character -> org.hibernate.type.BasicTypeReference@137a4b54
2025-08-24T11:33:13.440+03:30 DEBUG 1188 --- [ChiDaram App] [           main] org.hibernate.type.BasicTypeRegistry     : Adding type registration char -> org.hibernate.type.BasicTypeReference@137a4b54
2025-08-24T11:33:13.440+03:30 DEBUG 1188 --- [ChiDaram App] [           main] org.hibernate.type.BasicTypeRegistry     : Adding type registration java.lang.Character -> org.hibernate.type.BasicTypeReference@137a4b54
2025-08-24T11:33:13.440+03:30 DEBUG 1188 --- [ChiDaram App] [           main] org.hibernate.type.BasicTypeRegistry     : Adding type registration character_nchar -> org.hibernate.type.BasicTypeReference@7c9372ed
2025-08-24T11:33:13.440+03:30 DEBUG 1188 --- [ChiDaram App] [           main] org.hibernate.type.BasicTypeRegistry     : Adding type registration string -> org.hibernate.type.BasicTypeReference@1acc873b
2025-08-24T11:33:13.441+03:30 DEBUG 1188 --- [ChiDaram App] [           main] org.hibernate.type.BasicTypeRegistry     : Adding type registration java.lang.String -> org.hibernate.type.BasicTypeReference@1acc873b
2025-08-24T11:33:13.441+03:30 DEBUG 1188 --- [ChiDaram App] [           main] org.hibernate.type.BasicTypeRegistry     : Adding type registration nstring -> org.hibernate.type.BasicTypeReference@4ca970d5
2025-08-24T11:33:13.441+03:30 DEBUG 1188 --- [ChiDaram App] [           main] org.hibernate.type.BasicTypeRegistry     : Adding type registration characters -> org.hibernate.type.BasicTypeReference@dc8b2ff
2025-08-24T11:33:13.441+03:30 DEBUG 1188 --- [ChiDaram App] [           main] org.hibernate.type.BasicTypeRegistry     : Adding type registration char[] -> org.hibernate.type.BasicTypeReference@dc8b2ff
2025-08-24T11:33:13.441+03:30 DEBUG 1188 --- [ChiDaram App] [           main] org.hibernate.type.BasicTypeRegistry     : Adding type registration [C -> org.hibernate.type.BasicTypeReference@dc8b2ff
2025-08-24T11:33:13.441+03:30 DEBUG 1188 --- [ChiDaram App] [           main] org.hibernate.type.BasicTypeRegistry     : Adding type registration wrapper-characters -> org.hibernate.type.BasicTypeReference@6a2badb1
2025-08-24T11:33:13.441+03:30 DEBUG 1188 --- [ChiDaram App] [           main] org.hibernate.type.BasicTypeRegistry     : Adding type registration text -> org.hibernate.type.BasicTypeReference@14201a90
2025-08-24T11:33:13.442+03:30 DEBUG 1188 --- [ChiDaram App] [           main] org.hibernate.type.BasicTypeRegistry     : Adding type registration ntext -> org.hibernate.type.BasicTypeReference@1308ef19
2025-08-24T11:33:13.442+03:30 DEBUG 1188 --- [ChiDaram App] [           main] org.hibernate.type.BasicTypeRegistry     : Adding type registration clob -> org.hibernate.type.BasicTypeReference@5b1ff8cd
2025-08-24T11:33:13.442+03:30 DEBUG 1188 --- [ChiDaram App] [           main] org.hibernate.type.BasicTypeRegistry     : Adding type registration java.sql.Clob -> org.hibernate.type.BasicTypeReference@5b1ff8cd
2025-08-24T11:33:13.442+03:30 DEBUG 1188 --- [ChiDaram App] [           main] org.hibernate.type.BasicTypeRegistry     : Adding type registration nclob -> org.hibernate.type.BasicTypeReference@6cee903a
2025-08-24T11:33:13.442+03:30 DEBUG 1188 --- [ChiDaram App] [           main] org.hibernate.type.BasicTypeRegistry     : Adding type registration java.sql.NClob -> org.hibernate.type.BasicTypeReference@6cee903a
2025-08-24T11:33:13.443+03:30 DEBUG 1188 --- [ChiDaram App] [           main] org.hibernate.type.BasicTypeRegistry     : Adding type registration materialized_clob -> org.hibernate.type.BasicTypeReference@780ee3ad
2025-08-24T11:33:13.443+03:30 DEBUG 1188 --- [ChiDaram App] [           main] org.hibernate.type.BasicTypeRegistry     : Adding type registration materialized_clob_char_array -> org.hibernate.type.BasicTypeReference@2c2aab92
2025-08-24T11:33:13.443+03:30 DEBUG 1188 --- [ChiDaram App] [           main] org.hibernate.type.BasicTypeRegistry     : Adding type registration materialized_clob_character_array -> org.hibernate.type.BasicTypeReference@857f74a
2025-08-24T11:33:13.443+03:30 DEBUG 1188 --- [ChiDaram App] [           main] org.hibernate.type.BasicTypeRegistry     : Adding type registration materialized_nclob -> org.hibernate.type.BasicTypeReference@10a0d93a
2025-08-24T11:33:13.443+03:30 DEBUG 1188 --- [ChiDaram App] [           main] org.hibernate.type.BasicTypeRegistry     : Adding type registration materialized_nclob_character_array -> org.hibernate.type.BasicTypeReference@1f3c5308
2025-08-24T11:33:13.443+03:30 DEBUG 1188 --- [ChiDaram App] [           main] org.hibernate.type.BasicTypeRegistry     : Adding type registration materialized_nclob_char_array -> org.hibernate.type.BasicTypeReference@66b31d46
2025-08-24T11:33:13.444+03:30 DEBUG 1188 --- [ChiDaram App] [           main] org.hibernate.type.BasicTypeRegistry     : Adding type registration Duration -> org.hibernate.type.BasicTypeReference@51e94b7d
2025-08-24T11:33:13.444+03:30 DEBUG 1188 --- [ChiDaram App] [           main] org.hibernate.type.BasicTypeRegistry     : Adding type registration java.time.Duration -> org.hibernate.type.BasicTypeReference@51e94b7d
2025-08-24T11:33:13.444+03:30 DEBUG 1188 --- [ChiDaram App] [           main] org.hibernate.type.BasicTypeRegistry     : Adding type registration LocalDateTime -> org.hibernate.type.BasicTypeReference@47162173
2025-08-24T11:33:13.444+03:30 DEBUG 1188 --- [ChiDaram App] [           main] org.hibernate.type.BasicTypeRegistry     : Adding type registration java.time.LocalDateTime -> org.hibernate.type.BasicTypeReference@47162173
2025-08-24T11:33:13.445+03:30 DEBUG 1188 --- [ChiDaram App] [           main] org.hibernate.type.BasicTypeRegistry     : Adding type registration LocalDate -> org.hibernate.type.BasicTypeReference@3a4f8e8a
2025-08-24T11:33:13.445+03:30 DEBUG 1188 --- [ChiDaram App] [           main] org.hibernate.type.BasicTypeRegistry     : Adding type registration java.time.LocalDate -> org.hibernate.type.BasicTypeReference@3a4f8e8a
2025-08-24T11:33:13.445+03:30 DEBUG 1188 --- [ChiDaram App] [           main] org.hibernate.type.BasicTypeRegistry     : Adding type registration LocalTime -> org.hibernate.type.BasicTypeReference@4468fda8
2025-08-24T11:33:13.445+03:30 DEBUG 1188 --- [ChiDaram App] [           main] org.hibernate.type.BasicTypeRegistry     : Adding type registration java.time.LocalTime -> org.hibernate.type.BasicTypeReference@4468fda8
2025-08-24T11:33:13.445+03:30 DEBUG 1188 --- [ChiDaram App] [           main] org.hibernate.type.BasicTypeRegistry     : Adding type registration OffsetDateTime -> org.hibernate.type.BasicTypeReference@5fc1e4fb
2025-08-24T11:33:13.445+03:30 DEBUG 1188 --- [ChiDaram App] [           main] org.hibernate.type.BasicTypeRegistry     : Adding type registration java.time.OffsetDateTime -> org.hibernate.type.BasicTypeReference@5fc1e4fb
2025-08-24T11:33:13.446+03:30 DEBUG 1188 --- [ChiDaram App] [           main] org.hibernate.type.BasicTypeRegistry     : Adding type registration OffsetDateTimeWithTimezone -> org.hibernate.type.BasicTypeReference@29aa4bc9
2025-08-24T11:33:13.446+03:30 DEBUG 1188 --- [ChiDaram App] [           main] org.hibernate.type.BasicTypeRegistry     : Adding type registration OffsetDateTimeWithoutTimezone -> org.hibernate.type.BasicTypeReference@6fd7aba8
2025-08-24T11:33:13.446+03:30 DEBUG 1188 --- [ChiDaram App] [           main] org.hibernate.type.BasicTypeRegistry     : Adding type registration OffsetTime -> org.hibernate.type.BasicTypeReference@6c519e47
2025-08-24T11:33:13.446+03:30 DEBUG 1188 --- [ChiDaram App] [           main] org.hibernate.type.BasicTypeRegistry     : Adding type registration java.time.OffsetTime -> org.hibernate.type.BasicTypeReference@6c519e47
2025-08-24T11:33:13.446+03:30 DEBUG 1188 --- [ChiDaram App] [           main] org.hibernate.type.BasicTypeRegistry     : Adding type registration OffsetTimeUtc -> org.hibernate.type.BasicTypeReference@3ce7490a
2025-08-24T11:33:13.446+03:30 DEBUG 1188 --- [ChiDaram App] [           main] org.hibernate.type.BasicTypeRegistry     : Adding type registration OffsetTimeWithTimezone -> org.hibernate.type.BasicTypeReference@4768b95c
2025-08-24T11:33:13.447+03:30 DEBUG 1188 --- [ChiDaram App] [           main] org.hibernate.type.BasicTypeRegistry     : Adding type registration OffsetTimeWithoutTimezone -> org.hibernate.type.BasicTypeReference@1530d0f2
2025-08-24T11:33:13.447+03:30 DEBUG 1188 --- [ChiDaram App] [           main] org.hibernate.type.BasicTypeRegistry     : Adding type registration ZonedDateTime -> org.hibernate.type.BasicTypeReference@7573c7b5
2025-08-24T11:33:13.447+03:30 DEBUG 1188 --- [ChiDaram App] [           main] org.hibernate.type.BasicTypeRegistry     : Adding type registration java.time.ZonedDateTime -> org.hibernate.type.BasicTypeReference@7573c7b5
2025-08-24T11:33:13.447+03:30 DEBUG 1188 --- [ChiDaram App] [           main] org.hibernate.type.BasicTypeRegistry     : Adding type registration ZonedDateTimeWithTimezone -> org.hibernate.type.BasicTypeReference@73da7f08
2025-08-24T11:33:13.447+03:30 DEBUG 1188 --- [ChiDaram App] [           main] org.hibernate.type.BasicTypeRegistry     : Adding type registration ZonedDateTimeWithoutTimezone -> org.hibernate.type.BasicTypeReference@717a8a76
2025-08-24T11:33:13.447+03:30 DEBUG 1188 --- [ChiDaram App] [           main] org.hibernate.type.BasicTypeRegistry     : Adding type registration date -> org.hibernate.type.BasicTypeReference@62de73eb
2025-08-24T11:33:13.448+03:30 DEBUG 1188 --- [ChiDaram App] [           main] org.hibernate.type.BasicTypeRegistry     : Adding type registration java.sql.Date -> org.hibernate.type.BasicTypeReference@62de73eb
2025-08-24T11:33:13.448+03:30 DEBUG 1188 --- [ChiDaram App] [           main] org.hibernate.type.BasicTypeRegistry     : Adding type registration time -> org.hibernate.type.BasicTypeReference@97b5e6a
2025-08-24T11:33:13.448+03:30 DEBUG 1188 --- [ChiDaram App] [           main] org.hibernate.type.BasicTypeRegistry     : Adding type registration java.sql.Time -> org.hibernate.type.BasicTypeReference@97b5e6a
2025-08-24T11:33:13.448+03:30 DEBUG 1188 --- [ChiDaram App] [           main] org.hibernate.type.BasicTypeRegistry     : Adding type registration timestamp -> org.hibernate.type.BasicTypeReference@29f95272
2025-08-24T11:33:13.448+03:30 DEBUG 1188 --- [ChiDaram App] [           main] org.hibernate.type.BasicTypeRegistry     : Adding type registration java.sql.Timestamp -> org.hibernate.type.BasicTypeReference@29f95272
2025-08-24T11:33:13.448+03:30 DEBUG 1188 --- [ChiDaram App] [           main] org.hibernate.type.BasicTypeRegistry     : Adding type registration java.util.Date -> org.hibernate.type.BasicTypeReference@29f95272
2025-08-24T11:33:13.448+03:30 DEBUG 1188 --- [ChiDaram App] [           main] org.hibernate.type.BasicTypeRegistry     : Adding type registration calendar -> org.hibernate.type.BasicTypeReference@c754401
2025-08-24T11:33:13.448+03:30 DEBUG 1188 --- [ChiDaram App] [           main] org.hibernate.type.BasicTypeRegistry     : Adding type registration java.util.Calendar -> org.hibernate.type.BasicTypeReference@c754401
2025-08-24T11:33:13.449+03:30 DEBUG 1188 --- [ChiDaram App] [           main] org.hibernate.type.BasicTypeRegistry     : Adding type registration java.util.GregorianCalendar -> org.hibernate.type.BasicTypeReference@c754401
2025-08-24T11:33:13.450+03:30 DEBUG 1188 --- [ChiDaram App] [           main] org.hibernate.type.BasicTypeRegistry     : Adding type registration calendar_date -> org.hibernate.type.BasicTypeReference@1da53f4f
2025-08-24T11:33:13.450+03:30 DEBUG 1188 --- [ChiDaram App] [           main] org.hibernate.type.BasicTypeRegistry     : Adding type registration calendar_time -> org.hibernate.type.BasicTypeReference@2df71be0
2025-08-24T11:33:13.450+03:30 DEBUG 1188 --- [ChiDaram App] [           main] org.hibernate.type.BasicTypeRegistry     : Adding type registration instant -> org.hibernate.type.BasicTypeReference@b841713
2025-08-24T11:33:13.450+03:30 DEBUG 1188 --- [ChiDaram App] [           main] org.hibernate.type.BasicTypeRegistry     : Adding type registration java.time.Instant -> org.hibernate.type.BasicTypeReference@b841713
2025-08-24T11:33:13.451+03:30 DEBUG 1188 --- [ChiDaram App] [           main] org.hibernate.type.BasicTypeRegistry     : Adding type registration uuid -> org.hibernate.type.BasicTypeReference@3fef1e6b
2025-08-24T11:33:13.451+03:30 DEBUG 1188 --- [ChiDaram App] [           main] org.hibernate.type.BasicTypeRegistry     : Adding type registration java.util.UUID -> org.hibernate.type.BasicTypeReference@3fef1e6b
2025-08-24T11:33:13.451+03:30 DEBUG 1188 --- [ChiDaram App] [           main] org.hibernate.type.BasicTypeRegistry     : Adding type registration pg-uuid -> org.hibernate.type.BasicTypeReference@3fef1e6b
2025-08-24T11:33:13.451+03:30 DEBUG 1188 --- [ChiDaram App] [           main] org.hibernate.type.BasicTypeRegistry     : Adding type registration uuid-binary -> org.hibernate.type.BasicTypeReference@4fee14b
2025-08-24T11:33:13.452+03:30 DEBUG 1188 --- [ChiDaram App] [           main] org.hibernate.type.BasicTypeRegistry     : Adding type registration uuid-char -> org.hibernate.type.BasicTypeReference@11c3d22f
2025-08-24T11:33:13.453+03:30 DEBUG 1188 --- [ChiDaram App] [           main] org.hibernate.type.BasicTypeRegistry     : Adding type registration class -> org.hibernate.type.BasicTypeReference@3a54638b
2025-08-24T11:33:13.454+03:30 DEBUG 1188 --- [ChiDaram App] [           main] org.hibernate.type.BasicTypeRegistry     : Adding type registration java.lang.Class -> org.hibernate.type.BasicTypeReference@3a54638b
2025-08-24T11:33:13.454+03:30 DEBUG 1188 --- [ChiDaram App] [           main] org.hibernate.type.BasicTypeRegistry     : Adding type registration currency -> org.hibernate.type.BasicTypeReference@7d8f2eec
2025-08-24T11:33:13.454+03:30 DEBUG 1188 --- [ChiDaram App] [           main] org.hibernate.type.BasicTypeRegistry     : Adding type registration Currency -> org.hibernate.type.BasicTypeReference@7d8f2eec
2025-08-24T11:33:13.454+03:30 DEBUG 1188 --- [ChiDaram App] [           main] org.hibernate.type.BasicTypeRegistry     : Adding type registration java.util.Currency -> org.hibernate.type.BasicTypeReference@7d8f2eec
2025-08-24T11:33:13.455+03:30 DEBUG 1188 --- [ChiDaram App] [           main] org.hibernate.type.BasicTypeRegistry     : Adding type registration locale -> org.hibernate.type.BasicTypeReference@e886caf
2025-08-24T11:33:13.456+03:30 DEBUG 1188 --- [ChiDaram App] [           main] org.hibernate.type.BasicTypeRegistry     : Adding type registration java.util.Locale -> org.hibernate.type.BasicTypeReference@e886caf
2025-08-24T11:33:13.456+03:30 DEBUG 1188 --- [ChiDaram App] [           main] org.hibernate.type.BasicTypeRegistry     : Adding type registration serializable -> org.hibernate.type.BasicTypeReference@1d585fb
2025-08-24T11:33:13.456+03:30 DEBUG 1188 --- [ChiDaram App] [           main] org.hibernate.type.BasicTypeRegistry     : Adding type registration java.io.Serializable -> org.hibernate.type.BasicTypeReference@1d585fb
2025-08-24T11:33:13.457+03:30 DEBUG 1188 --- [ChiDaram App] [           main] org.hibernate.type.BasicTypeRegistry     : Adding type registration timezone -> org.hibernate.type.BasicTypeReference@1884e671
2025-08-24T11:33:13.457+03:30 DEBUG 1188 --- [ChiDaram App] [           main] org.hibernate.type.BasicTypeRegistry     : Adding type registration java.util.TimeZone -> org.hibernate.type.BasicTypeReference@1884e671
2025-08-24T11:33:13.457+03:30 DEBUG 1188 --- [ChiDaram App] [           main] org.hibernate.type.BasicTypeRegistry     : Adding type registration ZoneOffset -> org.hibernate.type.BasicTypeReference@1c7843c3
2025-08-24T11:33:13.457+03:30 DEBUG 1188 --- [ChiDaram App] [           main] org.hibernate.type.BasicTypeRegistry     : Adding type registration java.time.ZoneOffset -> org.hibernate.type.BasicTypeReference@1c7843c3
2025-08-24T11:33:13.457+03:30 DEBUG 1188 --- [ChiDaram App] [           main] org.hibernate.type.BasicTypeRegistry     : Adding type registration url -> org.hibernate.type.BasicTypeReference@5158a9f7
2025-08-24T11:33:13.457+03:30 DEBUG 1188 --- [ChiDaram App] [           main] org.hibernate.type.BasicTypeRegistry     : Adding type registration java.net.URL -> org.hibernate.type.BasicTypeReference@5158a9f7
2025-08-24T11:33:13.457+03:30 DEBUG 1188 --- [ChiDaram App] [           main] org.hibernate.type.BasicTypeRegistry     : Adding type registration vector -> org.hibernate.type.BasicTypeReference@7c8f047a
2025-08-24T11:33:13.457+03:30 DEBUG 1188 --- [ChiDaram App] [           main] org.hibernate.type.BasicTypeRegistry     : Adding type registration row_version -> org.hibernate.type.BasicTypeReference@4387d2f4
2025-08-24T11:33:13.457+03:30 DEBUG 1188 --- [ChiDaram App] [           main] org.hibernate.type.BasicTypeRegistry     : Adding type registration object -> org.hibernate.type.JavaObjectType@4ab455e2
2025-08-24T11:33:13.458+03:30 DEBUG 1188 --- [ChiDaram App] [           main] org.hibernate.type.BasicTypeRegistry     : Adding type registration java.lang.Object -> org.hibernate.type.JavaObjectType@4ab455e2
2025-08-24T11:33:13.458+03:30 DEBUG 1188 --- [ChiDaram App] [           main] org.hibernate.type.BasicTypeRegistry     : Adding type registration null -> org.hibernate.type.NullType@e0847a9
2025-08-24T11:33:13.458+03:30 DEBUG 1188 --- [ChiDaram App] [           main] org.hibernate.type.BasicTypeRegistry     : Adding type registration imm_date -> org.hibernate.type.BasicTypeReference@431dc52b
2025-08-24T11:33:13.458+03:30 DEBUG 1188 --- [ChiDaram App] [           main] org.hibernate.type.BasicTypeRegistry     : Adding type registration imm_time -> org.hibernate.type.BasicTypeReference@7fa7f0c8
2025-08-24T11:33:13.458+03:30 DEBUG 1188 --- [ChiDaram App] [           main] org.hibernate.type.BasicTypeRegistry     : Adding type registration imm_timestamp -> org.hibernate.type.BasicTypeReference@707f68e0
2025-08-24T11:33:13.458+03:30 DEBUG 1188 --- [ChiDaram App] [           main] org.hibernate.type.BasicTypeRegistry     : Adding type registration imm_calendar -> org.hibernate.type.BasicTypeReference@4ad8eaa5
2025-08-24T11:33:13.458+03:30 DEBUG 1188 --- [ChiDaram App] [           main] org.hibernate.type.BasicTypeRegistry     : Adding type registration imm_calendar_date -> org.hibernate.type.BasicTypeReference@67c15a48
2025-08-24T11:33:13.458+03:30 DEBUG 1188 --- [ChiDaram App] [           main] org.hibernate.type.BasicTypeRegistry     : Adding type registration imm_calendar_time -> org.hibernate.type.BasicTypeReference@27a0d7c8
2025-08-24T11:33:13.458+03:30 DEBUG 1188 --- [ChiDaram App] [           main] org.hibernate.type.BasicTypeRegistry     : Adding type registration imm_binary -> org.hibernate.type.BasicTypeReference@2c9393b4
2025-08-24T11:33:13.458+03:30 DEBUG 1188 --- [ChiDaram App] [           main] org.hibernate.type.BasicTypeRegistry     : Adding type registration imm_serializable -> org.hibernate.type.BasicTypeReference@2113c941
2025-08-24T11:33:13.465+03:30 DEBUG 1188 --- [ChiDaram App] [           main] o.h.boot.internal.BootstrapContextImpl   : Injecting JPA temp ClassLoader [org.springframework.instrument.classloading.SimpleThrowawayClassLoader@6d5254f3] into BootstrapContext; was [null]
2025-08-24T11:33:13.466+03:30 DEBUG 1188 --- [ChiDaram App] [           main] o.h.boot.internal.ClassLoaderAccessImpl  : ClassLoaderAccessImpl#injectTempClassLoader(org.springframework.instrument.classloading.SimpleThrowawayClassLoader@6d5254f3) [was null]
2025-08-24T11:33:13.466+03:30 DEBUG 1188 --- [ChiDaram App] [           main] o.h.boot.internal.BootstrapContextImpl   : Injecting ScanEnvironment [org.hibernate.jpa.boot.internal.StandardJpaScanEnvironmentImpl@5d6c74de] into BootstrapContext; was [null]
2025-08-24T11:33:13.466+03:30 DEBUG 1188 --- [ChiDaram App] [           main] o.h.boot.internal.BootstrapContextImpl   : Injecting ScanOptions [org.hibernate.boot.archive.scan.internal.StandardScanOptions@620af7f3] into BootstrapContext; was [org.hibernate.boot.archive.scan.internal.StandardScanOptions@4064fbdf]
2025-08-24T11:33:13.529+03:30  INFO 1188 --- [ChiDaram App] [           main] o.s.o.j.p.SpringPersistenceUnitInfo      : No LoadTimeWeaver setup: ignoring JPA class transformer
2025-08-24T11:33:13.530+03:30 DEBUG 1188 --- [ChiDaram App] [           main] o.h.boot.internal.BootstrapContextImpl   : Injecting JPA temp ClassLoader [null] into BootstrapContext; was [org.springframework.instrument.classloading.SimpleThrowawayClassLoader@6d5254f3]
2025-08-24T11:33:13.530+03:30 DEBUG 1188 --- [ChiDaram App] [           main] o.h.boot.internal.ClassLoaderAccessImpl  : ClassLoaderAccessImpl#injectTempClassLoader(null) [was org.springframework.instrument.classloading.SimpleThrowawayClassLoader@6d5254f3]
2025-08-24T11:33:13.838+03:30 DEBUG 1188 --- [ChiDaram App] [           main] o.h.e.j.e.i.JdbcEnvironmentInitiator     : Database ->
	   name : PostgreSQL
	version : 17.0
	  major : 17
	  minor : 0
2025-08-24T11:33:13.838+03:30 DEBUG 1188 --- [ChiDaram App] [           main] o.h.e.j.e.i.JdbcEnvironmentInitiator     : Driver ->
	   name : PostgreSQL JDBC Driver
	version : 42.7.3
	  major : 42
	  minor : 7
2025-08-24T11:33:13.839+03:30 DEBUG 1188 --- [ChiDaram App] [           main] o.h.e.j.e.i.JdbcEnvironmentInitiator     : JDBC version : 4.2
2025-08-24T11:33:13.866+03:30  WARN 1188 --- [ChiDaram App] [           main] org.hibernate.orm.deprecation            : HHH90000025: PostgreSQLDialect does not need to be specified explicitly using 'hibernate.dialect' (remove the property setting and it will be selected by default)
2025-08-24T11:33:13.866+03:30 DEBUG 1188 --- [ChiDaram App] [           main] org.hibernate.orm.dialect                : HHH035001: Using dialect: org.hibernate.dialect.PostgreSQLDialect, version: 17.0
2025-08-24T11:33:13.866+03:30 DEBUG 1188 --- [ChiDaram App] [           main] o.h.e.j.env.spi.IdentifierHelperBuilder  : JDBC driver metadata reported database stores quoted identifiers in neither upper, lower nor mixed case
2025-08-24T11:33:13.871+03:30 DEBUG 1188 --- [ChiDaram App] [           main] org.hibernate.orm.jdbc.lob               : HHH10010004: Disabling contextual LOB creation as Dialect reported it is not supported
2025-08-24T11:33:13.873+03:30 DEBUG 1188 --- [ChiDaram App] [           main] o.h.t.d.sql.spi.DdlTypeRegistry          : addDescriptor(2003, org.hibernate.type.descriptor.sql.internal.ArrayDdlTypeImpl@7211ab39) replaced previous registration(org.hibernate.type.descriptor.sql.internal.ArrayDdlTypeImpl@3c1c984f)
2025-08-24T11:33:13.875+03:30 DEBUG 1188 --- [ChiDaram App] [           main] o.h.t.d.sql.spi.DdlTypeRegistry          : addDescriptor(6, org.hibernate.type.descriptor.sql.internal.CapacityDependentDdlType@42a1c3ba) replaced previous registration(org.hibernate.type.descriptor.sql.internal.DdlTypeImpl@4c1ea0ab)
2025-08-24T11:33:13.875+03:30 DEBUG 1188 --- [ChiDaram App] [           main] o.h.t.d.jdbc.spi.JdbcTypeRegistry        : addDescriptor(2004, BlobTypeDescriptor(BLOB_BINDING)) replaced previous registration(BlobTypeDescriptor(DEFAULT))
2025-08-24T11:33:13.876+03:30 DEBUG 1188 --- [ChiDaram App] [           main] o.h.t.d.jdbc.spi.JdbcTypeRegistry        : addDescriptor(2005, ClobTypeDescriptor(CLOB_BINDING)) replaced previous registration(ClobTypeDescriptor(DEFAULT))
2025-08-24T11:33:13.877+03:30 DEBUG 1188 --- [ChiDaram App] [           main] org.hibernate.type.BasicTypeRegistry     : Adding type registration JAVA_OBJECT -> org.hibernate.type.JavaObjectType@33299272
2025-08-24T11:33:13.877+03:30 DEBUG 1188 --- [ChiDaram App] [           main] org.hibernate.type.BasicTypeRegistry     : Adding type registration java.lang.Object -> org.hibernate.type.JavaObjectType@33299272
2025-08-24T11:33:13.877+03:30 DEBUG 1188 --- [ChiDaram App] [           main] org.hibernate.type.BasicTypeRegistry     : Type registration key [java.lang.Object] overrode previous entry : `org.hibernate.type.JavaObjectType@4ab455e2`
2025-08-24T11:33:13.878+03:30 DEBUG 1188 --- [ChiDaram App] [           main] org.hibernate.type.BasicTypeRegistry     : Adding type registration org.hibernate.type.DurationType -> basicType@47(java.time.Duration,3015)
2025-08-24T11:33:13.878+03:30 DEBUG 1188 --- [ChiDaram App] [           main] org.hibernate.type.BasicTypeRegistry     : Adding type registration Duration -> basicType@47(java.time.Duration,3015)
2025-08-24T11:33:13.878+03:30 DEBUG 1188 --- [ChiDaram App] [           main] org.hibernate.type.BasicTypeRegistry     : Adding type registration java.time.Duration -> basicType@47(java.time.Duration,3015)
2025-08-24T11:33:13.879+03:30 DEBUG 1188 --- [ChiDaram App] [           main] org.hibernate.type.BasicTypeRegistry     : Adding type registration org.hibernate.type.OffsetDateTimeType -> basicType@48(java.time.OffsetDateTime,3003)
2025-08-24T11:33:13.880+03:30 DEBUG 1188 --- [ChiDaram App] [           main] org.hibernate.type.BasicTypeRegistry     : Adding type registration OffsetDateTime -> basicType@48(java.time.OffsetDateTime,3003)
2025-08-24T11:33:13.880+03:30 DEBUG 1188 --- [ChiDaram App] [           main] org.hibernate.type.BasicTypeRegistry     : Adding type registration java.time.OffsetDateTime -> basicType@48(java.time.OffsetDateTime,3003)
2025-08-24T11:33:13.880+03:30 DEBUG 1188 --- [ChiDaram App] [           main] org.hibernate.type.BasicTypeRegistry     : Adding type registration org.hibernate.type.ZonedDateTimeType -> basicType@49(java.time.ZonedDateTime,3003)
2025-08-24T11:33:13.880+03:30 DEBUG 1188 --- [ChiDaram App] [           main] org.hibernate.type.BasicTypeRegistry     : Adding type registration ZonedDateTime -> basicType@49(java.time.ZonedDateTime,3003)
2025-08-24T11:33:13.880+03:30 DEBUG 1188 --- [ChiDaram App] [           main] org.hibernate.type.BasicTypeRegistry     : Adding type registration java.time.ZonedDateTime -> basicType@49(java.time.ZonedDateTime,3003)
2025-08-24T11:33:13.881+03:30 DEBUG 1188 --- [ChiDaram App] [           main] org.hibernate.type.BasicTypeRegistry     : Adding type registration org.hibernate.type.OffsetTimeType -> basicType@50(java.time.OffsetTime,3007)
2025-08-24T11:33:13.881+03:30 DEBUG 1188 --- [ChiDaram App] [           main] org.hibernate.type.BasicTypeRegistry     : Adding type registration OffsetTime -> basicType@50(java.time.OffsetTime,3007)
2025-08-24T11:33:13.881+03:30 DEBUG 1188 --- [ChiDaram App] [           main] org.hibernate.type.BasicTypeRegistry     : Adding type registration java.time.OffsetTime -> basicType@50(java.time.OffsetTime,3007)
2025-08-24T11:33:13.881+03:30 DEBUG 1188 --- [ChiDaram App] [           main] o.h.type.spi.TypeConfiguration$Scope     : Scoping TypeConfiguration [org.hibernate.type.spi.TypeConfiguration@6bafbab8] to MetadataBuildingContext [org.hibernate.boot.internal.MetadataBuildingContextRootImpl@27df0864]
2025-08-24T11:33:13.888+03:30 DEBUG 1188 --- [ChiDaram App] [           main] o.h.boot.model.relational.Namespace      : Created database namespace [logicalName=Name{catalog=null, schema=null}, physicalName=Name{catalog=null, schema=null}]
2025-08-24T11:33:13.894+03:30 DEBUG 1188 --- [ChiDaram App] [           main] o.h.boot.model.internal.EntityBinder     : Binding entity from annotated class: com.example.chi_daram.entity.Categorylevel1
2025-08-24T11:33:13.901+03:30 DEBUG 1188 --- [ChiDaram App] [           main] o.h.boot.model.internal.EntityBinder     : Import with entity name Categorylevel1
2025-08-24T11:33:13.906+03:30 DEBUG 1188 --- [ChiDaram App] [           main] o.h.boot.model.internal.EntityBinder     : Bind entity com.example.chi_daram.entity.Categorylevel1 on table categorylevel1
2025-08-24T11:33:13.908+03:30 DEBUG 1188 --- [ChiDaram App] [           main] o.h.boot.model.internal.AnnotatedColumn  : Binding column: AnnotatedDiscriminatorColumn(column='DTYPE')
2025-08-24T11:33:13.912+03:30 DEBUG 1188 --- [ChiDaram App] [           main] o.h.boot.model.internal.AnnotatedColumn  : Binding column: AnnotatedColumn()
2025-08-24T11:33:13.912+03:30 DEBUG 1188 --- [ChiDaram App] [           main] o.h.boot.internal.ClassLoaderAccessImpl  : Not known whether passed class name [com.example.chi_daram.entity.Categorylevel1] is safe
2025-08-24T11:33:13.912+03:30 DEBUG 1188 --- [ChiDaram App] [           main] o.h.boot.internal.ClassLoaderAccessImpl  : No temp ClassLoader provided; using live ClassLoader for loading potentially unsafe class : com.example.chi_daram.entity.Categorylevel1
2025-08-24T11:33:13.913+03:30 DEBUG 1188 --- [ChiDaram App] [           main] o.h.boot.model.internal.PropertyBinder   : MetadataSourceProcessor property id with lazy=false
2025-08-24T11:33:13.913+03:30 DEBUG 1188 --- [ChiDaram App] [           main] o.h.b.m.internal.AbstractPropertyHolder  : Attempting to locate auto-apply AttributeConverter for property [com.example.chi_daram.entity.Categorylevel1:id]
2025-08-24T11:33:13.913+03:30 DEBUG 1188 --- [ChiDaram App] [           main] o.h.b.model.internal.BasicValueBinder    : building BasicValue for id
2025-08-24T11:33:13.913+03:30 DEBUG 1188 --- [ChiDaram App] [           main] org.hibernate.mapping.BasicValue         : Skipping column re-registration: categorylevel1.id
2025-08-24T11:33:13.914+03:30 DEBUG 1188 --- [ChiDaram App] [           main] o.h.boot.model.internal.PropertyBinder   : Building property id
2025-08-24T11:33:13.915+03:30 DEBUG 1188 --- [ChiDaram App] [           main] o.h.boot.model.internal.BinderHelper     : #makeIdGenerator(BasicValue([Column(id)]), id, assigned, , ...)
2025-08-24T11:33:13.917+03:30 DEBUG 1188 --- [ChiDaram App] [           main] o.h.boot.model.internal.AnnotatedColumn  : Binding column: AnnotatedColumn()
2025-08-24T11:33:13.918+03:30 DEBUG 1188 --- [ChiDaram App] [           main] o.h.boot.model.internal.PropertyBinder   : MetadataSourceProcessor property description with lazy=false
2025-08-24T11:33:13.921+03:30 DEBUG 1188 --- [ChiDaram App] [           main] o.h.b.m.internal.AbstractPropertyHolder  : Attempting to locate auto-apply AttributeConverter for property [com.example.chi_daram.entity.Categorylevel1:description]
2025-08-24T11:33:13.922+03:30 DEBUG 1188 --- [ChiDaram App] [           main] o.h.b.model.internal.BasicValueBinder    : building BasicValue for description
2025-08-24T11:33:13.922+03:30 DEBUG 1188 --- [ChiDaram App] [           main] org.hibernate.mapping.BasicValue         : Skipping column re-registration: categorylevel1.description
2025-08-24T11:33:13.922+03:30 DEBUG 1188 --- [ChiDaram App] [           main] o.h.boot.model.internal.PropertyBinder   : Building property description
2025-08-24T11:33:13.923+03:30 DEBUG 1188 --- [ChiDaram App] [           main] o.h.boot.model.internal.AnnotatedColumn  : Binding column: AnnotatedColumn()
2025-08-24T11:33:13.925+03:30 DEBUG 1188 --- [ChiDaram App] [           main] o.h.boot.model.internal.PropertyBinder   : MetadataSourceProcessor property name with lazy=false
2025-08-24T11:33:13.925+03:30 DEBUG 1188 --- [ChiDaram App] [           main] o.h.b.m.internal.AbstractPropertyHolder  : Attempting to locate auto-apply AttributeConverter for property [com.example.chi_daram.entity.Categorylevel1:name]
2025-08-24T11:33:13.925+03:30 DEBUG 1188 --- [ChiDaram App] [           main] o.h.b.model.internal.BasicValueBinder    : building BasicValue for name
2025-08-24T11:33:13.926+03:30 DEBUG 1188 --- [ChiDaram App] [           main] org.hibernate.mapping.BasicValue         : Skipping column re-registration: categorylevel1.name
2025-08-24T11:33:13.927+03:30 DEBUG 1188 --- [ChiDaram App] [           main] o.h.boot.model.internal.PropertyBinder   : Building property name
2025-08-24T11:33:13.930+03:30 DEBUG 1188 --- [ChiDaram App] [           main] o.h.b.r.c.i.ClassLoaderServiceImpl       : HHH000194: Package not found or no package-info.java: com.example.chi_daram.entity
2025-08-24T11:33:13.945+03:30 DEBUG 1188 --- [ChiDaram App] [           main] o.h.boot.model.internal.EntityBinder     : Binding entity from annotated class: com.example.chi_daram.entity.Categorylevel2
2025-08-24T11:33:13.946+03:30 DEBUG 1188 --- [ChiDaram App] [           main] o.h.boot.model.internal.EntityBinder     : Import with entity name Categorylevel2
2025-08-24T11:33:13.947+03:30 DEBUG 1188 --- [ChiDaram App] [           main] o.h.boot.model.internal.EntityBinder     : Bind entity com.example.chi_daram.entity.Categorylevel2 on table categorylevel2
2025-08-24T11:33:13.948+03:30 DEBUG 1188 --- [ChiDaram App] [           main] o.h.boot.model.internal.AnnotatedColumn  : Binding column: AnnotatedDiscriminatorColumn(column='DTYPE')
2025-08-24T11:33:13.952+03:30 DEBUG 1188 --- [ChiDaram App] [           main] o.h.boot.model.internal.AnnotatedColumn  : Binding column: AnnotatedColumn()
2025-08-24T11:33:13.953+03:30 DEBUG 1188 --- [ChiDaram App] [           main] o.h.boot.internal.ClassLoaderAccessImpl  : Not known whether passed class name [com.example.chi_daram.entity.Categorylevel2] is safe
2025-08-24T11:33:13.953+03:30 DEBUG 1188 --- [ChiDaram App] [           main] o.h.boot.internal.ClassLoaderAccessImpl  : No temp ClassLoader provided; using live ClassLoader for loading potentially unsafe class : com.example.chi_daram.entity.Categorylevel2
2025-08-24T11:33:13.953+03:30 DEBUG 1188 --- [ChiDaram App] [           main] o.h.boot.model.internal.PropertyBinder   : MetadataSourceProcessor property id with lazy=false
2025-08-24T11:33:13.954+03:30 DEBUG 1188 --- [ChiDaram App] [           main] o.h.b.m.internal.AbstractPropertyHolder  : Attempting to locate auto-apply AttributeConverter for property [com.example.chi_daram.entity.Categorylevel2:id]
2025-08-24T11:33:13.954+03:30 DEBUG 1188 --- [ChiDaram App] [           main] o.h.b.model.internal.BasicValueBinder    : building BasicValue for id
2025-08-24T11:33:13.954+03:30 DEBUG 1188 --- [ChiDaram App] [           main] org.hibernate.mapping.BasicValue         : Skipping column re-registration: categorylevel2.id
2025-08-24T11:33:13.955+03:30 DEBUG 1188 --- [ChiDaram App] [           main] o.h.boot.model.internal.PropertyBinder   : Building property id
2025-08-24T11:33:13.955+03:30 DEBUG 1188 --- [ChiDaram App] [           main] o.h.boot.model.internal.BinderHelper     : #makeIdGenerator(BasicValue([Column(id)]), id, identity, , ...)
2025-08-24T11:33:13.957+03:30 DEBUG 1188 --- [ChiDaram App] [           main] o.h.boot.model.internal.AnnotatedColumn  : Binding column: AnnotatedJoinColumn(column='categorylevel1id')
2025-08-24T11:33:13.957+03:30 DEBUG 1188 --- [ChiDaram App] [           main] o.h.boot.model.internal.AnnotatedColumn  : Binding column: AnnotatedColumn()
2025-08-24T11:33:13.958+03:30 DEBUG 1188 --- [ChiDaram App] [           main] o.h.boot.model.internal.PropertyBinder   : Building property categorylevel1
2025-08-24T11:33:13.959+03:30 DEBUG 1188 --- [ChiDaram App] [           main] o.h.boot.model.internal.AnnotatedColumn  : Binding column: AnnotatedColumn(column='description')
2025-08-24T11:33:13.960+03:30 DEBUG 1188 --- [ChiDaram App] [           main] o.h.boot.model.internal.PropertyBinder   : MetadataSourceProcessor property description with lazy=false
2025-08-24T11:33:13.960+03:30 DEBUG 1188 --- [ChiDaram App] [           main] o.h.b.m.internal.AbstractPropertyHolder  : Attempting to locate auto-apply AttributeConverter for property [com.example.chi_daram.entity.Categorylevel2:description]
2025-08-24T11:33:13.962+03:30 DEBUG 1188 --- [ChiDaram App] [           main] o.h.b.model.internal.BasicValueBinder    : building BasicValue for description
2025-08-24T11:33:13.962+03:30 DEBUG 1188 --- [ChiDaram App] [           main] org.hibernate.mapping.BasicValue         : Skipping column re-registration: categorylevel2.description
2025-08-24T11:33:13.963+03:30 DEBUG 1188 --- [ChiDaram App] [           main] o.h.boot.model.internal.PropertyBinder   : Building property description
2025-08-24T11:33:13.965+03:30 DEBUG 1188 --- [ChiDaram App] [           main] o.h.boot.model.internal.AnnotatedColumn  : Binding column: AnnotatedColumn(column='name')
2025-08-24T11:33:13.969+03:30 DEBUG 1188 --- [ChiDaram App] [           main] o.h.boot.model.internal.PropertyBinder   : MetadataSourceProcessor property name with lazy=false
2025-08-24T11:33:13.969+03:30 DEBUG 1188 --- [ChiDaram App] [           main] o.h.b.m.internal.AbstractPropertyHolder  : Attempting to locate auto-apply AttributeConverter for property [com.example.chi_daram.entity.Categorylevel2:name]
2025-08-24T11:33:13.969+03:30 DEBUG 1188 --- [ChiDaram App] [           main] o.h.b.model.internal.BasicValueBinder    : building BasicValue for name
2025-08-24T11:33:13.970+03:30 DEBUG 1188 --- [ChiDaram App] [           main] org.hibernate.mapping.BasicValue         : Skipping column re-registration: categorylevel2.name
2025-08-24T11:33:13.970+03:30 DEBUG 1188 --- [ChiDaram App] [           main] o.h.boot.model.internal.PropertyBinder   : Building property name
2025-08-24T11:33:13.977+03:30 DEBUG 1188 --- [ChiDaram App] [           main] o.h.b.r.c.i.ClassLoaderServiceImpl       : HHH000194: Package not found or no package-info.java: com.example.chi_daram.entity
2025-08-24T11:33:13.979+03:30 DEBUG 1188 --- [ChiDaram App] [           main] o.h.boot.model.internal.EntityBinder     : Binding entity from annotated class: com.example.chi_daram.entity.Decreasedocument
2025-08-24T11:33:13.979+03:30 DEBUG 1188 --- [ChiDaram App] [           main] o.h.boot.model.internal.EntityBinder     : Import with entity name Decreasedocument
2025-08-24T11:33:13.980+03:30 DEBUG 1188 --- [ChiDaram App] [           main] o.h.boot.model.internal.EntityBinder     : Bind entity com.example.chi_daram.entity.Decreasedocument on table decreasedocument
2025-08-24T11:33:13.981+03:30 DEBUG 1188 --- [ChiDaram App] [           main] o.h.boot.model.internal.AnnotatedColumn  : Binding column: AnnotatedDiscriminatorColumn(column='DTYPE')
2025-08-24T11:33:13.991+03:30 DEBUG 1188 --- [ChiDaram App] [           main] o.h.boot.model.internal.AnnotatedColumn  : Binding column: AnnotatedColumn()
2025-08-24T11:33:13.992+03:30 DEBUG 1188 --- [ChiDaram App] [           main] o.h.boot.internal.ClassLoaderAccessImpl  : Not known whether passed class name [com.example.chi_daram.entity.Decreasedocument] is safe
2025-08-24T11:33:13.993+03:30 DEBUG 1188 --- [ChiDaram App] [           main] o.h.boot.internal.ClassLoaderAccessImpl  : No temp ClassLoader provided; using live ClassLoader for loading potentially unsafe class : com.example.chi_daram.entity.Decreasedocument
2025-08-24T11:33:13.994+03:30 DEBUG 1188 --- [ChiDaram App] [           main] o.h.boot.model.internal.PropertyBinder   : MetadataSourceProcessor property id with lazy=false
2025-08-24T11:33:13.995+03:30 DEBUG 1188 --- [ChiDaram App] [           main] o.h.b.m.internal.AbstractPropertyHolder  : Attempting to locate auto-apply AttributeConverter for property [com.example.chi_daram.entity.Decreasedocument:id]
2025-08-24T11:33:13.998+03:30 DEBUG 1188 --- [ChiDaram App] [           main] o.h.b.model.internal.BasicValueBinder    : building BasicValue for id
2025-08-24T11:33:13.998+03:30 DEBUG 1188 --- [ChiDaram App] [           main] org.hibernate.mapping.BasicValue         : Skipping column re-registration: decreasedocument.id
2025-08-24T11:33:13.998+03:30 DEBUG 1188 --- [ChiDaram App] [           main] o.h.boot.model.internal.PropertyBinder   : Building property id
2025-08-24T11:33:14.000+03:30 DEBUG 1188 --- [ChiDaram App] [           main] o.h.boot.model.internal.BinderHelper     : #makeIdGenerator(BasicValue([Column(id)]), id, identity, , ...)
2025-08-24T11:33:14.001+03:30 DEBUG 1188 --- [ChiDaram App] [           main] o.h.boot.model.internal.AnnotatedColumn  : Binding column: AnnotatedColumn(column='decreasedate')
2025-08-24T11:33:14.004+03:30 DEBUG 1188 --- [ChiDaram App] [           main] o.h.boot.model.internal.PropertyBinder   : MetadataSourceProcessor property decreaseDate with lazy=false
2025-08-24T11:33:14.005+03:30 DEBUG 1188 --- [ChiDaram App] [           main] o.h.b.m.internal.AbstractPropertyHolder  : Attempting to locate auto-apply AttributeConverter for property [com.example.chi_daram.entity.Decreasedocument:decreaseDate]
2025-08-24T11:33:14.005+03:30 DEBUG 1188 --- [ChiDaram App] [           main] o.h.b.model.internal.BasicValueBinder    : building BasicValue for decreaseDate
2025-08-24T11:33:14.007+03:30 DEBUG 1188 --- [ChiDaram App] [           main] org.hibernate.mapping.BasicValue         : Skipping column re-registration: decreasedocument.decreasedate
2025-08-24T11:33:14.008+03:30 DEBUG 1188 --- [ChiDaram App] [           main] o.h.boot.model.internal.PropertyBinder   : Building property decreaseDate
2025-08-24T11:33:14.011+03:30 DEBUG 1188 --- [ChiDaram App] [           main] o.h.boot.model.internal.AnnotatedColumn  : Binding column: AnnotatedJoinColumn(column='decreasetypeid')
2025-08-24T11:33:14.012+03:30 DEBUG 1188 --- [ChiDaram App] [           main] o.h.boot.model.internal.AnnotatedColumn  : Binding column: AnnotatedColumn()
2025-08-24T11:33:14.013+03:30 DEBUG 1188 --- [ChiDaram App] [           main] o.h.boot.model.internal.PropertyBinder   : Building property decreaseType
2025-08-24T11:33:14.015+03:30 DEBUG 1188 --- [ChiDaram App] [           main] o.h.boot.model.internal.AnnotatedColumn  : Binding column: AnnotatedColumn(column='description')
2025-08-24T11:33:14.018+03:30 DEBUG 1188 --- [ChiDaram App] [           main] o.h.boot.model.internal.PropertyBinder   : MetadataSourceProcessor property description with lazy=false
2025-08-24T11:33:14.019+03:30 DEBUG 1188 --- [ChiDaram App] [           main] o.h.b.m.internal.AbstractPropertyHolder  : Attempting to locate auto-apply AttributeConverter for property [com.example.chi_daram.entity.Decreasedocument:description]
2025-08-24T11:33:14.019+03:30 DEBUG 1188 --- [ChiDaram App] [           main] o.h.b.model.internal.BasicValueBinder    : building BasicValue for description
2025-08-24T11:33:14.019+03:30 DEBUG 1188 --- [ChiDaram App] [           main] org.hibernate.mapping.BasicValue         : Skipping column re-registration: decreasedocument.description
2025-08-24T11:33:14.019+03:30 DEBUG 1188 --- [ChiDaram App] [           main] o.h.boot.model.internal.PropertyBinder   : Building property description
2025-08-24T11:33:14.023+03:30 DEBUG 1188 --- [ChiDaram App] [           main] o.h.boot.model.internal.AnnotatedColumn  : Binding column: AnnotatedColumn(column='documentnumber')
2025-08-24T11:33:14.024+03:30 DEBUG 1188 --- [ChiDaram App] [           main] o.h.boot.model.internal.PropertyBinder   : MetadataSourceProcessor property documentNumber with lazy=false
2025-08-24T11:33:14.025+03:30 DEBUG 1188 --- [ChiDaram App] [           main] o.h.b.m.internal.AbstractPropertyHolder  : Attempting to locate auto-apply AttributeConverter for property [com.example.chi_daram.entity.Decreasedocument:documentNumber]
2025-08-24T11:33:14.025+03:30 DEBUG 1188 --- [ChiDaram App] [           main] o.h.b.model.internal.BasicValueBinder    : building BasicValue for documentNumber
2025-08-24T11:33:14.025+03:30 DEBUG 1188 --- [ChiDaram App] [           main] org.hibernate.mapping.BasicValue         : Skipping column re-registration: decreasedocument.documentnumber
2025-08-24T11:33:14.025+03:30 DEBUG 1188 --- [ChiDaram App] [           main] o.h.boot.model.internal.PropertyBinder   : Building property documentNumber
2025-08-24T11:33:14.026+03:30 DEBUG 1188 --- [ChiDaram App] [           main] o.h.boot.model.internal.AnnotatedColumn  : Binding column: AnnotatedJoinColumn(column='userid')
2025-08-24T11:33:14.035+03:30 DEBUG 1188 --- [ChiDaram App] [           main] o.h.boot.model.internal.AnnotatedColumn  : Binding column: AnnotatedColumn()
2025-08-24T11:33:14.036+03:30 DEBUG 1188 --- [ChiDaram App] [           main] o.h.boot.model.internal.PropertyBinder   : Building property user
2025-08-24T11:33:14.039+03:30 DEBUG 1188 --- [ChiDaram App] [           main] o.h.b.r.c.i.ClassLoaderServiceImpl       : HHH000194: Package not found or no package-info.java: com.example.chi_daram.entity
2025-08-24T11:33:14.044+03:30 DEBUG 1188 --- [ChiDaram App] [           main] o.h.boot.model.internal.EntityBinder     : Binding entity from annotated class: com.example.chi_daram.entity.Decreasedocumentrow
2025-08-24T11:33:14.048+03:30 DEBUG 1188 --- [ChiDaram App] [           main] o.h.boot.model.internal.EntityBinder     : Import with entity name Decreasedocumentrow
2025-08-24T11:33:14.048+03:30 DEBUG 1188 --- [ChiDaram App] [           main] o.h.boot.model.internal.EntityBinder     : Bind entity com.example.chi_daram.entity.Decreasedocumentrow on table decreasedocumentrow
2025-08-24T11:33:14.052+03:30 DEBUG 1188 --- [ChiDaram App] [           main] o.h.boot.model.internal.AnnotatedColumn  : Binding column: AnnotatedDiscriminatorColumn(column='DTYPE')
2025-08-24T11:33:14.058+03:30 DEBUG 1188 --- [ChiDaram App] [           main] o.h.boot.model.internal.AnnotatedColumn  : Binding column: AnnotatedColumn()
2025-08-24T11:33:14.058+03:30 DEBUG 1188 --- [ChiDaram App] [           main] o.h.boot.internal.ClassLoaderAccessImpl  : Not known whether passed class name [com.example.chi_daram.entity.Decreasedocumentrow] is safe
2025-08-24T11:33:14.058+03:30 DEBUG 1188 --- [ChiDaram App] [           main] o.h.boot.internal.ClassLoaderAccessImpl  : No temp ClassLoader provided; using live ClassLoader for loading potentially unsafe class : com.example.chi_daram.entity.Decreasedocumentrow
2025-08-24T11:33:14.059+03:30 DEBUG 1188 --- [ChiDaram App] [           main] o.h.boot.model.internal.PropertyBinder   : MetadataSourceProcessor property id with lazy=false
2025-08-24T11:33:14.059+03:30 DEBUG 1188 --- [ChiDaram App] [           main] o.h.b.m.internal.AbstractPropertyHolder  : Attempting to locate auto-apply AttributeConverter for property [com.example.chi_daram.entity.Decreasedocumentrow:id]
2025-08-24T11:33:14.059+03:30 DEBUG 1188 --- [ChiDaram App] [           main] o.h.b.model.internal.BasicValueBinder    : building BasicValue for id
2025-08-24T11:33:14.059+03:30 DEBUG 1188 --- [ChiDaram App] [           main] org.hibernate.mapping.BasicValue         : Skipping column re-registration: decreasedocumentrow.id
2025-08-24T11:33:14.059+03:30 DEBUG 1188 --- [ChiDaram App] [           main] o.h.boot.model.internal.PropertyBinder   : Building property id
2025-08-24T11:33:14.061+03:30 DEBUG 1188 --- [ChiDaram App] [           main] o.h.boot.model.internal.BinderHelper     : #makeIdGenerator(BasicValue([Column(id)]), id, identity, , ...)
2025-08-24T11:33:14.062+03:30 DEBUG 1188 --- [ChiDaram App] [           main] o.h.boot.model.internal.AnnotatedColumn  : Binding column: AnnotatedJoinColumn(column='decreasedocumentid')
2025-08-24T11:33:14.063+03:30 DEBUG 1188 --- [ChiDaram App] [           main] o.h.boot.model.internal.AnnotatedColumn  : Binding column: AnnotatedColumn()
2025-08-24T11:33:14.064+03:30 DEBUG 1188 --- [ChiDaram App] [           main] o.h.boot.model.internal.PropertyBinder   : Building property decreasedocument
2025-08-24T11:33:14.066+03:30 DEBUG 1188 --- [ChiDaram App] [           main] o.h.boot.model.internal.AnnotatedColumn  : Binding column: AnnotatedColumn(column='description')
2025-08-24T11:33:14.066+03:30 DEBUG 1188 --- [ChiDaram App] [           main] o.h.boot.model.internal.PropertyBinder   : MetadataSourceProcessor property description with lazy=false
2025-08-24T11:33:14.067+03:30 DEBUG 1188 --- [ChiDaram App] [           main] o.h.b.m.internal.AbstractPropertyHolder  : Attempting to locate auto-apply AttributeConverter for property [com.example.chi_daram.entity.Decreasedocumentrow:description]
2025-08-24T11:33:14.067+03:30 DEBUG 1188 --- [ChiDaram App] [           main] o.h.b.model.internal.BasicValueBinder    : building BasicValue for description
2025-08-24T11:33:14.068+03:30 DEBUG 1188 --- [ChiDaram App] [           main] org.hibernate.mapping.BasicValue         : Skipping column re-registration: decreasedocumentrow.description
2025-08-24T11:33:14.068+03:30 DEBUG 1188 --- [ChiDaram App] [           main] o.h.boot.model.internal.PropertyBinder   : Building property description
2025-08-24T11:33:14.069+03:30 DEBUG 1188 --- [ChiDaram App] [           main] o.h.boot.model.internal.AnnotatedColumn  : Binding column: AnnotatedJoinColumn(column='itemid')
2025-08-24T11:33:14.069+03:30 DEBUG 1188 --- [ChiDaram App] [           main] o.h.boot.model.internal.AnnotatedColumn  : Binding column: AnnotatedColumn()
2025-08-24T11:33:14.070+03:30 DEBUG 1188 --- [ChiDaram App] [           main] o.h.boot.model.internal.PropertyBinder   : Building property item
2025-08-24T11:33:14.071+03:30 DEBUG 1188 --- [ChiDaram App] [           main] o.h.boot.model.internal.AnnotatedColumn  : Binding column: AnnotatedColumn(column='quantity')
2025-08-24T11:33:14.071+03:30 DEBUG 1188 --- [ChiDaram App] [           main] o.h.boot.model.internal.PropertyBinder   : MetadataSourceProcessor property quantity with lazy=false
2025-08-24T11:33:14.071+03:30 DEBUG 1188 --- [ChiDaram App] [           main] o.h.b.m.internal.AbstractPropertyHolder  : Attempting to locate auto-apply AttributeConverter for property [com.example.chi_daram.entity.Decreasedocumentrow:quantity]
2025-08-24T11:33:14.072+03:30 DEBUG 1188 --- [ChiDaram App] [           main] o.h.b.model.internal.BasicValueBinder    : building BasicValue for quantity
2025-08-24T11:33:14.072+03:30 DEBUG 1188 --- [ChiDaram App] [           main] org.hibernate.mapping.BasicValue         : Skipping column re-registration: decreasedocumentrow.quantity
2025-08-24T11:33:14.072+03:30 DEBUG 1188 --- [ChiDaram App] [           main] o.h.boot.model.internal.PropertyBinder   : Building property quantity
2025-08-24T11:33:14.073+03:30 DEBUG 1188 --- [ChiDaram App] [           main] o.h.boot.model.internal.AnnotatedColumn  : Binding column: AnnotatedColumn(column='unitprice')
2025-08-24T11:33:14.073+03:30 DEBUG 1188 --- [ChiDaram App] [           main] o.h.boot.model.internal.PropertyBinder   : MetadataSourceProcessor property unitPrice with lazy=false
2025-08-24T11:33:14.073+03:30 DEBUG 1188 --- [ChiDaram App] [           main] o.h.b.m.internal.AbstractPropertyHolder  : Attempting to locate auto-apply AttributeConverter for property [com.example.chi_daram.entity.Decreasedocumentrow:unitPrice]
2025-08-24T11:33:14.073+03:30 DEBUG 1188 --- [ChiDaram App] [           main] o.h.b.model.internal.BasicValueBinder    : building BasicValue for unitPrice
2025-08-24T11:33:14.074+03:30 DEBUG 1188 --- [ChiDaram App] [           main] org.hibernate.mapping.BasicValue         : Skipping column re-registration: decreasedocumentrow.unitprice
2025-08-24T11:33:14.074+03:30 DEBUG 1188 --- [ChiDaram App] [           main] o.h.boot.model.internal.PropertyBinder   : Building property unitPrice
2025-08-24T11:33:14.076+03:30 DEBUG 1188 --- [ChiDaram App] [           main] o.h.b.r.c.i.ClassLoaderServiceImpl       : HHH000194: Package not found or no package-info.java: com.example.chi_daram.entity
2025-08-24T11:33:14.077+03:30 DEBUG 1188 --- [ChiDaram App] [           main] o.h.boot.model.internal.EntityBinder     : Binding entity from annotated class: com.example.chi_daram.entity.Decreasedocumenttype
2025-08-24T11:33:14.078+03:30 DEBUG 1188 --- [ChiDaram App] [           main] o.h.boot.model.internal.EntityBinder     : Import with entity name Decreasedocumenttype
2025-08-24T11:33:14.100+03:30 DEBUG 1188 --- [ChiDaram App] [           main] o.h.boot.model.internal.EntityBinder     : Bind entity com.example.chi_daram.entity.Decreasedocumenttype on table decreasedocumenttype
2025-08-24T11:33:14.103+03:30 DEBUG 1188 --- [ChiDaram App] [           main] o.h.boot.model.internal.AnnotatedColumn  : Binding column: AnnotatedDiscriminatorColumn(column='DTYPE')
2025-08-24T11:33:14.109+03:30 DEBUG 1188 --- [ChiDaram App] [           main] o.h.boot.model.internal.AnnotatedColumn  : Binding column: AnnotatedColumn()
2025-08-24T11:33:14.109+03:30 DEBUG 1188 --- [ChiDaram App] [           main] o.h.boot.internal.ClassLoaderAccessImpl  : Not known whether passed class name [com.example.chi_daram.entity.Decreasedocumenttype] is safe
2025-08-24T11:33:14.109+03:30 DEBUG 1188 --- [ChiDaram App] [           main] o.h.boot.internal.ClassLoaderAccessImpl  : No temp ClassLoader provided; using live ClassLoader for loading potentially unsafe class : com.example.chi_daram.entity.Decreasedocumenttype
2025-08-24T11:33:14.109+03:30 DEBUG 1188 --- [ChiDaram App] [           main] o.h.boot.model.internal.PropertyBinder   : MetadataSourceProcessor property id with lazy=false
2025-08-24T11:33:14.110+03:30 DEBUG 1188 --- [ChiDaram App] [           main] o.h.b.m.internal.AbstractPropertyHolder  : Attempting to locate auto-apply AttributeConverter for property [com.example.chi_daram.entity.Decreasedocumenttype:id]
2025-08-24T11:33:14.110+03:30 DEBUG 1188 --- [ChiDaram App] [           main] o.h.b.model.internal.BasicValueBinder    : building BasicValue for id
2025-08-24T11:33:14.110+03:30 DEBUG 1188 --- [ChiDaram App] [           main] org.hibernate.mapping.BasicValue         : Skipping column re-registration: decreasedocumenttype.id
2025-08-24T11:33:14.111+03:30 DEBUG 1188 --- [ChiDaram App] [           main] o.h.boot.model.internal.PropertyBinder   : Building property id
2025-08-24T11:33:14.111+03:30 DEBUG 1188 --- [ChiDaram App] [           main] o.h.boot.model.internal.BinderHelper     : #makeIdGenerator(BasicValue([Column(id)]), id, identity, , ...)
2025-08-24T11:33:14.112+03:30 DEBUG 1188 --- [ChiDaram App] [           main] o.h.boot.model.internal.AnnotatedColumn  : Binding column: AnnotatedColumn(column='description')
2025-08-24T11:33:14.112+03:30 DEBUG 1188 --- [ChiDaram App] [           main] o.h.boot.model.internal.PropertyBinder   : MetadataSourceProcessor property description with lazy=false
2025-08-24T11:33:14.112+03:30 DEBUG 1188 --- [ChiDaram App] [           main] o.h.b.m.internal.AbstractPropertyHolder  : Attempting to locate auto-apply AttributeConverter for property [com.example.chi_daram.entity.Decreasedocumenttype:description]
2025-08-24T11:33:14.113+03:30 DEBUG 1188 --- [ChiDaram App] [           main] o.h.b.model.internal.BasicValueBinder    : building BasicValue for description
2025-08-24T11:33:14.113+03:30 DEBUG 1188 --- [ChiDaram App] [           main] org.hibernate.mapping.BasicValue         : Skipping column re-registration: decreasedocumenttype.description
2025-08-24T11:33:14.113+03:30 DEBUG 1188 --- [ChiDaram App] [           main] o.h.boot.model.internal.PropertyBinder   : Building property description
2025-08-24T11:33:14.114+03:30 DEBUG 1188 --- [ChiDaram App] [           main] o.h.boot.model.internal.AnnotatedColumn  : Binding column: AnnotatedColumn(column='title')
2025-08-24T11:33:14.114+03:30 DEBUG 1188 --- [ChiDaram App] [           main] o.h.boot.model.internal.PropertyBinder   : MetadataSourceProcessor property title with lazy=false
2025-08-24T11:33:14.115+03:30 DEBUG 1188 --- [ChiDaram App] [           main] o.h.b.m.internal.AbstractPropertyHolder  : Attempting to locate auto-apply AttributeConverter for property [com.example.chi_daram.entity.Decreasedocumenttype:title]
2025-08-24T11:33:14.116+03:30 DEBUG 1188 --- [ChiDaram App] [           main] o.h.b.model.internal.BasicValueBinder    : building BasicValue for title
2025-08-24T11:33:14.121+03:30 DEBUG 1188 --- [ChiDaram App] [           main] org.hibernate.mapping.BasicValue         : Skipping column re-registration: decreasedocumenttype.title
2025-08-24T11:33:14.122+03:30 DEBUG 1188 --- [ChiDaram App] [           main] o.h.boot.model.internal.PropertyBinder   : Building property title
2025-08-24T11:33:14.125+03:30 DEBUG 1188 --- [ChiDaram App] [           main] o.h.b.r.c.i.ClassLoaderServiceImpl       : HHH000194: Package not found or no package-info.java: com.example.chi_daram.entity
2025-08-24T11:33:14.151+03:30 DEBUG 1188 --- [ChiDaram App] [           main] o.h.boot.model.internal.EntityBinder     : Binding entity from annotated class: com.example.chi_daram.entity.Dynamicfields
2025-08-24T11:33:14.153+03:30 DEBUG 1188 --- [ChiDaram App] [           main] o.h.boot.model.internal.EntityBinder     : Import with entity name Dynamicfields
2025-08-24T11:33:14.153+03:30 DEBUG 1188 --- [ChiDaram App] [           main] o.h.boot.model.internal.EntityBinder     : Bind entity com.example.chi_daram.entity.Dynamicfields on table dynamicfields
2025-08-24T11:33:14.157+03:30 DEBUG 1188 --- [ChiDaram App] [           main] o.h.boot.model.internal.AnnotatedColumn  : Binding column: AnnotatedDiscriminatorColumn(column='DTYPE')
2025-08-24T11:33:14.162+03:30 DEBUG 1188 --- [ChiDaram App] [           main] o.h.boot.model.internal.AnnotatedColumn  : Binding column: AnnotatedColumn()
2025-08-24T11:33:14.162+03:30 DEBUG 1188 --- [ChiDaram App] [           main] o.h.boot.internal.ClassLoaderAccessImpl  : Not known whether passed class name [com.example.chi_daram.entity.Dynamicfields] is safe
2025-08-24T11:33:14.162+03:30 DEBUG 1188 --- [ChiDaram App] [           main] o.h.boot.internal.ClassLoaderAccessImpl  : No temp ClassLoader provided; using live ClassLoader for loading potentially unsafe class : com.example.chi_daram.entity.Dynamicfields
2025-08-24T11:33:14.162+03:30 DEBUG 1188 --- [ChiDaram App] [           main] o.h.boot.model.internal.PropertyBinder   : MetadataSourceProcessor property id with lazy=false
2025-08-24T11:33:14.164+03:30 DEBUG 1188 --- [ChiDaram App] [           main] o.h.b.m.internal.AbstractPropertyHolder  : Attempting to locate auto-apply AttributeConverter for property [com.example.chi_daram.entity.Dynamicfields:id]
2025-08-24T11:33:14.164+03:30 DEBUG 1188 --- [ChiDaram App] [           main] o.h.b.model.internal.BasicValueBinder    : building BasicValue for id
2025-08-24T11:33:14.164+03:30 DEBUG 1188 --- [ChiDaram App] [           main] org.hibernate.mapping.BasicValue         : Skipping column re-registration: dynamicfields.id
2025-08-24T11:33:14.165+03:30 DEBUG 1188 --- [ChiDaram App] [           main] o.h.boot.model.internal.PropertyBinder   : Building property id
2025-08-24T11:33:14.165+03:30 DEBUG 1188 --- [ChiDaram App] [           main] o.h.boot.model.internal.BinderHelper     : #makeIdGenerator(BasicValue([Column(id)]), id, identity, , ...)
2025-08-24T11:33:14.166+03:30 DEBUG 1188 --- [ChiDaram App] [           main] o.h.boot.model.internal.AnnotatedColumn  : Binding column: AnnotatedColumn(column='descripsion')
2025-08-24T11:33:14.167+03:30 DEBUG 1188 --- [ChiDaram App] [           main] o.h.boot.model.internal.PropertyBinder   : MetadataSourceProcessor property description with lazy=false
2025-08-24T11:33:14.169+03:30 DEBUG 1188 --- [ChiDaram App] [           main] o.h.b.m.internal.AbstractPropertyHolder  : Attempting to locate auto-apply AttributeConverter for property [com.example.chi_daram.entity.Dynamicfields:description]
2025-08-24T11:33:14.169+03:30 DEBUG 1188 --- [ChiDaram App] [           main] o.h.b.model.internal.BasicValueBinder    : building BasicValue for description
2025-08-24T11:33:14.172+03:30 DEBUG 1188 --- [ChiDaram App] [           main] org.hibernate.mapping.BasicValue         : Skipping column re-registration: dynamicfields.descripsion
2025-08-24T11:33:14.172+03:30 DEBUG 1188 --- [ChiDaram App] [           main] o.h.boot.model.internal.PropertyBinder   : Building property description
2025-08-24T11:33:14.173+03:30 DEBUG 1188 --- [ChiDaram App] [           main] o.h.boot.model.internal.AnnotatedColumn  : Binding column: AnnotatedJoinColumn(column='itemid')
2025-08-24T11:33:14.173+03:30 DEBUG 1188 --- [ChiDaram App] [           main] o.h.boot.model.internal.AnnotatedColumn  : Binding column: AnnotatedColumn()
2025-08-24T11:33:14.174+03:30 DEBUG 1188 --- [ChiDaram App] [           main] o.h.boot.model.internal.PropertyBinder   : Building property item
2025-08-24T11:33:14.177+03:30 DEBUG 1188 --- [ChiDaram App] [           main] o.h.b.r.c.i.ClassLoaderServiceImpl       : HHH000194: Package not found or no package-info.java: com.example.chi_daram.entity
2025-08-24T11:33:14.223+03:30 DEBUG 1188 --- [ChiDaram App] [           main] o.h.boot.model.internal.EntityBinder     : Binding entity from annotated class: com.example.chi_daram.entity.Increasedocument
2025-08-24T11:33:14.226+03:30 DEBUG 1188 --- [ChiDaram App] [           main] o.h.boot.model.internal.EntityBinder     : Import with entity name Increasedocument
2025-08-24T11:33:14.227+03:30 DEBUG 1188 --- [ChiDaram App] [           main] o.h.boot.model.internal.EntityBinder     : Bind entity com.example.chi_daram.entity.Increasedocument on table increasedocument
2025-08-24T11:33:14.228+03:30 DEBUG 1188 --- [ChiDaram App] [           main] o.h.boot.model.internal.AnnotatedColumn  : Binding column: AnnotatedDiscriminatorColumn(column='DTYPE')
2025-08-24T11:33:14.243+03:30 DEBUG 1188 --- [ChiDaram App] [           main] o.h.boot.model.internal.AnnotatedColumn  : Binding column: AnnotatedColumn()
2025-08-24T11:33:14.243+03:30 DEBUG 1188 --- [ChiDaram App] [           main] o.h.boot.internal.ClassLoaderAccessImpl  : Not known whether passed class name [com.example.chi_daram.entity.Increasedocument] is safe
2025-08-24T11:33:14.243+03:30 DEBUG 1188 --- [ChiDaram App] [           main] o.h.boot.internal.ClassLoaderAccessImpl  : No temp ClassLoader provided; using live ClassLoader for loading potentially unsafe class : com.example.chi_daram.entity.Increasedocument
2025-08-24T11:33:14.244+03:30 DEBUG 1188 --- [ChiDaram App] [           main] o.h.boot.model.internal.PropertyBinder   : MetadataSourceProcessor property id with lazy=false
2025-08-24T11:33:14.245+03:30 DEBUG 1188 --- [ChiDaram App] [           main] o.h.b.m.internal.AbstractPropertyHolder  : Attempting to locate auto-apply AttributeConverter for property [com.example.chi_daram.entity.Increasedocument:id]
2025-08-24T11:33:14.248+03:30 DEBUG 1188 --- [ChiDaram App] [           main] o.h.b.model.internal.BasicValueBinder    : building BasicValue for id
2025-08-24T11:33:14.249+03:30 DEBUG 1188 --- [ChiDaram App] [           main] org.hibernate.mapping.BasicValue         : Skipping column re-registration: increasedocument.id
2025-08-24T11:33:14.250+03:30 DEBUG 1188 --- [ChiDaram App] [           main] o.h.boot.model.internal.PropertyBinder   : Building property id
2025-08-24T11:33:14.250+03:30 DEBUG 1188 --- [ChiDaram App] [           main] o.h.boot.model.internal.BinderHelper     : #makeIdGenerator(BasicValue([Column(id)]), id, identity, , ...)
2025-08-24T11:33:14.251+03:30 DEBUG 1188 --- [ChiDaram App] [           main] o.h.boot.model.internal.AnnotatedColumn  : Binding column: AnnotatedColumn(column='description')
2025-08-24T11:33:14.252+03:30 DEBUG 1188 --- [ChiDaram App] [           main] o.h.boot.model.internal.PropertyBinder   : MetadataSourceProcessor property description with lazy=false
2025-08-24T11:33:14.252+03:30 DEBUG 1188 --- [ChiDaram App] [           main] o.h.b.m.internal.AbstractPropertyHolder  : Attempting to locate auto-apply AttributeConverter for property [com.example.chi_daram.entity.Increasedocument:description]
2025-08-24T11:33:14.253+03:30 DEBUG 1188 --- [ChiDaram App] [           main] o.h.b.model.internal.BasicValueBinder    : building BasicValue for description
2025-08-24T11:33:14.253+03:30 DEBUG 1188 --- [ChiDaram App] [           main] org.hibernate.mapping.BasicValue         : Skipping column re-registration: increasedocument.description
2025-08-24T11:33:14.253+03:30 DEBUG 1188 --- [ChiDaram App] [           main] o.h.boot.model.internal.PropertyBinder   : Building property description
2025-08-24T11:33:14.254+03:30 DEBUG 1188 --- [ChiDaram App] [           main] o.h.boot.model.internal.AnnotatedColumn  : Binding column: AnnotatedColumn(column='documentnumber')
2025-08-24T11:33:14.255+03:30 DEBUG 1188 --- [ChiDaram App] [           main] o.h.boot.model.internal.PropertyBinder   : MetadataSourceProcessor property documentNumber with lazy=false
2025-08-24T11:33:14.257+03:30 DEBUG 1188 --- [ChiDaram App] [           main] o.h.b.m.internal.AbstractPropertyHolder  : Attempting to locate auto-apply AttributeConverter for property [com.example.chi_daram.entity.Increasedocument:documentNumber]
2025-08-24T11:33:14.258+03:30 DEBUG 1188 --- [ChiDaram App] [           main] o.h.b.model.internal.BasicValueBinder    : building BasicValue for documentNumber
2025-08-24T11:33:14.268+03:30 DEBUG 1188 --- [ChiDaram App] [           main] org.hibernate.mapping.BasicValue         : Skipping column re-registration: increasedocument.documentnumber
2025-08-24T11:33:14.269+03:30 DEBUG 1188 --- [ChiDaram App] [           main] o.h.boot.model.internal.PropertyBinder   : Building property documentNumber
2025-08-24T11:33:14.271+03:30 DEBUG 1188 --- [ChiDaram App] [           main] o.h.boot.model.internal.AnnotatedColumn  : Binding column: AnnotatedColumn(column='increasedate')
2025-08-24T11:33:14.272+03:30 DEBUG 1188 --- [ChiDaram App] [           main] o.h.boot.model.internal.PropertyBinder   : MetadataSourceProcessor property increaseDate with lazy=false
2025-08-24T11:33:14.272+03:30 DEBUG 1188 --- [ChiDaram App] [           main] o.h.b.m.internal.AbstractPropertyHolder  : Attempting to locate auto-apply AttributeConverter for property [com.example.chi_daram.entity.Increasedocument:increaseDate]
2025-08-24T11:33:14.273+03:30 DEBUG 1188 --- [ChiDaram App] [           main] o.h.b.model.internal.BasicValueBinder    : building BasicValue for increaseDate
2025-08-24T11:33:14.274+03:30 DEBUG 1188 --- [ChiDaram App] [           main] org.hibernate.mapping.BasicValue         : Skipping column re-registration: increasedocument.increasedate
2025-08-24T11:33:14.274+03:30 DEBUG 1188 --- [ChiDaram App] [           main] o.h.boot.model.internal.PropertyBinder   : Building property increaseDate
2025-08-24T11:33:14.274+03:30 DEBUG 1188 --- [ChiDaram App] [           main] o.h.boot.model.internal.AnnotatedColumn  : Binding column: AnnotatedJoinColumn(column='increasetypeid')
2025-08-24T11:33:14.275+03:30 DEBUG 1188 --- [ChiDaram App] [           main] o.h.boot.model.internal.AnnotatedColumn  : Binding column: AnnotatedColumn()
2025-08-24T11:33:14.276+03:30 DEBUG 1188 --- [ChiDaram App] [           main] o.h.boot.model.internal.PropertyBinder   : Building property increaseType
2025-08-24T11:33:14.277+03:30 DEBUG 1188 --- [ChiDaram App] [           main] o.h.boot.model.internal.AnnotatedColumn  : Binding column: AnnotatedJoinColumn(column='userid')
2025-08-24T11:33:14.277+03:30 DEBUG 1188 --- [ChiDaram App] [           main] o.h.boot.model.internal.AnnotatedColumn  : Binding column: AnnotatedColumn()
2025-08-24T11:33:14.278+03:30 DEBUG 1188 --- [ChiDaram App] [           main] o.h.boot.model.internal.PropertyBinder   : Building property user
2025-08-24T11:33:14.282+03:30 DEBUG 1188 --- [ChiDaram App] [           main] o.h.b.r.c.i.ClassLoaderServiceImpl       : HHH000194: Package not found or no package-info.java: com.example.chi_daram.entity
2025-08-24T11:33:14.286+03:30 DEBUG 1188 --- [ChiDaram App] [           main] o.h.boot.model.internal.EntityBinder     : Binding entity from annotated class: com.example.chi_daram.entity.Increasedocumentrow
2025-08-24T11:33:14.288+03:30 DEBUG 1188 --- [ChiDaram App] [           main] o.h.boot.model.internal.EntityBinder     : Import with entity name Increasedocumentrow
2025-08-24T11:33:14.289+03:30 DEBUG 1188 --- [ChiDaram App] [           main] o.h.boot.model.internal.EntityBinder     : Bind entity com.example.chi_daram.entity.Increasedocumentrow on table increasedocumentrow
2025-08-24T11:33:14.292+03:30 DEBUG 1188 --- [ChiDaram App] [           main] o.h.boot.model.internal.AnnotatedColumn  : Binding column: AnnotatedDiscriminatorColumn(column='DTYPE')
2025-08-24T11:33:14.306+03:30 DEBUG 1188 --- [ChiDaram App] [           main] o.h.boot.model.internal.AnnotatedColumn  : Binding column: AnnotatedColumn()
2025-08-24T11:33:14.306+03:30 DEBUG 1188 --- [ChiDaram App] [           main] o.h.boot.internal.ClassLoaderAccessImpl  : Not known whether passed class name [com.example.chi_daram.entity.Increasedocumentrow] is safe
2025-08-24T11:33:14.306+03:30 DEBUG 1188 --- [ChiDaram App] [           main] o.h.boot.internal.ClassLoaderAccessImpl  : No temp ClassLoader provided; using live ClassLoader for loading potentially unsafe class : com.example.chi_daram.entity.Increasedocumentrow
2025-08-24T11:33:14.306+03:30 DEBUG 1188 --- [ChiDaram App] [           main] o.h.boot.model.internal.PropertyBinder   : MetadataSourceProcessor property id with lazy=false
2025-08-24T11:33:14.306+03:30 DEBUG 1188 --- [ChiDaram App] [           main] o.h.b.m.internal.AbstractPropertyHolder  : Attempting to locate auto-apply AttributeConverter for property [com.example.chi_daram.entity.Increasedocumentrow:id]
2025-08-24T11:33:14.306+03:30 DEBUG 1188 --- [ChiDaram App] [           main] o.h.b.model.internal.BasicValueBinder    : building BasicValue for id
2025-08-24T11:33:14.307+03:30 DEBUG 1188 --- [ChiDaram App] [           main] org.hibernate.mapping.BasicValue         : Skipping column re-registration: increasedocumentrow.id
2025-08-24T11:33:14.307+03:30 DEBUG 1188 --- [ChiDaram App] [           main] o.h.boot.model.internal.PropertyBinder   : Building property id
2025-08-24T11:33:14.307+03:30 DEBUG 1188 --- [ChiDaram App] [           main] o.h.boot.model.internal.BinderHelper     : #makeIdGenerator(BasicValue([Column(id)]), id, identity, , ...)
2025-08-24T11:33:14.309+03:30 DEBUG 1188 --- [ChiDaram App] [           main] o.h.boot.model.internal.AnnotatedColumn  : Binding column: AnnotatedColumn(column='description')
2025-08-24T11:33:14.310+03:30 DEBUG 1188 --- [ChiDaram App] [           main] o.h.boot.model.internal.PropertyBinder   : MetadataSourceProcessor property description with lazy=false
2025-08-24T11:33:14.310+03:30 DEBUG 1188 --- [ChiDaram App] [           main] o.h.b.m.internal.AbstractPropertyHolder  : Attempting to locate auto-apply AttributeConverter for property [com.example.chi_daram.entity.Increasedocumentrow:description]
2025-08-24T11:33:14.310+03:30 DEBUG 1188 --- [ChiDaram App] [           main] o.h.b.model.internal.BasicValueBinder    : building BasicValue for description
2025-08-24T11:33:14.310+03:30 DEBUG 1188 --- [ChiDaram App] [           main] org.hibernate.mapping.BasicValue         : Skipping column re-registration: increasedocumentrow.description
2025-08-24T11:33:14.310+03:30 DEBUG 1188 --- [ChiDaram App] [           main] o.h.boot.model.internal.PropertyBinder   : Building property description
2025-08-24T11:33:14.313+03:30 DEBUG 1188 --- [ChiDaram App] [           main] o.h.boot.model.internal.AnnotatedColumn  : Binding column: AnnotatedJoinColumn(column='increasedocumentid')
2025-08-24T11:33:14.317+03:30 DEBUG 1188 --- [ChiDaram App] [           main] o.h.boot.model.internal.AnnotatedColumn  : Binding column: AnnotatedColumn()
2025-08-24T11:33:14.321+03:30 DEBUG 1188 --- [ChiDaram App] [           main] o.h.boot.model.internal.PropertyBinder   : Building property increasedocument
2025-08-24T11:33:14.324+03:30 DEBUG 1188 --- [ChiDaram App] [           main] o.h.boot.model.internal.AnnotatedColumn  : Binding column: AnnotatedJoinColumn(column='itemid')
2025-08-24T11:33:14.325+03:30 DEBUG 1188 --- [ChiDaram App] [           main] o.h.boot.model.internal.AnnotatedColumn  : Binding column: AnnotatedColumn()
2025-08-24T11:33:14.329+03:30 DEBUG 1188 --- [ChiDaram App] [           main] o.h.boot.model.internal.PropertyBinder   : Building property item
2025-08-24T11:33:14.331+03:30 DEBUG 1188 --- [ChiDaram App] [           main] o.h.boot.model.internal.AnnotatedColumn  : Binding column: AnnotatedColumn(column='quantity')
2025-08-24T11:33:14.331+03:30 DEBUG 1188 --- [ChiDaram App] [           main] o.h.boot.model.internal.PropertyBinder   : MetadataSourceProcessor property quantity with lazy=false
2025-08-24T11:33:14.332+03:30 DEBUG 1188 --- [ChiDaram App] [           main] o.h.b.m.internal.AbstractPropertyHolder  : Attempting to locate auto-apply AttributeConverter for property [com.example.chi_daram.entity.Increasedocumentrow:quantity]
2025-08-24T11:33:14.332+03:30 DEBUG 1188 --- [ChiDaram App] [           main] o.h.b.model.internal.BasicValueBinder    : building BasicValue for quantity
2025-08-24T11:33:14.333+03:30 DEBUG 1188 --- [ChiDaram App] [           main] org.hibernate.mapping.BasicValue         : Skipping column re-registration: increasedocumentrow.quantity
2025-08-24T11:33:14.333+03:30 DEBUG 1188 --- [ChiDaram App] [           main] o.h.boot.model.internal.PropertyBinder   : Building property quantity
2025-08-24T11:33:14.334+03:30 DEBUG 1188 --- [ChiDaram App] [           main] o.h.boot.model.internal.AnnotatedColumn  : Binding column: AnnotatedColumn(column='unitprice')
2025-08-24T11:33:14.336+03:30 DEBUG 1188 --- [ChiDaram App] [           main] o.h.boot.model.internal.PropertyBinder   : MetadataSourceProcessor property unitPrice with lazy=false
2025-08-24T11:33:14.336+03:30 DEBUG 1188 --- [ChiDaram App] [           main] o.h.b.m.internal.AbstractPropertyHolder  : Attempting to locate auto-apply AttributeConverter for property [com.example.chi_daram.entity.Increasedocumentrow:unitPrice]
2025-08-24T11:33:14.336+03:30 DEBUG 1188 --- [ChiDaram App] [           main] o.h.b.model.internal.BasicValueBinder    : building BasicValue for unitPrice
2025-08-24T11:33:14.336+03:30 DEBUG 1188 --- [ChiDaram App] [           main] org.hibernate.mapping.BasicValue         : Skipping column re-registration: increasedocumentrow.unitprice
2025-08-24T11:33:14.337+03:30 DEBUG 1188 --- [ChiDaram App] [           main] o.h.boot.model.internal.PropertyBinder   : Building property unitPrice
2025-08-24T11:33:14.344+03:30 DEBUG 1188 --- [ChiDaram App] [           main] o.h.b.r.c.i.ClassLoaderServiceImpl       : HHH000194: Package not found or no package-info.java: com.example.chi_daram.entity
2025-08-24T11:33:14.346+03:30 DEBUG 1188 --- [ChiDaram App] [           main] o.h.boot.model.internal.EntityBinder     : Binding entity from annotated class: com.example.chi_daram.entity.Increasedocumenttype
2025-08-24T11:33:14.347+03:30 DEBUG 1188 --- [ChiDaram App] [           main] o.h.boot.model.internal.EntityBinder     : Import with entity name Increasedocumenttype
2025-08-24T11:33:14.348+03:30 DEBUG 1188 --- [ChiDaram App] [           main] o.h.boot.model.internal.EntityBinder     : Bind entity com.example.chi_daram.entity.Increasedocumenttype on table increasedocumenttype
2025-08-24T11:33:14.348+03:30 DEBUG 1188 --- [ChiDaram App] [           main] o.h.boot.model.internal.AnnotatedColumn  : Binding column: AnnotatedDiscriminatorColumn(column='DTYPE')
2025-08-24T11:33:14.350+03:30 DEBUG 1188 --- [ChiDaram App] [           main] o.h.boot.model.internal.AnnotatedColumn  : Binding column: AnnotatedColumn()
2025-08-24T11:33:14.351+03:30 DEBUG 1188 --- [ChiDaram App] [           main] o.h.boot.internal.ClassLoaderAccessImpl  : Not known whether passed class name [com.example.chi_daram.entity.Increasedocumenttype] is safe
2025-08-24T11:33:14.351+03:30 DEBUG 1188 --- [ChiDaram App] [           main] o.h.boot.internal.ClassLoaderAccessImpl  : No temp ClassLoader provided; using live ClassLoader for loading potentially unsafe class : com.example.chi_daram.entity.Increasedocumenttype
2025-08-24T11:33:14.352+03:30 DEBUG 1188 --- [ChiDaram App] [           main] o.h.boot.model.internal.PropertyBinder   : MetadataSourceProcessor property id with lazy=false
2025-08-24T11:33:14.352+03:30 DEBUG 1188 --- [ChiDaram App] [           main] o.h.b.m.internal.AbstractPropertyHolder  : Attempting to locate auto-apply AttributeConverter for property [com.example.chi_daram.entity.Increasedocumenttype:id]
2025-08-24T11:33:14.352+03:30 DEBUG 1188 --- [ChiDaram App] [           main] o.h.b.model.internal.BasicValueBinder    : building BasicValue for id
2025-08-24T11:33:14.352+03:30 DEBUG 1188 --- [ChiDaram App] [           main] org.hibernate.mapping.BasicValue         : Skipping column re-registration: increasedocumenttype.id
2025-08-24T11:33:14.353+03:30 DEBUG 1188 --- [ChiDaram App] [           main] o.h.boot.model.internal.PropertyBinder   : Building property id
2025-08-24T11:33:14.353+03:30 DEBUG 1188 --- [ChiDaram App] [           main] o.h.boot.model.internal.BinderHelper     : #makeIdGenerator(BasicValue([Column(id)]), id, identity, , ...)
2025-08-24T11:33:14.358+03:30 DEBUG 1188 --- [ChiDaram App] [           main] o.h.boot.model.internal.AnnotatedColumn  : Binding column: AnnotatedColumn(column='description')
2025-08-24T11:33:14.359+03:30 DEBUG 1188 --- [ChiDaram App] [           main] o.h.boot.model.internal.PropertyBinder   : MetadataSourceProcessor property description with lazy=false
2025-08-24T11:33:14.359+03:30 DEBUG 1188 --- [ChiDaram App] [           main] o.h.b.m.internal.AbstractPropertyHolder  : Attempting to locate auto-apply AttributeConverter for property [com.example.chi_daram.entity.Increasedocumenttype:description]
2025-08-24T11:33:14.359+03:30 DEBUG 1188 --- [ChiDaram App] [           main] o.h.b.model.internal.BasicValueBinder    : building BasicValue for description
2025-08-24T11:33:14.359+03:30 DEBUG 1188 --- [ChiDaram App] [           main] org.hibernate.mapping.BasicValue         : Skipping column re-registration: increasedocumenttype.description
2025-08-24T11:33:14.359+03:30 DEBUG 1188 --- [ChiDaram App] [           main] o.h.boot.model.internal.PropertyBinder   : Building property description
2025-08-24T11:33:14.360+03:30 DEBUG 1188 --- [ChiDaram App] [           main] o.h.boot.model.internal.AnnotatedColumn  : Binding column: AnnotatedColumn(column='title')
2025-08-24T11:33:14.360+03:30 DEBUG 1188 --- [ChiDaram App] [           main] o.h.boot.model.internal.PropertyBinder   : MetadataSourceProcessor property title with lazy=false
2025-08-24T11:33:14.361+03:30 DEBUG 1188 --- [ChiDaram App] [           main] o.h.b.m.internal.AbstractPropertyHolder  : Attempting to locate auto-apply AttributeConverter for property [com.example.chi_daram.entity.Increasedocumenttype:title]
2025-08-24T11:33:14.361+03:30 DEBUG 1188 --- [ChiDaram App] [           main] o.h.b.model.internal.BasicValueBinder    : building BasicValue for title
2025-08-24T11:33:14.361+03:30 DEBUG 1188 --- [ChiDaram App] [           main] org.hibernate.mapping.BasicValue         : Skipping column re-registration: increasedocumenttype.title
2025-08-24T11:33:14.361+03:30 DEBUG 1188 --- [ChiDaram App] [           main] o.h.boot.model.internal.PropertyBinder   : Building property title
2025-08-24T11:33:14.364+03:30 DEBUG 1188 --- [ChiDaram App] [           main] o.h.b.r.c.i.ClassLoaderServiceImpl       : HHH000194: Package not found or no package-info.java: com.example.chi_daram.entity
2025-08-24T11:33:14.365+03:30 DEBUG 1188 --- [ChiDaram App] [           main] o.h.boot.model.internal.EntityBinder     : Binding entity from annotated class: com.example.chi_daram.entity.Item
2025-08-24T11:33:14.366+03:30 DEBUG 1188 --- [ChiDaram App] [           main] o.h.boot.model.internal.EntityBinder     : Import with entity name Item
2025-08-24T11:33:14.366+03:30 DEBUG 1188 --- [ChiDaram App] [           main] o.h.boot.model.internal.EntityBinder     : Bind entity com.example.chi_daram.entity.Item on table item
2025-08-24T11:33:14.367+03:30 DEBUG 1188 --- [ChiDaram App] [           main] o.h.boot.model.internal.AnnotatedColumn  : Binding column: AnnotatedDiscriminatorColumn(column='DTYPE')
2025-08-24T11:33:14.370+03:30 DEBUG 1188 --- [ChiDaram App] [           main] o.h.boot.model.internal.AnnotatedColumn  : Binding column: AnnotatedColumn()
2025-08-24T11:33:14.370+03:30 DEBUG 1188 --- [ChiDaram App] [           main] o.h.boot.internal.ClassLoaderAccessImpl  : Not known whether passed class name [com.example.chi_daram.entity.Item] is safe
2025-08-24T11:33:14.370+03:30 DEBUG 1188 --- [ChiDaram App] [           main] o.h.boot.internal.ClassLoaderAccessImpl  : No temp ClassLoader provided; using live ClassLoader for loading potentially unsafe class : com.example.chi_daram.entity.Item
2025-08-24T11:33:14.371+03:30 DEBUG 1188 --- [ChiDaram App] [           main] o.h.boot.model.internal.PropertyBinder   : MetadataSourceProcessor property id with lazy=false
2025-08-24T11:33:14.371+03:30 DEBUG 1188 --- [ChiDaram App] [           main] o.h.b.m.internal.AbstractPropertyHolder  : Attempting to locate auto-apply AttributeConverter for property [com.example.chi_daram.entity.Item:id]
2025-08-24T11:33:14.371+03:30 DEBUG 1188 --- [ChiDaram App] [           main] o.h.b.model.internal.BasicValueBinder    : building BasicValue for id
2025-08-24T11:33:14.371+03:30 DEBUG 1188 --- [ChiDaram App] [           main] org.hibernate.mapping.BasicValue         : Skipping column re-registration: item.id
2025-08-24T11:33:14.393+03:30 DEBUG 1188 --- [ChiDaram App] [           main] o.h.boot.model.internal.PropertyBinder   : Building property id
2025-08-24T11:33:14.393+03:30 DEBUG 1188 --- [ChiDaram App] [           main] o.h.boot.model.internal.BinderHelper     : #makeIdGenerator(BasicValue([Column(id)]), id, identity, , ...)
2025-08-24T11:33:14.394+03:30 DEBUG 1188 --- [ChiDaram App] [           main] o.h.boot.model.internal.AnnotatedColumn  : Binding column: AnnotatedJoinColumn(column='categorylevel2id')
2025-08-24T11:33:14.394+03:30 DEBUG 1188 --- [ChiDaram App] [           main] o.h.boot.model.internal.AnnotatedColumn  : Binding column: AnnotatedColumn()
2025-08-24T11:33:14.396+03:30 DEBUG 1188 --- [ChiDaram App] [           main] o.h.boot.model.internal.PropertyBinder   : Building property categorylevel2
2025-08-24T11:33:14.397+03:30 DEBUG 1188 --- [ChiDaram App] [           main] o.h.boot.model.internal.AnnotatedColumn  : Binding column: AnnotatedColumn(column='color')
2025-08-24T11:33:14.400+03:30 DEBUG 1188 --- [ChiDaram App] [           main] o.h.boot.model.internal.PropertyBinder   : MetadataSourceProcessor property color with lazy=false
2025-08-24T11:33:14.406+03:30 DEBUG 1188 --- [ChiDaram App] [           main] o.h.b.m.internal.AbstractPropertyHolder  : Attempting to locate auto-apply AttributeConverter for property [com.example.chi_daram.entity.Item:color]
2025-08-24T11:33:14.407+03:30 DEBUG 1188 --- [ChiDaram App] [           main] o.h.b.model.internal.BasicValueBinder    : building BasicValue for color
2025-08-24T11:33:14.407+03:30 DEBUG 1188 --- [ChiDaram App] [           main] org.hibernate.mapping.BasicValue         : Skipping column re-registration: item.color
2025-08-24T11:33:14.408+03:30 DEBUG 1188 --- [ChiDaram App] [           main] o.h.boot.model.internal.PropertyBinder   : Building property color
2025-08-24T11:33:14.408+03:30 DEBUG 1188 --- [ChiDaram App] [           main] o.h.boot.model.internal.AnnotatedColumn  : Binding column: AnnotatedColumn(column='description')
2025-08-24T11:33:14.409+03:30 DEBUG 1188 --- [ChiDaram App] [           main] o.h.boot.model.internal.PropertyBinder   : MetadataSourceProcessor property description with lazy=false
2025-08-24T11:33:14.410+03:30 DEBUG 1188 --- [ChiDaram App] [           main] o.h.b.m.internal.AbstractPropertyHolder  : Attempting to locate auto-apply AttributeConverter for property [com.example.chi_daram.entity.Item:description]
2025-08-24T11:33:14.411+03:30 DEBUG 1188 --- [ChiDaram App] [           main] o.h.b.model.internal.BasicValueBinder    : building BasicValue for description
2025-08-24T11:33:14.411+03:30 DEBUG 1188 --- [ChiDaram App] [           main] org.hibernate.mapping.BasicValue         : Skipping column re-registration: item.description
2025-08-24T11:33:14.412+03:30 DEBUG 1188 --- [ChiDaram App] [           main] o.h.boot.model.internal.PropertyBinder   : Building property description
2025-08-24T11:33:14.429+03:30 DEBUG 1188 --- [ChiDaram App] [           main] o.h.boot.model.internal.AnnotatedColumn  : Binding column: AnnotatedColumn(column='image')
2025-08-24T11:33:14.430+03:30 DEBUG 1188 --- [ChiDaram App] [           main] o.h.boot.model.internal.PropertyBinder   : MetadataSourceProcessor property image with lazy=false
2025-08-24T11:33:14.430+03:30 DEBUG 1188 --- [ChiDaram App] [           main] o.h.b.m.internal.AbstractPropertyHolder  : Attempting to locate auto-apply AttributeConverter for property [com.example.chi_daram.entity.Item:image]
2025-08-24T11:33:14.430+03:30 DEBUG 1188 --- [ChiDaram App] [           main] o.h.b.model.internal.BasicValueBinder    : building BasicValue for image
2025-08-24T11:33:14.430+03:30 DEBUG 1188 --- [ChiDaram App] [           main] org.hibernate.mapping.BasicValue         : Skipping column re-registration: item.image
2025-08-24T11:33:14.431+03:30 DEBUG 1188 --- [ChiDaram App] [           main] o.h.boot.model.internal.PropertyBinder   : Building property image
2025-08-24T11:33:14.432+03:30 DEBUG 1188 --- [ChiDaram App] [           main] o.h.boot.model.internal.AnnotatedColumn  : Binding column: AnnotatedColumn(column='name')
2025-08-24T11:33:14.433+03:30 DEBUG 1188 --- [ChiDaram App] [           main] o.h.boot.model.internal.PropertyBinder   : MetadataSourceProcessor property name with lazy=false
2025-08-24T11:33:14.433+03:30 DEBUG 1188 --- [ChiDaram App] [           main] o.h.b.m.internal.AbstractPropertyHolder  : Attempting to locate auto-apply AttributeConverter for property [com.example.chi_daram.entity.Item:name]
2025-08-24T11:33:14.433+03:30 DEBUG 1188 --- [ChiDaram App] [           main] o.h.b.model.internal.BasicValueBinder    : building BasicValue for name
2025-08-24T11:33:14.433+03:30 DEBUG 1188 --- [ChiDaram App] [           main] org.hibernate.mapping.BasicValue         : Skipping column re-registration: item.name
2025-08-24T11:33:14.433+03:30 DEBUG 1188 --- [ChiDaram App] [           main] o.h.boot.model.internal.PropertyBinder   : Building property name
2025-08-24T11:33:14.438+03:30 DEBUG 1188 --- [ChiDaram App] [           main] o.h.boot.model.internal.AnnotatedColumn  : Binding column: AnnotatedColumn(column='quantity')
2025-08-24T11:33:14.439+03:30 DEBUG 1188 --- [ChiDaram App] [           main] o.h.boot.model.internal.PropertyBinder   : MetadataSourceProcessor property quantity with lazy=false
2025-08-24T11:33:14.440+03:30 DEBUG 1188 --- [ChiDaram App] [           main] o.h.b.m.internal.AbstractPropertyHolder  : Attempting to locate auto-apply AttributeConverter for property [com.example.chi_daram.entity.Item:quantity]
2025-08-24T11:33:14.440+03:30 DEBUG 1188 --- [ChiDaram App] [           main] o.h.b.model.internal.BasicValueBinder    : building BasicValue for quantity
2025-08-24T11:33:14.440+03:30 DEBUG 1188 --- [ChiDaram App] [           main] org.hibernate.mapping.BasicValue         : Skipping column re-registration: item.quantity
2025-08-24T11:33:14.440+03:30 DEBUG 1188 --- [ChiDaram App] [           main] o.h.boot.model.internal.PropertyBinder   : Building property quantity
2025-08-24T11:33:14.441+03:30 DEBUG 1188 --- [ChiDaram App] [           main] o.h.boot.model.internal.AnnotatedColumn  : Binding column: AnnotatedColumn(column='size')
2025-08-24T11:33:14.441+03:30 DEBUG 1188 --- [ChiDaram App] [           main] o.h.boot.model.internal.PropertyBinder   : MetadataSourceProcessor property size with lazy=false
2025-08-24T11:33:14.466+03:30 DEBUG 1188 --- [ChiDaram App] [           main] o.h.b.m.internal.AbstractPropertyHolder  : Attempting to locate auto-apply AttributeConverter for property [com.example.chi_daram.entity.Item:size]
2025-08-24T11:33:14.467+03:30 DEBUG 1188 --- [ChiDaram App] [           main] o.h.b.model.internal.BasicValueBinder    : building BasicValue for size
2025-08-24T11:33:14.467+03:30 DEBUG 1188 --- [ChiDaram App] [           main] org.hibernate.mapping.BasicValue         : Skipping column re-registration: item.size
2025-08-24T11:33:14.467+03:30 DEBUG 1188 --- [ChiDaram App] [           main] o.h.boot.model.internal.PropertyBinder   : Building property size
2025-08-24T11:33:14.473+03:30 DEBUG 1188 --- [ChiDaram App] [           main] o.h.b.r.c.i.ClassLoaderServiceImpl       : HHH000194: Package not found or no package-info.java: com.example.chi_daram.entity
2025-08-24T11:33:14.475+03:30 DEBUG 1188 --- [ChiDaram App] [           main] o.h.boot.model.internal.EntityBinder     : Binding entity from annotated class: com.example.chi_daram.entity.ItemStatus
2025-08-24T11:33:14.475+03:30 DEBUG 1188 --- [ChiDaram App] [           main] o.h.boot.model.internal.EntityBinder     : Import with entity name ItemStatus
2025-08-24T11:33:14.475+03:30 DEBUG 1188 --- [ChiDaram App] [           main] o.h.boot.model.internal.EntityBinder     : Bind entity com.example.chi_daram.entity.ItemStatus on table itemstatus
2025-08-24T11:33:14.478+03:30 DEBUG 1188 --- [ChiDaram App] [           main] o.h.boot.model.internal.AnnotatedColumn  : Binding column: AnnotatedDiscriminatorColumn(column='DTYPE')
2025-08-24T11:33:14.481+03:30 DEBUG 1188 --- [ChiDaram App] [           main] o.h.boot.model.internal.AnnotatedColumn  : Binding column: AnnotatedColumn()
2025-08-24T11:33:14.482+03:30 DEBUG 1188 --- [ChiDaram App] [           main] o.h.boot.internal.ClassLoaderAccessImpl  : Not known whether passed class name [com.example.chi_daram.entity.ItemStatus] is safe
2025-08-24T11:33:14.482+03:30 DEBUG 1188 --- [ChiDaram App] [           main] o.h.boot.internal.ClassLoaderAccessImpl  : No temp ClassLoader provided; using live ClassLoader for loading potentially unsafe class : com.example.chi_daram.entity.ItemStatus
2025-08-24T11:33:14.482+03:30 DEBUG 1188 --- [ChiDaram App] [           main] o.h.boot.model.internal.PropertyBinder   : MetadataSourceProcessor property id with lazy=false
2025-08-24T11:33:14.483+03:30 DEBUG 1188 --- [ChiDaram App] [           main] o.h.b.m.internal.AbstractPropertyHolder  : Attempting to locate auto-apply AttributeConverter for property [com.example.chi_daram.entity.ItemStatus:id]
2025-08-24T11:33:14.483+03:30 DEBUG 1188 --- [ChiDaram App] [           main] o.h.b.model.internal.BasicValueBinder    : building BasicValue for id
2025-08-24T11:33:14.484+03:30 DEBUG 1188 --- [ChiDaram App] [           main] org.hibernate.mapping.BasicValue         : Skipping column re-registration: itemstatus.id
2025-08-24T11:33:14.486+03:30 DEBUG 1188 --- [ChiDaram App] [           main] o.h.boot.model.internal.PropertyBinder   : Building property id
2025-08-24T11:33:14.486+03:30 DEBUG 1188 --- [ChiDaram App] [           main] o.h.boot.model.internal.BinderHelper     : #makeIdGenerator(BasicValue([Column(id)]), id, identity, , ...)
2025-08-24T11:33:14.488+03:30 DEBUG 1188 --- [ChiDaram App] [           main] o.h.boot.model.internal.AnnotatedColumn  : Binding column: AnnotatedColumn(column='description')
2025-08-24T11:33:14.489+03:30 DEBUG 1188 --- [ChiDaram App] [           main] o.h.boot.model.internal.PropertyBinder   : MetadataSourceProcessor property description with lazy=false
2025-08-24T11:33:14.489+03:30 DEBUG 1188 --- [ChiDaram App] [           main] o.h.b.m.internal.AbstractPropertyHolder  : Attempting to locate auto-apply AttributeConverter for property [com.example.chi_daram.entity.ItemStatus:description]
2025-08-24T11:33:14.489+03:30 DEBUG 1188 --- [ChiDaram App] [           main] o.h.b.model.internal.BasicValueBinder    : building BasicValue for description
2025-08-24T11:33:14.489+03:30 DEBUG 1188 --- [ChiDaram App] [           main] org.hibernate.mapping.BasicValue         : Skipping column re-registration: itemstatus.description
2025-08-24T11:33:14.490+03:30 DEBUG 1188 --- [ChiDaram App] [           main] o.h.boot.model.internal.PropertyBinder   : Building property description
2025-08-24T11:33:14.491+03:30 DEBUG 1188 --- [ChiDaram App] [           main] o.h.boot.model.internal.AnnotatedColumn  : Binding column: AnnotatedColumn(column='status')
2025-08-24T11:33:14.493+03:30 DEBUG 1188 --- [ChiDaram App] [           main] o.h.boot.model.internal.PropertyBinder   : MetadataSourceProcessor property status with lazy=false
2025-08-24T11:33:14.493+03:30 DEBUG 1188 --- [ChiDaram App] [           main] o.h.b.m.internal.AbstractPropertyHolder  : Attempting to locate auto-apply AttributeConverter for property [com.example.chi_daram.entity.ItemStatus:status]
2025-08-24T11:33:14.493+03:30 DEBUG 1188 --- [ChiDaram App] [           main] o.h.b.model.internal.BasicValueBinder    : building BasicValue for status
2025-08-24T11:33:14.498+03:30 DEBUG 1188 --- [ChiDaram App] [           main] org.hibernate.mapping.BasicValue         : Skipping column re-registration: itemstatus.status
2025-08-24T11:33:14.498+03:30 DEBUG 1188 --- [ChiDaram App] [           main] o.h.boot.model.internal.PropertyBinder   : Building property status
2025-08-24T11:33:14.509+03:30 DEBUG 1188 --- [ChiDaram App] [           main] o.h.b.r.c.i.ClassLoaderServiceImpl       : HHH000194: Package not found or no package-info.java: com.example.chi_daram.entity
2025-08-24T11:33:14.511+03:30 DEBUG 1188 --- [ChiDaram App] [           main] o.h.boot.model.internal.EntityBinder     : Binding entity from annotated class: com.example.chi_daram.entity.User
2025-08-24T11:33:14.512+03:30 DEBUG 1188 --- [ChiDaram App] [           main] o.h.boot.model.internal.EntityBinder     : Import with entity name User
2025-08-24T11:33:14.513+03:30 DEBUG 1188 --- [ChiDaram App] [           main] o.h.boot.model.internal.EntityBinder     : Bind entity com.example.chi_daram.entity.User on table user_security
2025-08-24T11:33:14.514+03:30 DEBUG 1188 --- [ChiDaram App] [           main] o.h.boot.model.internal.AnnotatedColumn  : Binding column: AnnotatedDiscriminatorColumn(column='DTYPE')
2025-08-24T11:33:14.518+03:30 DEBUG 1188 --- [ChiDaram App] [           main] o.h.boot.model.internal.AnnotatedColumn  : Binding column: AnnotatedColumn()
2025-08-24T11:33:14.518+03:30 DEBUG 1188 --- [ChiDaram App] [           main] o.h.boot.internal.ClassLoaderAccessImpl  : Not known whether passed class name [com.example.chi_daram.entity.User] is safe
2025-08-24T11:33:14.518+03:30 DEBUG 1188 --- [ChiDaram App] [           main] o.h.boot.internal.ClassLoaderAccessImpl  : No temp ClassLoader provided; using live ClassLoader for loading potentially unsafe class : com.example.chi_daram.entity.User
2025-08-24T11:33:14.518+03:30 DEBUG 1188 --- [ChiDaram App] [           main] o.h.boot.model.internal.PropertyBinder   : MetadataSourceProcessor property id with lazy=false
2025-08-24T11:33:14.518+03:30 DEBUG 1188 --- [ChiDaram App] [           main] o.h.b.m.internal.AbstractPropertyHolder  : Attempting to locate auto-apply AttributeConverter for property [com.example.chi_daram.entity.User:id]
2025-08-24T11:33:14.518+03:30 DEBUG 1188 --- [ChiDaram App] [           main] o.h.b.model.internal.BasicValueBinder    : building BasicValue for id
2025-08-24T11:33:14.519+03:30 DEBUG 1188 --- [ChiDaram App] [           main] org.hibernate.mapping.BasicValue         : Skipping column re-registration: user_security.id
2025-08-24T11:33:14.519+03:30 DEBUG 1188 --- [ChiDaram App] [           main] o.h.boot.model.internal.PropertyBinder   : Building property id
2025-08-24T11:33:14.520+03:30 DEBUG 1188 --- [ChiDaram App] [           main] o.h.boot.model.internal.BinderHelper     : #makeIdGenerator(BasicValue([Column(id)]), id, identity, , ...)
2025-08-24T11:33:14.521+03:30 DEBUG 1188 --- [ChiDaram App] [           main] o.h.boot.model.internal.AnnotatedColumn  : Binding column: AnnotatedColumn()
2025-08-24T11:33:14.521+03:30 DEBUG 1188 --- [ChiDaram App] [           main] o.h.boot.model.internal.PropertyBinder   : MetadataSourceProcessor property accountNonExpired with lazy=false
2025-08-24T11:33:14.522+03:30 DEBUG 1188 --- [ChiDaram App] [           main] o.h.b.m.internal.AbstractPropertyHolder  : Attempting to locate auto-apply AttributeConverter for property [com.example.chi_daram.entity.User:accountNonExpired]
2025-08-24T11:33:14.522+03:30 DEBUG 1188 --- [ChiDaram App] [           main] o.h.b.model.internal.BasicValueBinder    : building BasicValue for accountNonExpired
2025-08-24T11:33:14.522+03:30 DEBUG 1188 --- [ChiDaram App] [           main] org.hibernate.mapping.BasicValue         : Skipping column re-registration: user_security.account_non_expired
2025-08-24T11:33:14.523+03:30 DEBUG 1188 --- [ChiDaram App] [           main] o.h.boot.model.internal.PropertyBinder   : Building property accountNonExpired
2025-08-24T11:33:14.523+03:30 DEBUG 1188 --- [ChiDaram App] [           main] o.h.boot.model.internal.AnnotatedColumn  : Binding column: AnnotatedColumn()
2025-08-24T11:33:14.523+03:30 DEBUG 1188 --- [ChiDaram App] [           main] o.h.boot.model.internal.PropertyBinder   : MetadataSourceProcessor property accountNonLocked with lazy=false
2025-08-24T11:33:14.523+03:30 DEBUG 1188 --- [ChiDaram App] [           main] o.h.b.m.internal.AbstractPropertyHolder  : Attempting to locate auto-apply AttributeConverter for property [com.example.chi_daram.entity.User:accountNonLocked]
2025-08-24T11:33:14.523+03:30 DEBUG 1188 --- [ChiDaram App] [           main] o.h.b.model.internal.BasicValueBinder    : building BasicValue for accountNonLocked
2025-08-24T11:33:14.524+03:30 DEBUG 1188 --- [ChiDaram App] [           main] org.hibernate.mapping.BasicValue         : Skipping column re-registration: user_security.account_non_locked
2025-08-24T11:33:14.524+03:30 DEBUG 1188 --- [ChiDaram App] [           main] o.h.boot.model.internal.PropertyBinder   : Building property accountNonLocked
2025-08-24T11:33:14.528+03:30 DEBUG 1188 --- [ChiDaram App] [           main] o.h.boot.model.internal.AnnotatedColumn  : Binding column: AnnotatedColumn()
2025-08-24T11:33:14.529+03:30 DEBUG 1188 --- [ChiDaram App] [           main] o.h.boot.model.internal.PropertyBinder   : MetadataSourceProcessor property credentialsNonExpired with lazy=false
2025-08-24T11:33:14.529+03:30 DEBUG 1188 --- [ChiDaram App] [           main] o.h.b.m.internal.AbstractPropertyHolder  : Attempting to locate auto-apply AttributeConverter for property [com.example.chi_daram.entity.User:credentialsNonExpired]
2025-08-24T11:33:14.529+03:30 DEBUG 1188 --- [ChiDaram App] [           main] o.h.b.model.internal.BasicValueBinder    : building BasicValue for credentialsNonExpired
2025-08-24T11:33:14.529+03:30 DEBUG 1188 --- [ChiDaram App] [           main] org.hibernate.mapping.BasicValue         : Skipping column re-registration: user_security.credentials_non_expired
2025-08-24T11:33:14.529+03:30 DEBUG 1188 --- [ChiDaram App] [           main] o.h.boot.model.internal.PropertyBinder   : Building property credentialsNonExpired
2025-08-24T11:33:14.530+03:30 DEBUG 1188 --- [ChiDaram App] [           main] o.h.boot.model.internal.AnnotatedColumn  : Binding column: AnnotatedColumn(column='description')
2025-08-24T11:33:14.531+03:30 DEBUG 1188 --- [ChiDaram App] [           main] o.h.boot.model.internal.PropertyBinder   : MetadataSourceProcessor property description with lazy=false
2025-08-24T11:33:14.532+03:30 DEBUG 1188 --- [ChiDaram App] [           main] o.h.b.m.internal.AbstractPropertyHolder  : Attempting to locate auto-apply AttributeConverter for property [com.example.chi_daram.entity.User:description]
2025-08-24T11:33:14.532+03:30 DEBUG 1188 --- [ChiDaram App] [           main] o.h.b.model.internal.BasicValueBinder    : building BasicValue for description
2025-08-24T11:33:14.533+03:30 DEBUG 1188 --- [ChiDaram App] [           main] org.hibernate.mapping.BasicValue         : Skipping column re-registration: user_security.description
2025-08-24T11:33:14.533+03:30 DEBUG 1188 --- [ChiDaram App] [           main] o.h.boot.model.internal.PropertyBinder   : Building property description
2025-08-24T11:33:14.535+03:30 DEBUG 1188 --- [ChiDaram App] [           main] o.h.boot.model.internal.AnnotatedColumn  : Binding column: AnnotatedColumn()
2025-08-24T11:33:14.536+03:30 DEBUG 1188 --- [ChiDaram App] [           main] o.h.boot.model.internal.PropertyBinder   : MetadataSourceProcessor property enabled with lazy=false
2025-08-24T11:33:14.536+03:30 DEBUG 1188 --- [ChiDaram App] [           main] o.h.b.m.internal.AbstractPropertyHolder  : Attempting to locate auto-apply AttributeConverter for property [com.example.chi_daram.entity.User:enabled]
2025-08-24T11:33:14.536+03:30 DEBUG 1188 --- [ChiDaram App] [           main] o.h.b.model.internal.BasicValueBinder    : building BasicValue for enabled
2025-08-24T11:33:14.537+03:30 DEBUG 1188 --- [ChiDaram App] [           main] org.hibernate.mapping.BasicValue         : Skipping column re-registration: user_security.enabled
2025-08-24T11:33:14.538+03:30 DEBUG 1188 --- [ChiDaram App] [           main] o.h.boot.model.internal.PropertyBinder   : Building property enabled
2025-08-24T11:33:14.539+03:30 DEBUG 1188 --- [ChiDaram App] [           main] o.h.boot.model.internal.AnnotatedColumn  : Binding column: AnnotatedColumn(column='otp_code')
2025-08-24T11:33:14.539+03:30 DEBUG 1188 --- [ChiDaram App] [           main] o.h.boot.model.internal.PropertyBinder   : MetadataSourceProcessor property otpCode with lazy=false
2025-08-24T11:33:14.539+03:30 DEBUG 1188 --- [ChiDaram App] [           main] o.h.b.m.internal.AbstractPropertyHolder  : Attempting to locate auto-apply AttributeConverter for property [com.example.chi_daram.entity.User:otpCode]
2025-08-24T11:33:14.540+03:30 DEBUG 1188 --- [ChiDaram App] [           main] o.h.b.model.internal.BasicValueBinder    : building BasicValue for otpCode
2025-08-24T11:33:14.540+03:30 DEBUG 1188 --- [ChiDaram App] [           main] org.hibernate.mapping.BasicValue         : Skipping column re-registration: user_security.otp_code
2025-08-24T11:33:14.540+03:30 DEBUG 1188 --- [ChiDaram App] [           main] o.h.boot.model.internal.PropertyBinder   : Building property otpCode
2025-08-24T11:33:14.541+03:30 DEBUG 1188 --- [ChiDaram App] [           main] o.h.boot.model.internal.AnnotatedColumn  : Binding column: AnnotatedColumn(column='otp_enabled_for_login')
2025-08-24T11:33:14.541+03:30 DEBUG 1188 --- [ChiDaram App] [           main] o.h.boot.model.internal.PropertyBinder   : MetadataSourceProcessor property otpEnabledForLogin with lazy=false
2025-08-24T11:33:14.541+03:30 DEBUG 1188 --- [ChiDaram App] [           main] o.h.b.m.internal.AbstractPropertyHolder  : Attempting to locate auto-apply AttributeConverter for property [com.example.chi_daram.entity.User:otpEnabledForLogin]
2025-08-24T11:33:14.542+03:30 DEBUG 1188 --- [ChiDaram App] [           main] o.h.b.model.internal.BasicValueBinder    : building BasicValue for otpEnabledForLogin
2025-08-24T11:33:14.542+03:30 DEBUG 1188 --- [ChiDaram App] [           main] org.hibernate.mapping.BasicValue         : Skipping column re-registration: user_security.otp_enabled_for_login
2025-08-24T11:33:14.542+03:30 DEBUG 1188 --- [ChiDaram App] [           main] o.h.boot.model.internal.PropertyBinder   : Building property otpEnabledForLogin
2025-08-24T11:33:14.543+03:30 DEBUG 1188 --- [ChiDaram App] [           main] o.h.boot.model.internal.AnnotatedColumn  : Binding column: AnnotatedColumn(column='otp_generated_time')
2025-08-24T11:33:14.543+03:30 DEBUG 1188 --- [ChiDaram App] [           main] o.h.boot.model.internal.PropertyBinder   : MetadataSourceProcessor property otpGeneratedTime with lazy=false
2025-08-24T11:33:14.543+03:30 DEBUG 1188 --- [ChiDaram App] [           main] o.h.b.m.internal.AbstractPropertyHolder  : Attempting to locate auto-apply AttributeConverter for property [com.example.chi_daram.entity.User:otpGeneratedTime]
2025-08-24T11:33:14.544+03:30 DEBUG 1188 --- [ChiDaram App] [           main] o.h.b.model.internal.BasicValueBinder    : building BasicValue for otpGeneratedTime
2025-08-24T11:33:14.544+03:30 DEBUG 1188 --- [ChiDaram App] [           main] org.hibernate.mapping.BasicValue         : Skipping column re-registration: user_security.otp_generated_time
2025-08-24T11:33:14.545+03:30 DEBUG 1188 --- [ChiDaram App] [           main] o.h.boot.model.internal.PropertyBinder   : Building property otpGeneratedTime
2025-08-24T11:33:14.549+03:30 DEBUG 1188 --- [ChiDaram App] [           main] o.h.boot.model.internal.AnnotatedColumn  : Binding column: AnnotatedColumn(column='password')
2025-08-24T11:33:14.550+03:30 DEBUG 1188 --- [ChiDaram App] [           main] o.h.boot.model.internal.PropertyBinder   : MetadataSourceProcessor property password with lazy=false
2025-08-24T11:33:14.550+03:30 DEBUG 1188 --- [ChiDaram App] [           main] o.h.b.m.internal.AbstractPropertyHolder  : Attempting to locate auto-apply AttributeConverter for property [com.example.chi_daram.entity.User:password]
2025-08-24T11:33:14.550+03:30 DEBUG 1188 --- [ChiDaram App] [           main] o.h.b.model.internal.BasicValueBinder    : building BasicValue for password
2025-08-24T11:33:14.550+03:30 DEBUG 1188 --- [ChiDaram App] [           main] org.hibernate.mapping.BasicValue         : Skipping column re-registration: user_security.password
2025-08-24T11:33:14.550+03:30 DEBUG 1188 --- [ChiDaram App] [           main] o.h.boot.model.internal.PropertyBinder   : Building property password
2025-08-24T11:33:14.552+03:30 DEBUG 1188 --- [ChiDaram App] [           main] o.h.boot.model.internal.AnnotatedColumn  : Binding column: AnnotatedColumn(column='phone_number')
2025-08-24T11:33:14.553+03:30 DEBUG 1188 --- [ChiDaram App] [           main] o.h.boot.model.internal.PropertyBinder   : MetadataSourceProcessor property phoneNumber with lazy=false
2025-08-24T11:33:14.553+03:30 DEBUG 1188 --- [ChiDaram App] [           main] o.h.b.m.internal.AbstractPropertyHolder  : Attempting to locate auto-apply AttributeConverter for property [com.example.chi_daram.entity.User:phoneNumber]
2025-08-24T11:33:14.553+03:30 DEBUG 1188 --- [ChiDaram App] [           main] o.h.b.model.internal.BasicValueBinder    : building BasicValue for phoneNumber
2025-08-24T11:33:14.555+03:30 DEBUG 1188 --- [ChiDaram App] [           main] org.hibernate.mapping.BasicValue         : Skipping column re-registration: user_security.phone_number
2025-08-24T11:33:14.556+03:30 DEBUG 1188 --- [ChiDaram App] [           main] o.h.boot.model.internal.PropertyBinder   : Building property phoneNumber
2025-08-24T11:33:14.558+03:30 DEBUG 1188 --- [ChiDaram App] [           main] o.h.boot.model.internal.AnnotatedColumn  : Binding column: AnnotatedColumn(column='role')
2025-08-24T11:33:14.559+03:30 DEBUG 1188 --- [ChiDaram App] [           main] o.h.boot.model.internal.AnnotatedColumn  : Binding column: AnnotatedJoinColumn()
2025-08-24T11:33:14.559+03:30 DEBUG 1188 --- [ChiDaram App] [           main] o.h.boot.model.internal.AnnotatedColumn  : Binding column: IndexColumn(column='roles_ORDER')
2025-08-24T11:33:14.561+03:30 DEBUG 1188 --- [ChiDaram App] [           main] o.h.boot.model.internal.AnnotatedColumn  : Binding column: AnnotatedColumn(column='role')
2025-08-24T11:33:14.561+03:30 DEBUG 1188 --- [ChiDaram App] [           main] o.h.boot.model.internal.AnnotatedColumn  : Binding column: AnnotatedColumn(column='roles_KEY')
2025-08-24T11:33:14.562+03:30 DEBUG 1188 --- [ChiDaram App] [           main] o.h.boot.model.internal.AnnotatedColumn  : Binding column: AnnotatedJoinColumn(column='roles_KEY')
2025-08-24T11:33:14.564+03:30 DEBUG 1188 --- [ChiDaram App] [           main] o.h.boot.model.internal.AnnotatedColumn  : Binding column: AnnotatedJoinColumn(column='user_id')
2025-08-24T11:33:14.564+03:30 DEBUG 1188 --- [ChiDaram App] [           main] o.h.boot.model.internal.AnnotatedColumn  : Binding column: AnnotatedJoinColumn()
2025-08-24T11:33:14.564+03:30 DEBUG 1188 --- [ChiDaram App] [           main] o.h.b.model.internal.CollectionBinder    : Collection role: com.example.chi_daram.entity.User.roles
2025-08-24T11:33:14.565+03:30 DEBUG 1188 --- [ChiDaram App] [           main] o.h.boot.model.internal.PropertyBinder   : Building property roles
2025-08-24T11:33:14.568+03:30 DEBUG 1188 --- [ChiDaram App] [           main] o.h.boot.model.internal.AnnotatedColumn  : Binding column: AnnotatedColumn(column='title')
2025-08-24T11:33:14.571+03:30 DEBUG 1188 --- [ChiDaram App] [           main] o.h.boot.model.internal.PropertyBinder   : MetadataSourceProcessor property title with lazy=false
2025-08-24T11:33:14.571+03:30 DEBUG 1188 --- [ChiDaram App] [           main] o.h.b.m.internal.AbstractPropertyHolder  : Attempting to locate auto-apply AttributeConverter for property [com.example.chi_daram.entity.User:title]
2025-08-24T11:33:14.571+03:30 DEBUG 1188 --- [ChiDaram App] [           main] o.h.b.model.internal.BasicValueBinder    : building BasicValue for title
2025-08-24T11:33:14.571+03:30 DEBUG 1188 --- [ChiDaram App] [           main] org.hibernate.mapping.BasicValue         : Skipping column re-registration: user_security.title
2025-08-24T11:33:14.572+03:30 DEBUG 1188 --- [ChiDaram App] [           main] o.h.boot.model.internal.PropertyBinder   : Building property title
2025-08-24T11:33:14.583+03:30 DEBUG 1188 --- [ChiDaram App] [           main] o.h.boot.model.internal.AnnotatedColumn  : Binding column: AnnotatedColumn(column='username')
2025-08-24T11:33:14.584+03:30 DEBUG 1188 --- [ChiDaram App] [           main] o.h.boot.model.internal.PropertyBinder   : MetadataSourceProcessor property username with lazy=false
2025-08-24T11:33:14.585+03:30 DEBUG 1188 --- [ChiDaram App] [           main] o.h.b.m.internal.AbstractPropertyHolder  : Attempting to locate auto-apply AttributeConverter for property [com.example.chi_daram.entity.User:username]
2025-08-24T11:33:14.585+03:30 DEBUG 1188 --- [ChiDaram App] [           main] o.h.b.model.internal.BasicValueBinder    : building BasicValue for username
2025-08-24T11:33:14.585+03:30 DEBUG 1188 --- [ChiDaram App] [           main] org.hibernate.mapping.BasicValue         : Skipping column re-registration: user_security.username
2025-08-24T11:33:14.586+03:30 DEBUG 1188 --- [ChiDaram App] [           main] o.h.boot.model.internal.PropertyBinder   : Building property username
2025-08-24T11:33:14.594+03:30 DEBUG 1188 --- [ChiDaram App] [           main] o.h.b.r.c.i.ClassLoaderServiceImpl       : HHH000194: Package not found or no package-info.java: com.example.chi_daram.entity
2025-08-24T11:33:14.607+03:30 DEBUG 1188 --- [ChiDaram App] [           main] o.h.b.model.internal.BasicValueBinder    : Starting `BasicValueBinder#fillSimpleValue` for id
2025-08-24T11:33:14.609+03:30 DEBUG 1188 --- [ChiDaram App] [           main] o.h.b.model.internal.BasicValueBinder    : Starting `BasicValueBinder#fillSimpleValue` for description
2025-08-24T11:33:14.609+03:30 DEBUG 1188 --- [ChiDaram App] [           main] o.h.b.model.internal.BasicValueBinder    : Starting `BasicValueBinder#fillSimpleValue` for name
2025-08-24T11:33:14.609+03:30 DEBUG 1188 --- [ChiDaram App] [           main] o.h.b.model.internal.BasicValueBinder    : Starting `BasicValueBinder#fillSimpleValue` for id
2025-08-24T11:33:14.609+03:30 DEBUG 1188 --- [ChiDaram App] [           main] o.h.b.model.internal.BasicValueBinder    : Starting `BasicValueBinder#fillSimpleValue` for description
2025-08-24T11:33:14.609+03:30 DEBUG 1188 --- [ChiDaram App] [           main] o.h.b.model.internal.BasicValueBinder    : Starting `BasicValueBinder#fillSimpleValue` for name
2025-08-24T11:33:14.609+03:30 DEBUG 1188 --- [ChiDaram App] [           main] o.h.b.model.internal.BasicValueBinder    : Starting `BasicValueBinder#fillSimpleValue` for id
2025-08-24T11:33:14.609+03:30 DEBUG 1188 --- [ChiDaram App] [           main] o.h.b.model.internal.BasicValueBinder    : Starting `BasicValueBinder#fillSimpleValue` for decreaseDate
2025-08-24T11:33:14.610+03:30 DEBUG 1188 --- [ChiDaram App] [           main] o.h.b.model.internal.BasicValueBinder    : Starting `BasicValueBinder#fillSimpleValue` for description
2025-08-24T11:33:14.610+03:30 DEBUG 1188 --- [ChiDaram App] [           main] o.h.b.model.internal.BasicValueBinder    : Starting `BasicValueBinder#fillSimpleValue` for documentNumber
2025-08-24T11:33:14.610+03:30 DEBUG 1188 --- [ChiDaram App] [           main] o.h.b.model.internal.BasicValueBinder    : Starting `BasicValueBinder#fillSimpleValue` for id
2025-08-24T11:33:14.611+03:30 DEBUG 1188 --- [ChiDaram App] [           main] o.h.b.model.internal.BasicValueBinder    : Starting `BasicValueBinder#fillSimpleValue` for description
2025-08-24T11:33:14.611+03:30 DEBUG 1188 --- [ChiDaram App] [           main] o.h.b.model.internal.BasicValueBinder    : Starting `BasicValueBinder#fillSimpleValue` for quantity
2025-08-24T11:33:14.611+03:30 DEBUG 1188 --- [ChiDaram App] [           main] o.h.b.model.internal.BasicValueBinder    : Starting `BasicValueBinder#fillSimpleValue` for unitPrice
2025-08-24T11:33:14.611+03:30 DEBUG 1188 --- [ChiDaram App] [           main] o.h.b.model.internal.BasicValueBinder    : Starting `BasicValueBinder#fillSimpleValue` for id
2025-08-24T11:33:14.611+03:30 DEBUG 1188 --- [ChiDaram App] [           main] o.h.b.model.internal.BasicValueBinder    : Starting `BasicValueBinder#fillSimpleValue` for description
2025-08-24T11:33:14.611+03:30 DEBUG 1188 --- [ChiDaram App] [           main] o.h.b.model.internal.BasicValueBinder    : Starting `BasicValueBinder#fillSimpleValue` for title
2025-08-24T11:33:14.611+03:30 DEBUG 1188 --- [ChiDaram App] [           main] o.h.b.model.internal.BasicValueBinder    : Starting `BasicValueBinder#fillSimpleValue` for id
2025-08-24T11:33:14.611+03:30 DEBUG 1188 --- [ChiDaram App] [           main] o.h.b.model.internal.BasicValueBinder    : Starting `BasicValueBinder#fillSimpleValue` for description
2025-08-24T11:33:14.612+03:30 DEBUG 1188 --- [ChiDaram App] [           main] o.h.b.model.internal.BasicValueBinder    : Starting `BasicValueBinder#fillSimpleValue` for id
2025-08-24T11:33:14.613+03:30 DEBUG 1188 --- [ChiDaram App] [           main] o.h.b.model.internal.BasicValueBinder    : Starting `BasicValueBinder#fillSimpleValue` for description
2025-08-24T11:33:14.613+03:30 DEBUG 1188 --- [ChiDaram App] [           main] o.h.b.model.internal.BasicValueBinder    : Starting `BasicValueBinder#fillSimpleValue` for documentNumber
2025-08-24T11:33:14.614+03:30 DEBUG 1188 --- [ChiDaram App] [           main] o.h.b.model.internal.BasicValueBinder    : Starting `BasicValueBinder#fillSimpleValue` for increaseDate
2025-08-24T11:33:14.614+03:30 DEBUG 1188 --- [ChiDaram App] [           main] o.h.b.model.internal.BasicValueBinder    : Starting `BasicValueBinder#fillSimpleValue` for id
2025-08-24T11:33:14.614+03:30 DEBUG 1188 --- [ChiDaram App] [           main] o.h.b.model.internal.BasicValueBinder    : Starting `BasicValueBinder#fillSimpleValue` for description
2025-08-24T11:33:14.615+03:30 DEBUG 1188 --- [ChiDaram App] [           main] o.h.b.model.internal.BasicValueBinder    : Starting `BasicValueBinder#fillSimpleValue` for quantity
2025-08-24T11:33:14.616+03:30 DEBUG 1188 --- [ChiDaram App] [           main] o.h.b.model.internal.BasicValueBinder    : Starting `BasicValueBinder#fillSimpleValue` for unitPrice
2025-08-24T11:33:14.616+03:30 DEBUG 1188 --- [ChiDaram App] [           main] o.h.b.model.internal.BasicValueBinder    : Starting `BasicValueBinder#fillSimpleValue` for id
2025-08-24T11:33:14.616+03:30 DEBUG 1188 --- [ChiDaram App] [           main] o.h.b.model.internal.BasicValueBinder    : Starting `BasicValueBinder#fillSimpleValue` for description
2025-08-24T11:33:14.616+03:30 DEBUG 1188 --- [ChiDaram App] [           main] o.h.b.model.internal.BasicValueBinder    : Starting `BasicValueBinder#fillSimpleValue` for title
2025-08-24T11:33:14.616+03:30 DEBUG 1188 --- [ChiDaram App] [           main] o.h.b.model.internal.BasicValueBinder    : Starting `BasicValueBinder#fillSimpleValue` for id
2025-08-24T11:33:14.617+03:30 DEBUG 1188 --- [ChiDaram App] [           main] o.h.b.model.internal.BasicValueBinder    : Starting `BasicValueBinder#fillSimpleValue` for color
2025-08-24T11:33:14.617+03:30 DEBUG 1188 --- [ChiDaram App] [           main] o.h.b.model.internal.BasicValueBinder    : Starting `BasicValueBinder#fillSimpleValue` for description
2025-08-24T11:33:14.618+03:30 DEBUG 1188 --- [ChiDaram App] [           main] o.h.b.model.internal.BasicValueBinder    : Starting `BasicValueBinder#fillSimpleValue` for image
2025-08-24T11:33:14.621+03:30 DEBUG 1188 --- [ChiDaram App] [           main] o.h.b.model.internal.BasicValueBinder    : Starting `BasicValueBinder#fillSimpleValue` for name
2025-08-24T11:33:14.622+03:30 DEBUG 1188 --- [ChiDaram App] [           main] o.h.b.model.internal.BasicValueBinder    : Starting `BasicValueBinder#fillSimpleValue` for quantity
2025-08-24T11:33:14.622+03:30 DEBUG 1188 --- [ChiDaram App] [           main] o.h.b.model.internal.BasicValueBinder    : Starting `BasicValueBinder#fillSimpleValue` for size
2025-08-24T11:33:14.623+03:30 DEBUG 1188 --- [ChiDaram App] [           main] o.h.b.model.internal.BasicValueBinder    : Starting `BasicValueBinder#fillSimpleValue` for id
2025-08-24T11:33:14.623+03:30 DEBUG 1188 --- [ChiDaram App] [           main] o.h.b.model.internal.BasicValueBinder    : Starting `BasicValueBinder#fillSimpleValue` for description
2025-08-24T11:33:14.623+03:30 DEBUG 1188 --- [ChiDaram App] [           main] o.h.b.model.internal.BasicValueBinder    : Starting `BasicValueBinder#fillSimpleValue` for status
2025-08-24T11:33:14.623+03:30 DEBUG 1188 --- [ChiDaram App] [           main] o.h.b.model.internal.BasicValueBinder    : Starting `BasicValueBinder#fillSimpleValue` for id
2025-08-24T11:33:14.624+03:30 DEBUG 1188 --- [ChiDaram App] [           main] o.h.b.model.internal.BasicValueBinder    : Starting `BasicValueBinder#fillSimpleValue` for accountNonExpired
2025-08-24T11:33:14.624+03:30 DEBUG 1188 --- [ChiDaram App] [           main] o.h.b.model.internal.BasicValueBinder    : Starting `BasicValueBinder#fillSimpleValue` for accountNonLocked
2025-08-24T11:33:14.624+03:30 DEBUG 1188 --- [ChiDaram App] [           main] o.h.b.model.internal.BasicValueBinder    : Starting `BasicValueBinder#fillSimpleValue` for credentialsNonExpired
2025-08-24T11:33:14.624+03:30 DEBUG 1188 --- [ChiDaram App] [           main] o.h.b.model.internal.BasicValueBinder    : Starting `BasicValueBinder#fillSimpleValue` for description
2025-08-24T11:33:14.625+03:30 DEBUG 1188 --- [ChiDaram App] [           main] o.h.b.model.internal.BasicValueBinder    : Starting `BasicValueBinder#fillSimpleValue` for enabled
2025-08-24T11:33:14.625+03:30 DEBUG 1188 --- [ChiDaram App] [           main] o.h.b.model.internal.BasicValueBinder    : Starting `BasicValueBinder#fillSimpleValue` for otpCode
2025-08-24T11:33:14.625+03:30 DEBUG 1188 --- [ChiDaram App] [           main] o.h.b.model.internal.BasicValueBinder    : Starting `BasicValueBinder#fillSimpleValue` for otpEnabledForLogin
2025-08-24T11:33:14.625+03:30 DEBUG 1188 --- [ChiDaram App] [           main] o.h.b.model.internal.BasicValueBinder    : Starting `BasicValueBinder#fillSimpleValue` for otpGeneratedTime
2025-08-24T11:33:14.625+03:30 DEBUG 1188 --- [ChiDaram App] [           main] o.h.b.model.internal.BasicValueBinder    : Starting `BasicValueBinder#fillSimpleValue` for password
2025-08-24T11:33:14.625+03:30 DEBUG 1188 --- [ChiDaram App] [           main] o.h.b.model.internal.BasicValueBinder    : Starting `BasicValueBinder#fillSimpleValue` for phoneNumber
2025-08-24T11:33:14.625+03:30 DEBUG 1188 --- [ChiDaram App] [           main] o.h.b.model.internal.BasicValueBinder    : Starting `BasicValueBinder#fillSimpleValue` for title
2025-08-24T11:33:14.626+03:30 DEBUG 1188 --- [ChiDaram App] [           main] o.h.b.model.internal.BasicValueBinder    : Starting `BasicValueBinder#fillSimpleValue` for username
2025-08-24T11:33:14.629+03:30 DEBUG 1188 --- [ChiDaram App] [           main] org.hibernate.mapping.PrimaryKey         : Forcing column [id] to be non-null as it is part of the primary key for table [categorylevel1]
2025-08-24T11:33:14.629+03:30 DEBUG 1188 --- [ChiDaram App] [           main] org.hibernate.mapping.PrimaryKey         : Forcing column [id] to be non-null as it is part of the primary key for table [categorylevel2]
2025-08-24T11:33:14.629+03:30 DEBUG 1188 --- [ChiDaram App] [           main] org.hibernate.mapping.PrimaryKey         : Forcing column [id] to be non-null as it is part of the primary key for table [decreasedocument]
2025-08-24T11:33:14.629+03:30 DEBUG 1188 --- [ChiDaram App] [           main] org.hibernate.mapping.PrimaryKey         : Forcing column [id] to be non-null as it is part of the primary key for table [decreasedocumentrow]
2025-08-24T11:33:14.629+03:30 DEBUG 1188 --- [ChiDaram App] [           main] org.hibernate.mapping.PrimaryKey         : Forcing column [id] to be non-null as it is part of the primary key for table [decreasedocumenttype]
2025-08-24T11:33:14.630+03:30 DEBUG 1188 --- [ChiDaram App] [           main] org.hibernate.mapping.PrimaryKey         : Forcing column [id] to be non-null as it is part of the primary key for table [dynamicfields]
2025-08-24T11:33:14.630+03:30 DEBUG 1188 --- [ChiDaram App] [           main] org.hibernate.mapping.PrimaryKey         : Forcing column [id] to be non-null as it is part of the primary key for table [increasedocument]
2025-08-24T11:33:14.630+03:30 DEBUG 1188 --- [ChiDaram App] [           main] org.hibernate.mapping.PrimaryKey         : Forcing column [id] to be non-null as it is part of the primary key for table [increasedocumentrow]
2025-08-24T11:33:14.630+03:30 DEBUG 1188 --- [ChiDaram App] [           main] org.hibernate.mapping.PrimaryKey         : Forcing column [id] to be non-null as it is part of the primary key for table [increasedocumenttype]
2025-08-24T11:33:14.631+03:30 DEBUG 1188 --- [ChiDaram App] [           main] org.hibernate.mapping.PrimaryKey         : Forcing column [id] to be non-null as it is part of the primary key for table [item]
2025-08-24T11:33:14.631+03:30 DEBUG 1188 --- [ChiDaram App] [           main] org.hibernate.mapping.PrimaryKey         : Forcing column [id] to be non-null as it is part of the primary key for table [itemstatus]
2025-08-24T11:33:14.631+03:30 DEBUG 1188 --- [ChiDaram App] [           main] org.hibernate.mapping.PrimaryKey         : Forcing column [id] to be non-null as it is part of the primary key for table [user_security]
2025-08-24T11:33:14.632+03:30 DEBUG 1188 --- [ChiDaram App] [           main] o.h.b.m.internal.CollectionSecondPass    : Second pass for collection: com.example.chi_daram.entity.User.roles
2025-08-24T11:33:14.632+03:30 DEBUG 1188 --- [ChiDaram App] [           main] o.h.b.model.internal.CollectionBinder    : Binding a collection of element: com.example.chi_daram.entity.User.roles
2025-08-24T11:33:14.637+03:30 DEBUG 1188 --- [ChiDaram App] [           main] o.h.b.r.c.i.ClassLoaderServiceImpl       : HHH000194: Package not found or no package-info.java: com.example.chi_daram.entity
2025-08-24T11:33:14.641+03:30 DEBUG 1188 --- [ChiDaram App] [           main] o.h.b.m.i.CollectionPropertyHolder       : Attempting to locate auto-apply AttributeConverter for collection element [com.example.chi_daram.entity.User.roles]
2025-08-24T11:33:14.641+03:30 DEBUG 1188 --- [ChiDaram App] [           main] o.h.b.model.internal.BasicValueBinder    : building BasicValue for null
2025-08-24T11:33:14.641+03:30 DEBUG 1188 --- [ChiDaram App] [           main] org.hibernate.mapping.BasicValue         : Skipping column re-registration: user_roles.role
2025-08-24T11:33:14.642+03:30 DEBUG 1188 --- [ChiDaram App] [           main] o.h.b.model.internal.BasicValueBinder    : Starting `BasicValueBinder#fillSimpleValue` for null
2025-08-24T11:33:14.642+03:30 DEBUG 1188 --- [ChiDaram App] [           main] org.hibernate.mapping.PrimaryKey         : Forcing column [user_id] to be non-null as it is part of the primary key for table [user_roles]
2025-08-24T11:33:14.642+03:30 DEBUG 1188 --- [ChiDaram App] [           main] o.h.b.m.internal.CollectionSecondPass    : Mapped collection key: user_id, element: role
2025-08-24T11:33:14.775+03:30 DEBUG 1188 --- [ChiDaram App] [           main] o.hibernate.internal.SessionFactoryImpl  : Building session factory
2025-08-24T11:33:14.827+03:30 DEBUG 1188 --- [ChiDaram App] [           main] .h.s.i.SessionFactoryServiceRegistryImpl : EventListenerRegistry access via ServiceRegistry is deprecated.  Use `sessionFactory.getEventEngine().getListenerRegistry()` instead
2025-08-24T11:33:14.828+03:30 DEBUG 1188 --- [ChiDaram App] [           main] o.hibernate.internal.SessionFactoryImpl  : Instantiating SessionFactory with settings: {java.specification.version=23, sun.cpu.isalist=amd64, hibernate.resource.beans.container=org.springframework.orm.hibernate5.SpringBeanContainer@752ac39a, hibernate.connection.handling_mode=DELAYED_ACQUISITION_AND_HOLD, sun.jnu.encoding=Cp1252, hibernate.dialect=org.hibernate.dialect.PostgreSQLDialect, hibernate.implicit_naming_strategy=org.springframework.boot.orm.jpa.hibernate.SpringImplicitNamingStrategy, java.class.path=D:\ChiDaram App\chi_daram\target\test-classes;D:\ChiDaram App\chi_daram\target\classes;C:\Users\Parnian\.m2\repository\org\springframework\boot\spring-boot-starter-actuator\3.3.1\spring-boot-starter-actuator-3.3.1.jar;C:\Users\Parnian\.m2\repository\org\springframework\boot\spring-boot-starter\3.3.1\spring-boot-starter-3.3.1.jar;C:\Users\Parnian\.m2\repository\org\springframework\boot\spring-boot-starter-logging\3.3.1\spring-boot-starter-logging-3.3.1.jar;C:\Users\Parnian\.m2\repository\ch\qos\logback\logback-classic\1.5.6\logback-classic-1.5.6.jar;C:\Users\Parnian\.m2\repository\ch\qos\logback\logback-core\1.5.6\logback-core-1.5.6.jar;C:\Users\Parnian\.m2\repository\org\apache\logging\log4j\log4j-to-slf4j\2.23.1\log4j-to-slf4j-2.23.1.jar;C:\Users\Parnian\.m2\repository\org\apache\logging\log4j\log4j-api\2.23.1\log4j-api-2.23.1.jar;C:\Users\Parnian\.m2\repository\org\slf4j\jul-to-slf4j\2.0.13\jul-to-slf4j-2.0.13.jar;C:\Users\Parnian\.m2\repository\jakarta\annotation\jakarta.annotation-api\2.1.1\jakarta.annotation-api-2.1.1.jar;C:\Users\Parnian\.m2\repository\org\yaml\snakeyaml\2.2\snakeyaml-2.2.jar;C:\Users\Parnian\.m2\repository\org\springframework\boot\spring-boot-actuator-autoconfigure\3.3.1\spring-boot-actuator-autoconfigure-3.3.1.jar;C:\Users\Parnian\.m2\repository\org\springframework\boot\spring-boot-actuator\3.3.1\spring-boot-actuator-3.3.1.jar;C:\Users\Parnian\.m2\repository\com\fasterxml\jackson\datatype\jackson-datatype-jsr310\2.17.1\jackson-datatype-jsr310-2.17.1.jar;C:\Users\Parnian\.m2\repository\io\micrometer\micrometer-observation\1.13.1\micrometer-observation-1.13.1.jar;C:\Users\Parnian\.m2\repository\io\micrometer\micrometer-commons\1.13.1\micrometer-commons-1.13.1.jar;C:\Users\Parnian\.m2\repository\io\micrometer\micrometer-jakarta9\1.13.1\micrometer-jakarta9-1.13.1.jar;C:\Users\Parnian\.m2\repository\io\micrometer\micrometer-core\1.13.1\micrometer-core-1.13.1.jar;C:\Users\Parnian\.m2\repository\org\hdrhistogram\HdrHistogram\2.2.2\HdrHistogram-2.2.2.jar;C:\Users\Parnian\.m2\repository\org\latencyutils\LatencyUtils\2.0.3\LatencyUtils-2.0.3.jar;C:\Users\Parnian\.m2\repository\org\springframework\boot\spring-boot-starter-data-jpa\3.3.1\spring-boot-starter-data-jpa-3.3.1.jar;C:\Users\Parnian\.m2\repository\org\springframework\boot\spring-boot-starter-aop\3.3.1\spring-boot-starter-aop-3.3.1.jar;C:\Users\Parnian\.m2\repository\org\aspectj\aspectjweaver\1.9.22\aspectjweaver-1.9.22.jar;C:\Users\Parnian\.m2\repository\org\springframework\boot\spring-boot-starter-jdbc\3.3.1\spring-boot-starter-jdbc-3.3.1.jar;C:\Users\Parnian\.m2\repository\com\zaxxer\HikariCP\5.1.0\HikariCP-5.1.0.jar;C:\Users\Parnian\.m2\repository\org\springframework\spring-jdbc\6.1.10\spring-jdbc-6.1.10.jar;C:\Users\Parnian\.m2\repository\org\hibernate\orm\hibernate-core\6.5.2.Final\hibernate-core-6.5.2.Final.jar;C:\Users\Parnian\.m2\repository\jakarta\persistence\jakarta.persistence-api\3.1.0\jakarta.persistence-api-3.1.0.jar;C:\Users\Parnian\.m2\repository\jakarta\transaction\jakarta.transaction-api\2.0.1\jakarta.transaction-api-2.0.1.jar;C:\Users\Parnian\.m2\repository\org\jboss\logging\jboss-logging\3.5.3.Final\jboss-logging-3.5.3.Final.jar;C:\Users\Parnian\.m2\repository\org\hibernate\common\hibernate-commons-annotations\6.0.6.Final\hibernate-commons-annotations-6.0.6.Final.jar;C:\Users\Parnian\.m2\repository\io\smallrye\jandex\3.1.2\jandex-3.1.2.jar;C:\Users\Parnian\.m2\repository\com\fasterxml\classmate\1.7.0\classmate-1.7.0.jar;C:\Users\Parnian\.m2\repository\net\bytebuddy\byte-buddy\1.14.17\byte-buddy-1.14.17.jar;C:\Users\Parnian\.m2\repository\org\glassfish\jaxb\jaxb-runtime\4.0.5\jaxb-runtime-4.0.5.jar;C:\Users\Parnian\.m2\repository\org\glassfish\jaxb\jaxb-core\4.0.5\jaxb-core-4.0.5.jar;C:\Users\Parnian\.m2\repository\org\eclipse\angus\angus-activation\2.0.2\angus-activation-2.0.2.jar;C:\Users\Parnian\.m2\repository\org\glassfish\jaxb\txw2\4.0.5\txw2-4.0.5.jar;C:\Users\Parnian\.m2\repository\com\sun\istack\istack-commons-runtime\4.1.2\istack-commons-runtime-4.1.2.jar;C:\Users\Parnian\.m2\repository\jakarta\inject\jakarta.inject-api\2.0.1\jakarta.inject-api-2.0.1.jar;C:\Users\Parnian\.m2\repository\org\antlr\antlr4-runtime\4.13.0\antlr4-runtime-4.13.0.jar;C:\Users\Parnian\.m2\repository\org\springframework\data\spring-data-jpa\3.3.1\spring-data-jpa-3.3.1.jar;C:\Users\Parnian\.m2\repository\org\springframework\data\spring-data-commons\3.3.1\spring-data-commons-3.3.1.jar;C:\Users\Parnian\.m2\repository\org\springframework\spring-orm\6.1.10\spring-orm-6.1.10.jar;C:\Users\Parnian\.m2\repository\org\springframework\spring-context\6.1.10\spring-context-6.1.10.jar;C:\Users\Parnian\.m2\repository\org\springframework\spring-tx\6.1.10\spring-tx-6.1.10.jar;C:\Users\Parnian\.m2\repository\org\springframework\spring-beans\6.1.10\spring-beans-6.1.10.jar;C:\Users\Parnian\.m2\repository\org\springframework\spring-aspects\6.1.10\spring-aspects-6.1.10.jar;C:\Users\Parnian\.m2\repository\org\springframework\boot\spring-boot-starter-security\3.3.1\spring-boot-starter-security-3.3.1.jar;C:\Users\Parnian\.m2\repository\org\springframework\spring-aop\6.1.10\spring-aop-6.1.10.jar;C:\Users\Parnian\.m2\repository\org\springframework\security\spring-security-config\6.3.1\spring-security-config-6.3.1.jar;C:\Users\Parnian\.m2\repository\org\springframework\security\spring-security-web\6.3.1\spring-security-web-6.3.1.jar;C:\Users\Parnian\.m2\repository\org\springframework\spring-expression\6.1.10\spring-expression-6.1.10.jar;C:\Users\Parnian\.m2\repository\org\springframework\boot\spring-boot-starter-thymeleaf\3.3.1\spring-boot-starter-thymeleaf-3.3.1.jar;C:\Users\Parnian\.m2\repository\org\thymeleaf\thymeleaf-spring6\3.1.2.RELEASE\thymeleaf-spring6-3.1.2.RELEASE.jar;C:\Users\Parnian\.m2\repository\org\thymeleaf\thymeleaf\3.1.2.RELEASE\thymeleaf-3.1.2.RELEASE.jar;C:\Users\Parnian\.m2\repository\org\attoparser\attoparser\2.0.7.RELEASE\attoparser-2.0.7.RELEASE.jar;C:\Users\Parnian\.m2\repository\org\unbescape\unbescape\1.1.6.RELEASE\unbescape-1.1.6.RELEASE.jar;C:\Users\Parnian\.m2\repository\org\springframework\boot\spring-boot-starter-validation\3.3.1\spring-boot-starter-validation-3.3.1.jar;C:\Users\Parnian\.m2\repository\org\apache\tomcat\embed\tomcat-embed-el\10.1.25\tomcat-embed-el-10.1.25.jar;C:\Users\Parnian\.m2\repository\org\hibernate\validator\hibernate-validator\8.0.1.Final\hibernate-validator-8.0.1.Final.jar;C:\Users\Parnian\.m2\repository\jakarta\validation\jakarta.validation-api\3.0.2\jakarta.validation-api-3.0.2.jar;C:\Users\Parnian\.m2\repository\org\springframework\boot\spring-boot-starter-web\3.3.1\spring-boot-starter-web-3.3.1.jar;C:\Users\Parnian\.m2\repository\org\springframework\boot\spring-boot-starter-json\3.3.1\spring-boot-starter-json-3.3.1.jar;C:\Users\Parnian\.m2\repository\com\fasterxml\jackson\datatype\jackson-datatype-jdk8\2.17.1\jackson-datatype-jdk8-2.17.1.jar;C:\Users\Parnian\.m2\repository\com\fasterxml\jackson\module\jackson-module-parameter-names\2.17.1\jackson-module-parameter-names-2.17.1.jar;C:\Users\Parnian\.m2\repository\org\springframework\boot\spring-boot-starter-tomcat\3.3.1\spring-boot-starter-tomcat-3.3.1.jar;C:\Users\Parnian\.m2\repository\org\apache\tomcat\embed\tomcat-embed-core\10.1.25\tomcat-embed-core-10.1.25.jar;C:\Users\Parnian\.m2\repository\org\apache\tomcat\embed\tomcat-embed-websocket\10.1.25\tomcat-embed-websocket-10.1.25.jar;C:\Users\Parnian\.m2\repository\org\springframework\spring-web\6.1.10\spring-web-6.1.10.jar;C:\Users\Parnian\.m2\repository\org\springframework\spring-webmvc\6.1.10\spring-webmvc-6.1.10.jar;C:\Users\Parnian\.m2\repository\org\thymeleaf\extras\thymeleaf-extras-springsecurity6\3.1.2.RELEASE\thymeleaf-extras-springsecurity6-3.1.2.RELEASE.jar;C:\Users\Parnian\.m2\repository\org\slf4j\slf4j-api\2.0.13\slf4j-api-2.0.13.jar;C:\Users\Parnian\.m2\repository\org\springdoc\springdoc-openapi-starter-webmvc-ui\2.5.0\springdoc-openapi-starter-webmvc-ui-2.5.0.jar;C:\Users\Parnian\.m2\repository\org\springdoc\springdoc-openapi-starter-webmvc-api\2.5.0\springdoc-openapi-starter-webmvc-api-2.5.0.jar;C:\Users\Parnian\.m2\repository\org\springdoc\springdoc-openapi-starter-common\2.5.0\springdoc-openapi-starter-common-2.5.0.jar;C:\Users\Parnian\.m2\repository\io\swagger\core\v3\swagger-core-jakarta\2.2.21\swagger-core-jakarta-2.2.21.jar;C:\Users\Parnian\.m2\repository\org\apache\commons\commons-lang3\3.14.0\commons-lang3-3.14.0.jar;C:\Users\Parnian\.m2\repository\io\swagger\core\v3\swagger-annotations-jakarta\2.2.21\swagger-annotations-jakarta-2.2.21.jar;C:\Users\Parnian\.m2\repository\io\swagger\core\v3\swagger-models-jakarta\2.2.21\swagger-models-jakarta-2.2.21.jar;C:\Users\Parnian\.m2\repository\com\fasterxml\jackson\dataformat\jackson-dataformat-yaml\2.17.1\jackson-dataformat-yaml-2.17.1.jar;C:\Users\Parnian\.m2\repository\org\webjars\swagger-ui\5.13.0\swagger-ui-5.13.0.jar;C:\Users\Parnian\.m2\repository\io\jsonwebtoken\jjwt-api\0.12.5\jjwt-api-0.12.5.jar;C:\Users\Parnian\.m2\repository\io\jsonwebtoken\jjwt-impl\0.12.5\jjwt-impl-0.12.5.jar;C:\Users\Parnian\.m2\repository\io\jsonwebtoken\jjwt-jackson\0.12.5\jjwt-jackson-0.12.5.jar;C:\Users\Parnian\.m2\repository\com\fasterxml\jackson\core\jackson-databind\2.17.1\jackson-databind-2.17.1.jar;C:\Users\Parnian\.m2\repository\com\fasterxml\jackson\core\jackson-annotations\2.17.1\jackson-annotations-2.17.1.jar;C:\Users\Parnian\.m2\repository\com\fasterxml\jackson\core\jackson-core\2.17.1\jackson-core-2.17.1.jar;C:\Users\Parnian\.m2\repository\org\springframework\boot\spring-boot-devtools\3.3.1\spring-boot-devtools-3.3.1.jar;C:\Users\Parnian\.m2\repository\org\springframework\boot\spring-boot\3.3.1\spring-boot-3.3.1.jar;C:\Users\Parnian\.m2\repository\org\springframework\boot\spring-boot-autoconfigure\3.3.1\spring-boot-autoconfigure-3.3.1.jar;C:\Users\Parnian\.m2\repository\org\postgresql\postgresql\42.7.3\postgresql-42.7.3.jar;C:\Users\Parnian\.m2\repository\org\checkerframework\checker-qual\3.42.0\checker-qual-3.42.0.jar;C:\Users\Parnian\.m2\repository\org\projectlombok\lombok\1.18.32\lombok-1.18.32.jar;C:\Users\Parnian\.m2\repository\org\springframework\boot\spring-boot-starter-test\3.3.1\spring-boot-starter-test-3.3.1.jar;C:\Users\Parnian\.m2\repository\org\springframework\boot\spring-boot-test\3.3.1\spring-boot-test-3.3.1.jar;C:\Users\Parnian\.m2\repository\org\springframework\boot\spring-boot-test-autoconfigure\3.3.1\spring-boot-test-autoconfigure-3.3.1.jar;C:\Users\Parnian\.m2\repository\com\jayway\jsonpath\json-path\2.9.0\json-path-2.9.0.jar;C:\Users\Parnian\.m2\repository\jakarta\xml\bind\jakarta.xml.bind-api\4.0.2\jakarta.xml.bind-api-4.0.2.jar;C:\Users\Parnian\.m2\repository\jakarta\activation\jakarta.activation-api\2.1.3\jakarta.activation-api-2.1.3.jar;C:\Users\Parnian\.m2\repository\net\minidev\json-smart\2.5.1\json-smart-2.5.1.jar;C:\Users\Parnian\.m2\repository\net\minidev\accessors-smart\2.5.1\accessors-smart-2.5.1.jar;C:\Users\Parnian\.m2\repository\org\ow2\asm\asm\9.6\asm-9.6.jar;C:\Users\Parnian\.m2\repository\org\assertj\assertj-core\3.25.3\assertj-core-3.25.3.jar;C:\Users\Parnian\.m2\repository\org\awaitility\awaitility\4.2.1\awaitility-4.2.1.jar;C:\Users\Parnian\.m2\repository\org\hamcrest\hamcrest\2.2\hamcrest-2.2.jar;C:\Users\Parnian\.m2\repository\org\junit\jupiter\junit-jupiter\5.10.2\junit-jupiter-5.10.2.jar;C:\Users\Parnian\.m2\repository\org\junit\jupiter\junit-jupiter-api\5.10.2\junit-jupiter-api-5.10.2.jar;C:\Users\Parnian\.m2\repository\org\opentest4j\opentest4j\1.3.0\opentest4j-1.3.0.jar;C:\Users\Parnian\.m2\repository\org\junit\platform\junit-platform-commons\1.10.2\junit-platform-commons-1.10.2.jar;C:\Users\Parnian\.m2\repository\org\apiguardian\apiguardian-api\1.1.2\apiguardian-api-1.1.2.jar;C:\Users\Parnian\.m2\repository\org\junit\jupiter\junit-jupiter-params\5.10.2\junit-jupiter-params-5.10.2.jar;C:\Users\Parnian\.m2\repository\org\junit\jupiter\junit-jupiter-engine\5.10.2\junit-jupiter-engine-5.10.2.jar;C:\Users\Parnian\.m2\repository\org\junit\platform\junit-platform-engine\1.10.2\junit-platform-engine-1.10.2.jar;C:\Users\Parnian\.m2\repository\org\mockito\mockito-core\5.11.0\mockito-core-5.11.0.jar;C:\Users\Parnian\.m2\repository\net\bytebuddy\byte-buddy-agent\1.14.17\byte-buddy-agent-1.14.17.jar;C:\Users\Parnian\.m2\repository\org\objenesis\objenesis\3.3\objenesis-3.3.jar;C:\Users\Parnian\.m2\repository\org\mockito\mockito-junit-jupiter\5.11.0\mockito-junit-jupiter-5.11.0.jar;C:\Users\Parnian\.m2\repository\org\skyscreamer\jsonassert\1.5.1\jsonassert-1.5.1.jar;C:\Users\Parnian\.m2\repository\com\vaadin\external\google\android-json\0.0.20131108.vaadin1\android-json-0.0.20131108.vaadin1.jar;C:\Users\Parnian\.m2\repository\org\springframework\spring-core\6.1.10\spring-core-6.1.10.jar;C:\Users\Parnian\.m2\repository\org\springframework\spring-jcl\6.1.10\spring-jcl-6.1.10.jar;C:\Users\Parnian\.m2\repository\org\springframework\spring-test\6.1.10\spring-test-6.1.10.jar;C:\Users\Parnian\.m2\repository\org\xmlunit\xmlunit-core\2.9.1\xmlunit-core-2.9.1.jar;C:\Users\Parnian\.m2\repository\org\springframework\security\spring-security-test\6.3.1\spring-security-test-6.3.1.jar;C:\Users\Parnian\.m2\repository\org\springframework\security\spring-security-core\6.3.1\spring-security-core-6.3.1.jar;C:\Users\Parnian\.m2\repository\org\springframework\security\spring-security-crypto\6.3.1\spring-security-crypto-6.3.1.jar;C:\Users\Parnian\.m2\repository\org\jetbrains\annotations\26.0.2\annotations-26.0.2.jar;, java.vm.vendor=Oracle Corporation, sun.arch.data.model=64, user.variant=, java.vendor.url=https://java.oracle.com/, user.timezone=Asia/Tehran, jakarta.persistence.sharedCache.mode=UNSPECIFIED, org.jboss.logging.provider=slf4j, os.name=Windows 11, java.vm.specification.version=23, jakarta.persistence.nonJtaDataSource=HikariDataSource (HikariPool-3), sun.java.launcher=SUN_STANDARD, user.country=US, sun.boot.library.path=C:\Program Files\Java\jdk-23\bin, sun.java.command=C:\Users\Parnian\AppData\Local\Temp\surefire12930389894133816043\surefirebooter-20250824113208435_3.jar C:\Users\Parnian\AppData\Local\Temp\surefire12930389894133816043 2025-08-24T11-32-07_988-jvmRun1 surefire-20250824113208435_1tmp surefire_0-20250824113208435_2tmp, javax.persistence.nonJtaDataSource=HikariDataSource (HikariPool-3), hibernate.transaction.jta.platform=org.hibernate.engine.transaction.jta.platform.internal.NoJtaPlatform@62cf4881, jdk.debug=release, surefire.test.class.path=D:\ChiDaram App\chi_daram\target\test-classes;D:\ChiDaram App\chi_daram\target\classes;C:\Users\Parnian\.m2\repository\org\springframework\boot\spring-boot-starter-actuator\3.3.1\spring-boot-starter-actuator-3.3.1.jar;C:\Users\Parnian\.m2\repository\org\springframework\boot\spring-boot-starter\3.3.1\spring-boot-starter-3.3.1.jar;C:\Users\Parnian\.m2\repository\org\springframework\boot\spring-boot-starter-logging\3.3.1\spring-boot-starter-logging-3.3.1.jar;C:\Users\Parnian\.m2\repository\ch\qos\logback\logback-classic\1.5.6\logback-classic-1.5.6.jar;C:\Users\Parnian\.m2\repository\ch\qos\logback\logback-core\1.5.6\logback-core-1.5.6.jar;C:\Users\Parnian\.m2\repository\org\apache\logging\log4j\log4j-to-slf4j\2.23.1\log4j-to-slf4j-2.23.1.jar;C:\Users\Parnian\.m2\repository\org\apache\logging\log4j\log4j-api\2.23.1\log4j-api-2.23.1.jar;C:\Users\Parnian\.m2\repository\org\slf4j\jul-to-slf4j\2.0.13\jul-to-slf4j-2.0.13.jar;C:\Users\Parnian\.m2\repository\jakarta\annotation\jakarta.annotation-api\2.1.1\jakarta.annotation-api-2.1.1.jar;C:\Users\Parnian\.m2\repository\org\yaml\snakeyaml\2.2\snakeyaml-2.2.jar;C:\Users\Parnian\.m2\repository\org\springframework\boot\spring-boot-actuator-autoconfigure\3.3.1\spring-boot-actuator-autoconfigure-3.3.1.jar;C:\Users\Parnian\.m2\repository\org\springframework\boot\spring-boot-actuator\3.3.1\spring-boot-actuator-3.3.1.jar;C:\Users\Parnian\.m2\repository\com\fasterxml\jackson\datatype\jackson-datatype-jsr310\2.17.1\jackson-datatype-jsr310-2.17.1.jar;C:\Users\Parnian\.m2\repository\io\micrometer\micrometer-observation\1.13.1\micrometer-observation-1.13.1.jar;C:\Users\Parnian\.m2\repository\io\micrometer\micrometer-commons\1.13.1\micrometer-commons-1.13.1.jar;C:\Users\Parnian\.m2\repository\io\micrometer\micrometer-jakarta9\1.13.1\micrometer-jakarta9-1.13.1.jar;C:\Users\Parnian\.m2\repository\io\micrometer\micrometer-core\1.13.1\micrometer-core-1.13.1.jar;C:\Users\Parnian\.m2\repository\org\hdrhistogram\HdrHistogram\2.2.2\HdrHistogram-2.2.2.jar;C:\Users\Parnian\.m2\repository\org\latencyutils\LatencyUtils\2.0.3\LatencyUtils-2.0.3.jar;C:\Users\Parnian\.m2\repository\org\springframework\boot\spring-boot-starter-data-jpa\3.3.1\spring-boot-starter-data-jpa-3.3.1.jar;C:\Users\Parnian\.m2\repository\org\springframework\boot\spring-boot-starter-aop\3.3.1\spring-boot-starter-aop-3.3.1.jar;C:\Users\Parnian\.m2\repository\org\aspectj\aspectjweaver\1.9.22\aspectjweaver-1.9.22.jar;C:\Users\Parnian\.m2\repository\org\springframework\boot\spring-boot-starter-jdbc\3.3.1\spring-boot-starter-jdbc-3.3.1.jar;C:\Users\Parnian\.m2\repository\com\zaxxer\HikariCP\5.1.0\HikariCP-5.1.0.jar;C:\Users\Parnian\.m2\repository\org\springframework\spring-jdbc\6.1.10\spring-jdbc-6.1.10.jar;C:\Users\Parnian\.m2\repository\org\hibernate\orm\hibernate-core\6.5.2.Final\hibernate-core-6.5.2.Final.jar;C:\Users\Parnian\.m2\repository\jakarta\persistence\jakarta.persistence-api\3.1.0\jakarta.persistence-api-3.1.0.jar;C:\Users\Parnian\.m2\repository\jakarta\transaction\jakarta.transaction-api\2.0.1\jakarta.transaction-api-2.0.1.jar;C:\Users\Parnian\.m2\repository\org\jboss\logging\jboss-logging\3.5.3.Final\jboss-logging-3.5.3.Final.jar;C:\Users\Parnian\.m2\repository\org\hibernate\common\hibernate-commons-annotations\6.0.6.Final\hibernate-commons-annotations-6.0.6.Final.jar;C:\Users\Parnian\.m2\repository\io\smallrye\jandex\3.1.2\jandex-3.1.2.jar;C:\Users\Parnian\.m2\repository\com\fasterxml\classmate\1.7.0\classmate-1.7.0.jar;C:\Users\Parnian\.m2\repository\net\bytebuddy\byte-buddy\1.14.17\byte-buddy-1.14.17.jar;C:\Users\Parnian\.m2\repository\org\glassfish\jaxb\jaxb-runtime\4.0.5\jaxb-runtime-4.0.5.jar;C:\Users\Parnian\.m2\repository\org\glassfish\jaxb\jaxb-core\4.0.5\jaxb-core-4.0.5.jar;C:\Users\Parnian\.m2\repository\org\eclipse\angus\angus-activation\2.0.2\angus-activation-2.0.2.jar;C:\Users\Parnian\.m2\repository\org\glassfish\jaxb\txw2\4.0.5\txw2-4.0.5.jar;C:\Users\Parnian\.m2\repository\com\sun\istack\istack-commons-runtime\4.1.2\istack-commons-runtime-4.1.2.jar;C:\Users\Parnian\.m2\repository\jakarta\inject\jakarta.inject-api\2.0.1\jakarta.inject-api-2.0.1.jar;C:\Users\Parnian\.m2\repository\org\antlr\antlr4-runtime\4.13.0\antlr4-runtime-4.13.0.jar;C:\Users\Parnian\.m2\repository\org\springframework\data\spring-data-jpa\3.3.1\spring-data-jpa-3.3.1.jar;C:\Users\Parnian\.m2\repository\org\springframework\data\spring-data-commons\3.3.1\spring-data-commons-3.3.1.jar;C:\Users\Parnian\.m2\repository\org\springframework\spring-orm\6.1.10\spring-orm-6.1.10.jar;C:\Users\Parnian\.m2\repository\org\springframework\spring-context\6.1.10\spring-context-6.1.10.jar;C:\Users\Parnian\.m2\repository\org\springframework\spring-tx\6.1.10\spring-tx-6.1.10.jar;C:\Users\Parnian\.m2\repository\org\springframework\spring-beans\6.1.10\spring-beans-6.1.10.jar;C:\Users\Parnian\.m2\repository\org\springframework\spring-aspects\6.1.10\spring-aspects-6.1.10.jar;C:\Users\Parnian\.m2\repository\org\springframework\boot\spring-boot-starter-security\3.3.1\spring-boot-starter-security-3.3.1.jar;C:\Users\Parnian\.m2\repository\org\springframework\spring-aop\6.1.10\spring-aop-6.1.10.jar;C:\Users\Parnian\.m2\repository\org\springframework\security\spring-security-config\6.3.1\spring-security-config-6.3.1.jar;C:\Users\Parnian\.m2\repository\org\springframework\security\spring-security-web\6.3.1\spring-security-web-6.3.1.jar;C:\Users\Parnian\.m2\repository\org\springframework\spring-expression\6.1.10\spring-expression-6.1.10.jar;C:\Users\Parnian\.m2\repository\org\springframework\boot\spring-boot-starter-thymeleaf\3.3.1\spring-boot-starter-thymeleaf-3.3.1.jar;C:\Users\Parnian\.m2\repository\org\thymeleaf\thymeleaf-spring6\3.1.2.RELEASE\thymeleaf-spring6-3.1.2.RELEASE.jar;C:\Users\Parnian\.m2\repository\org\thymeleaf\thymeleaf\3.1.2.RELEASE\thymeleaf-3.1.2.RELEASE.jar;C:\Users\Parnian\.m2\repository\org\attoparser\attoparser\2.0.7.RELEASE\attoparser-2.0.7.RELEASE.jar;C:\Users\Parnian\.m2\repository\org\unbescape\unbescape\1.1.6.RELEASE\unbescape-1.1.6.RELEASE.jar;C:\Users\Parnian\.m2\repository\org\springframework\boot\spring-boot-starter-validation\3.3.1\spring-boot-starter-validation-3.3.1.jar;C:\Users\Parnian\.m2\repository\org\apache\tomcat\embed\tomcat-embed-el\10.1.25\tomcat-embed-el-10.1.25.jar;C:\Users\Parnian\.m2\repository\org\hibernate\validator\hibernate-validator\8.0.1.Final\hibernate-validator-8.0.1.Final.jar;C:\Users\Parnian\.m2\repository\jakarta\validation\jakarta.validation-api\3.0.2\jakarta.validation-api-3.0.2.jar;C:\Users\Parnian\.m2\repository\org\springframework\boot\spring-boot-starter-web\3.3.1\spring-boot-starter-web-3.3.1.jar;C:\Users\Parnian\.m2\repository\org\springframework\boot\spring-boot-starter-json\3.3.1\spring-boot-starter-json-3.3.1.jar;C:\Users\Parnian\.m2\repository\com\fasterxml\jackson\datatype\jackson-datatype-jdk8\2.17.1\jackson-datatype-jdk8-2.17.1.jar;C:\Users\Parnian\.m2\repository\com\fasterxml\jackson\module\jackson-module-parameter-names\2.17.1\jackson-module-parameter-names-2.17.1.jar;C:\Users\Parnian\.m2\repository\org\springframework\boot\spring-boot-starter-tomcat\3.3.1\spring-boot-starter-tomcat-3.3.1.jar;C:\Users\Parnian\.m2\repository\org\apache\tomcat\embed\tomcat-embed-core\10.1.25\tomcat-embed-core-10.1.25.jar;C:\Users\Parnian\.m2\repository\org\apache\tomcat\embed\tomcat-embed-websocket\10.1.25\tomcat-embed-websocket-10.1.25.jar;C:\Users\Parnian\.m2\repository\org\springframework\spring-web\6.1.10\spring-web-6.1.10.jar;C:\Users\Parnian\.m2\repository\org\springframework\spring-webmvc\6.1.10\spring-webmvc-6.1.10.jar;C:\Users\Parnian\.m2\repository\org\thymeleaf\extras\thymeleaf-extras-springsecurity6\3.1.2.RELEASE\thymeleaf-extras-springsecurity6-3.1.2.RELEASE.jar;C:\Users\Parnian\.m2\repository\org\slf4j\slf4j-api\2.0.13\slf4j-api-2.0.13.jar;C:\Users\Parnian\.m2\repository\org\springdoc\springdoc-openapi-starter-webmvc-ui\2.5.0\springdoc-openapi-starter-webmvc-ui-2.5.0.jar;C:\Users\Parnian\.m2\repository\org\springdoc\springdoc-openapi-starter-webmvc-api\2.5.0\springdoc-openapi-starter-webmvc-api-2.5.0.jar;C:\Users\Parnian\.m2\repository\org\springdoc\springdoc-openapi-starter-common\2.5.0\springdoc-openapi-starter-common-2.5.0.jar;C:\Users\Parnian\.m2\repository\io\swagger\core\v3\swagger-core-jakarta\2.2.21\swagger-core-jakarta-2.2.21.jar;C:\Users\Parnian\.m2\repository\org\apache\commons\commons-lang3\3.14.0\commons-lang3-3.14.0.jar;C:\Users\Parnian\.m2\repository\io\swagger\core\v3\swagger-annotations-jakarta\2.2.21\swagger-annotations-jakarta-2.2.21.jar;C:\Users\Parnian\.m2\repository\io\swagger\core\v3\swagger-models-jakarta\2.2.21\swagger-models-jakarta-2.2.21.jar;C:\Users\Parnian\.m2\repository\com\fasterxml\jackson\dataformat\jackson-dataformat-yaml\2.17.1\jackson-dataformat-yaml-2.17.1.jar;C:\Users\Parnian\.m2\repository\org\webjars\swagger-ui\5.13.0\swagger-ui-5.13.0.jar;C:\Users\Parnian\.m2\repository\io\jsonwebtoken\jjwt-api\0.12.5\jjwt-api-0.12.5.jar;C:\Users\Parnian\.m2\repository\io\jsonwebtoken\jjwt-impl\0.12.5\jjwt-impl-0.12.5.jar;C:\Users\Parnian\.m2\repository\io\jsonwebtoken\jjwt-jackson\0.12.5\jjwt-jackson-0.12.5.jar;C:\Users\Parnian\.m2\repository\com\fasterxml\jackson\core\jackson-databind\2.17.1\jackson-databind-2.17.1.jar;C:\Users\Parnian\.m2\repository\com\fasterxml\jackson\core\jackson-annotations\2.17.1\jackson-annotations-2.17.1.jar;C:\Users\Parnian\.m2\repository\com\fasterxml\jackson\core\jackson-core\2.17.1\jackson-core-2.17.1.jar;C:\Users\Parnian\.m2\repository\org\springframework\boot\spring-boot-devtools\3.3.1\spring-boot-devtools-3.3.1.jar;C:\Users\Parnian\.m2\repository\org\springframework\boot\spring-boot\3.3.1\spring-boot-3.3.1.jar;C:\Users\Parnian\.m2\repository\org\springframework\boot\spring-boot-autoconfigure\3.3.1\spring-boot-autoconfigure-3.3.1.jar;C:\Users\Parnian\.m2\repository\org\postgresql\postgresql\42.7.3\postgresql-42.7.3.jar;C:\Users\Parnian\.m2\repository\org\checkerframework\checker-qual\3.42.0\checker-qual-3.42.0.jar;C:\Users\Parnian\.m2\repository\org\projectlombok\lombok\1.18.32\lombok-1.18.32.jar;C:\Users\Parnian\.m2\repository\org\springframework\boot\spring-boot-starter-test\3.3.1\spring-boot-starter-test-3.3.1.jar;C:\Users\Parnian\.m2\repository\org\springframework\boot\spring-boot-test\3.3.1\spring-boot-test-3.3.1.jar;C:\Users\Parnian\.m2\repository\org\springframework\boot\spring-boot-test-autoconfigure\3.3.1\spring-boot-test-autoconfigure-3.3.1.jar;C:\Users\Parnian\.m2\repository\com\jayway\jsonpath\json-path\2.9.0\json-path-2.9.0.jar;C:\Users\Parnian\.m2\repository\jakarta\xml\bind\jakarta.xml.bind-api\4.0.2\jakarta.xml.bind-api-4.0.2.jar;C:\Users\Parnian\.m2\repository\jakarta\activation\jakarta.activation-api\2.1.3\jakarta.activation-api-2.1.3.jar;C:\Users\Parnian\.m2\repository\net\minidev\json-smart\2.5.1\json-smart-2.5.1.jar;C:\Users\Parnian\.m2\repository\net\minidev\accessors-smart\2.5.1\accessors-smart-2.5.1.jar;C:\Users\Parnian\.m2\repository\org\ow2\asm\asm\9.6\asm-9.6.jar;C:\Users\Parnian\.m2\repository\org\assertj\assertj-core\3.25.3\assertj-core-3.25.3.jar;C:\Users\Parnian\.m2\repository\org\awaitility\awaitility\4.2.1\awaitility-4.2.1.jar;C:\Users\Parnian\.m2\repository\org\hamcrest\hamcrest\2.2\hamcrest-2.2.jar;C:\Users\Parnian\.m2\repository\org\junit\jupiter\junit-jupiter\5.10.2\junit-jupiter-5.10.2.jar;C:\Users\Parnian\.m2\repository\org\junit\jupiter\junit-jupiter-api\5.10.2\junit-jupiter-api-5.10.2.jar;C:\Users\Parnian\.m2\repository\org\opentest4j\opentest4j\1.3.0\opentest4j-1.3.0.jar;C:\Users\Parnian\.m2\repository\org\junit\platform\junit-platform-commons\1.10.2\junit-platform-commons-1.10.2.jar;C:\Users\Parnian\.m2\repository\org\apiguardian\apiguardian-api\1.1.2\apiguardian-api-1.1.2.jar;C:\Users\Parnian\.m2\repository\org\junit\jupiter\junit-jupiter-params\5.10.2\junit-jupiter-params-5.10.2.jar;C:\Users\Parnian\.m2\repository\org\junit\jupiter\junit-jupiter-engine\5.10.2\junit-jupiter-engine-5.10.2.jar;C:\Users\Parnian\.m2\repository\org\junit\platform\junit-platform-engine\1.10.2\junit-platform-engine-1.10.2.jar;C:\Users\Parnian\.m2\repository\org\mockito\mockito-core\5.11.0\mockito-core-5.11.0.jar;C:\Users\Parnian\.m2\repository\net\bytebuddy\byte-buddy-agent\1.14.17\byte-buddy-agent-1.14.17.jar;C:\Users\Parnian\.m2\repository\org\objenesis\objenesis\3.3\objenesis-3.3.jar;C:\Users\Parnian\.m2\repository\org\mockito\mockito-junit-jupiter\5.11.0\mockito-junit-jupiter-5.11.0.jar;C:\Users\Parnian\.m2\repository\org\skyscreamer\jsonassert\1.5.1\jsonassert-1.5.1.jar;C:\Users\Parnian\.m2\repository\com\vaadin\external\google\android-json\0.0.20131108.vaadin1\android-json-0.0.20131108.vaadin1.jar;C:\Users\Parnian\.m2\repository\org\springframework\spring-core\6.1.10\spring-core-6.1.10.jar;C:\Users\Parnian\.m2\repository\org\springframework\spring-jcl\6.1.10\spring-jcl-6.1.10.jar;C:\Users\Parnian\.m2\repository\org\springframework\spring-test\6.1.10\spring-test-6.1.10.jar;C:\Users\Parnian\.m2\repository\org\xmlunit\xmlunit-core\2.9.1\xmlunit-core-2.9.1.jar;C:\Users\Parnian\.m2\repository\org\springframework\security\spring-security-test\6.3.1\spring-security-test-6.3.1.jar;C:\Users\Parnian\.m2\repository\org\springframework\security\spring-security-core\6.3.1\spring-security-core-6.3.1.jar;C:\Users\Parnian\.m2\repository\org\springframework\security\spring-security-crypto\6.3.1\spring-security-crypto-6.3.1.jar;C:\Users\Parnian\.m2\repository\org\jetbrains\annotations\26.0.2\annotations-26.0.2.jar;, sun.cpu.endian=little, hibernate.cdi.extensions=true, user.home=C:\Users\Parnian, user.language=en, java.specification.vendor=Oracle Corporation, java.version.date=2024-10-15, java.home=C:\Program Files\Java\jdk-23, file.separator=\, basedir=D:\ChiDaram App\chi_daram, java.vm.compressedOopsMode=32-bit, line.separator=
, hibernate.persistenceUnitName=default, java.vm.specification.vendor=Oracle Corporation, java.specification.name=Java Platform API Specification, FILE_LOG_CHARSET=UTF-8, hibernate.transaction.coordinator_class=class org.hibernate.resource.transaction.backend.jdbc.internal.JdbcResourceLocalTransactionCoordinatorBuilderImpl, java.awt.headless=true, surefire.real.class.path=C:\Users\Parnian\AppData\Local\Temp\surefire12930389894133816043\surefirebooter-20250824113208435_3.jar, jakarta.persistence.validation.mode=AUTO, hibernate.hbm2ddl.auto=validate, user.script=, sun.management.compiler=HotSpot 64-Bit Tiered Compilers, java.runtime.version=23.0.1+11-39, user.name=Parnian, stdout.encoding=Cp1252, path.separator=;, os.version=10.0, java.runtime.name=Java(TM) SE Runtime Environment, file.encoding=UTF-8, java.vm.name=Java HotSpot(TM) 64-Bit Server VM, localRepository=C:\Users\Parnian\.m2\repository, java.vendor.url.bug=https://bugreport.java.com/bugreport/, java.io.tmpdir=C:\Users\Parnian\AppData\Local\Temp\, java.version=23.0.1, hibernate.physical_naming_strategy=org.hibernate.boot.model.naming.CamelCaseToUnderscoresNamingStrategy, user.dir=D:\ChiDaram App\chi_daram, os.arch=amd64, java.vm.specification.name=Java Virtual Machine Specification, PID=1188, sun.os.patch.level=, CONSOLE_LOG_CHARSET=UTF-8, hibernate.boot.CfgXmlAccessService.key=org.hibernate.boot.registry.StandardServiceRegistryBuilder$1@66e22c32, native.encoding=Cp1252, java.library.path=C:\Program Files\Java\jdk-23\bin;C:\Windows\Sun\Java\bin;C:\Windows\system32;C:\Windows;C:\Program Files\Common Files\Oracle\Java\javapath;C:\Windows;C:\Windows\System32\Wbem;C:\Windows\System32\WindowsPowerShell\v1.0\;C:\Windows\System32\OpenSSH\;C:\Program Files\Microsoft VS Code\bin;C:\Program Files\dotnet\;C:\Program Files (x86)\Microsoft SQL Server\160\DTS\Binn\;C:\Program Files (x86)\Microsoft SQL Server\160\Tools\Binn\;C:\Program Files\Microsoft SQL Server\160\Tools\Binn\;C:\Program Files\Microsoft SQL Server\Client SDK\ODBC\170\Tools\Binn\;C:\Program Files\Microsoft SQL Server\160\DTS\Binn\;C:\Program Files\Java\jdk-16.0.2+7;C:\Users\Parnian\Downloads\python-3.13.1-amd64;C:\Program Files\Java\jdk-23\bin;D:\postqree\bin\psql.exe;C:\Users\Parnian\Downloads\hibernate-types-52-2.10.0.jar;C:\Users\Parnian\Downloads\apache-maven-3.9.9-bin\apache-maven-3.9.9\bin;C:\Program Files\Git\cmd;C:\Program Files (x86)\Microsoft SQL Server\100\Tools\Binn\;C:\Program Files\Microsoft SQL Server\100\Tools\Binn\;C:\Program Files\Microsoft SQL Server\100\DTS\Binn\;C:\Program Files (x86)\Microsoft SQL Server\100\Tools\Binn\VSShell\Common7\IDE\;C:\Program Files (x86)\Microsoft SQL Server\100\DTS\Binn\;C:\Users\Parnian\Downloads\apache-maven-3.9.10-bin\apache-maven-3.9.10\bin;D:\src\flutter\bin;;C:\Program Files\Docker\Docker\resources\bin;C:\Program Files\nodejs\;C:\Users\Parnian\AppData\Local\Programs\Python\Python313\Scripts\;C:\Users\Parnian\AppData\Local\Programs\Python\Python313\;C:\Users\Parnian\AppData\Local\Programs\Python\Launcher\;C:\Users\Parnian\AppData\Local\Microsoft\WindowsApps;%IntelliJ IDEA Community Edition%;C:\Users\Parnian\AppData\Local\Programs\Microsoft VS Code\bin;C:\Windows\System32;D:\project\IntelliJ IDEA 2025.2\bin;C:\Users\Parnian\AppData\Roaming\npm;., stderr.encoding=Cp1252, java.vendor=Oracle Corporation, java.vm.info=mixed mode, sharing, java.vm.version=23.0.1+11-39, sun.io.unicode.encoding=UnicodeLittle, hibernate.archive.scanner=org.hibernate.boot.archive.scan.internal.DisabledScanner, hibernate.connection.datasource=HikariDataSource (HikariPool-3), java.class.version=67.0, LOGGED_APPLICATION_NAME=[ChiDaram App] }
2025-08-24T11:33:14.830+03:30 DEBUG 1188 --- [ChiDaram App] [           main] o.hibernate.internal.SessionFactoryImpl  : Session factory constructed with filter configurations : {}
2025-08-24T11:33:14.832+03:30 DEBUG 1188 --- [ChiDaram App] [           main] o.h.v.i.xml.config.ValidationXmlParser   : Trying to load META-INF/validation.xml for XML based Validator configuration.
2025-08-24T11:33:14.832+03:30 DEBUG 1188 --- [ChiDaram App] [           main] o.h.v.i.xml.config.ResourceLoaderHelper  : Trying to load META-INF/validation.xml via TCCL
2025-08-24T11:33:14.833+03:30 DEBUG 1188 --- [ChiDaram App] [           main] o.h.v.i.xml.config.ResourceLoaderHelper  : Trying to load META-INF/validation.xml via Hibernate Validator's class loader
2025-08-24T11:33:14.833+03:30 DEBUG 1188 --- [ChiDaram App] [           main] o.h.v.i.xml.config.ValidationXmlParser   : No META-INF/validation.xml found. Using annotation based configuration only.
2025-08-24T11:33:14.834+03:30 DEBUG 1188 --- [ChiDaram App] [           main] o.h.v.i.e.resolver.TraversableResolvers  : Found jakarta.persistence.Persistence on classpath containing 'getPersistenceUtil'. Assuming JPA 2 environment. Trying to instantiate JPA aware TraversableResolver
2025-08-24T11:33:14.835+03:30 DEBUG 1188 --- [ChiDaram App] [           main] o.h.v.i.e.resolver.TraversableResolvers  : Instantiated JPA aware TraversableResolver of type org.hibernate.validator.internal.engine.resolver.JPATraversableResolver.
2025-08-24T11:33:14.836+03:30 DEBUG 1188 --- [ChiDaram App] [           main] .h.v.m.ResourceBundleMessageInterpolator : Loaded expression factory via original TCCL
2025-08-24T11:33:14.849+03:30 DEBUG 1188 --- [ChiDaram App] [           main] .i.e.ValidatorFactoryConfigurationHelper : HV000252: Using org.hibernate.validator.internal.engine.DefaultPropertyNodeNameProvider as property node name provider.
2025-08-24T11:33:14.851+03:30 DEBUG 1188 --- [ChiDaram App] [           main] .i.e.ValidatorFactoryConfigurationHelper : HV000234: Using org.hibernate.validator.messageinterpolation.ResourceBundleMessageInterpolator as ValidatorFactory-scoped message interpolator.
2025-08-24T11:33:14.853+03:30 DEBUG 1188 --- [ChiDaram App] [           main] .i.e.ValidatorFactoryConfigurationHelper : HV000234: Using org.hibernate.validator.internal.engine.resolver.JPATraversableResolver as ValidatorFactory-scoped traversable resolver.
2025-08-24T11:33:14.853+03:30 DEBUG 1188 --- [ChiDaram App] [           main] .i.e.ValidatorFactoryConfigurationHelper : HV000234: Using org.hibernate.validator.internal.util.ExecutableParameterNameProvider as ValidatorFactory-scoped parameter name provider.
2025-08-24T11:33:14.854+03:30 DEBUG 1188 --- [ChiDaram App] [           main] .i.e.ValidatorFactoryConfigurationHelper : HV000234: Using org.hibernate.validator.internal.engine.DefaultClockProvider as ValidatorFactory-scoped clock provider.
2025-08-24T11:33:14.854+03:30 DEBUG 1188 --- [ChiDaram App] [           main] .i.e.ValidatorFactoryConfigurationHelper : HV000234: Using org.hibernate.validator.internal.engine.scripting.DefaultScriptEvaluatorFactory as ValidatorFactory-scoped script evaluator factory.
2025-08-24T11:33:14.854+03:30 DEBUG 1188 --- [ChiDaram App] [           main] o.h.boot.internal.ClassLoaderAccessImpl  : Not known whether passed class name [com.example.chi_daram.entity.Increasedocumenttype] is safe
2025-08-24T11:33:14.855+03:30 DEBUG 1188 --- [ChiDaram App] [           main] o.h.boot.internal.ClassLoaderAccessImpl  : No temp ClassLoader provided; using live ClassLoader for loading potentially unsafe class : com.example.chi_daram.entity.Increasedocumenttype
2025-08-24T11:33:14.913+03:30 DEBUG 1188 --- [ChiDaram App] [           main] o.h.boot.internal.ClassLoaderAccessImpl  : Not known whether passed class name [com.example.chi_daram.entity.Increasedocumentrow] is safe
2025-08-24T11:33:14.914+03:30 DEBUG 1188 --- [ChiDaram App] [           main] o.h.boot.internal.ClassLoaderAccessImpl  : No temp ClassLoader provided; using live ClassLoader for loading potentially unsafe class : com.example.chi_daram.entity.Increasedocumentrow
2025-08-24T11:33:14.929+03:30 DEBUG 1188 --- [ChiDaram App] [           main] o.h.boot.internal.ClassLoaderAccessImpl  : Not known whether passed class name [com.example.chi_daram.entity.ItemStatus] is safe
2025-08-24T11:33:14.929+03:30 DEBUG 1188 --- [ChiDaram App] [           main] o.h.boot.internal.ClassLoaderAccessImpl  : No temp ClassLoader provided; using live ClassLoader for loading potentially unsafe class : com.example.chi_daram.entity.ItemStatus
2025-08-24T11:33:14.940+03:30 DEBUG 1188 --- [ChiDaram App] [           main] o.h.boot.internal.ClassLoaderAccessImpl  : Not known whether passed class name [com.example.chi_daram.entity.Categorylevel1] is safe
2025-08-24T11:33:14.941+03:30 DEBUG 1188 --- [ChiDaram App] [           main] o.h.boot.internal.ClassLoaderAccessImpl  : No temp ClassLoader provided; using live ClassLoader for loading potentially unsafe class : com.example.chi_daram.entity.Categorylevel1
2025-08-24T11:33:14.946+03:30 DEBUG 1188 --- [ChiDaram App] [           main] o.h.boot.internal.ClassLoaderAccessImpl  : Not known whether passed class name [com.example.chi_daram.entity.Categorylevel2] is safe
2025-08-24T11:33:14.946+03:30 DEBUG 1188 --- [ChiDaram App] [           main] o.h.boot.internal.ClassLoaderAccessImpl  : No temp ClassLoader provided; using live ClassLoader for loading potentially unsafe class : com.example.chi_daram.entity.Categorylevel2
2025-08-24T11:33:14.959+03:30 DEBUG 1188 --- [ChiDaram App] [           main] o.h.boot.internal.ClassLoaderAccessImpl  : Not known whether passed class name [com.example.chi_daram.entity.Decreasedocumenttype] is safe
2025-08-24T11:33:14.959+03:30 DEBUG 1188 --- [ChiDaram App] [           main] o.h.boot.internal.ClassLoaderAccessImpl  : No temp ClassLoader provided; using live ClassLoader for loading potentially unsafe class : com.example.chi_daram.entity.Decreasedocumenttype
2025-08-24T11:33:14.964+03:30 DEBUG 1188 --- [ChiDaram App] [           main] o.h.boot.internal.ClassLoaderAccessImpl  : Not known whether passed class name [com.example.chi_daram.entity.Decreasedocument] is safe
2025-08-24T11:33:14.965+03:30 DEBUG 1188 --- [ChiDaram App] [           main] o.h.boot.internal.ClassLoaderAccessImpl  : No temp ClassLoader provided; using live ClassLoader for loading potentially unsafe class : com.example.chi_daram.entity.Decreasedocument
2025-08-24T11:33:14.972+03:30 DEBUG 1188 --- [ChiDaram App] [           main] o.h.boot.internal.ClassLoaderAccessImpl  : Not known whether passed class name [com.example.chi_daram.entity.User] is safe
2025-08-24T11:33:14.972+03:30 DEBUG 1188 --- [ChiDaram App] [           main] o.h.boot.internal.ClassLoaderAccessImpl  : No temp ClassLoader provided; using live ClassLoader for loading potentially unsafe class : com.example.chi_daram.entity.User
2025-08-24T11:33:14.992+03:30 DEBUG 1188 --- [ChiDaram App] [           main] o.h.boot.internal.ClassLoaderAccessImpl  : Not known whether passed class name [com.example.chi_daram.entity.Decreasedocumentrow] is safe
2025-08-24T11:33:14.992+03:30 DEBUG 1188 --- [ChiDaram App] [           main] o.h.boot.internal.ClassLoaderAccessImpl  : No temp ClassLoader provided; using live ClassLoader for loading potentially unsafe class : com.example.chi_daram.entity.Decreasedocumentrow
2025-08-24T11:33:14.999+03:30 DEBUG 1188 --- [ChiDaram App] [           main] o.h.boot.internal.ClassLoaderAccessImpl  : Not known whether passed class name [com.example.chi_daram.entity.Item] is safe
2025-08-24T11:33:14.999+03:30 DEBUG 1188 --- [ChiDaram App] [           main] o.h.boot.internal.ClassLoaderAccessImpl  : No temp ClassLoader provided; using live ClassLoader for loading potentially unsafe class : com.example.chi_daram.entity.Item
2025-08-24T11:33:15.004+03:30 DEBUG 1188 --- [ChiDaram App] [           main] o.h.boot.internal.ClassLoaderAccessImpl  : Not known whether passed class name [com.example.chi_daram.entity.Increasedocument] is safe
2025-08-24T11:33:15.004+03:30 DEBUG 1188 --- [ChiDaram App] [           main] o.h.boot.internal.ClassLoaderAccessImpl  : No temp ClassLoader provided; using live ClassLoader for loading potentially unsafe class : com.example.chi_daram.entity.Increasedocument
2025-08-24T11:33:15.018+03:30 DEBUG 1188 --- [ChiDaram App] [           main] o.h.boot.internal.ClassLoaderAccessImpl  : Not known whether passed class name [com.example.chi_daram.entity.Dynamicfields] is safe
2025-08-24T11:33:15.018+03:30 DEBUG 1188 --- [ChiDaram App] [           main] o.h.boot.internal.ClassLoaderAccessImpl  : No temp ClassLoader provided; using live ClassLoader for loading potentially unsafe class : com.example.chi_daram.entity.Dynamicfields
2025-08-24T11:33:15.023+03:30 DEBUG 1188 --- [ChiDaram App] [           main] .h.s.i.SessionFactoryServiceRegistryImpl : EventListenerRegistry access via ServiceRegistry is deprecated.  Use `sessionFactory.getEventEngine().getListenerRegistry()` instead
2025-08-24T11:33:15.040+03:30 DEBUG 1188 --- [ChiDaram App] [           main] o.h.q.sqm.function.SqmFunctionRegistry   : Registered SqmFunctionTemplate [NamedSqmFunctionTemplate(max)] under max; prior registration was null
2025-08-24T11:33:15.040+03:30 DEBUG 1188 --- [ChiDaram App] [           main] o.h.q.sqm.function.SqmFunctionRegistry   : Registered SqmFunctionTemplate [NamedSqmFunctionTemplate(min)] under min; prior registration was null
2025-08-24T11:33:15.041+03:30 DEBUG 1188 --- [ChiDaram App] [           main] o.h.q.sqm.function.SqmFunctionRegistry   : Registered SqmFunctionTemplate [NamedSqmFunctionTemplate(sum)] under sum; prior registration was null
2025-08-24T11:33:15.041+03:30 DEBUG 1188 --- [ChiDaram App] [           main] o.h.q.sqm.function.SqmFunctionRegistry   : Registered SqmFunctionTemplate [NamedSqmFunctionTemplate(avg)] under avg; prior registration was null
2025-08-24T11:33:15.041+03:30 DEBUG 1188 --- [ChiDaram App] [           main] o.h.q.sqm.function.SqmFunctionRegistry   : Registered SqmFunctionTemplate [org.hibernate.dialect.function.CountFunction@655e2908] under count; prior registration was null
2025-08-24T11:33:15.041+03:30 DEBUG 1188 --- [ChiDaram App] [           main] o.h.q.sqm.function.SqmFunctionRegistry   : Registered SqmFunctionTemplate [org.hibernate.dialect.function.EveryAnyEmulation@1e2aa6d0] under every; prior registration was null
2025-08-24T11:33:15.041+03:30 DEBUG 1188 --- [ChiDaram App] [           main] o.h.q.sqm.function.SqmFunctionRegistry   : Registered SqmFunctionTemplate [org.hibernate.dialect.function.EveryAnyEmulation@60d33834] under any; prior registration was null
2025-08-24T11:33:15.041+03:30 DEBUG 1188 --- [ChiDaram App] [           main] o.h.q.sqm.function.SqmFunctionRegistry   : Registered SqmFunctionTemplate [NamedSqmFunctionTemplate(floor)] under floor; prior registration was null
2025-08-24T11:33:15.041+03:30 DEBUG 1188 --- [ChiDaram App] [           main] o.h.q.sqm.function.SqmFunctionRegistry   : Registered SqmFunctionTemplate [NamedSqmFunctionTemplate(ceiling)] under ceiling; prior registration was null
2025-08-24T11:33:15.041+03:30 DEBUG 1188 --- [ChiDaram App] [           main] o.h.q.sqm.function.SqmFunctionRegistry   : Registered SqmFunctionTemplate [NamedSqmFunctionTemplate(mod)] under mod; prior registration was null
2025-08-24T11:33:15.042+03:30 DEBUG 1188 --- [ChiDaram App] [           main] o.h.q.sqm.function.SqmFunctionRegistry   : Registered SqmFunctionTemplate [NamedSqmFunctionTemplate(abs)] under abs; prior registration was null
2025-08-24T11:33:15.042+03:30 DEBUG 1188 --- [ChiDaram App] [           main] o.h.q.sqm.function.SqmFunctionRegistry   : Registered SqmFunctionTemplate [NamedSqmFunctionTemplate(sign)] under sign; prior registration was null
2025-08-24T11:33:15.042+03:30 DEBUG 1188 --- [ChiDaram App] [           main] o.h.q.sqm.function.SqmFunctionRegistry   : Registered SqmFunctionTemplate [NamedSqmFunctionTemplate(sqrt)] under sqrt; prior registration was null
2025-08-24T11:33:15.042+03:30 DEBUG 1188 --- [ChiDaram App] [           main] o.h.q.sqm.function.SqmFunctionRegistry   : Registered SqmFunctionTemplate [NamedSqmFunctionTemplate(ln)] under ln; prior registration was null
2025-08-24T11:33:15.042+03:30 DEBUG 1188 --- [ChiDaram App] [           main] o.h.q.sqm.function.SqmFunctionRegistry   : Registered SqmFunctionTemplate [NamedSqmFunctionTemplate(exp)] under exp; prior registration was null
2025-08-24T11:33:15.042+03:30 DEBUG 1188 --- [ChiDaram App] [           main] o.h.q.sqm.function.SqmFunctionRegistry   : Registered SqmFunctionTemplate [NamedSqmFunctionTemplate(power)] under power; prior registration was null
2025-08-24T11:33:15.042+03:30 DEBUG 1188 --- [ChiDaram App] [           main] o.h.q.sqm.function.SqmFunctionRegistry   : Registered SqmFunctionTemplate [NamedSqmFunctionTemplate(round)] under round; prior registration was null
2025-08-24T11:33:15.042+03:30 DEBUG 1188 --- [ChiDaram App] [           main] o.h.q.sqm.function.SqmFunctionRegistry   : Registered SqmFunctionTemplate [NamedSqmFunctionTemplate(sin)] under sin; prior registration was null
2025-08-24T11:33:15.042+03:30 DEBUG 1188 --- [ChiDaram App] [           main] o.h.q.sqm.function.SqmFunctionRegistry   : Registered SqmFunctionTemplate [NamedSqmFunctionTemplate(cos)] under cos; prior registration was null
2025-08-24T11:33:15.042+03:30 DEBUG 1188 --- [ChiDaram App] [           main] o.h.q.sqm.function.SqmFunctionRegistry   : Registered SqmFunctionTemplate [NamedSqmFunctionTemplate(tan)] under tan; prior registration was null
2025-08-24T11:33:15.042+03:30 DEBUG 1188 --- [ChiDaram App] [           main] o.h.q.sqm.function.SqmFunctionRegistry   : Registered SqmFunctionTemplate [NamedSqmFunctionTemplate(asin)] under asin; prior registration was null
2025-08-24T11:33:15.042+03:30 DEBUG 1188 --- [ChiDaram App] [           main] o.h.q.sqm.function.SqmFunctionRegistry   : Registered SqmFunctionTemplate [NamedSqmFunctionTemplate(acos)] under acos; prior registration was null
2025-08-24T11:33:15.042+03:30 DEBUG 1188 --- [ChiDaram App] [           main] o.h.q.sqm.function.SqmFunctionRegistry   : Registered SqmFunctionTemplate [NamedSqmFunctionTemplate(atan)] under atan; prior registration was null
2025-08-24T11:33:15.043+03:30 DEBUG 1188 --- [ChiDaram App] [           main] o.h.q.sqm.function.SqmFunctionRegistry   : Registered SqmFunctionTemplate [NamedSqmFunctionTemplate(atan2)] under atan2; prior registration was null
2025-08-24T11:33:15.043+03:30 DEBUG 1188 --- [ChiDaram App] [           main] o.h.q.sqm.function.SqmFunctionRegistry   : Registered SqmFunctionTemplate [org.hibernate.query.sqm.function.PatternBasedSqmFunctionDescriptor@129a9d88] under sinh; prior registration was null
2025-08-24T11:33:15.044+03:30 DEBUG 1188 --- [ChiDaram App] [           main] o.h.q.sqm.function.SqmFunctionRegistry   : Registered SqmFunctionTemplate [org.hibernate.query.sqm.function.PatternBasedSqmFunctionDescriptor@618f0ba] under cosh; prior registration was null
2025-08-24T11:33:15.044+03:30 DEBUG 1188 --- [ChiDaram App] [           main] o.h.q.sqm.function.SqmFunctionRegistry   : Registered SqmFunctionTemplate [org.hibernate.query.sqm.function.PatternBasedSqmFunctionDescriptor@4dcfca8f] under tanh; prior registration was null
2025-08-24T11:33:15.044+03:30 DEBUG 1188 --- [ChiDaram App] [           main] o.h.q.sqm.function.SqmFunctionRegistry   : Registered SqmFunctionTemplate [org.hibernate.query.sqm.function.PatternBasedSqmFunctionDescriptor@34a4599a] under pi; prior registration was null
2025-08-24T11:33:15.044+03:30 DEBUG 1188 --- [ChiDaram App] [           main] o.h.q.sqm.function.SqmFunctionRegistry   : Registered SqmFunctionTemplate [org.hibernate.query.sqm.function.PatternBasedSqmFunctionDescriptor@7294e45b] under log; prior registration was null
2025-08-24T11:33:15.044+03:30 DEBUG 1188 --- [ChiDaram App] [           main] o.h.q.sqm.function.SqmFunctionRegistry   : Registered SqmFunctionTemplate [NamedSqmFunctionTemplate(coalesce)] under coalesce; prior registration was null
2025-08-24T11:33:15.044+03:30 DEBUG 1188 --- [ChiDaram App] [           main] o.h.q.sqm.function.SqmFunctionRegistry   : Registered SqmFunctionTemplate [NamedSqmFunctionTemplate(nullif)] under nullif; prior registration was null
2025-08-24T11:33:15.044+03:30 DEBUG 1188 --- [ChiDaram App] [           main] o.h.q.sqm.function.SqmFunctionRegistry   : Registered SqmFunctionTemplate [NamedSqmFunctionTemplate(left)] under left; prior registration was null
2025-08-24T11:33:15.044+03:30 DEBUG 1188 --- [ChiDaram App] [           main] o.h.q.sqm.function.SqmFunctionRegistry   : Registered SqmFunctionTemplate [NamedSqmFunctionTemplate(right)] under right; prior registration was null
2025-08-24T11:33:15.044+03:30 DEBUG 1188 --- [ChiDaram App] [           main] o.h.q.sqm.function.SqmFunctionRegistry   : Registered SqmFunctionTemplate [NamedSqmFunctionTemplate(replace)] under replace; prior registration was null
2025-08-24T11:33:15.045+03:30 DEBUG 1188 --- [ChiDaram App] [           main] o.h.q.sqm.function.SqmFunctionRegistry   : Registered SqmFunctionTemplate [NamedSqmFunctionTemplate(concat)] under concat; prior registration was null
2025-08-24T11:33:15.045+03:30 DEBUG 1188 --- [ChiDaram App] [           main] o.h.q.sqm.function.SqmFunctionRegistry   : Registered SqmFunctionTemplate [NamedSqmFunctionTemplate(lower)] under lower; prior registration was null
2025-08-24T11:33:15.045+03:30 DEBUG 1188 --- [ChiDaram App] [           main] o.h.q.sqm.function.SqmFunctionRegistry   : Registered SqmFunctionTemplate [NamedSqmFunctionTemplate(upper)] under upper; prior registration was null
2025-08-24T11:33:15.045+03:30 DEBUG 1188 --- [ChiDaram App] [           main] o.h.q.sqm.function.SqmFunctionRegistry   : Registered SqmFunctionTemplate [NamedSqmFunctionTemplate(substring)] under substring; prior registration was null
2025-08-24T11:33:15.045+03:30 DEBUG 1188 --- [ChiDaram App] [           main] o.h.q.sqm.function.SqmFunctionRegistry   : Registered SqmFunctionTemplate [NamedSqmFunctionTemplate(locate)] under locate; prior registration was null
2025-08-24T11:33:15.045+03:30 DEBUG 1188 --- [ChiDaram App] [           main] o.h.q.sqm.function.SqmFunctionRegistry   : Registered SqmFunctionTemplate [NamedSqmFunctionTemplate(character_length)] under character_length; prior registration was null
2025-08-24T11:33:15.045+03:30 DEBUG 1188 --- [ChiDaram App] [           main] o.h.q.sqm.function.SqmFunctionRegistry   : Registering alternate key : length -> character_length
2025-08-24T11:33:15.045+03:30 DEBUG 1188 --- [ChiDaram App] [           main] o.h.q.sqm.function.SqmFunctionRegistry   : Registered SqmFunctionTemplate [org.hibernate.dialect.function.LocatePositionEmulation@33c84793] under position; prior registration was null
2025-08-24T11:33:15.045+03:30 DEBUG 1188 --- [ChiDaram App] [           main] o.h.q.sqm.function.SqmFunctionRegistry   : Registered SqmFunctionTemplate [org.hibernate.dialect.function.InsertSubstringOverlayEmulation@e068d7] under overlay; prior registration was null
2025-08-24T11:33:15.045+03:30 DEBUG 1188 --- [ChiDaram App] [           main] o.h.q.sqm.function.SqmFunctionRegistry   : Registered SqmFunctionTemplate [org.hibernate.dialect.function.TrimFunction@161e99d8] under trim; prior registration was null
2025-08-24T11:33:15.045+03:30 DEBUG 1188 --- [ChiDaram App] [           main] o.h.q.sqm.function.SqmFunctionRegistry   : Registered SqmFunctionTemplate [org.hibernate.dialect.function.CastFunction@43fd117c] under cast; prior registration was null
2025-08-24T11:33:15.046+03:30 DEBUG 1188 --- [ChiDaram App] [           main] o.h.q.sqm.function.SqmFunctionRegistry   : Registered SqmFunctionTemplate [org.hibernate.query.sqm.function.PatternBasedSqmFunctionDescriptor@3278324f] under collate; prior registration was null
2025-08-24T11:33:15.046+03:30 DEBUG 1188 --- [ChiDaram App] [           main] o.h.q.sqm.function.SqmFunctionRegistry   : Registered SqmFunctionTemplate [org.hibernate.dialect.function.ExtractFunction@315d4207] under extract; prior registration was null
2025-08-24T11:33:15.046+03:30 DEBUG 1188 --- [ChiDaram App] [           main] o.h.q.sqm.function.SqmFunctionRegistry   : Registered SqmFunctionTemplate [NamedSqmFunctionTemplate(least)] under least; prior registration was null
2025-08-24T11:33:15.046+03:30 DEBUG 1188 --- [ChiDaram App] [           main] o.h.q.sqm.function.SqmFunctionRegistry   : Registered SqmFunctionTemplate [NamedSqmFunctionTemplate(greatest)] under greatest; prior registration was null
2025-08-24T11:33:15.046+03:30 DEBUG 1188 --- [ChiDaram App] [           main] o.h.q.sqm.function.SqmFunctionRegistry   : Registered SqmFunctionTemplate [org.hibernate.dialect.function.CoalesceIfnullEmulation@536fddad] under ifnull; prior registration was null
2025-08-24T11:33:15.046+03:30 DEBUG 1188 --- [ChiDaram App] [           main] o.h.q.sqm.function.SqmFunctionRegistry   : Registered SqmFunctionTemplate [NamedSqmFunctionTemplate(lpad)] under lpad; prior registration was null
2025-08-24T11:33:15.048+03:30 DEBUG 1188 --- [ChiDaram App] [           main] o.h.q.sqm.function.SqmFunctionRegistry   : Registered SqmFunctionTemplate [NamedSqmFunctionTemplate(rpad)] under rpad; prior registration was null
2025-08-24T11:33:15.048+03:30 DEBUG 1188 --- [ChiDaram App] [           main] o.h.q.sqm.function.SqmFunctionRegistry   : Registered SqmFunctionTemplate [org.hibernate.dialect.function.LpadRpadPadEmulation@78b2504d] under pad; prior registration was null
2025-08-24T11:33:15.049+03:30 DEBUG 1188 --- [ChiDaram App] [           main] o.h.q.sqm.function.SqmFunctionRegistry   : Registered SqmFunctionTemplate [org.hibernate.dialect.function.CastStrEmulation@babef5e] under str; prior registration was null
2025-08-24T11:33:15.049+03:30 DEBUG 1188 --- [ChiDaram App] [           main] o.h.q.sqm.function.SqmFunctionRegistry   : Registered SqmFunctionTemplate [org.hibernate.dialect.function.FormatFunction@50bdd956] under format; prior registration was null
2025-08-24T11:33:15.049+03:30 DEBUG 1188 --- [ChiDaram App] [           main] o.h.q.sqm.function.SqmFunctionRegistry   : Registered SqmFunctionTemplate [org.hibernate.dialect.function.TimestampaddFunction@7d12e459] under timestampadd; prior registration was null
2025-08-24T11:33:15.049+03:30 DEBUG 1188 --- [ChiDaram App] [           main] o.h.q.sqm.function.SqmFunctionRegistry   : Registered SqmFunctionTemplate [org.hibernate.dialect.function.TimestampdiffFunction@1748e38e] under timestampdiff; prior registration was null
2025-08-24T11:33:15.049+03:30 DEBUG 1188 --- [ChiDaram App] [           main] o.h.q.sqm.function.SqmFunctionRegistry   : Registering alternate key : dateadd -> timestampadd
2025-08-24T11:33:15.049+03:30 DEBUG 1188 --- [ChiDaram App] [           main] o.h.q.sqm.function.SqmFunctionRegistry   : Registering alternate key : datediff -> timestampdiff
2025-08-24T11:33:15.049+03:30 DEBUG 1188 --- [ChiDaram App] [           main] o.h.q.sqm.function.SqmFunctionRegistry   : Registered SqmFunctionTemplate [org.hibernate.dialect.function.CurrentFunction@43cd2f26] under current_date; prior registration was null
2025-08-24T11:33:15.049+03:30 DEBUG 1188 --- [ChiDaram App] [           main] o.h.q.sqm.function.SqmFunctionRegistry   : Registered SqmFunctionTemplate [org.hibernate.dialect.function.CurrentFunction@7d043960] under current_time; prior registration was null
2025-08-24T11:33:15.049+03:30 DEBUG 1188 --- [ChiDaram App] [           main] o.h.q.sqm.function.SqmFunctionRegistry   : Registered SqmFunctionTemplate [org.hibernate.dialect.function.CurrentFunction@17de3ab5] under current_timestamp; prior registration was null
2025-08-24T11:33:15.049+03:30 DEBUG 1188 --- [ChiDaram App] [           main] o.h.q.sqm.function.SqmFunctionRegistry   : Registering alternate key : current date -> current_date
2025-08-24T11:33:15.049+03:30 DEBUG 1188 --- [ChiDaram App] [           main] o.h.q.sqm.function.SqmFunctionRegistry   : Registering alternate key : current time -> current_time
2025-08-24T11:33:15.049+03:30 DEBUG 1188 --- [ChiDaram App] [           main] o.h.q.sqm.function.SqmFunctionRegistry   : Registering alternate key : current timestamp -> current_timestamp
2025-08-24T11:33:15.050+03:30 DEBUG 1188 --- [ChiDaram App] [           main] o.h.q.sqm.function.SqmFunctionRegistry   : Registered SqmFunctionTemplate [org.hibernate.dialect.function.CurrentFunction@47daff53] under local_date; prior registration was null
2025-08-24T11:33:15.050+03:30 DEBUG 1188 --- [ChiDaram App] [           main] o.h.q.sqm.function.SqmFunctionRegistry   : Registered SqmFunctionTemplate [org.hibernate.dialect.function.CurrentFunction@6d445c91] under local_time; prior registration was null
2025-08-24T11:33:15.060+03:30 DEBUG 1188 --- [ChiDaram App] [           main] o.h.q.sqm.function.SqmFunctionRegistry   : Registered SqmFunctionTemplate [org.hibernate.dialect.function.CurrentFunction@3157a760] under local_datetime; prior registration was null
2025-08-24T11:33:15.061+03:30 DEBUG 1188 --- [ChiDaram App] [           main] o.h.q.sqm.function.SqmFunctionRegistry   : Registered SqmFunctionTemplate [org.hibernate.dialect.function.CurrentFunction@57ba286d] under offset_datetime; prior registration was null
2025-08-24T11:33:15.062+03:30 DEBUG 1188 --- [ChiDaram App] [           main] o.h.q.sqm.function.SqmFunctionRegistry   : Registering alternate key : local date -> local_date
2025-08-24T11:33:15.062+03:30 DEBUG 1188 --- [ChiDaram App] [           main] o.h.q.sqm.function.SqmFunctionRegistry   : Registering alternate key : local time -> local_time
2025-08-24T11:33:15.063+03:30 DEBUG 1188 --- [ChiDaram App] [           main] o.h.q.sqm.function.SqmFunctionRegistry   : Registering alternate key : local datetime -> local_datetime
2025-08-24T11:33:15.064+03:30 DEBUG 1188 --- [ChiDaram App] [           main] o.h.q.sqm.function.SqmFunctionRegistry   : Registering alternate key : offset datetime -> offset_datetime
2025-08-24T11:33:15.064+03:30 DEBUG 1188 --- [ChiDaram App] [           main] o.h.q.sqm.function.SqmFunctionRegistry   : Registered SqmFunctionTemplate [org.hibernate.dialect.function.CurrentFunction@470a65ae] under instant; prior registration was null
2025-08-24T11:33:15.068+03:30 DEBUG 1188 --- [ChiDaram App] [           main] o.h.q.sqm.function.SqmFunctionRegistry   : Registering alternate key : current_instant -> instant
2025-08-24T11:33:15.069+03:30 DEBUG 1188 --- [ChiDaram App] [           main] o.h.q.sqm.function.SqmFunctionRegistry   : Registered SqmFunctionTemplate [org.hibernate.dialect.function.SqlFunction@8e5090a] under sql; prior registration was null
2025-08-24T11:33:15.072+03:30 DEBUG 1188 --- [ChiDaram App] [           main] o.h.q.sqm.function.SqmFunctionRegistry   : Registered SqmFunctionTemplate [NamedSqmFunctionTemplate(cot)] under cot; prior registration was null
2025-08-24T11:33:15.073+03:30 DEBUG 1188 --- [ChiDaram App] [           main] o.h.q.sqm.function.SqmFunctionRegistry   : Registered SqmFunctionTemplate [NamedSqmFunctionTemplate(radians)] under radians; prior registration was null
2025-08-24T11:33:15.075+03:30 DEBUG 1188 --- [ChiDaram App] [           main] o.h.q.sqm.function.SqmFunctionRegistry   : Registered SqmFunctionTemplate [NamedSqmFunctionTemplate(degrees)] under degrees; prior registration was null
2025-08-24T11:33:15.089+03:30 DEBUG 1188 --- [ChiDaram App] [           main] o.h.q.sqm.function.SqmFunctionRegistry   : Registered SqmFunctionTemplate [NamedSqmFunctionTemplate(log)] under log; prior registration was org.hibernate.query.sqm.function.PatternBasedSqmFunctionDescriptor@7294e45b
2025-08-24T11:33:15.089+03:30 DEBUG 1188 --- [ChiDaram App] [           main] o.h.q.sqm.function.SqmFunctionRegistry   : Registered SqmFunctionTemplate [org.hibernate.query.sqm.function.PatternBasedSqmFunctionDescriptor@485d3d1] under mod; prior registration was NamedSqmFunctionTemplate(mod)
2025-08-24T11:33:15.089+03:30 DEBUG 1188 --- [ChiDaram App] [           main] o.h.q.sqm.function.SqmFunctionRegistry   : Registered SqmFunctionTemplate [NamedSqmFunctionTemplate(log10)] under log10; prior registration was null
2025-08-24T11:33:15.089+03:30 DEBUG 1188 --- [ChiDaram App] [           main] o.h.q.sqm.function.SqmFunctionRegistry   : Registered SqmFunctionTemplate [NamedSqmFunctionTemplate(tanh)] under tanh; prior registration was org.hibernate.query.sqm.function.PatternBasedSqmFunctionDescriptor@4dcfca8f
2025-08-24T11:33:15.091+03:30 DEBUG 1188 --- [ChiDaram App] [           main] o.h.q.sqm.function.SqmFunctionRegistry   : Registered SqmFunctionTemplate [NamedSqmFunctionTemplate(sinh)] under sinh; prior registration was org.hibernate.query.sqm.function.PatternBasedSqmFunctionDescriptor@129a9d88
2025-08-24T11:33:15.094+03:30 DEBUG 1188 --- [ChiDaram App] [           main] o.h.q.sqm.function.SqmFunctionRegistry   : Registered SqmFunctionTemplate [NamedSqmFunctionTemplate(cosh)] under cosh; prior registration was org.hibernate.query.sqm.function.PatternBasedSqmFunctionDescriptor@618f0ba
2025-08-24T11:33:15.096+03:30 DEBUG 1188 --- [ChiDaram App] [           main] o.h.q.sqm.function.SqmFunctionRegistry   : Registered SqmFunctionTemplate [NamedSqmFunctionTemplate(acosh)] under acosh; prior registration was null
2025-08-24T11:33:15.097+03:30 DEBUG 1188 --- [ChiDaram App] [           main] o.h.q.sqm.function.SqmFunctionRegistry   : Registered SqmFunctionTemplate [NamedSqmFunctionTemplate(asinh)] under asinh; prior registration was null
2025-08-24T11:33:15.097+03:30 DEBUG 1188 --- [ChiDaram App] [           main] o.h.q.sqm.function.SqmFunctionRegistry   : Registered SqmFunctionTemplate [NamedSqmFunctionTemplate(atanh)] under atanh; prior registration was null
2025-08-24T11:33:15.097+03:30 DEBUG 1188 --- [ChiDaram App] [           main] o.h.q.sqm.function.SqmFunctionRegistry   : Registered SqmFunctionTemplate [NamedSqmFunctionTemplate(cbrt)] under cbrt; prior registration was null
2025-08-24T11:33:15.097+03:30 DEBUG 1188 --- [ChiDaram App] [           main] o.h.q.sqm.function.SqmFunctionRegistry   : Registered SqmFunctionTemplate [NamedSqmFunctionTemplate(pi)] under pi; prior registration was org.hibernate.query.sqm.function.PatternBasedSqmFunctionDescriptor@34a4599a
2025-08-24T11:33:15.097+03:30 DEBUG 1188 --- [ChiDaram App] [           main] o.h.q.sqm.function.SqmFunctionRegistry   : Registered SqmFunctionTemplate [NamedSqmFunctionTemplate(ltrim)] under ltrim; prior registration was null
2025-08-24T11:33:15.098+03:30 DEBUG 1188 --- [ChiDaram App] [           main] o.h.q.sqm.function.SqmFunctionRegistry   : Registered SqmFunctionTemplate [NamedSqmFunctionTemplate(rtrim)] under rtrim; prior registration was null
2025-08-24T11:33:15.100+03:30 DEBUG 1188 --- [ChiDaram App] [           main] o.h.q.sqm.function.SqmFunctionRegistry   : Registered SqmFunctionTemplate [NamedSqmFunctionTemplate(repeat)] under repeat; prior registration was null
2025-08-24T11:33:15.112+03:30 DEBUG 1188 --- [ChiDaram App] [           main] o.h.q.sqm.function.SqmFunctionRegistry   : Registered SqmFunctionTemplate [NamedSqmFunctionTemplate(md5)] under md5; prior registration was null
2025-08-24T11:33:15.113+03:30 DEBUG 1188 --- [ChiDaram App] [           main] o.h.q.sqm.function.SqmFunctionRegistry   : Registered SqmFunctionTemplate [NamedSqmFunctionTemplate(initcap)] under initcap; prior registration was null
2025-08-24T11:33:15.113+03:30 DEBUG 1188 --- [ChiDaram App] [           main] o.h.q.sqm.function.SqmFunctionRegistry   : Registered SqmFunctionTemplate [NamedSqmFunctionTemplate(substr)] under substr; prior registration was null
2025-08-24T11:33:15.113+03:30 DEBUG 1188 --- [ChiDaram App] [           main] o.h.q.sqm.function.SqmFunctionRegistry   : Registered SqmFunctionTemplate [NamedSqmFunctionTemplate(substr)] under substring; prior registration was NamedSqmFunctionTemplate(substring)
2025-08-24T11:33:15.113+03:30 DEBUG 1188 --- [ChiDaram App] [           main] o.h.q.sqm.function.SqmFunctionRegistry   : Registered SqmFunctionTemplate [NamedSqmFunctionTemplate(translate)] under translate; prior registration was null
2025-08-24T11:33:15.113+03:30 DEBUG 1188 --- [ChiDaram App] [           main] o.h.q.sqm.function.SqmFunctionRegistry   : Registered SqmFunctionTemplate [NamedSqmFunctionTemplate(to_number)] under to_number; prior registration was null
2025-08-24T11:33:15.113+03:30 DEBUG 1188 --- [ChiDaram App] [           main] o.h.q.sqm.function.SqmFunctionRegistry   : Registered SqmFunctionTemplate [NamedSqmFunctionTemplate(to_char)] under to_char; prior registration was null
2025-08-24T11:33:15.113+03:30 DEBUG 1188 --- [ChiDaram App] [           main] o.h.q.sqm.function.SqmFunctionRegistry   : Registered SqmFunctionTemplate [NamedSqmFunctionTemplate(to_date)] under to_date; prior registration was null
2025-08-24T11:33:15.113+03:30 DEBUG 1188 --- [ChiDaram App] [           main] o.h.q.sqm.function.SqmFunctionRegistry   : Registered SqmFunctionTemplate [NamedSqmFunctionTemplate(to_timestamp)] under to_timestamp; prior registration was null
2025-08-24T11:33:15.114+03:30 DEBUG 1188 --- [ChiDaram App] [           main] o.h.q.sqm.function.SqmFunctionRegistry   : Registered SqmFunctionTemplate [org.hibernate.dialect.function.ConcatPipeFunction@2fa7a6c] under concat; prior registration was NamedSqmFunctionTemplate(concat)
2025-08-24T11:33:15.114+03:30 DEBUG 1188 --- [ChiDaram App] [           main] o.h.q.sqm.function.SqmFunctionRegistry   : Registered SqmFunctionTemplate [NamedSqmFunctionTemplate(localtime)] under localtime; prior registration was null
2025-08-24T11:33:15.114+03:30 DEBUG 1188 --- [ChiDaram App] [           main] o.h.q.sqm.function.SqmFunctionRegistry   : Registered SqmFunctionTemplate [NamedSqmFunctionTemplate(localtimestamp)] under localtimestamp; prior registration was null
2025-08-24T11:33:15.114+03:30 DEBUG 1188 --- [ChiDaram App] [           main] o.h.q.sqm.function.SqmFunctionRegistry   : Registered SqmFunctionTemplate [NamedSqmFunctionTemplate(localtime)] under local_time; prior registration was org.hibernate.dialect.function.CurrentFunction@6d445c91
2025-08-24T11:33:15.114+03:30 DEBUG 1188 --- [ChiDaram App] [           main] o.h.q.sqm.function.SqmFunctionRegistry   : Registered SqmFunctionTemplate [NamedSqmFunctionTemplate(localtimestamp)] under local_datetime; prior registration was org.hibernate.dialect.function.CurrentFunction@3157a760
2025-08-24T11:33:15.115+03:30 DEBUG 1188 --- [ChiDaram App] [           main] o.h.q.sqm.function.SqmFunctionRegistry   : Registered SqmFunctionTemplate [org.hibernate.dialect.function.LengthFunction@16494888] under character_length; prior registration was NamedSqmFunctionTemplate(character_length)
2025-08-24T11:33:15.115+03:30 DEBUG 1188 --- [ChiDaram App] [           main] o.h.q.sqm.function.SqmFunctionRegistry   : Registering alternate key : length -> character_length
2025-08-24T11:33:15.116+03:30 DEBUG 1188 --- [ChiDaram App] [           main] o.h.q.sqm.function.SqmFunctionRegistry   : Registered SqmFunctionTemplate [org.hibernate.dialect.function.LengthFunction@3644ae12] under bit_length; prior registration was null
2025-08-24T11:33:15.118+03:30 DEBUG 1188 --- [ChiDaram App] [           main] o.h.q.sqm.function.SqmFunctionRegistry   : Registered SqmFunctionTemplate [org.hibernate.dialect.function.LengthFunction@1cf5e850] under octet_length; prior registration was null
2025-08-24T11:33:15.118+03:30 DEBUG 1188 --- [ChiDaram App] [           main] o.h.q.sqm.function.SqmFunctionRegistry   : Registered SqmFunctionTemplate [NamedSqmFunctionTemplate(ascii)] under ascii; prior registration was null
2025-08-24T11:33:15.118+03:30 DEBUG 1188 --- [ChiDaram App] [           main] o.h.q.sqm.function.SqmFunctionRegistry   : Registered SqmFunctionTemplate [NamedSqmFunctionTemplate(chr)] under chr; prior registration was null
2025-08-24T11:33:15.118+03:30 DEBUG 1188 --- [ChiDaram App] [           main] o.h.q.sqm.function.SqmFunctionRegistry   : Registering alternate key : char -> chr
2025-08-24T11:33:15.119+03:30 DEBUG 1188 --- [ChiDaram App] [           main] o.h.q.sqm.function.SqmFunctionRegistry   : Registered SqmFunctionTemplate [org.hibernate.query.sqm.function.PatternBasedSqmFunctionDescriptor@4d0dc8b8] under position; prior registration was org.hibernate.dialect.function.LocatePositionEmulation@33c84793
2025-08-24T11:33:15.119+03:30 DEBUG 1188 --- [ChiDaram App] [           main] o.h.q.sqm.function.SqmFunctionRegistry   : Registered SqmFunctionTemplate [org.hibernate.query.sqm.function.PatternBasedSqmFunctionDescriptor@11dcc499] under bitand; prior registration was null
2025-08-24T11:33:15.120+03:30 DEBUG 1188 --- [ChiDaram App] [           main] o.h.q.sqm.function.SqmFunctionRegistry   : Registered SqmFunctionTemplate [org.hibernate.query.sqm.function.PatternBasedSqmFunctionDescriptor@2fbdc8e] under bitor; prior registration was null
2025-08-24T11:33:15.121+03:30 DEBUG 1188 --- [ChiDaram App] [           main] o.h.q.sqm.function.SqmFunctionRegistry   : Registered SqmFunctionTemplate [org.hibernate.query.sqm.function.PatternBasedSqmFunctionDescriptor@317f13e9] under bitxor; prior registration was null
2025-08-24T11:33:15.121+03:30 DEBUG 1188 --- [ChiDaram App] [           main] o.h.q.sqm.function.SqmFunctionRegistry   : Registered SqmFunctionTemplate [org.hibernate.query.sqm.function.PatternBasedSqmFunctionDescriptor@12144576] under bitnot; prior registration was null
2025-08-24T11:33:15.121+03:30 DEBUG 1188 --- [ChiDaram App] [           main] o.h.q.sqm.function.SqmFunctionRegistry   : Registered SqmFunctionTemplate [NamedSqmFunctionTemplate(bit_and)] under bit_and; prior registration was null
2025-08-24T11:33:15.121+03:30 DEBUG 1188 --- [ChiDaram App] [           main] o.h.q.sqm.function.SqmFunctionRegistry   : Registered SqmFunctionTemplate [NamedSqmFunctionTemplate(bit_or)] under bit_or; prior registration was null
2025-08-24T11:33:15.121+03:30 DEBUG 1188 --- [ChiDaram App] [           main] o.h.q.sqm.function.SqmFunctionRegistry   : Registered SqmFunctionTemplate [NamedSqmFunctionTemplate(bool_and)] under bool_and; prior registration was null
2025-08-24T11:33:15.121+03:30 DEBUG 1188 --- [ChiDaram App] [           main] o.h.q.sqm.function.SqmFunctionRegistry   : Registering alternate key : every -> bool_and
2025-08-24T11:33:15.121+03:30 DEBUG 1188 --- [ChiDaram App] [           main] o.h.q.sqm.function.SqmFunctionRegistry   : Registered SqmFunctionTemplate [NamedSqmFunctionTemplate(bool_or)] under bool_or; prior registration was null
2025-08-24T11:33:15.121+03:30 DEBUG 1188 --- [ChiDaram App] [           main] o.h.q.sqm.function.SqmFunctionRegistry   : Registering alternate key : any -> bool_or
2025-08-24T11:33:15.122+03:30 DEBUG 1188 --- [ChiDaram App] [           main] o.h.q.sqm.function.SqmFunctionRegistry   : Registered SqmFunctionTemplate [org.hibernate.query.sqm.function.PatternBasedSqmFunctionDescriptor@659ba3a1] under median; prior registration was null
2025-08-24T11:33:15.122+03:30 DEBUG 1188 --- [ChiDaram App] [           main] o.h.q.sqm.function.SqmFunctionRegistry   : Registered SqmFunctionTemplate [NamedSqmFunctionTemplate(stddev)] under stddev; prior registration was null
2025-08-24T11:33:15.122+03:30 DEBUG 1188 --- [ChiDaram App] [           main] o.h.q.sqm.function.SqmFunctionRegistry   : Registered SqmFunctionTemplate [NamedSqmFunctionTemplate(stddev_pop)] under stddev_pop; prior registration was null
2025-08-24T11:33:15.122+03:30 DEBUG 1188 --- [ChiDaram App] [           main] o.h.q.sqm.function.SqmFunctionRegistry   : Registered SqmFunctionTemplate [NamedSqmFunctionTemplate(stddev_samp)] under stddev_samp; prior registration was null
2025-08-24T11:33:15.122+03:30 DEBUG 1188 --- [ChiDaram App] [           main] o.h.q.sqm.function.SqmFunctionRegistry   : Registered SqmFunctionTemplate [NamedSqmFunctionTemplate(variance)] under variance; prior registration was null
2025-08-24T11:33:15.122+03:30 DEBUG 1188 --- [ChiDaram App] [           main] o.h.q.sqm.function.SqmFunctionRegistry   : Registered SqmFunctionTemplate [NamedSqmFunctionTemplate(var_pop)] under var_pop; prior registration was null
2025-08-24T11:33:15.122+03:30 DEBUG 1188 --- [ChiDaram App] [           main] o.h.q.sqm.function.SqmFunctionRegistry   : Registered SqmFunctionTemplate [NamedSqmFunctionTemplate(var_samp)] under var_samp; prior registration was null
2025-08-24T11:33:15.122+03:30 DEBUG 1188 --- [ChiDaram App] [           main] o.h.q.sqm.function.SqmFunctionRegistry   : Registered SqmFunctionTemplate [NamedSqmFunctionTemplate(covar_pop)] under covar_pop; prior registration was null
2025-08-24T11:33:15.122+03:30 DEBUG 1188 --- [ChiDaram App] [           main] o.h.q.sqm.function.SqmFunctionRegistry   : Registered SqmFunctionTemplate [NamedSqmFunctionTemplate(covar_samp)] under covar_samp; prior registration was null
2025-08-24T11:33:15.122+03:30 DEBUG 1188 --- [ChiDaram App] [           main] o.h.q.sqm.function.SqmFunctionRegistry   : Registered SqmFunctionTemplate [NamedSqmFunctionTemplate(corr)] under corr; prior registration was null
2025-08-24T11:33:15.123+03:30 DEBUG 1188 --- [ChiDaram App] [           main] o.h.q.sqm.function.SqmFunctionRegistry   : Registered SqmFunctionTemplate [NamedSqmFunctionTemplate(regr_avgx)] under regr_avgx; prior registration was null
2025-08-24T11:33:15.123+03:30 DEBUG 1188 --- [ChiDaram App] [           main] o.h.q.sqm.function.SqmFunctionRegistry   : Registered SqmFunctionTemplate [NamedSqmFunctionTemplate(regr_avgy)] under regr_avgy; prior registration was null
2025-08-24T11:33:15.123+03:30 DEBUG 1188 --- [ChiDaram App] [           main] o.h.q.sqm.function.SqmFunctionRegistry   : Registered SqmFunctionTemplate [NamedSqmFunctionTemplate(regr_count)] under regr_count; prior registration was null
2025-08-24T11:33:15.123+03:30 DEBUG 1188 --- [ChiDaram App] [           main] o.h.q.sqm.function.SqmFunctionRegistry   : Registered SqmFunctionTemplate [NamedSqmFunctionTemplate(regr_intercept)] under regr_intercept; prior registration was null
2025-08-24T11:33:15.123+03:30 DEBUG 1188 --- [ChiDaram App] [           main] o.h.q.sqm.function.SqmFunctionRegistry   : Registered SqmFunctionTemplate [NamedSqmFunctionTemplate(regr_r2)] under regr_r2; prior registration was null
2025-08-24T11:33:15.123+03:30 DEBUG 1188 --- [ChiDaram App] [           main] o.h.q.sqm.function.SqmFunctionRegistry   : Registered SqmFunctionTemplate [NamedSqmFunctionTemplate(regr_slope)] under regr_slope; prior registration was null
2025-08-24T11:33:15.123+03:30 DEBUG 1188 --- [ChiDaram App] [           main] o.h.q.sqm.function.SqmFunctionRegistry   : Registered SqmFunctionTemplate [NamedSqmFunctionTemplate(regr_sxx)] under regr_sxx; prior registration was null
2025-08-24T11:33:15.123+03:30 DEBUG 1188 --- [ChiDaram App] [           main] o.h.q.sqm.function.SqmFunctionRegistry   : Registered SqmFunctionTemplate [NamedSqmFunctionTemplate(regr_sxy)] under regr_sxy; prior registration was null
2025-08-24T11:33:15.124+03:30 DEBUG 1188 --- [ChiDaram App] [           main] o.h.q.sqm.function.SqmFunctionRegistry   : Registered SqmFunctionTemplate [NamedSqmFunctionTemplate(regr_syy)] under regr_syy; prior registration was null
2025-08-24T11:33:15.125+03:30 DEBUG 1188 --- [ChiDaram App] [           main] o.h.q.sqm.function.SqmFunctionRegistry   : Registered SqmFunctionTemplate [org.hibernate.query.sqm.function.PatternBasedSqmFunctionDescriptor@39d80c30] under insert; prior registration was null
2025-08-24T11:33:15.126+03:30 DEBUG 1188 --- [ChiDaram App] [           main] o.h.q.sqm.function.SqmFunctionRegistry   : Registered SqmFunctionTemplate [org.hibernate.query.sqm.function.MultipatternSqmFunctionDescriptor@7071a0b9] under overlay; prior registration was org.hibernate.dialect.function.InsertSubstringOverlayEmulation@e068d7
2025-08-24T11:33:15.126+03:30 DEBUG 1188 --- [ChiDaram App] [           main] o.h.q.sqm.function.SqmFunctionRegistry   : Registered SqmFunctionTemplate [NamedSqmFunctionTemplate(soundex)] under soundex; prior registration was null
2025-08-24T11:33:15.126+03:30 DEBUG 1188 --- [ChiDaram App] [           main] o.h.q.sqm.function.SqmFunctionRegistry   : Registered SqmFunctionTemplate [org.hibernate.query.sqm.function.MultipatternSqmFunctionDescriptor@407e7434] under locate; prior registration was NamedSqmFunctionTemplate(locate)
2025-08-24T11:33:15.126+03:30 DEBUG 1188 --- [ChiDaram App] [           main] o.h.q.sqm.function.SqmFunctionRegistry   : Registered SqmFunctionTemplate [NamedSqmFunctionTemplate(row_number)] under row_number; prior registration was null
2025-08-24T11:33:15.127+03:30 DEBUG 1188 --- [ChiDaram App] [           main] o.h.q.sqm.function.SqmFunctionRegistry   : Registered SqmFunctionTemplate [NamedSqmFunctionTemplate(lag)] under lag; prior registration was null
2025-08-24T11:33:15.127+03:30 DEBUG 1188 --- [ChiDaram App] [           main] o.h.q.sqm.function.SqmFunctionRegistry   : Registered SqmFunctionTemplate [NamedSqmFunctionTemplate(lead)] under lead; prior registration was null
2025-08-24T11:33:15.128+03:30 DEBUG 1188 --- [ChiDaram App] [           main] o.h.q.sqm.function.SqmFunctionRegistry   : Registered SqmFunctionTemplate [NamedSqmFunctionTemplate(first_value)] under first_value; prior registration was null
2025-08-24T11:33:15.128+03:30 DEBUG 1188 --- [ChiDaram App] [           main] o.h.q.sqm.function.SqmFunctionRegistry   : Registered SqmFunctionTemplate [NamedSqmFunctionTemplate(last_value)] under last_value; prior registration was null
2025-08-24T11:33:15.128+03:30 DEBUG 1188 --- [ChiDaram App] [           main] o.h.q.sqm.function.SqmFunctionRegistry   : Registered SqmFunctionTemplate [NamedSqmFunctionTemplate(nth_value)] under nth_value; prior registration was null
2025-08-24T11:33:15.128+03:30 DEBUG 1188 --- [ChiDaram App] [           main] o.h.q.sqm.function.SqmFunctionRegistry   : Registered SqmFunctionTemplate [org.hibernate.dialect.function.ListaggStringAggEmulation@78c04131] under listagg; prior registration was null
2025-08-24T11:33:15.128+03:30 DEBUG 1188 --- [ChiDaram App] [           main] o.h.q.sqm.function.SqmFunctionRegistry   : Registered SqmFunctionTemplate [org.hibernate.dialect.function.array.PostgreSQLArrayConstructorFunction@1006b95] under array; prior registration was null
2025-08-24T11:33:15.128+03:30 DEBUG 1188 --- [ChiDaram App] [           main] o.h.q.sqm.function.SqmFunctionRegistry   : Registered SqmFunctionTemplate [org.hibernate.dialect.function.array.PostgreSQLArrayConstructorFunction@7c096764] under array_list; prior registration was null
2025-08-24T11:33:15.128+03:30 DEBUG 1188 --- [ChiDaram App] [           main] o.h.q.sqm.function.SqmFunctionRegistry   : Registered SqmFunctionTemplate [org.hibernate.dialect.function.array.ArrayAggFunction@4fe57305] under array_agg; prior registration was null
2025-08-24T11:33:15.128+03:30 DEBUG 1188 --- [ChiDaram App] [           main] o.h.q.sqm.function.SqmFunctionRegistry   : Registered SqmFunctionTemplate [org.hibernate.dialect.function.array.PostgreSQLArrayPositionFunction@35d66a01] under array_position; prior registration was null
2025-08-24T11:33:15.129+03:30 DEBUG 1188 --- [ChiDaram App] [           main] o.h.q.sqm.function.SqmFunctionRegistry   : Registered SqmFunctionTemplate [org.hibernate.dialect.function.array.PostgreSQLArrayPositionsFunction@8d902f] under array_positions; prior registration was null
2025-08-24T11:33:15.129+03:30 DEBUG 1188 --- [ChiDaram App] [           main] o.h.q.sqm.function.SqmFunctionRegistry   : Registered SqmFunctionTemplate [org.hibernate.dialect.function.array.PostgreSQLArrayPositionsFunction@62144e81] under array_positions_list; prior registration was null
2025-08-24T11:33:15.129+03:30 DEBUG 1188 --- [ChiDaram App] [           main] o.h.q.sqm.function.SqmFunctionRegistry   : Registered SqmFunctionTemplate [org.hibernate.query.sqm.function.PatternBasedSqmFunctionDescriptor@12734eb5] under array_length; prior registration was null
2025-08-24T11:33:15.129+03:30 DEBUG 1188 --- [ChiDaram App] [           main] o.h.q.sqm.function.SqmFunctionRegistry   : Registered SqmFunctionTemplate [org.hibernate.dialect.function.array.PostgreSQLArrayConcatFunction@7e13b83c] under array_concat; prior registration was null
2025-08-24T11:33:15.129+03:30 DEBUG 1188 --- [ChiDaram App] [           main] o.h.q.sqm.function.SqmFunctionRegistry   : Registered SqmFunctionTemplate [org.hibernate.dialect.function.array.PostgreSQLArrayConcatElementFunction@3ff5b628] under array_prepend; prior registration was null
2025-08-24T11:33:15.130+03:30 DEBUG 1188 --- [ChiDaram App] [           main] o.h.q.sqm.function.SqmFunctionRegistry   : Registered SqmFunctionTemplate [org.hibernate.dialect.function.array.PostgreSQLArrayConcatElementFunction@7f558711] under array_append; prior registration was null
2025-08-24T11:33:15.130+03:30 DEBUG 1188 --- [ChiDaram App] [           main] o.h.q.sqm.function.SqmFunctionRegistry   : Registered SqmFunctionTemplate [org.hibernate.dialect.function.array.ArrayContainsOperatorFunction@775b68a8] under array_contains; prior registration was null
2025-08-24T11:33:15.130+03:30 DEBUG 1188 --- [ChiDaram App] [           main] o.h.q.sqm.function.SqmFunctionRegistry   : Registered SqmFunctionTemplate [org.hibernate.dialect.function.array.ArrayContainsOperatorFunction@14eaec27] under array_contains_nullable; prior registration was null
2025-08-24T11:33:15.130+03:30 DEBUG 1188 --- [ChiDaram App] [           main] o.h.q.sqm.function.SqmFunctionRegistry   : Registered SqmFunctionTemplate [org.hibernate.dialect.function.array.ArrayOverlapsOperatorFunction@6bc5c64] under array_overlaps; prior registration was null
2025-08-24T11:33:15.130+03:30 DEBUG 1188 --- [ChiDaram App] [           main] o.h.q.sqm.function.SqmFunctionRegistry   : Registered SqmFunctionTemplate [org.hibernate.dialect.function.array.ArrayOverlapsOperatorFunction@55023ead] under array_overlaps_nullable; prior registration was null
2025-08-24T11:33:15.130+03:30 DEBUG 1188 --- [ChiDaram App] [           main] o.h.q.sqm.function.SqmFunctionRegistry   : Registered SqmFunctionTemplate [org.hibernate.query.sqm.function.PatternBasedSqmFunctionDescriptor@79b0128d] under array_get; prior registration was null
2025-08-24T11:33:15.130+03:30 DEBUG 1188 --- [ChiDaram App] [           main] o.h.q.sqm.function.SqmFunctionRegistry   : Registered SqmFunctionTemplate [org.hibernate.dialect.function.array.ArraySetUnnestFunction@3a784248] under array_set; prior registration was null
2025-08-24T11:33:15.130+03:30 DEBUG 1188 --- [ChiDaram App] [           main] o.h.q.sqm.function.SqmFunctionRegistry   : Registered SqmFunctionTemplate [NamedSqmFunctionTemplate(array_remove)] under array_remove; prior registration was null
2025-08-24T11:33:15.130+03:30 DEBUG 1188 --- [ChiDaram App] [           main] o.h.q.sqm.function.SqmFunctionRegistry   : Registered SqmFunctionTemplate [org.hibernate.dialect.function.array.ArrayRemoveIndexUnnestFunction@5ec3661f] under array_remove_index; prior registration was null
2025-08-24T11:33:15.131+03:30 DEBUG 1188 --- [ChiDaram App] [           main] o.h.q.sqm.function.SqmFunctionRegistry   : Registered SqmFunctionTemplate [org.hibernate.query.sqm.function.PatternBasedSqmFunctionDescriptor@1af0dc3c] under array_slice; prior registration was null
2025-08-24T11:33:15.131+03:30 DEBUG 1188 --- [ChiDaram App] [           main] o.h.q.sqm.function.SqmFunctionRegistry   : Registered SqmFunctionTemplate [NamedSqmFunctionTemplate(array_replace)] under array_replace; prior registration was null
2025-08-24T11:33:15.131+03:30 DEBUG 1188 --- [ChiDaram App] [           main] o.h.q.sqm.function.SqmFunctionRegistry   : Registered SqmFunctionTemplate [org.hibernate.query.sqm.function.PatternBasedSqmFunctionDescriptor@632d8195] under array_trim; prior registration was null
2025-08-24T11:33:15.132+03:30 DEBUG 1188 --- [ChiDaram App] [           main] o.h.q.sqm.function.SqmFunctionRegistry   : Registered SqmFunctionTemplate [org.hibernate.dialect.function.array.PostgreSQLArrayFillFunction@1bbff5ba] under array_fill; prior registration was null
2025-08-24T11:33:15.132+03:30 DEBUG 1188 --- [ChiDaram App] [           main] o.h.q.sqm.function.SqmFunctionRegistry   : Registered SqmFunctionTemplate [org.hibernate.dialect.function.array.PostgreSQLArrayFillFunction@5e899b4c] under array_fill_list; prior registration was null
2025-08-24T11:33:15.133+03:30 DEBUG 1188 --- [ChiDaram App] [           main] o.h.q.sqm.function.SqmFunctionRegistry   : Registered SqmFunctionTemplate [org.hibernate.dialect.function.array.ArrayToStringFunction@4204ad9d] under array_to_string; prior registration was null
2025-08-24T11:33:15.133+03:30 DEBUG 1188 --- [ChiDaram App] [           main] o.h.q.sqm.function.SqmFunctionRegistry   : Registered SqmFunctionTemplate [NamedSqmFunctionTemplate(make_date)] under make_date; prior registration was null
2025-08-24T11:33:15.134+03:30 DEBUG 1188 --- [ChiDaram App] [           main] o.h.q.sqm.function.SqmFunctionRegistry   : Registered SqmFunctionTemplate [NamedSqmFunctionTemplate(make_time)] under make_time; prior registration was null
2025-08-24T11:33:15.135+03:30 DEBUG 1188 --- [ChiDaram App] [           main] o.h.q.sqm.function.SqmFunctionRegistry   : Registered SqmFunctionTemplate [NamedSqmFunctionTemplate(make_timestamp)] under make_timestamp; prior registration was null
2025-08-24T11:33:15.135+03:30 DEBUG 1188 --- [ChiDaram App] [           main] o.h.q.sqm.function.SqmFunctionRegistry   : Registered SqmFunctionTemplate [NamedSqmFunctionTemplate(make_timestamptz)] under make_timestamptz; prior registration was null
2025-08-24T11:33:15.135+03:30 DEBUG 1188 --- [ChiDaram App] [           main] o.h.q.sqm.function.SqmFunctionRegistry   : Registered SqmFunctionTemplate [org.hibernate.dialect.function.InverseDistributionFunction@4daaad61] under mode; prior registration was null
2025-08-24T11:33:15.136+03:30 DEBUG 1188 --- [ChiDaram App] [           main] o.h.q.sqm.function.SqmFunctionRegistry   : Registered SqmFunctionTemplate [org.hibernate.dialect.function.InverseDistributionFunction@295c834b] under percentile_cont; prior registration was null
2025-08-24T11:33:15.136+03:30 DEBUG 1188 --- [ChiDaram App] [           main] o.h.q.sqm.function.SqmFunctionRegistry   : Registered SqmFunctionTemplate [org.hibernate.dialect.function.InverseDistributionFunction@3b9d2ed7] under percentile_disc; prior registration was null
2025-08-24T11:33:15.136+03:30 DEBUG 1188 --- [ChiDaram App] [           main] o.h.q.sqm.function.SqmFunctionRegistry   : Registered SqmFunctionTemplate [org.hibernate.dialect.function.HypotheticalSetFunction@5c92147c] under rank; prior registration was null
2025-08-24T11:33:15.136+03:30 DEBUG 1188 --- [ChiDaram App] [           main] o.h.q.sqm.function.SqmFunctionRegistry   : Registered SqmFunctionTemplate [org.hibernate.dialect.function.HypotheticalSetFunction@44cb6b2a] under dense_rank; prior registration was null
2025-08-24T11:33:15.136+03:30 DEBUG 1188 --- [ChiDaram App] [           main] o.h.q.sqm.function.SqmFunctionRegistry   : Registered SqmFunctionTemplate [org.hibernate.dialect.function.HypotheticalSetFunction@940fe23] under percent_rank; prior registration was null
2025-08-24T11:33:15.136+03:30 DEBUG 1188 --- [ChiDaram App] [           main] o.h.q.sqm.function.SqmFunctionRegistry   : Registered SqmFunctionTemplate [org.hibernate.dialect.function.HypotheticalSetFunction@5bf9924a] under cume_dist; prior registration was null
2025-08-24T11:33:15.136+03:30 DEBUG 1188 --- [ChiDaram App] [           main] o.h.q.sqm.function.SqmFunctionRegistry   : Registered SqmFunctionTemplate [org.hibernate.dialect.function.PostgreSQLMinMaxFunction@17844cbd] under min; prior registration was NamedSqmFunctionTemplate(min)
2025-08-24T11:33:15.137+03:30 DEBUG 1188 --- [ChiDaram App] [           main] o.h.q.sqm.function.SqmFunctionRegistry   : Registered SqmFunctionTemplate [org.hibernate.dialect.function.PostgreSQLMinMaxFunction@809f75c] under max; prior registration was NamedSqmFunctionTemplate(max)
2025-08-24T11:33:15.137+03:30 DEBUG 1188 --- [ChiDaram App] [           main] o.h.q.sqm.function.SqmFunctionRegistry   : Registered SqmFunctionTemplate [org.hibernate.query.sqm.function.PatternBasedSqmFunctionDescriptor@636b198] under bitxor; prior registration was org.hibernate.query.sqm.function.PatternBasedSqmFunctionDescriptor@317f13e9
2025-08-24T11:33:15.137+03:30 DEBUG 1188 --- [ChiDaram App] [           main] o.h.q.sqm.function.SqmFunctionRegistry   : Registered SqmFunctionTemplate [org.hibernate.dialect.function.PostgreSQLTruncRoundFunction@114a18d6] under round; prior registration was NamedSqmFunctionTemplate(round)
2025-08-24T11:33:15.138+03:30 DEBUG 1188 --- [ChiDaram App] [           main] o.h.q.sqm.function.SqmFunctionRegistry   : Registered SqmFunctionTemplate [org.hibernate.dialect.function.PostgreSQLTruncFunction@241e5fe6] under trunc; prior registration was null
2025-08-24T11:33:15.139+03:30 DEBUG 1188 --- [ChiDaram App] [           main] o.h.q.sqm.function.SqmFunctionRegistry   : Registering alternate key : truncate -> trunc
2025-08-24T11:33:15.139+03:30 DEBUG 1188 --- [ChiDaram App] [           main] o.h.q.sqm.function.SqmFunctionRegistry   : Registered SqmFunctionTemplate [org.hibernate.query.sqm.function.PatternBasedSqmFunctionDescriptor@636aef2e] under date_trunc; prior registration was null
2025-08-24T11:33:15.139+03:30 DEBUG 1188 --- [ChiDaram App] [           main] org.hibernate.HQL_FUNCTIONS              : abs(NUMERIC arg)
2025-08-24T11:33:15.140+03:30 DEBUG 1188 --- [ChiDaram App] [           main] org.hibernate.HQL_FUNCTIONS              : Double acos(NUMERIC arg)
2025-08-24T11:33:15.140+03:30 DEBUG 1188 --- [ChiDaram App] [           main] org.hibernate.HQL_FUNCTIONS              : Double acosh(NUMERIC arg)
2025-08-24T11:33:15.140+03:30 DEBUG 1188 --- [ChiDaram App] [           main] org.hibernate.HQL_FUNCTIONS              : Boolean any(BOOLEAN predicate)
2025-08-24T11:33:15.140+03:30 DEBUG 1188 --- [ChiDaram App] [           main] org.hibernate.HQL_FUNCTIONS              : array( ... )
2025-08-24T11:33:15.140+03:30 DEBUG 1188 --- [ChiDaram App] [           main] org.hibernate.HQL_FUNCTIONS              : array_agg(arg)
2025-08-24T11:33:15.140+03:30 DEBUG 1188 --- [ChiDaram App] [           main] org.hibernate.HQL_FUNCTIONS              : array_append( ... )
2025-08-24T11:33:15.140+03:30 DEBUG 1188 --- [ChiDaram App] [           main] org.hibernate.HQL_FUNCTIONS              : array_concat( ... )
2025-08-24T11:33:15.140+03:30 DEBUG 1188 --- [ChiDaram App] [           main] org.hibernate.HQL_FUNCTIONS              : Boolean array_contains(ARRAY haystackArray, OBJECT needleElementOrArray)
2025-08-24T11:33:15.140+03:30 DEBUG 1188 --- [ChiDaram App] [           main] org.hibernate.HQL_FUNCTIONS              : Boolean array_contains_nullable(ARRAY haystackArray, OBJECT needleElementOrArray)
2025-08-24T11:33:15.194+03:30 DEBUG 1188 --- [ChiDaram App] [           main] org.hibernate.HQL_FUNCTIONS              : array_fill(OBJECT element, INTEGER elementCount)
2025-08-24T11:33:15.195+03:30 DEBUG 1188 --- [ChiDaram App] [           main] org.hibernate.HQL_FUNCTIONS              : array_fill_list(OBJECT element, INTEGER elementCount)
2025-08-24T11:33:15.195+03:30 DEBUG 1188 --- [ChiDaram App] [           main] org.hibernate.HQL_FUNCTIONS              : array_get(ARRAY array, INTEGER index)
2025-08-24T11:33:15.195+03:30 DEBUG 1188 --- [ChiDaram App] [           main] org.hibernate.HQL_FUNCTIONS              : Integer array_length(ARRAY array)
2025-08-24T11:33:15.195+03:30 DEBUG 1188 --- [ChiDaram App] [           main] org.hibernate.HQL_FUNCTIONS              : array_list( ... )
2025-08-24T11:33:15.195+03:30 DEBUG 1188 --- [ChiDaram App] [           main] org.hibernate.HQL_FUNCTIONS              : Boolean array_overlaps(ARRAY array0, OBJECT array1)
2025-08-24T11:33:15.195+03:30 DEBUG 1188 --- [ChiDaram App] [           main] org.hibernate.HQL_FUNCTIONS              : Boolean array_overlaps_nullable(ARRAY array0, OBJECT array1)
2025-08-24T11:33:15.197+03:30 DEBUG 1188 --- [ChiDaram App] [           main] org.hibernate.HQL_FUNCTIONS              : Integer array_position(ARRAY array, OBJECT element[, INTEGER startPosition])
2025-08-24T11:33:15.197+03:30 DEBUG 1188 --- [ChiDaram App] [           main] org.hibernate.HQL_FUNCTIONS              : int[] array_positions(ARRAY array, OBJECT element)
2025-08-24T11:33:15.197+03:30 DEBUG 1188 --- [ChiDaram App] [           main] org.hibernate.HQL_FUNCTIONS              : List array_positions_list(ARRAY array, OBJECT element)
2025-08-24T11:33:15.197+03:30 DEBUG 1188 --- [ChiDaram App] [           main] org.hibernate.HQL_FUNCTIONS              : array_prepend( ... )
2025-08-24T11:33:15.197+03:30 DEBUG 1188 --- [ChiDaram App] [           main] org.hibernate.HQL_FUNCTIONS              : array_remove( ... )
2025-08-24T11:33:15.197+03:30 DEBUG 1188 --- [ChiDaram App] [           main] org.hibernate.HQL_FUNCTIONS              : array_remove_index( ... )
2025-08-24T11:33:15.197+03:30 DEBUG 1188 --- [ChiDaram App] [           main] org.hibernate.HQL_FUNCTIONS              : array_replace(ARRAY array, OBJECT old, OBJECT new)
2025-08-24T11:33:15.197+03:30 DEBUG 1188 --- [ChiDaram App] [           main] org.hibernate.HQL_FUNCTIONS              : array_set( ... )
2025-08-24T11:33:15.197+03:30 DEBUG 1188 --- [ChiDaram App] [           main] org.hibernate.HQL_FUNCTIONS              : array_slice(ARRAY array, INTEGER start, INTEGER end)
2025-08-24T11:33:15.198+03:30 DEBUG 1188 --- [ChiDaram App] [           main] org.hibernate.HQL_FUNCTIONS              : String array_to_string( ... )
2025-08-24T11:33:15.198+03:30 DEBUG 1188 --- [ChiDaram App] [           main] org.hibernate.HQL_FUNCTIONS              : array_trim(ARRAY array, INTEGER elementsToRemove)
2025-08-24T11:33:15.198+03:30 DEBUG 1188 --- [ChiDaram App] [           main] org.hibernate.HQL_FUNCTIONS              : Integer ascii(STRING arg)
2025-08-24T11:33:15.198+03:30 DEBUG 1188 --- [ChiDaram App] [           main] org.hibernate.HQL_FUNCTIONS              : Double asin(NUMERIC arg)
2025-08-24T11:33:15.198+03:30 DEBUG 1188 --- [ChiDaram App] [           main] org.hibernate.HQL_FUNCTIONS              : Double asinh(NUMERIC arg)
2025-08-24T11:33:15.198+03:30 DEBUG 1188 --- [ChiDaram App] [           main] org.hibernate.HQL_FUNCTIONS              : Double atan(NUMERIC arg)
2025-08-24T11:33:15.198+03:30 DEBUG 1188 --- [ChiDaram App] [           main] org.hibernate.HQL_FUNCTIONS              : Double atan2(NUMERIC arg0, NUMERIC arg1)
2025-08-24T11:33:15.198+03:30 DEBUG 1188 --- [ChiDaram App] [           main] org.hibernate.HQL_FUNCTIONS              : Double atanh(NUMERIC arg)
2025-08-24T11:33:15.199+03:30 DEBUG 1188 --- [ChiDaram App] [           main] org.hibernate.HQL_FUNCTIONS              : avg(arg)
2025-08-24T11:33:15.199+03:30 DEBUG 1188 --- [ChiDaram App] [           main] org.hibernate.HQL_FUNCTIONS              : bit_and(arg)
2025-08-24T11:33:15.199+03:30 DEBUG 1188 --- [ChiDaram App] [           main] org.hibernate.HQL_FUNCTIONS              : Integer bit_length(STRING_OR_CLOB arg)
2025-08-24T11:33:15.199+03:30 DEBUG 1188 --- [ChiDaram App] [           main] org.hibernate.HQL_FUNCTIONS              : bit_or(arg)
2025-08-24T11:33:15.199+03:30 DEBUG 1188 --- [ChiDaram App] [           main] org.hibernate.HQL_FUNCTIONS              : bitand(arg0, arg1)
2025-08-24T11:33:15.199+03:30 DEBUG 1188 --- [ChiDaram App] [           main] org.hibernate.HQL_FUNCTIONS              : bitnot(arg)
2025-08-24T11:33:15.199+03:30 DEBUG 1188 --- [ChiDaram App] [           main] org.hibernate.HQL_FUNCTIONS              : bitor(arg0, arg1)
2025-08-24T11:33:15.199+03:30 DEBUG 1188 --- [ChiDaram App] [           main] org.hibernate.HQL_FUNCTIONS              : bitxor(arg0, arg1)
2025-08-24T11:33:15.199+03:30 DEBUG 1188 --- [ChiDaram App] [           main] org.hibernate.HQL_FUNCTIONS              : Boolean bool_and(BOOLEAN predicate)
2025-08-24T11:33:15.199+03:30 DEBUG 1188 --- [ChiDaram App] [           main] org.hibernate.HQL_FUNCTIONS              : Boolean bool_or(BOOLEAN predicate)
2025-08-24T11:33:15.200+03:30 DEBUG 1188 --- [ChiDaram App] [           main] org.hibernate.HQL_FUNCTIONS              : cast(arg as Type)
2025-08-24T11:33:15.200+03:30 DEBUG 1188 --- [ChiDaram App] [           main] org.hibernate.HQL_FUNCTIONS              : Double cbrt(NUMERIC arg)
2025-08-24T11:33:15.203+03:30 DEBUG 1188 --- [ChiDaram App] [           main] org.hibernate.HQL_FUNCTIONS              : ceiling(NUMERIC arg)
2025-08-24T11:33:15.204+03:30 DEBUG 1188 --- [ChiDaram App] [           main] org.hibernate.HQL_FUNCTIONS              : Character char(INTEGER arg)
2025-08-24T11:33:15.204+03:30 DEBUG 1188 --- [ChiDaram App] [           main] org.hibernate.HQL_FUNCTIONS              : Integer character_length(STRING_OR_CLOB arg)
2025-08-24T11:33:15.204+03:30 DEBUG 1188 --- [ChiDaram App] [           main] org.hibernate.HQL_FUNCTIONS              : Character chr(INTEGER arg)
2025-08-24T11:33:15.204+03:30 DEBUG 1188 --- [ChiDaram App] [           main] org.hibernate.HQL_FUNCTIONS              : coalesce(arg0[, arg1[, ...]])
2025-08-24T11:33:15.204+03:30 DEBUG 1188 --- [ChiDaram App] [           main] org.hibernate.HQL_FUNCTIONS              : String collate(STRING string as COLLATION collation)
2025-08-24T11:33:15.204+03:30 DEBUG 1188 --- [ChiDaram App] [           main] org.hibernate.HQL_FUNCTIONS              : (STRING string0[, STRING string1[, ...]])
2025-08-24T11:33:15.204+03:30 DEBUG 1188 --- [ChiDaram App] [           main] org.hibernate.HQL_FUNCTIONS              : Double corr(NUMERIC arg0, NUMERIC arg1)
2025-08-24T11:33:15.204+03:30 DEBUG 1188 --- [ChiDaram App] [           main] org.hibernate.HQL_FUNCTIONS              : Double cos(NUMERIC arg)
2025-08-24T11:33:15.205+03:30 DEBUG 1188 --- [ChiDaram App] [           main] org.hibernate.HQL_FUNCTIONS              : Double cosh(NUMERIC arg)
2025-08-24T11:33:15.205+03:30 DEBUG 1188 --- [ChiDaram App] [           main] org.hibernate.HQL_FUNCTIONS              : Double cot(NUMERIC arg)
2025-08-24T11:33:15.205+03:30 DEBUG 1188 --- [ChiDaram App] [           main] org.hibernate.HQL_FUNCTIONS              : Long count([distinct ]{arg|*})
2025-08-24T11:33:15.205+03:30 DEBUG 1188 --- [ChiDaram App] [           main] org.hibernate.HQL_FUNCTIONS              : Double covar_pop(NUMERIC arg0, NUMERIC arg1)
2025-08-24T11:33:15.205+03:30 DEBUG 1188 --- [ChiDaram App] [           main] org.hibernate.HQL_FUNCTIONS              : Double covar_samp(NUMERIC arg0, NUMERIC arg1)
2025-08-24T11:33:15.205+03:30 DEBUG 1188 --- [ChiDaram App] [           main] org.hibernate.HQL_FUNCTIONS              : Double cume_dist([arg0[, ...]])
2025-08-24T11:33:15.205+03:30 DEBUG 1188 --- [ChiDaram App] [           main] org.hibernate.HQL_FUNCTIONS              : Date current date
2025-08-24T11:33:15.205+03:30 DEBUG 1188 --- [ChiDaram App] [           main] org.hibernate.HQL_FUNCTIONS              : Time current time
2025-08-24T11:33:15.205+03:30 DEBUG 1188 --- [ChiDaram App] [           main] org.hibernate.HQL_FUNCTIONS              : Timestamp current timestamp
2025-08-24T11:33:15.205+03:30 DEBUG 1188 --- [ChiDaram App] [           main] org.hibernate.HQL_FUNCTIONS              : Date current_date
2025-08-24T11:33:15.205+03:30 DEBUG 1188 --- [ChiDaram App] [           main] org.hibernate.HQL_FUNCTIONS              : Instant current_instant
2025-08-24T11:33:15.205+03:30 DEBUG 1188 --- [ChiDaram App] [           main] org.hibernate.HQL_FUNCTIONS              : Time current_time
2025-08-24T11:33:15.205+03:30 DEBUG 1188 --- [ChiDaram App] [           main] org.hibernate.HQL_FUNCTIONS              : Timestamp current_timestamp
2025-08-24T11:33:15.205+03:30 DEBUG 1188 --- [ChiDaram App] [           main] org.hibernate.HQL_FUNCTIONS              : date_trunc(STRING field, TEMPORAL datetime)
2025-08-24T11:33:15.206+03:30 DEBUG 1188 --- [ChiDaram App] [           main] org.hibernate.HQL_FUNCTIONS              : dateadd(TEMPORAL_UNIT field, INTEGER magnitude, TEMPORAL datetime)
2025-08-24T11:33:15.206+03:30 DEBUG 1188 --- [ChiDaram App] [           main] org.hibernate.HQL_FUNCTIONS              : Long|Double datediff(TEMPORAL_UNIT field, TEMPORAL start, TEMPORAL end)
2025-08-24T11:33:15.206+03:30 DEBUG 1188 --- [ChiDaram App] [           main] org.hibernate.HQL_FUNCTIONS              : Double degrees(NUMERIC arg)
2025-08-24T11:33:15.206+03:30 DEBUG 1188 --- [ChiDaram App] [           main] org.hibernate.HQL_FUNCTIONS              : Long dense_rank([arg0[, ...]])
2025-08-24T11:33:15.206+03:30 DEBUG 1188 --- [ChiDaram App] [           main] org.hibernate.HQL_FUNCTIONS              : Boolean every(BOOLEAN predicate)
2025-08-24T11:33:15.206+03:30 DEBUG 1188 --- [ChiDaram App] [           main] org.hibernate.HQL_FUNCTIONS              : Double exp(NUMERIC arg)
2025-08-24T11:33:15.206+03:30 DEBUG 1188 --- [ChiDaram App] [           main] org.hibernate.HQL_FUNCTIONS              : extract(TEMPORAL_UNIT field from TEMPORAL arg)
2025-08-24T11:33:15.206+03:30 DEBUG 1188 --- [ChiDaram App] [           main] org.hibernate.HQL_FUNCTIONS              : first_valueANY value
2025-08-24T11:33:15.206+03:30 DEBUG 1188 --- [ChiDaram App] [           main] org.hibernate.HQL_FUNCTIONS              : floor(NUMERIC arg)
2025-08-24T11:33:15.206+03:30 DEBUG 1188 --- [ChiDaram App] [           main] org.hibernate.HQL_FUNCTIONS              : String format(TEMPORAL datetime as STRING pattern)
2025-08-24T11:33:15.206+03:30 DEBUG 1188 --- [ChiDaram App] [           main] org.hibernate.HQL_FUNCTIONS              : greatest(COMPARABLE arg0, COMPARABLE arg1[, arg2[, ...]])
2025-08-24T11:33:15.206+03:30 DEBUG 1188 --- [ChiDaram App] [           main] org.hibernate.HQL_FUNCTIONS              : ifnull(arg0, arg1)
2025-08-24T11:33:15.207+03:30 DEBUG 1188 --- [ChiDaram App] [           main] org.hibernate.HQL_FUNCTIONS              : String initcap(arg)
2025-08-24T11:33:15.207+03:30 DEBUG 1188 --- [ChiDaram App] [           main] org.hibernate.HQL_FUNCTIONS              : String insert(STRING string, INTEGER start, INTEGER length, STRING replacement)
2025-08-24T11:33:15.207+03:30 DEBUG 1188 --- [ChiDaram App] [           main] org.hibernate.HQL_FUNCTIONS              : Instant instant
2025-08-24T11:33:15.207+03:30 DEBUG 1188 --- [ChiDaram App] [           main] org.hibernate.HQL_FUNCTIONS              : lagANY value[, INTEGER offset[, ANY default]]
2025-08-24T11:33:15.207+03:30 DEBUG 1188 --- [ChiDaram App] [           main] org.hibernate.HQL_FUNCTIONS              : last_valueANY value
2025-08-24T11:33:15.207+03:30 DEBUG 1188 --- [ChiDaram App] [           main] org.hibernate.HQL_FUNCTIONS              : leadANY value[, INTEGER offset[, ANY default]]
2025-08-24T11:33:15.207+03:30 DEBUG 1188 --- [ChiDaram App] [           main] org.hibernate.HQL_FUNCTIONS              : least(COMPARABLE arg0, COMPARABLE arg1[, arg2[, ...]])
2025-08-24T11:33:15.207+03:30 DEBUG 1188 --- [ChiDaram App] [           main] org.hibernate.HQL_FUNCTIONS              : String left(STRING string, INTEGER length)
2025-08-24T11:33:15.207+03:30 DEBUG 1188 --- [ChiDaram App] [           main] org.hibernate.HQL_FUNCTIONS              : Integer length(STRING_OR_CLOB arg)
2025-08-24T11:33:15.207+03:30 DEBUG 1188 --- [ChiDaram App] [           main] org.hibernate.HQL_FUNCTIONS              : String listagg(STRING arg0, STRING arg1)
2025-08-24T11:33:15.208+03:30 DEBUG 1188 --- [ChiDaram App] [           main] org.hibernate.HQL_FUNCTIONS              : Double ln(NUMERIC arg)
2025-08-24T11:33:15.208+03:30 DEBUG 1188 --- [ChiDaram App] [           main] org.hibernate.HQL_FUNCTIONS              : LocalDate local date
2025-08-24T11:33:15.208+03:30 DEBUG 1188 --- [ChiDaram App] [           main] org.hibernate.HQL_FUNCTIONS              : LocalDateTime local datetime
2025-08-24T11:33:15.208+03:30 DEBUG 1188 --- [ChiDaram App] [           main] org.hibernate.HQL_FUNCTIONS              : LocalTime local time
2025-08-24T11:33:15.208+03:30 DEBUG 1188 --- [ChiDaram App] [           main] org.hibernate.HQL_FUNCTIONS              : LocalDate local_date
2025-08-24T11:33:15.208+03:30 DEBUG 1188 --- [ChiDaram App] [           main] org.hibernate.HQL_FUNCTIONS              : LocalDateTime local_datetime
2025-08-24T11:33:15.208+03:30 DEBUG 1188 --- [ChiDaram App] [           main] org.hibernate.HQL_FUNCTIONS              : LocalTime local_time
2025-08-24T11:33:15.208+03:30 DEBUG 1188 --- [ChiDaram App] [           main] org.hibernate.HQL_FUNCTIONS              : Time localtime
2025-08-24T11:33:15.208+03:30 DEBUG 1188 --- [ChiDaram App] [           main] org.hibernate.HQL_FUNCTIONS              : Timestamp localtimestamp
2025-08-24T11:33:15.208+03:30 DEBUG 1188 --- [ChiDaram App] [           main] org.hibernate.HQL_FUNCTIONS              : Integer locate(STRING pattern, STRING string[, INTEGER start])
2025-08-24T11:33:15.208+03:30 DEBUG 1188 --- [ChiDaram App] [           main] org.hibernate.HQL_FUNCTIONS              : Double log(NUMERIC arg0[, NUMERIC arg1])
2025-08-24T11:33:15.208+03:30 DEBUG 1188 --- [ChiDaram App] [           main] org.hibernate.HQL_FUNCTIONS              : Double log10(NUMERIC arg)
2025-08-24T11:33:15.209+03:30 DEBUG 1188 --- [ChiDaram App] [           main] org.hibernate.HQL_FUNCTIONS              : String lower(STRING string)
2025-08-24T11:33:15.209+03:30 DEBUG 1188 --- [ChiDaram App] [           main] org.hibernate.HQL_FUNCTIONS              : String lpad(STRING string, INTEGER length[, STRING padding])
2025-08-24T11:33:15.209+03:30 DEBUG 1188 --- [ChiDaram App] [           main] org.hibernate.HQL_FUNCTIONS              : String ltrim(STRING string[, STRING characters])
2025-08-24T11:33:15.209+03:30 DEBUG 1188 --- [ChiDaram App] [           main] org.hibernate.HQL_FUNCTIONS              : Date make_date(INTEGER arg0, INTEGER arg1, INTEGER arg2)
2025-08-24T11:33:15.209+03:30 DEBUG 1188 --- [ChiDaram App] [           main] org.hibernate.HQL_FUNCTIONS              : Time make_time(INTEGER arg0, INTEGER arg1, INTEGER arg2)
2025-08-24T11:33:15.209+03:30 DEBUG 1188 --- [ChiDaram App] [           main] org.hibernate.HQL_FUNCTIONS              : Timestamp make_timestamp(INTEGER arg0, INTEGER arg1, INTEGER arg2, INTEGER arg3, INTEGER arg4, INTEGER arg5)
2025-08-24T11:33:15.209+03:30 DEBUG 1188 --- [ChiDaram App] [           main] org.hibernate.HQL_FUNCTIONS              : Timestamp make_timestamptz(INTEGER arg0, INTEGER arg1, INTEGER arg2, INTEGER arg3, INTEGER arg4, INTEGER arg5[, INTEGER arg6])
2025-08-24T11:33:15.209+03:30 DEBUG 1188 --- [ChiDaram App] [           main] org.hibernate.HQL_FUNCTIONS              : max(COMPARABLE arg)
2025-08-24T11:33:15.209+03:30 DEBUG 1188 --- [ChiDaram App] [           main] org.hibernate.HQL_FUNCTIONS              : String md5(arg)
2025-08-24T11:33:15.209+03:30 DEBUG 1188 --- [ChiDaram App] [           main] org.hibernate.HQL_FUNCTIONS              : Double median(NUMERIC arg)
2025-08-24T11:33:15.210+03:30 DEBUG 1188 --- [ChiDaram App] [           main] org.hibernate.HQL_FUNCTIONS              : min(COMPARABLE arg)
2025-08-24T11:33:15.210+03:30 DEBUG 1188 --- [ChiDaram App] [           main] org.hibernate.HQL_FUNCTIONS              : Integer mod(INTEGER arg0, INTEGER arg1)
2025-08-24T11:33:15.210+03:30 DEBUG 1188 --- [ChiDaram App] [           main] org.hibernate.HQL_FUNCTIONS              : mode()
2025-08-24T11:33:15.210+03:30 DEBUG 1188 --- [ChiDaram App] [           main] org.hibernate.HQL_FUNCTIONS              : nth_valueANY value, INTEGER nth
2025-08-24T11:33:15.210+03:30 DEBUG 1188 --- [ChiDaram App] [           main] org.hibernate.HQL_FUNCTIONS              : nullif(arg0, arg1)
2025-08-24T11:33:15.210+03:30 DEBUG 1188 --- [ChiDaram App] [           main] org.hibernate.HQL_FUNCTIONS              : Integer octet_length(STRING_OR_CLOB arg)
2025-08-24T11:33:15.210+03:30 DEBUG 1188 --- [ChiDaram App] [           main] org.hibernate.HQL_FUNCTIONS              : OffsetDateTime offset datetime
2025-08-24T11:33:15.210+03:30 DEBUG 1188 --- [ChiDaram App] [           main] org.hibernate.HQL_FUNCTIONS              : OffsetDateTime offset_datetime
2025-08-24T11:33:15.210+03:30 DEBUG 1188 --- [ChiDaram App] [           main] org.hibernate.HQL_FUNCTIONS              : String overlay(string placing replacement from start[ for length])
2025-08-24T11:33:15.210+03:30 DEBUG 1188 --- [ChiDaram App] [           main] org.hibernate.HQL_FUNCTIONS              : String pad(STRING string with INTEGER length {leading|trailing}[ STRING character])
2025-08-24T11:33:15.210+03:30 DEBUG 1188 --- [ChiDaram App] [           main] org.hibernate.HQL_FUNCTIONS              : Double percent_rank([arg0[, ...]])
2025-08-24T11:33:15.211+03:30 DEBUG 1188 --- [ChiDaram App] [           main] org.hibernate.HQL_FUNCTIONS              : percentile_cont(NUMERIC arg)
2025-08-24T11:33:15.211+03:30 DEBUG 1188 --- [ChiDaram App] [           main] org.hibernate.HQL_FUNCTIONS              : percentile_disc(NUMERIC arg)
2025-08-24T11:33:15.211+03:30 DEBUG 1188 --- [ChiDaram App] [           main] org.hibernate.HQL_FUNCTIONS              : Double pi
2025-08-24T11:33:15.211+03:30 DEBUG 1188 --- [ChiDaram App] [           main] org.hibernate.HQL_FUNCTIONS              : Integer position(STRING pattern in STRING string)
2025-08-24T11:33:15.211+03:30 DEBUG 1188 --- [ChiDaram App] [           main] org.hibernate.HQL_FUNCTIONS              : Double power(NUMERIC arg0, NUMERIC arg1)
2025-08-24T11:33:15.211+03:30 DEBUG 1188 --- [ChiDaram App] [           main] org.hibernate.HQL_FUNCTIONS              : Double radians(NUMERIC arg)
2025-08-24T11:33:15.211+03:30 DEBUG 1188 --- [ChiDaram App] [           main] org.hibernate.HQL_FUNCTIONS              : Long rank([arg0[, ...]])
2025-08-24T11:33:15.211+03:30 DEBUG 1188 --- [ChiDaram App] [           main] org.hibernate.HQL_FUNCTIONS              : Double regr_avgx(NUMERIC arg0, NUMERIC arg1)
2025-08-24T11:33:15.211+03:30 DEBUG 1188 --- [ChiDaram App] [           main] org.hibernate.HQL_FUNCTIONS              : Double regr_avgy(NUMERIC arg0, NUMERIC arg1)
2025-08-24T11:33:15.211+03:30 DEBUG 1188 --- [ChiDaram App] [           main] org.hibernate.HQL_FUNCTIONS              : Double regr_count(NUMERIC arg0, NUMERIC arg1)
2025-08-24T11:33:15.211+03:30 DEBUG 1188 --- [ChiDaram App] [           main] org.hibernate.HQL_FUNCTIONS              : Double regr_intercept(NUMERIC arg0, NUMERIC arg1)
2025-08-24T11:33:15.211+03:30 DEBUG 1188 --- [ChiDaram App] [           main] org.hibernate.HQL_FUNCTIONS              : Double regr_r2(NUMERIC arg0, NUMERIC arg1)
2025-08-24T11:33:15.257+03:30 DEBUG 1188 --- [ChiDaram App] [           main] org.hibernate.HQL_FUNCTIONS              : Double regr_slope(NUMERIC arg0, NUMERIC arg1)
2025-08-24T11:33:15.257+03:30 DEBUG 1188 --- [ChiDaram App] [           main] org.hibernate.HQL_FUNCTIONS              : Double regr_sxx(NUMERIC arg0, NUMERIC arg1)
2025-08-24T11:33:15.257+03:30 DEBUG 1188 --- [ChiDaram App] [           main] org.hibernate.HQL_FUNCTIONS              : Double regr_sxy(NUMERIC arg0, NUMERIC arg1)
2025-08-24T11:33:15.257+03:30 DEBUG 1188 --- [ChiDaram App] [           main] org.hibernate.HQL_FUNCTIONS              : Double regr_syy(NUMERIC arg0, NUMERIC arg1)
2025-08-24T11:33:15.257+03:30 DEBUG 1188 --- [ChiDaram App] [           main] org.hibernate.HQL_FUNCTIONS              : String repeat(STRING string, INTEGER times)
2025-08-24T11:33:15.257+03:30 DEBUG 1188 --- [ChiDaram App] [           main] org.hibernate.HQL_FUNCTIONS              : String replace(STRING string, STRING pattern, STRING replacement)
2025-08-24T11:33:15.257+03:30 DEBUG 1188 --- [ChiDaram App] [           main] org.hibernate.HQL_FUNCTIONS              : String right(STRING string, INTEGER length)
2025-08-24T11:33:15.257+03:30 DEBUG 1188 --- [ChiDaram App] [           main] org.hibernate.HQL_FUNCTIONS              : round(NUMERIC number[, INTEGER places])
2025-08-24T11:33:15.257+03:30 DEBUG 1188 --- [ChiDaram App] [           main] org.hibernate.HQL_FUNCTIONS              : Long row_number()
2025-08-24T11:33:15.257+03:30 DEBUG 1188 --- [ChiDaram App] [           main] org.hibernate.HQL_FUNCTIONS              : String rpad(STRING string, INTEGER length[, STRING padding])
2025-08-24T11:33:15.257+03:30 DEBUG 1188 --- [ChiDaram App] [           main] org.hibernate.HQL_FUNCTIONS              : String rtrim(STRING string[, STRING characters])
2025-08-24T11:33:15.258+03:30 DEBUG 1188 --- [ChiDaram App] [           main] org.hibernate.HQL_FUNCTIONS              : Integer sign(NUMERIC arg)
2025-08-24T11:33:15.258+03:30 DEBUG 1188 --- [ChiDaram App] [           main] org.hibernate.HQL_FUNCTIONS              : Double sin(NUMERIC arg)
2025-08-24T11:33:15.258+03:30 DEBUG 1188 --- [ChiDaram App] [           main] org.hibernate.HQL_FUNCTIONS              : Double sinh(NUMERIC arg)
2025-08-24T11:33:15.258+03:30 DEBUG 1188 --- [ChiDaram App] [           main] org.hibernate.HQL_FUNCTIONS              : String soundex(arg)
2025-08-24T11:33:15.258+03:30 DEBUG 1188 --- [ChiDaram App] [           main] org.hibernate.HQL_FUNCTIONS              : Object sql
2025-08-24T11:33:15.258+03:30 DEBUG 1188 --- [ChiDaram App] [           main] org.hibernate.HQL_FUNCTIONS              : Double sqrt(NUMERIC arg)
2025-08-24T11:33:15.258+03:30 DEBUG 1188 --- [ChiDaram App] [           main] org.hibernate.HQL_FUNCTIONS              : Double stddev(NUMERIC arg)
2025-08-24T11:33:15.258+03:30 DEBUG 1188 --- [ChiDaram App] [           main] org.hibernate.HQL_FUNCTIONS              : Double stddev_pop(NUMERIC arg)
2025-08-24T11:33:15.258+03:30 DEBUG 1188 --- [ChiDaram App] [           main] org.hibernate.HQL_FUNCTIONS              : Double stddev_samp(NUMERIC arg)
2025-08-24T11:33:15.258+03:30 DEBUG 1188 --- [ChiDaram App] [           main] org.hibernate.HQL_FUNCTIONS              : String str(arg)
2025-08-24T11:33:15.258+03:30 DEBUG 1188 --- [ChiDaram App] [           main] org.hibernate.HQL_FUNCTIONS              : String substr(STRING string, INTEGER start[, INTEGER length])
2025-08-24T11:33:15.258+03:30 DEBUG 1188 --- [ChiDaram App] [           main] org.hibernate.HQL_FUNCTIONS              : String substring(STRING string{ from|,} INTEGER start[{ for|,} INTEGER length])
2025-08-24T11:33:15.258+03:30 DEBUG 1188 --- [ChiDaram App] [           main] org.hibernate.HQL_FUNCTIONS              : sum(arg)
2025-08-24T11:33:15.258+03:30 DEBUG 1188 --- [ChiDaram App] [           main] org.hibernate.HQL_FUNCTIONS              : Double tan(NUMERIC arg)
2025-08-24T11:33:15.288+03:30 DEBUG 1188 --- [ChiDaram App] [           main] org.hibernate.HQL_FUNCTIONS              : Double tanh(NUMERIC arg)
2025-08-24T11:33:15.295+03:30 DEBUG 1188 --- [ChiDaram App] [           main] org.hibernate.HQL_FUNCTIONS              : timestampadd(TEMPORAL_UNIT field, INTEGER magnitude, TEMPORAL datetime)
2025-08-24T11:33:15.296+03:30 DEBUG 1188 --- [ChiDaram App] [           main] org.hibernate.HQL_FUNCTIONS              : Long|Double timestampdiff(TEMPORAL_UNIT field, TEMPORAL start, TEMPORAL end)
2025-08-24T11:33:15.296+03:30 DEBUG 1188 --- [ChiDaram App] [           main] org.hibernate.HQL_FUNCTIONS              : String to_char(ANY arg0[, STRING arg1, STRING arg2])
2025-08-24T11:33:15.297+03:30 DEBUG 1188 --- [ChiDaram App] [           main] org.hibernate.HQL_FUNCTIONS              : Date to_date(STRING arg0[, STRING arg1, STRING arg2])
2025-08-24T11:33:15.297+03:30 DEBUG 1188 --- [ChiDaram App] [           main] org.hibernate.HQL_FUNCTIONS              : Double to_number(STRING arg0[, STRING arg1, STRING arg2])
2025-08-24T11:33:15.297+03:30 DEBUG 1188 --- [ChiDaram App] [           main] org.hibernate.HQL_FUNCTIONS              : Timestamp to_timestamp(STRING arg0[, STRING arg1, STRING arg2])
2025-08-24T11:33:15.297+03:30 DEBUG 1188 --- [ChiDaram App] [           main] org.hibernate.HQL_FUNCTIONS              : String translate(STRING arg0, STRING arg1, STRING arg2)
2025-08-24T11:33:15.297+03:30 DEBUG 1188 --- [ChiDaram App] [           main] org.hibernate.HQL_FUNCTIONS              : String trim([[{leading|trailing|both} ][STRING arg0 ]from] STRING arg1)
2025-08-24T11:33:15.297+03:30 DEBUG 1188 --- [ChiDaram App] [           main] org.hibernate.HQL_FUNCTIONS              : trunc( ... )
2025-08-24T11:33:15.297+03:30 DEBUG 1188 --- [ChiDaram App] [           main] org.hibernate.HQL_FUNCTIONS              : truncate( ... )
2025-08-24T11:33:15.297+03:30 DEBUG 1188 --- [ChiDaram App] [           main] org.hibernate.HQL_FUNCTIONS              : String upper(STRING string)
2025-08-24T11:33:15.297+03:30 DEBUG 1188 --- [ChiDaram App] [           main] org.hibernate.HQL_FUNCTIONS              : Double var_pop(NUMERIC arg)
2025-08-24T11:33:15.297+03:30 DEBUG 1188 --- [ChiDaram App] [           main] org.hibernate.HQL_FUNCTIONS              : Double var_samp(NUMERIC arg)
2025-08-24T11:33:15.297+03:30 DEBUG 1188 --- [ChiDaram App] [           main] org.hibernate.HQL_FUNCTIONS              : Double variance(NUMERIC arg)
2025-08-24T11:33:15.297+03:30 DEBUG 1188 --- [ChiDaram App] [           main] org.hibernate.orm.query.plan.cache       : Starting QueryInterpretationCache(2048)
2025-08-24T11:33:15.305+03:30 DEBUG 1188 --- [ChiDaram App] [           main] .h.s.i.SessionFactoryServiceRegistryImpl : EventListenerRegistry access via ServiceRegistry is deprecated.  Use `sessionFactory.getEventEngine().getListenerRegistry()` instead
2025-08-24T11:33:15.306+03:30 DEBUG 1188 --- [ChiDaram App] [           main] h.e.i.EntityCopyObserverFactoryInitiator : Configured EntityCopyObserver strategy: disallow
2025-08-24T11:33:15.331+03:30 DEBUG 1188 --- [ChiDaram App] [           main] o.h.boot.internal.ClassLoaderAccessImpl  : Not known whether passed class name [com.example.chi_daram.entity.Increasedocumenttype] is safe
2025-08-24T11:33:15.331+03:30 DEBUG 1188 --- [ChiDaram App] [           main] o.h.boot.internal.ClassLoaderAccessImpl  : No temp ClassLoader provided; using live ClassLoader for loading potentially unsafe class : com.example.chi_daram.entity.Increasedocumenttype
2025-08-24T11:33:15.537+03:30 DEBUG 1188 --- [ChiDaram App] [           main] o.h.b.i.bytebuddy.BytecodeProviderImpl   : HHH000513: Unable to create the ReflectionOptimizer for [com.example.chi_daram.entity.Increasedocumenttype]: private accessor [description]
2025-08-24T11:33:15.539+03:30 DEBUG 1188 --- [ChiDaram App] [           main] o.h.boot.internal.ClassLoaderAccessImpl  : Not known whether passed class name [com.example.chi_daram.entity.Increasedocumentrow] is safe
2025-08-24T11:33:15.540+03:30 DEBUG 1188 --- [ChiDaram App] [           main] o.h.boot.internal.ClassLoaderAccessImpl  : No temp ClassLoader provided; using live ClassLoader for loading potentially unsafe class : com.example.chi_daram.entity.Increasedocumentrow
2025-08-24T11:33:15.888+03:30 DEBUG 1188 --- [ChiDaram App] [           main] o.h.b.i.bytebuddy.BytecodeProviderImpl   : HHH000513: Unable to create the ReflectionOptimizer for [com.example.chi_daram.entity.Increasedocumentrow]: private accessor [description]
2025-08-24T11:33:15.900+03:30 DEBUG 1188 --- [ChiDaram App] [           main] o.h.boot.internal.ClassLoaderAccessImpl  : Not known whether passed class name [com.example.chi_daram.entity.ItemStatus] is safe
2025-08-24T11:33:15.901+03:30 DEBUG 1188 --- [ChiDaram App] [           main] o.h.boot.internal.ClassLoaderAccessImpl  : No temp ClassLoader provided; using live ClassLoader for loading potentially unsafe class : com.example.chi_daram.entity.ItemStatus
2025-08-24T11:33:16.019+03:30 DEBUG 1188 --- [ChiDaram App] [           main] o.h.b.i.bytebuddy.BytecodeProviderImpl   : HHH000513: Unable to create the ReflectionOptimizer for [com.example.chi_daram.entity.ItemStatus]: private accessor [description]
2025-08-24T11:33:16.022+03:30 DEBUG 1188 --- [ChiDaram App] [           main] o.h.boot.internal.ClassLoaderAccessImpl  : Not known whether passed class name [com.example.chi_daram.entity.Categorylevel1] is safe
2025-08-24T11:33:16.022+03:30 DEBUG 1188 --- [ChiDaram App] [           main] o.h.boot.internal.ClassLoaderAccessImpl  : No temp ClassLoader provided; using live ClassLoader for loading potentially unsafe class : com.example.chi_daram.entity.Categorylevel1
2025-08-24T11:33:16.096+03:30 DEBUG 1188 --- [ChiDaram App] [           main] o.h.b.i.bytebuddy.BytecodeProviderImpl   : HHH000513: Unable to create the ReflectionOptimizer for [com.example.chi_daram.entity.Categorylevel1]: private accessor [description]
2025-08-24T11:33:16.097+03:30 DEBUG 1188 --- [ChiDaram App] [           main] o.h.boot.internal.ClassLoaderAccessImpl  : Not known whether passed class name [com.example.chi_daram.entity.Categorylevel2] is safe
2025-08-24T11:33:16.098+03:30 DEBUG 1188 --- [ChiDaram App] [           main] o.h.boot.internal.ClassLoaderAccessImpl  : No temp ClassLoader provided; using live ClassLoader for loading potentially unsafe class : com.example.chi_daram.entity.Categorylevel2
2025-08-24T11:33:16.177+03:30 DEBUG 1188 --- [ChiDaram App] [           main] o.h.b.i.bytebuddy.BytecodeProviderImpl   : HHH000513: Unable to create the ReflectionOptimizer for [com.example.chi_daram.entity.Categorylevel2]: private accessor [categorylevel1]
2025-08-24T11:33:16.179+03:30 DEBUG 1188 --- [ChiDaram App] [           main] o.h.boot.internal.ClassLoaderAccessImpl  : Not known whether passed class name [com.example.chi_daram.entity.Decreasedocumenttype] is safe
2025-08-24T11:33:16.179+03:30 DEBUG 1188 --- [ChiDaram App] [           main] o.h.boot.internal.ClassLoaderAccessImpl  : No temp ClassLoader provided; using live ClassLoader for loading potentially unsafe class : com.example.chi_daram.entity.Decreasedocumenttype
2025-08-24T11:33:16.251+03:30 DEBUG 1188 --- [ChiDaram App] [           main] o.h.b.i.bytebuddy.BytecodeProviderImpl   : HHH000513: Unable to create the ReflectionOptimizer for [com.example.chi_daram.entity.Decreasedocumenttype]: private accessor [description]
2025-08-24T11:33:16.253+03:30 DEBUG 1188 --- [ChiDaram App] [           main] o.h.boot.internal.ClassLoaderAccessImpl  : Not known whether passed class name [com.example.chi_daram.entity.Decreasedocument] is safe
2025-08-24T11:33:16.253+03:30 DEBUG 1188 --- [ChiDaram App] [           main] o.h.boot.internal.ClassLoaderAccessImpl  : No temp ClassLoader provided; using live ClassLoader for loading potentially unsafe class : com.example.chi_daram.entity.Decreasedocument
2025-08-24T11:33:16.489+03:30 DEBUG 1188 --- [ChiDaram App] [           main] o.h.b.i.bytebuddy.BytecodeProviderImpl   : HHH000513: Unable to create the ReflectionOptimizer for [com.example.chi_daram.entity.Decreasedocument]: private accessor [decreaseDate]
2025-08-24T11:33:16.501+03:30 DEBUG 1188 --- [ChiDaram App] [           main] o.h.boot.internal.ClassLoaderAccessImpl  : Not known whether passed class name [com.example.chi_daram.entity.User] is safe
2025-08-24T11:33:16.501+03:30 DEBUG 1188 --- [ChiDaram App] [           main] o.h.boot.internal.ClassLoaderAccessImpl  : No temp ClassLoader provided; using live ClassLoader for loading potentially unsafe class : com.example.chi_daram.entity.User
2025-08-24T11:33:16.679+03:30 DEBUG 1188 --- [ChiDaram App] [           main] o.h.b.i.bytebuddy.BytecodeProviderImpl   : HHH000513: Unable to create the ReflectionOptimizer for [com.example.chi_daram.entity.User]: private accessor [accountNonExpired]
2025-08-24T11:33:16.689+03:30 DEBUG 1188 --- [ChiDaram App] [           main] o.h.boot.internal.ClassLoaderAccessImpl  : Not known whether passed class name [com.example.chi_daram.entity.Decreasedocumentrow] is safe
2025-08-24T11:33:16.689+03:30 DEBUG 1188 --- [ChiDaram App] [           main] o.h.boot.internal.ClassLoaderAccessImpl  : No temp ClassLoader provided; using live ClassLoader for loading potentially unsafe class : com.example.chi_daram.entity.Decreasedocumentrow
2025-08-24T11:33:16.748+03:30 DEBUG 1188 --- [ChiDaram App] [           main] o.h.b.i.bytebuddy.BytecodeProviderImpl   : HHH000513: Unable to create the ReflectionOptimizer for [com.example.chi_daram.entity.Decreasedocumentrow]: private accessor [decreasedocument]
2025-08-24T11:33:16.753+03:30 DEBUG 1188 --- [ChiDaram App] [           main] o.h.boot.internal.ClassLoaderAccessImpl  : Not known whether passed class name [com.example.chi_daram.entity.Item] is safe
2025-08-24T11:33:16.753+03:30 DEBUG 1188 --- [ChiDaram App] [           main] o.h.boot.internal.ClassLoaderAccessImpl  : No temp ClassLoader provided; using live ClassLoader for loading potentially unsafe class : com.example.chi_daram.entity.Item
2025-08-24T11:33:16.797+03:30 DEBUG 1188 --- [ChiDaram App] [           main] o.h.b.i.bytebuddy.BytecodeProviderImpl   : HHH000513: Unable to create the ReflectionOptimizer for [com.example.chi_daram.entity.Item]: private accessor [categorylevel2]
2025-08-24T11:33:16.808+03:30 DEBUG 1188 --- [ChiDaram App] [           main] o.h.boot.internal.ClassLoaderAccessImpl  : Not known whether passed class name [com.example.chi_daram.entity.Increasedocument] is safe
2025-08-24T11:33:16.808+03:30 DEBUG 1188 --- [ChiDaram App] [           main] o.h.boot.internal.ClassLoaderAccessImpl  : No temp ClassLoader provided; using live ClassLoader for loading potentially unsafe class : com.example.chi_daram.entity.Increasedocument
2025-08-24T11:33:16.873+03:30 DEBUG 1188 --- [ChiDaram App] [           main] o.h.b.i.bytebuddy.BytecodeProviderImpl   : HHH000513: Unable to create the ReflectionOptimizer for [com.example.chi_daram.entity.Increasedocument]: private accessor [description]
2025-08-24T11:33:16.876+03:30 DEBUG 1188 --- [ChiDaram App] [           main] o.h.boot.internal.ClassLoaderAccessImpl  : Not known whether passed class name [com.example.chi_daram.entity.Dynamicfields] is safe
2025-08-24T11:33:16.876+03:30 DEBUG 1188 --- [ChiDaram App] [           main] o.h.boot.internal.ClassLoaderAccessImpl  : No temp ClassLoader provided; using live ClassLoader for loading potentially unsafe class : com.example.chi_daram.entity.Dynamicfields
2025-08-24T11:33:16.977+03:30 DEBUG 1188 --- [ChiDaram App] [           main] o.h.b.i.bytebuddy.BytecodeProviderImpl   : HHH000513: Unable to create the ReflectionOptimizer for [com.example.chi_daram.entity.Dynamicfields]: private accessor [description]
2025-08-24T11:33:16.980+03:30 DEBUG 1188 --- [ChiDaram App] [           main] org.hibernate.orm.jdbc.mutation          : Skipping collection row updates - com.example.chi_daram.entity.User.roles
2025-08-24T11:33:17.054+03:30 DEBUG 1188 --- [ChiDaram App] [           main] o.hibernate.orm.model.mapping.creation   : Starting post-init callbacks
2025-08-24T11:33:17.055+03:30 DEBUG 1188 --- [ChiDaram App] [           main] o.hibernate.orm.model.mapping.creation   : Starting PostInitCallbackEntry : To-one key - NavigableRole[com.example.chi_daram.entity.Increasedocumentrow.increasedocument]
2025-08-24T11:33:17.056+03:30 DEBUG 1188 --- [ChiDaram App] [           main] o.hibernate.orm.model.mapping.creation   : Starting PostInitCallbackEntry : To-one key - NavigableRole[com.example.chi_daram.entity.Increasedocumentrow.item]
2025-08-24T11:33:17.057+03:30 DEBUG 1188 --- [ChiDaram App] [           main] o.hibernate.orm.model.mapping.creation   : Starting PostInitCallbackEntry : Entity(com.example.chi_daram.entity.Increasedocumentrow) `staticFetchableList` generator
2025-08-24T11:33:17.057+03:30 DEBUG 1188 --- [ChiDaram App] [           main] o.hibernate.orm.model.mapping.creation   : Starting PostInitCallbackEntry : Entity(com.example.chi_daram.entity.Categorylevel1) `staticFetchableList` generator
2025-08-24T11:33:17.057+03:30 DEBUG 1188 --- [ChiDaram App] [           main] o.hibernate.orm.model.mapping.creation   : Starting PostInitCallbackEntry : To-one key - NavigableRole[com.example.chi_daram.entity.Categorylevel2.categorylevel1]
2025-08-24T11:33:17.058+03:30 DEBUG 1188 --- [ChiDaram App] [           main] o.hibernate.orm.model.mapping.creation   : Starting PostInitCallbackEntry : Entity(com.example.chi_daram.entity.Categorylevel2) `staticFetchableList` generator
2025-08-24T11:33:17.058+03:30 DEBUG 1188 --- [ChiDaram App] [           main] o.hibernate.orm.model.mapping.creation   : Starting PostInitCallbackEntry : To-one key - NavigableRole[com.example.chi_daram.entity.Decreasedocument.decreaseType]
2025-08-24T11:33:17.058+03:30 DEBUG 1188 --- [ChiDaram App] [           main] o.hibernate.orm.model.mapping.creation   : Starting PostInitCallbackEntry : To-one key - NavigableRole[com.example.chi_daram.entity.Decreasedocument.user]
2025-08-24T11:33:17.059+03:30 DEBUG 1188 --- [ChiDaram App] [           main] o.hibernate.orm.model.mapping.creation   : Starting PostInitCallbackEntry : Entity(com.example.chi_daram.entity.Decreasedocument) `staticFetchableList` generator
2025-08-24T11:33:17.059+03:30 DEBUG 1188 --- [ChiDaram App] [           main] o.hibernate.orm.model.mapping.creation   : Starting PostInitCallbackEntry : Entity(com.example.chi_daram.entity.Increasedocumenttype) `staticFetchableList` generator
2025-08-24T11:33:17.059+03:30 DEBUG 1188 --- [ChiDaram App] [           main] o.hibernate.orm.model.mapping.creation   : Starting PostInitCallbackEntry : Entity(com.example.chi_daram.entity.ItemStatus) `staticFetchableList` generator
2025-08-24T11:33:17.059+03:30 DEBUG 1188 --- [ChiDaram App] [           main] o.hibernate.orm.model.mapping.creation   : Starting PostInitCallbackEntry : Entity(com.example.chi_daram.entity.Decreasedocumenttype) `staticFetchableList` generator
2025-08-24T11:33:17.059+03:30 DEBUG 1188 --- [ChiDaram App] [           main] o.hibernate.orm.model.mapping.creation   : Starting PostInitCallbackEntry : PluralAttributeMapping(com.example.chi_daram.entity.User.roles)#finishInitialization
2025-08-24T11:33:17.059+03:30 DEBUG 1188 --- [ChiDaram App] [           main] o.hibernate.orm.model.mapping.creation   : Starting PostInitCallbackEntry : PluralAttributeMapping(com.example.chi_daram.entity.User.roles) - key descriptor
2025-08-24T11:33:17.059+03:30 DEBUG 1188 --- [ChiDaram App] [           main] o.hibernate.orm.model.mapping.creation   : Starting PostInitCallbackEntry : Entity(com.example.chi_daram.entity.User) `staticFetchableList` generator
2025-08-24T11:33:17.060+03:30 DEBUG 1188 --- [ChiDaram App] [           main] o.hibernate.orm.model.mapping.creation   : Starting PostInitCallbackEntry : To-one key - NavigableRole[com.example.chi_daram.entity.Decreasedocumentrow.decreasedocument]
2025-08-24T11:33:17.060+03:30 DEBUG 1188 --- [ChiDaram App] [           main] o.hibernate.orm.model.mapping.creation   : Starting PostInitCallbackEntry : To-one key - NavigableRole[com.example.chi_daram.entity.Decreasedocumentrow.item]
2025-08-24T11:33:17.061+03:30 DEBUG 1188 --- [ChiDaram App] [           main] o.hibernate.orm.model.mapping.creation   : Starting PostInitCallbackEntry : Entity(com.example.chi_daram.entity.Decreasedocumentrow) `staticFetchableList` generator
2025-08-24T11:33:17.061+03:30 DEBUG 1188 --- [ChiDaram App] [           main] o.hibernate.orm.model.mapping.creation   : Starting PostInitCallbackEntry : To-one key - NavigableRole[com.example.chi_daram.entity.Item.categorylevel2]
2025-08-24T11:33:17.061+03:30 DEBUG 1188 --- [ChiDaram App] [           main] o.hibernate.orm.model.mapping.creation   : Starting PostInitCallbackEntry : Entity(com.example.chi_daram.entity.Item) `staticFetchableList` generator
2025-08-24T11:33:17.061+03:30 DEBUG 1188 --- [ChiDaram App] [           main] o.hibernate.orm.model.mapping.creation   : Starting PostInitCallbackEntry : To-one key - NavigableRole[com.example.chi_daram.entity.Increasedocument.increaseType]
2025-08-24T11:33:17.062+03:30 DEBUG 1188 --- [ChiDaram App] [           main] o.hibernate.orm.model.mapping.creation   : Starting PostInitCallbackEntry : To-one key - NavigableRole[com.example.chi_daram.entity.Increasedocument.user]
2025-08-24T11:33:17.062+03:30 DEBUG 1188 --- [ChiDaram App] [           main] o.hibernate.orm.model.mapping.creation   : Starting PostInitCallbackEntry : Entity(com.example.chi_daram.entity.Increasedocument) `staticFetchableList` generator
2025-08-24T11:33:17.062+03:30 DEBUG 1188 --- [ChiDaram App] [           main] o.hibernate.orm.model.mapping.creation   : Starting PostInitCallbackEntry : To-one key - NavigableRole[com.example.chi_daram.entity.Dynamicfields.item]
2025-08-24T11:33:17.064+03:30 DEBUG 1188 --- [ChiDaram App] [           main] o.hibernate.orm.model.mapping.creation   : Starting PostInitCallbackEntry : Entity(com.example.chi_daram.entity.Dynamicfields) `staticFetchableList` generator
2025-08-24T11:33:17.139+03:30 DEBUG 1188 --- [ChiDaram App] [           main] org.hibernate.orm.sql.ast.create         : Created new SQL alias : i1_0
2025-08-24T11:33:17.139+03:30 DEBUG 1188 --- [ChiDaram App] [           main] org.hibernate.orm.sql.ast.create         : Registration of TableGroup [StandardTableGroup(com.example.chi_daram.entity.Increasedocumentrow)] with identifierForTableGroup [com.example.chi_daram.entity.Increasedocumentrow] for NavigablePath [com.example.chi_daram.entity.Increasedocumentrow] 
2025-08-24T11:33:17.147+03:30 DEBUG 1188 --- [ChiDaram App] [           main] org.hibernate.orm.sql.ast.create         : Registration of TableGroup [org.hibernate.sql.ast.tree.from.LazyTableGroup@6b1e1a07] with identifierForTableGroup [com.example.chi_daram.entity.Increasedocumentrow.increasedocument] for NavigablePath [com.example.chi_daram.entity.Increasedocumentrow.increasedocument] 
2025-08-24T11:33:17.148+03:30 DEBUG 1188 --- [ChiDaram App] [           main] org.hibernate.orm.sql.ast.create         : Registration of TableGroup [org.hibernate.sql.ast.tree.from.LazyTableGroup@258c38ce] with identifierForTableGroup [com.example.chi_daram.entity.Increasedocumentrow.item] for NavigablePath [com.example.chi_daram.entity.Increasedocumentrow.item] 
2025-08-24T11:33:17.149+03:30 DEBUG 1188 --- [ChiDaram App] [           main] org.hibernate.orm.results.graph.AST      : DomainResult Graph:
 \-EntityResultImpl [com.example.chi_daram.entity.Increasedocumentrow]
 |  +-BasicFetch [com.example.chi_daram.entity.Increasedocumentrow.description]
 |  +-EntityDelayedFetchImpl [com.example.chi_daram.entity.Increasedocumentrow.increasedocument]
 |  +-EntityDelayedFetchImpl [com.example.chi_daram.entity.Increasedocumentrow.item]
 |  +-BasicFetch [com.example.chi_daram.entity.Increasedocumentrow.quantity]
 |  \-BasicFetch [com.example.chi_daram.entity.Increasedocumentrow.unitPrice]

2025-08-24T11:33:17.150+03:30 DEBUG 1188 --- [ChiDaram App] [           main] org.hibernate.orm.sql.ast.tree           : SQL AST Tree:
    SelectStatement {
      FromClause {
        StandardTableGroup (i1 : com.example.chi_daram.entity.Increasedocumentrow) {
          primaryTableReference : increasedocumentrow as i1_0
          TableGroupJoins {
            left  join LazyTableGroup (i2 : com.example.chi_daram.entity.Increasedocumentrow.increasedocument) {
            }
            left  join LazyTableGroup (i3 : com.example.chi_daram.entity.Increasedocumentrow.item) {
            }
          }
        }
      }
    }

2025-08-24T11:33:17.153+03:30 DEBUG 1188 --- [ChiDaram App] [           main] o.h.p.entity.AbstractEntityPersister     : Static SQL for entity: com.example.chi_daram.entity.Increasedocumentrow
2025-08-24T11:33:17.153+03:30 DEBUG 1188 --- [ChiDaram App] [           main] o.h.p.entity.AbstractEntityPersister     :  Version select: select id from increasedocumentrow where id=?
2025-08-24T11:33:17.153+03:30 DEBUG 1188 --- [ChiDaram App] [           main] o.h.p.entity.AbstractEntityPersister     :  Insert (0): insert into increasedocumentrow (description,increasedocumentid,itemid,quantity,unitprice) values (?,?,?,?,?) returning id
2025-08-24T11:33:17.153+03:30 DEBUG 1188 --- [ChiDaram App] [           main] o.h.p.entity.AbstractEntityPersister     :  Update (0): update increasedocumentrow set description=?,increasedocumentid=?,itemid=?,quantity=?,unitprice=? where id=?
2025-08-24T11:33:17.153+03:30 DEBUG 1188 --- [ChiDaram App] [           main] o.h.p.entity.AbstractEntityPersister     :  Delete (0): delete from increasedocumentrow where id=?
2025-08-24T11:33:17.153+03:30 DEBUG 1188 --- [ChiDaram App] [           main] org.hibernate.orm.sql.ast.create         : Created new SQL alias : c1_0
2025-08-24T11:33:17.154+03:30 DEBUG 1188 --- [ChiDaram App] [           main] org.hibernate.orm.sql.ast.create         : Registration of TableGroup [StandardTableGroup(com.example.chi_daram.entity.Categorylevel1)] with identifierForTableGroup [com.example.chi_daram.entity.Categorylevel1] for NavigablePath [com.example.chi_daram.entity.Categorylevel1] 
2025-08-24T11:33:17.154+03:30 DEBUG 1188 --- [ChiDaram App] [           main] org.hibernate.orm.results.graph.AST      : DomainResult Graph:
 \-EntityResultImpl [com.example.chi_daram.entity.Categorylevel1]
 |  +-BasicFetch [com.example.chi_daram.entity.Categorylevel1.description]
 |  \-BasicFetch [com.example.chi_daram.entity.Categorylevel1.name]

2025-08-24T11:33:17.155+03:30 DEBUG 1188 --- [ChiDaram App] [           main] org.hibernate.orm.sql.ast.tree           : SQL AST Tree:
    SelectStatement {
      FromClause {
        StandardTableGroup (c1 : com.example.chi_daram.entity.Categorylevel1) {
          primaryTableReference : categorylevel1 as c1_0
        }
      }
    }

2025-08-24T11:33:17.155+03:30 DEBUG 1188 --- [ChiDaram App] [           main] o.h.p.entity.AbstractEntityPersister     : Static SQL for entity: com.example.chi_daram.entity.Categorylevel1
2025-08-24T11:33:17.155+03:30 DEBUG 1188 --- [ChiDaram App] [           main] o.h.p.entity.AbstractEntityPersister     :  Version select: select id from categorylevel1 where id=?
2025-08-24T11:33:17.155+03:30 DEBUG 1188 --- [ChiDaram App] [           main] o.h.p.entity.AbstractEntityPersister     :  Insert (0): insert into categorylevel1 (description,name,id) values (?,?,?)
2025-08-24T11:33:17.155+03:30 DEBUG 1188 --- [ChiDaram App] [           main] o.h.p.entity.AbstractEntityPersister     :  Update (0): update categorylevel1 set description=?,name=? where id=?
2025-08-24T11:33:17.155+03:30 DEBUG 1188 --- [ChiDaram App] [           main] o.h.p.entity.AbstractEntityPersister     :  Delete (0): delete from categorylevel1 where id=?
2025-08-24T11:33:17.156+03:30 DEBUG 1188 --- [ChiDaram App] [           main] org.hibernate.orm.sql.ast.create         : Created new SQL alias : c1_0
2025-08-24T11:33:17.156+03:30 DEBUG 1188 --- [ChiDaram App] [           main] org.hibernate.orm.sql.ast.create         : Registration of TableGroup [StandardTableGroup(com.example.chi_daram.entity.Categorylevel2)] with identifierForTableGroup [com.example.chi_daram.entity.Categorylevel2] for NavigablePath [com.example.chi_daram.entity.Categorylevel2] 
2025-08-24T11:33:17.156+03:30 DEBUG 1188 --- [ChiDaram App] [           main] org.hibernate.orm.sql.ast.create         : Registration of TableGroup [org.hibernate.sql.ast.tree.from.LazyTableGroup@58544d28] with identifierForTableGroup [com.example.chi_daram.entity.Categorylevel2.categorylevel1] for NavigablePath [com.example.chi_daram.entity.Categorylevel2.categorylevel1] 
2025-08-24T11:33:17.157+03:30 DEBUG 1188 --- [ChiDaram App] [           main] org.hibernate.orm.results.graph.AST      : DomainResult Graph:
 \-EntityResultImpl [com.example.chi_daram.entity.Categorylevel2]
 |  +-EntityDelayedFetchImpl [com.example.chi_daram.entity.Categorylevel2.categorylevel1]
 |  +-BasicFetch [com.example.chi_daram.entity.Categorylevel2.description]
 |  \-BasicFetch [com.example.chi_daram.entity.Categorylevel2.name]

2025-08-24T11:33:17.157+03:30 DEBUG 1188 --- [ChiDaram App] [           main] org.hibernate.orm.sql.ast.tree           : SQL AST Tree:
    SelectStatement {
      FromClause {
        StandardTableGroup (c1 : com.example.chi_daram.entity.Categorylevel2) {
          primaryTableReference : categorylevel2 as c1_0
          TableGroupJoins {
            left  join LazyTableGroup (c2 : com.example.chi_daram.entity.Categorylevel2.categorylevel1) {
            }
          }
        }
      }
    }

2025-08-24T11:33:17.160+03:30 DEBUG 1188 --- [ChiDaram App] [           main] o.h.p.entity.AbstractEntityPersister     : Static SQL for entity: com.example.chi_daram.entity.Categorylevel2
2025-08-24T11:33:17.160+03:30 DEBUG 1188 --- [ChiDaram App] [           main] o.h.p.entity.AbstractEntityPersister     :  Version select: select id from categorylevel2 where id=?
2025-08-24T11:33:17.160+03:30 DEBUG 1188 --- [ChiDaram App] [           main] o.h.p.entity.AbstractEntityPersister     :  Insert (0): insert into categorylevel2 (categorylevel1id,description,name) values (?,?,?) returning id
2025-08-24T11:33:17.160+03:30 DEBUG 1188 --- [ChiDaram App] [           main] o.h.p.entity.AbstractEntityPersister     :  Update (0): update categorylevel2 set categorylevel1id=?,description=?,name=? where id=?
2025-08-24T11:33:17.160+03:30 DEBUG 1188 --- [ChiDaram App] [           main] o.h.p.entity.AbstractEntityPersister     :  Delete (0): delete from categorylevel2 where id=?
2025-08-24T11:33:17.160+03:30 DEBUG 1188 --- [ChiDaram App] [           main] org.hibernate.orm.sql.ast.create         : Created new SQL alias : d1_0
2025-08-24T11:33:17.161+03:30 DEBUG 1188 --- [ChiDaram App] [           main] org.hibernate.orm.sql.ast.create         : Registration of TableGroup [StandardTableGroup(com.example.chi_daram.entity.Decreasedocument)] with identifierForTableGroup [com.example.chi_daram.entity.Decreasedocument] for NavigablePath [com.example.chi_daram.entity.Decreasedocument] 
2025-08-24T11:33:17.163+03:30 DEBUG 1188 --- [ChiDaram App] [           main] org.hibernate.orm.sql.ast.create         : Registration of TableGroup [org.hibernate.sql.ast.tree.from.LazyTableGroup@5043e5a7] with identifierForTableGroup [com.example.chi_daram.entity.Decreasedocument.decreaseType] for NavigablePath [com.example.chi_daram.entity.Decreasedocument.decreaseType] 
2025-08-24T11:33:17.164+03:30 DEBUG 1188 --- [ChiDaram App] [           main] org.hibernate.orm.sql.ast.create         : Registration of TableGroup [org.hibernate.sql.ast.tree.from.LazyTableGroup@611f6bfc] with identifierForTableGroup [com.example.chi_daram.entity.Decreasedocument.user] for NavigablePath [com.example.chi_daram.entity.Decreasedocument.user] 
2025-08-24T11:33:17.172+03:30 DEBUG 1188 --- [ChiDaram App] [           main] org.hibernate.orm.results.graph.AST      : DomainResult Graph:
 \-EntityResultImpl [com.example.chi_daram.entity.Decreasedocument]
 |  +-BasicFetch [com.example.chi_daram.entity.Decreasedocument.decreaseDate]
 |  +-EntityDelayedFetchImpl [com.example.chi_daram.entity.Decreasedocument.decreaseType]
 |  +-BasicFetch [com.example.chi_daram.entity.Decreasedocument.description]
 |  +-BasicFetch [com.example.chi_daram.entity.Decreasedocument.documentNumber]
 |  \-EntityDelayedFetchImpl [com.example.chi_daram.entity.Decreasedocument.user]

2025-08-24T11:33:17.172+03:30 DEBUG 1188 --- [ChiDaram App] [           main] org.hibernate.orm.sql.ast.tree           : SQL AST Tree:
    SelectStatement {
      FromClause {
        StandardTableGroup (d1 : com.example.chi_daram.entity.Decreasedocument) {
          primaryTableReference : decreasedocument as d1_0
          TableGroupJoins {
            left  join LazyTableGroup (dt1 : com.example.chi_daram.entity.Decreasedocument.decreaseType) {
            }
            left  join LazyTableGroup (u1 : com.example.chi_daram.entity.Decreasedocument.user) {
            }
          }
        }
      }
    }

2025-08-24T11:33:17.173+03:30 DEBUG 1188 --- [ChiDaram App] [           main] o.h.p.entity.AbstractEntityPersister     : Static SQL for entity: com.example.chi_daram.entity.Decreasedocument
2025-08-24T11:33:17.173+03:30 DEBUG 1188 --- [ChiDaram App] [           main] o.h.p.entity.AbstractEntityPersister     :  Version select: select id from decreasedocument where id=?
2025-08-24T11:33:17.174+03:30 DEBUG 1188 --- [ChiDaram App] [           main] o.h.p.entity.AbstractEntityPersister     :  Insert (0): insert into decreasedocument (decreasedate,decreasetypeid,description,documentnumber,userid) values (?,?,?,?,?) returning id
2025-08-24T11:33:17.174+03:30 DEBUG 1188 --- [ChiDaram App] [           main] o.h.p.entity.AbstractEntityPersister     :  Update (0): update decreasedocument set decreasedate=?,decreasetypeid=?,description=?,documentnumber=?,userid=? where id=?
2025-08-24T11:33:17.174+03:30 DEBUG 1188 --- [ChiDaram App] [           main] o.h.p.entity.AbstractEntityPersister     :  Delete (0): delete from decreasedocument where id=?
2025-08-24T11:33:17.174+03:30 DEBUG 1188 --- [ChiDaram App] [           main] org.hibernate.orm.sql.ast.create         : Created new SQL alias : i1_0
2025-08-24T11:33:17.175+03:30 DEBUG 1188 --- [ChiDaram App] [           main] org.hibernate.orm.sql.ast.create         : Registration of TableGroup [StandardTableGroup(com.example.chi_daram.entity.Increasedocumenttype)] with identifierForTableGroup [com.example.chi_daram.entity.Increasedocumenttype] for NavigablePath [com.example.chi_daram.entity.Increasedocumenttype] 
2025-08-24T11:33:17.176+03:30 DEBUG 1188 --- [ChiDaram App] [           main] org.hibernate.orm.results.graph.AST      : DomainResult Graph:
 \-EntityResultImpl [com.example.chi_daram.entity.Increasedocumenttype]
 |  +-BasicFetch [com.example.chi_daram.entity.Increasedocumenttype.description]
 |  \-BasicFetch [com.example.chi_daram.entity.Increasedocumenttype.title]

2025-08-24T11:33:17.195+03:30 DEBUG 1188 --- [ChiDaram App] [           main] org.hibernate.orm.sql.ast.tree           : SQL AST Tree:
    SelectStatement {
      FromClause {
        StandardTableGroup (i1 : com.example.chi_daram.entity.Increasedocumenttype) {
          primaryTableReference : increasedocumenttype as i1_0
        }
      }
    }

2025-08-24T11:33:17.196+03:30 DEBUG 1188 --- [ChiDaram App] [           main] o.h.p.entity.AbstractEntityPersister     : Static SQL for entity: com.example.chi_daram.entity.Increasedocumenttype
2025-08-24T11:33:17.196+03:30 DEBUG 1188 --- [ChiDaram App] [           main] o.h.p.entity.AbstractEntityPersister     :  Version select: select id from increasedocumenttype where id=?
2025-08-24T11:33:17.196+03:30 DEBUG 1188 --- [ChiDaram App] [           main] o.h.p.entity.AbstractEntityPersister     :  Insert (0): insert into increasedocumenttype (description,title) values (?,?) returning id
2025-08-24T11:33:17.196+03:30 DEBUG 1188 --- [ChiDaram App] [           main] o.h.p.entity.AbstractEntityPersister     :  Update (0): update increasedocumenttype set description=?,title=? where id=?
2025-08-24T11:33:17.196+03:30 DEBUG 1188 --- [ChiDaram App] [           main] o.h.p.entity.AbstractEntityPersister     :  Delete (0): delete from increasedocumenttype where id=?
2025-08-24T11:33:17.197+03:30 DEBUG 1188 --- [ChiDaram App] [           main] org.hibernate.orm.sql.ast.create         : Created new SQL alias : is1_0
2025-08-24T11:33:17.197+03:30 DEBUG 1188 --- [ChiDaram App] [           main] org.hibernate.orm.sql.ast.create         : Registration of TableGroup [StandardTableGroup(com.example.chi_daram.entity.ItemStatus)] with identifierForTableGroup [com.example.chi_daram.entity.ItemStatus] for NavigablePath [com.example.chi_daram.entity.ItemStatus] 
2025-08-24T11:33:17.197+03:30 DEBUG 1188 --- [ChiDaram App] [           main] org.hibernate.orm.results.graph.AST      : DomainResult Graph:
 \-EntityResultImpl [com.example.chi_daram.entity.ItemStatus]
 |  +-BasicFetch [com.example.chi_daram.entity.ItemStatus.description]
 |  \-BasicFetch [com.example.chi_daram.entity.ItemStatus.status]

2025-08-24T11:33:17.198+03:30 DEBUG 1188 --- [ChiDaram App] [           main] org.hibernate.orm.sql.ast.tree           : SQL AST Tree:
    SelectStatement {
      FromClause {
        StandardTableGroup (is1 : com.example.chi_daram.entity.ItemStatus) {
          primaryTableReference : itemstatus as is1_0
        }
      }
    }

2025-08-24T11:33:17.200+03:30 DEBUG 1188 --- [ChiDaram App] [           main] o.h.p.entity.AbstractEntityPersister     : Static SQL for entity: com.example.chi_daram.entity.ItemStatus
2025-08-24T11:33:17.200+03:30 DEBUG 1188 --- [ChiDaram App] [           main] o.h.p.entity.AbstractEntityPersister     :  Version select: select id from itemstatus where id=?
2025-08-24T11:33:17.200+03:30 DEBUG 1188 --- [ChiDaram App] [           main] o.h.p.entity.AbstractEntityPersister     :  Insert (0): insert into itemstatus (description,status) values (?,?) returning id
2025-08-24T11:33:17.200+03:30 DEBUG 1188 --- [ChiDaram App] [           main] o.h.p.entity.AbstractEntityPersister     :  Update (0): update itemstatus set description=?,status=? where id=?
2025-08-24T11:33:17.200+03:30 DEBUG 1188 --- [ChiDaram App] [           main] o.h.p.entity.AbstractEntityPersister     :  Delete (0): delete from itemstatus where id=?
2025-08-24T11:33:17.200+03:30 DEBUG 1188 --- [ChiDaram App] [           main] org.hibernate.orm.sql.ast.create         : Created new SQL alias : d1_0
2025-08-24T11:33:17.200+03:30 DEBUG 1188 --- [ChiDaram App] [           main] org.hibernate.orm.sql.ast.create         : Registration of TableGroup [StandardTableGroup(com.example.chi_daram.entity.Decreasedocumenttype)] with identifierForTableGroup [com.example.chi_daram.entity.Decreasedocumenttype] for NavigablePath [com.example.chi_daram.entity.Decreasedocumenttype] 
2025-08-24T11:33:17.205+03:30 DEBUG 1188 --- [ChiDaram App] [           main] org.hibernate.orm.results.graph.AST      : DomainResult Graph:
 \-EntityResultImpl [com.example.chi_daram.entity.Decreasedocumenttype]
 |  +-BasicFetch [com.example.chi_daram.entity.Decreasedocumenttype.description]
 |  \-BasicFetch [com.example.chi_daram.entity.Decreasedocumenttype.title]

2025-08-24T11:33:17.205+03:30 DEBUG 1188 --- [ChiDaram App] [           main] org.hibernate.orm.sql.ast.tree           : SQL AST Tree:
    SelectStatement {
      FromClause {
        StandardTableGroup (d1 : com.example.chi_daram.entity.Decreasedocumenttype) {
          primaryTableReference : decreasedocumenttype as d1_0
        }
      }
    }

2025-08-24T11:33:17.207+03:30 DEBUG 1188 --- [ChiDaram App] [           main] o.h.p.entity.AbstractEntityPersister     : Static SQL for entity: com.example.chi_daram.entity.Decreasedocumenttype
2025-08-24T11:33:17.207+03:30 DEBUG 1188 --- [ChiDaram App] [           main] o.h.p.entity.AbstractEntityPersister     :  Version select: select id from decreasedocumenttype where id=?
2025-08-24T11:33:17.207+03:30 DEBUG 1188 --- [ChiDaram App] [           main] o.h.p.entity.AbstractEntityPersister     :  Insert (0): insert into decreasedocumenttype (description,title) values (?,?) returning id
2025-08-24T11:33:17.207+03:30 DEBUG 1188 --- [ChiDaram App] [           main] o.h.p.entity.AbstractEntityPersister     :  Update (0): update decreasedocumenttype set description=?,title=? where id=?
2025-08-24T11:33:17.207+03:30 DEBUG 1188 --- [ChiDaram App] [           main] o.h.p.entity.AbstractEntityPersister     :  Delete (0): delete from decreasedocumenttype where id=?
2025-08-24T11:33:17.208+03:30 DEBUG 1188 --- [ChiDaram App] [           main] org.hibernate.orm.sql.ast.create         : Created new SQL alias : u1_0
2025-08-24T11:33:17.208+03:30 DEBUG 1188 --- [ChiDaram App] [           main] org.hibernate.orm.sql.ast.create         : Registration of TableGroup [StandardTableGroup(com.example.chi_daram.entity.User)] with identifierForTableGroup [com.example.chi_daram.entity.User] for NavigablePath [com.example.chi_daram.entity.User] 
2025-08-24T11:33:17.214+03:30 DEBUG 1188 --- [ChiDaram App] [           main] org.hibernate.orm.sql.ast.create         : Created new SQL alias : r1_0
2025-08-24T11:33:17.214+03:30 DEBUG 1188 --- [ChiDaram App] [           main] org.hibernate.orm.sql.ast.create         : Registration of TableGroup [CollectionTableGroup(com.example.chi_daram.entity.User.roles)] with identifierForTableGroup [com.example.chi_daram.entity.User.roles] for NavigablePath [com.example.chi_daram.entity.User.roles] 
2025-08-24T11:33:17.214+03:30 DEBUG 1188 --- [ChiDaram App] [           main] org.hibernate.orm.results                : Generating Fetch for collection-part : `com.example.chi_daram.entity.User.roles` -> `{element}`
2025-08-24T11:33:17.216+03:30 DEBUG 1188 --- [ChiDaram App] [           main] org.hibernate.orm.results.graph.AST      : DomainResult Graph:
 \-EntityResultImpl [com.example.chi_daram.entity.User]
 |  +-BasicFetch [com.example.chi_daram.entity.User.accountNonExpired]
 |  +-BasicFetch [com.example.chi_daram.entity.User.accountNonLocked]
 |  +-BasicFetch [com.example.chi_daram.entity.User.credentialsNonExpired]
 |  +-BasicFetch [com.example.chi_daram.entity.User.description]
 |  +-BasicFetch [com.example.chi_daram.entity.User.enabled]
 |  +-BasicFetch [com.example.chi_daram.entity.User.otpCode]
 |  +-BasicFetch [com.example.chi_daram.entity.User.otpEnabledForLogin]
 |  +-BasicFetch [com.example.chi_daram.entity.User.otpGeneratedTime]
 |  +-BasicFetch [com.example.chi_daram.entity.User.password]
 |  +-BasicFetch [com.example.chi_daram.entity.User.phoneNumber]
 |  +-EagerCollectionFetch [com.example.chi_daram.entity.User.roles]
 |  |  \-BasicFetch [com.example.chi_daram.entity.User.roles.{element}]
 |  +-BasicFetch [com.example.chi_daram.entity.User.title]
 |  \-BasicFetch [com.example.chi_daram.entity.User.username]

2025-08-24T11:33:17.217+03:30 DEBUG 1188 --- [ChiDaram App] [           main] org.hibernate.orm.sql.ast.tree           : SQL AST Tree:
    SelectStatement {
      FromClause {
        StandardTableGroup (u1 : com.example.chi_daram.entity.User) {
          primaryTableReference : "user_security" as u1_0
          TableGroupJoins {
            left  join CollectionTableGroup (r1 : com.example.chi_daram.entity.User.roles) {
              primaryTableReference : user_roles as r1_0
            }
          }
        }
      }
    }

2025-08-24T11:33:17.220+03:30 DEBUG 1188 --- [ChiDaram App] [           main] o.h.p.entity.AbstractEntityPersister     : Static SQL for entity: com.example.chi_daram.entity.User
2025-08-24T11:33:17.220+03:30 DEBUG 1188 --- [ChiDaram App] [           main] o.h.p.entity.AbstractEntityPersister     :  Version select: select id from "user_security" where id=?
2025-08-24T11:33:17.220+03:30 DEBUG 1188 --- [ChiDaram App] [           main] o.h.p.entity.AbstractEntityPersister     :  Insert (0): insert into "user_security" (account_non_expired,account_non_locked,credentials_non_expired,description,enabled,otp_code,otp_enabled_for_login,otp_generated_time,password,phone_number,title,username) values (?,?,?,?,?,?,?,?,?,?,?,?) returning id
2025-08-24T11:33:17.220+03:30 DEBUG 1188 --- [ChiDaram App] [           main] o.h.p.entity.AbstractEntityPersister     :  Update (0): update "user_security" set account_non_expired=?,account_non_locked=?,credentials_non_expired=?,description=?,enabled=?,otp_code=?,otp_enabled_for_login=?,otp_generated_time=?,password=?,phone_number=?,title=?,username=? where id=?
2025-08-24T11:33:17.221+03:30 DEBUG 1188 --- [ChiDaram App] [           main] o.h.p.entity.AbstractEntityPersister     :  Delete (0): delete from "user_security" where id=?
2025-08-24T11:33:17.222+03:30 DEBUG 1188 --- [ChiDaram App] [           main] org.hibernate.orm.sql.ast.create         : Created new SQL alias : d1_0
2025-08-24T11:33:17.222+03:30 DEBUG 1188 --- [ChiDaram App] [           main] org.hibernate.orm.sql.ast.create         : Registration of TableGroup [StandardTableGroup(com.example.chi_daram.entity.Decreasedocumentrow)] with identifierForTableGroup [com.example.chi_daram.entity.Decreasedocumentrow] for NavigablePath [com.example.chi_daram.entity.Decreasedocumentrow] 
2025-08-24T11:33:17.222+03:30 DEBUG 1188 --- [ChiDaram App] [           main] org.hibernate.orm.sql.ast.create         : Registration of TableGroup [org.hibernate.sql.ast.tree.from.LazyTableGroup@4aab6203] with identifierForTableGroup [com.example.chi_daram.entity.Decreasedocumentrow.decreasedocument] for NavigablePath [com.example.chi_daram.entity.Decreasedocumentrow.decreasedocument] 
2025-08-24T11:33:17.223+03:30 DEBUG 1188 --- [ChiDaram App] [           main] org.hibernate.orm.sql.ast.create         : Registration of TableGroup [org.hibernate.sql.ast.tree.from.LazyTableGroup@6dd835de] with identifierForTableGroup [com.example.chi_daram.entity.Decreasedocumentrow.item] for NavigablePath [com.example.chi_daram.entity.Decreasedocumentrow.item] 
2025-08-24T11:33:17.231+03:30 DEBUG 1188 --- [ChiDaram App] [           main] org.hibernate.orm.results.graph.AST      : DomainResult Graph:
 \-EntityResultImpl [com.example.chi_daram.entity.Decreasedocumentrow]
 |  +-EntityDelayedFetchImpl [com.example.chi_daram.entity.Decreasedocumentrow.decreasedocument]
 |  +-BasicFetch [com.example.chi_daram.entity.Decreasedocumentrow.description]
 |  +-EntityDelayedFetchImpl [com.example.chi_daram.entity.Decreasedocumentrow.item]
 |  +-BasicFetch [com.example.chi_daram.entity.Decreasedocumentrow.quantity]
 |  \-BasicFetch [com.example.chi_daram.entity.Decreasedocumentrow.unitPrice]

2025-08-24T11:33:17.231+03:30 DEBUG 1188 --- [ChiDaram App] [           main] org.hibernate.orm.sql.ast.tree           : SQL AST Tree:
    SelectStatement {
      FromClause {
        StandardTableGroup (d1 : com.example.chi_daram.entity.Decreasedocumentrow) {
          primaryTableReference : decreasedocumentrow as d1_0
          TableGroupJoins {
            left  join LazyTableGroup (d2 : com.example.chi_daram.entity.Decreasedocumentrow.decreasedocument) {
            }
            left  join LazyTableGroup (i1 : com.example.chi_daram.entity.Decreasedocumentrow.item) {
            }
          }
        }
      }
    }

2025-08-24T11:33:17.232+03:30 DEBUG 1188 --- [ChiDaram App] [           main] o.h.p.entity.AbstractEntityPersister     : Static SQL for entity: com.example.chi_daram.entity.Decreasedocumentrow
2025-08-24T11:33:17.232+03:30 DEBUG 1188 --- [ChiDaram App] [           main] o.h.p.entity.AbstractEntityPersister     :  Version select: select id from decreasedocumentrow where id=?
2025-08-24T11:33:17.232+03:30 DEBUG 1188 --- [ChiDaram App] [           main] o.h.p.entity.AbstractEntityPersister     :  Insert (0): insert into decreasedocumentrow (decreasedocumentid,description,itemid,quantity,unitprice) values (?,?,?,?,?) returning id
2025-08-24T11:33:17.235+03:30 DEBUG 1188 --- [ChiDaram App] [           main] o.h.p.entity.AbstractEntityPersister     :  Update (0): update decreasedocumentrow set decreasedocumentid=?,description=?,itemid=?,quantity=?,unitprice=? where id=?
2025-08-24T11:33:17.235+03:30 DEBUG 1188 --- [ChiDaram App] [           main] o.h.p.entity.AbstractEntityPersister     :  Delete (0): delete from decreasedocumentrow where id=?
2025-08-24T11:33:17.235+03:30 DEBUG 1188 --- [ChiDaram App] [           main] org.hibernate.orm.sql.ast.create         : Created new SQL alias : i1_0
2025-08-24T11:33:17.235+03:30 DEBUG 1188 --- [ChiDaram App] [           main] org.hibernate.orm.sql.ast.create         : Registration of TableGroup [StandardTableGroup(com.example.chi_daram.entity.Item)] with identifierForTableGroup [com.example.chi_daram.entity.Item] for NavigablePath [com.example.chi_daram.entity.Item] 
2025-08-24T11:33:17.236+03:30 DEBUG 1188 --- [ChiDaram App] [           main] org.hibernate.orm.sql.ast.create         : Registration of TableGroup [org.hibernate.sql.ast.tree.from.LazyTableGroup@1914bfa1] with identifierForTableGroup [com.example.chi_daram.entity.Item.categorylevel2] for NavigablePath [com.example.chi_daram.entity.Item.categorylevel2] 
2025-08-24T11:33:17.237+03:30 DEBUG 1188 --- [ChiDaram App] [           main] org.hibernate.orm.results.graph.AST      : DomainResult Graph:
 \-EntityResultImpl [com.example.chi_daram.entity.Item]
 |  +-EntityDelayedFetchImpl [com.example.chi_daram.entity.Item.categorylevel2]
 |  +-BasicFetch [com.example.chi_daram.entity.Item.color]
 |  +-BasicFetch [com.example.chi_daram.entity.Item.description]
 |  +-BasicFetch [com.example.chi_daram.entity.Item.image]
 |  +-BasicFetch [com.example.chi_daram.entity.Item.name]
 |  +-BasicFetch [com.example.chi_daram.entity.Item.quantity]
 |  \-BasicFetch [com.example.chi_daram.entity.Item.size]

2025-08-24T11:33:17.237+03:30 DEBUG 1188 --- [ChiDaram App] [           main] org.hibernate.orm.sql.ast.tree           : SQL AST Tree:
    SelectStatement {
      FromClause {
        StandardTableGroup (i1 : com.example.chi_daram.entity.Item) {
          primaryTableReference : item as i1_0
          TableGroupJoins {
            left  join LazyTableGroup (c1 : com.example.chi_daram.entity.Item.categorylevel2) {
            }
          }
        }
      }
    }

2025-08-24T11:33:17.238+03:30 DEBUG 1188 --- [ChiDaram App] [           main] o.h.p.entity.AbstractEntityPersister     : Static SQL for entity: com.example.chi_daram.entity.Item
2025-08-24T11:33:17.238+03:30 DEBUG 1188 --- [ChiDaram App] [           main] o.h.p.entity.AbstractEntityPersister     :  Version select: select id from item where id=?
2025-08-24T11:33:17.238+03:30 DEBUG 1188 --- [ChiDaram App] [           main] o.h.p.entity.AbstractEntityPersister     :  Insert (0): insert into item (categorylevel2id,color,description,image,name,quantity,size) values (?,?,?,?,?,?,?) returning id
2025-08-24T11:33:17.238+03:30 DEBUG 1188 --- [ChiDaram App] [           main] o.h.p.entity.AbstractEntityPersister     :  Update (0): update item set categorylevel2id=?,color=?,description=?,image=?,name=?,quantity=?,size=? where id=?
2025-08-24T11:33:17.239+03:30 DEBUG 1188 --- [ChiDaram App] [           main] o.h.p.entity.AbstractEntityPersister     :  Delete (0): delete from item where id=?
2025-08-24T11:33:17.239+03:30 DEBUG 1188 --- [ChiDaram App] [           main] org.hibernate.orm.sql.ast.create         : Created new SQL alias : i1_0
2025-08-24T11:33:17.242+03:30 DEBUG 1188 --- [ChiDaram App] [           main] org.hibernate.orm.sql.ast.create         : Registration of TableGroup [StandardTableGroup(com.example.chi_daram.entity.Increasedocument)] with identifierForTableGroup [com.example.chi_daram.entity.Increasedocument] for NavigablePath [com.example.chi_daram.entity.Increasedocument] 
2025-08-24T11:33:17.245+03:30 DEBUG 1188 --- [ChiDaram App] [           main] org.hibernate.orm.sql.ast.create         : Registration of TableGroup [org.hibernate.sql.ast.tree.from.LazyTableGroup@5fc27e3f] with identifierForTableGroup [com.example.chi_daram.entity.Increasedocument.increaseType] for NavigablePath [com.example.chi_daram.entity.Increasedocument.increaseType] 
2025-08-24T11:33:17.245+03:30 DEBUG 1188 --- [ChiDaram App] [           main] org.hibernate.orm.sql.ast.create         : Registration of TableGroup [org.hibernate.sql.ast.tree.from.LazyTableGroup@18acf886] with identifierForTableGroup [com.example.chi_daram.entity.Increasedocument.user] for NavigablePath [com.example.chi_daram.entity.Increasedocument.user] 
2025-08-24T11:33:17.245+03:30 DEBUG 1188 --- [ChiDaram App] [           main] org.hibernate.orm.results.graph.AST      : DomainResult Graph:
 \-EntityResultImpl [com.example.chi_daram.entity.Increasedocument]
 |  +-BasicFetch [com.example.chi_daram.entity.Increasedocument.description]
 |  +-BasicFetch [com.example.chi_daram.entity.Increasedocument.documentNumber]
 |  +-BasicFetch [com.example.chi_daram.entity.Increasedocument.increaseDate]
 |  +-EntityDelayedFetchImpl [com.example.chi_daram.entity.Increasedocument.increaseType]
 |  \-EntityDelayedFetchImpl [com.example.chi_daram.entity.Increasedocument.user]

2025-08-24T11:33:17.246+03:30 DEBUG 1188 --- [ChiDaram App] [           main] org.hibernate.orm.sql.ast.tree           : SQL AST Tree:
    SelectStatement {
      FromClause {
        StandardTableGroup (i1 : com.example.chi_daram.entity.Increasedocument) {
          primaryTableReference : increasedocument as i1_0
          TableGroupJoins {
            left  join LazyTableGroup (it1 : com.example.chi_daram.entity.Increasedocument.increaseType) {
            }
            left  join LazyTableGroup (u1 : com.example.chi_daram.entity.Increasedocument.user) {
            }
          }
        }
      }
    }

2025-08-24T11:33:17.246+03:30 DEBUG 1188 --- [ChiDaram App] [           main] o.h.p.entity.AbstractEntityPersister     : Static SQL for entity: com.example.chi_daram.entity.Increasedocument
2025-08-24T11:33:17.246+03:30 DEBUG 1188 --- [ChiDaram App] [           main] o.h.p.entity.AbstractEntityPersister     :  Version select: select id from increasedocument where id=?
2025-08-24T11:33:17.247+03:30 DEBUG 1188 --- [ChiDaram App] [           main] o.h.p.entity.AbstractEntityPersister     :  Insert (0): insert into increasedocument (description,documentnumber,increasedate,increasetypeid,userid) values (?,?,?,?,?) returning id
2025-08-24T11:33:17.247+03:30 DEBUG 1188 --- [ChiDaram App] [           main] o.h.p.entity.AbstractEntityPersister     :  Update (0): update increasedocument set description=?,documentnumber=?,increasedate=?,increasetypeid=?,userid=? where id=?
2025-08-24T11:33:17.247+03:30 DEBUG 1188 --- [ChiDaram App] [           main] o.h.p.entity.AbstractEntityPersister     :  Delete (0): delete from increasedocument where id=?
2025-08-24T11:33:17.247+03:30 DEBUG 1188 --- [ChiDaram App] [           main] org.hibernate.orm.sql.ast.create         : Created new SQL alias : d1_0
2025-08-24T11:33:17.247+03:30 DEBUG 1188 --- [ChiDaram App] [           main] org.hibernate.orm.sql.ast.create         : Registration of TableGroup [StandardTableGroup(com.example.chi_daram.entity.Dynamicfields)] with identifierForTableGroup [com.example.chi_daram.entity.Dynamicfields] for NavigablePath [com.example.chi_daram.entity.Dynamicfields] 
2025-08-24T11:33:17.252+03:30 DEBUG 1188 --- [ChiDaram App] [           main] org.hibernate.orm.sql.ast.create         : Registration of TableGroup [org.hibernate.sql.ast.tree.from.LazyTableGroup@61642225] with identifierForTableGroup [com.example.chi_daram.entity.Dynamicfields.item] for NavigablePath [com.example.chi_daram.entity.Dynamicfields.item] 
2025-08-24T11:33:17.253+03:30 DEBUG 1188 --- [ChiDaram App] [           main] org.hibernate.orm.results.graph.AST      : DomainResult Graph:
 \-EntityResultImpl [com.example.chi_daram.entity.Dynamicfields]
 |  +-BasicFetch [com.example.chi_daram.entity.Dynamicfields.description]
 |  \-EntityDelayedFetchImpl [com.example.chi_daram.entity.Dynamicfields.item]

2025-08-24T11:33:17.253+03:30 DEBUG 1188 --- [ChiDaram App] [           main] org.hibernate.orm.sql.ast.tree           : SQL AST Tree:
    SelectStatement {
      FromClause {
        StandardTableGroup (d1 : com.example.chi_daram.entity.Dynamicfields) {
          primaryTableReference : dynamicfields as d1_0
          TableGroupJoins {
            left  join LazyTableGroup (i1 : com.example.chi_daram.entity.Dynamicfields.item) {
            }
          }
        }
      }
    }

2025-08-24T11:33:17.253+03:30 DEBUG 1188 --- [ChiDaram App] [           main] o.h.p.entity.AbstractEntityPersister     : Static SQL for entity: com.example.chi_daram.entity.Dynamicfields
2025-08-24T11:33:17.253+03:30 DEBUG 1188 --- [ChiDaram App] [           main] o.h.p.entity.AbstractEntityPersister     :  Version select: select id from dynamicfields where id=?
2025-08-24T11:33:17.253+03:30 DEBUG 1188 --- [ChiDaram App] [           main] o.h.p.entity.AbstractEntityPersister     :  Insert (0): insert into dynamicfields (descripsion,itemid) values (?,?) returning id
2025-08-24T11:33:17.253+03:30 DEBUG 1188 --- [ChiDaram App] [           main] o.h.p.entity.AbstractEntityPersister     :  Update (0): update dynamicfields set descripsion=?,itemid=? where id=?
2025-08-24T11:33:17.255+03:30 DEBUG 1188 --- [ChiDaram App] [           main] o.h.p.entity.AbstractEntityPersister     :  Delete (0): delete from dynamicfields where id=?
2025-08-24T11:33:17.255+03:30 DEBUG 1188 --- [ChiDaram App] [           main] org.hibernate.orm.sql.ast.create         : Created new SQL alias : r1_0
2025-08-24T11:33:17.255+03:30 DEBUG 1188 --- [ChiDaram App] [           main] org.hibernate.orm.sql.ast.create         : Registration of TableGroup [CollectionTableGroup(com.example.chi_daram.entity.User.roles)] with identifierForTableGroup [com.example.chi_daram.entity.User.roles] for NavigablePath [com.example.chi_daram.entity.User.roles] 
2025-08-24T11:33:17.255+03:30 DEBUG 1188 --- [ChiDaram App] [           main] org.hibernate.orm.results                : Generating Fetch for collection-part : `com.example.chi_daram.entity.User.roles` -> `{element}`
2025-08-24T11:33:17.285+03:30 DEBUG 1188 --- [ChiDaram App] [           main] org.hibernate.orm.results.graph.AST      : DomainResult Graph:
 \-CollectionDomainResult [com.example.chi_daram.entity.User.roles]

2025-08-24T11:33:17.286+03:30 DEBUG 1188 --- [ChiDaram App] [           main] org.hibernate.orm.sql.ast.tree           : SQL AST Tree:
    SelectStatement {
      FromClause {
        CollectionTableGroup (r1 : com.example.chi_daram.entity.User.roles) {
          primaryTableReference : user_roles as r1_0
        }
      }
    }

2025-08-24T11:33:17.289+03:30 DEBUG 1188 --- [ChiDaram App] [           main] org.hibernate.orm.jdbc.mutation          : Static SQL for collection: com.example.chi_daram.entity.User.roles
2025-08-24T11:33:17.292+03:30 DEBUG 1188 --- [ChiDaram App] [           main] org.hibernate.orm.jdbc.mutation          :  Row insert: insert into user_roles (user_id,role) values (?,?)
2025-08-24T11:33:17.292+03:30 DEBUG 1188 --- [ChiDaram App] [           main] org.hibernate.orm.jdbc.mutation          :  Row delete: delete from user_roles where user_id=? and role=?
2025-08-24T11:33:17.292+03:30 DEBUG 1188 --- [ChiDaram App] [           main] org.hibernate.orm.jdbc.mutation          :  One-shot delete: delete from user_roles where user_id=?
2025-08-24T11:33:17.494+03:30  INFO 1188 --- [ChiDaram App] [           main] o.h.e.t.j.p.i.JtaPlatformInitiator       : HHH000489: No JTA platform available (set 'hibernate.transaction.jta.platform' to enable JTA platform integration)
2025-08-24T11:33:17.495+03:30 DEBUG 1188 --- [ChiDaram App] [           main] o.h.type.spi.TypeConfiguration$Scope     : Scoping TypeConfiguration [org.hibernate.type.spi.TypeConfiguration@6bafbab8] to SessionFactoryImplementor [org.hibernate.internal.SessionFactoryImpl@2e7b57b3]
2025-08-24T11:33:17.495+03:30 DEBUG 1188 --- [ChiDaram App] [           main] o.h.query.named.NamedObjectRepository    : Checking 0 named HQL queries
2025-08-24T11:33:17.495+03:30 DEBUG 1188 --- [ChiDaram App] [           main] o.h.query.named.NamedObjectRepository    : Checking 0 named SQL queries
2025-08-24T11:33:17.638+03:30 DEBUG 1188 --- [ChiDaram App] [           main] o.h.internal.SessionFactoryRegistry      : Registering SessionFactory: 6ba45f3e-2b46-4dd7-9113-fc97e62c34ff (<unnamed>)
2025-08-24T11:33:17.643+03:30 DEBUG 1188 --- [ChiDaram App] [           main] o.h.internal.SessionFactoryRegistry      : Not binding SessionFactory to JNDI, no JNDI name configured
2025-08-24T11:33:17.643+03:30 DEBUG 1188 --- [ChiDaram App] [           main] o.hibernate.internal.SessionFactoryImpl  : Instantiated SessionFactory
2025-08-24T11:33:17.644+03:30  INFO 1188 --- [ChiDaram App] [           main] j.LocalContainerEntityManagerFactoryBean : Initialized JPA EntityManagerFactory for persistence unit 'default'
2025-08-24T11:33:18.538+03:30 DEBUG 1188 --- [ChiDaram App] [           main] tor$SharedEntityManagerInvocationHandler : Creating new EntityManager for shared EntityManager invocation
2025-08-24T11:33:18.665+03:30 DEBUG 1188 --- [ChiDaram App] [           main] o.h.stat.internal.StatisticsInitiator    : Statistics initialized [enabled=false]
2025-08-24T11:33:19.214+03:30 DEBUG 1188 --- [ChiDaram App] [           main] tor$SharedEntityManagerInvocationHandler : Creating new EntityManager for shared EntityManager invocation
2025-08-24T11:33:19.337+03:30 DEBUG 1188 --- [ChiDaram App] [           main] cResourceLocalTransactionCoordinatorImpl : JDBC transaction marked for rollback-only (exception provided for stack trace)

java.lang.Exception: exception just for purpose of providing stack trace
	at org.hibernate.resource.transaction.backend.jdbc.internal.JdbcResourceLocalTransactionCoordinatorImpl$TransactionDriverControlImpl.markRollbackOnly(JdbcResourceLocalTransactionCoordinatorImpl.java:309) ~[hibernate-core-6.5.2.Final.jar:6.5.2.Final]
	at org.hibernate.internal.AbstractSharedSessionContract.buildNamedQuery(AbstractSharedSessionContract.java:1109) ~[hibernate-core-6.5.2.Final.jar:6.5.2.Final]
	at org.hibernate.internal.AbstractSharedSessionContract.createNamedQuery(AbstractSharedSessionContract.java:987) ~[hibernate-core-6.5.2.Final.jar:6.5.2.Final]
	at org.hibernate.internal.AbstractSharedSessionContract.createNamedQuery(AbstractSharedSessionContract.java:140) ~[hibernate-core-6.5.2.Final.jar:6.5.2.Final]
	at java.base/jdk.internal.reflect.DirectMethodHandleAccessor.invoke(DirectMethodHandleAccessor.java:103) ~[na:na]
	at java.base/java.lang.reflect.Method.invoke(Method.java:580) ~[na:na]
	at org.springframework.orm.jpa.ExtendedEntityManagerCreator$ExtendedEntityManagerInvocationHandler.invoke(ExtendedEntityManagerCreator.java:364) ~[spring-orm-6.1.10.jar:6.1.10]
	at jdk.proxy2/jdk.proxy2.$Proxy160.createNamedQuery(Unknown Source) ~[na:na]
	at org.springframework.data.jpa.repository.query.NamedQuery.hasNamedQuery(NamedQuery.java:112) ~[spring-data-jpa-3.3.1.jar:3.3.1]
	at org.springframework.data.jpa.repository.query.NamedQuery.lookupFrom(NamedQuery.java:138) ~[spring-data-jpa-3.3.1.jar:3.3.1]
	at org.springframework.data.jpa.repository.query.JpaQueryLookupStrategy$DeclaredQueryLookupStrategy.resolveQuery(JpaQueryLookupStrategy.java:180) ~[spring-data-jpa-3.3.1.jar:3.3.1]
	at org.springframework.data.jpa.repository.query.JpaQueryLookupStrategy$CreateIfNotFoundQueryLookupStrategy.resolveQuery(JpaQueryLookupStrategy.java:252) ~[spring-data-jpa-3.3.1.jar:3.3.1]
	at org.springframework.data.jpa.repository.query.JpaQueryLookupStrategy$AbstractQueryLookupStrategy.resolveQuery(JpaQueryLookupStrategy.java:95) ~[spring-data-jpa-3.3.1.jar:3.3.1]
	at org.springframework.data.repository.core.support.QueryExecutorMethodInterceptor.lookupQuery(QueryExecutorMethodInterceptor.java:111) ~[spring-data-commons-3.3.1.jar:3.3.1]
	at org.springframework.data.repository.core.support.QueryExecutorMethodInterceptor.mapMethodsToQuery(QueryExecutorMethodInterceptor.java:99) ~[spring-data-commons-3.3.1.jar:3.3.1]
	at org.springframework.data.repository.core.support.QueryExecutorMethodInterceptor.lambda$new$0(QueryExecutorMethodInterceptor.java:88) ~[spring-data-commons-3.3.1.jar:3.3.1]
	at java.base/java.util.Optional.map(Optional.java:260) ~[na:na]
	at org.springframework.data.repository.core.support.QueryExecutorMethodInterceptor.<init>(QueryExecutorMethodInterceptor.java:88) ~[spring-data-commons-3.3.1.jar:3.3.1]
	at org.springframework.data.repository.core.support.RepositoryFactorySupport.getRepository(RepositoryFactorySupport.java:357) ~[spring-data-commons-3.3.1.jar:3.3.1]
	at org.springframework.data.repository.core.support.RepositoryFactoryBeanSupport.lambda$afterPropertiesSet$5(RepositoryFactoryBeanSupport.java:286) ~[spring-data-commons-3.3.1.jar:3.3.1]
	at org.springframework.data.util.Lazy.getNullable(Lazy.java:135) ~[spring-data-commons-3.3.1.jar:3.3.1]
	at org.springframework.data.util.Lazy.get(Lazy.java:113) ~[spring-data-commons-3.3.1.jar:3.3.1]
	at org.springframework.data.repository.core.support.RepositoryFactoryBeanSupport.afterPropertiesSet(RepositoryFactoryBeanSupport.java:292) ~[spring-data-commons-3.3.1.jar:3.3.1]
	at org.springframework.data.jpa.repository.support.JpaRepositoryFactoryBean.afterPropertiesSet(JpaRepositoryFactoryBean.java:132) ~[spring-data-jpa-3.3.1.jar:3.3.1]
	at org.springframework.beans.factory.support.AbstractAutowireCapableBeanFactory.invokeInitMethods(AbstractAutowireCapableBeanFactory.java:1835) ~[spring-beans-6.1.10.jar:6.1.10]
	at org.springframework.beans.factory.support.AbstractAutowireCapableBeanFactory.initializeBean(AbstractAutowireCapableBeanFactory.java:1784) ~[spring-beans-6.1.10.jar:6.1.10]
	at org.springframework.beans.factory.support.AbstractAutowireCapableBeanFactory.doCreateBean(AbstractAutowireCapableBeanFactory.java:600) ~[spring-beans-6.1.10.jar:6.1.10]
	at org.springframework.beans.factory.support.AbstractAutowireCapableBeanFactory.createBean(AbstractAutowireCapableBeanFactory.java:522) ~[spring-beans-6.1.10.jar:6.1.10]
	at org.springframework.beans.factory.support.AbstractBeanFactory.lambda$doGetBean$0(AbstractBeanFactory.java:337) ~[spring-beans-6.1.10.jar:6.1.10]
	at org.springframework.beans.factory.support.DefaultSingletonBeanRegistry.getSingleton(DefaultSingletonBeanRegistry.java:234) ~[spring-beans-6.1.10.jar:6.1.10]
	at org.springframework.beans.factory.support.AbstractBeanFactory.doGetBean(AbstractBeanFactory.java:335) ~[spring-beans-6.1.10.jar:6.1.10]
	at org.springframework.beans.factory.support.AbstractBeanFactory.getBean(AbstractBeanFactory.java:200) ~[spring-beans-6.1.10.jar:6.1.10]
	at org.springframework.beans.factory.config.DependencyDescriptor.resolveCandidate(DependencyDescriptor.java:254) ~[spring-beans-6.1.10.jar:6.1.10]
	at org.springframework.beans.factory.support.DefaultListableBeanFactory.doResolveDependency(DefaultListableBeanFactory.java:1443) ~[spring-beans-6.1.10.jar:6.1.10]
	at org.springframework.beans.factory.support.DefaultListableBeanFactory.resolveDependency(DefaultListableBeanFactory.java:1353) ~[spring-beans-6.1.10.jar:6.1.10]
	at org.springframework.beans.factory.support.ConstructorResolver.resolveAutowiredArgument(ConstructorResolver.java:904) ~[spring-beans-6.1.10.jar:6.1.10]
	at org.springframework.beans.factory.support.ConstructorResolver.createArgumentArray(ConstructorResolver.java:782) ~[spring-beans-6.1.10.jar:6.1.10]
	at org.springframework.beans.factory.support.ConstructorResolver.autowireConstructor(ConstructorResolver.java:237) ~[spring-beans-6.1.10.jar:6.1.10]
	at org.springframework.beans.factory.support.AbstractAutowireCapableBeanFactory.autowireConstructor(AbstractAutowireCapableBeanFactory.java:1357) ~[spring-beans-6.1.10.jar:6.1.10]
	at org.springframework.beans.factory.support.AbstractAutowireCapableBeanFactory.createBeanInstance(AbstractAutowireCapableBeanFactory.java:1194) ~[spring-beans-6.1.10.jar:6.1.10]
	at org.springframework.beans.factory.support.AbstractAutowireCapableBeanFactory.doCreateBean(AbstractAutowireCapableBeanFactory.java:562) ~[spring-beans-6.1.10.jar:6.1.10]
	at org.springframework.beans.factory.support.AbstractAutowireCapableBeanFactory.createBean(AbstractAutowireCapableBeanFactory.java:522) ~[spring-beans-6.1.10.jar:6.1.10]
	at org.springframework.beans.factory.support.AbstractBeanFactory.lambda$doGetBean$0(AbstractBeanFactory.java:337) ~[spring-beans-6.1.10.jar:6.1.10]
	at org.springframework.beans.factory.support.DefaultSingletonBeanRegistry.getSingleton(DefaultSingletonBeanRegistry.java:234) ~[spring-beans-6.1.10.jar:6.1.10]
	at org.springframework.beans.factory.support.AbstractBeanFactory.doGetBean(AbstractBeanFactory.java:335) ~[spring-beans-6.1.10.jar:6.1.10]
	at org.springframework.beans.factory.support.AbstractBeanFactory.getBean(AbstractBeanFactory.java:200) ~[spring-beans-6.1.10.jar:6.1.10]
	at org.springframework.beans.factory.config.DependencyDescriptor.resolveCandidate(DependencyDescriptor.java:254) ~[spring-beans-6.1.10.jar:6.1.10]
	at org.springframework.beans.factory.support.DefaultListableBeanFactory.doResolveDependency(DefaultListableBeanFactory.java:1443) ~[spring-beans-6.1.10.jar:6.1.10]
	at org.springframework.beans.factory.support.DefaultListableBeanFactory.resolveDependency(DefaultListableBeanFactory.java:1353) ~[spring-beans-6.1.10.jar:6.1.10]
	at org.springframework.beans.factory.support.ConstructorResolver.resolveAutowiredArgument(ConstructorResolver.java:904) ~[spring-beans-6.1.10.jar:6.1.10]
	at org.springframework.beans.factory.support.ConstructorResolver.createArgumentArray(ConstructorResolver.java:782) ~[spring-beans-6.1.10.jar:6.1.10]
	at org.springframework.beans.factory.support.ConstructorResolver.autowireConstructor(ConstructorResolver.java:237) ~[spring-beans-6.1.10.jar:6.1.10]
	at org.springframework.beans.factory.support.AbstractAutowireCapableBeanFactory.autowireConstructor(AbstractAutowireCapableBeanFactory.java:1357) ~[spring-beans-6.1.10.jar:6.1.10]
	at org.springframework.beans.factory.support.AbstractAutowireCapableBeanFactory.createBeanInstance(AbstractAutowireCapableBeanFactory.java:1194) ~[spring-beans-6.1.10.jar:6.1.10]
	at org.springframework.beans.factory.support.AbstractAutowireCapableBeanFactory.doCreateBean(AbstractAutowireCapableBeanFactory.java:562) ~[spring-beans-6.1.10.jar:6.1.10]
	at org.springframework.beans.factory.support.AbstractAutowireCapableBeanFactory.createBean(AbstractAutowireCapableBeanFactory.java:522) ~[spring-beans-6.1.10.jar:6.1.10]
	at org.springframework.beans.factory.support.AbstractBeanFactory.lambda$doGetBean$0(AbstractBeanFactory.java:337) ~[spring-beans-6.1.10.jar:6.1.10]
	at org.springframework.beans.factory.support.DefaultSingletonBeanRegistry.getSingleton(DefaultSingletonBeanRegistry.java:234) ~[spring-beans-6.1.10.jar:6.1.10]
	at org.springframework.beans.factory.support.AbstractBeanFactory.doGetBean(AbstractBeanFactory.java:335) ~[spring-beans-6.1.10.jar:6.1.10]
	at org.springframework.beans.factory.support.AbstractBeanFactory.getBean(AbstractBeanFactory.java:200) ~[spring-beans-6.1.10.jar:6.1.10]
	at org.springframework.beans.factory.support.DefaultListableBeanFactory.preInstantiateSingletons(DefaultListableBeanFactory.java:975) ~[spring-beans-6.1.10.jar:6.1.10]
	at org.springframework.context.support.AbstractApplicationContext.finishBeanFactoryInitialization(AbstractApplicationContext.java:962) ~[spring-context-6.1.10.jar:6.1.10]
	at org.springframework.context.support.AbstractApplicationContext.refresh(AbstractApplicationContext.java:624) ~[spring-context-6.1.10.jar:6.1.10]
	at org.springframework.boot.SpringApplication.refresh(SpringApplication.java:754) ~[spring-boot-3.3.1.jar:3.3.1]
	at org.springframework.boot.SpringApplication.refreshContext(SpringApplication.java:456) ~[spring-boot-3.3.1.jar:3.3.1]
	at org.springframework.boot.SpringApplication.run(SpringApplication.java:335) ~[spring-boot-3.3.1.jar:3.3.1]
	at org.springframework.boot.test.context.SpringBootContextLoader.lambda$loadContext$3(SpringBootContextLoader.java:137) ~[spring-boot-test-3.3.1.jar:3.3.1]
	at org.springframework.util.function.ThrowingSupplier.get(ThrowingSupplier.java:58) ~[spring-core-6.1.10.jar:6.1.10]
	at org.springframework.util.function.ThrowingSupplier.get(ThrowingSupplier.java:46) ~[spring-core-6.1.10.jar:6.1.10]
	at org.springframework.boot.SpringApplication.withHook(SpringApplication.java:1463) ~[spring-boot-3.3.1.jar:3.3.1]
	at org.springframework.boot.test.context.SpringBootContextLoader$ContextLoaderHook.run(SpringBootContextLoader.java:553) ~[spring-boot-test-3.3.1.jar:3.3.1]
	at org.springframework.boot.test.context.SpringBootContextLoader.loadContext(SpringBootContextLoader.java:137) ~[spring-boot-test-3.3.1.jar:3.3.1]
	at org.springframework.boot.test.context.SpringBootContextLoader.loadContext(SpringBootContextLoader.java:108) ~[spring-boot-test-3.3.1.jar:3.3.1]
	at org.springframework.test.context.cache.DefaultCacheAwareContextLoaderDelegate.loadContextInternal(DefaultCacheAwareContextLoaderDelegate.java:225) ~[spring-test-6.1.10.jar:6.1.10]
	at org.springframework.test.context.cache.DefaultCacheAwareContextLoaderDelegate.loadContext(DefaultCacheAwareContextLoaderDelegate.java:152) ~[spring-test-6.1.10.jar:6.1.10]
	at org.springframework.test.context.support.DefaultTestContext.getApplicationContext(DefaultTestContext.java:130) ~[spring-test-6.1.10.jar:6.1.10]
	at org.springframework.test.context.web.ServletTestExecutionListener.setUpRequestContextIfNecessary(ServletTestExecutionListener.java:191) ~[spring-test-6.1.10.jar:6.1.10]
	at org.springframework.test.context.web.ServletTestExecutionListener.prepareTestInstance(ServletTestExecutionListener.java:130) ~[spring-test-6.1.10.jar:6.1.10]
	at org.springframework.test.context.TestContextManager.prepareTestInstance(TestContextManager.java:260) ~[spring-test-6.1.10.jar:6.1.10]
	at org.springframework.test.context.junit.jupiter.SpringExtension.postProcessTestInstance(SpringExtension.java:163) ~[spring-test-6.1.10.jar:6.1.10]
	at org.junit.jupiter.engine.descriptor.ClassBasedTestDescriptor.lambda$invokeTestInstancePostProcessors$10(ClassBasedTestDescriptor.java:378) ~[junit-jupiter-engine-5.10.2.jar:5.10.2]
	at org.junit.jupiter.engine.descriptor.ClassBasedTestDescriptor.executeAndMaskThrowable(ClassBasedTestDescriptor.java:383) ~[junit-jupiter-engine-5.10.2.jar:5.10.2]
	at org.junit.jupiter.engine.descriptor.ClassBasedTestDescriptor.lambda$invokeTestInstancePostProcessors$11(ClassBasedTestDescriptor.java:378) ~[junit-jupiter-engine-5.10.2.jar:5.10.2]
	at java.base/java.util.stream.ReferencePipeline$3$1.accept(ReferencePipeline.java:215) ~[na:na]
	at java.base/java.util.stream.ReferencePipeline$2$1.accept(ReferencePipeline.java:197) ~[na:na]
	at java.base/java.util.ArrayList$ArrayListSpliterator.forEachRemaining(ArrayList.java:1709) ~[na:na]
	at java.base/java.util.stream.AbstractPipeline.copyInto(AbstractPipeline.java:570) ~[na:na]
	at java.base/java.util.stream.AbstractPipeline.wrapAndCopyInto(AbstractPipeline.java:560) ~[na:na]
	at java.base/java.util.stream.StreamSpliterators$WrappingSpliterator.forEachRemaining(StreamSpliterators.java:315) ~[na:na]
	at java.base/java.util.stream.Streams$ConcatSpliterator.forEachRemaining(Streams.java:735) ~[na:na]
	at java.base/java.util.stream.Streams$ConcatSpliterator.forEachRemaining(Streams.java:734) ~[na:na]
	at java.base/java.util.stream.ReferencePipeline$Head.forEach(ReferencePipeline.java:807) ~[na:na]
	at org.junit.jupiter.engine.descriptor.ClassBasedTestDescriptor.invokeTestInstancePostProcessors(ClassBasedTestDescriptor.java:377) ~[junit-jupiter-engine-5.10.2.jar:5.10.2]
	at org.junit.jupiter.engine.descriptor.ClassBasedTestDescriptor.lambda$instantiateAndPostProcessTestInstance$6(ClassBasedTestDescriptor.java:290) ~[junit-jupiter-engine-5.10.2.jar:5.10.2]
	at org.junit.platform.engine.support.hierarchical.ThrowableCollector.execute(ThrowableCollector.java:73) ~[junit-platform-engine-1.10.2.jar:1.10.2]
	at org.junit.jupiter.engine.descriptor.ClassBasedTestDescriptor.instantiateAndPostProcessTestInstance(ClassBasedTestDescriptor.java:289) ~[junit-jupiter-engine-5.10.2.jar:5.10.2]
	at org.junit.jupiter.engine.descriptor.ClassBasedTestDescriptor.lambda$testInstancesProvider$4(ClassBasedTestDescriptor.java:279) ~[junit-jupiter-engine-5.10.2.jar:5.10.2]
	at java.base/java.util.Optional.orElseGet(Optional.java:364) ~[na:na]
	at org.junit.jupiter.engine.descriptor.ClassBasedTestDescriptor.lambda$testInstancesProvider$5(ClassBasedTestDescriptor.java:278) ~[junit-jupiter-engine-5.10.2.jar:5.10.2]
	at org.junit.jupiter.engine.execution.TestInstancesProvider.getTestInstances(TestInstancesProvider.java:31) ~[junit-jupiter-engine-5.10.2.jar:5.10.2]
	at org.junit.jupiter.engine.descriptor.TestMethodTestDescriptor.lambda$prepare$0(TestMethodTestDescriptor.java:106) ~[junit-jupiter-engine-5.10.2.jar:5.10.2]
	at org.junit.platform.engine.support.hierarchical.ThrowableCollector.execute(ThrowableCollector.java:73) ~[junit-platform-engine-1.10.2.jar:1.10.2]
	at org.junit.jupiter.engine.descriptor.TestMethodTestDescriptor.prepare(TestMethodTestDescriptor.java:105) ~[junit-jupiter-engine-5.10.2.jar:5.10.2]
	at org.junit.jupiter.engine.descriptor.TestMethodTestDescriptor.prepare(TestMethodTestDescriptor.java:69) ~[junit-jupiter-engine-5.10.2.jar:5.10.2]
	at org.junit.platform.engine.support.hierarchical.NodeTestTask.lambda$prepare$2(NodeTestTask.java:123) ~[junit-platform-engine-1.10.2.jar:1.10.2]
	at org.junit.platform.engine.support.hierarchical.ThrowableCollector.execute(ThrowableCollector.java:73) ~[junit-platform-engine-1.10.2.jar:1.10.2]
	at org.junit.platform.engine.support.hierarchical.NodeTestTask.prepare(NodeTestTask.java:123) ~[junit-platform-engine-1.10.2.jar:1.10.2]
	at org.junit.platform.engine.support.hierarchical.NodeTestTask.execute(NodeTestTask.java:90) ~[junit-platform-engine-1.10.2.jar:1.10.2]
	at java.base/java.util.ArrayList.forEach(ArrayList.java:1597) ~[na:na]
	at org.junit.platform.engine.support.hierarchical.SameThreadHierarchicalTestExecutorService.invokeAll(SameThreadHierarchicalTestExecutorService.java:41) ~[junit-platform-engine-1.10.2.jar:1.10.2]
	at org.junit.platform.engine.support.hierarchical.NodeTestTask.lambda$executeRecursively$6(NodeTestTask.java:155) ~[junit-platform-engine-1.10.2.jar:1.10.2]
	at org.junit.platform.engine.support.hierarchical.ThrowableCollector.execute(ThrowableCollector.java:73) ~[junit-platform-engine-1.10.2.jar:1.10.2]
	at org.junit.platform.engine.support.hierarchical.NodeTestTask.lambda$executeRecursively$8(NodeTestTask.java:141) ~[junit-platform-engine-1.10.2.jar:1.10.2]
	at org.junit.platform.engine.support.hierarchical.Node.around(Node.java:137) ~[junit-platform-engine-1.10.2.jar:1.10.2]
	at org.junit.platform.engine.support.hierarchical.NodeTestTask.lambda$executeRecursively$9(NodeTestTask.java:139) ~[junit-platform-engine-1.10.2.jar:1.10.2]
	at org.junit.platform.engine.support.hierarchical.ThrowableCollector.execute(ThrowableCollector.java:73) ~[junit-platform-engine-1.10.2.jar:1.10.2]
	at org.junit.platform.engine.support.hierarchical.NodeTestTask.executeRecursively(NodeTestTask.java:138) ~[junit-platform-engine-1.10.2.jar:1.10.2]
	at org.junit.platform.engine.support.hierarchical.NodeTestTask.execute(NodeTestTask.java:95) ~[junit-platform-engine-1.10.2.jar:1.10.2]
	at java.base/java.util.ArrayList.forEach(ArrayList.java:1597) ~[na:na]
	at org.junit.platform.engine.support.hierarchical.SameThreadHierarchicalTestExecutorService.invokeAll(SameThreadHierarchicalTestExecutorService.java:41) ~[junit-platform-engine-1.10.2.jar:1.10.2]
	at org.junit.platform.engine.support.hierarchical.NodeTestTask.lambda$executeRecursively$6(NodeTestTask.java:155) ~[junit-platform-engine-1.10.2.jar:1.10.2]
	at org.junit.platform.engine.support.hierarchical.ThrowableCollector.execute(ThrowableCollector.java:73) ~[junit-platform-engine-1.10.2.jar:1.10.2]
	at org.junit.platform.engine.support.hierarchical.NodeTestTask.lambda$executeRecursively$8(NodeTestTask.java:141) ~[junit-platform-engine-1.10.2.jar:1.10.2]
	at org.junit.platform.engine.support.hierarchical.Node.around(Node.java:137) ~[junit-platform-engine-1.10.2.jar:1.10.2]
	at org.junit.platform.engine.support.hierarchical.NodeTestTask.lambda$executeRecursively$9(NodeTestTask.java:139) ~[junit-platform-engine-1.10.2.jar:1.10.2]
	at org.junit.platform.engine.support.hierarchical.ThrowableCollector.execute(ThrowableCollector.java:73) ~[junit-platform-engine-1.10.2.jar:1.10.2]
	at org.junit.platform.engine.support.hierarchical.NodeTestTask.executeRecursively(NodeTestTask.java:138) ~[junit-platform-engine-1.10.2.jar:1.10.2]
	at org.junit.platform.engine.support.hierarchical.NodeTestTask.execute(NodeTestTask.java:95) ~[junit-platform-engine-1.10.2.jar:1.10.2]
	at org.junit.platform.engine.support.hierarchical.SameThreadHierarchicalTestExecutorService.submit(SameThreadHierarchicalTestExecutorService.java:35) ~[junit-platform-engine-1.10.2.jar:1.10.2]
	at org.junit.platform.engine.support.hierarchical.HierarchicalTestExecutor.execute(HierarchicalTestExecutor.java:57) ~[junit-platform-engine-1.10.2.jar:1.10.2]
	at org.junit.platform.engine.support.hierarchical.HierarchicalTestEngine.execute(HierarchicalTestEngine.java:54) ~[junit-platform-engine-1.10.2.jar:1.10.2]
	at org.junit.platform.launcher.core.EngineExecutionOrchestrator.execute(EngineExecutionOrchestrator.java:198) ~[junit-platform-launcher-1.10.2.jar:1.10.2]
	at org.junit.platform.launcher.core.EngineExecutionOrchestrator.execute(EngineExecutionOrchestrator.java:169) ~[junit-platform-launcher-1.10.2.jar:1.10.2]
	at org.junit.platform.launcher.core.EngineExecutionOrchestrator.execute(EngineExecutionOrchestrator.java:93) ~[junit-platform-launcher-1.10.2.jar:1.10.2]
	at org.junit.platform.launcher.core.EngineExecutionOrchestrator.lambda$execute$0(EngineExecutionOrchestrator.java:58) ~[junit-platform-launcher-1.10.2.jar:1.10.2]
	at org.junit.platform.launcher.core.EngineExecutionOrchestrator.withInterceptedStreams(EngineExecutionOrchestrator.java:141) ~[junit-platform-launcher-1.10.2.jar:1.10.2]
	at org.junit.platform.launcher.core.EngineExecutionOrchestrator.execute(EngineExecutionOrchestrator.java:57) ~[junit-platform-launcher-1.10.2.jar:1.10.2]
	at org.junit.platform.launcher.core.DefaultLauncher.execute(DefaultLauncher.java:103) ~[junit-platform-launcher-1.10.2.jar:1.10.2]
	at org.junit.platform.launcher.core.DefaultLauncher.execute(DefaultLauncher.java:85) ~[junit-platform-launcher-1.10.2.jar:1.10.2]
	at org.junit.platform.launcher.core.DelegatingLauncher.execute(DelegatingLauncher.java:47) ~[junit-platform-launcher-1.10.2.jar:1.10.2]
	at org.apache.maven.surefire.junitplatform.LazyLauncher.execute(LazyLauncher.java:56) ~[surefire-junit-platform-3.2.5.jar:3.2.5]
	at org.apache.maven.surefire.junitplatform.JUnitPlatformProvider.execute(JUnitPlatformProvider.java:184) ~[surefire-junit-platform-3.2.5.jar:3.2.5]
	at org.apache.maven.surefire.junitplatform.JUnitPlatformProvider.invokeAllTests(JUnitPlatformProvider.java:148) ~[surefire-junit-platform-3.2.5.jar:3.2.5]
	at org.apache.maven.surefire.junitplatform.JUnitPlatformProvider.invoke(JUnitPlatformProvider.java:122) ~[surefire-junit-platform-3.2.5.jar:3.2.5]
	at org.apache.maven.surefire.booter.ForkedBooter.runSuitesInProcess(ForkedBooter.java:385) ~[surefire-booter-3.2.5.jar:3.2.5]
	at org.apache.maven.surefire.booter.ForkedBooter.execute(ForkedBooter.java:162) ~[surefire-booter-3.2.5.jar:3.2.5]
	at org.apache.maven.surefire.booter.ForkedBooter.run(ForkedBooter.java:507) ~[surefire-booter-3.2.5.jar:3.2.5]
	at org.apache.maven.surefire.booter.ForkedBooter.main(ForkedBooter.java:495) ~[surefire-booter-3.2.5.jar:3.2.5]

2025-08-24T11:33:19.345+03:30 DEBUG 1188 --- [ChiDaram App] [           main] tor$SharedEntityManagerInvocationHandler : Creating new EntityManager for shared EntityManager invocation
2025-08-24T11:33:19.354+03:30 DEBUG 1188 --- [ChiDaram App] [           main] cResourceLocalTransactionCoordinatorImpl : JDBC transaction marked for rollback-only (exception provided for stack trace)

java.lang.Exception: exception just for purpose of providing stack trace
	at org.hibernate.resource.transaction.backend.jdbc.internal.JdbcResourceLocalTransactionCoordinatorImpl$TransactionDriverControlImpl.markRollbackOnly(JdbcResourceLocalTransactionCoordinatorImpl.java:309) ~[hibernate-core-6.5.2.Final.jar:6.5.2.Final]
	at org.hibernate.internal.AbstractSharedSessionContract.buildNamedQuery(AbstractSharedSessionContract.java:1109) ~[hibernate-core-6.5.2.Final.jar:6.5.2.Final]
	at org.hibernate.internal.AbstractSharedSessionContract.createNamedQuery(AbstractSharedSessionContract.java:987) ~[hibernate-core-6.5.2.Final.jar:6.5.2.Final]
	at org.hibernate.internal.AbstractSharedSessionContract.createNamedQuery(AbstractSharedSessionContract.java:140) ~[hibernate-core-6.5.2.Final.jar:6.5.2.Final]
	at java.base/jdk.internal.reflect.DirectMethodHandleAccessor.invoke(DirectMethodHandleAccessor.java:103) ~[na:na]
	at java.base/java.lang.reflect.Method.invoke(Method.java:580) ~[na:na]
	at org.springframework.orm.jpa.ExtendedEntityManagerCreator$ExtendedEntityManagerInvocationHandler.invoke(ExtendedEntityManagerCreator.java:364) ~[spring-orm-6.1.10.jar:6.1.10]
	at jdk.proxy2/jdk.proxy2.$Proxy160.createNamedQuery(Unknown Source) ~[na:na]
	at org.springframework.data.jpa.repository.query.NamedQuery.hasNamedQuery(NamedQuery.java:112) ~[spring-data-jpa-3.3.1.jar:3.3.1]
	at org.springframework.data.jpa.repository.query.NamedQuery.lookupFrom(NamedQuery.java:138) ~[spring-data-jpa-3.3.1.jar:3.3.1]
	at org.springframework.data.jpa.repository.query.JpaQueryLookupStrategy$DeclaredQueryLookupStrategy.resolveQuery(JpaQueryLookupStrategy.java:180) ~[spring-data-jpa-3.3.1.jar:3.3.1]
	at org.springframework.data.jpa.repository.query.JpaQueryLookupStrategy$CreateIfNotFoundQueryLookupStrategy.resolveQuery(JpaQueryLookupStrategy.java:252) ~[spring-data-jpa-3.3.1.jar:3.3.1]
	at org.springframework.data.jpa.repository.query.JpaQueryLookupStrategy$AbstractQueryLookupStrategy.resolveQuery(JpaQueryLookupStrategy.java:95) ~[spring-data-jpa-3.3.1.jar:3.3.1]
	at org.springframework.data.repository.core.support.QueryExecutorMethodInterceptor.lookupQuery(QueryExecutorMethodInterceptor.java:111) ~[spring-data-commons-3.3.1.jar:3.3.1]
	at org.springframework.data.repository.core.support.QueryExecutorMethodInterceptor.mapMethodsToQuery(QueryExecutorMethodInterceptor.java:99) ~[spring-data-commons-3.3.1.jar:3.3.1]
	at org.springframework.data.repository.core.support.QueryExecutorMethodInterceptor.lambda$new$0(QueryExecutorMethodInterceptor.java:88) ~[spring-data-commons-3.3.1.jar:3.3.1]
	at java.base/java.util.Optional.map(Optional.java:260) ~[na:na]
	at org.springframework.data.repository.core.support.QueryExecutorMethodInterceptor.<init>(QueryExecutorMethodInterceptor.java:88) ~[spring-data-commons-3.3.1.jar:3.3.1]
	at org.springframework.data.repository.core.support.RepositoryFactorySupport.getRepository(RepositoryFactorySupport.java:357) ~[spring-data-commons-3.3.1.jar:3.3.1]
	at org.springframework.data.repository.core.support.RepositoryFactoryBeanSupport.lambda$afterPropertiesSet$5(RepositoryFactoryBeanSupport.java:286) ~[spring-data-commons-3.3.1.jar:3.3.1]
	at org.springframework.data.util.Lazy.getNullable(Lazy.java:135) ~[spring-data-commons-3.3.1.jar:3.3.1]
	at org.springframework.data.util.Lazy.get(Lazy.java:113) ~[spring-data-commons-3.3.1.jar:3.3.1]
	at org.springframework.data.repository.core.support.RepositoryFactoryBeanSupport.afterPropertiesSet(RepositoryFactoryBeanSupport.java:292) ~[spring-data-commons-3.3.1.jar:3.3.1]
	at org.springframework.data.jpa.repository.support.JpaRepositoryFactoryBean.afterPropertiesSet(JpaRepositoryFactoryBean.java:132) ~[spring-data-jpa-3.3.1.jar:3.3.1]
	at org.springframework.beans.factory.support.AbstractAutowireCapableBeanFactory.invokeInitMethods(AbstractAutowireCapableBeanFactory.java:1835) ~[spring-beans-6.1.10.jar:6.1.10]
	at org.springframework.beans.factory.support.AbstractAutowireCapableBeanFactory.initializeBean(AbstractAutowireCapableBeanFactory.java:1784) ~[spring-beans-6.1.10.jar:6.1.10]
	at org.springframework.beans.factory.support.AbstractAutowireCapableBeanFactory.doCreateBean(AbstractAutowireCapableBeanFactory.java:600) ~[spring-beans-6.1.10.jar:6.1.10]
	at org.springframework.beans.factory.support.AbstractAutowireCapableBeanFactory.createBean(AbstractAutowireCapableBeanFactory.java:522) ~[spring-beans-6.1.10.jar:6.1.10]
	at org.springframework.beans.factory.support.AbstractBeanFactory.lambda$doGetBean$0(AbstractBeanFactory.java:337) ~[spring-beans-6.1.10.jar:6.1.10]
	at org.springframework.beans.factory.support.DefaultSingletonBeanRegistry.getSingleton(DefaultSingletonBeanRegistry.java:234) ~[spring-beans-6.1.10.jar:6.1.10]
	at org.springframework.beans.factory.support.AbstractBeanFactory.doGetBean(AbstractBeanFactory.java:335) ~[spring-beans-6.1.10.jar:6.1.10]
	at org.springframework.beans.factory.support.AbstractBeanFactory.getBean(AbstractBeanFactory.java:200) ~[spring-beans-6.1.10.jar:6.1.10]
	at org.springframework.beans.factory.config.DependencyDescriptor.resolveCandidate(DependencyDescriptor.java:254) ~[spring-beans-6.1.10.jar:6.1.10]
	at org.springframework.beans.factory.support.DefaultListableBeanFactory.doResolveDependency(DefaultListableBeanFactory.java:1443) ~[spring-beans-6.1.10.jar:6.1.10]
	at org.springframework.beans.factory.support.DefaultListableBeanFactory.resolveDependency(DefaultListableBeanFactory.java:1353) ~[spring-beans-6.1.10.jar:6.1.10]
	at org.springframework.beans.factory.support.ConstructorResolver.resolveAutowiredArgument(ConstructorResolver.java:904) ~[spring-beans-6.1.10.jar:6.1.10]
	at org.springframework.beans.factory.support.ConstructorResolver.createArgumentArray(ConstructorResolver.java:782) ~[spring-beans-6.1.10.jar:6.1.10]
	at org.springframework.beans.factory.support.ConstructorResolver.autowireConstructor(ConstructorResolver.java:237) ~[spring-beans-6.1.10.jar:6.1.10]
	at org.springframework.beans.factory.support.AbstractAutowireCapableBeanFactory.autowireConstructor(AbstractAutowireCapableBeanFactory.java:1357) ~[spring-beans-6.1.10.jar:6.1.10]
	at org.springframework.beans.factory.support.AbstractAutowireCapableBeanFactory.createBeanInstance(AbstractAutowireCapableBeanFactory.java:1194) ~[spring-beans-6.1.10.jar:6.1.10]
	at org.springframework.beans.factory.support.AbstractAutowireCapableBeanFactory.doCreateBean(AbstractAutowireCapableBeanFactory.java:562) ~[spring-beans-6.1.10.jar:6.1.10]
	at org.springframework.beans.factory.support.AbstractAutowireCapableBeanFactory.createBean(AbstractAutowireCapableBeanFactory.java:522) ~[spring-beans-6.1.10.jar:6.1.10]
	at org.springframework.beans.factory.support.AbstractBeanFactory.lambda$doGetBean$0(AbstractBeanFactory.java:337) ~[spring-beans-6.1.10.jar:6.1.10]
	at org.springframework.beans.factory.support.DefaultSingletonBeanRegistry.getSingleton(DefaultSingletonBeanRegistry.java:234) ~[spring-beans-6.1.10.jar:6.1.10]
	at org.springframework.beans.factory.support.AbstractBeanFactory.doGetBean(AbstractBeanFactory.java:335) ~[spring-beans-6.1.10.jar:6.1.10]
	at org.springframework.beans.factory.support.AbstractBeanFactory.getBean(AbstractBeanFactory.java:200) ~[spring-beans-6.1.10.jar:6.1.10]
	at org.springframework.beans.factory.config.DependencyDescriptor.resolveCandidate(DependencyDescriptor.java:254) ~[spring-beans-6.1.10.jar:6.1.10]
	at org.springframework.beans.factory.support.DefaultListableBeanFactory.doResolveDependency(DefaultListableBeanFactory.java:1443) ~[spring-beans-6.1.10.jar:6.1.10]
	at org.springframework.beans.factory.support.DefaultListableBeanFactory.resolveDependency(DefaultListableBeanFactory.java:1353) ~[spring-beans-6.1.10.jar:6.1.10]
	at org.springframework.beans.factory.support.ConstructorResolver.resolveAutowiredArgument(ConstructorResolver.java:904) ~[spring-beans-6.1.10.jar:6.1.10]
	at org.springframework.beans.factory.support.ConstructorResolver.createArgumentArray(ConstructorResolver.java:782) ~[spring-beans-6.1.10.jar:6.1.10]
	at org.springframework.beans.factory.support.ConstructorResolver.autowireConstructor(ConstructorResolver.java:237) ~[spring-beans-6.1.10.jar:6.1.10]
	at org.springframework.beans.factory.support.AbstractAutowireCapableBeanFactory.autowireConstructor(AbstractAutowireCapableBeanFactory.java:1357) ~[spring-beans-6.1.10.jar:6.1.10]
	at org.springframework.beans.factory.support.AbstractAutowireCapableBeanFactory.createBeanInstance(AbstractAutowireCapableBeanFactory.java:1194) ~[spring-beans-6.1.10.jar:6.1.10]
	at org.springframework.beans.factory.support.AbstractAutowireCapableBeanFactory.doCreateBean(AbstractAutowireCapableBeanFactory.java:562) ~[spring-beans-6.1.10.jar:6.1.10]
	at org.springframework.beans.factory.support.AbstractAutowireCapableBeanFactory.createBean(AbstractAutowireCapableBeanFactory.java:522) ~[spring-beans-6.1.10.jar:6.1.10]
	at org.springframework.beans.factory.support.AbstractBeanFactory.lambda$doGetBean$0(AbstractBeanFactory.java:337) ~[spring-beans-6.1.10.jar:6.1.10]
	at org.springframework.beans.factory.support.DefaultSingletonBeanRegistry.getSingleton(DefaultSingletonBeanRegistry.java:234) ~[spring-beans-6.1.10.jar:6.1.10]
	at org.springframework.beans.factory.support.AbstractBeanFactory.doGetBean(AbstractBeanFactory.java:335) ~[spring-beans-6.1.10.jar:6.1.10]
	at org.springframework.beans.factory.support.AbstractBeanFactory.getBean(AbstractBeanFactory.java:200) ~[spring-beans-6.1.10.jar:6.1.10]
	at org.springframework.beans.factory.support.DefaultListableBeanFactory.preInstantiateSingletons(DefaultListableBeanFactory.java:975) ~[spring-beans-6.1.10.jar:6.1.10]
	at org.springframework.context.support.AbstractApplicationContext.finishBeanFactoryInitialization(AbstractApplicationContext.java:962) ~[spring-context-6.1.10.jar:6.1.10]
	at org.springframework.context.support.AbstractApplicationContext.refresh(AbstractApplicationContext.java:624) ~[spring-context-6.1.10.jar:6.1.10]
	at org.springframework.boot.SpringApplication.refresh(SpringApplication.java:754) ~[spring-boot-3.3.1.jar:3.3.1]
	at org.springframework.boot.SpringApplication.refreshContext(SpringApplication.java:456) ~[spring-boot-3.3.1.jar:3.3.1]
	at org.springframework.boot.SpringApplication.run(SpringApplication.java:335) ~[spring-boot-3.3.1.jar:3.3.1]
	at org.springframework.boot.test.context.SpringBootContextLoader.lambda$loadContext$3(SpringBootContextLoader.java:137) ~[spring-boot-test-3.3.1.jar:3.3.1]
	at org.springframework.util.function.ThrowingSupplier.get(ThrowingSupplier.java:58) ~[spring-core-6.1.10.jar:6.1.10]
	at org.springframework.util.function.ThrowingSupplier.get(ThrowingSupplier.java:46) ~[spring-core-6.1.10.jar:6.1.10]
	at org.springframework.boot.SpringApplication.withHook(SpringApplication.java:1463) ~[spring-boot-3.3.1.jar:3.3.1]
	at org.springframework.boot.test.context.SpringBootContextLoader$ContextLoaderHook.run(SpringBootContextLoader.java:553) ~[spring-boot-test-3.3.1.jar:3.3.1]
	at org.springframework.boot.test.context.SpringBootContextLoader.loadContext(SpringBootContextLoader.java:137) ~[spring-boot-test-3.3.1.jar:3.3.1]
	at org.springframework.boot.test.context.SpringBootContextLoader.loadContext(SpringBootContextLoader.java:108) ~[spring-boot-test-3.3.1.jar:3.3.1]
	at org.springframework.test.context.cache.DefaultCacheAwareContextLoaderDelegate.loadContextInternal(DefaultCacheAwareContextLoaderDelegate.java:225) ~[spring-test-6.1.10.jar:6.1.10]
	at org.springframework.test.context.cache.DefaultCacheAwareContextLoaderDelegate.loadContext(DefaultCacheAwareContextLoaderDelegate.java:152) ~[spring-test-6.1.10.jar:6.1.10]
	at org.springframework.test.context.support.DefaultTestContext.getApplicationContext(DefaultTestContext.java:130) ~[spring-test-6.1.10.jar:6.1.10]
	at org.springframework.test.context.web.ServletTestExecutionListener.setUpRequestContextIfNecessary(ServletTestExecutionListener.java:191) ~[spring-test-6.1.10.jar:6.1.10]
	at org.springframework.test.context.web.ServletTestExecutionListener.prepareTestInstance(ServletTestExecutionListener.java:130) ~[spring-test-6.1.10.jar:6.1.10]
	at org.springframework.test.context.TestContextManager.prepareTestInstance(TestContextManager.java:260) ~[spring-test-6.1.10.jar:6.1.10]
	at org.springframework.test.context.junit.jupiter.SpringExtension.postProcessTestInstance(SpringExtension.java:163) ~[spring-test-6.1.10.jar:6.1.10]
	at org.junit.jupiter.engine.descriptor.ClassBasedTestDescriptor.lambda$invokeTestInstancePostProcessors$10(ClassBasedTestDescriptor.java:378) ~[junit-jupiter-engine-5.10.2.jar:5.10.2]
	at org.junit.jupiter.engine.descriptor.ClassBasedTestDescriptor.executeAndMaskThrowable(ClassBasedTestDescriptor.java:383) ~[junit-jupiter-engine-5.10.2.jar:5.10.2]
	at org.junit.jupiter.engine.descriptor.ClassBasedTestDescriptor.lambda$invokeTestInstancePostProcessors$11(ClassBasedTestDescriptor.java:378) ~[junit-jupiter-engine-5.10.2.jar:5.10.2]
	at java.base/java.util.stream.ReferencePipeline$3$1.accept(ReferencePipeline.java:215) ~[na:na]
	at java.base/java.util.stream.ReferencePipeline$2$1.accept(ReferencePipeline.java:197) ~[na:na]
	at java.base/java.util.ArrayList$ArrayListSpliterator.forEachRemaining(ArrayList.java:1709) ~[na:na]
	at java.base/java.util.stream.AbstractPipeline.copyInto(AbstractPipeline.java:570) ~[na:na]
	at java.base/java.util.stream.AbstractPipeline.wrapAndCopyInto(AbstractPipeline.java:560) ~[na:na]
	at java.base/java.util.stream.StreamSpliterators$WrappingSpliterator.forEachRemaining(StreamSpliterators.java:315) ~[na:na]
	at java.base/java.util.stream.Streams$ConcatSpliterator.forEachRemaining(Streams.java:735) ~[na:na]
	at java.base/java.util.stream.Streams$ConcatSpliterator.forEachRemaining(Streams.java:734) ~[na:na]
	at java.base/java.util.stream.ReferencePipeline$Head.forEach(ReferencePipeline.java:807) ~[na:na]
	at org.junit.jupiter.engine.descriptor.ClassBasedTestDescriptor.invokeTestInstancePostProcessors(ClassBasedTestDescriptor.java:377) ~[junit-jupiter-engine-5.10.2.jar:5.10.2]
	at org.junit.jupiter.engine.descriptor.ClassBasedTestDescriptor.lambda$instantiateAndPostProcessTestInstance$6(ClassBasedTestDescriptor.java:290) ~[junit-jupiter-engine-5.10.2.jar:5.10.2]
	at org.junit.platform.engine.support.hierarchical.ThrowableCollector.execute(ThrowableCollector.java:73) ~[junit-platform-engine-1.10.2.jar:1.10.2]
	at org.junit.jupiter.engine.descriptor.ClassBasedTestDescriptor.instantiateAndPostProcessTestInstance(ClassBasedTestDescriptor.java:289) ~[junit-jupiter-engine-5.10.2.jar:5.10.2]
	at org.junit.jupiter.engine.descriptor.ClassBasedTestDescriptor.lambda$testInstancesProvider$4(ClassBasedTestDescriptor.java:279) ~[junit-jupiter-engine-5.10.2.jar:5.10.2]
	at java.base/java.util.Optional.orElseGet(Optional.java:364) ~[na:na]
	at org.junit.jupiter.engine.descriptor.ClassBasedTestDescriptor.lambda$testInstancesProvider$5(ClassBasedTestDescriptor.java:278) ~[junit-jupiter-engine-5.10.2.jar:5.10.2]
	at org.junit.jupiter.engine.execution.TestInstancesProvider.getTestInstances(TestInstancesProvider.java:31) ~[junit-jupiter-engine-5.10.2.jar:5.10.2]
	at org.junit.jupiter.engine.descriptor.TestMethodTestDescriptor.lambda$prepare$0(TestMethodTestDescriptor.java:106) ~[junit-jupiter-engine-5.10.2.jar:5.10.2]
	at org.junit.platform.engine.support.hierarchical.ThrowableCollector.execute(ThrowableCollector.java:73) ~[junit-platform-engine-1.10.2.jar:1.10.2]
	at org.junit.jupiter.engine.descriptor.TestMethodTestDescriptor.prepare(TestMethodTestDescriptor.java:105) ~[junit-jupiter-engine-5.10.2.jar:5.10.2]
	at org.junit.jupiter.engine.descriptor.TestMethodTestDescriptor.prepare(TestMethodTestDescriptor.java:69) ~[junit-jupiter-engine-5.10.2.jar:5.10.2]
	at org.junit.platform.engine.support.hierarchical.NodeTestTask.lambda$prepare$2(NodeTestTask.java:123) ~[junit-platform-engine-1.10.2.jar:1.10.2]
	at org.junit.platform.engine.support.hierarchical.ThrowableCollector.execute(ThrowableCollector.java:73) ~[junit-platform-engine-1.10.2.jar:1.10.2]
	at org.junit.platform.engine.support.hierarchical.NodeTestTask.prepare(NodeTestTask.java:123) ~[junit-platform-engine-1.10.2.jar:1.10.2]
	at org.junit.platform.engine.support.hierarchical.NodeTestTask.execute(NodeTestTask.java:90) ~[junit-platform-engine-1.10.2.jar:1.10.2]
	at java.base/java.util.ArrayList.forEach(ArrayList.java:1597) ~[na:na]
	at org.junit.platform.engine.support.hierarchical.SameThreadHierarchicalTestExecutorService.invokeAll(SameThreadHierarchicalTestExecutorService.java:41) ~[junit-platform-engine-1.10.2.jar:1.10.2]
	at org.junit.platform.engine.support.hierarchical.NodeTestTask.lambda$executeRecursively$6(NodeTestTask.java:155) ~[junit-platform-engine-1.10.2.jar:1.10.2]
	at org.junit.platform.engine.support.hierarchical.ThrowableCollector.execute(ThrowableCollector.java:73) ~[junit-platform-engine-1.10.2.jar:1.10.2]
	at org.junit.platform.engine.support.hierarchical.NodeTestTask.lambda$executeRecursively$8(NodeTestTask.java:141) ~[junit-platform-engine-1.10.2.jar:1.10.2]
	at org.junit.platform.engine.support.hierarchical.Node.around(Node.java:137) ~[junit-platform-engine-1.10.2.jar:1.10.2]
	at org.junit.platform.engine.support.hierarchical.NodeTestTask.lambda$executeRecursively$9(NodeTestTask.java:139) ~[junit-platform-engine-1.10.2.jar:1.10.2]
	at org.junit.platform.engine.support.hierarchical.ThrowableCollector.execute(ThrowableCollector.java:73) ~[junit-platform-engine-1.10.2.jar:1.10.2]
	at org.junit.platform.engine.support.hierarchical.NodeTestTask.executeRecursively(NodeTestTask.java:138) ~[junit-platform-engine-1.10.2.jar:1.10.2]
	at org.junit.platform.engine.support.hierarchical.NodeTestTask.execute(NodeTestTask.java:95) ~[junit-platform-engine-1.10.2.jar:1.10.2]
	at java.base/java.util.ArrayList.forEach(ArrayList.java:1597) ~[na:na]
	at org.junit.platform.engine.support.hierarchical.SameThreadHierarchicalTestExecutorService.invokeAll(SameThreadHierarchicalTestExecutorService.java:41) ~[junit-platform-engine-1.10.2.jar:1.10.2]
	at org.junit.platform.engine.support.hierarchical.NodeTestTask.lambda$executeRecursively$6(NodeTestTask.java:155) ~[junit-platform-engine-1.10.2.jar:1.10.2]
	at org.junit.platform.engine.support.hierarchical.ThrowableCollector.execute(ThrowableCollector.java:73) ~[junit-platform-engine-1.10.2.jar:1.10.2]
	at org.junit.platform.engine.support.hierarchical.NodeTestTask.lambda$executeRecursively$8(NodeTestTask.java:141) ~[junit-platform-engine-1.10.2.jar:1.10.2]
	at org.junit.platform.engine.support.hierarchical.Node.around(Node.java:137) ~[junit-platform-engine-1.10.2.jar:1.10.2]
	at org.junit.platform.engine.support.hierarchical.NodeTestTask.lambda$executeRecursively$9(NodeTestTask.java:139) ~[junit-platform-engine-1.10.2.jar:1.10.2]
	at org.junit.platform.engine.support.hierarchical.ThrowableCollector.execute(ThrowableCollector.java:73) ~[junit-platform-engine-1.10.2.jar:1.10.2]
	at org.junit.platform.engine.support.hierarchical.NodeTestTask.executeRecursively(NodeTestTask.java:138) ~[junit-platform-engine-1.10.2.jar:1.10.2]
	at org.junit.platform.engine.support.hierarchical.NodeTestTask.execute(NodeTestTask.java:95) ~[junit-platform-engine-1.10.2.jar:1.10.2]
	at org.junit.platform.engine.support.hierarchical.SameThreadHierarchicalTestExecutorService.submit(SameThreadHierarchicalTestExecutorService.java:35) ~[junit-platform-engine-1.10.2.jar:1.10.2]
	at org.junit.platform.engine.support.hierarchical.HierarchicalTestExecutor.execute(HierarchicalTestExecutor.java:57) ~[junit-platform-engine-1.10.2.jar:1.10.2]
	at org.junit.platform.engine.support.hierarchical.HierarchicalTestEngine.execute(HierarchicalTestEngine.java:54) ~[junit-platform-engine-1.10.2.jar:1.10.2]
	at org.junit.platform.launcher.core.EngineExecutionOrchestrator.execute(EngineExecutionOrchestrator.java:198) ~[junit-platform-launcher-1.10.2.jar:1.10.2]
	at org.junit.platform.launcher.core.EngineExecutionOrchestrator.execute(EngineExecutionOrchestrator.java:169) ~[junit-platform-launcher-1.10.2.jar:1.10.2]
	at org.junit.platform.launcher.core.EngineExecutionOrchestrator.execute(EngineExecutionOrchestrator.java:93) ~[junit-platform-launcher-1.10.2.jar:1.10.2]
	at org.junit.platform.launcher.core.EngineExecutionOrchestrator.lambda$execute$0(EngineExecutionOrchestrator.java:58) ~[junit-platform-launcher-1.10.2.jar:1.10.2]
	at org.junit.platform.launcher.core.EngineExecutionOrchestrator.withInterceptedStreams(EngineExecutionOrchestrator.java:141) ~[junit-platform-launcher-1.10.2.jar:1.10.2]
	at org.junit.platform.launcher.core.EngineExecutionOrchestrator.execute(EngineExecutionOrchestrator.java:57) ~[junit-platform-launcher-1.10.2.jar:1.10.2]
	at org.junit.platform.launcher.core.DefaultLauncher.execute(DefaultLauncher.java:103) ~[junit-platform-launcher-1.10.2.jar:1.10.2]
	at org.junit.platform.launcher.core.DefaultLauncher.execute(DefaultLauncher.java:85) ~[junit-platform-launcher-1.10.2.jar:1.10.2]
	at org.junit.platform.launcher.core.DelegatingLauncher.execute(DelegatingLauncher.java:47) ~[junit-platform-launcher-1.10.2.jar:1.10.2]
	at org.apache.maven.surefire.junitplatform.LazyLauncher.execute(LazyLauncher.java:56) ~[surefire-junit-platform-3.2.5.jar:3.2.5]
	at org.apache.maven.surefire.junitplatform.JUnitPlatformProvider.execute(JUnitPlatformProvider.java:184) ~[surefire-junit-platform-3.2.5.jar:3.2.5]
	at org.apache.maven.surefire.junitplatform.JUnitPlatformProvider.invokeAllTests(JUnitPlatformProvider.java:148) ~[surefire-junit-platform-3.2.5.jar:3.2.5]
	at org.apache.maven.surefire.junitplatform.JUnitPlatformProvider.invoke(JUnitPlatformProvider.java:122) ~[surefire-junit-platform-3.2.5.jar:3.2.5]
	at org.apache.maven.surefire.booter.ForkedBooter.runSuitesInProcess(ForkedBooter.java:385) ~[surefire-booter-3.2.5.jar:3.2.5]
	at org.apache.maven.surefire.booter.ForkedBooter.execute(ForkedBooter.java:162) ~[surefire-booter-3.2.5.jar:3.2.5]
	at org.apache.maven.surefire.booter.ForkedBooter.run(ForkedBooter.java:507) ~[surefire-booter-3.2.5.jar:3.2.5]
	at org.apache.maven.surefire.booter.ForkedBooter.main(ForkedBooter.java:495) ~[surefire-booter-3.2.5.jar:3.2.5]

2025-08-24T11:33:19.358+03:30 DEBUG 1188 --- [ChiDaram App] [           main] tor$SharedEntityManagerInvocationHandler : Creating new EntityManager for shared EntityManager invocation
2025-08-24T11:33:19.367+03:30 DEBUG 1188 --- [ChiDaram App] [           main] cResourceLocalTransactionCoordinatorImpl : JDBC transaction marked for rollback-only (exception provided for stack trace)

java.lang.Exception: exception just for purpose of providing stack trace
	at org.hibernate.resource.transaction.backend.jdbc.internal.JdbcResourceLocalTransactionCoordinatorImpl$TransactionDriverControlImpl.markRollbackOnly(JdbcResourceLocalTransactionCoordinatorImpl.java:309) ~[hibernate-core-6.5.2.Final.jar:6.5.2.Final]
	at org.hibernate.internal.AbstractSharedSessionContract.buildNamedQuery(AbstractSharedSessionContract.java:1109) ~[hibernate-core-6.5.2.Final.jar:6.5.2.Final]
	at org.hibernate.internal.AbstractSharedSessionContract.createNamedQuery(AbstractSharedSessionContract.java:987) ~[hibernate-core-6.5.2.Final.jar:6.5.2.Final]
	at org.hibernate.internal.AbstractSharedSessionContract.createNamedQuery(AbstractSharedSessionContract.java:140) ~[hibernate-core-6.5.2.Final.jar:6.5.2.Final]
	at java.base/jdk.internal.reflect.DirectMethodHandleAccessor.invoke(DirectMethodHandleAccessor.java:103) ~[na:na]
	at java.base/java.lang.reflect.Method.invoke(Method.java:580) ~[na:na]
	at org.springframework.orm.jpa.ExtendedEntityManagerCreator$ExtendedEntityManagerInvocationHandler.invoke(ExtendedEntityManagerCreator.java:364) ~[spring-orm-6.1.10.jar:6.1.10]
	at jdk.proxy2/jdk.proxy2.$Proxy160.createNamedQuery(Unknown Source) ~[na:na]
	at org.springframework.data.jpa.repository.query.NamedQuery.hasNamedQuery(NamedQuery.java:112) ~[spring-data-jpa-3.3.1.jar:3.3.1]
	at org.springframework.data.jpa.repository.query.NamedQuery.lookupFrom(NamedQuery.java:138) ~[spring-data-jpa-3.3.1.jar:3.3.1]
	at org.springframework.data.jpa.repository.query.JpaQueryLookupStrategy$DeclaredQueryLookupStrategy.resolveQuery(JpaQueryLookupStrategy.java:180) ~[spring-data-jpa-3.3.1.jar:3.3.1]
	at org.springframework.data.jpa.repository.query.JpaQueryLookupStrategy$CreateIfNotFoundQueryLookupStrategy.resolveQuery(JpaQueryLookupStrategy.java:252) ~[spring-data-jpa-3.3.1.jar:3.3.1]
	at org.springframework.data.jpa.repository.query.JpaQueryLookupStrategy$AbstractQueryLookupStrategy.resolveQuery(JpaQueryLookupStrategy.java:95) ~[spring-data-jpa-3.3.1.jar:3.3.1]
	at org.springframework.data.repository.core.support.QueryExecutorMethodInterceptor.lookupQuery(QueryExecutorMethodInterceptor.java:111) ~[spring-data-commons-3.3.1.jar:3.3.1]
	at org.springframework.data.repository.core.support.QueryExecutorMethodInterceptor.mapMethodsToQuery(QueryExecutorMethodInterceptor.java:99) ~[spring-data-commons-3.3.1.jar:3.3.1]
	at org.springframework.data.repository.core.support.QueryExecutorMethodInterceptor.lambda$new$0(QueryExecutorMethodInterceptor.java:88) ~[spring-data-commons-3.3.1.jar:3.3.1]
	at java.base/java.util.Optional.map(Optional.java:260) ~[na:na]
	at org.springframework.data.repository.core.support.QueryExecutorMethodInterceptor.<init>(QueryExecutorMethodInterceptor.java:88) ~[spring-data-commons-3.3.1.jar:3.3.1]
	at org.springframework.data.repository.core.support.RepositoryFactorySupport.getRepository(RepositoryFactorySupport.java:357) ~[spring-data-commons-3.3.1.jar:3.3.1]
	at org.springframework.data.repository.core.support.RepositoryFactoryBeanSupport.lambda$afterPropertiesSet$5(RepositoryFactoryBeanSupport.java:286) ~[spring-data-commons-3.3.1.jar:3.3.1]
	at org.springframework.data.util.Lazy.getNullable(Lazy.java:135) ~[spring-data-commons-3.3.1.jar:3.3.1]
	at org.springframework.data.util.Lazy.get(Lazy.java:113) ~[spring-data-commons-3.3.1.jar:3.3.1]
	at org.springframework.data.repository.core.support.RepositoryFactoryBeanSupport.afterPropertiesSet(RepositoryFactoryBeanSupport.java:292) ~[spring-data-commons-3.3.1.jar:3.3.1]
	at org.springframework.data.jpa.repository.support.JpaRepositoryFactoryBean.afterPropertiesSet(JpaRepositoryFactoryBean.java:132) ~[spring-data-jpa-3.3.1.jar:3.3.1]
	at org.springframework.beans.factory.support.AbstractAutowireCapableBeanFactory.invokeInitMethods(AbstractAutowireCapableBeanFactory.java:1835) ~[spring-beans-6.1.10.jar:6.1.10]
	at org.springframework.beans.factory.support.AbstractAutowireCapableBeanFactory.initializeBean(AbstractAutowireCapableBeanFactory.java:1784) ~[spring-beans-6.1.10.jar:6.1.10]
	at org.springframework.beans.factory.support.AbstractAutowireCapableBeanFactory.doCreateBean(AbstractAutowireCapableBeanFactory.java:600) ~[spring-beans-6.1.10.jar:6.1.10]
	at org.springframework.beans.factory.support.AbstractAutowireCapableBeanFactory.createBean(AbstractAutowireCapableBeanFactory.java:522) ~[spring-beans-6.1.10.jar:6.1.10]
	at org.springframework.beans.factory.support.AbstractBeanFactory.lambda$doGetBean$0(AbstractBeanFactory.java:337) ~[spring-beans-6.1.10.jar:6.1.10]
	at org.springframework.beans.factory.support.DefaultSingletonBeanRegistry.getSingleton(DefaultSingletonBeanRegistry.java:234) ~[spring-beans-6.1.10.jar:6.1.10]
	at org.springframework.beans.factory.support.AbstractBeanFactory.doGetBean(AbstractBeanFactory.java:335) ~[spring-beans-6.1.10.jar:6.1.10]
	at org.springframework.beans.factory.support.AbstractBeanFactory.getBean(AbstractBeanFactory.java:200) ~[spring-beans-6.1.10.jar:6.1.10]
	at org.springframework.beans.factory.config.DependencyDescriptor.resolveCandidate(DependencyDescriptor.java:254) ~[spring-beans-6.1.10.jar:6.1.10]
	at org.springframework.beans.factory.support.DefaultListableBeanFactory.doResolveDependency(DefaultListableBeanFactory.java:1443) ~[spring-beans-6.1.10.jar:6.1.10]
	at org.springframework.beans.factory.support.DefaultListableBeanFactory.resolveDependency(DefaultListableBeanFactory.java:1353) ~[spring-beans-6.1.10.jar:6.1.10]
	at org.springframework.beans.factory.support.ConstructorResolver.resolveAutowiredArgument(ConstructorResolver.java:904) ~[spring-beans-6.1.10.jar:6.1.10]
	at org.springframework.beans.factory.support.ConstructorResolver.createArgumentArray(ConstructorResolver.java:782) ~[spring-beans-6.1.10.jar:6.1.10]
	at org.springframework.beans.factory.support.ConstructorResolver.autowireConstructor(ConstructorResolver.java:237) ~[spring-beans-6.1.10.jar:6.1.10]
	at org.springframework.beans.factory.support.AbstractAutowireCapableBeanFactory.autowireConstructor(AbstractAutowireCapableBeanFactory.java:1357) ~[spring-beans-6.1.10.jar:6.1.10]
	at org.springframework.beans.factory.support.AbstractAutowireCapableBeanFactory.createBeanInstance(AbstractAutowireCapableBeanFactory.java:1194) ~[spring-beans-6.1.10.jar:6.1.10]
	at org.springframework.beans.factory.support.AbstractAutowireCapableBeanFactory.doCreateBean(AbstractAutowireCapableBeanFactory.java:562) ~[spring-beans-6.1.10.jar:6.1.10]
	at org.springframework.beans.factory.support.AbstractAutowireCapableBeanFactory.createBean(AbstractAutowireCapableBeanFactory.java:522) ~[spring-beans-6.1.10.jar:6.1.10]
	at org.springframework.beans.factory.support.AbstractBeanFactory.lambda$doGetBean$0(AbstractBeanFactory.java:337) ~[spring-beans-6.1.10.jar:6.1.10]
	at org.springframework.beans.factory.support.DefaultSingletonBeanRegistry.getSingleton(DefaultSingletonBeanRegistry.java:234) ~[spring-beans-6.1.10.jar:6.1.10]
	at org.springframework.beans.factory.support.AbstractBeanFactory.doGetBean(AbstractBeanFactory.java:335) ~[spring-beans-6.1.10.jar:6.1.10]
	at org.springframework.beans.factory.support.AbstractBeanFactory.getBean(AbstractBeanFactory.java:200) ~[spring-beans-6.1.10.jar:6.1.10]
	at org.springframework.beans.factory.config.DependencyDescriptor.resolveCandidate(DependencyDescriptor.java:254) ~[spring-beans-6.1.10.jar:6.1.10]
	at org.springframework.beans.factory.support.DefaultListableBeanFactory.doResolveDependency(DefaultListableBeanFactory.java:1443) ~[spring-beans-6.1.10.jar:6.1.10]
	at org.springframework.beans.factory.support.DefaultListableBeanFactory.resolveDependency(DefaultListableBeanFactory.java:1353) ~[spring-beans-6.1.10.jar:6.1.10]
	at org.springframework.beans.factory.support.ConstructorResolver.resolveAutowiredArgument(ConstructorResolver.java:904) ~[spring-beans-6.1.10.jar:6.1.10]
	at org.springframework.beans.factory.support.ConstructorResolver.createArgumentArray(ConstructorResolver.java:782) ~[spring-beans-6.1.10.jar:6.1.10]
	at org.springframework.beans.factory.support.ConstructorResolver.autowireConstructor(ConstructorResolver.java:237) ~[spring-beans-6.1.10.jar:6.1.10]
	at org.springframework.beans.factory.support.AbstractAutowireCapableBeanFactory.autowireConstructor(AbstractAutowireCapableBeanFactory.java:1357) ~[spring-beans-6.1.10.jar:6.1.10]
	at org.springframework.beans.factory.support.AbstractAutowireCapableBeanFactory.createBeanInstance(AbstractAutowireCapableBeanFactory.java:1194) ~[spring-beans-6.1.10.jar:6.1.10]
	at org.springframework.beans.factory.support.AbstractAutowireCapableBeanFactory.doCreateBean(AbstractAutowireCapableBeanFactory.java:562) ~[spring-beans-6.1.10.jar:6.1.10]
	at org.springframework.beans.factory.support.AbstractAutowireCapableBeanFactory.createBean(AbstractAutowireCapableBeanFactory.java:522) ~[spring-beans-6.1.10.jar:6.1.10]
	at org.springframework.beans.factory.support.AbstractBeanFactory.lambda$doGetBean$0(AbstractBeanFactory.java:337) ~[spring-beans-6.1.10.jar:6.1.10]
	at org.springframework.beans.factory.support.DefaultSingletonBeanRegistry.getSingleton(DefaultSingletonBeanRegistry.java:234) ~[spring-beans-6.1.10.jar:6.1.10]
	at org.springframework.beans.factory.support.AbstractBeanFactory.doGetBean(AbstractBeanFactory.java:335) ~[spring-beans-6.1.10.jar:6.1.10]
	at org.springframework.beans.factory.support.AbstractBeanFactory.getBean(AbstractBeanFactory.java:200) ~[spring-beans-6.1.10.jar:6.1.10]
	at org.springframework.beans.factory.support.DefaultListableBeanFactory.preInstantiateSingletons(DefaultListableBeanFactory.java:975) ~[spring-beans-6.1.10.jar:6.1.10]
	at org.springframework.context.support.AbstractApplicationContext.finishBeanFactoryInitialization(AbstractApplicationContext.java:962) ~[spring-context-6.1.10.jar:6.1.10]
	at org.springframework.context.support.AbstractApplicationContext.refresh(AbstractApplicationContext.java:624) ~[spring-context-6.1.10.jar:6.1.10]
	at org.springframework.boot.SpringApplication.refresh(SpringApplication.java:754) ~[spring-boot-3.3.1.jar:3.3.1]
	at org.springframework.boot.SpringApplication.refreshContext(SpringApplication.java:456) ~[spring-boot-3.3.1.jar:3.3.1]
	at org.springframework.boot.SpringApplication.run(SpringApplication.java:335) ~[spring-boot-3.3.1.jar:3.3.1]
	at org.springframework.boot.test.context.SpringBootContextLoader.lambda$loadContext$3(SpringBootContextLoader.java:137) ~[spring-boot-test-3.3.1.jar:3.3.1]
	at org.springframework.util.function.ThrowingSupplier.get(ThrowingSupplier.java:58) ~[spring-core-6.1.10.jar:6.1.10]
	at org.springframework.util.function.ThrowingSupplier.get(ThrowingSupplier.java:46) ~[spring-core-6.1.10.jar:6.1.10]
	at org.springframework.boot.SpringApplication.withHook(SpringApplication.java:1463) ~[spring-boot-3.3.1.jar:3.3.1]
	at org.springframework.boot.test.context.SpringBootContextLoader$ContextLoaderHook.run(SpringBootContextLoader.java:553) ~[spring-boot-test-3.3.1.jar:3.3.1]
	at org.springframework.boot.test.context.SpringBootContextLoader.loadContext(SpringBootContextLoader.java:137) ~[spring-boot-test-3.3.1.jar:3.3.1]
	at org.springframework.boot.test.context.SpringBootContextLoader.loadContext(SpringBootContextLoader.java:108) ~[spring-boot-test-3.3.1.jar:3.3.1]
	at org.springframework.test.context.cache.DefaultCacheAwareContextLoaderDelegate.loadContextInternal(DefaultCacheAwareContextLoaderDelegate.java:225) ~[spring-test-6.1.10.jar:6.1.10]
	at org.springframework.test.context.cache.DefaultCacheAwareContextLoaderDelegate.loadContext(DefaultCacheAwareContextLoaderDelegate.java:152) ~[spring-test-6.1.10.jar:6.1.10]
	at org.springframework.test.context.support.DefaultTestContext.getApplicationContext(DefaultTestContext.java:130) ~[spring-test-6.1.10.jar:6.1.10]
	at org.springframework.test.context.web.ServletTestExecutionListener.setUpRequestContextIfNecessary(ServletTestExecutionListener.java:191) ~[spring-test-6.1.10.jar:6.1.10]
	at org.springframework.test.context.web.ServletTestExecutionListener.prepareTestInstance(ServletTestExecutionListener.java:130) ~[spring-test-6.1.10.jar:6.1.10]
	at org.springframework.test.context.TestContextManager.prepareTestInstance(TestContextManager.java:260) ~[spring-test-6.1.10.jar:6.1.10]
	at org.springframework.test.context.junit.jupiter.SpringExtension.postProcessTestInstance(SpringExtension.java:163) ~[spring-test-6.1.10.jar:6.1.10]
	at org.junit.jupiter.engine.descriptor.ClassBasedTestDescriptor.lambda$invokeTestInstancePostProcessors$10(ClassBasedTestDescriptor.java:378) ~[junit-jupiter-engine-5.10.2.jar:5.10.2]
	at org.junit.jupiter.engine.descriptor.ClassBasedTestDescriptor.executeAndMaskThrowable(ClassBasedTestDescriptor.java:383) ~[junit-jupiter-engine-5.10.2.jar:5.10.2]
	at org.junit.jupiter.engine.descriptor.ClassBasedTestDescriptor.lambda$invokeTestInstancePostProcessors$11(ClassBasedTestDescriptor.java:378) ~[junit-jupiter-engine-5.10.2.jar:5.10.2]
	at java.base/java.util.stream.ReferencePipeline$3$1.accept(ReferencePipeline.java:215) ~[na:na]
	at java.base/java.util.stream.ReferencePipeline$2$1.accept(ReferencePipeline.java:197) ~[na:na]
	at java.base/java.util.ArrayList$ArrayListSpliterator.forEachRemaining(ArrayList.java:1709) ~[na:na]
	at java.base/java.util.stream.AbstractPipeline.copyInto(AbstractPipeline.java:570) ~[na:na]
	at java.base/java.util.stream.AbstractPipeline.wrapAndCopyInto(AbstractPipeline.java:560) ~[na:na]
	at java.base/java.util.stream.StreamSpliterators$WrappingSpliterator.forEachRemaining(StreamSpliterators.java:315) ~[na:na]
	at java.base/java.util.stream.Streams$ConcatSpliterator.forEachRemaining(Streams.java:735) ~[na:na]
	at java.base/java.util.stream.Streams$ConcatSpliterator.forEachRemaining(Streams.java:734) ~[na:na]
	at java.base/java.util.stream.ReferencePipeline$Head.forEach(ReferencePipeline.java:807) ~[na:na]
	at org.junit.jupiter.engine.descriptor.ClassBasedTestDescriptor.invokeTestInstancePostProcessors(ClassBasedTestDescriptor.java:377) ~[junit-jupiter-engine-5.10.2.jar:5.10.2]
	at org.junit.jupiter.engine.descriptor.ClassBasedTestDescriptor.lambda$instantiateAndPostProcessTestInstance$6(ClassBasedTestDescriptor.java:290) ~[junit-jupiter-engine-5.10.2.jar:5.10.2]
	at org.junit.platform.engine.support.hierarchical.ThrowableCollector.execute(ThrowableCollector.java:73) ~[junit-platform-engine-1.10.2.jar:1.10.2]
	at org.junit.jupiter.engine.descriptor.ClassBasedTestDescriptor.instantiateAndPostProcessTestInstance(ClassBasedTestDescriptor.java:289) ~[junit-jupiter-engine-5.10.2.jar:5.10.2]
	at org.junit.jupiter.engine.descriptor.ClassBasedTestDescriptor.lambda$testInstancesProvider$4(ClassBasedTestDescriptor.java:279) ~[junit-jupiter-engine-5.10.2.jar:5.10.2]
	at java.base/java.util.Optional.orElseGet(Optional.java:364) ~[na:na]
	at org.junit.jupiter.engine.descriptor.ClassBasedTestDescriptor.lambda$testInstancesProvider$5(ClassBasedTestDescriptor.java:278) ~[junit-jupiter-engine-5.10.2.jar:5.10.2]
	at org.junit.jupiter.engine.execution.TestInstancesProvider.getTestInstances(TestInstancesProvider.java:31) ~[junit-jupiter-engine-5.10.2.jar:5.10.2]
	at org.junit.jupiter.engine.descriptor.TestMethodTestDescriptor.lambda$prepare$0(TestMethodTestDescriptor.java:106) ~[junit-jupiter-engine-5.10.2.jar:5.10.2]
	at org.junit.platform.engine.support.hierarchical.ThrowableCollector.execute(ThrowableCollector.java:73) ~[junit-platform-engine-1.10.2.jar:1.10.2]
	at org.junit.jupiter.engine.descriptor.TestMethodTestDescriptor.prepare(TestMethodTestDescriptor.java:105) ~[junit-jupiter-engine-5.10.2.jar:5.10.2]
	at org.junit.jupiter.engine.descriptor.TestMethodTestDescriptor.prepare(TestMethodTestDescriptor.java:69) ~[junit-jupiter-engine-5.10.2.jar:5.10.2]
	at org.junit.platform.engine.support.hierarchical.NodeTestTask.lambda$prepare$2(NodeTestTask.java:123) ~[junit-platform-engine-1.10.2.jar:1.10.2]
	at org.junit.platform.engine.support.hierarchical.ThrowableCollector.execute(ThrowableCollector.java:73) ~[junit-platform-engine-1.10.2.jar:1.10.2]
	at org.junit.platform.engine.support.hierarchical.NodeTestTask.prepare(NodeTestTask.java:123) ~[junit-platform-engine-1.10.2.jar:1.10.2]
	at org.junit.platform.engine.support.hierarchical.NodeTestTask.execute(NodeTestTask.java:90) ~[junit-platform-engine-1.10.2.jar:1.10.2]
	at java.base/java.util.ArrayList.forEach(ArrayList.java:1597) ~[na:na]
	at org.junit.platform.engine.support.hierarchical.SameThreadHierarchicalTestExecutorService.invokeAll(SameThreadHierarchicalTestExecutorService.java:41) ~[junit-platform-engine-1.10.2.jar:1.10.2]
	at org.junit.platform.engine.support.hierarchical.NodeTestTask.lambda$executeRecursively$6(NodeTestTask.java:155) ~[junit-platform-engine-1.10.2.jar:1.10.2]
	at org.junit.platform.engine.support.hierarchical.ThrowableCollector.execute(ThrowableCollector.java:73) ~[junit-platform-engine-1.10.2.jar:1.10.2]
	at org.junit.platform.engine.support.hierarchical.NodeTestTask.lambda$executeRecursively$8(NodeTestTask.java:141) ~[junit-platform-engine-1.10.2.jar:1.10.2]
	at org.junit.platform.engine.support.hierarchical.Node.around(Node.java:137) ~[junit-platform-engine-1.10.2.jar:1.10.2]
	at org.junit.platform.engine.support.hierarchical.NodeTestTask.lambda$executeRecursively$9(NodeTestTask.java:139) ~[junit-platform-engine-1.10.2.jar:1.10.2]
	at org.junit.platform.engine.support.hierarchical.ThrowableCollector.execute(ThrowableCollector.java:73) ~[junit-platform-engine-1.10.2.jar:1.10.2]
	at org.junit.platform.engine.support.hierarchical.NodeTestTask.executeRecursively(NodeTestTask.java:138) ~[junit-platform-engine-1.10.2.jar:1.10.2]
	at org.junit.platform.engine.support.hierarchical.NodeTestTask.execute(NodeTestTask.java:95) ~[junit-platform-engine-1.10.2.jar:1.10.2]
	at java.base/java.util.ArrayList.forEach(ArrayList.java:1597) ~[na:na]
	at org.junit.platform.engine.support.hierarchical.SameThreadHierarchicalTestExecutorService.invokeAll(SameThreadHierarchicalTestExecutorService.java:41) ~[junit-platform-engine-1.10.2.jar:1.10.2]
	at org.junit.platform.engine.support.hierarchical.NodeTestTask.lambda$executeRecursively$6(NodeTestTask.java:155) ~[junit-platform-engine-1.10.2.jar:1.10.2]
	at org.junit.platform.engine.support.hierarchical.ThrowableCollector.execute(ThrowableCollector.java:73) ~[junit-platform-engine-1.10.2.jar:1.10.2]
	at org.junit.platform.engine.support.hierarchical.NodeTestTask.lambda$executeRecursively$8(NodeTestTask.java:141) ~[junit-platform-engine-1.10.2.jar:1.10.2]
	at org.junit.platform.engine.support.hierarchical.Node.around(Node.java:137) ~[junit-platform-engine-1.10.2.jar:1.10.2]
	at org.junit.platform.engine.support.hierarchical.NodeTestTask.lambda$executeRecursively$9(NodeTestTask.java:139) ~[junit-platform-engine-1.10.2.jar:1.10.2]
	at org.junit.platform.engine.support.hierarchical.ThrowableCollector.execute(ThrowableCollector.java:73) ~[junit-platform-engine-1.10.2.jar:1.10.2]
	at org.junit.platform.engine.support.hierarchical.NodeTestTask.executeRecursively(NodeTestTask.java:138) ~[junit-platform-engine-1.10.2.jar:1.10.2]
	at org.junit.platform.engine.support.hierarchical.NodeTestTask.execute(NodeTestTask.java:95) ~[junit-platform-engine-1.10.2.jar:1.10.2]
	at org.junit.platform.engine.support.hierarchical.SameThreadHierarchicalTestExecutorService.submit(SameThreadHierarchicalTestExecutorService.java:35) ~[junit-platform-engine-1.10.2.jar:1.10.2]
	at org.junit.platform.engine.support.hierarchical.HierarchicalTestExecutor.execute(HierarchicalTestExecutor.java:57) ~[junit-platform-engine-1.10.2.jar:1.10.2]
	at org.junit.platform.engine.support.hierarchical.HierarchicalTestEngine.execute(HierarchicalTestEngine.java:54) ~[junit-platform-engine-1.10.2.jar:1.10.2]
	at org.junit.platform.launcher.core.EngineExecutionOrchestrator.execute(EngineExecutionOrchestrator.java:198) ~[junit-platform-launcher-1.10.2.jar:1.10.2]
	at org.junit.platform.launcher.core.EngineExecutionOrchestrator.execute(EngineExecutionOrchestrator.java:169) ~[junit-platform-launcher-1.10.2.jar:1.10.2]
	at org.junit.platform.launcher.core.EngineExecutionOrchestrator.execute(EngineExecutionOrchestrator.java:93) ~[junit-platform-launcher-1.10.2.jar:1.10.2]
	at org.junit.platform.launcher.core.EngineExecutionOrchestrator.lambda$execute$0(EngineExecutionOrchestrator.java:58) ~[junit-platform-launcher-1.10.2.jar:1.10.2]
	at org.junit.platform.launcher.core.EngineExecutionOrchestrator.withInterceptedStreams(EngineExecutionOrchestrator.java:141) ~[junit-platform-launcher-1.10.2.jar:1.10.2]
	at org.junit.platform.launcher.core.EngineExecutionOrchestrator.execute(EngineExecutionOrchestrator.java:57) ~[junit-platform-launcher-1.10.2.jar:1.10.2]
	at org.junit.platform.launcher.core.DefaultLauncher.execute(DefaultLauncher.java:103) ~[junit-platform-launcher-1.10.2.jar:1.10.2]
	at org.junit.platform.launcher.core.DefaultLauncher.execute(DefaultLauncher.java:85) ~[junit-platform-launcher-1.10.2.jar:1.10.2]
	at org.junit.platform.launcher.core.DelegatingLauncher.execute(DelegatingLauncher.java:47) ~[junit-platform-launcher-1.10.2.jar:1.10.2]
	at org.apache.maven.surefire.junitplatform.LazyLauncher.execute(LazyLauncher.java:56) ~[surefire-junit-platform-3.2.5.jar:3.2.5]
	at org.apache.maven.surefire.junitplatform.JUnitPlatformProvider.execute(JUnitPlatformProvider.java:184) ~[surefire-junit-platform-3.2.5.jar:3.2.5]
	at org.apache.maven.surefire.junitplatform.JUnitPlatformProvider.invokeAllTests(JUnitPlatformProvider.java:148) ~[surefire-junit-platform-3.2.5.jar:3.2.5]
	at org.apache.maven.surefire.junitplatform.JUnitPlatformProvider.invoke(JUnitPlatformProvider.java:122) ~[surefire-junit-platform-3.2.5.jar:3.2.5]
	at org.apache.maven.surefire.booter.ForkedBooter.runSuitesInProcess(ForkedBooter.java:385) ~[surefire-booter-3.2.5.jar:3.2.5]
	at org.apache.maven.surefire.booter.ForkedBooter.execute(ForkedBooter.java:162) ~[surefire-booter-3.2.5.jar:3.2.5]
	at org.apache.maven.surefire.booter.ForkedBooter.run(ForkedBooter.java:507) ~[surefire-booter-3.2.5.jar:3.2.5]
	at org.apache.maven.surefire.booter.ForkedBooter.main(ForkedBooter.java:495) ~[surefire-booter-3.2.5.jar:3.2.5]

2025-08-24T11:33:19.371+03:30 DEBUG 1188 --- [ChiDaram App] [           main] tor$SharedEntityManagerInvocationHandler : Creating new EntityManager for shared EntityManager invocation
2025-08-24T11:33:20.056+03:30 DEBUG 1188 --- [ChiDaram App] [           main] tor$SharedEntityManagerInvocationHandler : Creating new EntityManager for shared EntityManager invocation
2025-08-24T11:33:20.091+03:30 DEBUG 1188 --- [ChiDaram App] [           main] tor$SharedEntityManagerInvocationHandler : Creating new EntityManager for shared EntityManager invocation
2025-08-24T11:33:20.319+03:30 DEBUG 1188 --- [ChiDaram App] [           main] tor$SharedEntityManagerInvocationHandler : Creating new EntityManager for shared EntityManager invocation
2025-08-24T11:33:20.346+03:30 DEBUG 1188 --- [ChiDaram App] [           main] tor$SharedEntityManagerInvocationHandler : Creating new EntityManager for shared EntityManager invocation
2025-08-24T11:33:20.367+03:30 DEBUG 1188 --- [ChiDaram App] [           main] cResourceLocalTransactionCoordinatorImpl : JDBC transaction marked for rollback-only (exception provided for stack trace)

java.lang.Exception: exception just for purpose of providing stack trace
	at org.hibernate.resource.transaction.backend.jdbc.internal.JdbcResourceLocalTransactionCoordinatorImpl$TransactionDriverControlImpl.markRollbackOnly(JdbcResourceLocalTransactionCoordinatorImpl.java:309) ~[hibernate-core-6.5.2.Final.jar:6.5.2.Final]
	at org.hibernate.internal.AbstractSharedSessionContract.buildNamedQuery(AbstractSharedSessionContract.java:1109) ~[hibernate-core-6.5.2.Final.jar:6.5.2.Final]
	at org.hibernate.internal.AbstractSharedSessionContract.createNamedQuery(AbstractSharedSessionContract.java:987) ~[hibernate-core-6.5.2.Final.jar:6.5.2.Final]
	at org.hibernate.internal.AbstractSharedSessionContract.createNamedQuery(AbstractSharedSessionContract.java:140) ~[hibernate-core-6.5.2.Final.jar:6.5.2.Final]
	at java.base/jdk.internal.reflect.DirectMethodHandleAccessor.invoke(DirectMethodHandleAccessor.java:103) ~[na:na]
	at java.base/java.lang.reflect.Method.invoke(Method.java:580) ~[na:na]
	at org.springframework.orm.jpa.ExtendedEntityManagerCreator$ExtendedEntityManagerInvocationHandler.invoke(ExtendedEntityManagerCreator.java:364) ~[spring-orm-6.1.10.jar:6.1.10]
	at jdk.proxy2/jdk.proxy2.$Proxy160.createNamedQuery(Unknown Source) ~[na:na]
	at org.springframework.data.jpa.repository.query.NamedQuery.hasNamedQuery(NamedQuery.java:112) ~[spring-data-jpa-3.3.1.jar:3.3.1]
	at org.springframework.data.jpa.repository.query.NamedQuery.lookupFrom(NamedQuery.java:138) ~[spring-data-jpa-3.3.1.jar:3.3.1]
	at org.springframework.data.jpa.repository.query.JpaQueryLookupStrategy$DeclaredQueryLookupStrategy.resolveQuery(JpaQueryLookupStrategy.java:180) ~[spring-data-jpa-3.3.1.jar:3.3.1]
	at org.springframework.data.jpa.repository.query.JpaQueryLookupStrategy$CreateIfNotFoundQueryLookupStrategy.resolveQuery(JpaQueryLookupStrategy.java:252) ~[spring-data-jpa-3.3.1.jar:3.3.1]
	at org.springframework.data.jpa.repository.query.JpaQueryLookupStrategy$AbstractQueryLookupStrategy.resolveQuery(JpaQueryLookupStrategy.java:95) ~[spring-data-jpa-3.3.1.jar:3.3.1]
	at org.springframework.data.repository.core.support.QueryExecutorMethodInterceptor.lookupQuery(QueryExecutorMethodInterceptor.java:111) ~[spring-data-commons-3.3.1.jar:3.3.1]
	at org.springframework.data.repository.core.support.QueryExecutorMethodInterceptor.mapMethodsToQuery(QueryExecutorMethodInterceptor.java:99) ~[spring-data-commons-3.3.1.jar:3.3.1]
	at org.springframework.data.repository.core.support.QueryExecutorMethodInterceptor.lambda$new$0(QueryExecutorMethodInterceptor.java:88) ~[spring-data-commons-3.3.1.jar:3.3.1]
	at java.base/java.util.Optional.map(Optional.java:260) ~[na:na]
	at org.springframework.data.repository.core.support.QueryExecutorMethodInterceptor.<init>(QueryExecutorMethodInterceptor.java:88) ~[spring-data-commons-3.3.1.jar:3.3.1]
	at org.springframework.data.repository.core.support.RepositoryFactorySupport.getRepository(RepositoryFactorySupport.java:357) ~[spring-data-commons-3.3.1.jar:3.3.1]
	at org.springframework.data.repository.core.support.RepositoryFactoryBeanSupport.lambda$afterPropertiesSet$5(RepositoryFactoryBeanSupport.java:286) ~[spring-data-commons-3.3.1.jar:3.3.1]
	at org.springframework.data.util.Lazy.getNullable(Lazy.java:135) ~[spring-data-commons-3.3.1.jar:3.3.1]
	at org.springframework.data.util.Lazy.get(Lazy.java:113) ~[spring-data-commons-3.3.1.jar:3.3.1]
	at org.springframework.data.repository.core.support.RepositoryFactoryBeanSupport.afterPropertiesSet(RepositoryFactoryBeanSupport.java:292) ~[spring-data-commons-3.3.1.jar:3.3.1]
	at org.springframework.data.jpa.repository.support.JpaRepositoryFactoryBean.afterPropertiesSet(JpaRepositoryFactoryBean.java:132) ~[spring-data-jpa-3.3.1.jar:3.3.1]
	at org.springframework.beans.factory.support.AbstractAutowireCapableBeanFactory.invokeInitMethods(AbstractAutowireCapableBeanFactory.java:1835) ~[spring-beans-6.1.10.jar:6.1.10]
	at org.springframework.beans.factory.support.AbstractAutowireCapableBeanFactory.initializeBean(AbstractAutowireCapableBeanFactory.java:1784) ~[spring-beans-6.1.10.jar:6.1.10]
	at org.springframework.beans.factory.support.AbstractAutowireCapableBeanFactory.doCreateBean(AbstractAutowireCapableBeanFactory.java:600) ~[spring-beans-6.1.10.jar:6.1.10]
	at org.springframework.beans.factory.support.AbstractAutowireCapableBeanFactory.createBean(AbstractAutowireCapableBeanFactory.java:522) ~[spring-beans-6.1.10.jar:6.1.10]
	at org.springframework.beans.factory.support.AbstractBeanFactory.lambda$doGetBean$0(AbstractBeanFactory.java:337) ~[spring-beans-6.1.10.jar:6.1.10]
	at org.springframework.beans.factory.support.DefaultSingletonBeanRegistry.getSingleton(DefaultSingletonBeanRegistry.java:234) ~[spring-beans-6.1.10.jar:6.1.10]
	at org.springframework.beans.factory.support.AbstractBeanFactory.doGetBean(AbstractBeanFactory.java:335) ~[spring-beans-6.1.10.jar:6.1.10]
	at org.springframework.beans.factory.support.AbstractBeanFactory.getBean(AbstractBeanFactory.java:200) ~[spring-beans-6.1.10.jar:6.1.10]
	at org.springframework.beans.factory.config.DependencyDescriptor.resolveCandidate(DependencyDescriptor.java:254) ~[spring-beans-6.1.10.jar:6.1.10]
	at org.springframework.beans.factory.support.DefaultListableBeanFactory.doResolveDependency(DefaultListableBeanFactory.java:1443) ~[spring-beans-6.1.10.jar:6.1.10]
	at org.springframework.beans.factory.support.DefaultListableBeanFactory.resolveDependency(DefaultListableBeanFactory.java:1353) ~[spring-beans-6.1.10.jar:6.1.10]
	at org.springframework.beans.factory.support.ConstructorResolver.resolveAutowiredArgument(ConstructorResolver.java:904) ~[spring-beans-6.1.10.jar:6.1.10]
	at org.springframework.beans.factory.support.ConstructorResolver.createArgumentArray(ConstructorResolver.java:782) ~[spring-beans-6.1.10.jar:6.1.10]
	at org.springframework.beans.factory.support.ConstructorResolver.autowireConstructor(ConstructorResolver.java:237) ~[spring-beans-6.1.10.jar:6.1.10]
	at org.springframework.beans.factory.support.AbstractAutowireCapableBeanFactory.autowireConstructor(AbstractAutowireCapableBeanFactory.java:1357) ~[spring-beans-6.1.10.jar:6.1.10]
	at org.springframework.beans.factory.support.AbstractAutowireCapableBeanFactory.createBeanInstance(AbstractAutowireCapableBeanFactory.java:1194) ~[spring-beans-6.1.10.jar:6.1.10]
	at org.springframework.beans.factory.support.AbstractAutowireCapableBeanFactory.doCreateBean(AbstractAutowireCapableBeanFactory.java:562) ~[spring-beans-6.1.10.jar:6.1.10]
	at org.springframework.beans.factory.support.AbstractAutowireCapableBeanFactory.createBean(AbstractAutowireCapableBeanFactory.java:522) ~[spring-beans-6.1.10.jar:6.1.10]
	at org.springframework.beans.factory.support.AbstractBeanFactory.lambda$doGetBean$0(AbstractBeanFactory.java:337) ~[spring-beans-6.1.10.jar:6.1.10]
	at org.springframework.beans.factory.support.DefaultSingletonBeanRegistry.getSingleton(DefaultSingletonBeanRegistry.java:234) ~[spring-beans-6.1.10.jar:6.1.10]
	at org.springframework.beans.factory.support.AbstractBeanFactory.doGetBean(AbstractBeanFactory.java:335) ~[spring-beans-6.1.10.jar:6.1.10]
	at org.springframework.beans.factory.support.AbstractBeanFactory.getBean(AbstractBeanFactory.java:200) ~[spring-beans-6.1.10.jar:6.1.10]
	at org.springframework.beans.factory.config.DependencyDescriptor.resolveCandidate(DependencyDescriptor.java:254) ~[spring-beans-6.1.10.jar:6.1.10]
	at org.springframework.beans.factory.support.DefaultListableBeanFactory.doResolveDependency(DefaultListableBeanFactory.java:1443) ~[spring-beans-6.1.10.jar:6.1.10]
	at org.springframework.beans.factory.support.DefaultListableBeanFactory.resolveDependency(DefaultListableBeanFactory.java:1353) ~[spring-beans-6.1.10.jar:6.1.10]
	at org.springframework.beans.factory.support.ConstructorResolver.resolveAutowiredArgument(ConstructorResolver.java:904) ~[spring-beans-6.1.10.jar:6.1.10]
	at org.springframework.beans.factory.support.ConstructorResolver.createArgumentArray(ConstructorResolver.java:782) ~[spring-beans-6.1.10.jar:6.1.10]
	at org.springframework.beans.factory.support.ConstructorResolver.autowireConstructor(ConstructorResolver.java:237) ~[spring-beans-6.1.10.jar:6.1.10]
	at org.springframework.beans.factory.support.AbstractAutowireCapableBeanFactory.autowireConstructor(AbstractAutowireCapableBeanFactory.java:1357) ~[spring-beans-6.1.10.jar:6.1.10]
	at org.springframework.beans.factory.support.AbstractAutowireCapableBeanFactory.createBeanInstance(AbstractAutowireCapableBeanFactory.java:1194) ~[spring-beans-6.1.10.jar:6.1.10]
	at org.springframework.beans.factory.support.AbstractAutowireCapableBeanFactory.doCreateBean(AbstractAutowireCapableBeanFactory.java:562) ~[spring-beans-6.1.10.jar:6.1.10]
	at org.springframework.beans.factory.support.AbstractAutowireCapableBeanFactory.createBean(AbstractAutowireCapableBeanFactory.java:522) ~[spring-beans-6.1.10.jar:6.1.10]
	at org.springframework.beans.factory.support.AbstractBeanFactory.lambda$doGetBean$0(AbstractBeanFactory.java:337) ~[spring-beans-6.1.10.jar:6.1.10]
	at org.springframework.beans.factory.support.DefaultSingletonBeanRegistry.getSingleton(DefaultSingletonBeanRegistry.java:234) ~[spring-beans-6.1.10.jar:6.1.10]
	at org.springframework.beans.factory.support.AbstractBeanFactory.doGetBean(AbstractBeanFactory.java:335) ~[spring-beans-6.1.10.jar:6.1.10]
	at org.springframework.beans.factory.support.AbstractBeanFactory.getBean(AbstractBeanFactory.java:200) ~[spring-beans-6.1.10.jar:6.1.10]
	at org.springframework.beans.factory.support.DefaultListableBeanFactory.preInstantiateSingletons(DefaultListableBeanFactory.java:975) ~[spring-beans-6.1.10.jar:6.1.10]
	at org.springframework.context.support.AbstractApplicationContext.finishBeanFactoryInitialization(AbstractApplicationContext.java:962) ~[spring-context-6.1.10.jar:6.1.10]
	at org.springframework.context.support.AbstractApplicationContext.refresh(AbstractApplicationContext.java:624) ~[spring-context-6.1.10.jar:6.1.10]
	at org.springframework.boot.SpringApplication.refresh(SpringApplication.java:754) ~[spring-boot-3.3.1.jar:3.3.1]
	at org.springframework.boot.SpringApplication.refreshContext(SpringApplication.java:456) ~[spring-boot-3.3.1.jar:3.3.1]
	at org.springframework.boot.SpringApplication.run(SpringApplication.java:335) ~[spring-boot-3.3.1.jar:3.3.1]
	at org.springframework.boot.test.context.SpringBootContextLoader.lambda$loadContext$3(SpringBootContextLoader.java:137) ~[spring-boot-test-3.3.1.jar:3.3.1]
	at org.springframework.util.function.ThrowingSupplier.get(ThrowingSupplier.java:58) ~[spring-core-6.1.10.jar:6.1.10]
	at org.springframework.util.function.ThrowingSupplier.get(ThrowingSupplier.java:46) ~[spring-core-6.1.10.jar:6.1.10]
	at org.springframework.boot.SpringApplication.withHook(SpringApplication.java:1463) ~[spring-boot-3.3.1.jar:3.3.1]
	at org.springframework.boot.test.context.SpringBootContextLoader$ContextLoaderHook.run(SpringBootContextLoader.java:553) ~[spring-boot-test-3.3.1.jar:3.3.1]
	at org.springframework.boot.test.context.SpringBootContextLoader.loadContext(SpringBootContextLoader.java:137) ~[spring-boot-test-3.3.1.jar:3.3.1]
	at org.springframework.boot.test.context.SpringBootContextLoader.loadContext(SpringBootContextLoader.java:108) ~[spring-boot-test-3.3.1.jar:3.3.1]
	at org.springframework.test.context.cache.DefaultCacheAwareContextLoaderDelegate.loadContextInternal(DefaultCacheAwareContextLoaderDelegate.java:225) ~[spring-test-6.1.10.jar:6.1.10]
	at org.springframework.test.context.cache.DefaultCacheAwareContextLoaderDelegate.loadContext(DefaultCacheAwareContextLoaderDelegate.java:152) ~[spring-test-6.1.10.jar:6.1.10]
	at org.springframework.test.context.support.DefaultTestContext.getApplicationContext(DefaultTestContext.java:130) ~[spring-test-6.1.10.jar:6.1.10]
	at org.springframework.test.context.web.ServletTestExecutionListener.setUpRequestContextIfNecessary(ServletTestExecutionListener.java:191) ~[spring-test-6.1.10.jar:6.1.10]
	at org.springframework.test.context.web.ServletTestExecutionListener.prepareTestInstance(ServletTestExecutionListener.java:130) ~[spring-test-6.1.10.jar:6.1.10]
	at org.springframework.test.context.TestContextManager.prepareTestInstance(TestContextManager.java:260) ~[spring-test-6.1.10.jar:6.1.10]
	at org.springframework.test.context.junit.jupiter.SpringExtension.postProcessTestInstance(SpringExtension.java:163) ~[spring-test-6.1.10.jar:6.1.10]
	at org.junit.jupiter.engine.descriptor.ClassBasedTestDescriptor.lambda$invokeTestInstancePostProcessors$10(ClassBasedTestDescriptor.java:378) ~[junit-jupiter-engine-5.10.2.jar:5.10.2]
	at org.junit.jupiter.engine.descriptor.ClassBasedTestDescriptor.executeAndMaskThrowable(ClassBasedTestDescriptor.java:383) ~[junit-jupiter-engine-5.10.2.jar:5.10.2]
	at org.junit.jupiter.engine.descriptor.ClassBasedTestDescriptor.lambda$invokeTestInstancePostProcessors$11(ClassBasedTestDescriptor.java:378) ~[junit-jupiter-engine-5.10.2.jar:5.10.2]
	at java.base/java.util.stream.ReferencePipeline$3$1.accept(ReferencePipeline.java:215) ~[na:na]
	at java.base/java.util.stream.ReferencePipeline$2$1.accept(ReferencePipeline.java:197) ~[na:na]
	at java.base/java.util.ArrayList$ArrayListSpliterator.forEachRemaining(ArrayList.java:1709) ~[na:na]
	at java.base/java.util.stream.AbstractPipeline.copyInto(AbstractPipeline.java:570) ~[na:na]
	at java.base/java.util.stream.AbstractPipeline.wrapAndCopyInto(AbstractPipeline.java:560) ~[na:na]
	at java.base/java.util.stream.StreamSpliterators$WrappingSpliterator.forEachRemaining(StreamSpliterators.java:315) ~[na:na]
	at java.base/java.util.stream.Streams$ConcatSpliterator.forEachRemaining(Streams.java:735) ~[na:na]
	at java.base/java.util.stream.Streams$ConcatSpliterator.forEachRemaining(Streams.java:734) ~[na:na]
	at java.base/java.util.stream.ReferencePipeline$Head.forEach(ReferencePipeline.java:807) ~[na:na]
	at org.junit.jupiter.engine.descriptor.ClassBasedTestDescriptor.invokeTestInstancePostProcessors(ClassBasedTestDescriptor.java:377) ~[junit-jupiter-engine-5.10.2.jar:5.10.2]
	at org.junit.jupiter.engine.descriptor.ClassBasedTestDescriptor.lambda$instantiateAndPostProcessTestInstance$6(ClassBasedTestDescriptor.java:290) ~[junit-jupiter-engine-5.10.2.jar:5.10.2]
	at org.junit.platform.engine.support.hierarchical.ThrowableCollector.execute(ThrowableCollector.java:73) ~[junit-platform-engine-1.10.2.jar:1.10.2]
	at org.junit.jupiter.engine.descriptor.ClassBasedTestDescriptor.instantiateAndPostProcessTestInstance(ClassBasedTestDescriptor.java:289) ~[junit-jupiter-engine-5.10.2.jar:5.10.2]
	at org.junit.jupiter.engine.descriptor.ClassBasedTestDescriptor.lambda$testInstancesProvider$4(ClassBasedTestDescriptor.java:279) ~[junit-jupiter-engine-5.10.2.jar:5.10.2]
	at java.base/java.util.Optional.orElseGet(Optional.java:364) ~[na:na]
	at org.junit.jupiter.engine.descriptor.ClassBasedTestDescriptor.lambda$testInstancesProvider$5(ClassBasedTestDescriptor.java:278) ~[junit-jupiter-engine-5.10.2.jar:5.10.2]
	at org.junit.jupiter.engine.execution.TestInstancesProvider.getTestInstances(TestInstancesProvider.java:31) ~[junit-jupiter-engine-5.10.2.jar:5.10.2]
	at org.junit.jupiter.engine.descriptor.TestMethodTestDescriptor.lambda$prepare$0(TestMethodTestDescriptor.java:106) ~[junit-jupiter-engine-5.10.2.jar:5.10.2]
	at org.junit.platform.engine.support.hierarchical.ThrowableCollector.execute(ThrowableCollector.java:73) ~[junit-platform-engine-1.10.2.jar:1.10.2]
	at org.junit.jupiter.engine.descriptor.TestMethodTestDescriptor.prepare(TestMethodTestDescriptor.java:105) ~[junit-jupiter-engine-5.10.2.jar:5.10.2]
	at org.junit.jupiter.engine.descriptor.TestMethodTestDescriptor.prepare(TestMethodTestDescriptor.java:69) ~[junit-jupiter-engine-5.10.2.jar:5.10.2]
	at org.junit.platform.engine.support.hierarchical.NodeTestTask.lambda$prepare$2(NodeTestTask.java:123) ~[junit-platform-engine-1.10.2.jar:1.10.2]
	at org.junit.platform.engine.support.hierarchical.ThrowableCollector.execute(ThrowableCollector.java:73) ~[junit-platform-engine-1.10.2.jar:1.10.2]
	at org.junit.platform.engine.support.hierarchical.NodeTestTask.prepare(NodeTestTask.java:123) ~[junit-platform-engine-1.10.2.jar:1.10.2]
	at org.junit.platform.engine.support.hierarchical.NodeTestTask.execute(NodeTestTask.java:90) ~[junit-platform-engine-1.10.2.jar:1.10.2]
	at java.base/java.util.ArrayList.forEach(ArrayList.java:1597) ~[na:na]
	at org.junit.platform.engine.support.hierarchical.SameThreadHierarchicalTestExecutorService.invokeAll(SameThreadHierarchicalTestExecutorService.java:41) ~[junit-platform-engine-1.10.2.jar:1.10.2]
	at org.junit.platform.engine.support.hierarchical.NodeTestTask.lambda$executeRecursively$6(NodeTestTask.java:155) ~[junit-platform-engine-1.10.2.jar:1.10.2]
	at org.junit.platform.engine.support.hierarchical.ThrowableCollector.execute(ThrowableCollector.java:73) ~[junit-platform-engine-1.10.2.jar:1.10.2]
	at org.junit.platform.engine.support.hierarchical.NodeTestTask.lambda$executeRecursively$8(NodeTestTask.java:141) ~[junit-platform-engine-1.10.2.jar:1.10.2]
	at org.junit.platform.engine.support.hierarchical.Node.around(Node.java:137) ~[junit-platform-engine-1.10.2.jar:1.10.2]
	at org.junit.platform.engine.support.hierarchical.NodeTestTask.lambda$executeRecursively$9(NodeTestTask.java:139) ~[junit-platform-engine-1.10.2.jar:1.10.2]
	at org.junit.platform.engine.support.hierarchical.ThrowableCollector.execute(ThrowableCollector.java:73) ~[junit-platform-engine-1.10.2.jar:1.10.2]
	at org.junit.platform.engine.support.hierarchical.NodeTestTask.executeRecursively(NodeTestTask.java:138) ~[junit-platform-engine-1.10.2.jar:1.10.2]
	at org.junit.platform.engine.support.hierarchical.NodeTestTask.execute(NodeTestTask.java:95) ~[junit-platform-engine-1.10.2.jar:1.10.2]
	at java.base/java.util.ArrayList.forEach(ArrayList.java:1597) ~[na:na]
	at org.junit.platform.engine.support.hierarchical.SameThreadHierarchicalTestExecutorService.invokeAll(SameThreadHierarchicalTestExecutorService.java:41) ~[junit-platform-engine-1.10.2.jar:1.10.2]
	at org.junit.platform.engine.support.hierarchical.NodeTestTask.lambda$executeRecursively$6(NodeTestTask.java:155) ~[junit-platform-engine-1.10.2.jar:1.10.2]
	at org.junit.platform.engine.support.hierarchical.ThrowableCollector.execute(ThrowableCollector.java:73) ~[junit-platform-engine-1.10.2.jar:1.10.2]
	at org.junit.platform.engine.support.hierarchical.NodeTestTask.lambda$executeRecursively$8(NodeTestTask.java:141) ~[junit-platform-engine-1.10.2.jar:1.10.2]
	at org.junit.platform.engine.support.hierarchical.Node.around(Node.java:137) ~[junit-platform-engine-1.10.2.jar:1.10.2]
	at org.junit.platform.engine.support.hierarchical.NodeTestTask.lambda$executeRecursively$9(NodeTestTask.java:139) ~[junit-platform-engine-1.10.2.jar:1.10.2]
	at org.junit.platform.engine.support.hierarchical.ThrowableCollector.execute(ThrowableCollector.java:73) ~[junit-platform-engine-1.10.2.jar:1.10.2]
	at org.junit.platform.engine.support.hierarchical.NodeTestTask.executeRecursively(NodeTestTask.java:138) ~[junit-platform-engine-1.10.2.jar:1.10.2]
	at org.junit.platform.engine.support.hierarchical.NodeTestTask.execute(NodeTestTask.java:95) ~[junit-platform-engine-1.10.2.jar:1.10.2]
	at org.junit.platform.engine.support.hierarchical.SameThreadHierarchicalTestExecutorService.submit(SameThreadHierarchicalTestExecutorService.java:35) ~[junit-platform-engine-1.10.2.jar:1.10.2]
	at org.junit.platform.engine.support.hierarchical.HierarchicalTestExecutor.execute(HierarchicalTestExecutor.java:57) ~[junit-platform-engine-1.10.2.jar:1.10.2]
	at org.junit.platform.engine.support.hierarchical.HierarchicalTestEngine.execute(HierarchicalTestEngine.java:54) ~[junit-platform-engine-1.10.2.jar:1.10.2]
	at org.junit.platform.launcher.core.EngineExecutionOrchestrator.execute(EngineExecutionOrchestrator.java:198) ~[junit-platform-launcher-1.10.2.jar:1.10.2]
	at org.junit.platform.launcher.core.EngineExecutionOrchestrator.execute(EngineExecutionOrchestrator.java:169) ~[junit-platform-launcher-1.10.2.jar:1.10.2]
	at org.junit.platform.launcher.core.EngineExecutionOrchestrator.execute(EngineExecutionOrchestrator.java:93) ~[junit-platform-launcher-1.10.2.jar:1.10.2]
	at org.junit.platform.launcher.core.EngineExecutionOrchestrator.lambda$execute$0(EngineExecutionOrchestrator.java:58) ~[junit-platform-launcher-1.10.2.jar:1.10.2]
	at org.junit.platform.launcher.core.EngineExecutionOrchestrator.withInterceptedStreams(EngineExecutionOrchestrator.java:141) ~[junit-platform-launcher-1.10.2.jar:1.10.2]
	at org.junit.platform.launcher.core.EngineExecutionOrchestrator.execute(EngineExecutionOrchestrator.java:57) ~[junit-platform-launcher-1.10.2.jar:1.10.2]
	at org.junit.platform.launcher.core.DefaultLauncher.execute(DefaultLauncher.java:103) ~[junit-platform-launcher-1.10.2.jar:1.10.2]
	at org.junit.platform.launcher.core.DefaultLauncher.execute(DefaultLauncher.java:85) ~[junit-platform-launcher-1.10.2.jar:1.10.2]
	at org.junit.platform.launcher.core.DelegatingLauncher.execute(DelegatingLauncher.java:47) ~[junit-platform-launcher-1.10.2.jar:1.10.2]
	at org.apache.maven.surefire.junitplatform.LazyLauncher.execute(LazyLauncher.java:56) ~[surefire-junit-platform-3.2.5.jar:3.2.5]
	at org.apache.maven.surefire.junitplatform.JUnitPlatformProvider.execute(JUnitPlatformProvider.java:184) ~[surefire-junit-platform-3.2.5.jar:3.2.5]
	at org.apache.maven.surefire.junitplatform.JUnitPlatformProvider.invokeAllTests(JUnitPlatformProvider.java:148) ~[surefire-junit-platform-3.2.5.jar:3.2.5]
	at org.apache.maven.surefire.junitplatform.JUnitPlatformProvider.invoke(JUnitPlatformProvider.java:122) ~[surefire-junit-platform-3.2.5.jar:3.2.5]
	at org.apache.maven.surefire.booter.ForkedBooter.runSuitesInProcess(ForkedBooter.java:385) ~[surefire-booter-3.2.5.jar:3.2.5]
	at org.apache.maven.surefire.booter.ForkedBooter.execute(ForkedBooter.java:162) ~[surefire-booter-3.2.5.jar:3.2.5]
	at org.apache.maven.surefire.booter.ForkedBooter.run(ForkedBooter.java:507) ~[surefire-booter-3.2.5.jar:3.2.5]
	at org.apache.maven.surefire.booter.ForkedBooter.main(ForkedBooter.java:495) ~[surefire-booter-3.2.5.jar:3.2.5]

2025-08-24T11:33:20.373+03:30 DEBUG 1188 --- [ChiDaram App] [           main] tor$SharedEntityManagerInvocationHandler : Creating new EntityManager for shared EntityManager invocation
2025-08-24T11:33:20.548+03:30 DEBUG 1188 --- [ChiDaram App] [           main] tor$SharedEntityManagerInvocationHandler : Creating new EntityManager for shared EntityManager invocation
2025-08-24T11:33:20.725+03:30 DEBUG 1188 --- [ChiDaram App] [           main] tor$SharedEntityManagerInvocationHandler : Creating new EntityManager for shared EntityManager invocation
2025-08-24T11:33:20.973+03:30 DEBUG 1188 --- [ChiDaram App] [           main] cResourceLocalTransactionCoordinatorImpl : JDBC transaction marked for rollback-only (exception provided for stack trace)

java.lang.Exception: exception just for purpose of providing stack trace
	at org.hibernate.resource.transaction.backend.jdbc.internal.JdbcResourceLocalTransactionCoordinatorImpl$TransactionDriverControlImpl.markRollbackOnly(JdbcResourceLocalTransactionCoordinatorImpl.java:309) ~[hibernate-core-6.5.2.Final.jar:6.5.2.Final]
	at org.hibernate.internal.AbstractSharedSessionContract.buildNamedQuery(AbstractSharedSessionContract.java:1109) ~[hibernate-core-6.5.2.Final.jar:6.5.2.Final]
	at org.hibernate.internal.AbstractSharedSessionContract.createNamedQuery(AbstractSharedSessionContract.java:987) ~[hibernate-core-6.5.2.Final.jar:6.5.2.Final]
	at org.hibernate.internal.AbstractSharedSessionContract.createNamedQuery(AbstractSharedSessionContract.java:140) ~[hibernate-core-6.5.2.Final.jar:6.5.2.Final]
	at java.base/jdk.internal.reflect.DirectMethodHandleAccessor.invoke(DirectMethodHandleAccessor.java:103) ~[na:na]
	at java.base/java.lang.reflect.Method.invoke(Method.java:580) ~[na:na]
	at org.springframework.orm.jpa.ExtendedEntityManagerCreator$ExtendedEntityManagerInvocationHandler.invoke(ExtendedEntityManagerCreator.java:364) ~[spring-orm-6.1.10.jar:6.1.10]
	at jdk.proxy2/jdk.proxy2.$Proxy160.createNamedQuery(Unknown Source) ~[na:na]
	at org.springframework.data.jpa.repository.query.NamedQuery.hasNamedQuery(NamedQuery.java:112) ~[spring-data-jpa-3.3.1.jar:3.3.1]
	at org.springframework.data.jpa.repository.query.NamedQuery.lookupFrom(NamedQuery.java:138) ~[spring-data-jpa-3.3.1.jar:3.3.1]
	at org.springframework.data.jpa.repository.query.JpaQueryLookupStrategy$DeclaredQueryLookupStrategy.resolveQuery(JpaQueryLookupStrategy.java:180) ~[spring-data-jpa-3.3.1.jar:3.3.1]
	at org.springframework.data.jpa.repository.query.JpaQueryLookupStrategy$CreateIfNotFoundQueryLookupStrategy.resolveQuery(JpaQueryLookupStrategy.java:252) ~[spring-data-jpa-3.3.1.jar:3.3.1]
	at org.springframework.data.jpa.repository.query.JpaQueryLookupStrategy$AbstractQueryLookupStrategy.resolveQuery(JpaQueryLookupStrategy.java:95) ~[spring-data-jpa-3.3.1.jar:3.3.1]
	at org.springframework.data.repository.core.support.QueryExecutorMethodInterceptor.lookupQuery(QueryExecutorMethodInterceptor.java:111) ~[spring-data-commons-3.3.1.jar:3.3.1]
	at org.springframework.data.repository.core.support.QueryExecutorMethodInterceptor.mapMethodsToQuery(QueryExecutorMethodInterceptor.java:99) ~[spring-data-commons-3.3.1.jar:3.3.1]
	at org.springframework.data.repository.core.support.QueryExecutorMethodInterceptor.lambda$new$0(QueryExecutorMethodInterceptor.java:88) ~[spring-data-commons-3.3.1.jar:3.3.1]
	at java.base/java.util.Optional.map(Optional.java:260) ~[na:na]
	at org.springframework.data.repository.core.support.QueryExecutorMethodInterceptor.<init>(QueryExecutorMethodInterceptor.java:88) ~[spring-data-commons-3.3.1.jar:3.3.1]
	at org.springframework.data.repository.core.support.RepositoryFactorySupport.getRepository(RepositoryFactorySupport.java:357) ~[spring-data-commons-3.3.1.jar:3.3.1]
	at org.springframework.data.repository.core.support.RepositoryFactoryBeanSupport.lambda$afterPropertiesSet$5(RepositoryFactoryBeanSupport.java:286) ~[spring-data-commons-3.3.1.jar:3.3.1]
	at org.springframework.data.util.Lazy.getNullable(Lazy.java:135) ~[spring-data-commons-3.3.1.jar:3.3.1]
	at org.springframework.data.util.Lazy.get(Lazy.java:113) ~[spring-data-commons-3.3.1.jar:3.3.1]
	at org.springframework.data.repository.core.support.RepositoryFactoryBeanSupport.afterPropertiesSet(RepositoryFactoryBeanSupport.java:292) ~[spring-data-commons-3.3.1.jar:3.3.1]
	at org.springframework.data.jpa.repository.support.JpaRepositoryFactoryBean.afterPropertiesSet(JpaRepositoryFactoryBean.java:132) ~[spring-data-jpa-3.3.1.jar:3.3.1]
	at org.springframework.beans.factory.support.AbstractAutowireCapableBeanFactory.invokeInitMethods(AbstractAutowireCapableBeanFactory.java:1835) ~[spring-beans-6.1.10.jar:6.1.10]
	at org.springframework.beans.factory.support.AbstractAutowireCapableBeanFactory.initializeBean(AbstractAutowireCapableBeanFactory.java:1784) ~[spring-beans-6.1.10.jar:6.1.10]
	at org.springframework.beans.factory.support.AbstractAutowireCapableBeanFactory.doCreateBean(AbstractAutowireCapableBeanFactory.java:600) ~[spring-beans-6.1.10.jar:6.1.10]
	at org.springframework.beans.factory.support.AbstractAutowireCapableBeanFactory.createBean(AbstractAutowireCapableBeanFactory.java:522) ~[spring-beans-6.1.10.jar:6.1.10]
	at org.springframework.beans.factory.support.AbstractBeanFactory.lambda$doGetBean$0(AbstractBeanFactory.java:337) ~[spring-beans-6.1.10.jar:6.1.10]
	at org.springframework.beans.factory.support.DefaultSingletonBeanRegistry.getSingleton(DefaultSingletonBeanRegistry.java:234) ~[spring-beans-6.1.10.jar:6.1.10]
	at org.springframework.beans.factory.support.AbstractBeanFactory.doGetBean(AbstractBeanFactory.java:335) ~[spring-beans-6.1.10.jar:6.1.10]
	at org.springframework.beans.factory.support.AbstractBeanFactory.getBean(AbstractBeanFactory.java:200) ~[spring-beans-6.1.10.jar:6.1.10]
	at org.springframework.beans.factory.config.DependencyDescriptor.resolveCandidate(DependencyDescriptor.java:254) ~[spring-beans-6.1.10.jar:6.1.10]
	at org.springframework.beans.factory.support.DefaultListableBeanFactory.doResolveDependency(DefaultListableBeanFactory.java:1443) ~[spring-beans-6.1.10.jar:6.1.10]
	at org.springframework.beans.factory.support.DefaultListableBeanFactory.resolveDependency(DefaultListableBeanFactory.java:1353) ~[spring-beans-6.1.10.jar:6.1.10]
	at org.springframework.beans.factory.support.ConstructorResolver.resolveAutowiredArgument(ConstructorResolver.java:904) ~[spring-beans-6.1.10.jar:6.1.10]
	at org.springframework.beans.factory.support.ConstructorResolver.createArgumentArray(ConstructorResolver.java:782) ~[spring-beans-6.1.10.jar:6.1.10]
	at org.springframework.beans.factory.support.ConstructorResolver.autowireConstructor(ConstructorResolver.java:237) ~[spring-beans-6.1.10.jar:6.1.10]
	at org.springframework.beans.factory.support.AbstractAutowireCapableBeanFactory.autowireConstructor(AbstractAutowireCapableBeanFactory.java:1357) ~[spring-beans-6.1.10.jar:6.1.10]
	at org.springframework.beans.factory.support.AbstractAutowireCapableBeanFactory.createBeanInstance(AbstractAutowireCapableBeanFactory.java:1194) ~[spring-beans-6.1.10.jar:6.1.10]
	at org.springframework.beans.factory.support.AbstractAutowireCapableBeanFactory.doCreateBean(AbstractAutowireCapableBeanFactory.java:562) ~[spring-beans-6.1.10.jar:6.1.10]
	at org.springframework.beans.factory.support.AbstractAutowireCapableBeanFactory.createBean(AbstractAutowireCapableBeanFactory.java:522) ~[spring-beans-6.1.10.jar:6.1.10]
	at org.springframework.beans.factory.support.AbstractBeanFactory.lambda$doGetBean$0(AbstractBeanFactory.java:337) ~[spring-beans-6.1.10.jar:6.1.10]
	at org.springframework.beans.factory.support.DefaultSingletonBeanRegistry.getSingleton(DefaultSingletonBeanRegistry.java:234) ~[spring-beans-6.1.10.jar:6.1.10]
	at org.springframework.beans.factory.support.AbstractBeanFactory.doGetBean(AbstractBeanFactory.java:335) ~[spring-beans-6.1.10.jar:6.1.10]
	at org.springframework.beans.factory.support.AbstractBeanFactory.getBean(AbstractBeanFactory.java:200) ~[spring-beans-6.1.10.jar:6.1.10]
	at org.springframework.beans.factory.config.DependencyDescriptor.resolveCandidate(DependencyDescriptor.java:254) ~[spring-beans-6.1.10.jar:6.1.10]
	at org.springframework.beans.factory.support.DefaultListableBeanFactory.doResolveDependency(DefaultListableBeanFactory.java:1443) ~[spring-beans-6.1.10.jar:6.1.10]
	at org.springframework.beans.factory.support.DefaultListableBeanFactory.resolveDependency(DefaultListableBeanFactory.java:1353) ~[spring-beans-6.1.10.jar:6.1.10]
	at org.springframework.beans.factory.support.ConstructorResolver.resolveAutowiredArgument(ConstructorResolver.java:904) ~[spring-beans-6.1.10.jar:6.1.10]
	at org.springframework.beans.factory.support.ConstructorResolver.createArgumentArray(ConstructorResolver.java:782) ~[spring-beans-6.1.10.jar:6.1.10]
	at org.springframework.beans.factory.support.ConstructorResolver.autowireConstructor(ConstructorResolver.java:237) ~[spring-beans-6.1.10.jar:6.1.10]
	at org.springframework.beans.factory.support.AbstractAutowireCapableBeanFactory.autowireConstructor(AbstractAutowireCapableBeanFactory.java:1357) ~[spring-beans-6.1.10.jar:6.1.10]
	at org.springframework.beans.factory.support.AbstractAutowireCapableBeanFactory.createBeanInstance(AbstractAutowireCapableBeanFactory.java:1194) ~[spring-beans-6.1.10.jar:6.1.10]
	at org.springframework.beans.factory.support.AbstractAutowireCapableBeanFactory.doCreateBean(AbstractAutowireCapableBeanFactory.java:562) ~[spring-beans-6.1.10.jar:6.1.10]
	at org.springframework.beans.factory.support.AbstractAutowireCapableBeanFactory.createBean(AbstractAutowireCapableBeanFactory.java:522) ~[spring-beans-6.1.10.jar:6.1.10]
	at org.springframework.beans.factory.support.AbstractBeanFactory.lambda$doGetBean$0(AbstractBeanFactory.java:337) ~[spring-beans-6.1.10.jar:6.1.10]
	at org.springframework.beans.factory.support.DefaultSingletonBeanRegistry.getSingleton(DefaultSingletonBeanRegistry.java:234) ~[spring-beans-6.1.10.jar:6.1.10]
	at org.springframework.beans.factory.support.AbstractBeanFactory.doGetBean(AbstractBeanFactory.java:335) ~[spring-beans-6.1.10.jar:6.1.10]
	at org.springframework.beans.factory.support.AbstractBeanFactory.getBean(AbstractBeanFactory.java:200) ~[spring-beans-6.1.10.jar:6.1.10]
	at org.springframework.beans.factory.support.DefaultListableBeanFactory.preInstantiateSingletons(DefaultListableBeanFactory.java:975) ~[spring-beans-6.1.10.jar:6.1.10]
	at org.springframework.context.support.AbstractApplicationContext.finishBeanFactoryInitialization(AbstractApplicationContext.java:962) ~[spring-context-6.1.10.jar:6.1.10]
	at org.springframework.context.support.AbstractApplicationContext.refresh(AbstractApplicationContext.java:624) ~[spring-context-6.1.10.jar:6.1.10]
	at org.springframework.boot.SpringApplication.refresh(SpringApplication.java:754) ~[spring-boot-3.3.1.jar:3.3.1]
	at org.springframework.boot.SpringApplication.refreshContext(SpringApplication.java:456) ~[spring-boot-3.3.1.jar:3.3.1]
	at org.springframework.boot.SpringApplication.run(SpringApplication.java:335) ~[spring-boot-3.3.1.jar:3.3.1]
	at org.springframework.boot.test.context.SpringBootContextLoader.lambda$loadContext$3(SpringBootContextLoader.java:137) ~[spring-boot-test-3.3.1.jar:3.3.1]
	at org.springframework.util.function.ThrowingSupplier.get(ThrowingSupplier.java:58) ~[spring-core-6.1.10.jar:6.1.10]
	at org.springframework.util.function.ThrowingSupplier.get(ThrowingSupplier.java:46) ~[spring-core-6.1.10.jar:6.1.10]
	at org.springframework.boot.SpringApplication.withHook(SpringApplication.java:1463) ~[spring-boot-3.3.1.jar:3.3.1]
	at org.springframework.boot.test.context.SpringBootContextLoader$ContextLoaderHook.run(SpringBootContextLoader.java:553) ~[spring-boot-test-3.3.1.jar:3.3.1]
	at org.springframework.boot.test.context.SpringBootContextLoader.loadContext(SpringBootContextLoader.java:137) ~[spring-boot-test-3.3.1.jar:3.3.1]
	at org.springframework.boot.test.context.SpringBootContextLoader.loadContext(SpringBootContextLoader.java:108) ~[spring-boot-test-3.3.1.jar:3.3.1]
	at org.springframework.test.context.cache.DefaultCacheAwareContextLoaderDelegate.loadContextInternal(DefaultCacheAwareContextLoaderDelegate.java:225) ~[spring-test-6.1.10.jar:6.1.10]
	at org.springframework.test.context.cache.DefaultCacheAwareContextLoaderDelegate.loadContext(DefaultCacheAwareContextLoaderDelegate.java:152) ~[spring-test-6.1.10.jar:6.1.10]
	at org.springframework.test.context.support.DefaultTestContext.getApplicationContext(DefaultTestContext.java:130) ~[spring-test-6.1.10.jar:6.1.10]
	at org.springframework.test.context.web.ServletTestExecutionListener.setUpRequestContextIfNecessary(ServletTestExecutionListener.java:191) ~[spring-test-6.1.10.jar:6.1.10]
	at org.springframework.test.context.web.ServletTestExecutionListener.prepareTestInstance(ServletTestExecutionListener.java:130) ~[spring-test-6.1.10.jar:6.1.10]
	at org.springframework.test.context.TestContextManager.prepareTestInstance(TestContextManager.java:260) ~[spring-test-6.1.10.jar:6.1.10]
	at org.springframework.test.context.junit.jupiter.SpringExtension.postProcessTestInstance(SpringExtension.java:163) ~[spring-test-6.1.10.jar:6.1.10]
	at org.junit.jupiter.engine.descriptor.ClassBasedTestDescriptor.lambda$invokeTestInstancePostProcessors$10(ClassBasedTestDescriptor.java:378) ~[junit-jupiter-engine-5.10.2.jar:5.10.2]
	at org.junit.jupiter.engine.descriptor.ClassBasedTestDescriptor.executeAndMaskThrowable(ClassBasedTestDescriptor.java:383) ~[junit-jupiter-engine-5.10.2.jar:5.10.2]
	at org.junit.jupiter.engine.descriptor.ClassBasedTestDescriptor.lambda$invokeTestInstancePostProcessors$11(ClassBasedTestDescriptor.java:378) ~[junit-jupiter-engine-5.10.2.jar:5.10.2]
	at java.base/java.util.stream.ReferencePipeline$3$1.accept(ReferencePipeline.java:215) ~[na:na]
	at java.base/java.util.stream.ReferencePipeline$2$1.accept(ReferencePipeline.java:197) ~[na:na]
	at java.base/java.util.ArrayList$ArrayListSpliterator.forEachRemaining(ArrayList.java:1709) ~[na:na]
	at java.base/java.util.stream.AbstractPipeline.copyInto(AbstractPipeline.java:570) ~[na:na]
	at java.base/java.util.stream.AbstractPipeline.wrapAndCopyInto(AbstractPipeline.java:560) ~[na:na]
	at java.base/java.util.stream.StreamSpliterators$WrappingSpliterator.forEachRemaining(StreamSpliterators.java:315) ~[na:na]
	at java.base/java.util.stream.Streams$ConcatSpliterator.forEachRemaining(Streams.java:735) ~[na:na]
	at java.base/java.util.stream.Streams$ConcatSpliterator.forEachRemaining(Streams.java:734) ~[na:na]
	at java.base/java.util.stream.ReferencePipeline$Head.forEach(ReferencePipeline.java:807) ~[na:na]
	at org.junit.jupiter.engine.descriptor.ClassBasedTestDescriptor.invokeTestInstancePostProcessors(ClassBasedTestDescriptor.java:377) ~[junit-jupiter-engine-5.10.2.jar:5.10.2]
	at org.junit.jupiter.engine.descriptor.ClassBasedTestDescriptor.lambda$instantiateAndPostProcessTestInstance$6(ClassBasedTestDescriptor.java:290) ~[junit-jupiter-engine-5.10.2.jar:5.10.2]
	at org.junit.platform.engine.support.hierarchical.ThrowableCollector.execute(ThrowableCollector.java:73) ~[junit-platform-engine-1.10.2.jar:1.10.2]
	at org.junit.jupiter.engine.descriptor.ClassBasedTestDescriptor.instantiateAndPostProcessTestInstance(ClassBasedTestDescriptor.java:289) ~[junit-jupiter-engine-5.10.2.jar:5.10.2]
	at org.junit.jupiter.engine.descriptor.ClassBasedTestDescriptor.lambda$testInstancesProvider$4(ClassBasedTestDescriptor.java:279) ~[junit-jupiter-engine-5.10.2.jar:5.10.2]
	at java.base/java.util.Optional.orElseGet(Optional.java:364) ~[na:na]
	at org.junit.jupiter.engine.descriptor.ClassBasedTestDescriptor.lambda$testInstancesProvider$5(ClassBasedTestDescriptor.java:278) ~[junit-jupiter-engine-5.10.2.jar:5.10.2]
	at org.junit.jupiter.engine.execution.TestInstancesProvider.getTestInstances(TestInstancesProvider.java:31) ~[junit-jupiter-engine-5.10.2.jar:5.10.2]
	at org.junit.jupiter.engine.descriptor.TestMethodTestDescriptor.lambda$prepare$0(TestMethodTestDescriptor.java:106) ~[junit-jupiter-engine-5.10.2.jar:5.10.2]
	at org.junit.platform.engine.support.hierarchical.ThrowableCollector.execute(ThrowableCollector.java:73) ~[junit-platform-engine-1.10.2.jar:1.10.2]
	at org.junit.jupiter.engine.descriptor.TestMethodTestDescriptor.prepare(TestMethodTestDescriptor.java:105) ~[junit-jupiter-engine-5.10.2.jar:5.10.2]
	at org.junit.jupiter.engine.descriptor.TestMethodTestDescriptor.prepare(TestMethodTestDescriptor.java:69) ~[junit-jupiter-engine-5.10.2.jar:5.10.2]
	at org.junit.platform.engine.support.hierarchical.NodeTestTask.lambda$prepare$2(NodeTestTask.java:123) ~[junit-platform-engine-1.10.2.jar:1.10.2]
	at org.junit.platform.engine.support.hierarchical.ThrowableCollector.execute(ThrowableCollector.java:73) ~[junit-platform-engine-1.10.2.jar:1.10.2]
	at org.junit.platform.engine.support.hierarchical.NodeTestTask.prepare(NodeTestTask.java:123) ~[junit-platform-engine-1.10.2.jar:1.10.2]
	at org.junit.platform.engine.support.hierarchical.NodeTestTask.execute(NodeTestTask.java:90) ~[junit-platform-engine-1.10.2.jar:1.10.2]
	at java.base/java.util.ArrayList.forEach(ArrayList.java:1597) ~[na:na]
	at org.junit.platform.engine.support.hierarchical.SameThreadHierarchicalTestExecutorService.invokeAll(SameThreadHierarchicalTestExecutorService.java:41) ~[junit-platform-engine-1.10.2.jar:1.10.2]
	at org.junit.platform.engine.support.hierarchical.NodeTestTask.lambda$executeRecursively$6(NodeTestTask.java:155) ~[junit-platform-engine-1.10.2.jar:1.10.2]
	at org.junit.platform.engine.support.hierarchical.ThrowableCollector.execute(ThrowableCollector.java:73) ~[junit-platform-engine-1.10.2.jar:1.10.2]
	at org.junit.platform.engine.support.hierarchical.NodeTestTask.lambda$executeRecursively$8(NodeTestTask.java:141) ~[junit-platform-engine-1.10.2.jar:1.10.2]
	at org.junit.platform.engine.support.hierarchical.Node.around(Node.java:137) ~[junit-platform-engine-1.10.2.jar:1.10.2]
	at org.junit.platform.engine.support.hierarchical.NodeTestTask.lambda$executeRecursively$9(NodeTestTask.java:139) ~[junit-platform-engine-1.10.2.jar:1.10.2]
	at org.junit.platform.engine.support.hierarchical.ThrowableCollector.execute(ThrowableCollector.java:73) ~[junit-platform-engine-1.10.2.jar:1.10.2]
	at org.junit.platform.engine.support.hierarchical.NodeTestTask.executeRecursively(NodeTestTask.java:138) ~[junit-platform-engine-1.10.2.jar:1.10.2]
	at org.junit.platform.engine.support.hierarchical.NodeTestTask.execute(NodeTestTask.java:95) ~[junit-platform-engine-1.10.2.jar:1.10.2]
	at java.base/java.util.ArrayList.forEach(ArrayList.java:1597) ~[na:na]
	at org.junit.platform.engine.support.hierarchical.SameThreadHierarchicalTestExecutorService.invokeAll(SameThreadHierarchicalTestExecutorService.java:41) ~[junit-platform-engine-1.10.2.jar:1.10.2]
	at org.junit.platform.engine.support.hierarchical.NodeTestTask.lambda$executeRecursively$6(NodeTestTask.java:155) ~[junit-platform-engine-1.10.2.jar:1.10.2]
	at org.junit.platform.engine.support.hierarchical.ThrowableCollector.execute(ThrowableCollector.java:73) ~[junit-platform-engine-1.10.2.jar:1.10.2]
	at org.junit.platform.engine.support.hierarchical.NodeTestTask.lambda$executeRecursively$8(NodeTestTask.java:141) ~[junit-platform-engine-1.10.2.jar:1.10.2]
	at org.junit.platform.engine.support.hierarchical.Node.around(Node.java:137) ~[junit-platform-engine-1.10.2.jar:1.10.2]
	at org.junit.platform.engine.support.hierarchical.NodeTestTask.lambda$executeRecursively$9(NodeTestTask.java:139) ~[junit-platform-engine-1.10.2.jar:1.10.2]
	at org.junit.platform.engine.support.hierarchical.ThrowableCollector.execute(ThrowableCollector.java:73) ~[junit-platform-engine-1.10.2.jar:1.10.2]
	at org.junit.platform.engine.support.hierarchical.NodeTestTask.executeRecursively(NodeTestTask.java:138) ~[junit-platform-engine-1.10.2.jar:1.10.2]
	at org.junit.platform.engine.support.hierarchical.NodeTestTask.execute(NodeTestTask.java:95) ~[junit-platform-engine-1.10.2.jar:1.10.2]
	at org.junit.platform.engine.support.hierarchical.SameThreadHierarchicalTestExecutorService.submit(SameThreadHierarchicalTestExecutorService.java:35) ~[junit-platform-engine-1.10.2.jar:1.10.2]
	at org.junit.platform.engine.support.hierarchical.HierarchicalTestExecutor.execute(HierarchicalTestExecutor.java:57) ~[junit-platform-engine-1.10.2.jar:1.10.2]
	at org.junit.platform.engine.support.hierarchical.HierarchicalTestEngine.execute(HierarchicalTestEngine.java:54) ~[junit-platform-engine-1.10.2.jar:1.10.2]
	at org.junit.platform.launcher.core.EngineExecutionOrchestrator.execute(EngineExecutionOrchestrator.java:198) ~[junit-platform-launcher-1.10.2.jar:1.10.2]
	at org.junit.platform.launcher.core.EngineExecutionOrchestrator.execute(EngineExecutionOrchestrator.java:169) ~[junit-platform-launcher-1.10.2.jar:1.10.2]
	at org.junit.platform.launcher.core.EngineExecutionOrchestrator.execute(EngineExecutionOrchestrator.java:93) ~[junit-platform-launcher-1.10.2.jar:1.10.2]
	at org.junit.platform.launcher.core.EngineExecutionOrchestrator.lambda$execute$0(EngineExecutionOrchestrator.java:58) ~[junit-platform-launcher-1.10.2.jar:1.10.2]
	at org.junit.platform.launcher.core.EngineExecutionOrchestrator.withInterceptedStreams(EngineExecutionOrchestrator.java:141) ~[junit-platform-launcher-1.10.2.jar:1.10.2]
	at org.junit.platform.launcher.core.EngineExecutionOrchestrator.execute(EngineExecutionOrchestrator.java:57) ~[junit-platform-launcher-1.10.2.jar:1.10.2]
	at org.junit.platform.launcher.core.DefaultLauncher.execute(DefaultLauncher.java:103) ~[junit-platform-launcher-1.10.2.jar:1.10.2]
	at org.junit.platform.launcher.core.DefaultLauncher.execute(DefaultLauncher.java:85) ~[junit-platform-launcher-1.10.2.jar:1.10.2]
	at org.junit.platform.launcher.core.DelegatingLauncher.execute(DelegatingLauncher.java:47) ~[junit-platform-launcher-1.10.2.jar:1.10.2]
	at org.apache.maven.surefire.junitplatform.LazyLauncher.execute(LazyLauncher.java:56) ~[surefire-junit-platform-3.2.5.jar:3.2.5]
	at org.apache.maven.surefire.junitplatform.JUnitPlatformProvider.execute(JUnitPlatformProvider.java:184) ~[surefire-junit-platform-3.2.5.jar:3.2.5]
	at org.apache.maven.surefire.junitplatform.JUnitPlatformProvider.invokeAllTests(JUnitPlatformProvider.java:148) ~[surefire-junit-platform-3.2.5.jar:3.2.5]
	at org.apache.maven.surefire.junitplatform.JUnitPlatformProvider.invoke(JUnitPlatformProvider.java:122) ~[surefire-junit-platform-3.2.5.jar:3.2.5]
	at org.apache.maven.surefire.booter.ForkedBooter.runSuitesInProcess(ForkedBooter.java:385) ~[surefire-booter-3.2.5.jar:3.2.5]
	at org.apache.maven.surefire.booter.ForkedBooter.execute(ForkedBooter.java:162) ~[surefire-booter-3.2.5.jar:3.2.5]
	at org.apache.maven.surefire.booter.ForkedBooter.run(ForkedBooter.java:507) ~[surefire-booter-3.2.5.jar:3.2.5]
	at org.apache.maven.surefire.booter.ForkedBooter.main(ForkedBooter.java:495) ~[surefire-booter-3.2.5.jar:3.2.5]

2025-08-24T11:33:20.977+03:30 DEBUG 1188 --- [ChiDaram App] [           main] tor$SharedEntityManagerInvocationHandler : Creating new EntityManager for shared EntityManager invocation
2025-08-24T11:33:21.082+03:30 DEBUG 1188 --- [ChiDaram App] [           main] tor$SharedEntityManagerInvocationHandler : Creating new EntityManager for shared EntityManager invocation
2025-08-24T11:33:21.084+03:30 DEBUG 1188 --- [ChiDaram App] [           main] tor$SharedEntityManagerInvocationHandler : Creating new EntityManager for shared EntityManager invocation
2025-08-24T11:33:21.102+03:30 DEBUG 1188 --- [ChiDaram App] [           main] cResourceLocalTransactionCoordinatorImpl : JDBC transaction marked for rollback-only (exception provided for stack trace)

java.lang.Exception: exception just for purpose of providing stack trace
	at org.hibernate.resource.transaction.backend.jdbc.internal.JdbcResourceLocalTransactionCoordinatorImpl$TransactionDriverControlImpl.markRollbackOnly(JdbcResourceLocalTransactionCoordinatorImpl.java:309) ~[hibernate-core-6.5.2.Final.jar:6.5.2.Final]
	at org.hibernate.internal.AbstractSharedSessionContract.buildNamedQuery(AbstractSharedSessionContract.java:1109) ~[hibernate-core-6.5.2.Final.jar:6.5.2.Final]
	at org.hibernate.internal.AbstractSharedSessionContract.createNamedQuery(AbstractSharedSessionContract.java:987) ~[hibernate-core-6.5.2.Final.jar:6.5.2.Final]
	at org.hibernate.internal.AbstractSharedSessionContract.createNamedQuery(AbstractSharedSessionContract.java:140) ~[hibernate-core-6.5.2.Final.jar:6.5.2.Final]
	at java.base/jdk.internal.reflect.DirectMethodHandleAccessor.invoke(DirectMethodHandleAccessor.java:103) ~[na:na]
	at java.base/java.lang.reflect.Method.invoke(Method.java:580) ~[na:na]
	at org.springframework.orm.jpa.ExtendedEntityManagerCreator$ExtendedEntityManagerInvocationHandler.invoke(ExtendedEntityManagerCreator.java:364) ~[spring-orm-6.1.10.jar:6.1.10]
	at jdk.proxy2/jdk.proxy2.$Proxy160.createNamedQuery(Unknown Source) ~[na:na]
	at org.springframework.data.jpa.repository.query.NamedQuery.hasNamedQuery(NamedQuery.java:112) ~[spring-data-jpa-3.3.1.jar:3.3.1]
	at org.springframework.data.jpa.repository.query.NamedQuery.lookupFrom(NamedQuery.java:138) ~[spring-data-jpa-3.3.1.jar:3.3.1]
	at org.springframework.data.jpa.repository.query.JpaQueryLookupStrategy$DeclaredQueryLookupStrategy.resolveQuery(JpaQueryLookupStrategy.java:180) ~[spring-data-jpa-3.3.1.jar:3.3.1]
	at org.springframework.data.jpa.repository.query.JpaQueryLookupStrategy$CreateIfNotFoundQueryLookupStrategy.resolveQuery(JpaQueryLookupStrategy.java:252) ~[spring-data-jpa-3.3.1.jar:3.3.1]
	at org.springframework.data.jpa.repository.query.JpaQueryLookupStrategy$AbstractQueryLookupStrategy.resolveQuery(JpaQueryLookupStrategy.java:95) ~[spring-data-jpa-3.3.1.jar:3.3.1]
	at org.springframework.data.repository.core.support.QueryExecutorMethodInterceptor.lookupQuery(QueryExecutorMethodInterceptor.java:111) ~[spring-data-commons-3.3.1.jar:3.3.1]
	at org.springframework.data.repository.core.support.QueryExecutorMethodInterceptor.mapMethodsToQuery(QueryExecutorMethodInterceptor.java:99) ~[spring-data-commons-3.3.1.jar:3.3.1]
	at org.springframework.data.repository.core.support.QueryExecutorMethodInterceptor.lambda$new$0(QueryExecutorMethodInterceptor.java:88) ~[spring-data-commons-3.3.1.jar:3.3.1]
	at java.base/java.util.Optional.map(Optional.java:260) ~[na:na]
	at org.springframework.data.repository.core.support.QueryExecutorMethodInterceptor.<init>(QueryExecutorMethodInterceptor.java:88) ~[spring-data-commons-3.3.1.jar:3.3.1]
	at org.springframework.data.repository.core.support.RepositoryFactorySupport.getRepository(RepositoryFactorySupport.java:357) ~[spring-data-commons-3.3.1.jar:3.3.1]
	at org.springframework.data.repository.core.support.RepositoryFactoryBeanSupport.lambda$afterPropertiesSet$5(RepositoryFactoryBeanSupport.java:286) ~[spring-data-commons-3.3.1.jar:3.3.1]
	at org.springframework.data.util.Lazy.getNullable(Lazy.java:135) ~[spring-data-commons-3.3.1.jar:3.3.1]
	at org.springframework.data.util.Lazy.get(Lazy.java:113) ~[spring-data-commons-3.3.1.jar:3.3.1]
	at org.springframework.data.repository.core.support.RepositoryFactoryBeanSupport.afterPropertiesSet(RepositoryFactoryBeanSupport.java:292) ~[spring-data-commons-3.3.1.jar:3.3.1]
	at org.springframework.data.jpa.repository.support.JpaRepositoryFactoryBean.afterPropertiesSet(JpaRepositoryFactoryBean.java:132) ~[spring-data-jpa-3.3.1.jar:3.3.1]
	at org.springframework.beans.factory.support.AbstractAutowireCapableBeanFactory.invokeInitMethods(AbstractAutowireCapableBeanFactory.java:1835) ~[spring-beans-6.1.10.jar:6.1.10]
	at org.springframework.beans.factory.support.AbstractAutowireCapableBeanFactory.initializeBean(AbstractAutowireCapableBeanFactory.java:1784) ~[spring-beans-6.1.10.jar:6.1.10]
	at org.springframework.beans.factory.support.AbstractAutowireCapableBeanFactory.doCreateBean(AbstractAutowireCapableBeanFactory.java:600) ~[spring-beans-6.1.10.jar:6.1.10]
	at org.springframework.beans.factory.support.AbstractAutowireCapableBeanFactory.createBean(AbstractAutowireCapableBeanFactory.java:522) ~[spring-beans-6.1.10.jar:6.1.10]
	at org.springframework.beans.factory.support.AbstractBeanFactory.lambda$doGetBean$0(AbstractBeanFactory.java:337) ~[spring-beans-6.1.10.jar:6.1.10]
	at org.springframework.beans.factory.support.DefaultSingletonBeanRegistry.getSingleton(DefaultSingletonBeanRegistry.java:234) ~[spring-beans-6.1.10.jar:6.1.10]
	at org.springframework.beans.factory.support.AbstractBeanFactory.doGetBean(AbstractBeanFactory.java:335) ~[spring-beans-6.1.10.jar:6.1.10]
	at org.springframework.beans.factory.support.AbstractBeanFactory.getBean(AbstractBeanFactory.java:200) ~[spring-beans-6.1.10.jar:6.1.10]
	at org.springframework.beans.factory.config.DependencyDescriptor.resolveCandidate(DependencyDescriptor.java:254) ~[spring-beans-6.1.10.jar:6.1.10]
	at org.springframework.beans.factory.support.DefaultListableBeanFactory.doResolveDependency(DefaultListableBeanFactory.java:1443) ~[spring-beans-6.1.10.jar:6.1.10]
	at org.springframework.beans.factory.support.DefaultListableBeanFactory.resolveDependency(DefaultListableBeanFactory.java:1353) ~[spring-beans-6.1.10.jar:6.1.10]
	at org.springframework.beans.factory.support.ConstructorResolver.resolveAutowiredArgument(ConstructorResolver.java:904) ~[spring-beans-6.1.10.jar:6.1.10]
	at org.springframework.beans.factory.support.ConstructorResolver.createArgumentArray(ConstructorResolver.java:782) ~[spring-beans-6.1.10.jar:6.1.10]
	at org.springframework.beans.factory.support.ConstructorResolver.autowireConstructor(ConstructorResolver.java:237) ~[spring-beans-6.1.10.jar:6.1.10]
	at org.springframework.beans.factory.support.AbstractAutowireCapableBeanFactory.autowireConstructor(AbstractAutowireCapableBeanFactory.java:1357) ~[spring-beans-6.1.10.jar:6.1.10]
	at org.springframework.beans.factory.support.AbstractAutowireCapableBeanFactory.createBeanInstance(AbstractAutowireCapableBeanFactory.java:1194) ~[spring-beans-6.1.10.jar:6.1.10]
	at org.springframework.beans.factory.support.AbstractAutowireCapableBeanFactory.doCreateBean(AbstractAutowireCapableBeanFactory.java:562) ~[spring-beans-6.1.10.jar:6.1.10]
	at org.springframework.beans.factory.support.AbstractAutowireCapableBeanFactory.createBean(AbstractAutowireCapableBeanFactory.java:522) ~[spring-beans-6.1.10.jar:6.1.10]
	at org.springframework.beans.factory.support.AbstractBeanFactory.lambda$doGetBean$0(AbstractBeanFactory.java:337) ~[spring-beans-6.1.10.jar:6.1.10]
	at org.springframework.beans.factory.support.DefaultSingletonBeanRegistry.getSingleton(DefaultSingletonBeanRegistry.java:234) ~[spring-beans-6.1.10.jar:6.1.10]
	at org.springframework.beans.factory.support.AbstractBeanFactory.doGetBean(AbstractBeanFactory.java:335) ~[spring-beans-6.1.10.jar:6.1.10]
	at org.springframework.beans.factory.support.AbstractBeanFactory.getBean(AbstractBeanFactory.java:200) ~[spring-beans-6.1.10.jar:6.1.10]
	at org.springframework.beans.factory.config.DependencyDescriptor.resolveCandidate(DependencyDescriptor.java:254) ~[spring-beans-6.1.10.jar:6.1.10]
	at org.springframework.beans.factory.support.DefaultListableBeanFactory.doResolveDependency(DefaultListableBeanFactory.java:1443) ~[spring-beans-6.1.10.jar:6.1.10]
	at org.springframework.beans.factory.support.DefaultListableBeanFactory.resolveDependency(DefaultListableBeanFactory.java:1353) ~[spring-beans-6.1.10.jar:6.1.10]
	at org.springframework.beans.factory.support.ConstructorResolver.resolveAutowiredArgument(ConstructorResolver.java:904) ~[spring-beans-6.1.10.jar:6.1.10]
	at org.springframework.beans.factory.support.ConstructorResolver.createArgumentArray(ConstructorResolver.java:782) ~[spring-beans-6.1.10.jar:6.1.10]
	at org.springframework.beans.factory.support.ConstructorResolver.autowireConstructor(ConstructorResolver.java:237) ~[spring-beans-6.1.10.jar:6.1.10]
	at org.springframework.beans.factory.support.AbstractAutowireCapableBeanFactory.autowireConstructor(AbstractAutowireCapableBeanFactory.java:1357) ~[spring-beans-6.1.10.jar:6.1.10]
	at org.springframework.beans.factory.support.AbstractAutowireCapableBeanFactory.createBeanInstance(AbstractAutowireCapableBeanFactory.java:1194) ~[spring-beans-6.1.10.jar:6.1.10]
	at org.springframework.beans.factory.support.AbstractAutowireCapableBeanFactory.doCreateBean(AbstractAutowireCapableBeanFactory.java:562) ~[spring-beans-6.1.10.jar:6.1.10]
	at org.springframework.beans.factory.support.AbstractAutowireCapableBeanFactory.createBean(AbstractAutowireCapableBeanFactory.java:522) ~[spring-beans-6.1.10.jar:6.1.10]
	at org.springframework.beans.factory.support.AbstractBeanFactory.lambda$doGetBean$0(AbstractBeanFactory.java:337) ~[spring-beans-6.1.10.jar:6.1.10]
	at org.springframework.beans.factory.support.DefaultSingletonBeanRegistry.getSingleton(DefaultSingletonBeanRegistry.java:234) ~[spring-beans-6.1.10.jar:6.1.10]
	at org.springframework.beans.factory.support.AbstractBeanFactory.doGetBean(AbstractBeanFactory.java:335) ~[spring-beans-6.1.10.jar:6.1.10]
	at org.springframework.beans.factory.support.AbstractBeanFactory.getBean(AbstractBeanFactory.java:200) ~[spring-beans-6.1.10.jar:6.1.10]
	at org.springframework.beans.factory.support.DefaultListableBeanFactory.preInstantiateSingletons(DefaultListableBeanFactory.java:975) ~[spring-beans-6.1.10.jar:6.1.10]
	at org.springframework.context.support.AbstractApplicationContext.finishBeanFactoryInitialization(AbstractApplicationContext.java:962) ~[spring-context-6.1.10.jar:6.1.10]
	at org.springframework.context.support.AbstractApplicationContext.refresh(AbstractApplicationContext.java:624) ~[spring-context-6.1.10.jar:6.1.10]
	at org.springframework.boot.SpringApplication.refresh(SpringApplication.java:754) ~[spring-boot-3.3.1.jar:3.3.1]
	at org.springframework.boot.SpringApplication.refreshContext(SpringApplication.java:456) ~[spring-boot-3.3.1.jar:3.3.1]
	at org.springframework.boot.SpringApplication.run(SpringApplication.java:335) ~[spring-boot-3.3.1.jar:3.3.1]
	at org.springframework.boot.test.context.SpringBootContextLoader.lambda$loadContext$3(SpringBootContextLoader.java:137) ~[spring-boot-test-3.3.1.jar:3.3.1]
	at org.springframework.util.function.ThrowingSupplier.get(ThrowingSupplier.java:58) ~[spring-core-6.1.10.jar:6.1.10]
	at org.springframework.util.function.ThrowingSupplier.get(ThrowingSupplier.java:46) ~[spring-core-6.1.10.jar:6.1.10]
	at org.springframework.boot.SpringApplication.withHook(SpringApplication.java:1463) ~[spring-boot-3.3.1.jar:3.3.1]
	at org.springframework.boot.test.context.SpringBootContextLoader$ContextLoaderHook.run(SpringBootContextLoader.java:553) ~[spring-boot-test-3.3.1.jar:3.3.1]
	at org.springframework.boot.test.context.SpringBootContextLoader.loadContext(SpringBootContextLoader.java:137) ~[spring-boot-test-3.3.1.jar:3.3.1]
	at org.springframework.boot.test.context.SpringBootContextLoader.loadContext(SpringBootContextLoader.java:108) ~[spring-boot-test-3.3.1.jar:3.3.1]
	at org.springframework.test.context.cache.DefaultCacheAwareContextLoaderDelegate.loadContextInternal(DefaultCacheAwareContextLoaderDelegate.java:225) ~[spring-test-6.1.10.jar:6.1.10]
	at org.springframework.test.context.cache.DefaultCacheAwareContextLoaderDelegate.loadContext(DefaultCacheAwareContextLoaderDelegate.java:152) ~[spring-test-6.1.10.jar:6.1.10]
	at org.springframework.test.context.support.DefaultTestContext.getApplicationContext(DefaultTestContext.java:130) ~[spring-test-6.1.10.jar:6.1.10]
	at org.springframework.test.context.web.ServletTestExecutionListener.setUpRequestContextIfNecessary(ServletTestExecutionListener.java:191) ~[spring-test-6.1.10.jar:6.1.10]
	at org.springframework.test.context.web.ServletTestExecutionListener.prepareTestInstance(ServletTestExecutionListener.java:130) ~[spring-test-6.1.10.jar:6.1.10]
	at org.springframework.test.context.TestContextManager.prepareTestInstance(TestContextManager.java:260) ~[spring-test-6.1.10.jar:6.1.10]
	at org.springframework.test.context.junit.jupiter.SpringExtension.postProcessTestInstance(SpringExtension.java:163) ~[spring-test-6.1.10.jar:6.1.10]
	at org.junit.jupiter.engine.descriptor.ClassBasedTestDescriptor.lambda$invokeTestInstancePostProcessors$10(ClassBasedTestDescriptor.java:378) ~[junit-jupiter-engine-5.10.2.jar:5.10.2]
	at org.junit.jupiter.engine.descriptor.ClassBasedTestDescriptor.executeAndMaskThrowable(ClassBasedTestDescriptor.java:383) ~[junit-jupiter-engine-5.10.2.jar:5.10.2]
	at org.junit.jupiter.engine.descriptor.ClassBasedTestDescriptor.lambda$invokeTestInstancePostProcessors$11(ClassBasedTestDescriptor.java:378) ~[junit-jupiter-engine-5.10.2.jar:5.10.2]
	at java.base/java.util.stream.ReferencePipeline$3$1.accept(ReferencePipeline.java:215) ~[na:na]
	at java.base/java.util.stream.ReferencePipeline$2$1.accept(ReferencePipeline.java:197) ~[na:na]
	at java.base/java.util.ArrayList$ArrayListSpliterator.forEachRemaining(ArrayList.java:1709) ~[na:na]
	at java.base/java.util.stream.AbstractPipeline.copyInto(AbstractPipeline.java:570) ~[na:na]
	at java.base/java.util.stream.AbstractPipeline.wrapAndCopyInto(AbstractPipeline.java:560) ~[na:na]
	at java.base/java.util.stream.StreamSpliterators$WrappingSpliterator.forEachRemaining(StreamSpliterators.java:315) ~[na:na]
	at java.base/java.util.stream.Streams$ConcatSpliterator.forEachRemaining(Streams.java:735) ~[na:na]
	at java.base/java.util.stream.Streams$ConcatSpliterator.forEachRemaining(Streams.java:734) ~[na:na]
	at java.base/java.util.stream.ReferencePipeline$Head.forEach(ReferencePipeline.java:807) ~[na:na]
	at org.junit.jupiter.engine.descriptor.ClassBasedTestDescriptor.invokeTestInstancePostProcessors(ClassBasedTestDescriptor.java:377) ~[junit-jupiter-engine-5.10.2.jar:5.10.2]
	at org.junit.jupiter.engine.descriptor.ClassBasedTestDescriptor.lambda$instantiateAndPostProcessTestInstance$6(ClassBasedTestDescriptor.java:290) ~[junit-jupiter-engine-5.10.2.jar:5.10.2]
	at org.junit.platform.engine.support.hierarchical.ThrowableCollector.execute(ThrowableCollector.java:73) ~[junit-platform-engine-1.10.2.jar:1.10.2]
	at org.junit.jupiter.engine.descriptor.ClassBasedTestDescriptor.instantiateAndPostProcessTestInstance(ClassBasedTestDescriptor.java:289) ~[junit-jupiter-engine-5.10.2.jar:5.10.2]
	at org.junit.jupiter.engine.descriptor.ClassBasedTestDescriptor.lambda$testInstancesProvider$4(ClassBasedTestDescriptor.java:279) ~[junit-jupiter-engine-5.10.2.jar:5.10.2]
	at java.base/java.util.Optional.orElseGet(Optional.java:364) ~[na:na]
	at org.junit.jupiter.engine.descriptor.ClassBasedTestDescriptor.lambda$testInstancesProvider$5(ClassBasedTestDescriptor.java:278) ~[junit-jupiter-engine-5.10.2.jar:5.10.2]
	at org.junit.jupiter.engine.execution.TestInstancesProvider.getTestInstances(TestInstancesProvider.java:31) ~[junit-jupiter-engine-5.10.2.jar:5.10.2]
	at org.junit.jupiter.engine.descriptor.TestMethodTestDescriptor.lambda$prepare$0(TestMethodTestDescriptor.java:106) ~[junit-jupiter-engine-5.10.2.jar:5.10.2]
	at org.junit.platform.engine.support.hierarchical.ThrowableCollector.execute(ThrowableCollector.java:73) ~[junit-platform-engine-1.10.2.jar:1.10.2]
	at org.junit.jupiter.engine.descriptor.TestMethodTestDescriptor.prepare(TestMethodTestDescriptor.java:105) ~[junit-jupiter-engine-5.10.2.jar:5.10.2]
	at org.junit.jupiter.engine.descriptor.TestMethodTestDescriptor.prepare(TestMethodTestDescriptor.java:69) ~[junit-jupiter-engine-5.10.2.jar:5.10.2]
	at org.junit.platform.engine.support.hierarchical.NodeTestTask.lambda$prepare$2(NodeTestTask.java:123) ~[junit-platform-engine-1.10.2.jar:1.10.2]
	at org.junit.platform.engine.support.hierarchical.ThrowableCollector.execute(ThrowableCollector.java:73) ~[junit-platform-engine-1.10.2.jar:1.10.2]
	at org.junit.platform.engine.support.hierarchical.NodeTestTask.prepare(NodeTestTask.java:123) ~[junit-platform-engine-1.10.2.jar:1.10.2]
	at org.junit.platform.engine.support.hierarchical.NodeTestTask.execute(NodeTestTask.java:90) ~[junit-platform-engine-1.10.2.jar:1.10.2]
	at java.base/java.util.ArrayList.forEach(ArrayList.java:1597) ~[na:na]
	at org.junit.platform.engine.support.hierarchical.SameThreadHierarchicalTestExecutorService.invokeAll(SameThreadHierarchicalTestExecutorService.java:41) ~[junit-platform-engine-1.10.2.jar:1.10.2]
	at org.junit.platform.engine.support.hierarchical.NodeTestTask.lambda$executeRecursively$6(NodeTestTask.java:155) ~[junit-platform-engine-1.10.2.jar:1.10.2]
	at org.junit.platform.engine.support.hierarchical.ThrowableCollector.execute(ThrowableCollector.java:73) ~[junit-platform-engine-1.10.2.jar:1.10.2]
	at org.junit.platform.engine.support.hierarchical.NodeTestTask.lambda$executeRecursively$8(NodeTestTask.java:141) ~[junit-platform-engine-1.10.2.jar:1.10.2]
	at org.junit.platform.engine.support.hierarchical.Node.around(Node.java:137) ~[junit-platform-engine-1.10.2.jar:1.10.2]
	at org.junit.platform.engine.support.hierarchical.NodeTestTask.lambda$executeRecursively$9(NodeTestTask.java:139) ~[junit-platform-engine-1.10.2.jar:1.10.2]
	at org.junit.platform.engine.support.hierarchical.ThrowableCollector.execute(ThrowableCollector.java:73) ~[junit-platform-engine-1.10.2.jar:1.10.2]
	at org.junit.platform.engine.support.hierarchical.NodeTestTask.executeRecursively(NodeTestTask.java:138) ~[junit-platform-engine-1.10.2.jar:1.10.2]
	at org.junit.platform.engine.support.hierarchical.NodeTestTask.execute(NodeTestTask.java:95) ~[junit-platform-engine-1.10.2.jar:1.10.2]
	at java.base/java.util.ArrayList.forEach(ArrayList.java:1597) ~[na:na]
	at org.junit.platform.engine.support.hierarchical.SameThreadHierarchicalTestExecutorService.invokeAll(SameThreadHierarchicalTestExecutorService.java:41) ~[junit-platform-engine-1.10.2.jar:1.10.2]
	at org.junit.platform.engine.support.hierarchical.NodeTestTask.lambda$executeRecursively$6(NodeTestTask.java:155) ~[junit-platform-engine-1.10.2.jar:1.10.2]
	at org.junit.platform.engine.support.hierarchical.ThrowableCollector.execute(ThrowableCollector.java:73) ~[junit-platform-engine-1.10.2.jar:1.10.2]
	at org.junit.platform.engine.support.hierarchical.NodeTestTask.lambda$executeRecursively$8(NodeTestTask.java:141) ~[junit-platform-engine-1.10.2.jar:1.10.2]
	at org.junit.platform.engine.support.hierarchical.Node.around(Node.java:137) ~[junit-platform-engine-1.10.2.jar:1.10.2]
	at org.junit.platform.engine.support.hierarchical.NodeTestTask.lambda$executeRecursively$9(NodeTestTask.java:139) ~[junit-platform-engine-1.10.2.jar:1.10.2]
	at org.junit.platform.engine.support.hierarchical.ThrowableCollector.execute(ThrowableCollector.java:73) ~[junit-platform-engine-1.10.2.jar:1.10.2]
	at org.junit.platform.engine.support.hierarchical.NodeTestTask.executeRecursively(NodeTestTask.java:138) ~[junit-platform-engine-1.10.2.jar:1.10.2]
	at org.junit.platform.engine.support.hierarchical.NodeTestTask.execute(NodeTestTask.java:95) ~[junit-platform-engine-1.10.2.jar:1.10.2]
	at org.junit.platform.engine.support.hierarchical.SameThreadHierarchicalTestExecutorService.submit(SameThreadHierarchicalTestExecutorService.java:35) ~[junit-platform-engine-1.10.2.jar:1.10.2]
	at org.junit.platform.engine.support.hierarchical.HierarchicalTestExecutor.execute(HierarchicalTestExecutor.java:57) ~[junit-platform-engine-1.10.2.jar:1.10.2]
	at org.junit.platform.engine.support.hierarchical.HierarchicalTestEngine.execute(HierarchicalTestEngine.java:54) ~[junit-platform-engine-1.10.2.jar:1.10.2]
	at org.junit.platform.launcher.core.EngineExecutionOrchestrator.execute(EngineExecutionOrchestrator.java:198) ~[junit-platform-launcher-1.10.2.jar:1.10.2]
	at org.junit.platform.launcher.core.EngineExecutionOrchestrator.execute(EngineExecutionOrchestrator.java:169) ~[junit-platform-launcher-1.10.2.jar:1.10.2]
	at org.junit.platform.launcher.core.EngineExecutionOrchestrator.execute(EngineExecutionOrchestrator.java:93) ~[junit-platform-launcher-1.10.2.jar:1.10.2]
	at org.junit.platform.launcher.core.EngineExecutionOrchestrator.lambda$execute$0(EngineExecutionOrchestrator.java:58) ~[junit-platform-launcher-1.10.2.jar:1.10.2]
	at org.junit.platform.launcher.core.EngineExecutionOrchestrator.withInterceptedStreams(EngineExecutionOrchestrator.java:141) ~[junit-platform-launcher-1.10.2.jar:1.10.2]
	at org.junit.platform.launcher.core.EngineExecutionOrchestrator.execute(EngineExecutionOrchestrator.java:57) ~[junit-platform-launcher-1.10.2.jar:1.10.2]
	at org.junit.platform.launcher.core.DefaultLauncher.execute(DefaultLauncher.java:103) ~[junit-platform-launcher-1.10.2.jar:1.10.2]
	at org.junit.platform.launcher.core.DefaultLauncher.execute(DefaultLauncher.java:85) ~[junit-platform-launcher-1.10.2.jar:1.10.2]
	at org.junit.platform.launcher.core.DelegatingLauncher.execute(DelegatingLauncher.java:47) ~[junit-platform-launcher-1.10.2.jar:1.10.2]
	at org.apache.maven.surefire.junitplatform.LazyLauncher.execute(LazyLauncher.java:56) ~[surefire-junit-platform-3.2.5.jar:3.2.5]
	at org.apache.maven.surefire.junitplatform.JUnitPlatformProvider.execute(JUnitPlatformProvider.java:184) ~[surefire-junit-platform-3.2.5.jar:3.2.5]
	at org.apache.maven.surefire.junitplatform.JUnitPlatformProvider.invokeAllTests(JUnitPlatformProvider.java:148) ~[surefire-junit-platform-3.2.5.jar:3.2.5]
	at org.apache.maven.surefire.junitplatform.JUnitPlatformProvider.invoke(JUnitPlatformProvider.java:122) ~[surefire-junit-platform-3.2.5.jar:3.2.5]
	at org.apache.maven.surefire.booter.ForkedBooter.runSuitesInProcess(ForkedBooter.java:385) ~[surefire-booter-3.2.5.jar:3.2.5]
	at org.apache.maven.surefire.booter.ForkedBooter.execute(ForkedBooter.java:162) ~[surefire-booter-3.2.5.jar:3.2.5]
	at org.apache.maven.surefire.booter.ForkedBooter.run(ForkedBooter.java:507) ~[surefire-booter-3.2.5.jar:3.2.5]
	at org.apache.maven.surefire.booter.ForkedBooter.main(ForkedBooter.java:495) ~[surefire-booter-3.2.5.jar:3.2.5]

2025-08-24T11:33:21.107+03:30 DEBUG 1188 --- [ChiDaram App] [           main] tor$SharedEntityManagerInvocationHandler : Creating new EntityManager for shared EntityManager invocation
2025-08-24T11:33:21.505+03:30 DEBUG 1188 --- [ChiDaram App] [           main] tor$SharedEntityManagerInvocationHandler : Creating new EntityManager for shared EntityManager invocation
2025-08-24T11:33:21.545+03:30 DEBUG 1188 --- [ChiDaram App] [           main] tor$SharedEntityManagerInvocationHandler : Creating new EntityManager for shared EntityManager invocation
2025-08-24T11:33:21.613+03:30 DEBUG 1188 --- [ChiDaram App] [           main] tor$SharedEntityManagerInvocationHandler : Creating new EntityManager for shared EntityManager invocation
2025-08-24T11:33:21.615+03:30 DEBUG 1188 --- [ChiDaram App] [           main] tor$SharedEntityManagerInvocationHandler : Creating new EntityManager for shared EntityManager invocation
2025-08-24T11:33:21.631+03:30 DEBUG 1188 --- [ChiDaram App] [           main] cResourceLocalTransactionCoordinatorImpl : JDBC transaction marked for rollback-only (exception provided for stack trace)

java.lang.Exception: exception just for purpose of providing stack trace
	at org.hibernate.resource.transaction.backend.jdbc.internal.JdbcResourceLocalTransactionCoordinatorImpl$TransactionDriverControlImpl.markRollbackOnly(JdbcResourceLocalTransactionCoordinatorImpl.java:309) ~[hibernate-core-6.5.2.Final.jar:6.5.2.Final]
	at org.hibernate.internal.AbstractSharedSessionContract.buildNamedQuery(AbstractSharedSessionContract.java:1109) ~[hibernate-core-6.5.2.Final.jar:6.5.2.Final]
	at org.hibernate.internal.AbstractSharedSessionContract.createNamedQuery(AbstractSharedSessionContract.java:987) ~[hibernate-core-6.5.2.Final.jar:6.5.2.Final]
	at org.hibernate.internal.AbstractSharedSessionContract.createNamedQuery(AbstractSharedSessionContract.java:140) ~[hibernate-core-6.5.2.Final.jar:6.5.2.Final]
	at java.base/jdk.internal.reflect.DirectMethodHandleAccessor.invoke(DirectMethodHandleAccessor.java:103) ~[na:na]
	at java.base/java.lang.reflect.Method.invoke(Method.java:580) ~[na:na]
	at org.springframework.orm.jpa.ExtendedEntityManagerCreator$ExtendedEntityManagerInvocationHandler.invoke(ExtendedEntityManagerCreator.java:364) ~[spring-orm-6.1.10.jar:6.1.10]
	at jdk.proxy2/jdk.proxy2.$Proxy160.createNamedQuery(Unknown Source) ~[na:na]
	at org.springframework.data.jpa.repository.query.NamedQuery.hasNamedQuery(NamedQuery.java:112) ~[spring-data-jpa-3.3.1.jar:3.3.1]
	at org.springframework.data.jpa.repository.query.NamedQuery.lookupFrom(NamedQuery.java:138) ~[spring-data-jpa-3.3.1.jar:3.3.1]
	at org.springframework.data.jpa.repository.query.JpaQueryLookupStrategy$DeclaredQueryLookupStrategy.resolveQuery(JpaQueryLookupStrategy.java:180) ~[spring-data-jpa-3.3.1.jar:3.3.1]
	at org.springframework.data.jpa.repository.query.JpaQueryLookupStrategy$CreateIfNotFoundQueryLookupStrategy.resolveQuery(JpaQueryLookupStrategy.java:252) ~[spring-data-jpa-3.3.1.jar:3.3.1]
	at org.springframework.data.jpa.repository.query.JpaQueryLookupStrategy$AbstractQueryLookupStrategy.resolveQuery(JpaQueryLookupStrategy.java:95) ~[spring-data-jpa-3.3.1.jar:3.3.1]
	at org.springframework.data.repository.core.support.QueryExecutorMethodInterceptor.lookupQuery(QueryExecutorMethodInterceptor.java:111) ~[spring-data-commons-3.3.1.jar:3.3.1]
	at org.springframework.data.repository.core.support.QueryExecutorMethodInterceptor.mapMethodsToQuery(QueryExecutorMethodInterceptor.java:99) ~[spring-data-commons-3.3.1.jar:3.3.1]
	at org.springframework.data.repository.core.support.QueryExecutorMethodInterceptor.lambda$new$0(QueryExecutorMethodInterceptor.java:88) ~[spring-data-commons-3.3.1.jar:3.3.1]
	at java.base/java.util.Optional.map(Optional.java:260) ~[na:na]
	at org.springframework.data.repository.core.support.QueryExecutorMethodInterceptor.<init>(QueryExecutorMethodInterceptor.java:88) ~[spring-data-commons-3.3.1.jar:3.3.1]
	at org.springframework.data.repository.core.support.RepositoryFactorySupport.getRepository(RepositoryFactorySupport.java:357) ~[spring-data-commons-3.3.1.jar:3.3.1]
	at org.springframework.data.repository.core.support.RepositoryFactoryBeanSupport.lambda$afterPropertiesSet$5(RepositoryFactoryBeanSupport.java:286) ~[spring-data-commons-3.3.1.jar:3.3.1]
	at org.springframework.data.util.Lazy.getNullable(Lazy.java:135) ~[spring-data-commons-3.3.1.jar:3.3.1]
	at org.springframework.data.util.Lazy.get(Lazy.java:113) ~[spring-data-commons-3.3.1.jar:3.3.1]
	at org.springframework.data.repository.core.support.RepositoryFactoryBeanSupport.afterPropertiesSet(RepositoryFactoryBeanSupport.java:292) ~[spring-data-commons-3.3.1.jar:3.3.1]
	at org.springframework.data.jpa.repository.support.JpaRepositoryFactoryBean.afterPropertiesSet(JpaRepositoryFactoryBean.java:132) ~[spring-data-jpa-3.3.1.jar:3.3.1]
	at org.springframework.beans.factory.support.AbstractAutowireCapableBeanFactory.invokeInitMethods(AbstractAutowireCapableBeanFactory.java:1835) ~[spring-beans-6.1.10.jar:6.1.10]
	at org.springframework.beans.factory.support.AbstractAutowireCapableBeanFactory.initializeBean(AbstractAutowireCapableBeanFactory.java:1784) ~[spring-beans-6.1.10.jar:6.1.10]
	at org.springframework.beans.factory.support.AbstractAutowireCapableBeanFactory.doCreateBean(AbstractAutowireCapableBeanFactory.java:600) ~[spring-beans-6.1.10.jar:6.1.10]
	at org.springframework.beans.factory.support.AbstractAutowireCapableBeanFactory.createBean(AbstractAutowireCapableBeanFactory.java:522) ~[spring-beans-6.1.10.jar:6.1.10]
	at org.springframework.beans.factory.support.AbstractBeanFactory.lambda$doGetBean$0(AbstractBeanFactory.java:337) ~[spring-beans-6.1.10.jar:6.1.10]
	at org.springframework.beans.factory.support.DefaultSingletonBeanRegistry.getSingleton(DefaultSingletonBeanRegistry.java:234) ~[spring-beans-6.1.10.jar:6.1.10]
	at org.springframework.beans.factory.support.AbstractBeanFactory.doGetBean(AbstractBeanFactory.java:335) ~[spring-beans-6.1.10.jar:6.1.10]
	at org.springframework.beans.factory.support.AbstractBeanFactory.getBean(AbstractBeanFactory.java:200) ~[spring-beans-6.1.10.jar:6.1.10]
	at org.springframework.beans.factory.config.DependencyDescriptor.resolveCandidate(DependencyDescriptor.java:254) ~[spring-beans-6.1.10.jar:6.1.10]
	at org.springframework.beans.factory.support.DefaultListableBeanFactory.doResolveDependency(DefaultListableBeanFactory.java:1443) ~[spring-beans-6.1.10.jar:6.1.10]
	at org.springframework.beans.factory.support.DefaultListableBeanFactory.resolveDependency(DefaultListableBeanFactory.java:1353) ~[spring-beans-6.1.10.jar:6.1.10]
	at org.springframework.beans.factory.support.ConstructorResolver.resolveAutowiredArgument(ConstructorResolver.java:904) ~[spring-beans-6.1.10.jar:6.1.10]
	at org.springframework.beans.factory.support.ConstructorResolver.createArgumentArray(ConstructorResolver.java:782) ~[spring-beans-6.1.10.jar:6.1.10]
	at org.springframework.beans.factory.support.ConstructorResolver.autowireConstructor(ConstructorResolver.java:237) ~[spring-beans-6.1.10.jar:6.1.10]
	at org.springframework.beans.factory.support.AbstractAutowireCapableBeanFactory.autowireConstructor(AbstractAutowireCapableBeanFactory.java:1357) ~[spring-beans-6.1.10.jar:6.1.10]
	at org.springframework.beans.factory.support.AbstractAutowireCapableBeanFactory.createBeanInstance(AbstractAutowireCapableBeanFactory.java:1194) ~[spring-beans-6.1.10.jar:6.1.10]
	at org.springframework.beans.factory.support.AbstractAutowireCapableBeanFactory.doCreateBean(AbstractAutowireCapableBeanFactory.java:562) ~[spring-beans-6.1.10.jar:6.1.10]
	at org.springframework.beans.factory.support.AbstractAutowireCapableBeanFactory.createBean(AbstractAutowireCapableBeanFactory.java:522) ~[spring-beans-6.1.10.jar:6.1.10]
	at org.springframework.beans.factory.support.AbstractBeanFactory.lambda$doGetBean$0(AbstractBeanFactory.java:337) ~[spring-beans-6.1.10.jar:6.1.10]
	at org.springframework.beans.factory.support.DefaultSingletonBeanRegistry.getSingleton(DefaultSingletonBeanRegistry.java:234) ~[spring-beans-6.1.10.jar:6.1.10]
	at org.springframework.beans.factory.support.AbstractBeanFactory.doGetBean(AbstractBeanFactory.java:335) ~[spring-beans-6.1.10.jar:6.1.10]
	at org.springframework.beans.factory.support.AbstractBeanFactory.getBean(AbstractBeanFactory.java:200) ~[spring-beans-6.1.10.jar:6.1.10]
	at org.springframework.beans.factory.config.DependencyDescriptor.resolveCandidate(DependencyDescriptor.java:254) ~[spring-beans-6.1.10.jar:6.1.10]
	at org.springframework.beans.factory.support.DefaultListableBeanFactory.doResolveDependency(DefaultListableBeanFactory.java:1443) ~[spring-beans-6.1.10.jar:6.1.10]
	at org.springframework.beans.factory.support.DefaultListableBeanFactory.resolveDependency(DefaultListableBeanFactory.java:1353) ~[spring-beans-6.1.10.jar:6.1.10]
	at org.springframework.beans.factory.support.ConstructorResolver.resolveAutowiredArgument(ConstructorResolver.java:904) ~[spring-beans-6.1.10.jar:6.1.10]
	at org.springframework.beans.factory.support.ConstructorResolver.createArgumentArray(ConstructorResolver.java:782) ~[spring-beans-6.1.10.jar:6.1.10]
	at org.springframework.beans.factory.support.ConstructorResolver.autowireConstructor(ConstructorResolver.java:237) ~[spring-beans-6.1.10.jar:6.1.10]
	at org.springframework.beans.factory.support.AbstractAutowireCapableBeanFactory.autowireConstructor(AbstractAutowireCapableBeanFactory.java:1357) ~[spring-beans-6.1.10.jar:6.1.10]
	at org.springframework.beans.factory.support.AbstractAutowireCapableBeanFactory.createBeanInstance(AbstractAutowireCapableBeanFactory.java:1194) ~[spring-beans-6.1.10.jar:6.1.10]
	at org.springframework.beans.factory.support.AbstractAutowireCapableBeanFactory.doCreateBean(AbstractAutowireCapableBeanFactory.java:562) ~[spring-beans-6.1.10.jar:6.1.10]
	at org.springframework.beans.factory.support.AbstractAutowireCapableBeanFactory.createBean(AbstractAutowireCapableBeanFactory.java:522) ~[spring-beans-6.1.10.jar:6.1.10]
	at org.springframework.beans.factory.support.AbstractBeanFactory.lambda$doGetBean$0(AbstractBeanFactory.java:337) ~[spring-beans-6.1.10.jar:6.1.10]
	at org.springframework.beans.factory.support.DefaultSingletonBeanRegistry.getSingleton(DefaultSingletonBeanRegistry.java:234) ~[spring-beans-6.1.10.jar:6.1.10]
	at org.springframework.beans.factory.support.AbstractBeanFactory.doGetBean(AbstractBeanFactory.java:335) ~[spring-beans-6.1.10.jar:6.1.10]
	at org.springframework.beans.factory.support.AbstractBeanFactory.getBean(AbstractBeanFactory.java:200) ~[spring-beans-6.1.10.jar:6.1.10]
	at org.springframework.beans.factory.support.DefaultListableBeanFactory.preInstantiateSingletons(DefaultListableBeanFactory.java:975) ~[spring-beans-6.1.10.jar:6.1.10]
	at org.springframework.context.support.AbstractApplicationContext.finishBeanFactoryInitialization(AbstractApplicationContext.java:962) ~[spring-context-6.1.10.jar:6.1.10]
	at org.springframework.context.support.AbstractApplicationContext.refresh(AbstractApplicationContext.java:624) ~[spring-context-6.1.10.jar:6.1.10]
	at org.springframework.boot.SpringApplication.refresh(SpringApplication.java:754) ~[spring-boot-3.3.1.jar:3.3.1]
	at org.springframework.boot.SpringApplication.refreshContext(SpringApplication.java:456) ~[spring-boot-3.3.1.jar:3.3.1]
	at org.springframework.boot.SpringApplication.run(SpringApplication.java:335) ~[spring-boot-3.3.1.jar:3.3.1]
	at org.springframework.boot.test.context.SpringBootContextLoader.lambda$loadContext$3(SpringBootContextLoader.java:137) ~[spring-boot-test-3.3.1.jar:3.3.1]
	at org.springframework.util.function.ThrowingSupplier.get(ThrowingSupplier.java:58) ~[spring-core-6.1.10.jar:6.1.10]
	at org.springframework.util.function.ThrowingSupplier.get(ThrowingSupplier.java:46) ~[spring-core-6.1.10.jar:6.1.10]
	at org.springframework.boot.SpringApplication.withHook(SpringApplication.java:1463) ~[spring-boot-3.3.1.jar:3.3.1]
	at org.springframework.boot.test.context.SpringBootContextLoader$ContextLoaderHook.run(SpringBootContextLoader.java:553) ~[spring-boot-test-3.3.1.jar:3.3.1]
	at org.springframework.boot.test.context.SpringBootContextLoader.loadContext(SpringBootContextLoader.java:137) ~[spring-boot-test-3.3.1.jar:3.3.1]
	at org.springframework.boot.test.context.SpringBootContextLoader.loadContext(SpringBootContextLoader.java:108) ~[spring-boot-test-3.3.1.jar:3.3.1]
	at org.springframework.test.context.cache.DefaultCacheAwareContextLoaderDelegate.loadContextInternal(DefaultCacheAwareContextLoaderDelegate.java:225) ~[spring-test-6.1.10.jar:6.1.10]
	at org.springframework.test.context.cache.DefaultCacheAwareContextLoaderDelegate.loadContext(DefaultCacheAwareContextLoaderDelegate.java:152) ~[spring-test-6.1.10.jar:6.1.10]
	at org.springframework.test.context.support.DefaultTestContext.getApplicationContext(DefaultTestContext.java:130) ~[spring-test-6.1.10.jar:6.1.10]
	at org.springframework.test.context.web.ServletTestExecutionListener.setUpRequestContextIfNecessary(ServletTestExecutionListener.java:191) ~[spring-test-6.1.10.jar:6.1.10]
	at org.springframework.test.context.web.ServletTestExecutionListener.prepareTestInstance(ServletTestExecutionListener.java:130) ~[spring-test-6.1.10.jar:6.1.10]
	at org.springframework.test.context.TestContextManager.prepareTestInstance(TestContextManager.java:260) ~[spring-test-6.1.10.jar:6.1.10]
	at org.springframework.test.context.junit.jupiter.SpringExtension.postProcessTestInstance(SpringExtension.java:163) ~[spring-test-6.1.10.jar:6.1.10]
	at org.junit.jupiter.engine.descriptor.ClassBasedTestDescriptor.lambda$invokeTestInstancePostProcessors$10(ClassBasedTestDescriptor.java:378) ~[junit-jupiter-engine-5.10.2.jar:5.10.2]
	at org.junit.jupiter.engine.descriptor.ClassBasedTestDescriptor.executeAndMaskThrowable(ClassBasedTestDescriptor.java:383) ~[junit-jupiter-engine-5.10.2.jar:5.10.2]
	at org.junit.jupiter.engine.descriptor.ClassBasedTestDescriptor.lambda$invokeTestInstancePostProcessors$11(ClassBasedTestDescriptor.java:378) ~[junit-jupiter-engine-5.10.2.jar:5.10.2]
	at java.base/java.util.stream.ReferencePipeline$3$1.accept(ReferencePipeline.java:215) ~[na:na]
	at java.base/java.util.stream.ReferencePipeline$2$1.accept(ReferencePipeline.java:197) ~[na:na]
	at java.base/java.util.ArrayList$ArrayListSpliterator.forEachRemaining(ArrayList.java:1709) ~[na:na]
	at java.base/java.util.stream.AbstractPipeline.copyInto(AbstractPipeline.java:570) ~[na:na]
	at java.base/java.util.stream.AbstractPipeline.wrapAndCopyInto(AbstractPipeline.java:560) ~[na:na]
	at java.base/java.util.stream.StreamSpliterators$WrappingSpliterator.forEachRemaining(StreamSpliterators.java:315) ~[na:na]
	at java.base/java.util.stream.Streams$ConcatSpliterator.forEachRemaining(Streams.java:735) ~[na:na]
	at java.base/java.util.stream.Streams$ConcatSpliterator.forEachRemaining(Streams.java:734) ~[na:na]
	at java.base/java.util.stream.ReferencePipeline$Head.forEach(ReferencePipeline.java:807) ~[na:na]
	at org.junit.jupiter.engine.descriptor.ClassBasedTestDescriptor.invokeTestInstancePostProcessors(ClassBasedTestDescriptor.java:377) ~[junit-jupiter-engine-5.10.2.jar:5.10.2]
	at org.junit.jupiter.engine.descriptor.ClassBasedTestDescriptor.lambda$instantiateAndPostProcessTestInstance$6(ClassBasedTestDescriptor.java:290) ~[junit-jupiter-engine-5.10.2.jar:5.10.2]
	at org.junit.platform.engine.support.hierarchical.ThrowableCollector.execute(ThrowableCollector.java:73) ~[junit-platform-engine-1.10.2.jar:1.10.2]
	at org.junit.jupiter.engine.descriptor.ClassBasedTestDescriptor.instantiateAndPostProcessTestInstance(ClassBasedTestDescriptor.java:289) ~[junit-jupiter-engine-5.10.2.jar:5.10.2]
	at org.junit.jupiter.engine.descriptor.ClassBasedTestDescriptor.lambda$testInstancesProvider$4(ClassBasedTestDescriptor.java:279) ~[junit-jupiter-engine-5.10.2.jar:5.10.2]
	at java.base/java.util.Optional.orElseGet(Optional.java:364) ~[na:na]
	at org.junit.jupiter.engine.descriptor.ClassBasedTestDescriptor.lambda$testInstancesProvider$5(ClassBasedTestDescriptor.java:278) ~[junit-jupiter-engine-5.10.2.jar:5.10.2]
	at org.junit.jupiter.engine.execution.TestInstancesProvider.getTestInstances(TestInstancesProvider.java:31) ~[junit-jupiter-engine-5.10.2.jar:5.10.2]
	at org.junit.jupiter.engine.descriptor.TestMethodTestDescriptor.lambda$prepare$0(TestMethodTestDescriptor.java:106) ~[junit-jupiter-engine-5.10.2.jar:5.10.2]
	at org.junit.platform.engine.support.hierarchical.ThrowableCollector.execute(ThrowableCollector.java:73) ~[junit-platform-engine-1.10.2.jar:1.10.2]
	at org.junit.jupiter.engine.descriptor.TestMethodTestDescriptor.prepare(TestMethodTestDescriptor.java:105) ~[junit-jupiter-engine-5.10.2.jar:5.10.2]
	at org.junit.jupiter.engine.descriptor.TestMethodTestDescriptor.prepare(TestMethodTestDescriptor.java:69) ~[junit-jupiter-engine-5.10.2.jar:5.10.2]
	at org.junit.platform.engine.support.hierarchical.NodeTestTask.lambda$prepare$2(NodeTestTask.java:123) ~[junit-platform-engine-1.10.2.jar:1.10.2]
	at org.junit.platform.engine.support.hierarchical.ThrowableCollector.execute(ThrowableCollector.java:73) ~[junit-platform-engine-1.10.2.jar:1.10.2]
	at org.junit.platform.engine.support.hierarchical.NodeTestTask.prepare(NodeTestTask.java:123) ~[junit-platform-engine-1.10.2.jar:1.10.2]
	at org.junit.platform.engine.support.hierarchical.NodeTestTask.execute(NodeTestTask.java:90) ~[junit-platform-engine-1.10.2.jar:1.10.2]
	at java.base/java.util.ArrayList.forEach(ArrayList.java:1597) ~[na:na]
	at org.junit.platform.engine.support.hierarchical.SameThreadHierarchicalTestExecutorService.invokeAll(SameThreadHierarchicalTestExecutorService.java:41) ~[junit-platform-engine-1.10.2.jar:1.10.2]
	at org.junit.platform.engine.support.hierarchical.NodeTestTask.lambda$executeRecursively$6(NodeTestTask.java:155) ~[junit-platform-engine-1.10.2.jar:1.10.2]
	at org.junit.platform.engine.support.hierarchical.ThrowableCollector.execute(ThrowableCollector.java:73) ~[junit-platform-engine-1.10.2.jar:1.10.2]
	at org.junit.platform.engine.support.hierarchical.NodeTestTask.lambda$executeRecursively$8(NodeTestTask.java:141) ~[junit-platform-engine-1.10.2.jar:1.10.2]
	at org.junit.platform.engine.support.hierarchical.Node.around(Node.java:137) ~[junit-platform-engine-1.10.2.jar:1.10.2]
	at org.junit.platform.engine.support.hierarchical.NodeTestTask.lambda$executeRecursively$9(NodeTestTask.java:139) ~[junit-platform-engine-1.10.2.jar:1.10.2]
	at org.junit.platform.engine.support.hierarchical.ThrowableCollector.execute(ThrowableCollector.java:73) ~[junit-platform-engine-1.10.2.jar:1.10.2]
	at org.junit.platform.engine.support.hierarchical.NodeTestTask.executeRecursively(NodeTestTask.java:138) ~[junit-platform-engine-1.10.2.jar:1.10.2]
	at org.junit.platform.engine.support.hierarchical.NodeTestTask.execute(NodeTestTask.java:95) ~[junit-platform-engine-1.10.2.jar:1.10.2]
	at java.base/java.util.ArrayList.forEach(ArrayList.java:1597) ~[na:na]
	at org.junit.platform.engine.support.hierarchical.SameThreadHierarchicalTestExecutorService.invokeAll(SameThreadHierarchicalTestExecutorService.java:41) ~[junit-platform-engine-1.10.2.jar:1.10.2]
	at org.junit.platform.engine.support.hierarchical.NodeTestTask.lambda$executeRecursively$6(NodeTestTask.java:155) ~[junit-platform-engine-1.10.2.jar:1.10.2]
	at org.junit.platform.engine.support.hierarchical.ThrowableCollector.execute(ThrowableCollector.java:73) ~[junit-platform-engine-1.10.2.jar:1.10.2]
	at org.junit.platform.engine.support.hierarchical.NodeTestTask.lambda$executeRecursively$8(NodeTestTask.java:141) ~[junit-platform-engine-1.10.2.jar:1.10.2]
	at org.junit.platform.engine.support.hierarchical.Node.around(Node.java:137) ~[junit-platform-engine-1.10.2.jar:1.10.2]
	at org.junit.platform.engine.support.hierarchical.NodeTestTask.lambda$executeRecursively$9(NodeTestTask.java:139) ~[junit-platform-engine-1.10.2.jar:1.10.2]
	at org.junit.platform.engine.support.hierarchical.ThrowableCollector.execute(ThrowableCollector.java:73) ~[junit-platform-engine-1.10.2.jar:1.10.2]
	at org.junit.platform.engine.support.hierarchical.NodeTestTask.executeRecursively(NodeTestTask.java:138) ~[junit-platform-engine-1.10.2.jar:1.10.2]
	at org.junit.platform.engine.support.hierarchical.NodeTestTask.execute(NodeTestTask.java:95) ~[junit-platform-engine-1.10.2.jar:1.10.2]
	at org.junit.platform.engine.support.hierarchical.SameThreadHierarchicalTestExecutorService.submit(SameThreadHierarchicalTestExecutorService.java:35) ~[junit-platform-engine-1.10.2.jar:1.10.2]
	at org.junit.platform.engine.support.hierarchical.HierarchicalTestExecutor.execute(HierarchicalTestExecutor.java:57) ~[junit-platform-engine-1.10.2.jar:1.10.2]
	at org.junit.platform.engine.support.hierarchical.HierarchicalTestEngine.execute(HierarchicalTestEngine.java:54) ~[junit-platform-engine-1.10.2.jar:1.10.2]
	at org.junit.platform.launcher.core.EngineExecutionOrchestrator.execute(EngineExecutionOrchestrator.java:198) ~[junit-platform-launcher-1.10.2.jar:1.10.2]
	at org.junit.platform.launcher.core.EngineExecutionOrchestrator.execute(EngineExecutionOrchestrator.java:169) ~[junit-platform-launcher-1.10.2.jar:1.10.2]
	at org.junit.platform.launcher.core.EngineExecutionOrchestrator.execute(EngineExecutionOrchestrator.java:93) ~[junit-platform-launcher-1.10.2.jar:1.10.2]
	at org.junit.platform.launcher.core.EngineExecutionOrchestrator.lambda$execute$0(EngineExecutionOrchestrator.java:58) ~[junit-platform-launcher-1.10.2.jar:1.10.2]
	at org.junit.platform.launcher.core.EngineExecutionOrchestrator.withInterceptedStreams(EngineExecutionOrchestrator.java:141) ~[junit-platform-launcher-1.10.2.jar:1.10.2]
	at org.junit.platform.launcher.core.EngineExecutionOrchestrator.execute(EngineExecutionOrchestrator.java:57) ~[junit-platform-launcher-1.10.2.jar:1.10.2]
	at org.junit.platform.launcher.core.DefaultLauncher.execute(DefaultLauncher.java:103) ~[junit-platform-launcher-1.10.2.jar:1.10.2]
	at org.junit.platform.launcher.core.DefaultLauncher.execute(DefaultLauncher.java:85) ~[junit-platform-launcher-1.10.2.jar:1.10.2]
	at org.junit.platform.launcher.core.DelegatingLauncher.execute(DelegatingLauncher.java:47) ~[junit-platform-launcher-1.10.2.jar:1.10.2]
	at org.apache.maven.surefire.junitplatform.LazyLauncher.execute(LazyLauncher.java:56) ~[surefire-junit-platform-3.2.5.jar:3.2.5]
	at org.apache.maven.surefire.junitplatform.JUnitPlatformProvider.execute(JUnitPlatformProvider.java:184) ~[surefire-junit-platform-3.2.5.jar:3.2.5]
	at org.apache.maven.surefire.junitplatform.JUnitPlatformProvider.invokeAllTests(JUnitPlatformProvider.java:148) ~[surefire-junit-platform-3.2.5.jar:3.2.5]
	at org.apache.maven.surefire.junitplatform.JUnitPlatformProvider.invoke(JUnitPlatformProvider.java:122) ~[surefire-junit-platform-3.2.5.jar:3.2.5]
	at org.apache.maven.surefire.booter.ForkedBooter.runSuitesInProcess(ForkedBooter.java:385) ~[surefire-booter-3.2.5.jar:3.2.5]
	at org.apache.maven.surefire.booter.ForkedBooter.execute(ForkedBooter.java:162) ~[surefire-booter-3.2.5.jar:3.2.5]
	at org.apache.maven.surefire.booter.ForkedBooter.run(ForkedBooter.java:507) ~[surefire-booter-3.2.5.jar:3.2.5]
	at org.apache.maven.surefire.booter.ForkedBooter.main(ForkedBooter.java:495) ~[surefire-booter-3.2.5.jar:3.2.5]

2025-08-24T11:33:21.639+03:30 DEBUG 1188 --- [ChiDaram App] [           main] tor$SharedEntityManagerInvocationHandler : Creating new EntityManager for shared EntityManager invocation
2025-08-24T11:33:21.808+03:30 DEBUG 1188 --- [ChiDaram App] [           main] tor$SharedEntityManagerInvocationHandler : Creating new EntityManager for shared EntityManager invocation
2025-08-24T11:33:21.819+03:30 DEBUG 1188 --- [ChiDaram App] [           main] tor$SharedEntityManagerInvocationHandler : Creating new EntityManager for shared EntityManager invocation
2025-08-24T11:33:22.085+03:30 DEBUG 1188 --- [ChiDaram App] [           main] tor$SharedEntityManagerInvocationHandler : Creating new EntityManager for shared EntityManager invocation
2025-08-24T11:33:22.119+03:30 DEBUG 1188 --- [ChiDaram App] [           main] tor$SharedEntityManagerInvocationHandler : Creating new EntityManager for shared EntityManager invocation
2025-08-24T11:33:22.125+03:30 DEBUG 1188 --- [ChiDaram App] [           main] cResourceLocalTransactionCoordinatorImpl : JDBC transaction marked for rollback-only (exception provided for stack trace)

java.lang.Exception: exception just for purpose of providing stack trace
	at org.hibernate.resource.transaction.backend.jdbc.internal.JdbcResourceLocalTransactionCoordinatorImpl$TransactionDriverControlImpl.markRollbackOnly(JdbcResourceLocalTransactionCoordinatorImpl.java:309) ~[hibernate-core-6.5.2.Final.jar:6.5.2.Final]
	at org.hibernate.internal.AbstractSharedSessionContract.buildNamedQuery(AbstractSharedSessionContract.java:1109) ~[hibernate-core-6.5.2.Final.jar:6.5.2.Final]
	at org.hibernate.internal.AbstractSharedSessionContract.createNamedQuery(AbstractSharedSessionContract.java:987) ~[hibernate-core-6.5.2.Final.jar:6.5.2.Final]
	at org.hibernate.internal.AbstractSharedSessionContract.createNamedQuery(AbstractSharedSessionContract.java:140) ~[hibernate-core-6.5.2.Final.jar:6.5.2.Final]
	at java.base/jdk.internal.reflect.DirectMethodHandleAccessor.invoke(DirectMethodHandleAccessor.java:103) ~[na:na]
	at java.base/java.lang.reflect.Method.invoke(Method.java:580) ~[na:na]
	at org.springframework.orm.jpa.ExtendedEntityManagerCreator$ExtendedEntityManagerInvocationHandler.invoke(ExtendedEntityManagerCreator.java:364) ~[spring-orm-6.1.10.jar:6.1.10]
	at jdk.proxy2/jdk.proxy2.$Proxy160.createNamedQuery(Unknown Source) ~[na:na]
	at org.springframework.data.jpa.repository.query.NamedQuery.hasNamedQuery(NamedQuery.java:112) ~[spring-data-jpa-3.3.1.jar:3.3.1]
	at org.springframework.data.jpa.repository.query.NamedQuery.lookupFrom(NamedQuery.java:138) ~[spring-data-jpa-3.3.1.jar:3.3.1]
	at org.springframework.data.jpa.repository.query.JpaQueryLookupStrategy$DeclaredQueryLookupStrategy.resolveQuery(JpaQueryLookupStrategy.java:180) ~[spring-data-jpa-3.3.1.jar:3.3.1]
	at org.springframework.data.jpa.repository.query.JpaQueryLookupStrategy$CreateIfNotFoundQueryLookupStrategy.resolveQuery(JpaQueryLookupStrategy.java:252) ~[spring-data-jpa-3.3.1.jar:3.3.1]
	at org.springframework.data.jpa.repository.query.JpaQueryLookupStrategy$AbstractQueryLookupStrategy.resolveQuery(JpaQueryLookupStrategy.java:95) ~[spring-data-jpa-3.3.1.jar:3.3.1]
	at org.springframework.data.repository.core.support.QueryExecutorMethodInterceptor.lookupQuery(QueryExecutorMethodInterceptor.java:111) ~[spring-data-commons-3.3.1.jar:3.3.1]
	at org.springframework.data.repository.core.support.QueryExecutorMethodInterceptor.mapMethodsToQuery(QueryExecutorMethodInterceptor.java:99) ~[spring-data-commons-3.3.1.jar:3.3.1]
	at org.springframework.data.repository.core.support.QueryExecutorMethodInterceptor.lambda$new$0(QueryExecutorMethodInterceptor.java:88) ~[spring-data-commons-3.3.1.jar:3.3.1]
	at java.base/java.util.Optional.map(Optional.java:260) ~[na:na]
	at org.springframework.data.repository.core.support.QueryExecutorMethodInterceptor.<init>(QueryExecutorMethodInterceptor.java:88) ~[spring-data-commons-3.3.1.jar:3.3.1]
	at org.springframework.data.repository.core.support.RepositoryFactorySupport.getRepository(RepositoryFactorySupport.java:357) ~[spring-data-commons-3.3.1.jar:3.3.1]
	at org.springframework.data.repository.core.support.RepositoryFactoryBeanSupport.lambda$afterPropertiesSet$5(RepositoryFactoryBeanSupport.java:286) ~[spring-data-commons-3.3.1.jar:3.3.1]
	at org.springframework.data.util.Lazy.getNullable(Lazy.java:135) ~[spring-data-commons-3.3.1.jar:3.3.1]
	at org.springframework.data.util.Lazy.get(Lazy.java:113) ~[spring-data-commons-3.3.1.jar:3.3.1]
	at org.springframework.data.repository.core.support.RepositoryFactoryBeanSupport.afterPropertiesSet(RepositoryFactoryBeanSupport.java:292) ~[spring-data-commons-3.3.1.jar:3.3.1]
	at org.springframework.data.jpa.repository.support.JpaRepositoryFactoryBean.afterPropertiesSet(JpaRepositoryFactoryBean.java:132) ~[spring-data-jpa-3.3.1.jar:3.3.1]
	at org.springframework.beans.factory.support.AbstractAutowireCapableBeanFactory.invokeInitMethods(AbstractAutowireCapableBeanFactory.java:1835) ~[spring-beans-6.1.10.jar:6.1.10]
	at org.springframework.beans.factory.support.AbstractAutowireCapableBeanFactory.initializeBean(AbstractAutowireCapableBeanFactory.java:1784) ~[spring-beans-6.1.10.jar:6.1.10]
	at org.springframework.beans.factory.support.AbstractAutowireCapableBeanFactory.doCreateBean(AbstractAutowireCapableBeanFactory.java:600) ~[spring-beans-6.1.10.jar:6.1.10]
	at org.springframework.beans.factory.support.AbstractAutowireCapableBeanFactory.createBean(AbstractAutowireCapableBeanFactory.java:522) ~[spring-beans-6.1.10.jar:6.1.10]
	at org.springframework.beans.factory.support.AbstractBeanFactory.lambda$doGetBean$0(AbstractBeanFactory.java:337) ~[spring-beans-6.1.10.jar:6.1.10]
	at org.springframework.beans.factory.support.DefaultSingletonBeanRegistry.getSingleton(DefaultSingletonBeanRegistry.java:234) ~[spring-beans-6.1.10.jar:6.1.10]
	at org.springframework.beans.factory.support.AbstractBeanFactory.doGetBean(AbstractBeanFactory.java:335) ~[spring-beans-6.1.10.jar:6.1.10]
	at org.springframework.beans.factory.support.AbstractBeanFactory.getBean(AbstractBeanFactory.java:200) ~[spring-beans-6.1.10.jar:6.1.10]
	at org.springframework.beans.factory.config.DependencyDescriptor.resolveCandidate(DependencyDescriptor.java:254) ~[spring-beans-6.1.10.jar:6.1.10]
	at org.springframework.beans.factory.support.DefaultListableBeanFactory.doResolveDependency(DefaultListableBeanFactory.java:1443) ~[spring-beans-6.1.10.jar:6.1.10]
	at org.springframework.beans.factory.support.DefaultListableBeanFactory.resolveDependency(DefaultListableBeanFactory.java:1353) ~[spring-beans-6.1.10.jar:6.1.10]
	at org.springframework.beans.factory.support.ConstructorResolver.resolveAutowiredArgument(ConstructorResolver.java:904) ~[spring-beans-6.1.10.jar:6.1.10]
	at org.springframework.beans.factory.support.ConstructorResolver.createArgumentArray(ConstructorResolver.java:782) ~[spring-beans-6.1.10.jar:6.1.10]
	at org.springframework.beans.factory.support.ConstructorResolver.autowireConstructor(ConstructorResolver.java:237) ~[spring-beans-6.1.10.jar:6.1.10]
	at org.springframework.beans.factory.support.AbstractAutowireCapableBeanFactory.autowireConstructor(AbstractAutowireCapableBeanFactory.java:1357) ~[spring-beans-6.1.10.jar:6.1.10]
	at org.springframework.beans.factory.support.AbstractAutowireCapableBeanFactory.createBeanInstance(AbstractAutowireCapableBeanFactory.java:1194) ~[spring-beans-6.1.10.jar:6.1.10]
	at org.springframework.beans.factory.support.AbstractAutowireCapableBeanFactory.doCreateBean(AbstractAutowireCapableBeanFactory.java:562) ~[spring-beans-6.1.10.jar:6.1.10]
	at org.springframework.beans.factory.support.AbstractAutowireCapableBeanFactory.createBean(AbstractAutowireCapableBeanFactory.java:522) ~[spring-beans-6.1.10.jar:6.1.10]
	at org.springframework.beans.factory.support.AbstractBeanFactory.lambda$doGetBean$0(AbstractBeanFactory.java:337) ~[spring-beans-6.1.10.jar:6.1.10]
	at org.springframework.beans.factory.support.DefaultSingletonBeanRegistry.getSingleton(DefaultSingletonBeanRegistry.java:234) ~[spring-beans-6.1.10.jar:6.1.10]
	at org.springframework.beans.factory.support.AbstractBeanFactory.doGetBean(AbstractBeanFactory.java:335) ~[spring-beans-6.1.10.jar:6.1.10]
	at org.springframework.beans.factory.support.AbstractBeanFactory.getBean(AbstractBeanFactory.java:200) ~[spring-beans-6.1.10.jar:6.1.10]
	at org.springframework.beans.factory.config.DependencyDescriptor.resolveCandidate(DependencyDescriptor.java:254) ~[spring-beans-6.1.10.jar:6.1.10]
	at org.springframework.beans.factory.support.DefaultListableBeanFactory.doResolveDependency(DefaultListableBeanFactory.java:1443) ~[spring-beans-6.1.10.jar:6.1.10]
	at org.springframework.beans.factory.support.DefaultListableBeanFactory.resolveDependency(DefaultListableBeanFactory.java:1353) ~[spring-beans-6.1.10.jar:6.1.10]
	at org.springframework.beans.factory.support.ConstructorResolver.resolveAutowiredArgument(ConstructorResolver.java:904) ~[spring-beans-6.1.10.jar:6.1.10]
	at org.springframework.beans.factory.support.ConstructorResolver.createArgumentArray(ConstructorResolver.java:782) ~[spring-beans-6.1.10.jar:6.1.10]
	at org.springframework.beans.factory.support.ConstructorResolver.autowireConstructor(ConstructorResolver.java:237) ~[spring-beans-6.1.10.jar:6.1.10]
	at org.springframework.beans.factory.support.AbstractAutowireCapableBeanFactory.autowireConstructor(AbstractAutowireCapableBeanFactory.java:1357) ~[spring-beans-6.1.10.jar:6.1.10]
	at org.springframework.beans.factory.support.AbstractAutowireCapableBeanFactory.createBeanInstance(AbstractAutowireCapableBeanFactory.java:1194) ~[spring-beans-6.1.10.jar:6.1.10]
	at org.springframework.beans.factory.support.AbstractAutowireCapableBeanFactory.doCreateBean(AbstractAutowireCapableBeanFactory.java:562) ~[spring-beans-6.1.10.jar:6.1.10]
	at org.springframework.beans.factory.support.AbstractAutowireCapableBeanFactory.createBean(AbstractAutowireCapableBeanFactory.java:522) ~[spring-beans-6.1.10.jar:6.1.10]
	at org.springframework.beans.factory.support.AbstractBeanFactory.lambda$doGetBean$0(AbstractBeanFactory.java:337) ~[spring-beans-6.1.10.jar:6.1.10]
	at org.springframework.beans.factory.support.DefaultSingletonBeanRegistry.getSingleton(DefaultSingletonBeanRegistry.java:234) ~[spring-beans-6.1.10.jar:6.1.10]
	at org.springframework.beans.factory.support.AbstractBeanFactory.doGetBean(AbstractBeanFactory.java:335) ~[spring-beans-6.1.10.jar:6.1.10]
	at org.springframework.beans.factory.support.AbstractBeanFactory.getBean(AbstractBeanFactory.java:200) ~[spring-beans-6.1.10.jar:6.1.10]
	at org.springframework.beans.factory.support.DefaultListableBeanFactory.preInstantiateSingletons(DefaultListableBeanFactory.java:975) ~[spring-beans-6.1.10.jar:6.1.10]
	at org.springframework.context.support.AbstractApplicationContext.finishBeanFactoryInitialization(AbstractApplicationContext.java:962) ~[spring-context-6.1.10.jar:6.1.10]
	at org.springframework.context.support.AbstractApplicationContext.refresh(AbstractApplicationContext.java:624) ~[spring-context-6.1.10.jar:6.1.10]
	at org.springframework.boot.SpringApplication.refresh(SpringApplication.java:754) ~[spring-boot-3.3.1.jar:3.3.1]
	at org.springframework.boot.SpringApplication.refreshContext(SpringApplication.java:456) ~[spring-boot-3.3.1.jar:3.3.1]
	at org.springframework.boot.SpringApplication.run(SpringApplication.java:335) ~[spring-boot-3.3.1.jar:3.3.1]
	at org.springframework.boot.test.context.SpringBootContextLoader.lambda$loadContext$3(SpringBootContextLoader.java:137) ~[spring-boot-test-3.3.1.jar:3.3.1]
	at org.springframework.util.function.ThrowingSupplier.get(ThrowingSupplier.java:58) ~[spring-core-6.1.10.jar:6.1.10]
	at org.springframework.util.function.ThrowingSupplier.get(ThrowingSupplier.java:46) ~[spring-core-6.1.10.jar:6.1.10]
	at org.springframework.boot.SpringApplication.withHook(SpringApplication.java:1463) ~[spring-boot-3.3.1.jar:3.3.1]
	at org.springframework.boot.test.context.SpringBootContextLoader$ContextLoaderHook.run(SpringBootContextLoader.java:553) ~[spring-boot-test-3.3.1.jar:3.3.1]
	at org.springframework.boot.test.context.SpringBootContextLoader.loadContext(SpringBootContextLoader.java:137) ~[spring-boot-test-3.3.1.jar:3.3.1]
	at org.springframework.boot.test.context.SpringBootContextLoader.loadContext(SpringBootContextLoader.java:108) ~[spring-boot-test-3.3.1.jar:3.3.1]
	at org.springframework.test.context.cache.DefaultCacheAwareContextLoaderDelegate.loadContextInternal(DefaultCacheAwareContextLoaderDelegate.java:225) ~[spring-test-6.1.10.jar:6.1.10]
	at org.springframework.test.context.cache.DefaultCacheAwareContextLoaderDelegate.loadContext(DefaultCacheAwareContextLoaderDelegate.java:152) ~[spring-test-6.1.10.jar:6.1.10]
	at org.springframework.test.context.support.DefaultTestContext.getApplicationContext(DefaultTestContext.java:130) ~[spring-test-6.1.10.jar:6.1.10]
	at org.springframework.test.context.web.ServletTestExecutionListener.setUpRequestContextIfNecessary(ServletTestExecutionListener.java:191) ~[spring-test-6.1.10.jar:6.1.10]
	at org.springframework.test.context.web.ServletTestExecutionListener.prepareTestInstance(ServletTestExecutionListener.java:130) ~[spring-test-6.1.10.jar:6.1.10]
	at org.springframework.test.context.TestContextManager.prepareTestInstance(TestContextManager.java:260) ~[spring-test-6.1.10.jar:6.1.10]
	at org.springframework.test.context.junit.jupiter.SpringExtension.postProcessTestInstance(SpringExtension.java:163) ~[spring-test-6.1.10.jar:6.1.10]
	at org.junit.jupiter.engine.descriptor.ClassBasedTestDescriptor.lambda$invokeTestInstancePostProcessors$10(ClassBasedTestDescriptor.java:378) ~[junit-jupiter-engine-5.10.2.jar:5.10.2]
	at org.junit.jupiter.engine.descriptor.ClassBasedTestDescriptor.executeAndMaskThrowable(ClassBasedTestDescriptor.java:383) ~[junit-jupiter-engine-5.10.2.jar:5.10.2]
	at org.junit.jupiter.engine.descriptor.ClassBasedTestDescriptor.lambda$invokeTestInstancePostProcessors$11(ClassBasedTestDescriptor.java:378) ~[junit-jupiter-engine-5.10.2.jar:5.10.2]
	at java.base/java.util.stream.ReferencePipeline$3$1.accept(ReferencePipeline.java:215) ~[na:na]
	at java.base/java.util.stream.ReferencePipeline$2$1.accept(ReferencePipeline.java:197) ~[na:na]
	at java.base/java.util.ArrayList$ArrayListSpliterator.forEachRemaining(ArrayList.java:1709) ~[na:na]
	at java.base/java.util.stream.AbstractPipeline.copyInto(AbstractPipeline.java:570) ~[na:na]
	at java.base/java.util.stream.AbstractPipeline.wrapAndCopyInto(AbstractPipeline.java:560) ~[na:na]
	at java.base/java.util.stream.StreamSpliterators$WrappingSpliterator.forEachRemaining(StreamSpliterators.java:315) ~[na:na]
	at java.base/java.util.stream.Streams$ConcatSpliterator.forEachRemaining(Streams.java:735) ~[na:na]
	at java.base/java.util.stream.Streams$ConcatSpliterator.forEachRemaining(Streams.java:734) ~[na:na]
	at java.base/java.util.stream.ReferencePipeline$Head.forEach(ReferencePipeline.java:807) ~[na:na]
	at org.junit.jupiter.engine.descriptor.ClassBasedTestDescriptor.invokeTestInstancePostProcessors(ClassBasedTestDescriptor.java:377) ~[junit-jupiter-engine-5.10.2.jar:5.10.2]
	at org.junit.jupiter.engine.descriptor.ClassBasedTestDescriptor.lambda$instantiateAndPostProcessTestInstance$6(ClassBasedTestDescriptor.java:290) ~[junit-jupiter-engine-5.10.2.jar:5.10.2]
	at org.junit.platform.engine.support.hierarchical.ThrowableCollector.execute(ThrowableCollector.java:73) ~[junit-platform-engine-1.10.2.jar:1.10.2]
	at org.junit.jupiter.engine.descriptor.ClassBasedTestDescriptor.instantiateAndPostProcessTestInstance(ClassBasedTestDescriptor.java:289) ~[junit-jupiter-engine-5.10.2.jar:5.10.2]
	at org.junit.jupiter.engine.descriptor.ClassBasedTestDescriptor.lambda$testInstancesProvider$4(ClassBasedTestDescriptor.java:279) ~[junit-jupiter-engine-5.10.2.jar:5.10.2]
	at java.base/java.util.Optional.orElseGet(Optional.java:364) ~[na:na]
	at org.junit.jupiter.engine.descriptor.ClassBasedTestDescriptor.lambda$testInstancesProvider$5(ClassBasedTestDescriptor.java:278) ~[junit-jupiter-engine-5.10.2.jar:5.10.2]
	at org.junit.jupiter.engine.execution.TestInstancesProvider.getTestInstances(TestInstancesProvider.java:31) ~[junit-jupiter-engine-5.10.2.jar:5.10.2]
	at org.junit.jupiter.engine.descriptor.TestMethodTestDescriptor.lambda$prepare$0(TestMethodTestDescriptor.java:106) ~[junit-jupiter-engine-5.10.2.jar:5.10.2]
	at org.junit.platform.engine.support.hierarchical.ThrowableCollector.execute(ThrowableCollector.java:73) ~[junit-platform-engine-1.10.2.jar:1.10.2]
	at org.junit.jupiter.engine.descriptor.TestMethodTestDescriptor.prepare(TestMethodTestDescriptor.java:105) ~[junit-jupiter-engine-5.10.2.jar:5.10.2]
	at org.junit.jupiter.engine.descriptor.TestMethodTestDescriptor.prepare(TestMethodTestDescriptor.java:69) ~[junit-jupiter-engine-5.10.2.jar:5.10.2]
	at org.junit.platform.engine.support.hierarchical.NodeTestTask.lambda$prepare$2(NodeTestTask.java:123) ~[junit-platform-engine-1.10.2.jar:1.10.2]
	at org.junit.platform.engine.support.hierarchical.ThrowableCollector.execute(ThrowableCollector.java:73) ~[junit-platform-engine-1.10.2.jar:1.10.2]
	at org.junit.platform.engine.support.hierarchical.NodeTestTask.prepare(NodeTestTask.java:123) ~[junit-platform-engine-1.10.2.jar:1.10.2]
	at org.junit.platform.engine.support.hierarchical.NodeTestTask.execute(NodeTestTask.java:90) ~[junit-platform-engine-1.10.2.jar:1.10.2]
	at java.base/java.util.ArrayList.forEach(ArrayList.java:1597) ~[na:na]
	at org.junit.platform.engine.support.hierarchical.SameThreadHierarchicalTestExecutorService.invokeAll(SameThreadHierarchicalTestExecutorService.java:41) ~[junit-platform-engine-1.10.2.jar:1.10.2]
	at org.junit.platform.engine.support.hierarchical.NodeTestTask.lambda$executeRecursively$6(NodeTestTask.java:155) ~[junit-platform-engine-1.10.2.jar:1.10.2]
	at org.junit.platform.engine.support.hierarchical.ThrowableCollector.execute(ThrowableCollector.java:73) ~[junit-platform-engine-1.10.2.jar:1.10.2]
	at org.junit.platform.engine.support.hierarchical.NodeTestTask.lambda$executeRecursively$8(NodeTestTask.java:141) ~[junit-platform-engine-1.10.2.jar:1.10.2]
	at org.junit.platform.engine.support.hierarchical.Node.around(Node.java:137) ~[junit-platform-engine-1.10.2.jar:1.10.2]
	at org.junit.platform.engine.support.hierarchical.NodeTestTask.lambda$executeRecursively$9(NodeTestTask.java:139) ~[junit-platform-engine-1.10.2.jar:1.10.2]
	at org.junit.platform.engine.support.hierarchical.ThrowableCollector.execute(ThrowableCollector.java:73) ~[junit-platform-engine-1.10.2.jar:1.10.2]
	at org.junit.platform.engine.support.hierarchical.NodeTestTask.executeRecursively(NodeTestTask.java:138) ~[junit-platform-engine-1.10.2.jar:1.10.2]
	at org.junit.platform.engine.support.hierarchical.NodeTestTask.execute(NodeTestTask.java:95) ~[junit-platform-engine-1.10.2.jar:1.10.2]
	at java.base/java.util.ArrayList.forEach(ArrayList.java:1597) ~[na:na]
	at org.junit.platform.engine.support.hierarchical.SameThreadHierarchicalTestExecutorService.invokeAll(SameThreadHierarchicalTestExecutorService.java:41) ~[junit-platform-engine-1.10.2.jar:1.10.2]
	at org.junit.platform.engine.support.hierarchical.NodeTestTask.lambda$executeRecursively$6(NodeTestTask.java:155) ~[junit-platform-engine-1.10.2.jar:1.10.2]
	at org.junit.platform.engine.support.hierarchical.ThrowableCollector.execute(ThrowableCollector.java:73) ~[junit-platform-engine-1.10.2.jar:1.10.2]
	at org.junit.platform.engine.support.hierarchical.NodeTestTask.lambda$executeRecursively$8(NodeTestTask.java:141) ~[junit-platform-engine-1.10.2.jar:1.10.2]
	at org.junit.platform.engine.support.hierarchical.Node.around(Node.java:137) ~[junit-platform-engine-1.10.2.jar:1.10.2]
	at org.junit.platform.engine.support.hierarchical.NodeTestTask.lambda$executeRecursively$9(NodeTestTask.java:139) ~[junit-platform-engine-1.10.2.jar:1.10.2]
	at org.junit.platform.engine.support.hierarchical.ThrowableCollector.execute(ThrowableCollector.java:73) ~[junit-platform-engine-1.10.2.jar:1.10.2]
	at org.junit.platform.engine.support.hierarchical.NodeTestTask.executeRecursively(NodeTestTask.java:138) ~[junit-platform-engine-1.10.2.jar:1.10.2]
	at org.junit.platform.engine.support.hierarchical.NodeTestTask.execute(NodeTestTask.java:95) ~[junit-platform-engine-1.10.2.jar:1.10.2]
	at org.junit.platform.engine.support.hierarchical.SameThreadHierarchicalTestExecutorService.submit(SameThreadHierarchicalTestExecutorService.java:35) ~[junit-platform-engine-1.10.2.jar:1.10.2]
	at org.junit.platform.engine.support.hierarchical.HierarchicalTestExecutor.execute(HierarchicalTestExecutor.java:57) ~[junit-platform-engine-1.10.2.jar:1.10.2]
	at org.junit.platform.engine.support.hierarchical.HierarchicalTestEngine.execute(HierarchicalTestEngine.java:54) ~[junit-platform-engine-1.10.2.jar:1.10.2]
	at org.junit.platform.launcher.core.EngineExecutionOrchestrator.execute(EngineExecutionOrchestrator.java:198) ~[junit-platform-launcher-1.10.2.jar:1.10.2]
	at org.junit.platform.launcher.core.EngineExecutionOrchestrator.execute(EngineExecutionOrchestrator.java:169) ~[junit-platform-launcher-1.10.2.jar:1.10.2]
	at org.junit.platform.launcher.core.EngineExecutionOrchestrator.execute(EngineExecutionOrchestrator.java:93) ~[junit-platform-launcher-1.10.2.jar:1.10.2]
	at org.junit.platform.launcher.core.EngineExecutionOrchestrator.lambda$execute$0(EngineExecutionOrchestrator.java:58) ~[junit-platform-launcher-1.10.2.jar:1.10.2]
	at org.junit.platform.launcher.core.EngineExecutionOrchestrator.withInterceptedStreams(EngineExecutionOrchestrator.java:141) ~[junit-platform-launcher-1.10.2.jar:1.10.2]
	at org.junit.platform.launcher.core.EngineExecutionOrchestrator.execute(EngineExecutionOrchestrator.java:57) ~[junit-platform-launcher-1.10.2.jar:1.10.2]
	at org.junit.platform.launcher.core.DefaultLauncher.execute(DefaultLauncher.java:103) ~[junit-platform-launcher-1.10.2.jar:1.10.2]
	at org.junit.platform.launcher.core.DefaultLauncher.execute(DefaultLauncher.java:85) ~[junit-platform-launcher-1.10.2.jar:1.10.2]
	at org.junit.platform.launcher.core.DelegatingLauncher.execute(DelegatingLauncher.java:47) ~[junit-platform-launcher-1.10.2.jar:1.10.2]
	at org.apache.maven.surefire.junitplatform.LazyLauncher.execute(LazyLauncher.java:56) ~[surefire-junit-platform-3.2.5.jar:3.2.5]
	at org.apache.maven.surefire.junitplatform.JUnitPlatformProvider.execute(JUnitPlatformProvider.java:184) ~[surefire-junit-platform-3.2.5.jar:3.2.5]
	at org.apache.maven.surefire.junitplatform.JUnitPlatformProvider.invokeAllTests(JUnitPlatformProvider.java:148) ~[surefire-junit-platform-3.2.5.jar:3.2.5]
	at org.apache.maven.surefire.junitplatform.JUnitPlatformProvider.invoke(JUnitPlatformProvider.java:122) ~[surefire-junit-platform-3.2.5.jar:3.2.5]
	at org.apache.maven.surefire.booter.ForkedBooter.runSuitesInProcess(ForkedBooter.java:385) ~[surefire-booter-3.2.5.jar:3.2.5]
	at org.apache.maven.surefire.booter.ForkedBooter.execute(ForkedBooter.java:162) ~[surefire-booter-3.2.5.jar:3.2.5]
	at org.apache.maven.surefire.booter.ForkedBooter.run(ForkedBooter.java:507) ~[surefire-booter-3.2.5.jar:3.2.5]
	at org.apache.maven.surefire.booter.ForkedBooter.main(ForkedBooter.java:495) ~[surefire-booter-3.2.5.jar:3.2.5]

2025-08-24T11:33:22.134+03:30 DEBUG 1188 --- [ChiDaram App] [           main] tor$SharedEntityManagerInvocationHandler : Creating new EntityManager for shared EntityManager invocation
2025-08-24T11:33:22.215+03:30 DEBUG 1188 --- [ChiDaram App] [           main] tor$SharedEntityManagerInvocationHandler : Creating new EntityManager for shared EntityManager invocation
2025-08-24T11:33:22.221+03:30 DEBUG 1188 --- [ChiDaram App] [           main] tor$SharedEntityManagerInvocationHandler : Creating new EntityManager for shared EntityManager invocation
2025-08-24T11:33:22.240+03:30 DEBUG 1188 --- [ChiDaram App] [           main] cResourceLocalTransactionCoordinatorImpl : JDBC transaction marked for rollback-only (exception provided for stack trace)

java.lang.Exception: exception just for purpose of providing stack trace
	at org.hibernate.resource.transaction.backend.jdbc.internal.JdbcResourceLocalTransactionCoordinatorImpl$TransactionDriverControlImpl.markRollbackOnly(JdbcResourceLocalTransactionCoordinatorImpl.java:309) ~[hibernate-core-6.5.2.Final.jar:6.5.2.Final]
	at org.hibernate.internal.AbstractSharedSessionContract.buildNamedQuery(AbstractSharedSessionContract.java:1109) ~[hibernate-core-6.5.2.Final.jar:6.5.2.Final]
	at org.hibernate.internal.AbstractSharedSessionContract.createNamedQuery(AbstractSharedSessionContract.java:987) ~[hibernate-core-6.5.2.Final.jar:6.5.2.Final]
	at org.hibernate.internal.AbstractSharedSessionContract.createNamedQuery(AbstractSharedSessionContract.java:140) ~[hibernate-core-6.5.2.Final.jar:6.5.2.Final]
	at java.base/jdk.internal.reflect.DirectMethodHandleAccessor.invoke(DirectMethodHandleAccessor.java:103) ~[na:na]
	at java.base/java.lang.reflect.Method.invoke(Method.java:580) ~[na:na]
	at org.springframework.orm.jpa.ExtendedEntityManagerCreator$ExtendedEntityManagerInvocationHandler.invoke(ExtendedEntityManagerCreator.java:364) ~[spring-orm-6.1.10.jar:6.1.10]
	at jdk.proxy2/jdk.proxy2.$Proxy160.createNamedQuery(Unknown Source) ~[na:na]
	at org.springframework.data.jpa.repository.query.NamedQuery.hasNamedQuery(NamedQuery.java:112) ~[spring-data-jpa-3.3.1.jar:3.3.1]
	at org.springframework.data.jpa.repository.query.NamedQuery.lookupFrom(NamedQuery.java:138) ~[spring-data-jpa-3.3.1.jar:3.3.1]
	at org.springframework.data.jpa.repository.query.JpaQueryLookupStrategy$DeclaredQueryLookupStrategy.resolveQuery(JpaQueryLookupStrategy.java:180) ~[spring-data-jpa-3.3.1.jar:3.3.1]
	at org.springframework.data.jpa.repository.query.JpaQueryLookupStrategy$CreateIfNotFoundQueryLookupStrategy.resolveQuery(JpaQueryLookupStrategy.java:252) ~[spring-data-jpa-3.3.1.jar:3.3.1]
	at org.springframework.data.jpa.repository.query.JpaQueryLookupStrategy$AbstractQueryLookupStrategy.resolveQuery(JpaQueryLookupStrategy.java:95) ~[spring-data-jpa-3.3.1.jar:3.3.1]
	at org.springframework.data.repository.core.support.QueryExecutorMethodInterceptor.lookupQuery(QueryExecutorMethodInterceptor.java:111) ~[spring-data-commons-3.3.1.jar:3.3.1]
	at org.springframework.data.repository.core.support.QueryExecutorMethodInterceptor.mapMethodsToQuery(QueryExecutorMethodInterceptor.java:99) ~[spring-data-commons-3.3.1.jar:3.3.1]
	at org.springframework.data.repository.core.support.QueryExecutorMethodInterceptor.lambda$new$0(QueryExecutorMethodInterceptor.java:88) ~[spring-data-commons-3.3.1.jar:3.3.1]
	at java.base/java.util.Optional.map(Optional.java:260) ~[na:na]
	at org.springframework.data.repository.core.support.QueryExecutorMethodInterceptor.<init>(QueryExecutorMethodInterceptor.java:88) ~[spring-data-commons-3.3.1.jar:3.3.1]
	at org.springframework.data.repository.core.support.RepositoryFactorySupport.getRepository(RepositoryFactorySupport.java:357) ~[spring-data-commons-3.3.1.jar:3.3.1]
	at org.springframework.data.repository.core.support.RepositoryFactoryBeanSupport.lambda$afterPropertiesSet$5(RepositoryFactoryBeanSupport.java:286) ~[spring-data-commons-3.3.1.jar:3.3.1]
	at org.springframework.data.util.Lazy.getNullable(Lazy.java:135) ~[spring-data-commons-3.3.1.jar:3.3.1]
	at org.springframework.data.util.Lazy.get(Lazy.java:113) ~[spring-data-commons-3.3.1.jar:3.3.1]
	at org.springframework.data.repository.core.support.RepositoryFactoryBeanSupport.afterPropertiesSet(RepositoryFactoryBeanSupport.java:292) ~[spring-data-commons-3.3.1.jar:3.3.1]
	at org.springframework.data.jpa.repository.support.JpaRepositoryFactoryBean.afterPropertiesSet(JpaRepositoryFactoryBean.java:132) ~[spring-data-jpa-3.3.1.jar:3.3.1]
	at org.springframework.beans.factory.support.AbstractAutowireCapableBeanFactory.invokeInitMethods(AbstractAutowireCapableBeanFactory.java:1835) ~[spring-beans-6.1.10.jar:6.1.10]
	at org.springframework.beans.factory.support.AbstractAutowireCapableBeanFactory.initializeBean(AbstractAutowireCapableBeanFactory.java:1784) ~[spring-beans-6.1.10.jar:6.1.10]
	at org.springframework.beans.factory.support.AbstractAutowireCapableBeanFactory.doCreateBean(AbstractAutowireCapableBeanFactory.java:600) ~[spring-beans-6.1.10.jar:6.1.10]
	at org.springframework.beans.factory.support.AbstractAutowireCapableBeanFactory.createBean(AbstractAutowireCapableBeanFactory.java:522) ~[spring-beans-6.1.10.jar:6.1.10]
	at org.springframework.beans.factory.support.AbstractBeanFactory.lambda$doGetBean$0(AbstractBeanFactory.java:337) ~[spring-beans-6.1.10.jar:6.1.10]
	at org.springframework.beans.factory.support.DefaultSingletonBeanRegistry.getSingleton(DefaultSingletonBeanRegistry.java:234) ~[spring-beans-6.1.10.jar:6.1.10]
	at org.springframework.beans.factory.support.AbstractBeanFactory.doGetBean(AbstractBeanFactory.java:335) ~[spring-beans-6.1.10.jar:6.1.10]
	at org.springframework.beans.factory.support.AbstractBeanFactory.getBean(AbstractBeanFactory.java:200) ~[spring-beans-6.1.10.jar:6.1.10]
	at org.springframework.beans.factory.config.DependencyDescriptor.resolveCandidate(DependencyDescriptor.java:254) ~[spring-beans-6.1.10.jar:6.1.10]
	at org.springframework.beans.factory.support.DefaultListableBeanFactory.doResolveDependency(DefaultListableBeanFactory.java:1443) ~[spring-beans-6.1.10.jar:6.1.10]
	at org.springframework.beans.factory.support.DefaultListableBeanFactory.resolveDependency(DefaultListableBeanFactory.java:1353) ~[spring-beans-6.1.10.jar:6.1.10]
	at org.springframework.beans.factory.support.ConstructorResolver.resolveAutowiredArgument(ConstructorResolver.java:904) ~[spring-beans-6.1.10.jar:6.1.10]
	at org.springframework.beans.factory.support.ConstructorResolver.createArgumentArray(ConstructorResolver.java:782) ~[spring-beans-6.1.10.jar:6.1.10]
	at org.springframework.beans.factory.support.ConstructorResolver.autowireConstructor(ConstructorResolver.java:237) ~[spring-beans-6.1.10.jar:6.1.10]
	at org.springframework.beans.factory.support.AbstractAutowireCapableBeanFactory.autowireConstructor(AbstractAutowireCapableBeanFactory.java:1357) ~[spring-beans-6.1.10.jar:6.1.10]
	at org.springframework.beans.factory.support.AbstractAutowireCapableBeanFactory.createBeanInstance(AbstractAutowireCapableBeanFactory.java:1194) ~[spring-beans-6.1.10.jar:6.1.10]
	at org.springframework.beans.factory.support.AbstractAutowireCapableBeanFactory.doCreateBean(AbstractAutowireCapableBeanFactory.java:562) ~[spring-beans-6.1.10.jar:6.1.10]
	at org.springframework.beans.factory.support.AbstractAutowireCapableBeanFactory.createBean(AbstractAutowireCapableBeanFactory.java:522) ~[spring-beans-6.1.10.jar:6.1.10]
	at org.springframework.beans.factory.support.AbstractBeanFactory.lambda$doGetBean$0(AbstractBeanFactory.java:337) ~[spring-beans-6.1.10.jar:6.1.10]
	at org.springframework.beans.factory.support.DefaultSingletonBeanRegistry.getSingleton(DefaultSingletonBeanRegistry.java:234) ~[spring-beans-6.1.10.jar:6.1.10]
	at org.springframework.beans.factory.support.AbstractBeanFactory.doGetBean(AbstractBeanFactory.java:335) ~[spring-beans-6.1.10.jar:6.1.10]
	at org.springframework.beans.factory.support.AbstractBeanFactory.getBean(AbstractBeanFactory.java:200) ~[spring-beans-6.1.10.jar:6.1.10]
	at org.springframework.beans.factory.config.DependencyDescriptor.resolveCandidate(DependencyDescriptor.java:254) ~[spring-beans-6.1.10.jar:6.1.10]
	at org.springframework.beans.factory.support.DefaultListableBeanFactory.doResolveDependency(DefaultListableBeanFactory.java:1443) ~[spring-beans-6.1.10.jar:6.1.10]
	at org.springframework.beans.factory.support.DefaultListableBeanFactory.resolveDependency(DefaultListableBeanFactory.java:1353) ~[spring-beans-6.1.10.jar:6.1.10]
	at org.springframework.beans.factory.support.ConstructorResolver.resolveAutowiredArgument(ConstructorResolver.java:904) ~[spring-beans-6.1.10.jar:6.1.10]
	at org.springframework.beans.factory.support.ConstructorResolver.createArgumentArray(ConstructorResolver.java:782) ~[spring-beans-6.1.10.jar:6.1.10]
	at org.springframework.beans.factory.support.ConstructorResolver.autowireConstructor(ConstructorResolver.java:237) ~[spring-beans-6.1.10.jar:6.1.10]
	at org.springframework.beans.factory.support.AbstractAutowireCapableBeanFactory.autowireConstructor(AbstractAutowireCapableBeanFactory.java:1357) ~[spring-beans-6.1.10.jar:6.1.10]
	at org.springframework.beans.factory.support.AbstractAutowireCapableBeanFactory.createBeanInstance(AbstractAutowireCapableBeanFactory.java:1194) ~[spring-beans-6.1.10.jar:6.1.10]
	at org.springframework.beans.factory.support.AbstractAutowireCapableBeanFactory.doCreateBean(AbstractAutowireCapableBeanFactory.java:562) ~[spring-beans-6.1.10.jar:6.1.10]
	at org.springframework.beans.factory.support.AbstractAutowireCapableBeanFactory.createBean(AbstractAutowireCapableBeanFactory.java:522) ~[spring-beans-6.1.10.jar:6.1.10]
	at org.springframework.beans.factory.support.AbstractBeanFactory.lambda$doGetBean$0(AbstractBeanFactory.java:337) ~[spring-beans-6.1.10.jar:6.1.10]
	at org.springframework.beans.factory.support.DefaultSingletonBeanRegistry.getSingleton(DefaultSingletonBeanRegistry.java:234) ~[spring-beans-6.1.10.jar:6.1.10]
	at org.springframework.beans.factory.support.AbstractBeanFactory.doGetBean(AbstractBeanFactory.java:335) ~[spring-beans-6.1.10.jar:6.1.10]
	at org.springframework.beans.factory.support.AbstractBeanFactory.getBean(AbstractBeanFactory.java:200) ~[spring-beans-6.1.10.jar:6.1.10]
	at org.springframework.beans.factory.support.DefaultListableBeanFactory.preInstantiateSingletons(DefaultListableBeanFactory.java:975) ~[spring-beans-6.1.10.jar:6.1.10]
	at org.springframework.context.support.AbstractApplicationContext.finishBeanFactoryInitialization(AbstractApplicationContext.java:962) ~[spring-context-6.1.10.jar:6.1.10]
	at org.springframework.context.support.AbstractApplicationContext.refresh(AbstractApplicationContext.java:624) ~[spring-context-6.1.10.jar:6.1.10]
	at org.springframework.boot.SpringApplication.refresh(SpringApplication.java:754) ~[spring-boot-3.3.1.jar:3.3.1]
	at org.springframework.boot.SpringApplication.refreshContext(SpringApplication.java:456) ~[spring-boot-3.3.1.jar:3.3.1]
	at org.springframework.boot.SpringApplication.run(SpringApplication.java:335) ~[spring-boot-3.3.1.jar:3.3.1]
	at org.springframework.boot.test.context.SpringBootContextLoader.lambda$loadContext$3(SpringBootContextLoader.java:137) ~[spring-boot-test-3.3.1.jar:3.3.1]
	at org.springframework.util.function.ThrowingSupplier.get(ThrowingSupplier.java:58) ~[spring-core-6.1.10.jar:6.1.10]
	at org.springframework.util.function.ThrowingSupplier.get(ThrowingSupplier.java:46) ~[spring-core-6.1.10.jar:6.1.10]
	at org.springframework.boot.SpringApplication.withHook(SpringApplication.java:1463) ~[spring-boot-3.3.1.jar:3.3.1]
	at org.springframework.boot.test.context.SpringBootContextLoader$ContextLoaderHook.run(SpringBootContextLoader.java:553) ~[spring-boot-test-3.3.1.jar:3.3.1]
	at org.springframework.boot.test.context.SpringBootContextLoader.loadContext(SpringBootContextLoader.java:137) ~[spring-boot-test-3.3.1.jar:3.3.1]
	at org.springframework.boot.test.context.SpringBootContextLoader.loadContext(SpringBootContextLoader.java:108) ~[spring-boot-test-3.3.1.jar:3.3.1]
	at org.springframework.test.context.cache.DefaultCacheAwareContextLoaderDelegate.loadContextInternal(DefaultCacheAwareContextLoaderDelegate.java:225) ~[spring-test-6.1.10.jar:6.1.10]
	at org.springframework.test.context.cache.DefaultCacheAwareContextLoaderDelegate.loadContext(DefaultCacheAwareContextLoaderDelegate.java:152) ~[spring-test-6.1.10.jar:6.1.10]
	at org.springframework.test.context.support.DefaultTestContext.getApplicationContext(DefaultTestContext.java:130) ~[spring-test-6.1.10.jar:6.1.10]
	at org.springframework.test.context.web.ServletTestExecutionListener.setUpRequestContextIfNecessary(ServletTestExecutionListener.java:191) ~[spring-test-6.1.10.jar:6.1.10]
	at org.springframework.test.context.web.ServletTestExecutionListener.prepareTestInstance(ServletTestExecutionListener.java:130) ~[spring-test-6.1.10.jar:6.1.10]
	at org.springframework.test.context.TestContextManager.prepareTestInstance(TestContextManager.java:260) ~[spring-test-6.1.10.jar:6.1.10]
	at org.springframework.test.context.junit.jupiter.SpringExtension.postProcessTestInstance(SpringExtension.java:163) ~[spring-test-6.1.10.jar:6.1.10]
	at org.junit.jupiter.engine.descriptor.ClassBasedTestDescriptor.lambda$invokeTestInstancePostProcessors$10(ClassBasedTestDescriptor.java:378) ~[junit-jupiter-engine-5.10.2.jar:5.10.2]
	at org.junit.jupiter.engine.descriptor.ClassBasedTestDescriptor.executeAndMaskThrowable(ClassBasedTestDescriptor.java:383) ~[junit-jupiter-engine-5.10.2.jar:5.10.2]
	at org.junit.jupiter.engine.descriptor.ClassBasedTestDescriptor.lambda$invokeTestInstancePostProcessors$11(ClassBasedTestDescriptor.java:378) ~[junit-jupiter-engine-5.10.2.jar:5.10.2]
	at java.base/java.util.stream.ReferencePipeline$3$1.accept(ReferencePipeline.java:215) ~[na:na]
	at java.base/java.util.stream.ReferencePipeline$2$1.accept(ReferencePipeline.java:197) ~[na:na]
	at java.base/java.util.ArrayList$ArrayListSpliterator.forEachRemaining(ArrayList.java:1709) ~[na:na]
	at java.base/java.util.stream.AbstractPipeline.copyInto(AbstractPipeline.java:570) ~[na:na]
	at java.base/java.util.stream.AbstractPipeline.wrapAndCopyInto(AbstractPipeline.java:560) ~[na:na]
	at java.base/java.util.stream.StreamSpliterators$WrappingSpliterator.forEachRemaining(StreamSpliterators.java:315) ~[na:na]
	at java.base/java.util.stream.Streams$ConcatSpliterator.forEachRemaining(Streams.java:735) ~[na:na]
	at java.base/java.util.stream.Streams$ConcatSpliterator.forEachRemaining(Streams.java:734) ~[na:na]
	at java.base/java.util.stream.ReferencePipeline$Head.forEach(ReferencePipeline.java:807) ~[na:na]
	at org.junit.jupiter.engine.descriptor.ClassBasedTestDescriptor.invokeTestInstancePostProcessors(ClassBasedTestDescriptor.java:377) ~[junit-jupiter-engine-5.10.2.jar:5.10.2]
	at org.junit.jupiter.engine.descriptor.ClassBasedTestDescriptor.lambda$instantiateAndPostProcessTestInstance$6(ClassBasedTestDescriptor.java:290) ~[junit-jupiter-engine-5.10.2.jar:5.10.2]
	at org.junit.platform.engine.support.hierarchical.ThrowableCollector.execute(ThrowableCollector.java:73) ~[junit-platform-engine-1.10.2.jar:1.10.2]
	at org.junit.jupiter.engine.descriptor.ClassBasedTestDescriptor.instantiateAndPostProcessTestInstance(ClassBasedTestDescriptor.java:289) ~[junit-jupiter-engine-5.10.2.jar:5.10.2]
	at org.junit.jupiter.engine.descriptor.ClassBasedTestDescriptor.lambda$testInstancesProvider$4(ClassBasedTestDescriptor.java:279) ~[junit-jupiter-engine-5.10.2.jar:5.10.2]
	at java.base/java.util.Optional.orElseGet(Optional.java:364) ~[na:na]
	at org.junit.jupiter.engine.descriptor.ClassBasedTestDescriptor.lambda$testInstancesProvider$5(ClassBasedTestDescriptor.java:278) ~[junit-jupiter-engine-5.10.2.jar:5.10.2]
	at org.junit.jupiter.engine.execution.TestInstancesProvider.getTestInstances(TestInstancesProvider.java:31) ~[junit-jupiter-engine-5.10.2.jar:5.10.2]
	at org.junit.jupiter.engine.descriptor.TestMethodTestDescriptor.lambda$prepare$0(TestMethodTestDescriptor.java:106) ~[junit-jupiter-engine-5.10.2.jar:5.10.2]
	at org.junit.platform.engine.support.hierarchical.ThrowableCollector.execute(ThrowableCollector.java:73) ~[junit-platform-engine-1.10.2.jar:1.10.2]
	at org.junit.jupiter.engine.descriptor.TestMethodTestDescriptor.prepare(TestMethodTestDescriptor.java:105) ~[junit-jupiter-engine-5.10.2.jar:5.10.2]
	at org.junit.jupiter.engine.descriptor.TestMethodTestDescriptor.prepare(TestMethodTestDescriptor.java:69) ~[junit-jupiter-engine-5.10.2.jar:5.10.2]
	at org.junit.platform.engine.support.hierarchical.NodeTestTask.lambda$prepare$2(NodeTestTask.java:123) ~[junit-platform-engine-1.10.2.jar:1.10.2]
	at org.junit.platform.engine.support.hierarchical.ThrowableCollector.execute(ThrowableCollector.java:73) ~[junit-platform-engine-1.10.2.jar:1.10.2]
	at org.junit.platform.engine.support.hierarchical.NodeTestTask.prepare(NodeTestTask.java:123) ~[junit-platform-engine-1.10.2.jar:1.10.2]
	at org.junit.platform.engine.support.hierarchical.NodeTestTask.execute(NodeTestTask.java:90) ~[junit-platform-engine-1.10.2.jar:1.10.2]
	at java.base/java.util.ArrayList.forEach(ArrayList.java:1597) ~[na:na]
	at org.junit.platform.engine.support.hierarchical.SameThreadHierarchicalTestExecutorService.invokeAll(SameThreadHierarchicalTestExecutorService.java:41) ~[junit-platform-engine-1.10.2.jar:1.10.2]
	at org.junit.platform.engine.support.hierarchical.NodeTestTask.lambda$executeRecursively$6(NodeTestTask.java:155) ~[junit-platform-engine-1.10.2.jar:1.10.2]
	at org.junit.platform.engine.support.hierarchical.ThrowableCollector.execute(ThrowableCollector.java:73) ~[junit-platform-engine-1.10.2.jar:1.10.2]
	at org.junit.platform.engine.support.hierarchical.NodeTestTask.lambda$executeRecursively$8(NodeTestTask.java:141) ~[junit-platform-engine-1.10.2.jar:1.10.2]
	at org.junit.platform.engine.support.hierarchical.Node.around(Node.java:137) ~[junit-platform-engine-1.10.2.jar:1.10.2]
	at org.junit.platform.engine.support.hierarchical.NodeTestTask.lambda$executeRecursively$9(NodeTestTask.java:139) ~[junit-platform-engine-1.10.2.jar:1.10.2]
	at org.junit.platform.engine.support.hierarchical.ThrowableCollector.execute(ThrowableCollector.java:73) ~[junit-platform-engine-1.10.2.jar:1.10.2]
	at org.junit.platform.engine.support.hierarchical.NodeTestTask.executeRecursively(NodeTestTask.java:138) ~[junit-platform-engine-1.10.2.jar:1.10.2]
	at org.junit.platform.engine.support.hierarchical.NodeTestTask.execute(NodeTestTask.java:95) ~[junit-platform-engine-1.10.2.jar:1.10.2]
	at java.base/java.util.ArrayList.forEach(ArrayList.java:1597) ~[na:na]
	at org.junit.platform.engine.support.hierarchical.SameThreadHierarchicalTestExecutorService.invokeAll(SameThreadHierarchicalTestExecutorService.java:41) ~[junit-platform-engine-1.10.2.jar:1.10.2]
	at org.junit.platform.engine.support.hierarchical.NodeTestTask.lambda$executeRecursively$6(NodeTestTask.java:155) ~[junit-platform-engine-1.10.2.jar:1.10.2]
	at org.junit.platform.engine.support.hierarchical.ThrowableCollector.execute(ThrowableCollector.java:73) ~[junit-platform-engine-1.10.2.jar:1.10.2]
	at org.junit.platform.engine.support.hierarchical.NodeTestTask.lambda$executeRecursively$8(NodeTestTask.java:141) ~[junit-platform-engine-1.10.2.jar:1.10.2]
	at org.junit.platform.engine.support.hierarchical.Node.around(Node.java:137) ~[junit-platform-engine-1.10.2.jar:1.10.2]
	at org.junit.platform.engine.support.hierarchical.NodeTestTask.lambda$executeRecursively$9(NodeTestTask.java:139) ~[junit-platform-engine-1.10.2.jar:1.10.2]
	at org.junit.platform.engine.support.hierarchical.ThrowableCollector.execute(ThrowableCollector.java:73) ~[junit-platform-engine-1.10.2.jar:1.10.2]
	at org.junit.platform.engine.support.hierarchical.NodeTestTask.executeRecursively(NodeTestTask.java:138) ~[junit-platform-engine-1.10.2.jar:1.10.2]
	at org.junit.platform.engine.support.hierarchical.NodeTestTask.execute(NodeTestTask.java:95) ~[junit-platform-engine-1.10.2.jar:1.10.2]
	at org.junit.platform.engine.support.hierarchical.SameThreadHierarchicalTestExecutorService.submit(SameThreadHierarchicalTestExecutorService.java:35) ~[junit-platform-engine-1.10.2.jar:1.10.2]
	at org.junit.platform.engine.support.hierarchical.HierarchicalTestExecutor.execute(HierarchicalTestExecutor.java:57) ~[junit-platform-engine-1.10.2.jar:1.10.2]
	at org.junit.platform.engine.support.hierarchical.HierarchicalTestEngine.execute(HierarchicalTestEngine.java:54) ~[junit-platform-engine-1.10.2.jar:1.10.2]
	at org.junit.platform.launcher.core.EngineExecutionOrchestrator.execute(EngineExecutionOrchestrator.java:198) ~[junit-platform-launcher-1.10.2.jar:1.10.2]
	at org.junit.platform.launcher.core.EngineExecutionOrchestrator.execute(EngineExecutionOrchestrator.java:169) ~[junit-platform-launcher-1.10.2.jar:1.10.2]
	at org.junit.platform.launcher.core.EngineExecutionOrchestrator.execute(EngineExecutionOrchestrator.java:93) ~[junit-platform-launcher-1.10.2.jar:1.10.2]
	at org.junit.platform.launcher.core.EngineExecutionOrchestrator.lambda$execute$0(EngineExecutionOrchestrator.java:58) ~[junit-platform-launcher-1.10.2.jar:1.10.2]
	at org.junit.platform.launcher.core.EngineExecutionOrchestrator.withInterceptedStreams(EngineExecutionOrchestrator.java:141) ~[junit-platform-launcher-1.10.2.jar:1.10.2]
	at org.junit.platform.launcher.core.EngineExecutionOrchestrator.execute(EngineExecutionOrchestrator.java:57) ~[junit-platform-launcher-1.10.2.jar:1.10.2]
	at org.junit.platform.launcher.core.DefaultLauncher.execute(DefaultLauncher.java:103) ~[junit-platform-launcher-1.10.2.jar:1.10.2]
	at org.junit.platform.launcher.core.DefaultLauncher.execute(DefaultLauncher.java:85) ~[junit-platform-launcher-1.10.2.jar:1.10.2]
	at org.junit.platform.launcher.core.DelegatingLauncher.execute(DelegatingLauncher.java:47) ~[junit-platform-launcher-1.10.2.jar:1.10.2]
	at org.apache.maven.surefire.junitplatform.LazyLauncher.execute(LazyLauncher.java:56) ~[surefire-junit-platform-3.2.5.jar:3.2.5]
	at org.apache.maven.surefire.junitplatform.JUnitPlatformProvider.execute(JUnitPlatformProvider.java:184) ~[surefire-junit-platform-3.2.5.jar:3.2.5]
	at org.apache.maven.surefire.junitplatform.JUnitPlatformProvider.invokeAllTests(JUnitPlatformProvider.java:148) ~[surefire-junit-platform-3.2.5.jar:3.2.5]
	at org.apache.maven.surefire.junitplatform.JUnitPlatformProvider.invoke(JUnitPlatformProvider.java:122) ~[surefire-junit-platform-3.2.5.jar:3.2.5]
	at org.apache.maven.surefire.booter.ForkedBooter.runSuitesInProcess(ForkedBooter.java:385) ~[surefire-booter-3.2.5.jar:3.2.5]
	at org.apache.maven.surefire.booter.ForkedBooter.execute(ForkedBooter.java:162) ~[surefire-booter-3.2.5.jar:3.2.5]
	at org.apache.maven.surefire.booter.ForkedBooter.run(ForkedBooter.java:507) ~[surefire-booter-3.2.5.jar:3.2.5]
	at org.apache.maven.surefire.booter.ForkedBooter.main(ForkedBooter.java:495) ~[surefire-booter-3.2.5.jar:3.2.5]

2025-08-24T11:33:22.244+03:30 DEBUG 1188 --- [ChiDaram App] [           main] tor$SharedEntityManagerInvocationHandler : Creating new EntityManager for shared EntityManager invocation
2025-08-24T11:33:22.359+03:30 DEBUG 1188 --- [ChiDaram App] [           main] tor$SharedEntityManagerInvocationHandler : Creating new EntityManager for shared EntityManager invocation
2025-08-24T11:33:22.383+03:30 DEBUG 1188 --- [ChiDaram App] [           main] tor$SharedEntityManagerInvocationHandler : Creating new EntityManager for shared EntityManager invocation
2025-08-24T11:33:22.613+03:30 DEBUG 1188 --- [ChiDaram App] [           main] tor$SharedEntityManagerInvocationHandler : Creating new EntityManager for shared EntityManager invocation
2025-08-24T11:33:22.621+03:30 DEBUG 1188 --- [ChiDaram App] [           main] tor$SharedEntityManagerInvocationHandler : Creating new EntityManager for shared EntityManager invocation
2025-08-24T11:33:22.625+03:30 DEBUG 1188 --- [ChiDaram App] [           main] cResourceLocalTransactionCoordinatorImpl : JDBC transaction marked for rollback-only (exception provided for stack trace)

java.lang.Exception: exception just for purpose of providing stack trace
	at org.hibernate.resource.transaction.backend.jdbc.internal.JdbcResourceLocalTransactionCoordinatorImpl$TransactionDriverControlImpl.markRollbackOnly(JdbcResourceLocalTransactionCoordinatorImpl.java:309) ~[hibernate-core-6.5.2.Final.jar:6.5.2.Final]
	at org.hibernate.internal.AbstractSharedSessionContract.buildNamedQuery(AbstractSharedSessionContract.java:1109) ~[hibernate-core-6.5.2.Final.jar:6.5.2.Final]
	at org.hibernate.internal.AbstractSharedSessionContract.createNamedQuery(AbstractSharedSessionContract.java:987) ~[hibernate-core-6.5.2.Final.jar:6.5.2.Final]
	at org.hibernate.internal.AbstractSharedSessionContract.createNamedQuery(AbstractSharedSessionContract.java:140) ~[hibernate-core-6.5.2.Final.jar:6.5.2.Final]
	at java.base/jdk.internal.reflect.DirectMethodHandleAccessor.invoke(DirectMethodHandleAccessor.java:103) ~[na:na]
	at java.base/java.lang.reflect.Method.invoke(Method.java:580) ~[na:na]
	at org.springframework.orm.jpa.ExtendedEntityManagerCreator$ExtendedEntityManagerInvocationHandler.invoke(ExtendedEntityManagerCreator.java:364) ~[spring-orm-6.1.10.jar:6.1.10]
	at jdk.proxy2/jdk.proxy2.$Proxy160.createNamedQuery(Unknown Source) ~[na:na]
	at org.springframework.data.jpa.repository.query.NamedQuery.hasNamedQuery(NamedQuery.java:112) ~[spring-data-jpa-3.3.1.jar:3.3.1]
	at org.springframework.data.jpa.repository.query.NamedQuery.lookupFrom(NamedQuery.java:138) ~[spring-data-jpa-3.3.1.jar:3.3.1]
	at org.springframework.data.jpa.repository.query.JpaQueryLookupStrategy$DeclaredQueryLookupStrategy.resolveQuery(JpaQueryLookupStrategy.java:180) ~[spring-data-jpa-3.3.1.jar:3.3.1]
	at org.springframework.data.jpa.repository.query.JpaQueryLookupStrategy$CreateIfNotFoundQueryLookupStrategy.resolveQuery(JpaQueryLookupStrategy.java:252) ~[spring-data-jpa-3.3.1.jar:3.3.1]
	at org.springframework.data.jpa.repository.query.JpaQueryLookupStrategy$AbstractQueryLookupStrategy.resolveQuery(JpaQueryLookupStrategy.java:95) ~[spring-data-jpa-3.3.1.jar:3.3.1]
	at org.springframework.data.repository.core.support.QueryExecutorMethodInterceptor.lookupQuery(QueryExecutorMethodInterceptor.java:111) ~[spring-data-commons-3.3.1.jar:3.3.1]
	at org.springframework.data.repository.core.support.QueryExecutorMethodInterceptor.mapMethodsToQuery(QueryExecutorMethodInterceptor.java:99) ~[spring-data-commons-3.3.1.jar:3.3.1]
	at org.springframework.data.repository.core.support.QueryExecutorMethodInterceptor.lambda$new$0(QueryExecutorMethodInterceptor.java:88) ~[spring-data-commons-3.3.1.jar:3.3.1]
	at java.base/java.util.Optional.map(Optional.java:260) ~[na:na]
	at org.springframework.data.repository.core.support.QueryExecutorMethodInterceptor.<init>(QueryExecutorMethodInterceptor.java:88) ~[spring-data-commons-3.3.1.jar:3.3.1]
	at org.springframework.data.repository.core.support.RepositoryFactorySupport.getRepository(RepositoryFactorySupport.java:357) ~[spring-data-commons-3.3.1.jar:3.3.1]
	at org.springframework.data.repository.core.support.RepositoryFactoryBeanSupport.lambda$afterPropertiesSet$5(RepositoryFactoryBeanSupport.java:286) ~[spring-data-commons-3.3.1.jar:3.3.1]
	at org.springframework.data.util.Lazy.getNullable(Lazy.java:135) ~[spring-data-commons-3.3.1.jar:3.3.1]
	at org.springframework.data.util.Lazy.get(Lazy.java:113) ~[spring-data-commons-3.3.1.jar:3.3.1]
	at org.springframework.data.repository.core.support.RepositoryFactoryBeanSupport.afterPropertiesSet(RepositoryFactoryBeanSupport.java:292) ~[spring-data-commons-3.3.1.jar:3.3.1]
	at org.springframework.data.jpa.repository.support.JpaRepositoryFactoryBean.afterPropertiesSet(JpaRepositoryFactoryBean.java:132) ~[spring-data-jpa-3.3.1.jar:3.3.1]
	at org.springframework.beans.factory.support.AbstractAutowireCapableBeanFactory.invokeInitMethods(AbstractAutowireCapableBeanFactory.java:1835) ~[spring-beans-6.1.10.jar:6.1.10]
	at org.springframework.beans.factory.support.AbstractAutowireCapableBeanFactory.initializeBean(AbstractAutowireCapableBeanFactory.java:1784) ~[spring-beans-6.1.10.jar:6.1.10]
	at org.springframework.beans.factory.support.AbstractAutowireCapableBeanFactory.doCreateBean(AbstractAutowireCapableBeanFactory.java:600) ~[spring-beans-6.1.10.jar:6.1.10]
	at org.springframework.beans.factory.support.AbstractAutowireCapableBeanFactory.createBean(AbstractAutowireCapableBeanFactory.java:522) ~[spring-beans-6.1.10.jar:6.1.10]
	at org.springframework.beans.factory.support.AbstractBeanFactory.lambda$doGetBean$0(AbstractBeanFactory.java:337) ~[spring-beans-6.1.10.jar:6.1.10]
	at org.springframework.beans.factory.support.DefaultSingletonBeanRegistry.getSingleton(DefaultSingletonBeanRegistry.java:234) ~[spring-beans-6.1.10.jar:6.1.10]
	at org.springframework.beans.factory.support.AbstractBeanFactory.doGetBean(AbstractBeanFactory.java:335) ~[spring-beans-6.1.10.jar:6.1.10]
	at org.springframework.beans.factory.support.AbstractBeanFactory.getBean(AbstractBeanFactory.java:200) ~[spring-beans-6.1.10.jar:6.1.10]
	at org.springframework.beans.factory.config.DependencyDescriptor.resolveCandidate(DependencyDescriptor.java:254) ~[spring-beans-6.1.10.jar:6.1.10]
	at org.springframework.beans.factory.support.DefaultListableBeanFactory.doResolveDependency(DefaultListableBeanFactory.java:1443) ~[spring-beans-6.1.10.jar:6.1.10]
	at org.springframework.beans.factory.support.DefaultListableBeanFactory.resolveDependency(DefaultListableBeanFactory.java:1353) ~[spring-beans-6.1.10.jar:6.1.10]
	at org.springframework.beans.factory.support.ConstructorResolver.resolveAutowiredArgument(ConstructorResolver.java:904) ~[spring-beans-6.1.10.jar:6.1.10]
	at org.springframework.beans.factory.support.ConstructorResolver.createArgumentArray(ConstructorResolver.java:782) ~[spring-beans-6.1.10.jar:6.1.10]
	at org.springframework.beans.factory.support.ConstructorResolver.autowireConstructor(ConstructorResolver.java:237) ~[spring-beans-6.1.10.jar:6.1.10]
	at org.springframework.beans.factory.support.AbstractAutowireCapableBeanFactory.autowireConstructor(AbstractAutowireCapableBeanFactory.java:1357) ~[spring-beans-6.1.10.jar:6.1.10]
	at org.springframework.beans.factory.support.AbstractAutowireCapableBeanFactory.createBeanInstance(AbstractAutowireCapableBeanFactory.java:1194) ~[spring-beans-6.1.10.jar:6.1.10]
	at org.springframework.beans.factory.support.AbstractAutowireCapableBeanFactory.doCreateBean(AbstractAutowireCapableBeanFactory.java:562) ~[spring-beans-6.1.10.jar:6.1.10]
	at org.springframework.beans.factory.support.AbstractAutowireCapableBeanFactory.createBean(AbstractAutowireCapableBeanFactory.java:522) ~[spring-beans-6.1.10.jar:6.1.10]
	at org.springframework.beans.factory.support.AbstractBeanFactory.lambda$doGetBean$0(AbstractBeanFactory.java:337) ~[spring-beans-6.1.10.jar:6.1.10]
	at org.springframework.beans.factory.support.DefaultSingletonBeanRegistry.getSingleton(DefaultSingletonBeanRegistry.java:234) ~[spring-beans-6.1.10.jar:6.1.10]
	at org.springframework.beans.factory.support.AbstractBeanFactory.doGetBean(AbstractBeanFactory.java:335) ~[spring-beans-6.1.10.jar:6.1.10]
	at org.springframework.beans.factory.support.AbstractBeanFactory.getBean(AbstractBeanFactory.java:200) ~[spring-beans-6.1.10.jar:6.1.10]
	at org.springframework.beans.factory.config.DependencyDescriptor.resolveCandidate(DependencyDescriptor.java:254) ~[spring-beans-6.1.10.jar:6.1.10]
	at org.springframework.beans.factory.support.DefaultListableBeanFactory.doResolveDependency(DefaultListableBeanFactory.java:1443) ~[spring-beans-6.1.10.jar:6.1.10]
	at org.springframework.beans.factory.support.DefaultListableBeanFactory.resolveDependency(DefaultListableBeanFactory.java:1353) ~[spring-beans-6.1.10.jar:6.1.10]
	at org.springframework.beans.factory.support.ConstructorResolver.resolveAutowiredArgument(ConstructorResolver.java:904) ~[spring-beans-6.1.10.jar:6.1.10]
	at org.springframework.beans.factory.support.ConstructorResolver.createArgumentArray(ConstructorResolver.java:782) ~[spring-beans-6.1.10.jar:6.1.10]
	at org.springframework.beans.factory.support.ConstructorResolver.autowireConstructor(ConstructorResolver.java:237) ~[spring-beans-6.1.10.jar:6.1.10]
	at org.springframework.beans.factory.support.AbstractAutowireCapableBeanFactory.autowireConstructor(AbstractAutowireCapableBeanFactory.java:1357) ~[spring-beans-6.1.10.jar:6.1.10]
	at org.springframework.beans.factory.support.AbstractAutowireCapableBeanFactory.createBeanInstance(AbstractAutowireCapableBeanFactory.java:1194) ~[spring-beans-6.1.10.jar:6.1.10]
	at org.springframework.beans.factory.support.AbstractAutowireCapableBeanFactory.doCreateBean(AbstractAutowireCapableBeanFactory.java:562) ~[spring-beans-6.1.10.jar:6.1.10]
	at org.springframework.beans.factory.support.AbstractAutowireCapableBeanFactory.createBean(AbstractAutowireCapableBeanFactory.java:522) ~[spring-beans-6.1.10.jar:6.1.10]
	at org.springframework.beans.factory.support.AbstractBeanFactory.lambda$doGetBean$0(AbstractBeanFactory.java:337) ~[spring-beans-6.1.10.jar:6.1.10]
	at org.springframework.beans.factory.support.DefaultSingletonBeanRegistry.getSingleton(DefaultSingletonBeanRegistry.java:234) ~[spring-beans-6.1.10.jar:6.1.10]
	at org.springframework.beans.factory.support.AbstractBeanFactory.doGetBean(AbstractBeanFactory.java:335) ~[spring-beans-6.1.10.jar:6.1.10]
	at org.springframework.beans.factory.support.AbstractBeanFactory.getBean(AbstractBeanFactory.java:200) ~[spring-beans-6.1.10.jar:6.1.10]
	at org.springframework.beans.factory.support.DefaultListableBeanFactory.preInstantiateSingletons(DefaultListableBeanFactory.java:975) ~[spring-beans-6.1.10.jar:6.1.10]
	at org.springframework.context.support.AbstractApplicationContext.finishBeanFactoryInitialization(AbstractApplicationContext.java:962) ~[spring-context-6.1.10.jar:6.1.10]
	at org.springframework.context.support.AbstractApplicationContext.refresh(AbstractApplicationContext.java:624) ~[spring-context-6.1.10.jar:6.1.10]
	at org.springframework.boot.SpringApplication.refresh(SpringApplication.java:754) ~[spring-boot-3.3.1.jar:3.3.1]
	at org.springframework.boot.SpringApplication.refreshContext(SpringApplication.java:456) ~[spring-boot-3.3.1.jar:3.3.1]
	at org.springframework.boot.SpringApplication.run(SpringApplication.java:335) ~[spring-boot-3.3.1.jar:3.3.1]
	at org.springframework.boot.test.context.SpringBootContextLoader.lambda$loadContext$3(SpringBootContextLoader.java:137) ~[spring-boot-test-3.3.1.jar:3.3.1]
	at org.springframework.util.function.ThrowingSupplier.get(ThrowingSupplier.java:58) ~[spring-core-6.1.10.jar:6.1.10]
	at org.springframework.util.function.ThrowingSupplier.get(ThrowingSupplier.java:46) ~[spring-core-6.1.10.jar:6.1.10]
	at org.springframework.boot.SpringApplication.withHook(SpringApplication.java:1463) ~[spring-boot-3.3.1.jar:3.3.1]
	at org.springframework.boot.test.context.SpringBootContextLoader$ContextLoaderHook.run(SpringBootContextLoader.java:553) ~[spring-boot-test-3.3.1.jar:3.3.1]
	at org.springframework.boot.test.context.SpringBootContextLoader.loadContext(SpringBootContextLoader.java:137) ~[spring-boot-test-3.3.1.jar:3.3.1]
	at org.springframework.boot.test.context.SpringBootContextLoader.loadContext(SpringBootContextLoader.java:108) ~[spring-boot-test-3.3.1.jar:3.3.1]
	at org.springframework.test.context.cache.DefaultCacheAwareContextLoaderDelegate.loadContextInternal(DefaultCacheAwareContextLoaderDelegate.java:225) ~[spring-test-6.1.10.jar:6.1.10]
	at org.springframework.test.context.cache.DefaultCacheAwareContextLoaderDelegate.loadContext(DefaultCacheAwareContextLoaderDelegate.java:152) ~[spring-test-6.1.10.jar:6.1.10]
	at org.springframework.test.context.support.DefaultTestContext.getApplicationContext(DefaultTestContext.java:130) ~[spring-test-6.1.10.jar:6.1.10]
	at org.springframework.test.context.web.ServletTestExecutionListener.setUpRequestContextIfNecessary(ServletTestExecutionListener.java:191) ~[spring-test-6.1.10.jar:6.1.10]
	at org.springframework.test.context.web.ServletTestExecutionListener.prepareTestInstance(ServletTestExecutionListener.java:130) ~[spring-test-6.1.10.jar:6.1.10]
	at org.springframework.test.context.TestContextManager.prepareTestInstance(TestContextManager.java:260) ~[spring-test-6.1.10.jar:6.1.10]
	at org.springframework.test.context.junit.jupiter.SpringExtension.postProcessTestInstance(SpringExtension.java:163) ~[spring-test-6.1.10.jar:6.1.10]
	at org.junit.jupiter.engine.descriptor.ClassBasedTestDescriptor.lambda$invokeTestInstancePostProcessors$10(ClassBasedTestDescriptor.java:378) ~[junit-jupiter-engine-5.10.2.jar:5.10.2]
	at org.junit.jupiter.engine.descriptor.ClassBasedTestDescriptor.executeAndMaskThrowable(ClassBasedTestDescriptor.java:383) ~[junit-jupiter-engine-5.10.2.jar:5.10.2]
	at org.junit.jupiter.engine.descriptor.ClassBasedTestDescriptor.lambda$invokeTestInstancePostProcessors$11(ClassBasedTestDescriptor.java:378) ~[junit-jupiter-engine-5.10.2.jar:5.10.2]
	at java.base/java.util.stream.ReferencePipeline$3$1.accept(ReferencePipeline.java:215) ~[na:na]
	at java.base/java.util.stream.ReferencePipeline$2$1.accept(ReferencePipeline.java:197) ~[na:na]
	at java.base/java.util.ArrayList$ArrayListSpliterator.forEachRemaining(ArrayList.java:1709) ~[na:na]
	at java.base/java.util.stream.AbstractPipeline.copyInto(AbstractPipeline.java:570) ~[na:na]
	at java.base/java.util.stream.AbstractPipeline.wrapAndCopyInto(AbstractPipeline.java:560) ~[na:na]
	at java.base/java.util.stream.StreamSpliterators$WrappingSpliterator.forEachRemaining(StreamSpliterators.java:315) ~[na:na]
	at java.base/java.util.stream.Streams$ConcatSpliterator.forEachRemaining(Streams.java:735) ~[na:na]
	at java.base/java.util.stream.Streams$ConcatSpliterator.forEachRemaining(Streams.java:734) ~[na:na]
	at java.base/java.util.stream.ReferencePipeline$Head.forEach(ReferencePipeline.java:807) ~[na:na]
	at org.junit.jupiter.engine.descriptor.ClassBasedTestDescriptor.invokeTestInstancePostProcessors(ClassBasedTestDescriptor.java:377) ~[junit-jupiter-engine-5.10.2.jar:5.10.2]
	at org.junit.jupiter.engine.descriptor.ClassBasedTestDescriptor.lambda$instantiateAndPostProcessTestInstance$6(ClassBasedTestDescriptor.java:290) ~[junit-jupiter-engine-5.10.2.jar:5.10.2]
	at org.junit.platform.engine.support.hierarchical.ThrowableCollector.execute(ThrowableCollector.java:73) ~[junit-platform-engine-1.10.2.jar:1.10.2]
	at org.junit.jupiter.engine.descriptor.ClassBasedTestDescriptor.instantiateAndPostProcessTestInstance(ClassBasedTestDescriptor.java:289) ~[junit-jupiter-engine-5.10.2.jar:5.10.2]
	at org.junit.jupiter.engine.descriptor.ClassBasedTestDescriptor.lambda$testInstancesProvider$4(ClassBasedTestDescriptor.java:279) ~[junit-jupiter-engine-5.10.2.jar:5.10.2]
	at java.base/java.util.Optional.orElseGet(Optional.java:364) ~[na:na]
	at org.junit.jupiter.engine.descriptor.ClassBasedTestDescriptor.lambda$testInstancesProvider$5(ClassBasedTestDescriptor.java:278) ~[junit-jupiter-engine-5.10.2.jar:5.10.2]
	at org.junit.jupiter.engine.execution.TestInstancesProvider.getTestInstances(TestInstancesProvider.java:31) ~[junit-jupiter-engine-5.10.2.jar:5.10.2]
	at org.junit.jupiter.engine.descriptor.TestMethodTestDescriptor.lambda$prepare$0(TestMethodTestDescriptor.java:106) ~[junit-jupiter-engine-5.10.2.jar:5.10.2]
	at org.junit.platform.engine.support.hierarchical.ThrowableCollector.execute(ThrowableCollector.java:73) ~[junit-platform-engine-1.10.2.jar:1.10.2]
	at org.junit.jupiter.engine.descriptor.TestMethodTestDescriptor.prepare(TestMethodTestDescriptor.java:105) ~[junit-jupiter-engine-5.10.2.jar:5.10.2]
	at org.junit.jupiter.engine.descriptor.TestMethodTestDescriptor.prepare(TestMethodTestDescriptor.java:69) ~[junit-jupiter-engine-5.10.2.jar:5.10.2]
	at org.junit.platform.engine.support.hierarchical.NodeTestTask.lambda$prepare$2(NodeTestTask.java:123) ~[junit-platform-engine-1.10.2.jar:1.10.2]
	at org.junit.platform.engine.support.hierarchical.ThrowableCollector.execute(ThrowableCollector.java:73) ~[junit-platform-engine-1.10.2.jar:1.10.2]
	at org.junit.platform.engine.support.hierarchical.NodeTestTask.prepare(NodeTestTask.java:123) ~[junit-platform-engine-1.10.2.jar:1.10.2]
	at org.junit.platform.engine.support.hierarchical.NodeTestTask.execute(NodeTestTask.java:90) ~[junit-platform-engine-1.10.2.jar:1.10.2]
	at java.base/java.util.ArrayList.forEach(ArrayList.java:1597) ~[na:na]
	at org.junit.platform.engine.support.hierarchical.SameThreadHierarchicalTestExecutorService.invokeAll(SameThreadHierarchicalTestExecutorService.java:41) ~[junit-platform-engine-1.10.2.jar:1.10.2]
	at org.junit.platform.engine.support.hierarchical.NodeTestTask.lambda$executeRecursively$6(NodeTestTask.java:155) ~[junit-platform-engine-1.10.2.jar:1.10.2]
	at org.junit.platform.engine.support.hierarchical.ThrowableCollector.execute(ThrowableCollector.java:73) ~[junit-platform-engine-1.10.2.jar:1.10.2]
	at org.junit.platform.engine.support.hierarchical.NodeTestTask.lambda$executeRecursively$8(NodeTestTask.java:141) ~[junit-platform-engine-1.10.2.jar:1.10.2]
	at org.junit.platform.engine.support.hierarchical.Node.around(Node.java:137) ~[junit-platform-engine-1.10.2.jar:1.10.2]
	at org.junit.platform.engine.support.hierarchical.NodeTestTask.lambda$executeRecursively$9(NodeTestTask.java:139) ~[junit-platform-engine-1.10.2.jar:1.10.2]
	at org.junit.platform.engine.support.hierarchical.ThrowableCollector.execute(ThrowableCollector.java:73) ~[junit-platform-engine-1.10.2.jar:1.10.2]
	at org.junit.platform.engine.support.hierarchical.NodeTestTask.executeRecursively(NodeTestTask.java:138) ~[junit-platform-engine-1.10.2.jar:1.10.2]
	at org.junit.platform.engine.support.hierarchical.NodeTestTask.execute(NodeTestTask.java:95) ~[junit-platform-engine-1.10.2.jar:1.10.2]
	at java.base/java.util.ArrayList.forEach(ArrayList.java:1597) ~[na:na]
	at org.junit.platform.engine.support.hierarchical.SameThreadHierarchicalTestExecutorService.invokeAll(SameThreadHierarchicalTestExecutorService.java:41) ~[junit-platform-engine-1.10.2.jar:1.10.2]
	at org.junit.platform.engine.support.hierarchical.NodeTestTask.lambda$executeRecursively$6(NodeTestTask.java:155) ~[junit-platform-engine-1.10.2.jar:1.10.2]
	at org.junit.platform.engine.support.hierarchical.ThrowableCollector.execute(ThrowableCollector.java:73) ~[junit-platform-engine-1.10.2.jar:1.10.2]
	at org.junit.platform.engine.support.hierarchical.NodeTestTask.lambda$executeRecursively$8(NodeTestTask.java:141) ~[junit-platform-engine-1.10.2.jar:1.10.2]
	at org.junit.platform.engine.support.hierarchical.Node.around(Node.java:137) ~[junit-platform-engine-1.10.2.jar:1.10.2]
	at org.junit.platform.engine.support.hierarchical.NodeTestTask.lambda$executeRecursively$9(NodeTestTask.java:139) ~[junit-platform-engine-1.10.2.jar:1.10.2]
	at org.junit.platform.engine.support.hierarchical.ThrowableCollector.execute(ThrowableCollector.java:73) ~[junit-platform-engine-1.10.2.jar:1.10.2]
	at org.junit.platform.engine.support.hierarchical.NodeTestTask.executeRecursively(NodeTestTask.java:138) ~[junit-platform-engine-1.10.2.jar:1.10.2]
	at org.junit.platform.engine.support.hierarchical.NodeTestTask.execute(NodeTestTask.java:95) ~[junit-platform-engine-1.10.2.jar:1.10.2]
	at org.junit.platform.engine.support.hierarchical.SameThreadHierarchicalTestExecutorService.submit(SameThreadHierarchicalTestExecutorService.java:35) ~[junit-platform-engine-1.10.2.jar:1.10.2]
	at org.junit.platform.engine.support.hierarchical.HierarchicalTestExecutor.execute(HierarchicalTestExecutor.java:57) ~[junit-platform-engine-1.10.2.jar:1.10.2]
	at org.junit.platform.engine.support.hierarchical.HierarchicalTestEngine.execute(HierarchicalTestEngine.java:54) ~[junit-platform-engine-1.10.2.jar:1.10.2]
	at org.junit.platform.launcher.core.EngineExecutionOrchestrator.execute(EngineExecutionOrchestrator.java:198) ~[junit-platform-launcher-1.10.2.jar:1.10.2]
	at org.junit.platform.launcher.core.EngineExecutionOrchestrator.execute(EngineExecutionOrchestrator.java:169) ~[junit-platform-launcher-1.10.2.jar:1.10.2]
	at org.junit.platform.launcher.core.EngineExecutionOrchestrator.execute(EngineExecutionOrchestrator.java:93) ~[junit-platform-launcher-1.10.2.jar:1.10.2]
	at org.junit.platform.launcher.core.EngineExecutionOrchestrator.lambda$execute$0(EngineExecutionOrchestrator.java:58) ~[junit-platform-launcher-1.10.2.jar:1.10.2]
	at org.junit.platform.launcher.core.EngineExecutionOrchestrator.withInterceptedStreams(EngineExecutionOrchestrator.java:141) ~[junit-platform-launcher-1.10.2.jar:1.10.2]
	at org.junit.platform.launcher.core.EngineExecutionOrchestrator.execute(EngineExecutionOrchestrator.java:57) ~[junit-platform-launcher-1.10.2.jar:1.10.2]
	at org.junit.platform.launcher.core.DefaultLauncher.execute(DefaultLauncher.java:103) ~[junit-platform-launcher-1.10.2.jar:1.10.2]
	at org.junit.platform.launcher.core.DefaultLauncher.execute(DefaultLauncher.java:85) ~[junit-platform-launcher-1.10.2.jar:1.10.2]
	at org.junit.platform.launcher.core.DelegatingLauncher.execute(DelegatingLauncher.java:47) ~[junit-platform-launcher-1.10.2.jar:1.10.2]
	at org.apache.maven.surefire.junitplatform.LazyLauncher.execute(LazyLauncher.java:56) ~[surefire-junit-platform-3.2.5.jar:3.2.5]
	at org.apache.maven.surefire.junitplatform.JUnitPlatformProvider.execute(JUnitPlatformProvider.java:184) ~[surefire-junit-platform-3.2.5.jar:3.2.5]
	at org.apache.maven.surefire.junitplatform.JUnitPlatformProvider.invokeAllTests(JUnitPlatformProvider.java:148) ~[surefire-junit-platform-3.2.5.jar:3.2.5]
	at org.apache.maven.surefire.junitplatform.JUnitPlatformProvider.invoke(JUnitPlatformProvider.java:122) ~[surefire-junit-platform-3.2.5.jar:3.2.5]
	at org.apache.maven.surefire.booter.ForkedBooter.runSuitesInProcess(ForkedBooter.java:385) ~[surefire-booter-3.2.5.jar:3.2.5]
	at org.apache.maven.surefire.booter.ForkedBooter.execute(ForkedBooter.java:162) ~[surefire-booter-3.2.5.jar:3.2.5]
	at org.apache.maven.surefire.booter.ForkedBooter.run(ForkedBooter.java:507) ~[surefire-booter-3.2.5.jar:3.2.5]
	at org.apache.maven.surefire.booter.ForkedBooter.main(ForkedBooter.java:495) ~[surefire-booter-3.2.5.jar:3.2.5]

2025-08-24T11:33:22.627+03:30 DEBUG 1188 --- [ChiDaram App] [           main] tor$SharedEntityManagerInvocationHandler : Creating new EntityManager for shared EntityManager invocation
2025-08-24T11:33:25.041+03:30 DEBUG 1188 --- [ChiDaram App] [           main] .h.v.m.ResourceBundleMessageInterpolator : Loaded expression factory via original TCCL
2025-08-24T11:33:25.043+03:30 DEBUG 1188 --- [ChiDaram App] [           main] o.h.v.i.e.AbstractConfigurationImpl      : Setting custom MessageInterpolator of type org.springframework.validation.beanvalidation.LocaleContextMessageInterpolator
2025-08-24T11:33:25.044+03:30 DEBUG 1188 --- [ChiDaram App] [           main] o.h.v.i.e.AbstractConfigurationImpl      : Setting custom ConstraintValidatorFactory of type org.springframework.validation.beanvalidation.SpringConstraintValidatorFactory
2025-08-24T11:33:25.045+03:30 DEBUG 1188 --- [ChiDaram App] [           main] o.h.v.i.xml.config.ValidationXmlParser   : Trying to load META-INF/validation.xml for XML based Validator configuration.
2025-08-24T11:33:25.045+03:30 DEBUG 1188 --- [ChiDaram App] [           main] o.h.v.i.xml.config.ResourceLoaderHelper  : Trying to load META-INF/validation.xml via user class loader
2025-08-24T11:33:25.046+03:30 DEBUG 1188 --- [ChiDaram App] [           main] o.h.v.i.xml.config.ResourceLoaderHelper  : Trying to load META-INF/validation.xml via TCCL
2025-08-24T11:33:25.046+03:30 DEBUG 1188 --- [ChiDaram App] [           main] o.h.v.i.xml.config.ResourceLoaderHelper  : Trying to load META-INF/validation.xml via Hibernate Validator's class loader
2025-08-24T11:33:25.046+03:30 DEBUG 1188 --- [ChiDaram App] [           main] o.h.v.i.xml.config.ValidationXmlParser   : No META-INF/validation.xml found. Using annotation based configuration only.
2025-08-24T11:33:25.046+03:30 DEBUG 1188 --- [ChiDaram App] [           main] o.h.v.i.e.resolver.TraversableResolvers  : Found jakarta.persistence.Persistence on classpath containing 'getPersistenceUtil'. Assuming JPA 2 environment. Trying to instantiate JPA aware TraversableResolver
2025-08-24T11:33:25.047+03:30 DEBUG 1188 --- [ChiDaram App] [           main] o.h.v.i.e.resolver.TraversableResolvers  : Instantiated JPA aware TraversableResolver of type org.hibernate.validator.internal.engine.resolver.JPATraversableResolver.
2025-08-24T11:33:25.050+03:30 DEBUG 1188 --- [ChiDaram App] [           main] .i.e.ValidatorFactoryConfigurationHelper : HV000252: Using org.hibernate.validator.internal.engine.DefaultPropertyNodeNameProvider as property node name provider.
2025-08-24T11:33:25.051+03:30 DEBUG 1188 --- [ChiDaram App] [           main] .i.e.ValidatorFactoryConfigurationHelper : HV000234: Using org.springframework.validation.beanvalidation.LocaleContextMessageInterpolator as ValidatorFactory-scoped message interpolator.
2025-08-24T11:33:25.051+03:30 DEBUG 1188 --- [ChiDaram App] [           main] .i.e.ValidatorFactoryConfigurationHelper : HV000234: Using org.hibernate.validator.internal.engine.resolver.JPATraversableResolver as ValidatorFactory-scoped traversable resolver.
2025-08-24T11:33:25.051+03:30 DEBUG 1188 --- [ChiDaram App] [           main] .i.e.ValidatorFactoryConfigurationHelper : HV000234: Using org.hibernate.validator.internal.util.ExecutableParameterNameProvider as ValidatorFactory-scoped parameter name provider.
2025-08-24T11:33:25.051+03:30 DEBUG 1188 --- [ChiDaram App] [           main] .i.e.ValidatorFactoryConfigurationHelper : HV000234: Using org.hibernate.validator.internal.engine.DefaultClockProvider as ValidatorFactory-scoped clock provider.
2025-08-24T11:33:25.051+03:30 DEBUG 1188 --- [ChiDaram App] [           main] .i.e.ValidatorFactoryConfigurationHelper : HV000234: Using org.hibernate.validator.internal.engine.scripting.DefaultScriptEvaluatorFactory as ValidatorFactory-scoped script evaluator factory.
2025-08-24T11:33:25.379+03:30  WARN 1188 --- [ChiDaram App] [           main] ion$DefaultTemplateResolverConfiguration : Cannot find template location: classpath:/templates/ (please add some templates, check your Thymeleaf configuration, or set spring.thymeleaf.check-template-location=false)
2025-08-24T11:33:26.435+03:30  INFO 1188 --- [ChiDaram App] [           main] c.e.c.s.UserControllerIntegrationTest    : Started UserControllerIntegrationTest in 16.209 seconds (process running for 77.516)
2025-08-24T11:33:26.503+03:30 DEBUG 1188 --- [ChiDaram App] [           main] o.s.orm.jpa.JpaTransactionManager        : Creating new transaction with name [org.springframework.data.jpa.repository.support.SimpleJpaRepository.deleteAll]: PROPAGATION_REQUIRED,ISOLATION_DEFAULT
2025-08-24T11:33:26.503+03:30 DEBUG 1188 --- [ChiDaram App] [           main] o.s.orm.jpa.JpaTransactionManager        : Opened new EntityManager [SessionImpl(803491227<open>)] for JPA transaction
2025-08-24T11:33:26.503+03:30 DEBUG 1188 --- [ChiDaram App] [           main] o.h.e.t.internal.TransactionImpl         : On TransactionImpl creation, JpaCompliance#isJpaTransactionComplianceEnabled == false
2025-08-24T11:33:26.503+03:30 DEBUG 1188 --- [ChiDaram App] [           main] o.h.e.t.internal.TransactionImpl         : begin
2025-08-24T11:33:26.505+03:30 DEBUG 1188 --- [ChiDaram App] [           main] o.s.orm.jpa.JpaTransactionManager        : Exposing JPA transaction as JDBC [org.springframework.orm.jpa.vendor.HibernateJpaDialect$HibernateConnectionHandle@45a9ef5c]
2025-08-24T11:33:26.509+03:30 DEBUG 1188 --- [ChiDaram App] [           main] org.hibernate.orm.sql.ast.create         : Created new SQL alias : u1_0
2025-08-24T11:33:26.509+03:30 DEBUG 1188 --- [ChiDaram App] [           main] org.hibernate.orm.sql.ast.create         : Registration of TableGroup [StandardTableGroup(com.example.chi_daram.entity.User(217231820872200))] with identifierForTableGroup [com.example.chi_daram.entity.User] for NavigablePath [com.example.chi_daram.entity.User] 
2025-08-24T11:33:26.511+03:30 DEBUG 1188 --- [ChiDaram App] [           main] org.hibernate.orm.results.graph.AST      : DomainResult Graph:
 \-EntityResultImpl [com.example.chi_daram.entity.User(217231820872200)]
 |  +-BasicFetch [com.example.chi_daram.entity.User(217231820872200).accountNonExpired]
 |  +-BasicFetch [com.example.chi_daram.entity.User(217231820872200).accountNonLocked]
 |  +-BasicFetch [com.example.chi_daram.entity.User(217231820872200).credentialsNonExpired]
 |  +-BasicFetch [com.example.chi_daram.entity.User(217231820872200).description]
 |  +-BasicFetch [com.example.chi_daram.entity.User(217231820872200).enabled]
 |  +-BasicFetch [com.example.chi_daram.entity.User(217231820872200).otpCode]
 |  +-BasicFetch [com.example.chi_daram.entity.User(217231820872200).otpEnabledForLogin]
 |  +-BasicFetch [com.example.chi_daram.entity.User(217231820872200).otpGeneratedTime]
 |  +-BasicFetch [com.example.chi_daram.entity.User(217231820872200).password]
 |  +-BasicFetch [com.example.chi_daram.entity.User(217231820872200).phoneNumber]
 |  +-SelectEagerCollectionFetch [com.example.chi_daram.entity.User(217231820872200).roles]
 |  +-BasicFetch [com.example.chi_daram.entity.User(217231820872200).title]
 |  \-BasicFetch [com.example.chi_daram.entity.User(217231820872200).username]

2025-08-24T11:33:26.511+03:30 DEBUG 1188 --- [ChiDaram App] [           main] org.hibernate.orm.sql.ast.tree           : SQL AST Tree:
    SelectStatement {
      FromClause {
        StandardTableGroup (u1 : com.example.chi_daram.entity.User(217231820872200)) {
          primaryTableReference : "user_security" as u1_0
        }
      }
    }

2025-08-24T11:33:26.512+03:30 DEBUG 1188 --- [ChiDaram App] [           main] org.hibernate.orm.sql.exec               : Skipping reading Query result cache data: cache-enabled = false, cache-mode = NORMAL
2025-08-24T11:33:26.513+03:30 DEBUG 1188 --- [ChiDaram App] [           main] org.hibernate.orm.results                : Initializer list:
	  com.example.chi_daram.entity.User(217231820872200).roles -> SelectEagerCollectionInitializer(com.example.chi_daram.entity.User(217231820872200).roles)@1833374907 (PluralAttribute(com.example.chi_daram.entity.User.roles))
	  com.example.chi_daram.entity.User(217231820872200) -> EntityResultInitializer(com.example.chi_daram.entity.User(217231820872200))@1567761845 (SingleTableEntityPersister(com.example.chi_daram.entity.User))

2025-08-24T11:33:26.513+03:30 DEBUG 1188 --- [ChiDaram App] [           main] org.hibernate.SQL                        : select u1_0.id,u1_0.account_non_expired,u1_0.account_non_locked,u1_0.credentials_non_expired,u1_0.description,u1_0.enabled,u1_0.otp_code,u1_0.otp_enabled_for_login,u1_0.otp_generated_time,u1_0.password,u1_0.phone_number,u1_0.title,u1_0.username from "user_security" u1_0
2025-08-24T11:33:26.519+03:30 DEBUG 1188 --- [ChiDaram App] [           main] o.s.orm.jpa.JpaTransactionManager        : Initiating transaction commit
2025-08-24T11:33:26.520+03:30 DEBUG 1188 --- [ChiDaram App] [           main] o.s.orm.jpa.JpaTransactionManager        : Committing JPA transaction on EntityManager [SessionImpl(803491227<open>)]
2025-08-24T11:33:26.520+03:30 DEBUG 1188 --- [ChiDaram App] [           main] o.h.e.t.internal.TransactionImpl         : committing
2025-08-24T11:33:26.521+03:30 DEBUG 1188 --- [ChiDaram App] [           main] o.s.orm.jpa.JpaTransactionManager        : Closing JPA EntityManager [SessionImpl(803491227<open>)] after transaction
2025-08-24T11:33:26.674+03:30 DEBUG 1188 --- [ChiDaram App] [           main] o.s.orm.jpa.JpaTransactionManager        : Creating new transaction with name [com.example.chi_daram.service.impl.UserServiceImpl.registerNewUser]: PROPAGATION_REQUIRED,ISOLATION_DEFAULT
2025-08-24T11:33:26.675+03:30 DEBUG 1188 --- [ChiDaram App] [           main] o.s.orm.jpa.JpaTransactionManager        : Opened new EntityManager [SessionImpl(1810398005<open>)] for JPA transaction
2025-08-24T11:33:26.675+03:30 DEBUG 1188 --- [ChiDaram App] [           main] o.h.e.t.internal.TransactionImpl         : On TransactionImpl creation, JpaCompliance#isJpaTransactionComplianceEnabled == false
2025-08-24T11:33:26.675+03:30 DEBUG 1188 --- [ChiDaram App] [           main] o.h.e.t.internal.TransactionImpl         : begin
2025-08-24T11:33:26.675+03:30 DEBUG 1188 --- [ChiDaram App] [           main] o.s.orm.jpa.JpaTransactionManager        : Exposing JPA transaction as JDBC [org.springframework.orm.jpa.vendor.HibernateJpaDialect$HibernateConnectionHandle@5abf00f2]
2025-08-24T11:33:26.679+03:30 DEBUG 1188 --- [ChiDaram App] [           main] org.hibernate.orm.sql.ast.create         : Created new SQL alias : u1_0
2025-08-24T11:33:26.680+03:30 DEBUG 1188 --- [ChiDaram App] [           main] org.hibernate.orm.sql.ast.create         : Registration of TableGroup [StandardTableGroup(com.example.chi_daram.entity.User(217224663531900))] with identifierForTableGroup [com.example.chi_daram.entity.User] for NavigablePath [com.example.chi_daram.entity.User] 
2025-08-24T11:33:26.681+03:30 DEBUG 1188 --- [ChiDaram App] [           main] o.h.q.sqm.sql.BaseSqmToSqlAstConverter   : Determining mapping-model type for SqmParameter : org.hibernate.query.sqm.tree.expression.SqmJpaCriteriaParameterWrapper@33c0f3d2
2025-08-24T11:33:26.681+03:30 DEBUG 1188 --- [ChiDaram App] [           main] o.h.q.sqm.sql.BaseSqmToSqlAstConverter   : Determining mapping-model type for SqmPath : SqmBasicValuedSimplePath(com.example.chi_daram.entity.User(217224663531900).username) 
2025-08-24T11:33:26.682+03:30 DEBUG 1188 --- [ChiDaram App] [           main] org.hibernate.orm.results.graph.AST      : DomainResult Graph:
 \-EntityResultImpl [com.example.chi_daram.entity.User(217224663531900)]
 |  +-BasicFetch [com.example.chi_daram.entity.User(217224663531900).accountNonExpired]
 |  +-BasicFetch [com.example.chi_daram.entity.User(217224663531900).accountNonLocked]
 |  +-BasicFetch [com.example.chi_daram.entity.User(217224663531900).credentialsNonExpired]
 |  +-BasicFetch [com.example.chi_daram.entity.User(217224663531900).description]
 |  +-BasicFetch [com.example.chi_daram.entity.User(217224663531900).enabled]
 |  +-BasicFetch [com.example.chi_daram.entity.User(217224663531900).otpCode]
 |  +-BasicFetch [com.example.chi_daram.entity.User(217224663531900).otpEnabledForLogin]
 |  +-BasicFetch [com.example.chi_daram.entity.User(217224663531900).otpGeneratedTime]
 |  +-BasicFetch [com.example.chi_daram.entity.User(217224663531900).password]
 |  +-BasicFetch [com.example.chi_daram.entity.User(217224663531900).phoneNumber]
 |  +-SelectEagerCollectionFetch [com.example.chi_daram.entity.User(217224663531900).roles]
 |  +-BasicFetch [com.example.chi_daram.entity.User(217224663531900).title]
 |  \-BasicFetch [com.example.chi_daram.entity.User(217224663531900).username]

2025-08-24T11:33:26.682+03:30 DEBUG 1188 --- [ChiDaram App] [           main] org.hibernate.orm.sql.ast.tree           : SQL AST Tree:
    SelectStatement {
      FromClause {
        StandardTableGroup (u1 : com.example.chi_daram.entity.User(217224663531900)) {
          primaryTableReference : "user_security" as u1_0
        }
      }
    }

2025-08-24T11:33:26.683+03:30 DEBUG 1188 --- [ChiDaram App] [           main] org.hibernate.orm.sql.exec               : Skipping reading Query result cache data: cache-enabled = false, cache-mode = NORMAL
2025-08-24T11:33:26.684+03:30 DEBUG 1188 --- [ChiDaram App] [           main] org.hibernate.orm.results                : Initializer list:
	  com.example.chi_daram.entity.User(217224663531900).roles -> SelectEagerCollectionInitializer(com.example.chi_daram.entity.User(217224663531900).roles)@1794834170 (PluralAttribute(com.example.chi_daram.entity.User.roles))
	  com.example.chi_daram.entity.User(217224663531900) -> EntityResultInitializer(com.example.chi_daram.entity.User(217224663531900))@1586552340 (SingleTableEntityPersister(com.example.chi_daram.entity.User))

2025-08-24T11:33:26.684+03:30 DEBUG 1188 --- [ChiDaram App] [           main] org.hibernate.SQL                        : select u1_0.id,u1_0.account_non_expired,u1_0.account_non_locked,u1_0.credentials_non_expired,u1_0.description,u1_0.enabled,u1_0.otp_code,u1_0.otp_enabled_for_login,u1_0.otp_generated_time,u1_0.password,u1_0.phone_number,u1_0.title,u1_0.username from "user_security" u1_0 where u1_0.username=?
2025-08-24T11:33:26.691+03:30 DEBUG 1188 --- [ChiDaram App] [           main] org.hibernate.orm.sql.ast.create         : Created new SQL alias : u1_0
2025-08-24T11:33:26.691+03:30 DEBUG 1188 --- [ChiDaram App] [           main] org.hibernate.orm.sql.ast.create         : Registration of TableGroup [StandardTableGroup(com.example.chi_daram.entity.User(217224674979900))] with identifierForTableGroup [com.example.chi_daram.entity.User] for NavigablePath [com.example.chi_daram.entity.User] 
2025-08-24T11:33:26.692+03:30 DEBUG 1188 --- [ChiDaram App] [           main] o.h.q.sqm.sql.BaseSqmToSqlAstConverter   : Determining mapping-model type for SqmParameter : org.hibernate.query.sqm.tree.expression.SqmJpaCriteriaParameterWrapper@61a309fe
2025-08-24T11:33:26.692+03:30 DEBUG 1188 --- [ChiDaram App] [           main] o.h.q.sqm.sql.BaseSqmToSqlAstConverter   : Determining mapping-model type for SqmPath : SqmBasicValuedSimplePath(com.example.chi_daram.entity.User(217224674979900).phoneNumber) 
2025-08-24T11:33:26.693+03:30 DEBUG 1188 --- [ChiDaram App] [           main] org.hibernate.orm.results.graph.AST      : DomainResult Graph:
 \-EntityResultImpl [com.example.chi_daram.entity.User(217224674979900)]
 |  +-BasicFetch [com.example.chi_daram.entity.User(217224674979900).accountNonExpired]
 |  +-BasicFetch [com.example.chi_daram.entity.User(217224674979900).accountNonLocked]
 |  +-BasicFetch [com.example.chi_daram.entity.User(217224674979900).credentialsNonExpired]
 |  +-BasicFetch [com.example.chi_daram.entity.User(217224674979900).description]
 |  +-BasicFetch [com.example.chi_daram.entity.User(217224674979900).enabled]
 |  +-BasicFetch [com.example.chi_daram.entity.User(217224674979900).otpCode]
 |  +-BasicFetch [com.example.chi_daram.entity.User(217224674979900).otpEnabledForLogin]
 |  +-BasicFetch [com.example.chi_daram.entity.User(217224674979900).otpGeneratedTime]
 |  +-BasicFetch [com.example.chi_daram.entity.User(217224674979900).password]
 |  +-BasicFetch [com.example.chi_daram.entity.User(217224674979900).phoneNumber]
 |  +-SelectEagerCollectionFetch [com.example.chi_daram.entity.User(217224674979900).roles]
 |  +-BasicFetch [com.example.chi_daram.entity.User(217224674979900).title]
 |  \-BasicFetch [com.example.chi_daram.entity.User(217224674979900).username]

2025-08-24T11:33:26.694+03:30 DEBUG 1188 --- [ChiDaram App] [           main] org.hibernate.orm.sql.ast.tree           : SQL AST Tree:
    SelectStatement {
      FromClause {
        StandardTableGroup (u1 : com.example.chi_daram.entity.User(217224674979900)) {
          primaryTableReference : "user_security" as u1_0
        }
      }
    }

2025-08-24T11:33:26.695+03:30 DEBUG 1188 --- [ChiDaram App] [           main] org.hibernate.orm.sql.exec               : Skipping reading Query result cache data: cache-enabled = false, cache-mode = NORMAL
2025-08-24T11:33:26.695+03:30 DEBUG 1188 --- [ChiDaram App] [           main] org.hibernate.orm.results                : Initializer list:
	  com.example.chi_daram.entity.User(217224674979900).roles -> SelectEagerCollectionInitializer(com.example.chi_daram.entity.User(217224674979900).roles)@373001236 (PluralAttribute(com.example.chi_daram.entity.User.roles))
	  com.example.chi_daram.entity.User(217224674979900) -> EntityResultInitializer(com.example.chi_daram.entity.User(217224674979900))@1873710036 (SingleTableEntityPersister(com.example.chi_daram.entity.User))

2025-08-24T11:33:26.696+03:30 DEBUG 1188 --- [ChiDaram App] [           main] org.hibernate.SQL                        : select u1_0.id,u1_0.account_non_expired,u1_0.account_non_locked,u1_0.credentials_non_expired,u1_0.description,u1_0.enabled,u1_0.otp_code,u1_0.otp_enabled_for_login,u1_0.otp_generated_time,u1_0.password,u1_0.phone_number,u1_0.title,u1_0.username from "user_security" u1_0 where u1_0.phone_number=?
2025-08-24T11:33:26.845+03:30 DEBUG 1188 --- [ChiDaram App] [           main] o.s.orm.jpa.JpaTransactionManager        : Found thread-bound EntityManager [SessionImpl(1810398005<open>)] for JPA transaction
2025-08-24T11:33:26.846+03:30 DEBUG 1188 --- [ChiDaram App] [           main] o.s.orm.jpa.JpaTransactionManager        : Participating in existing transaction
2025-08-24T11:33:26.846+03:30 DEBUG 1188 --- [ChiDaram App] [           main] o.h.j.internal.PersistenceUnitUtilImpl   : jakarta.persistence.PersistenceUnitUtil.getIdentifier is only intended to work with enhanced entities (although Hibernate also adapts this support to its proxies); however the passed entity was not enhanced (nor a proxy).. may not be able to read identifier
2025-08-24T11:33:26.849+03:30 DEBUG 1188 --- [ChiDaram App] [           main] org.hibernate.engine.spi.ActionQueue     : Executing identity-insert immediately
2025-08-24T11:33:26.850+03:30 DEBUG 1188 --- [ChiDaram App] [           main] org.hibernate.SQL                        : insert into "user_security" (account_non_expired,account_non_locked,credentials_non_expired,description,enabled,otp_code,otp_enabled_for_login,otp_generated_time,password,phone_number,title,username) values (?,?,?,?,?,?,?,?,?,?,?,?) returning id
2025-08-24T11:33:26.854+03:30 DEBUG 1188 --- [ChiDaram App] [           main] org.hibernate.orm.results                : Initializer list is empty
2025-08-24T11:33:26.854+03:30 DEBUG 1188 --- [ChiDaram App] [           main] org.hibernate.orm.results.loading        : Calling top-level assembler (0 / 1) : org.hibernate.sql.results.graph.basic.BasicResultAssembler@58e28efd
2025-08-24T11:33:26.855+03:30 DEBUG 1188 --- [ChiDaram App] [           main] org.hibernate.orm.results                : Extracted JDBC value [0] - [205]
2025-08-24T11:33:26.855+03:30 DEBUG 1188 --- [ChiDaram App] [           main] o.h.id.IdentifierGeneratorHelper         : Extracted generated values [com.example.chi_daram.entity.User]: [Ljava.lang.Object;@4e9754e6
2025-08-24T11:33:26.856+03:30 DEBUG 1188 --- [ChiDaram App] [           main] o.s.orm.jpa.JpaTransactionManager        : Initiating transaction commit
2025-08-24T11:33:26.856+03:30 DEBUG 1188 --- [ChiDaram App] [           main] o.s.orm.jpa.JpaTransactionManager        : Committing JPA transaction on EntityManager [SessionImpl(1810398005<open>)]
2025-08-24T11:33:26.857+03:30 DEBUG 1188 --- [ChiDaram App] [           main] o.h.e.t.internal.TransactionImpl         : committing
2025-08-24T11:33:26.857+03:30 DEBUG 1188 --- [ChiDaram App] [           main] o.h.e.i.AbstractFlushingEventListener    : Processing flush-time cascades
2025-08-24T11:33:26.857+03:30 DEBUG 1188 --- [ChiDaram App] [           main] o.h.e.i.AbstractFlushingEventListener    : Dirty checking collections
2025-08-24T11:33:26.857+03:30 DEBUG 1188 --- [ChiDaram App] [           main] o.hibernate.engine.internal.Collections  : Collection found: [com.example.chi_daram.entity.User.roles#205], was: [<unreferenced>] (initialized)
2025-08-24T11:33:26.858+03:30 DEBUG 1188 --- [ChiDaram App] [           main] o.h.e.i.AbstractFlushingEventListener    : Flushed: 0 insertions, 0 updates, 0 deletions to 1 objects
2025-08-24T11:33:26.858+03:30 DEBUG 1188 --- [ChiDaram App] [           main] o.h.e.i.AbstractFlushingEventListener    : Flushed: 1 (re)creations, 0 updates, 0 removals to 1 collections
2025-08-24T11:33:26.858+03:30 DEBUG 1188 --- [ChiDaram App] [           main] o.hibernate.internal.util.EntityPrinter  : Listing entities:
2025-08-24T11:33:26.858+03:30 DEBUG 1188 --- [ChiDaram App] [           main] o.hibernate.internal.util.EntityPrinter  : com.example.chi_daram.entity.User{credentialsNonExpired=true, roles=[USER], otpCode=null, description=Desc, title=Integration Test User, enabled=true, otpGeneratedTime=null, password=$2a$10$tCNMj4YM69BYyhwMWDM.WOK7rpjAks9dMDaKwADhOWdLdizjZlG7C, phoneNumber=09121234567, otpEnabledForLogin=false, accountNonExpired=true, id=205, accountNonLocked=true, username=testuser_int}
2025-08-24T11:33:26.858+03:30 DEBUG 1188 --- [ChiDaram App] [           main] org.hibernate.orm.jdbc.mutation          : Inserting collection rows - com.example.chi_daram.entity.User.roles : 205
2025-08-24T11:33:26.860+03:30 DEBUG 1188 --- [ChiDaram App] [           main] org.hibernate.SQL                        : insert into user_roles (user_id,role) values (?,?)
2025-08-24T11:33:26.864+03:30 DEBUG 1188 --- [ChiDaram App] [           main] org.hibernate.orm.jdbc.mutation          : Done inserting `1` collection rows : com.example.chi_daram.entity.User.roles
2025-08-24T11:33:26.867+03:30 DEBUG 1188 --- [ChiDaram App] [           main] o.s.orm.jpa.JpaTransactionManager        : Closing JPA EntityManager [SessionImpl(1810398005<open>)] after transaction
2025-08-24T11:33:27.144+03:30 DEBUG 1188 --- [ChiDaram App] [           main] tor$SharedEntityManagerInvocationHandler : Creating new EntityManager for shared EntityManager invocation
2025-08-24T11:33:27.147+03:30 DEBUG 1188 --- [ChiDaram App] [           main] org.hibernate.orm.sql.ast.create         : Created new SQL alias : u1_0
2025-08-24T11:33:27.147+03:30 DEBUG 1188 --- [ChiDaram App] [           main] org.hibernate.orm.sql.ast.create         : Registration of TableGroup [StandardTableGroup(com.example.chi_daram.entity.User(217224663531900))] with identifierForTableGroup [com.example.chi_daram.entity.User] for NavigablePath [com.example.chi_daram.entity.User] 
2025-08-24T11:33:27.148+03:30 DEBUG 1188 --- [ChiDaram App] [           main] o.h.q.sqm.sql.BaseSqmToSqlAstConverter   : Determining mapping-model type for SqmParameter : org.hibernate.query.sqm.tree.expression.SqmJpaCriteriaParameterWrapper@7baec3e1
2025-08-24T11:33:27.149+03:30 DEBUG 1188 --- [ChiDaram App] [           main] o.h.q.sqm.sql.BaseSqmToSqlAstConverter   : Determining mapping-model type for SqmPath : SqmBasicValuedSimplePath(com.example.chi_daram.entity.User(217224663531900).username) 
2025-08-24T11:33:27.149+03:30 DEBUG 1188 --- [ChiDaram App] [           main] org.hibernate.orm.results.graph.AST      : DomainResult Graph:
 \-EntityResultImpl [com.example.chi_daram.entity.User(217224663531900)]
 |  +-BasicFetch [com.example.chi_daram.entity.User(217224663531900).accountNonExpired]
 |  +-BasicFetch [com.example.chi_daram.entity.User(217224663531900).accountNonLocked]
 |  +-BasicFetch [com.example.chi_daram.entity.User(217224663531900).credentialsNonExpired]
 |  +-BasicFetch [com.example.chi_daram.entity.User(217224663531900).description]
 |  +-BasicFetch [com.example.chi_daram.entity.User(217224663531900).enabled]
 |  +-BasicFetch [com.example.chi_daram.entity.User(217224663531900).otpCode]
 |  +-BasicFetch [com.example.chi_daram.entity.User(217224663531900).otpEnabledForLogin]
 |  +-BasicFetch [com.example.chi_daram.entity.User(217224663531900).otpGeneratedTime]
 |  +-BasicFetch [com.example.chi_daram.entity.User(217224663531900).password]
 |  +-BasicFetch [com.example.chi_daram.entity.User(217224663531900).phoneNumber]
 |  +-SelectEagerCollectionFetch [com.example.chi_daram.entity.User(217224663531900).roles]
 |  +-BasicFetch [com.example.chi_daram.entity.User(217224663531900).title]
 |  \-BasicFetch [com.example.chi_daram.entity.User(217224663531900).username]

2025-08-24T11:33:27.150+03:30 DEBUG 1188 --- [ChiDaram App] [           main] org.hibernate.orm.sql.ast.tree           : SQL AST Tree:
    SelectStatement {
      FromClause {
        StandardTableGroup (u1 : com.example.chi_daram.entity.User(217224663531900)) {
          primaryTableReference : "user_security" as u1_0
        }
      }
    }

2025-08-24T11:33:27.151+03:30 DEBUG 1188 --- [ChiDaram App] [           main] org.hibernate.orm.sql.exec               : Skipping reading Query result cache data: cache-enabled = false, cache-mode = NORMAL
2025-08-24T11:33:27.152+03:30 DEBUG 1188 --- [ChiDaram App] [           main] org.hibernate.orm.results                : Initializer list:
	  com.example.chi_daram.entity.User(217224663531900).roles -> SelectEagerCollectionInitializer(com.example.chi_daram.entity.User(217224663531900).roles)@1158483369 (PluralAttribute(com.example.chi_daram.entity.User.roles))
	  com.example.chi_daram.entity.User(217224663531900) -> EntityResultInitializer(com.example.chi_daram.entity.User(217224663531900))@1219587874 (SingleTableEntityPersister(com.example.chi_daram.entity.User))

2025-08-24T11:33:27.152+03:30 DEBUG 1188 --- [ChiDaram App] [           main] org.hibernate.SQL                        : select u1_0.id,u1_0.account_non_expired,u1_0.account_non_locked,u1_0.credentials_non_expired,u1_0.description,u1_0.enabled,u1_0.otp_code,u1_0.otp_enabled_for_login,u1_0.otp_generated_time,u1_0.password,u1_0.phone_number,u1_0.title,u1_0.username from "user_security" u1_0 where u1_0.username=?
2025-08-24T11:33:27.154+03:30 DEBUG 1188 --- [ChiDaram App] [           main] org.hibernate.orm.results                : Extracted JDBC value [0] - [205]
2025-08-24T11:33:27.154+03:30 DEBUG 1188 --- [ChiDaram App] [           main] o.hibernate.orm.results.loading.entity   : (EntityResultInitializer) Hydrated EntityKey (com.example.chi_daram.entity.User(217224663531900)): 205
2025-08-24T11:33:27.155+03:30 DEBUG 1188 --- [ChiDaram App] [           main] o.h.o.r.l.o.h.o.r.loading.collection     : (SelectEagerCollectionInitializer) Current row collection key : com.example.chi_daram.entity.User(217224663531900).roles#205
2025-08-24T11:33:27.155+03:30 DEBUG 1188 --- [ChiDaram App] [           main] o.hibernate.orm.results.loading.entity   : (EntityResultInitializer) Created new entity instance [com.example.chi_daram.entity.User(217224663531900)#205] : 2115442370
2025-08-24T11:33:27.155+03:30 DEBUG 1188 --- [ChiDaram App] [           main] org.hibernate.orm.results                : Extracted JDBC value [1] - [true]
2025-08-24T11:33:27.155+03:30 DEBUG 1188 --- [ChiDaram App] [           main] org.hibernate.orm.results                : Extracted JDBC value [2] - [true]
2025-08-24T11:33:27.155+03:30 DEBUG 1188 --- [ChiDaram App] [           main] org.hibernate.orm.results                : Extracted JDBC value [3] - [true]
2025-08-24T11:33:27.156+03:30 DEBUG 1188 --- [ChiDaram App] [           main] org.hibernate.orm.results                : Extracted JDBC value [4] - [Desc]
2025-08-24T11:33:27.156+03:30 DEBUG 1188 --- [ChiDaram App] [           main] org.hibernate.orm.results                : Extracted JDBC value [5] - [true]
2025-08-24T11:33:27.156+03:30 DEBUG 1188 --- [ChiDaram App] [           main] org.hibernate.orm.results                : Extracted JDBC value [6] - [null]
2025-08-24T11:33:27.156+03:30 DEBUG 1188 --- [ChiDaram App] [           main] org.hibernate.orm.results                : Extracted JDBC value [7] - [false]
2025-08-24T11:33:27.156+03:30 DEBUG 1188 --- [ChiDaram App] [           main] org.hibernate.orm.results                : Extracted JDBC value [8] - [null]
2025-08-24T11:33:27.156+03:30 DEBUG 1188 --- [ChiDaram App] [           main] org.hibernate.orm.results                : Extracted JDBC value [9] - [$2a$10$tCNMj4YM69BYyhwMWDM.WOK7rpjAks9dMDaKwADhOWdLdizjZlG7C]
2025-08-24T11:33:27.156+03:30 DEBUG 1188 --- [ChiDaram App] [           main] org.hibernate.orm.results                : Extracted JDBC value [10] - [09121234567]
2025-08-24T11:33:27.156+03:30 DEBUG 1188 --- [ChiDaram App] [           main] org.hibernate.orm.results                : Extracted JDBC value [11] - [Integration Test User]
2025-08-24T11:33:27.156+03:30 DEBUG 1188 --- [ChiDaram App] [           main] org.hibernate.orm.results                : Extracted JDBC value [12] - [testuser_int]
2025-08-24T11:33:27.156+03:30 DEBUG 1188 --- [ChiDaram App] [           main] o.hibernate.orm.results.loading.entity   : (EntityResultInitializer) Done materializing entityInstance : com.example.chi_daram.entity.User(217224663531900)#205
2025-08-24T11:33:27.156+03:30 DEBUG 1188 --- [ChiDaram App] [           main] org.hibernate.orm.results.loading        : Calling top-level assembler (0 / 1) : org.hibernate.sql.results.graph.entity.internal.EntityAssembler@34a86c40
2025-08-24T11:33:27.158+03:30 DEBUG 1188 --- [ChiDaram App] [           main] org.hibernate.orm.sql.exec               : Skipping reading Query result cache data: cache-enabled = false, cache-mode = IGNORE
2025-08-24T11:33:27.158+03:30 DEBUG 1188 --- [ChiDaram App] [           main] org.hibernate.orm.results                : Initializer list:
	  com.example.chi_daram.entity.User.roles -> SetInitializer(com.example.chi_daram.entity.User.roles)@909835025 (PluralAttribute(com.example.chi_daram.entity.User.roles))

2025-08-24T11:33:27.158+03:30 DEBUG 1188 --- [ChiDaram App] [           main] org.hibernate.SQL                        : select r1_0.user_id,r1_0.role from user_roles r1_0 where r1_0.user_id=?
2025-08-24T11:33:27.160+03:30 DEBUG 1188 --- [ChiDaram App] [           main] org.hibernate.orm.results                : Extracted JDBC value [0] - [205]
2025-08-24T11:33:27.161+03:30 DEBUG 1188 --- [ChiDaram App] [           main] o.h.o.r.l.o.h.o.r.loading.collection     : (SetInitializer) Current row collection key : com.example.chi_daram.entity.User.roles#205
2025-08-24T11:33:27.161+03:30 DEBUG 1188 --- [ChiDaram App] [           main] o.h.o.r.l.o.h.o.r.loading.collection     : (SetInitializer) Responsible for loading collection [com.example.chi_daram.entity.User.roles#205] : org.hibernate.collection.spi.PersistentSet@1033682525
2025-08-24T11:33:27.161+03:30 DEBUG 1188 --- [ChiDaram App] [           main] o.h.o.r.l.o.h.o.r.loading.collection     : (SetInitializer) Reading element from row for collection [com.example.chi_daram.entity.User.roles#205] -> org.hibernate.collection.spi.PersistentSet@1033682525
2025-08-24T11:33:27.161+03:30 DEBUG 1188 --- [ChiDaram App] [           main] org.hibernate.orm.results                : Extracted JDBC value [1] - [USER]
2025-08-24T11:33:27.161+03:30 DEBUG 1188 --- [ChiDaram App] [           main] org.hibernate.orm.results.loading        : Calling top-level assembler (0 / 1) : org.hibernate.sql.results.graph.collection.internal.CollectionAssembler@5fd6cf33
2025-08-24T11:33:27.162+03:30 DEBUG 1188 --- [ChiDaram App] [           main] o.h.sql.results.internal.ResultsHelper   : Collection fully initialized: [com.example.chi_daram.entity.User.roles#205]
2025-08-24T11:33:27.290+03:30 DEBUG 1188 --- [ChiDaram App] [           main] o.s.orm.jpa.JpaTransactionManager        : Creating new transaction with name [com.example.chi_daram.service.impl.UserServiceImpl.getUserByUsername]: PROPAGATION_REQUIRED,ISOLATION_DEFAULT,readOnly
2025-08-24T11:33:27.290+03:30 DEBUG 1188 --- [ChiDaram App] [           main] o.s.orm.jpa.JpaTransactionManager        : Opened new EntityManager [SessionImpl(1054164395<open>)] for JPA transaction
2025-08-24T11:33:27.290+03:30 DEBUG 1188 --- [ChiDaram App] [           main] o.h.e.t.internal.TransactionImpl         : On TransactionImpl creation, JpaCompliance#isJpaTransactionComplianceEnabled == false
2025-08-24T11:33:27.290+03:30 DEBUG 1188 --- [ChiDaram App] [           main] o.h.e.t.internal.TransactionImpl         : begin
2025-08-24T11:33:27.290+03:30 DEBUG 1188 --- [ChiDaram App] [           main] o.s.orm.jpa.JpaTransactionManager        : Exposing JPA transaction as JDBC [org.springframework.orm.jpa.vendor.HibernateJpaDialect$HibernateConnectionHandle@244285a9]
2025-08-24T11:33:27.292+03:30 DEBUG 1188 --- [ChiDaram App] [           main] org.hibernate.orm.sql.ast.create         : Created new SQL alias : u1_0
2025-08-24T11:33:27.292+03:30 DEBUG 1188 --- [ChiDaram App] [           main] org.hibernate.orm.sql.ast.create         : Registration of TableGroup [StandardTableGroup(com.example.chi_daram.entity.User(217224663531900))] with identifierForTableGroup [com.example.chi_daram.entity.User] for NavigablePath [com.example.chi_daram.entity.User] 
2025-08-24T11:33:27.293+03:30 DEBUG 1188 --- [ChiDaram App] [           main] o.h.q.sqm.sql.BaseSqmToSqlAstConverter   : Determining mapping-model type for SqmParameter : org.hibernate.query.sqm.tree.expression.SqmJpaCriteriaParameterWrapper@57ba665f
2025-08-24T11:33:27.293+03:30 DEBUG 1188 --- [ChiDaram App] [           main] o.h.q.sqm.sql.BaseSqmToSqlAstConverter   : Determining mapping-model type for SqmPath : SqmBasicValuedSimplePath(com.example.chi_daram.entity.User(217224663531900).username) 
2025-08-24T11:33:27.294+03:30 DEBUG 1188 --- [ChiDaram App] [           main] org.hibernate.orm.results.graph.AST      : DomainResult Graph:
 \-EntityResultImpl [com.example.chi_daram.entity.User(217224663531900)]
 |  +-BasicFetch [com.example.chi_daram.entity.User(217224663531900).accountNonExpired]
 |  +-BasicFetch [com.example.chi_daram.entity.User(217224663531900).accountNonLocked]
 |  +-BasicFetch [com.example.chi_daram.entity.User(217224663531900).credentialsNonExpired]
 |  +-BasicFetch [com.example.chi_daram.entity.User(217224663531900).description]
 |  +-BasicFetch [com.example.chi_daram.entity.User(217224663531900).enabled]
 |  +-BasicFetch [com.example.chi_daram.entity.User(217224663531900).otpCode]
 |  +-BasicFetch [com.example.chi_daram.entity.User(217224663531900).otpEnabledForLogin]
 |  +-BasicFetch [com.example.chi_daram.entity.User(217224663531900).otpGeneratedTime]
 |  +-BasicFetch [com.example.chi_daram.entity.User(217224663531900).password]
 |  +-BasicFetch [com.example.chi_daram.entity.User(217224663531900).phoneNumber]
 |  +-SelectEagerCollectionFetch [com.example.chi_daram.entity.User(217224663531900).roles]
 |  +-BasicFetch [com.example.chi_daram.entity.User(217224663531900).title]
 |  \-BasicFetch [com.example.chi_daram.entity.User(217224663531900).username]

2025-08-24T11:33:27.294+03:30 DEBUG 1188 --- [ChiDaram App] [           main] org.hibernate.orm.sql.ast.tree           : SQL AST Tree:
    SelectStatement {
      FromClause {
        StandardTableGroup (u1 : com.example.chi_daram.entity.User(217224663531900)) {
          primaryTableReference : "user_security" as u1_0
        }
      }
    }

2025-08-24T11:33:27.294+03:30 DEBUG 1188 --- [ChiDaram App] [           main] org.hibernate.orm.sql.exec               : Skipping reading Query result cache data: cache-enabled = false, cache-mode = NORMAL
2025-08-24T11:33:27.295+03:30 DEBUG 1188 --- [ChiDaram App] [           main] org.hibernate.orm.results                : Initializer list:
	  com.example.chi_daram.entity.User(217224663531900).roles -> SelectEagerCollectionInitializer(com.example.chi_daram.entity.User(217224663531900).roles)@449827219 (PluralAttribute(com.example.chi_daram.entity.User.roles))
	  com.example.chi_daram.entity.User(217224663531900) -> EntityResultInitializer(com.example.chi_daram.entity.User(217224663531900))@507761675 (SingleTableEntityPersister(com.example.chi_daram.entity.User))

2025-08-24T11:33:27.295+03:30 DEBUG 1188 --- [ChiDaram App] [           main] org.hibernate.SQL                        : select u1_0.id,u1_0.account_non_expired,u1_0.account_non_locked,u1_0.credentials_non_expired,u1_0.description,u1_0.enabled,u1_0.otp_code,u1_0.otp_enabled_for_login,u1_0.otp_generated_time,u1_0.password,u1_0.phone_number,u1_0.title,u1_0.username from "user_security" u1_0 where u1_0.username=?
2025-08-24T11:33:27.297+03:30 DEBUG 1188 --- [ChiDaram App] [           main] org.hibernate.orm.results                : Extracted JDBC value [0] - [205]
2025-08-24T11:33:27.297+03:30 DEBUG 1188 --- [ChiDaram App] [           main] o.hibernate.orm.results.loading.entity   : (EntityResultInitializer) Hydrated EntityKey (com.example.chi_daram.entity.User(217224663531900)): 205
2025-08-24T11:33:27.297+03:30 DEBUG 1188 --- [ChiDaram App] [           main] o.h.o.r.l.o.h.o.r.loading.collection     : (SelectEagerCollectionInitializer) Current row collection key : com.example.chi_daram.entity.User(217224663531900).roles#205
2025-08-24T11:33:27.297+03:30 DEBUG 1188 --- [ChiDaram App] [           main] o.hibernate.orm.results.loading.entity   : (EntityResultInitializer) Created new entity instance [com.example.chi_daram.entity.User(217224663531900)#205] : 166206843
2025-08-24T11:33:27.298+03:30 DEBUG 1188 --- [ChiDaram App] [           main] org.hibernate.orm.results                : Extracted JDBC value [1] - [true]
2025-08-24T11:33:27.298+03:30 DEBUG 1188 --- [ChiDaram App] [           main] org.hibernate.orm.results                : Extracted JDBC value [2] - [true]
2025-08-24T11:33:27.298+03:30 DEBUG 1188 --- [ChiDaram App] [           main] org.hibernate.orm.results                : Extracted JDBC value [3] - [true]
2025-08-24T11:33:27.298+03:30 DEBUG 1188 --- [ChiDaram App] [           main] org.hibernate.orm.results                : Extracted JDBC value [4] - [Desc]
2025-08-24T11:33:27.298+03:30 DEBUG 1188 --- [ChiDaram App] [           main] org.hibernate.orm.results                : Extracted JDBC value [5] - [true]
2025-08-24T11:33:27.298+03:30 DEBUG 1188 --- [ChiDaram App] [           main] org.hibernate.orm.results                : Extracted JDBC value [6] - [null]
2025-08-24T11:33:27.298+03:30 DEBUG 1188 --- [ChiDaram App] [           main] org.hibernate.orm.results                : Extracted JDBC value [7] - [false]
2025-08-24T11:33:27.298+03:30 DEBUG 1188 --- [ChiDaram App] [           main] org.hibernate.orm.results                : Extracted JDBC value [8] - [null]
2025-08-24T11:33:27.298+03:30 DEBUG 1188 --- [ChiDaram App] [           main] org.hibernate.orm.results                : Extracted JDBC value [9] - [$2a$10$tCNMj4YM69BYyhwMWDM.WOK7rpjAks9dMDaKwADhOWdLdizjZlG7C]
2025-08-24T11:33:27.298+03:30 DEBUG 1188 --- [ChiDaram App] [           main] org.hibernate.orm.results                : Extracted JDBC value [10] - [09121234567]
2025-08-24T11:33:27.298+03:30 DEBUG 1188 --- [ChiDaram App] [           main] org.hibernate.orm.results                : Extracted JDBC value [11] - [Integration Test User]
2025-08-24T11:33:27.298+03:30 DEBUG 1188 --- [ChiDaram App] [           main] org.hibernate.orm.results                : Extracted JDBC value [12] - [testuser_int]
2025-08-24T11:33:27.298+03:30 DEBUG 1188 --- [ChiDaram App] [           main] o.hibernate.orm.results.loading.entity   : (EntityResultInitializer) Done materializing entityInstance : com.example.chi_daram.entity.User(217224663531900)#205
2025-08-24T11:33:27.298+03:30 DEBUG 1188 --- [ChiDaram App] [           main] org.hibernate.orm.results.loading        : Calling top-level assembler (0 / 1) : org.hibernate.sql.results.graph.entity.internal.EntityAssembler@56d8cf3a
2025-08-24T11:33:27.299+03:30 DEBUG 1188 --- [ChiDaram App] [           main] org.hibernate.orm.sql.exec               : Skipping reading Query result cache data: cache-enabled = false, cache-mode = IGNORE
2025-08-24T11:33:27.299+03:30 DEBUG 1188 --- [ChiDaram App] [           main] org.hibernate.orm.results                : Initializer list:
	  com.example.chi_daram.entity.User.roles -> SetInitializer(com.example.chi_daram.entity.User.roles)@1129451699 (PluralAttribute(com.example.chi_daram.entity.User.roles))

2025-08-24T11:33:27.299+03:30 DEBUG 1188 --- [ChiDaram App] [           main] org.hibernate.SQL                        : select r1_0.user_id,r1_0.role from user_roles r1_0 where r1_0.user_id=?
2025-08-24T11:33:27.301+03:30 DEBUG 1188 --- [ChiDaram App] [           main] org.hibernate.orm.results                : Extracted JDBC value [0] - [205]
2025-08-24T11:33:27.301+03:30 DEBUG 1188 --- [ChiDaram App] [           main] o.h.o.r.l.o.h.o.r.loading.collection     : (SetInitializer) Current row collection key : com.example.chi_daram.entity.User.roles#205
2025-08-24T11:33:27.301+03:30 DEBUG 1188 --- [ChiDaram App] [           main] o.h.o.r.l.o.h.o.r.loading.collection     : (SetInitializer) Responsible for loading collection [com.example.chi_daram.entity.User.roles#205] : org.hibernate.collection.spi.PersistentSet@160129985
2025-08-24T11:33:27.301+03:30 DEBUG 1188 --- [ChiDaram App] [           main] o.h.o.r.l.o.h.o.r.loading.collection     : (SetInitializer) Reading element from row for collection [com.example.chi_daram.entity.User.roles#205] -> org.hibernate.collection.spi.PersistentSet@160129985
2025-08-24T11:33:27.301+03:30 DEBUG 1188 --- [ChiDaram App] [           main] org.hibernate.orm.results                : Extracted JDBC value [1] - [USER]
2025-08-24T11:33:27.301+03:30 DEBUG 1188 --- [ChiDaram App] [           main] org.hibernate.orm.results.loading        : Calling top-level assembler (0 / 1) : org.hibernate.sql.results.graph.collection.internal.CollectionAssembler@48ee84b0
2025-08-24T11:33:27.302+03:30 DEBUG 1188 --- [ChiDaram App] [           main] o.h.sql.results.internal.ResultsHelper   : Collection fully initialized: [com.example.chi_daram.entity.User.roles#205]
2025-08-24T11:33:27.303+03:30 DEBUG 1188 --- [ChiDaram App] [           main] o.s.orm.jpa.JpaTransactionManager        : Initiating transaction commit
2025-08-24T11:33:27.303+03:30 DEBUG 1188 --- [ChiDaram App] [           main] o.s.orm.jpa.JpaTransactionManager        : Committing JPA transaction on EntityManager [SessionImpl(1054164395<open>)]
2025-08-24T11:33:27.303+03:30 DEBUG 1188 --- [ChiDaram App] [           main] o.h.e.t.internal.TransactionImpl         : committing
2025-08-24T11:33:27.304+03:30 DEBUG 1188 --- [ChiDaram App] [           main] o.s.orm.jpa.JpaTransactionManager        : Closing JPA EntityManager [SessionImpl(1054164395<open>)] after transaction
2025-08-24T11:33:27.329+03:30 DEBUG 1188 --- [ChiDaram App] [           main] tor$SharedEntityManagerInvocationHandler : Creating new EntityManager for shared EntityManager invocation
2025-08-24T11:33:27.331+03:30 DEBUG 1188 --- [ChiDaram App] [           main] org.hibernate.orm.sql.ast.create         : Created new SQL alias : u1_0
2025-08-24T11:33:27.332+03:30 DEBUG 1188 --- [ChiDaram App] [           main] org.hibernate.orm.sql.ast.create         : Registration of TableGroup [StandardTableGroup(com.example.chi_daram.entity.User(217224663531900))] with identifierForTableGroup [com.example.chi_daram.entity.User] for NavigablePath [com.example.chi_daram.entity.User] 
2025-08-24T11:33:27.332+03:30 DEBUG 1188 --- [ChiDaram App] [           main] o.h.q.sqm.sql.BaseSqmToSqlAstConverter   : Determining mapping-model type for SqmParameter : org.hibernate.query.sqm.tree.expression.SqmJpaCriteriaParameterWrapper@367d083e
2025-08-24T11:33:27.333+03:30 DEBUG 1188 --- [ChiDaram App] [           main] o.h.q.sqm.sql.BaseSqmToSqlAstConverter   : Determining mapping-model type for SqmPath : SqmBasicValuedSimplePath(com.example.chi_daram.entity.User(217224663531900).username) 
2025-08-24T11:33:27.333+03:30 DEBUG 1188 --- [ChiDaram App] [           main] org.hibernate.orm.results.graph.AST      : DomainResult Graph:
 \-EntityResultImpl [com.example.chi_daram.entity.User(217224663531900)]
 |  +-BasicFetch [com.example.chi_daram.entity.User(217224663531900).accountNonExpired]
 |  +-BasicFetch [com.example.chi_daram.entity.User(217224663531900).accountNonLocked]
 |  +-BasicFetch [com.example.chi_daram.entity.User(217224663531900).credentialsNonExpired]
 |  +-BasicFetch [com.example.chi_daram.entity.User(217224663531900).description]
 |  +-BasicFetch [com.example.chi_daram.entity.User(217224663531900).enabled]
 |  +-BasicFetch [com.example.chi_daram.entity.User(217224663531900).otpCode]
 |  +-BasicFetch [com.example.chi_daram.entity.User(217224663531900).otpEnabledForLogin]
 |  +-BasicFetch [com.example.chi_daram.entity.User(217224663531900).otpGeneratedTime]
 |  +-BasicFetch [com.example.chi_daram.entity.User(217224663531900).password]
 |  +-BasicFetch [com.example.chi_daram.entity.User(217224663531900).phoneNumber]
 |  +-SelectEagerCollectionFetch [com.example.chi_daram.entity.User(217224663531900).roles]
 |  +-BasicFetch [com.example.chi_daram.entity.User(217224663531900).title]
 |  \-BasicFetch [com.example.chi_daram.entity.User(217224663531900).username]

2025-08-24T11:33:27.334+03:30 DEBUG 1188 --- [ChiDaram App] [           main] org.hibernate.orm.sql.ast.tree           : SQL AST Tree:
    SelectStatement {
      FromClause {
        StandardTableGroup (u1 : com.example.chi_daram.entity.User(217224663531900)) {
          primaryTableReference : "user_security" as u1_0
        }
      }
    }

2025-08-24T11:33:27.339+03:30 DEBUG 1188 --- [ChiDaram App] [           main] org.hibernate.orm.sql.exec               : Skipping reading Query result cache data: cache-enabled = false, cache-mode = NORMAL
2025-08-24T11:33:27.343+03:30 DEBUG 1188 --- [ChiDaram App] [           main] org.hibernate.orm.results                : Initializer list:
	  com.example.chi_daram.entity.User(217224663531900).roles -> SelectEagerCollectionInitializer(com.example.chi_daram.entity.User(217224663531900).roles)@949088292 (PluralAttribute(com.example.chi_daram.entity.User.roles))
	  com.example.chi_daram.entity.User(217224663531900) -> EntityResultInitializer(com.example.chi_daram.entity.User(217224663531900))@1718825968 (SingleTableEntityPersister(com.example.chi_daram.entity.User))

2025-08-24T11:33:27.345+03:30 DEBUG 1188 --- [ChiDaram App] [           main] org.hibernate.SQL                        : select u1_0.id,u1_0.account_non_expired,u1_0.account_non_locked,u1_0.credentials_non_expired,u1_0.description,u1_0.enabled,u1_0.otp_code,u1_0.otp_enabled_for_login,u1_0.otp_generated_time,u1_0.password,u1_0.phone_number,u1_0.title,u1_0.username from "user_security" u1_0 where u1_0.username=?
2025-08-24T11:33:27.352+03:30 DEBUG 1188 --- [ChiDaram App] [           main] org.hibernate.orm.results                : Extracted JDBC value [0] - [205]
2025-08-24T11:33:27.352+03:30 DEBUG 1188 --- [ChiDaram App] [           main] o.hibernate.orm.results.loading.entity   : (EntityResultInitializer) Hydrated EntityKey (com.example.chi_daram.entity.User(217224663531900)): 205
2025-08-24T11:33:27.352+03:30 DEBUG 1188 --- [ChiDaram App] [           main] o.h.o.r.l.o.h.o.r.loading.collection     : (SelectEagerCollectionInitializer) Current row collection key : com.example.chi_daram.entity.User(217224663531900).roles#205
2025-08-24T11:33:27.353+03:30 DEBUG 1188 --- [ChiDaram App] [           main] o.hibernate.orm.results.loading.entity   : (EntityResultInitializer) Created new entity instance [com.example.chi_daram.entity.User(217224663531900)#205] : 164420916
2025-08-24T11:33:27.354+03:30 DEBUG 1188 --- [ChiDaram App] [           main] org.hibernate.orm.results                : Extracted JDBC value [1] - [true]
2025-08-24T11:33:27.354+03:30 DEBUG 1188 --- [ChiDaram App] [           main] org.hibernate.orm.results                : Extracted JDBC value [2] - [true]
2025-08-24T11:33:27.354+03:30 DEBUG 1188 --- [ChiDaram App] [           main] org.hibernate.orm.results                : Extracted JDBC value [3] - [true]
2025-08-24T11:33:27.354+03:30 DEBUG 1188 --- [ChiDaram App] [           main] org.hibernate.orm.results                : Extracted JDBC value [4] - [Desc]
2025-08-24T11:33:27.354+03:30 DEBUG 1188 --- [ChiDaram App] [           main] org.hibernate.orm.results                : Extracted JDBC value [5] - [true]
2025-08-24T11:33:27.354+03:30 DEBUG 1188 --- [ChiDaram App] [           main] org.hibernate.orm.results                : Extracted JDBC value [6] - [null]
2025-08-24T11:33:27.354+03:30 DEBUG 1188 --- [ChiDaram App] [           main] org.hibernate.orm.results                : Extracted JDBC value [7] - [false]
2025-08-24T11:33:27.355+03:30 DEBUG 1188 --- [ChiDaram App] [           main] org.hibernate.orm.results                : Extracted JDBC value [8] - [null]
2025-08-24T11:33:27.355+03:30 DEBUG 1188 --- [ChiDaram App] [           main] org.hibernate.orm.results                : Extracted JDBC value [9] - [$2a$10$tCNMj4YM69BYyhwMWDM.WOK7rpjAks9dMDaKwADhOWdLdizjZlG7C]
2025-08-24T11:33:27.356+03:30 DEBUG 1188 --- [ChiDaram App] [           main] org.hibernate.orm.results                : Extracted JDBC value [10] - [09121234567]
2025-08-24T11:33:27.356+03:30 DEBUG 1188 --- [ChiDaram App] [           main] org.hibernate.orm.results                : Extracted JDBC value [11] - [Integration Test User]
2025-08-24T11:33:27.356+03:30 DEBUG 1188 --- [ChiDaram App] [           main] org.hibernate.orm.results                : Extracted JDBC value [12] - [testuser_int]
2025-08-24T11:33:27.357+03:30 DEBUG 1188 --- [ChiDaram App] [           main] o.hibernate.orm.results.loading.entity   : (EntityResultInitializer) Done materializing entityInstance : com.example.chi_daram.entity.User(217224663531900)#205
2025-08-24T11:33:27.357+03:30 DEBUG 1188 --- [ChiDaram App] [           main] org.hibernate.orm.results.loading        : Calling top-level assembler (0 / 1) : org.hibernate.sql.results.graph.entity.internal.EntityAssembler@7c397b0c
2025-08-24T11:33:27.358+03:30 DEBUG 1188 --- [ChiDaram App] [           main] org.hibernate.orm.sql.exec               : Skipping reading Query result cache data: cache-enabled = false, cache-mode = IGNORE
2025-08-24T11:33:27.358+03:30 DEBUG 1188 --- [ChiDaram App] [           main] org.hibernate.orm.results                : Initializer list:
	  com.example.chi_daram.entity.User.roles -> SetInitializer(com.example.chi_daram.entity.User.roles)@451198452 (PluralAttribute(com.example.chi_daram.entity.User.roles))

2025-08-24T11:33:27.358+03:30 DEBUG 1188 --- [ChiDaram App] [           main] org.hibernate.SQL                        : select r1_0.user_id,r1_0.role from user_roles r1_0 where r1_0.user_id=?
2025-08-24T11:33:27.360+03:30 DEBUG 1188 --- [ChiDaram App] [           main] org.hibernate.orm.results                : Extracted JDBC value [0] - [205]
2025-08-24T11:33:27.360+03:30 DEBUG 1188 --- [ChiDaram App] [           main] o.h.o.r.l.o.h.o.r.loading.collection     : (SetInitializer) Current row collection key : com.example.chi_daram.entity.User.roles#205
2025-08-24T11:33:27.361+03:30 DEBUG 1188 --- [ChiDaram App] [           main] o.h.o.r.l.o.h.o.r.loading.collection     : (SetInitializer) Responsible for loading collection [com.example.chi_daram.entity.User.roles#205] : org.hibernate.collection.spi.PersistentSet@1985975118
2025-08-24T11:33:27.361+03:30 DEBUG 1188 --- [ChiDaram App] [           main] o.h.o.r.l.o.h.o.r.loading.collection     : (SetInitializer) Reading element from row for collection [com.example.chi_daram.entity.User.roles#205] -> org.hibernate.collection.spi.PersistentSet@1985975118
2025-08-24T11:33:27.361+03:30 DEBUG 1188 --- [ChiDaram App] [           main] org.hibernate.orm.results                : Extracted JDBC value [1] - [USER]
2025-08-24T11:33:27.361+03:30 DEBUG 1188 --- [ChiDaram App] [           main] org.hibernate.orm.results.loading        : Calling top-level assembler (0 / 1) : org.hibernate.sql.results.graph.collection.internal.CollectionAssembler@48b73b02
2025-08-24T11:33:27.362+03:30 DEBUG 1188 --- [ChiDaram App] [           main] o.h.sql.results.internal.ResultsHelper   : Collection fully initialized: [com.example.chi_daram.entity.User.roles#205]
2025-08-24T11:33:27.389+03:30 DEBUG 1188 --- [ChiDaram App] [           main] o.s.orm.jpa.JpaTransactionManager        : Creating new transaction with name [com.example.chi_daram.service.impl.UserServiceImpl.getAllUsers]: PROPAGATION_REQUIRED,ISOLATION_DEFAULT,readOnly
2025-08-24T11:33:27.389+03:30 DEBUG 1188 --- [ChiDaram App] [           main] o.s.orm.jpa.JpaTransactionManager        : Opened new EntityManager [SessionImpl(1008590499<open>)] for JPA transaction
2025-08-24T11:33:27.390+03:30 DEBUG 1188 --- [ChiDaram App] [           main] o.h.e.t.internal.TransactionImpl         : On TransactionImpl creation, JpaCompliance#isJpaTransactionComplianceEnabled == false
2025-08-24T11:33:27.390+03:30 DEBUG 1188 --- [ChiDaram App] [           main] o.h.e.t.internal.TransactionImpl         : begin
2025-08-24T11:33:27.390+03:30 DEBUG 1188 --- [ChiDaram App] [           main] o.s.orm.jpa.JpaTransactionManager        : Exposing JPA transaction as JDBC [org.springframework.orm.jpa.vendor.HibernateJpaDialect$HibernateConnectionHandle@72df13c3]
2025-08-24T11:33:27.392+03:30 DEBUG 1188 --- [ChiDaram App] [           main] o.s.orm.jpa.JpaTransactionManager        : Found thread-bound EntityManager [SessionImpl(1008590499<open>)] for JPA transaction
2025-08-24T11:33:27.392+03:30 DEBUG 1188 --- [ChiDaram App] [           main] o.s.orm.jpa.JpaTransactionManager        : Participating in existing transaction
2025-08-24T11:33:27.394+03:30 DEBUG 1188 --- [ChiDaram App] [           main] org.hibernate.orm.sql.ast.create         : Created new SQL alias : u1_0
2025-08-24T11:33:27.394+03:30 DEBUG 1188 --- [ChiDaram App] [           main] org.hibernate.orm.sql.ast.create         : Registration of TableGroup [StandardTableGroup(com.example.chi_daram.entity.User(217232707226900))] with identifierForTableGroup [com.example.chi_daram.entity.User] for NavigablePath [com.example.chi_daram.entity.User] 
2025-08-24T11:33:27.399+03:30 DEBUG 1188 --- [ChiDaram App] [           main] org.hibernate.orm.results.graph.AST      : DomainResult Graph:
 \-EntityResultImpl [com.example.chi_daram.entity.User(217232707226900)]
 |  +-BasicFetch [com.example.chi_daram.entity.User(217232707226900).accountNonExpired]
 |  +-BasicFetch [com.example.chi_daram.entity.User(217232707226900).accountNonLocked]
 |  +-BasicFetch [com.example.chi_daram.entity.User(217232707226900).credentialsNonExpired]
 |  +-BasicFetch [com.example.chi_daram.entity.User(217232707226900).description]
 |  +-BasicFetch [com.example.chi_daram.entity.User(217232707226900).enabled]
 |  +-BasicFetch [com.example.chi_daram.entity.User(217232707226900).otpCode]
 |  +-BasicFetch [com.example.chi_daram.entity.User(217232707226900).otpEnabledForLogin]
 |  +-BasicFetch [com.example.chi_daram.entity.User(217232707226900).otpGeneratedTime]
 |  +-BasicFetch [com.example.chi_daram.entity.User(217232707226900).password]
 |  +-BasicFetch [com.example.chi_daram.entity.User(217232707226900).phoneNumber]
 |  +-SelectEagerCollectionFetch [com.example.chi_daram.entity.User(217232707226900).roles]
 |  +-BasicFetch [com.example.chi_daram.entity.User(217232707226900).title]
 |  \-BasicFetch [com.example.chi_daram.entity.User(217232707226900).username]

2025-08-24T11:33:27.400+03:30 DEBUG 1188 --- [ChiDaram App] [           main] org.hibernate.orm.sql.ast.tree           : SQL AST Tree:
    SelectStatement {
      FromClause {
        StandardTableGroup (u1 : com.example.chi_daram.entity.User(217232707226900)) {
          primaryTableReference : "user_security" as u1_0
        }
      }
    }

2025-08-24T11:33:27.402+03:30 DEBUG 1188 --- [ChiDaram App] [           main] org.hibernate.orm.sql.exec               : Skipping reading Query result cache data: cache-enabled = false, cache-mode = NORMAL
2025-08-24T11:33:27.402+03:30 DEBUG 1188 --- [ChiDaram App] [           main] org.hibernate.orm.results                : Initializer list:
	  com.example.chi_daram.entity.User(217232707226900) -> EntityResultInitializer(com.example.chi_daram.entity.User(217232707226900))@661879069 (SingleTableEntityPersister(com.example.chi_daram.entity.User))
	  com.example.chi_daram.entity.User(217232707226900).roles -> SelectEagerCollectionInitializer(com.example.chi_daram.entity.User(217232707226900).roles)@1372914342 (PluralAttribute(com.example.chi_daram.entity.User.roles))

2025-08-24T11:33:27.403+03:30 DEBUG 1188 --- [ChiDaram App] [           main] org.hibernate.SQL                        : select u1_0.id,u1_0.account_non_expired,u1_0.account_non_locked,u1_0.credentials_non_expired,u1_0.description,u1_0.enabled,u1_0.otp_code,u1_0.otp_enabled_for_login,u1_0.otp_generated_time,u1_0.password,u1_0.phone_number,u1_0.title,u1_0.username from "user_security" u1_0
2025-08-24T11:33:27.405+03:30 DEBUG 1188 --- [ChiDaram App] [           main] org.hibernate.orm.results                : Extracted JDBC value [0] - [205]
2025-08-24T11:33:27.406+03:30 DEBUG 1188 --- [ChiDaram App] [           main] o.hibernate.orm.results.loading.entity   : (EntityResultInitializer) Hydrated EntityKey (com.example.chi_daram.entity.User(217232707226900)): 205
2025-08-24T11:33:27.406+03:30 DEBUG 1188 --- [ChiDaram App] [           main] o.h.o.r.l.o.h.o.r.loading.collection     : (SelectEagerCollectionInitializer) Current row collection key : com.example.chi_daram.entity.User(217232707226900).roles#205
2025-08-24T11:33:27.406+03:30 DEBUG 1188 --- [ChiDaram App] [           main] o.hibernate.orm.results.loading.entity   : (EntityResultInitializer) Created new entity instance [com.example.chi_daram.entity.User(217232707226900)#205] : 1036312965
2025-08-24T11:33:27.406+03:30 DEBUG 1188 --- [ChiDaram App] [           main] org.hibernate.orm.results                : Extracted JDBC value [1] - [true]
2025-08-24T11:33:27.407+03:30 DEBUG 1188 --- [ChiDaram App] [           main] org.hibernate.orm.results                : Extracted JDBC value [2] - [true]
2025-08-24T11:33:27.407+03:30 DEBUG 1188 --- [ChiDaram App] [           main] org.hibernate.orm.results                : Extracted JDBC value [3] - [true]
2025-08-24T11:33:27.407+03:30 DEBUG 1188 --- [ChiDaram App] [           main] org.hibernate.orm.results                : Extracted JDBC value [4] - [Desc]
2025-08-24T11:33:27.407+03:30 DEBUG 1188 --- [ChiDaram App] [           main] org.hibernate.orm.results                : Extracted JDBC value [5] - [true]
2025-08-24T11:33:27.407+03:30 DEBUG 1188 --- [ChiDaram App] [           main] org.hibernate.orm.results                : Extracted JDBC value [6] - [null]
2025-08-24T11:33:27.407+03:30 DEBUG 1188 --- [ChiDaram App] [           main] org.hibernate.orm.results                : Extracted JDBC value [7] - [false]
2025-08-24T11:33:27.407+03:30 DEBUG 1188 --- [ChiDaram App] [           main] org.hibernate.orm.results                : Extracted JDBC value [8] - [null]
2025-08-24T11:33:27.407+03:30 DEBUG 1188 --- [ChiDaram App] [           main] org.hibernate.orm.results                : Extracted JDBC value [9] - [$2a$10$tCNMj4YM69BYyhwMWDM.WOK7rpjAks9dMDaKwADhOWdLdizjZlG7C]
2025-08-24T11:33:27.407+03:30 DEBUG 1188 --- [ChiDaram App] [           main] org.hibernate.orm.results                : Extracted JDBC value [10] - [09121234567]
2025-08-24T11:33:27.408+03:30 DEBUG 1188 --- [ChiDaram App] [           main] org.hibernate.orm.results                : Extracted JDBC value [11] - [Integration Test User]
2025-08-24T11:33:27.409+03:30 DEBUG 1188 --- [ChiDaram App] [           main] org.hibernate.orm.results                : Extracted JDBC value [12] - [testuser_int]
2025-08-24T11:33:27.409+03:30 DEBUG 1188 --- [ChiDaram App] [           main] o.hibernate.orm.results.loading.entity   : (EntityResultInitializer) Done materializing entityInstance : com.example.chi_daram.entity.User(217232707226900)#205
2025-08-24T11:33:27.411+03:30 DEBUG 1188 --- [ChiDaram App] [           main] org.hibernate.orm.results.loading        : Calling top-level assembler (0 / 1) : org.hibernate.sql.results.graph.entity.internal.EntityAssembler@64acc538
2025-08-24T11:33:27.413+03:30 DEBUG 1188 --- [ChiDaram App] [           main] org.hibernate.orm.sql.exec               : Skipping reading Query result cache data: cache-enabled = false, cache-mode = IGNORE
2025-08-24T11:33:27.413+03:30 DEBUG 1188 --- [ChiDaram App] [           main] org.hibernate.orm.results                : Initializer list:
	  com.example.chi_daram.entity.User.roles -> SetInitializer(com.example.chi_daram.entity.User.roles)@2074677327 (PluralAttribute(com.example.chi_daram.entity.User.roles))

2025-08-24T11:33:27.414+03:30 DEBUG 1188 --- [ChiDaram App] [           main] org.hibernate.SQL                        : select r1_0.user_id,r1_0.role from user_roles r1_0 where r1_0.user_id=?
2025-08-24T11:33:27.734+03:30 DEBUG 1188 --- [ChiDaram App] [           main] org.hibernate.orm.results                : Extracted JDBC value [0] - [205]
2025-08-24T11:33:27.735+03:30 DEBUG 1188 --- [ChiDaram App] [           main] o.h.o.r.l.o.h.o.r.loading.collection     : (SetInitializer) Current row collection key : com.example.chi_daram.entity.User.roles#205
2025-08-24T11:33:27.735+03:30 DEBUG 1188 --- [ChiDaram App] [           main] o.h.o.r.l.o.h.o.r.loading.collection     : (SetInitializer) Responsible for loading collection [com.example.chi_daram.entity.User.roles#205] : org.hibernate.collection.spi.PersistentSet@1149047977
2025-08-24T11:33:27.736+03:30 DEBUG 1188 --- [ChiDaram App] [           main] o.h.o.r.l.o.h.o.r.loading.collection     : (SetInitializer) Reading element from row for collection [com.example.chi_daram.entity.User.roles#205] -> org.hibernate.collection.spi.PersistentSet@1149047977
2025-08-24T11:33:27.736+03:30 DEBUG 1188 --- [ChiDaram App] [           main] org.hibernate.orm.results                : Extracted JDBC value [1] - [USER]
2025-08-24T11:33:27.736+03:30 DEBUG 1188 --- [ChiDaram App] [           main] org.hibernate.orm.results.loading        : Calling top-level assembler (0 / 1) : org.hibernate.sql.results.graph.collection.internal.CollectionAssembler@4f880f30
2025-08-24T11:33:27.737+03:30 DEBUG 1188 --- [ChiDaram App] [           main] o.h.sql.results.internal.ResultsHelper   : Collection fully initialized: [com.example.chi_daram.entity.User.roles#205]
2025-08-24T11:33:27.739+03:30 DEBUG 1188 --- [ChiDaram App] [           main] o.s.orm.jpa.JpaTransactionManager        : Initiating transaction commit
2025-08-24T11:33:27.739+03:30 DEBUG 1188 --- [ChiDaram App] [           main] o.s.orm.jpa.JpaTransactionManager        : Committing JPA transaction on EntityManager [SessionImpl(1008590499<open>)]
2025-08-24T11:33:27.739+03:30 DEBUG 1188 --- [ChiDaram App] [           main] o.h.e.t.internal.TransactionImpl         : committing
2025-08-24T11:33:27.741+03:30 DEBUG 1188 --- [ChiDaram App] [           main] o.s.orm.jpa.JpaTransactionManager        : Closing JPA EntityManager [SessionImpl(1008590499<open>)] after transaction
]]></system-out>
  </testcase>
  <testcase name="testGetUserById" classname="com.example.chi_daram.service.UserControllerIntegrationTest" time="0.904">
    <system-out><![CDATA[2025-08-24T11:33:28.030+03:30 DEBUG 1188 --- [ChiDaram App] [           main] o.s.orm.jpa.JpaTransactionManager        : Creating new transaction with name [org.springframework.data.jpa.repository.support.SimpleJpaRepository.deleteAll]: PROPAGATION_REQUIRED,ISOLATION_DEFAULT
2025-08-24T11:33:28.032+03:30 DEBUG 1188 --- [ChiDaram App] [           main] o.s.orm.jpa.JpaTransactionManager        : Opened new EntityManager [SessionImpl(907135720<open>)] for JPA transaction
2025-08-24T11:33:28.032+03:30 DEBUG 1188 --- [ChiDaram App] [           main] o.h.e.t.internal.TransactionImpl         : On TransactionImpl creation, JpaCompliance#isJpaTransactionComplianceEnabled == false
2025-08-24T11:33:28.032+03:30 DEBUG 1188 --- [ChiDaram App] [           main] o.h.e.t.internal.TransactionImpl         : begin
2025-08-24T11:33:28.033+03:30 DEBUG 1188 --- [ChiDaram App] [           main] o.s.orm.jpa.JpaTransactionManager        : Exposing JPA transaction as JDBC [org.springframework.orm.jpa.vendor.HibernateJpaDialect$HibernateConnectionHandle@2575ffb7]
2025-08-24T11:33:28.040+03:30 DEBUG 1188 --- [ChiDaram App] [           main] org.hibernate.orm.sql.ast.create         : Created new SQL alias : u1_0
2025-08-24T11:33:28.041+03:30 DEBUG 1188 --- [ChiDaram App] [           main] org.hibernate.orm.sql.ast.create         : Registration of TableGroup [StandardTableGroup(com.example.chi_daram.entity.User(217233348379900))] with identifierForTableGroup [com.example.chi_daram.entity.User] for NavigablePath [com.example.chi_daram.entity.User] 
2025-08-24T11:33:28.044+03:30 DEBUG 1188 --- [ChiDaram App] [           main] org.hibernate.orm.results.graph.AST      : DomainResult Graph:
 \-EntityResultImpl [com.example.chi_daram.entity.User(217233348379900)]
 |  +-BasicFetch [com.example.chi_daram.entity.User(217233348379900).accountNonExpired]
 |  +-BasicFetch [com.example.chi_daram.entity.User(217233348379900).accountNonLocked]
 |  +-BasicFetch [com.example.chi_daram.entity.User(217233348379900).credentialsNonExpired]
 |  +-BasicFetch [com.example.chi_daram.entity.User(217233348379900).description]
 |  +-BasicFetch [com.example.chi_daram.entity.User(217233348379900).enabled]
 |  +-BasicFetch [com.example.chi_daram.entity.User(217233348379900).otpCode]
 |  +-BasicFetch [com.example.chi_daram.entity.User(217233348379900).otpEnabledForLogin]
 |  +-BasicFetch [com.example.chi_daram.entity.User(217233348379900).otpGeneratedTime]
 |  +-BasicFetch [com.example.chi_daram.entity.User(217233348379900).password]
 |  +-BasicFetch [com.example.chi_daram.entity.User(217233348379900).phoneNumber]
 |  +-SelectEagerCollectionFetch [com.example.chi_daram.entity.User(217233348379900).roles]
 |  +-BasicFetch [com.example.chi_daram.entity.User(217233348379900).title]
 |  \-BasicFetch [com.example.chi_daram.entity.User(217233348379900).username]

2025-08-24T11:33:28.044+03:30 DEBUG 1188 --- [ChiDaram App] [           main] org.hibernate.orm.sql.ast.tree           : SQL AST Tree:
    SelectStatement {
      FromClause {
        StandardTableGroup (u1 : com.example.chi_daram.entity.User(217233348379900)) {
          primaryTableReference : "user_security" as u1_0
        }
      }
    }

2025-08-24T11:33:28.045+03:30 DEBUG 1188 --- [ChiDaram App] [           main] org.hibernate.orm.sql.exec               : Skipping reading Query result cache data: cache-enabled = false, cache-mode = NORMAL
2025-08-24T11:33:28.046+03:30 DEBUG 1188 --- [ChiDaram App] [           main] org.hibernate.orm.results                : Initializer list:
	  com.example.chi_daram.entity.User(217233348379900).roles -> SelectEagerCollectionInitializer(com.example.chi_daram.entity.User(217233348379900).roles)@1122443116 (PluralAttribute(com.example.chi_daram.entity.User.roles))
	  com.example.chi_daram.entity.User(217233348379900) -> EntityResultInitializer(com.example.chi_daram.entity.User(217233348379900))@1609567898 (SingleTableEntityPersister(com.example.chi_daram.entity.User))

2025-08-24T11:33:28.046+03:30 DEBUG 1188 --- [ChiDaram App] [           main] org.hibernate.SQL                        : select u1_0.id,u1_0.account_non_expired,u1_0.account_non_locked,u1_0.credentials_non_expired,u1_0.description,u1_0.enabled,u1_0.otp_code,u1_0.otp_enabled_for_login,u1_0.otp_generated_time,u1_0.password,u1_0.phone_number,u1_0.title,u1_0.username from "user_security" u1_0
2025-08-24T11:33:28.049+03:30 DEBUG 1188 --- [ChiDaram App] [           main] org.hibernate.orm.results                : Extracted JDBC value [0] - [205]
2025-08-24T11:33:28.049+03:30 DEBUG 1188 --- [ChiDaram App] [           main] o.hibernate.orm.results.loading.entity   : (EntityResultInitializer) Hydrated EntityKey (com.example.chi_daram.entity.User(217233348379900)): 205
2025-08-24T11:33:28.050+03:30 DEBUG 1188 --- [ChiDaram App] [           main] o.h.o.r.l.o.h.o.r.loading.collection     : (SelectEagerCollectionInitializer) Current row collection key : com.example.chi_daram.entity.User(217233348379900).roles#205
2025-08-24T11:33:28.050+03:30 DEBUG 1188 --- [ChiDaram App] [           main] o.hibernate.orm.results.loading.entity   : (EntityResultInitializer) Created new entity instance [com.example.chi_daram.entity.User(217233348379900)#205] : 963176949
2025-08-24T11:33:28.050+03:30 DEBUG 1188 --- [ChiDaram App] [           main] org.hibernate.orm.results                : Extracted JDBC value [1] - [true]
2025-08-24T11:33:28.051+03:30 DEBUG 1188 --- [ChiDaram App] [           main] org.hibernate.orm.results                : Extracted JDBC value [2] - [true]
2025-08-24T11:33:28.051+03:30 DEBUG 1188 --- [ChiDaram App] [           main] org.hibernate.orm.results                : Extracted JDBC value [3] - [true]
2025-08-24T11:33:28.051+03:30 DEBUG 1188 --- [ChiDaram App] [           main] org.hibernate.orm.results                : Extracted JDBC value [4] - [Desc]
2025-08-24T11:33:28.051+03:30 DEBUG 1188 --- [ChiDaram App] [           main] org.hibernate.orm.results                : Extracted JDBC value [5] - [true]
2025-08-24T11:33:28.051+03:30 DEBUG 1188 --- [ChiDaram App] [           main] org.hibernate.orm.results                : Extracted JDBC value [6] - [null]
2025-08-24T11:33:28.051+03:30 DEBUG 1188 --- [ChiDaram App] [           main] org.hibernate.orm.results                : Extracted JDBC value [7] - [false]
2025-08-24T11:33:28.051+03:30 DEBUG 1188 --- [ChiDaram App] [           main] org.hibernate.orm.results                : Extracted JDBC value [8] - [null]
2025-08-24T11:33:28.051+03:30 DEBUG 1188 --- [ChiDaram App] [           main] org.hibernate.orm.results                : Extracted JDBC value [9] - [$2a$10$tCNMj4YM69BYyhwMWDM.WOK7rpjAks9dMDaKwADhOWdLdizjZlG7C]
2025-08-24T11:33:28.051+03:30 DEBUG 1188 --- [ChiDaram App] [           main] org.hibernate.orm.results                : Extracted JDBC value [10] - [09121234567]
2025-08-24T11:33:28.052+03:30 DEBUG 1188 --- [ChiDaram App] [           main] org.hibernate.orm.results                : Extracted JDBC value [11] - [Integration Test User]
2025-08-24T11:33:28.052+03:30 DEBUG 1188 --- [ChiDaram App] [           main] org.hibernate.orm.results                : Extracted JDBC value [12] - [testuser_int]
2025-08-24T11:33:28.058+03:30 DEBUG 1188 --- [ChiDaram App] [           main] o.hibernate.orm.results.loading.entity   : (EntityResultInitializer) Done materializing entityInstance : com.example.chi_daram.entity.User(217233348379900)#205
2025-08-24T11:33:28.059+03:30 DEBUG 1188 --- [ChiDaram App] [           main] org.hibernate.orm.results.loading        : Calling top-level assembler (0 / 1) : org.hibernate.sql.results.graph.entity.internal.EntityAssembler@7343135a
2025-08-24T11:33:28.086+03:30 DEBUG 1188 --- [ChiDaram App] [           main] org.hibernate.orm.sql.exec               : Skipping reading Query result cache data: cache-enabled = false, cache-mode = IGNORE
2025-08-24T11:33:28.086+03:30 DEBUG 1188 --- [ChiDaram App] [           main] org.hibernate.orm.results                : Initializer list:
	  com.example.chi_daram.entity.User.roles -> SetInitializer(com.example.chi_daram.entity.User.roles)@1156496799 (PluralAttribute(com.example.chi_daram.entity.User.roles))

2025-08-24T11:33:28.086+03:30 DEBUG 1188 --- [ChiDaram App] [           main] org.hibernate.SQL                        : select r1_0.user_id,r1_0.role from user_roles r1_0 where r1_0.user_id=?
2025-08-24T11:33:28.088+03:30 DEBUG 1188 --- [ChiDaram App] [           main] org.hibernate.orm.results                : Extracted JDBC value [0] - [205]
2025-08-24T11:33:28.120+03:30 DEBUG 1188 --- [ChiDaram App] [           main] o.h.o.r.l.o.h.o.r.loading.collection     : (SetInitializer) Current row collection key : com.example.chi_daram.entity.User.roles#205
2025-08-24T11:33:28.121+03:30 DEBUG 1188 --- [ChiDaram App] [           main] o.h.o.r.l.o.h.o.r.loading.collection     : (SetInitializer) Responsible for loading collection [com.example.chi_daram.entity.User.roles#205] : org.hibernate.collection.spi.PersistentSet@1723049116
2025-08-24T11:33:28.121+03:30 DEBUG 1188 --- [ChiDaram App] [           main] o.h.o.r.l.o.h.o.r.loading.collection     : (SetInitializer) Reading element from row for collection [com.example.chi_daram.entity.User.roles#205] -> org.hibernate.collection.spi.PersistentSet@1723049116
2025-08-24T11:33:28.122+03:30 DEBUG 1188 --- [ChiDaram App] [           main] org.hibernate.orm.results                : Extracted JDBC value [1] - [USER]
2025-08-24T11:33:28.122+03:30 DEBUG 1188 --- [ChiDaram App] [           main] org.hibernate.orm.results.loading        : Calling top-level assembler (0 / 1) : org.hibernate.sql.results.graph.collection.internal.CollectionAssembler@1b5a471d
2025-08-24T11:33:28.122+03:30 DEBUG 1188 --- [ChiDaram App] [           main] o.h.sql.results.internal.ResultsHelper   : Collection fully initialized: [com.example.chi_daram.entity.User.roles#205]
2025-08-24T11:33:28.122+03:30 DEBUG 1188 --- [ChiDaram App] [           main] o.h.j.internal.PersistenceUnitUtilImpl   : jakarta.persistence.PersistenceUnitUtil.getIdentifier is only intended to work with enhanced entities (although Hibernate also adapts this support to its proxies); however the passed entity was not enhanced (nor a proxy).. may not be able to read identifier
2025-08-24T11:33:28.122+03:30 DEBUG 1188 --- [ChiDaram App] [           main] o.h.j.internal.PersistenceUnitUtilImpl   : jakarta.persistence.PersistenceUnitUtil.getIdentifier is only intended to work with enhanced entities (although Hibernate also adapts this support to its proxies); however the passed entity was not enhanced (nor a proxy).. may not be able to read identifier
2025-08-24T11:33:28.125+03:30 DEBUG 1188 --- [ChiDaram App] [           main] o.s.orm.jpa.JpaTransactionManager        : Initiating transaction commit
2025-08-24T11:33:28.132+03:30 DEBUG 1188 --- [ChiDaram App] [           main] o.s.orm.jpa.JpaTransactionManager        : Committing JPA transaction on EntityManager [SessionImpl(907135720<open>)]
2025-08-24T11:33:28.132+03:30 DEBUG 1188 --- [ChiDaram App] [           main] o.h.e.t.internal.TransactionImpl         : committing
2025-08-24T11:33:28.133+03:30 DEBUG 1188 --- [ChiDaram App] [           main] o.h.e.i.AbstractFlushingEventListener    : Processing flush-time cascades
2025-08-24T11:33:28.133+03:30 DEBUG 1188 --- [ChiDaram App] [           main] o.h.e.i.AbstractFlushingEventListener    : Dirty checking collections
2025-08-24T11:33:28.134+03:30 DEBUG 1188 --- [ChiDaram App] [           main] o.hibernate.engine.internal.Collections  : Collection dereferenced: [com.example.chi_daram.entity.User.roles#205]
2025-08-24T11:33:28.134+03:30 DEBUG 1188 --- [ChiDaram App] [           main] o.h.e.i.AbstractFlushingEventListener    : Flushed: 0 insertions, 0 updates, 1 deletions to 1 objects
2025-08-24T11:33:28.134+03:30 DEBUG 1188 --- [ChiDaram App] [           main] o.h.e.i.AbstractFlushingEventListener    : Flushed: 0 (re)creations, 0 updates, 1 removals to 1 collections
2025-08-24T11:33:28.134+03:30 DEBUG 1188 --- [ChiDaram App] [           main] o.hibernate.internal.util.EntityPrinter  : Listing entities:
2025-08-24T11:33:28.135+03:30 DEBUG 1188 --- [ChiDaram App] [           main] o.hibernate.internal.util.EntityPrinter  : com.example.chi_daram.entity.User{credentialsNonExpired=true, roles=[USER], otpCode=null, description=Desc, title=Integration Test User, enabled=true, otpGeneratedTime=null, password=$2a$10$tCNMj4YM69BYyhwMWDM.WOK7rpjAks9dMDaKwADhOWdLdizjZlG7C, phoneNumber=09121234567, otpEnabledForLogin=false, accountNonExpired=true, id=205, accountNonLocked=true, username=testuser_int}
2025-08-24T11:33:28.135+03:30 DEBUG 1188 --- [ChiDaram App] [           main] org.hibernate.orm.jdbc.mutation          : Deleting collection - com.example.chi_daram.entity.User.roles : 205
2025-08-24T11:33:28.136+03:30 DEBUG 1188 --- [ChiDaram App] [           main] org.hibernate.SQL                        : delete from user_roles where user_id=?
2025-08-24T11:33:28.139+03:30 DEBUG 1188 --- [ChiDaram App] [           main] org.hibernate.SQL                        : delete from "user_security" where id=?
2025-08-24T11:33:28.153+03:30 DEBUG 1188 --- [ChiDaram App] [           main] o.s.orm.jpa.JpaTransactionManager        : Closing JPA EntityManager [SessionImpl(907135720<open>)] after transaction
2025-08-24T11:33:28.180+03:30 DEBUG 1188 --- [ChiDaram App] [           main] o.s.orm.jpa.JpaTransactionManager        : Creating new transaction with name [com.example.chi_daram.service.impl.UserServiceImpl.registerNewUser]: PROPAGATION_REQUIRED,ISOLATION_DEFAULT
2025-08-24T11:33:28.181+03:30 DEBUG 1188 --- [ChiDaram App] [           main] o.s.orm.jpa.JpaTransactionManager        : Opened new EntityManager [SessionImpl(2139184106<open>)] for JPA transaction
2025-08-24T11:33:28.182+03:30 DEBUG 1188 --- [ChiDaram App] [           main] o.h.e.t.internal.TransactionImpl         : On TransactionImpl creation, JpaCompliance#isJpaTransactionComplianceEnabled == false
2025-08-24T11:33:28.182+03:30 DEBUG 1188 --- [ChiDaram App] [           main] o.h.e.t.internal.TransactionImpl         : begin
2025-08-24T11:33:28.183+03:30 DEBUG 1188 --- [ChiDaram App] [           main] o.s.orm.jpa.JpaTransactionManager        : Exposing JPA transaction as JDBC [org.springframework.orm.jpa.vendor.HibernateJpaDialect$HibernateConnectionHandle@4147ec80]
2025-08-24T11:33:28.185+03:30 DEBUG 1188 --- [ChiDaram App] [           main] org.hibernate.orm.sql.ast.create         : Created new SQL alias : u1_0
2025-08-24T11:33:28.186+03:30 DEBUG 1188 --- [ChiDaram App] [           main] org.hibernate.orm.sql.ast.create         : Registration of TableGroup [StandardTableGroup(com.example.chi_daram.entity.User(217224663531900))] with identifierForTableGroup [com.example.chi_daram.entity.User] for NavigablePath [com.example.chi_daram.entity.User] 
2025-08-24T11:33:28.187+03:30 DEBUG 1188 --- [ChiDaram App] [           main] o.h.q.sqm.sql.BaseSqmToSqlAstConverter   : Determining mapping-model type for SqmParameter : org.hibernate.query.sqm.tree.expression.SqmJpaCriteriaParameterWrapper@3adb51f2
2025-08-24T11:33:28.188+03:30 DEBUG 1188 --- [ChiDaram App] [           main] o.h.q.sqm.sql.BaseSqmToSqlAstConverter   : Determining mapping-model type for SqmPath : SqmBasicValuedSimplePath(com.example.chi_daram.entity.User(217224663531900).username) 
2025-08-24T11:33:28.189+03:30 DEBUG 1188 --- [ChiDaram App] [           main] org.hibernate.orm.results.graph.AST      : DomainResult Graph:
 \-EntityResultImpl [com.example.chi_daram.entity.User(217224663531900)]
 |  +-BasicFetch [com.example.chi_daram.entity.User(217224663531900).accountNonExpired]
 |  +-BasicFetch [com.example.chi_daram.entity.User(217224663531900).accountNonLocked]
 |  +-BasicFetch [com.example.chi_daram.entity.User(217224663531900).credentialsNonExpired]
 |  +-BasicFetch [com.example.chi_daram.entity.User(217224663531900).description]
 |  +-BasicFetch [com.example.chi_daram.entity.User(217224663531900).enabled]
 |  +-BasicFetch [com.example.chi_daram.entity.User(217224663531900).otpCode]
 |  +-BasicFetch [com.example.chi_daram.entity.User(217224663531900).otpEnabledForLogin]
 |  +-BasicFetch [com.example.chi_daram.entity.User(217224663531900).otpGeneratedTime]
 |  +-BasicFetch [com.example.chi_daram.entity.User(217224663531900).password]
 |  +-BasicFetch [com.example.chi_daram.entity.User(217224663531900).phoneNumber]
 |  +-SelectEagerCollectionFetch [com.example.chi_daram.entity.User(217224663531900).roles]
 |  +-BasicFetch [com.example.chi_daram.entity.User(217224663531900).title]
 |  \-BasicFetch [com.example.chi_daram.entity.User(217224663531900).username]

2025-08-24T11:33:28.189+03:30 DEBUG 1188 --- [ChiDaram App] [           main] org.hibernate.orm.sql.ast.tree           : SQL AST Tree:
    SelectStatement {
      FromClause {
        StandardTableGroup (u1 : com.example.chi_daram.entity.User(217224663531900)) {
          primaryTableReference : "user_security" as u1_0
        }
      }
    }

2025-08-24T11:33:28.190+03:30 DEBUG 1188 --- [ChiDaram App] [           main] org.hibernate.orm.sql.exec               : Skipping reading Query result cache data: cache-enabled = false, cache-mode = NORMAL
2025-08-24T11:33:28.191+03:30 DEBUG 1188 --- [ChiDaram App] [           main] org.hibernate.orm.results                : Initializer list:
	  com.example.chi_daram.entity.User(217224663531900).roles -> SelectEagerCollectionInitializer(com.example.chi_daram.entity.User(217224663531900).roles)@1483618785 (PluralAttribute(com.example.chi_daram.entity.User.roles))
	  com.example.chi_daram.entity.User(217224663531900) -> EntityResultInitializer(com.example.chi_daram.entity.User(217224663531900))@953858015 (SingleTableEntityPersister(com.example.chi_daram.entity.User))

2025-08-24T11:33:28.192+03:30 DEBUG 1188 --- [ChiDaram App] [           main] org.hibernate.SQL                        : select u1_0.id,u1_0.account_non_expired,u1_0.account_non_locked,u1_0.credentials_non_expired,u1_0.description,u1_0.enabled,u1_0.otp_code,u1_0.otp_enabled_for_login,u1_0.otp_generated_time,u1_0.password,u1_0.phone_number,u1_0.title,u1_0.username from "user_security" u1_0 where u1_0.username=?
2025-08-24T11:33:28.197+03:30 DEBUG 1188 --- [ChiDaram App] [           main] org.hibernate.orm.sql.ast.create         : Created new SQL alias : u1_0
2025-08-24T11:33:28.198+03:30 DEBUG 1188 --- [ChiDaram App] [           main] org.hibernate.orm.sql.ast.create         : Registration of TableGroup [StandardTableGroup(com.example.chi_daram.entity.User(217224674979900))] with identifierForTableGroup [com.example.chi_daram.entity.User] for NavigablePath [com.example.chi_daram.entity.User] 
2025-08-24T11:33:28.200+03:30 DEBUG 1188 --- [ChiDaram App] [           main] o.h.q.sqm.sql.BaseSqmToSqlAstConverter   : Determining mapping-model type for SqmParameter : org.hibernate.query.sqm.tree.expression.SqmJpaCriteriaParameterWrapper@287d5f50
2025-08-24T11:33:28.200+03:30 DEBUG 1188 --- [ChiDaram App] [           main] o.h.q.sqm.sql.BaseSqmToSqlAstConverter   : Determining mapping-model type for SqmPath : SqmBasicValuedSimplePath(com.example.chi_daram.entity.User(217224674979900).phoneNumber) 
2025-08-24T11:33:28.201+03:30 DEBUG 1188 --- [ChiDaram App] [           main] org.hibernate.orm.results.graph.AST      : DomainResult Graph:
 \-EntityResultImpl [com.example.chi_daram.entity.User(217224674979900)]
 |  +-BasicFetch [com.example.chi_daram.entity.User(217224674979900).accountNonExpired]
 |  +-BasicFetch [com.example.chi_daram.entity.User(217224674979900).accountNonLocked]
 |  +-BasicFetch [com.example.chi_daram.entity.User(217224674979900).credentialsNonExpired]
 |  +-BasicFetch [com.example.chi_daram.entity.User(217224674979900).description]
 |  +-BasicFetch [com.example.chi_daram.entity.User(217224674979900).enabled]
 |  +-BasicFetch [com.example.chi_daram.entity.User(217224674979900).otpCode]
 |  +-BasicFetch [com.example.chi_daram.entity.User(217224674979900).otpEnabledForLogin]
 |  +-BasicFetch [com.example.chi_daram.entity.User(217224674979900).otpGeneratedTime]
 |  +-BasicFetch [com.example.chi_daram.entity.User(217224674979900).password]
 |  +-BasicFetch [com.example.chi_daram.entity.User(217224674979900).phoneNumber]
 |  +-SelectEagerCollectionFetch [com.example.chi_daram.entity.User(217224674979900).roles]
 |  +-BasicFetch [com.example.chi_daram.entity.User(217224674979900).title]
 |  \-BasicFetch [com.example.chi_daram.entity.User(217224674979900).username]

2025-08-24T11:33:28.201+03:30 DEBUG 1188 --- [ChiDaram App] [           main] org.hibernate.orm.sql.ast.tree           : SQL AST Tree:
    SelectStatement {
      FromClause {
        StandardTableGroup (u1 : com.example.chi_daram.entity.User(217224674979900)) {
          primaryTableReference : "user_security" as u1_0
        }
      }
    }

2025-08-24T11:33:28.203+03:30 DEBUG 1188 --- [ChiDaram App] [           main] org.hibernate.orm.sql.exec               : Skipping reading Query result cache data: cache-enabled = false, cache-mode = NORMAL
2025-08-24T11:33:28.204+03:30 DEBUG 1188 --- [ChiDaram App] [           main] org.hibernate.orm.results                : Initializer list:
	  com.example.chi_daram.entity.User(217224674979900).roles -> SelectEagerCollectionInitializer(com.example.chi_daram.entity.User(217224674979900).roles)@242793962 (PluralAttribute(com.example.chi_daram.entity.User.roles))
	  com.example.chi_daram.entity.User(217224674979900) -> EntityResultInitializer(com.example.chi_daram.entity.User(217224674979900))@1279128746 (SingleTableEntityPersister(com.example.chi_daram.entity.User))

2025-08-24T11:33:28.204+03:30 DEBUG 1188 --- [ChiDaram App] [           main] org.hibernate.SQL                        : select u1_0.id,u1_0.account_non_expired,u1_0.account_non_locked,u1_0.credentials_non_expired,u1_0.description,u1_0.enabled,u1_0.otp_code,u1_0.otp_enabled_for_login,u1_0.otp_generated_time,u1_0.password,u1_0.phone_number,u1_0.title,u1_0.username from "user_security" u1_0 where u1_0.phone_number=?
2025-08-24T11:33:28.416+03:30 DEBUG 1188 --- [ChiDaram App] [           main] o.s.orm.jpa.JpaTransactionManager        : Found thread-bound EntityManager [SessionImpl(2139184106<open>)] for JPA transaction
2025-08-24T11:33:28.416+03:30 DEBUG 1188 --- [ChiDaram App] [           main] o.s.orm.jpa.JpaTransactionManager        : Participating in existing transaction
2025-08-24T11:33:28.416+03:30 DEBUG 1188 --- [ChiDaram App] [           main] o.h.j.internal.PersistenceUnitUtilImpl   : jakarta.persistence.PersistenceUnitUtil.getIdentifier is only intended to work with enhanced entities (although Hibernate also adapts this support to its proxies); however the passed entity was not enhanced (nor a proxy).. may not be able to read identifier
2025-08-24T11:33:28.417+03:30 DEBUG 1188 --- [ChiDaram App] [           main] org.hibernate.engine.spi.ActionQueue     : Executing identity-insert immediately
2025-08-24T11:33:28.426+03:30 DEBUG 1188 --- [ChiDaram App] [           main] org.hibernate.SQL                        : insert into "user_security" (account_non_expired,account_non_locked,credentials_non_expired,description,enabled,otp_code,otp_enabled_for_login,otp_generated_time,password,phone_number,title,username) values (?,?,?,?,?,?,?,?,?,?,?,?) returning id
2025-08-24T11:33:28.432+03:30 DEBUG 1188 --- [ChiDaram App] [           main] org.hibernate.orm.results                : Initializer list is empty
2025-08-24T11:33:28.433+03:30 DEBUG 1188 --- [ChiDaram App] [           main] org.hibernate.orm.results.loading        : Calling top-level assembler (0 / 1) : org.hibernate.sql.results.graph.basic.BasicResultAssembler@7787cbcd
2025-08-24T11:33:28.434+03:30 DEBUG 1188 --- [ChiDaram App] [           main] org.hibernate.orm.results                : Extracted JDBC value [0] - [206]
2025-08-24T11:33:28.434+03:30 DEBUG 1188 --- [ChiDaram App] [           main] o.h.id.IdentifierGeneratorHelper         : Extracted generated values [com.example.chi_daram.entity.User]: [Ljava.lang.Object;@82cd68d
2025-08-24T11:33:28.437+03:30 DEBUG 1188 --- [ChiDaram App] [           main] o.s.orm.jpa.JpaTransactionManager        : Initiating transaction commit
2025-08-24T11:33:28.437+03:30 DEBUG 1188 --- [ChiDaram App] [           main] o.s.orm.jpa.JpaTransactionManager        : Committing JPA transaction on EntityManager [SessionImpl(2139184106<open>)]
2025-08-24T11:33:28.437+03:30 DEBUG 1188 --- [ChiDaram App] [           main] o.h.e.t.internal.TransactionImpl         : committing
2025-08-24T11:33:28.437+03:30 DEBUG 1188 --- [ChiDaram App] [           main] o.h.e.i.AbstractFlushingEventListener    : Processing flush-time cascades
2025-08-24T11:33:28.438+03:30 DEBUG 1188 --- [ChiDaram App] [           main] o.h.e.i.AbstractFlushingEventListener    : Dirty checking collections
2025-08-24T11:33:28.438+03:30 DEBUG 1188 --- [ChiDaram App] [           main] o.hibernate.engine.internal.Collections  : Collection found: [com.example.chi_daram.entity.User.roles#206], was: [<unreferenced>] (initialized)
2025-08-24T11:33:28.439+03:30 DEBUG 1188 --- [ChiDaram App] [           main] o.h.e.i.AbstractFlushingEventListener    : Flushed: 0 insertions, 0 updates, 0 deletions to 1 objects
2025-08-24T11:33:28.439+03:30 DEBUG 1188 --- [ChiDaram App] [           main] o.h.e.i.AbstractFlushingEventListener    : Flushed: 1 (re)creations, 0 updates, 0 removals to 1 collections
2025-08-24T11:33:28.439+03:30 DEBUG 1188 --- [ChiDaram App] [           main] o.hibernate.internal.util.EntityPrinter  : Listing entities:
2025-08-24T11:33:28.440+03:30 DEBUG 1188 --- [ChiDaram App] [           main] o.hibernate.internal.util.EntityPrinter  : com.example.chi_daram.entity.User{credentialsNonExpired=true, roles=[USER], otpCode=null, description=Desc, title=Integration Test User, enabled=true, otpGeneratedTime=null, password=$2a$10$W5/mfAPiSTgue9MY7Zwfq.JT7TGLbx6wvdtVofih1Ammj49k7FoZm, phoneNumber=09121234567, otpEnabledForLogin=false, accountNonExpired=true, id=206, accountNonLocked=true, username=testuser_int}
2025-08-24T11:33:28.440+03:30 DEBUG 1188 --- [ChiDaram App] [           main] org.hibernate.orm.jdbc.mutation          : Inserting collection rows - com.example.chi_daram.entity.User.roles : 206
2025-08-24T11:33:28.440+03:30 DEBUG 1188 --- [ChiDaram App] [           main] org.hibernate.SQL                        : insert into user_roles (user_id,role) values (?,?)
2025-08-24T11:33:28.443+03:30 DEBUG 1188 --- [ChiDaram App] [           main] org.hibernate.orm.jdbc.mutation          : Done inserting `1` collection rows : com.example.chi_daram.entity.User.roles
2025-08-24T11:33:28.449+03:30 DEBUG 1188 --- [ChiDaram App] [           main] o.s.orm.jpa.JpaTransactionManager        : Closing JPA EntityManager [SessionImpl(2139184106<open>)] after transaction
2025-08-24T11:33:28.482+03:30 DEBUG 1188 --- [ChiDaram App] [           main] tor$SharedEntityManagerInvocationHandler : Creating new EntityManager for shared EntityManager invocation
2025-08-24T11:33:28.485+03:30 DEBUG 1188 --- [ChiDaram App] [           main] org.hibernate.orm.sql.ast.create         : Created new SQL alias : u1_0
2025-08-24T11:33:28.486+03:30 DEBUG 1188 --- [ChiDaram App] [           main] org.hibernate.orm.sql.ast.create         : Registration of TableGroup [StandardTableGroup(com.example.chi_daram.entity.User(217224663531900))] with identifierForTableGroup [com.example.chi_daram.entity.User] for NavigablePath [com.example.chi_daram.entity.User] 
2025-08-24T11:33:28.486+03:30 DEBUG 1188 --- [ChiDaram App] [           main] o.h.q.sqm.sql.BaseSqmToSqlAstConverter   : Determining mapping-model type for SqmParameter : org.hibernate.query.sqm.tree.expression.SqmJpaCriteriaParameterWrapper@4497e084
2025-08-24T11:33:28.487+03:30 DEBUG 1188 --- [ChiDaram App] [           main] o.h.q.sqm.sql.BaseSqmToSqlAstConverter   : Determining mapping-model type for SqmPath : SqmBasicValuedSimplePath(com.example.chi_daram.entity.User(217224663531900).username) 
2025-08-24T11:33:28.494+03:30 DEBUG 1188 --- [ChiDaram App] [           main] org.hibernate.orm.results.graph.AST      : DomainResult Graph:
 \-EntityResultImpl [com.example.chi_daram.entity.User(217224663531900)]
 |  +-BasicFetch [com.example.chi_daram.entity.User(217224663531900).accountNonExpired]
 |  +-BasicFetch [com.example.chi_daram.entity.User(217224663531900).accountNonLocked]
 |  +-BasicFetch [com.example.chi_daram.entity.User(217224663531900).credentialsNonExpired]
 |  +-BasicFetch [com.example.chi_daram.entity.User(217224663531900).description]
 |  +-BasicFetch [com.example.chi_daram.entity.User(217224663531900).enabled]
 |  +-BasicFetch [com.example.chi_daram.entity.User(217224663531900).otpCode]
 |  +-BasicFetch [com.example.chi_daram.entity.User(217224663531900).otpEnabledForLogin]
 |  +-BasicFetch [com.example.chi_daram.entity.User(217224663531900).otpGeneratedTime]
 |  +-BasicFetch [com.example.chi_daram.entity.User(217224663531900).password]
 |  +-BasicFetch [com.example.chi_daram.entity.User(217224663531900).phoneNumber]
 |  +-SelectEagerCollectionFetch [com.example.chi_daram.entity.User(217224663531900).roles]
 |  +-BasicFetch [com.example.chi_daram.entity.User(217224663531900).title]
 |  \-BasicFetch [com.example.chi_daram.entity.User(217224663531900).username]

2025-08-24T11:33:28.494+03:30 DEBUG 1188 --- [ChiDaram App] [           main] org.hibernate.orm.sql.ast.tree           : SQL AST Tree:
    SelectStatement {
      FromClause {
        StandardTableGroup (u1 : com.example.chi_daram.entity.User(217224663531900)) {
          primaryTableReference : "user_security" as u1_0
        }
      }
    }

2025-08-24T11:33:28.495+03:30 DEBUG 1188 --- [ChiDaram App] [           main] org.hibernate.orm.sql.exec               : Skipping reading Query result cache data: cache-enabled = false, cache-mode = NORMAL
2025-08-24T11:33:28.496+03:30 DEBUG 1188 --- [ChiDaram App] [           main] org.hibernate.orm.results                : Initializer list:
	  com.example.chi_daram.entity.User(217224663531900).roles -> SelectEagerCollectionInitializer(com.example.chi_daram.entity.User(217224663531900).roles)@609538055 (PluralAttribute(com.example.chi_daram.entity.User.roles))
	  com.example.chi_daram.entity.User(217224663531900) -> EntityResultInitializer(com.example.chi_daram.entity.User(217224663531900))@1597806537 (SingleTableEntityPersister(com.example.chi_daram.entity.User))

2025-08-24T11:33:28.497+03:30 DEBUG 1188 --- [ChiDaram App] [           main] org.hibernate.SQL                        : select u1_0.id,u1_0.account_non_expired,u1_0.account_non_locked,u1_0.credentials_non_expired,u1_0.description,u1_0.enabled,u1_0.otp_code,u1_0.otp_enabled_for_login,u1_0.otp_generated_time,u1_0.password,u1_0.phone_number,u1_0.title,u1_0.username from "user_security" u1_0 where u1_0.username=?
2025-08-24T11:33:28.500+03:30 DEBUG 1188 --- [ChiDaram App] [           main] org.hibernate.orm.results                : Extracted JDBC value [0] - [206]
2025-08-24T11:33:28.501+03:30 DEBUG 1188 --- [ChiDaram App] [           main] o.hibernate.orm.results.loading.entity   : (EntityResultInitializer) Hydrated EntityKey (com.example.chi_daram.entity.User(217224663531900)): 206
2025-08-24T11:33:28.501+03:30 DEBUG 1188 --- [ChiDaram App] [           main] o.h.o.r.l.o.h.o.r.loading.collection     : (SelectEagerCollectionInitializer) Current row collection key : com.example.chi_daram.entity.User(217224663531900).roles#206
2025-08-24T11:33:28.501+03:30 DEBUG 1188 --- [ChiDaram App] [           main] o.hibernate.orm.results.loading.entity   : (EntityResultInitializer) Created new entity instance [com.example.chi_daram.entity.User(217224663531900)#206] : 1627870601
2025-08-24T11:33:28.501+03:30 DEBUG 1188 --- [ChiDaram App] [           main] org.hibernate.orm.results                : Extracted JDBC value [1] - [true]
2025-08-24T11:33:28.501+03:30 DEBUG 1188 --- [ChiDaram App] [           main] org.hibernate.orm.results                : Extracted JDBC value [2] - [true]
2025-08-24T11:33:28.501+03:30 DEBUG 1188 --- [ChiDaram App] [           main] org.hibernate.orm.results                : Extracted JDBC value [3] - [true]
2025-08-24T11:33:28.501+03:30 DEBUG 1188 --- [ChiDaram App] [           main] org.hibernate.orm.results                : Extracted JDBC value [4] - [Desc]
2025-08-24T11:33:28.501+03:30 DEBUG 1188 --- [ChiDaram App] [           main] org.hibernate.orm.results                : Extracted JDBC value [5] - [true]
2025-08-24T11:33:28.502+03:30 DEBUG 1188 --- [ChiDaram App] [           main] org.hibernate.orm.results                : Extracted JDBC value [6] - [null]
2025-08-24T11:33:28.502+03:30 DEBUG 1188 --- [ChiDaram App] [           main] org.hibernate.orm.results                : Extracted JDBC value [7] - [false]
2025-08-24T11:33:28.503+03:30 DEBUG 1188 --- [ChiDaram App] [           main] org.hibernate.orm.results                : Extracted JDBC value [8] - [null]
2025-08-24T11:33:28.503+03:30 DEBUG 1188 --- [ChiDaram App] [           main] org.hibernate.orm.results                : Extracted JDBC value [9] - [$2a$10$W5/mfAPiSTgue9MY7Zwfq.JT7TGLbx6wvdtVofih1Ammj49k7FoZm]
2025-08-24T11:33:28.504+03:30 DEBUG 1188 --- [ChiDaram App] [           main] org.hibernate.orm.results                : Extracted JDBC value [10] - [09121234567]
2025-08-24T11:33:28.504+03:30 DEBUG 1188 --- [ChiDaram App] [           main] org.hibernate.orm.results                : Extracted JDBC value [11] - [Integration Test User]
2025-08-24T11:33:28.504+03:30 DEBUG 1188 --- [ChiDaram App] [           main] org.hibernate.orm.results                : Extracted JDBC value [12] - [testuser_int]
2025-08-24T11:33:28.505+03:30 DEBUG 1188 --- [ChiDaram App] [           main] o.hibernate.orm.results.loading.entity   : (EntityResultInitializer) Done materializing entityInstance : com.example.chi_daram.entity.User(217224663531900)#206
2025-08-24T11:33:28.505+03:30 DEBUG 1188 --- [ChiDaram App] [           main] org.hibernate.orm.results.loading        : Calling top-level assembler (0 / 1) : org.hibernate.sql.results.graph.entity.internal.EntityAssembler@ffbdb79
2025-08-24T11:33:28.506+03:30 DEBUG 1188 --- [ChiDaram App] [           main] org.hibernate.orm.sql.exec               : Skipping reading Query result cache data: cache-enabled = false, cache-mode = IGNORE
2025-08-24T11:33:28.506+03:30 DEBUG 1188 --- [ChiDaram App] [           main] org.hibernate.orm.results                : Initializer list:
	  com.example.chi_daram.entity.User.roles -> SetInitializer(com.example.chi_daram.entity.User.roles)@1743402511 (PluralAttribute(com.example.chi_daram.entity.User.roles))

2025-08-24T11:33:28.507+03:30 DEBUG 1188 --- [ChiDaram App] [           main] org.hibernate.SQL                        : select r1_0.user_id,r1_0.role from user_roles r1_0 where r1_0.user_id=?
2025-08-24T11:33:28.542+03:30 DEBUG 1188 --- [ChiDaram App] [           main] org.hibernate.orm.results                : Extracted JDBC value [0] - [206]
2025-08-24T11:33:28.543+03:30 DEBUG 1188 --- [ChiDaram App] [           main] o.h.o.r.l.o.h.o.r.loading.collection     : (SetInitializer) Current row collection key : com.example.chi_daram.entity.User.roles#206
2025-08-24T11:33:28.543+03:30 DEBUG 1188 --- [ChiDaram App] [           main] o.h.o.r.l.o.h.o.r.loading.collection     : (SetInitializer) Responsible for loading collection [com.example.chi_daram.entity.User.roles#206] : org.hibernate.collection.spi.PersistentSet@1514017983
2025-08-24T11:33:28.543+03:30 DEBUG 1188 --- [ChiDaram App] [           main] o.h.o.r.l.o.h.o.r.loading.collection     : (SetInitializer) Reading element from row for collection [com.example.chi_daram.entity.User.roles#206] -> org.hibernate.collection.spi.PersistentSet@1514017983
2025-08-24T11:33:28.543+03:30 DEBUG 1188 --- [ChiDaram App] [           main] org.hibernate.orm.results                : Extracted JDBC value [1] - [USER]
2025-08-24T11:33:28.543+03:30 DEBUG 1188 --- [ChiDaram App] [           main] org.hibernate.orm.results.loading        : Calling top-level assembler (0 / 1) : org.hibernate.sql.results.graph.collection.internal.CollectionAssembler@475add19
2025-08-24T11:33:28.544+03:30 DEBUG 1188 --- [ChiDaram App] [           main] o.h.sql.results.internal.ResultsHelper   : Collection fully initialized: [com.example.chi_daram.entity.User.roles#206]
2025-08-24T11:33:28.776+03:30 DEBUG 1188 --- [ChiDaram App] [           main] o.s.orm.jpa.JpaTransactionManager        : Creating new transaction with name [com.example.chi_daram.service.impl.UserServiceImpl.getUserByUsername]: PROPAGATION_REQUIRED,ISOLATION_DEFAULT,readOnly
2025-08-24T11:33:28.777+03:30 DEBUG 1188 --- [ChiDaram App] [           main] o.s.orm.jpa.JpaTransactionManager        : Opened new EntityManager [SessionImpl(1899418035<open>)] for JPA transaction
2025-08-24T11:33:28.777+03:30 DEBUG 1188 --- [ChiDaram App] [           main] o.h.e.t.internal.TransactionImpl         : On TransactionImpl creation, JpaCompliance#isJpaTransactionComplianceEnabled == false
2025-08-24T11:33:28.777+03:30 DEBUG 1188 --- [ChiDaram App] [           main] o.h.e.t.internal.TransactionImpl         : begin
2025-08-24T11:33:28.777+03:30 DEBUG 1188 --- [ChiDaram App] [           main] o.s.orm.jpa.JpaTransactionManager        : Exposing JPA transaction as JDBC [org.springframework.orm.jpa.vendor.HibernateJpaDialect$HibernateConnectionHandle@19a78a4f]
2025-08-24T11:33:28.779+03:30 DEBUG 1188 --- [ChiDaram App] [           main] org.hibernate.orm.sql.ast.create         : Created new SQL alias : u1_0
2025-08-24T11:33:28.780+03:30 DEBUG 1188 --- [ChiDaram App] [           main] org.hibernate.orm.sql.ast.create         : Registration of TableGroup [StandardTableGroup(com.example.chi_daram.entity.User(217224663531900))] with identifierForTableGroup [com.example.chi_daram.entity.User] for NavigablePath [com.example.chi_daram.entity.User] 
2025-08-24T11:33:28.781+03:30 DEBUG 1188 --- [ChiDaram App] [           main] o.h.q.sqm.sql.BaseSqmToSqlAstConverter   : Determining mapping-model type for SqmParameter : org.hibernate.query.sqm.tree.expression.SqmJpaCriteriaParameterWrapper@50208b01
2025-08-24T11:33:28.781+03:30 DEBUG 1188 --- [ChiDaram App] [           main] o.h.q.sqm.sql.BaseSqmToSqlAstConverter   : Determining mapping-model type for SqmPath : SqmBasicValuedSimplePath(com.example.chi_daram.entity.User(217224663531900).username) 
2025-08-24T11:33:28.782+03:30 DEBUG 1188 --- [ChiDaram App] [           main] org.hibernate.orm.results.graph.AST      : DomainResult Graph:
 \-EntityResultImpl [com.example.chi_daram.entity.User(217224663531900)]
 |  +-BasicFetch [com.example.chi_daram.entity.User(217224663531900).accountNonExpired]
 |  +-BasicFetch [com.example.chi_daram.entity.User(217224663531900).accountNonLocked]
 |  +-BasicFetch [com.example.chi_daram.entity.User(217224663531900).credentialsNonExpired]
 |  +-BasicFetch [com.example.chi_daram.entity.User(217224663531900).description]
 |  +-BasicFetch [com.example.chi_daram.entity.User(217224663531900).enabled]
 |  +-BasicFetch [com.example.chi_daram.entity.User(217224663531900).otpCode]
 |  +-BasicFetch [com.example.chi_daram.entity.User(217224663531900).otpEnabledForLogin]
 |  +-BasicFetch [com.example.chi_daram.entity.User(217224663531900).otpGeneratedTime]
 |  +-BasicFetch [com.example.chi_daram.entity.User(217224663531900).password]
 |  +-BasicFetch [com.example.chi_daram.entity.User(217224663531900).phoneNumber]
 |  +-SelectEagerCollectionFetch [com.example.chi_daram.entity.User(217224663531900).roles]
 |  +-BasicFetch [com.example.chi_daram.entity.User(217224663531900).title]
 |  \-BasicFetch [com.example.chi_daram.entity.User(217224663531900).username]

2025-08-24T11:33:28.783+03:30 DEBUG 1188 --- [ChiDaram App] [           main] org.hibernate.orm.sql.ast.tree           : SQL AST Tree:
    SelectStatement {
      FromClause {
        StandardTableGroup (u1 : com.example.chi_daram.entity.User(217224663531900)) {
          primaryTableReference : "user_security" as u1_0
        }
      }
    }

2025-08-24T11:33:28.783+03:30 DEBUG 1188 --- [ChiDaram App] [           main] org.hibernate.orm.sql.exec               : Skipping reading Query result cache data: cache-enabled = false, cache-mode = NORMAL
2025-08-24T11:33:28.784+03:30 DEBUG 1188 --- [ChiDaram App] [           main] org.hibernate.orm.results                : Initializer list:
	  com.example.chi_daram.entity.User(217224663531900).roles -> SelectEagerCollectionInitializer(com.example.chi_daram.entity.User(217224663531900).roles)@590334897 (PluralAttribute(com.example.chi_daram.entity.User.roles))
	  com.example.chi_daram.entity.User(217224663531900) -> EntityResultInitializer(com.example.chi_daram.entity.User(217224663531900))@2005087318 (SingleTableEntityPersister(com.example.chi_daram.entity.User))

2025-08-24T11:33:28.784+03:30 DEBUG 1188 --- [ChiDaram App] [           main] org.hibernate.SQL                        : select u1_0.id,u1_0.account_non_expired,u1_0.account_non_locked,u1_0.credentials_non_expired,u1_0.description,u1_0.enabled,u1_0.otp_code,u1_0.otp_enabled_for_login,u1_0.otp_generated_time,u1_0.password,u1_0.phone_number,u1_0.title,u1_0.username from "user_security" u1_0 where u1_0.username=?
2025-08-24T11:33:28.788+03:30 DEBUG 1188 --- [ChiDaram App] [           main] org.hibernate.orm.results                : Extracted JDBC value [0] - [206]
2025-08-24T11:33:28.788+03:30 DEBUG 1188 --- [ChiDaram App] [           main] o.hibernate.orm.results.loading.entity   : (EntityResultInitializer) Hydrated EntityKey (com.example.chi_daram.entity.User(217224663531900)): 206
2025-08-24T11:33:28.789+03:30 DEBUG 1188 --- [ChiDaram App] [           main] o.h.o.r.l.o.h.o.r.loading.collection     : (SelectEagerCollectionInitializer) Current row collection key : com.example.chi_daram.entity.User(217224663531900).roles#206
2025-08-24T11:33:28.789+03:30 DEBUG 1188 --- [ChiDaram App] [           main] o.hibernate.orm.results.loading.entity   : (EntityResultInitializer) Created new entity instance [com.example.chi_daram.entity.User(217224663531900)#206] : 1684644030
2025-08-24T11:33:28.789+03:30 DEBUG 1188 --- [ChiDaram App] [           main] org.hibernate.orm.results                : Extracted JDBC value [1] - [true]
2025-08-24T11:33:28.790+03:30 DEBUG 1188 --- [ChiDaram App] [           main] org.hibernate.orm.results                : Extracted JDBC value [2] - [true]
2025-08-24T11:33:28.790+03:30 DEBUG 1188 --- [ChiDaram App] [           main] org.hibernate.orm.results                : Extracted JDBC value [3] - [true]
2025-08-24T11:33:28.790+03:30 DEBUG 1188 --- [ChiDaram App] [           main] org.hibernate.orm.results                : Extracted JDBC value [4] - [Desc]
2025-08-24T11:33:28.790+03:30 DEBUG 1188 --- [ChiDaram App] [           main] org.hibernate.orm.results                : Extracted JDBC value [5] - [true]
2025-08-24T11:33:28.790+03:30 DEBUG 1188 --- [ChiDaram App] [           main] org.hibernate.orm.results                : Extracted JDBC value [6] - [null]
2025-08-24T11:33:28.790+03:30 DEBUG 1188 --- [ChiDaram App] [           main] org.hibernate.orm.results                : Extracted JDBC value [7] - [false]
2025-08-24T11:33:28.790+03:30 DEBUG 1188 --- [ChiDaram App] [           main] org.hibernate.orm.results                : Extracted JDBC value [8] - [null]
2025-08-24T11:33:28.790+03:30 DEBUG 1188 --- [ChiDaram App] [           main] org.hibernate.orm.results                : Extracted JDBC value [9] - [$2a$10$W5/mfAPiSTgue9MY7Zwfq.JT7TGLbx6wvdtVofih1Ammj49k7FoZm]
2025-08-24T11:33:28.790+03:30 DEBUG 1188 --- [ChiDaram App] [           main] org.hibernate.orm.results                : Extracted JDBC value [10] - [09121234567]
2025-08-24T11:33:28.791+03:30 DEBUG 1188 --- [ChiDaram App] [           main] org.hibernate.orm.results                : Extracted JDBC value [11] - [Integration Test User]
2025-08-24T11:33:28.791+03:30 DEBUG 1188 --- [ChiDaram App] [           main] org.hibernate.orm.results                : Extracted JDBC value [12] - [testuser_int]
2025-08-24T11:33:28.791+03:30 DEBUG 1188 --- [ChiDaram App] [           main] o.hibernate.orm.results.loading.entity   : (EntityResultInitializer) Done materializing entityInstance : com.example.chi_daram.entity.User(217224663531900)#206
2025-08-24T11:33:28.791+03:30 DEBUG 1188 --- [ChiDaram App] [           main] org.hibernate.orm.results.loading        : Calling top-level assembler (0 / 1) : org.hibernate.sql.results.graph.entity.internal.EntityAssembler@163d83db
2025-08-24T11:33:28.792+03:30 DEBUG 1188 --- [ChiDaram App] [           main] org.hibernate.orm.sql.exec               : Skipping reading Query result cache data: cache-enabled = false, cache-mode = IGNORE
2025-08-24T11:33:28.792+03:30 DEBUG 1188 --- [ChiDaram App] [           main] org.hibernate.orm.results                : Initializer list:
	  com.example.chi_daram.entity.User.roles -> SetInitializer(com.example.chi_daram.entity.User.roles)@746640096 (PluralAttribute(com.example.chi_daram.entity.User.roles))

2025-08-24T11:33:28.792+03:30 DEBUG 1188 --- [ChiDaram App] [           main] org.hibernate.SQL                        : select r1_0.user_id,r1_0.role from user_roles r1_0 where r1_0.user_id=?
2025-08-24T11:33:28.795+03:30 DEBUG 1188 --- [ChiDaram App] [           main] org.hibernate.orm.results                : Extracted JDBC value [0] - [206]
2025-08-24T11:33:28.795+03:30 DEBUG 1188 --- [ChiDaram App] [           main] o.h.o.r.l.o.h.o.r.loading.collection     : (SetInitializer) Current row collection key : com.example.chi_daram.entity.User.roles#206
2025-08-24T11:33:28.795+03:30 DEBUG 1188 --- [ChiDaram App] [           main] o.h.o.r.l.o.h.o.r.loading.collection     : (SetInitializer) Responsible for loading collection [com.example.chi_daram.entity.User.roles#206] : org.hibernate.collection.spi.PersistentSet@139658509
2025-08-24T11:33:28.795+03:30 DEBUG 1188 --- [ChiDaram App] [           main] o.h.o.r.l.o.h.o.r.loading.collection     : (SetInitializer) Reading element from row for collection [com.example.chi_daram.entity.User.roles#206] -> org.hibernate.collection.spi.PersistentSet@139658509
2025-08-24T11:33:28.795+03:30 DEBUG 1188 --- [ChiDaram App] [           main] org.hibernate.orm.results                : Extracted JDBC value [1] - [USER]
2025-08-24T11:33:28.796+03:30 DEBUG 1188 --- [ChiDaram App] [           main] org.hibernate.orm.results.loading        : Calling top-level assembler (0 / 1) : org.hibernate.sql.results.graph.collection.internal.CollectionAssembler@6f779773
2025-08-24T11:33:28.796+03:30 DEBUG 1188 --- [ChiDaram App] [           main] o.h.sql.results.internal.ResultsHelper   : Collection fully initialized: [com.example.chi_daram.entity.User.roles#206]
2025-08-24T11:33:28.796+03:30 DEBUG 1188 --- [ChiDaram App] [           main] o.s.orm.jpa.JpaTransactionManager        : Initiating transaction commit
2025-08-24T11:33:28.797+03:30 DEBUG 1188 --- [ChiDaram App] [           main] o.s.orm.jpa.JpaTransactionManager        : Committing JPA transaction on EntityManager [SessionImpl(1899418035<open>)]
2025-08-24T11:33:28.797+03:30 DEBUG 1188 --- [ChiDaram App] [           main] o.h.e.t.internal.TransactionImpl         : committing
2025-08-24T11:33:28.798+03:30 DEBUG 1188 --- [ChiDaram App] [           main] o.s.orm.jpa.JpaTransactionManager        : Closing JPA EntityManager [SessionImpl(1899418035<open>)] after transaction
2025-08-24T11:33:28.821+03:30 DEBUG 1188 --- [ChiDaram App] [           main] tor$SharedEntityManagerInvocationHandler : Creating new EntityManager for shared EntityManager invocation
2025-08-24T11:33:28.822+03:30 DEBUG 1188 --- [ChiDaram App] [           main] org.hibernate.orm.sql.ast.create         : Created new SQL alias : u1_0
2025-08-24T11:33:28.823+03:30 DEBUG 1188 --- [ChiDaram App] [           main] org.hibernate.orm.sql.ast.create         : Registration of TableGroup [StandardTableGroup(com.example.chi_daram.entity.User(217224663531900))] with identifierForTableGroup [com.example.chi_daram.entity.User] for NavigablePath [com.example.chi_daram.entity.User] 
2025-08-24T11:33:28.824+03:30 DEBUG 1188 --- [ChiDaram App] [           main] o.h.q.sqm.sql.BaseSqmToSqlAstConverter   : Determining mapping-model type for SqmParameter : org.hibernate.query.sqm.tree.expression.SqmJpaCriteriaParameterWrapper@68141982
2025-08-24T11:33:28.824+03:30 DEBUG 1188 --- [ChiDaram App] [           main] o.h.q.sqm.sql.BaseSqmToSqlAstConverter   : Determining mapping-model type for SqmPath : SqmBasicValuedSimplePath(com.example.chi_daram.entity.User(217224663531900).username) 
2025-08-24T11:33:28.825+03:30 DEBUG 1188 --- [ChiDaram App] [           main] org.hibernate.orm.results.graph.AST      : DomainResult Graph:
 \-EntityResultImpl [com.example.chi_daram.entity.User(217224663531900)]
 |  +-BasicFetch [com.example.chi_daram.entity.User(217224663531900).accountNonExpired]
 |  +-BasicFetch [com.example.chi_daram.entity.User(217224663531900).accountNonLocked]
 |  +-BasicFetch [com.example.chi_daram.entity.User(217224663531900).credentialsNonExpired]
 |  +-BasicFetch [com.example.chi_daram.entity.User(217224663531900).description]
 |  +-BasicFetch [com.example.chi_daram.entity.User(217224663531900).enabled]
 |  +-BasicFetch [com.example.chi_daram.entity.User(217224663531900).otpCode]
 |  +-BasicFetch [com.example.chi_daram.entity.User(217224663531900).otpEnabledForLogin]
 |  +-BasicFetch [com.example.chi_daram.entity.User(217224663531900).otpGeneratedTime]
 |  +-BasicFetch [com.example.chi_daram.entity.User(217224663531900).password]
 |  +-BasicFetch [com.example.chi_daram.entity.User(217224663531900).phoneNumber]
 |  +-SelectEagerCollectionFetch [com.example.chi_daram.entity.User(217224663531900).roles]
 |  +-BasicFetch [com.example.chi_daram.entity.User(217224663531900).title]
 |  \-BasicFetch [com.example.chi_daram.entity.User(217224663531900).username]

2025-08-24T11:33:28.825+03:30 DEBUG 1188 --- [ChiDaram App] [           main] org.hibernate.orm.sql.ast.tree           : SQL AST Tree:
    SelectStatement {
      FromClause {
        StandardTableGroup (u1 : com.example.chi_daram.entity.User(217224663531900)) {
          primaryTableReference : "user_security" as u1_0
        }
      }
    }

2025-08-24T11:33:28.826+03:30 DEBUG 1188 --- [ChiDaram App] [           main] org.hibernate.orm.sql.exec               : Skipping reading Query result cache data: cache-enabled = false, cache-mode = NORMAL
2025-08-24T11:33:28.827+03:30 DEBUG 1188 --- [ChiDaram App] [           main] org.hibernate.orm.results                : Initializer list:
	  com.example.chi_daram.entity.User(217224663531900).roles -> SelectEagerCollectionInitializer(com.example.chi_daram.entity.User(217224663531900).roles)@207508373 (PluralAttribute(com.example.chi_daram.entity.User.roles))
	  com.example.chi_daram.entity.User(217224663531900) -> EntityResultInitializer(com.example.chi_daram.entity.User(217224663531900))@1154384789 (SingleTableEntityPersister(com.example.chi_daram.entity.User))

2025-08-24T11:33:28.827+03:30 DEBUG 1188 --- [ChiDaram App] [           main] org.hibernate.SQL                        : select u1_0.id,u1_0.account_non_expired,u1_0.account_non_locked,u1_0.credentials_non_expired,u1_0.description,u1_0.enabled,u1_0.otp_code,u1_0.otp_enabled_for_login,u1_0.otp_generated_time,u1_0.password,u1_0.phone_number,u1_0.title,u1_0.username from "user_security" u1_0 where u1_0.username=?
2025-08-24T11:33:28.828+03:30 DEBUG 1188 --- [ChiDaram App] [           main] org.hibernate.orm.results                : Extracted JDBC value [0] - [206]
2025-08-24T11:33:28.829+03:30 DEBUG 1188 --- [ChiDaram App] [           main] o.hibernate.orm.results.loading.entity   : (EntityResultInitializer) Hydrated EntityKey (com.example.chi_daram.entity.User(217224663531900)): 206
2025-08-24T11:33:28.830+03:30 DEBUG 1188 --- [ChiDaram App] [           main] o.h.o.r.l.o.h.o.r.loading.collection     : (SelectEagerCollectionInitializer) Current row collection key : com.example.chi_daram.entity.User(217224663531900).roles#206
2025-08-24T11:33:28.830+03:30 DEBUG 1188 --- [ChiDaram App] [           main] o.hibernate.orm.results.loading.entity   : (EntityResultInitializer) Created new entity instance [com.example.chi_daram.entity.User(217224663531900)#206] : 2061186696
2025-08-24T11:33:28.830+03:30 DEBUG 1188 --- [ChiDaram App] [           main] org.hibernate.orm.results                : Extracted JDBC value [1] - [true]
2025-08-24T11:33:28.830+03:30 DEBUG 1188 --- [ChiDaram App] [           main] org.hibernate.orm.results                : Extracted JDBC value [2] - [true]
2025-08-24T11:33:28.830+03:30 DEBUG 1188 --- [ChiDaram App] [           main] org.hibernate.orm.results                : Extracted JDBC value [3] - [true]
2025-08-24T11:33:28.830+03:30 DEBUG 1188 --- [ChiDaram App] [           main] org.hibernate.orm.results                : Extracted JDBC value [4] - [Desc]
2025-08-24T11:33:28.830+03:30 DEBUG 1188 --- [ChiDaram App] [           main] org.hibernate.orm.results                : Extracted JDBC value [5] - [true]
2025-08-24T11:33:28.830+03:30 DEBUG 1188 --- [ChiDaram App] [           main] org.hibernate.orm.results                : Extracted JDBC value [6] - [null]
2025-08-24T11:33:28.831+03:30 DEBUG 1188 --- [ChiDaram App] [           main] org.hibernate.orm.results                : Extracted JDBC value [7] - [false]
2025-08-24T11:33:28.831+03:30 DEBUG 1188 --- [ChiDaram App] [           main] org.hibernate.orm.results                : Extracted JDBC value [8] - [null]
2025-08-24T11:33:28.831+03:30 DEBUG 1188 --- [ChiDaram App] [           main] org.hibernate.orm.results                : Extracted JDBC value [9] - [$2a$10$W5/mfAPiSTgue9MY7Zwfq.JT7TGLbx6wvdtVofih1Ammj49k7FoZm]
2025-08-24T11:33:28.831+03:30 DEBUG 1188 --- [ChiDaram App] [           main] org.hibernate.orm.results                : Extracted JDBC value [10] - [09121234567]
2025-08-24T11:33:28.831+03:30 DEBUG 1188 --- [ChiDaram App] [           main] org.hibernate.orm.results                : Extracted JDBC value [11] - [Integration Test User]
2025-08-24T11:33:28.831+03:30 DEBUG 1188 --- [ChiDaram App] [           main] org.hibernate.orm.results                : Extracted JDBC value [12] - [testuser_int]
2025-08-24T11:33:28.831+03:30 DEBUG 1188 --- [ChiDaram App] [           main] o.hibernate.orm.results.loading.entity   : (EntityResultInitializer) Done materializing entityInstance : com.example.chi_daram.entity.User(217224663531900)#206
2025-08-24T11:33:28.832+03:30 DEBUG 1188 --- [ChiDaram App] [           main] org.hibernate.orm.results.loading        : Calling top-level assembler (0 / 1) : org.hibernate.sql.results.graph.entity.internal.EntityAssembler@31bf5580
2025-08-24T11:33:28.832+03:30 DEBUG 1188 --- [ChiDaram App] [           main] org.hibernate.orm.sql.exec               : Skipping reading Query result cache data: cache-enabled = false, cache-mode = IGNORE
2025-08-24T11:33:28.833+03:30 DEBUG 1188 --- [ChiDaram App] [           main] org.hibernate.orm.results                : Initializer list:
	  com.example.chi_daram.entity.User.roles -> SetInitializer(com.example.chi_daram.entity.User.roles)@220139538 (PluralAttribute(com.example.chi_daram.entity.User.roles))

2025-08-24T11:33:28.833+03:30 DEBUG 1188 --- [ChiDaram App] [           main] org.hibernate.SQL                        : select r1_0.user_id,r1_0.role from user_roles r1_0 where r1_0.user_id=?
2025-08-24T11:33:28.835+03:30 DEBUG 1188 --- [ChiDaram App] [           main] org.hibernate.orm.results                : Extracted JDBC value [0] - [206]
2025-08-24T11:33:28.835+03:30 DEBUG 1188 --- [ChiDaram App] [           main] o.h.o.r.l.o.h.o.r.loading.collection     : (SetInitializer) Current row collection key : com.example.chi_daram.entity.User.roles#206
2025-08-24T11:33:28.835+03:30 DEBUG 1188 --- [ChiDaram App] [           main] o.h.o.r.l.o.h.o.r.loading.collection     : (SetInitializer) Responsible for loading collection [com.example.chi_daram.entity.User.roles#206] : org.hibernate.collection.spi.PersistentSet@1245302893
2025-08-24T11:33:28.836+03:30 DEBUG 1188 --- [ChiDaram App] [           main] o.h.o.r.l.o.h.o.r.loading.collection     : (SetInitializer) Reading element from row for collection [com.example.chi_daram.entity.User.roles#206] -> org.hibernate.collection.spi.PersistentSet@1245302893
2025-08-24T11:33:28.836+03:30 DEBUG 1188 --- [ChiDaram App] [           main] org.hibernate.orm.results                : Extracted JDBC value [1] - [USER]
2025-08-24T11:33:28.836+03:30 DEBUG 1188 --- [ChiDaram App] [           main] org.hibernate.orm.results.loading        : Calling top-level assembler (0 / 1) : org.hibernate.sql.results.graph.collection.internal.CollectionAssembler@61354cd8
2025-08-24T11:33:28.836+03:30 DEBUG 1188 --- [ChiDaram App] [           main] o.h.sql.results.internal.ResultsHelper   : Collection fully initialized: [com.example.chi_daram.entity.User.roles#206]
2025-08-24T11:33:28.846+03:30 DEBUG 1188 --- [ChiDaram App] [           main] o.s.orm.jpa.JpaTransactionManager        : Creating new transaction with name [com.example.chi_daram.service.impl.UserServiceImpl.getUserById]: PROPAGATION_REQUIRED,ISOLATION_DEFAULT,readOnly
2025-08-24T11:33:28.846+03:30 DEBUG 1188 --- [ChiDaram App] [           main] o.s.orm.jpa.JpaTransactionManager        : Opened new EntityManager [SessionImpl(799296735<open>)] for JPA transaction
2025-08-24T11:33:28.846+03:30 DEBUG 1188 --- [ChiDaram App] [           main] o.h.e.t.internal.TransactionImpl         : On TransactionImpl creation, JpaCompliance#isJpaTransactionComplianceEnabled == false
2025-08-24T11:33:28.846+03:30 DEBUG 1188 --- [ChiDaram App] [           main] o.h.e.t.internal.TransactionImpl         : begin
2025-08-24T11:33:28.847+03:30 DEBUG 1188 --- [ChiDaram App] [           main] o.s.orm.jpa.JpaTransactionManager        : Exposing JPA transaction as JDBC [org.springframework.orm.jpa.vendor.HibernateJpaDialect$HibernateConnectionHandle@2b8ddf89]
2025-08-24T11:33:28.848+03:30 DEBUG 1188 --- [ChiDaram App] [           main] o.s.orm.jpa.JpaTransactionManager        : Found thread-bound EntityManager [SessionImpl(799296735<open>)] for JPA transaction
2025-08-24T11:33:28.848+03:30 DEBUG 1188 --- [ChiDaram App] [           main] o.s.orm.jpa.JpaTransactionManager        : Participating in existing transaction
2025-08-24T11:33:28.849+03:30 DEBUG 1188 --- [ChiDaram App] [           main] org.hibernate.orm.sql.exec               : Skipping reading Query result cache data: cache-enabled = false, cache-mode = IGNORE
2025-08-24T11:33:28.850+03:30 DEBUG 1188 --- [ChiDaram App] [           main] org.hibernate.orm.results                : Initializer list:
	  com.example.chi_daram.entity.User.roles -> SetInitializer(com.example.chi_daram.entity.User.roles)@287392073 (PluralAttribute(com.example.chi_daram.entity.User.roles))
	  com.example.chi_daram.entity.User -> EntityResultInitializer(com.example.chi_daram.entity.User)@590136181 (SingleTableEntityPersister(com.example.chi_daram.entity.User))

2025-08-24T11:33:28.850+03:30 DEBUG 1188 --- [ChiDaram App] [           main] org.hibernate.SQL                        : select u1_0.id,u1_0.account_non_expired,u1_0.account_non_locked,u1_0.credentials_non_expired,u1_0.description,u1_0.enabled,u1_0.otp_code,u1_0.otp_enabled_for_login,u1_0.otp_generated_time,u1_0.password,u1_0.phone_number,r1_0.user_id,r1_0.role,u1_0.title,u1_0.username from "user_security" u1_0 left join user_roles r1_0 on u1_0.id=r1_0.user_id where u1_0.id=?
2025-08-24T11:33:28.853+03:30 DEBUG 1188 --- [ChiDaram App] [           main] o.hibernate.orm.results.loading.entity   : (EntityResultInitializer) Hydrated EntityKey (com.example.chi_daram.entity.User): 206
2025-08-24T11:33:28.854+03:30 DEBUG 1188 --- [ChiDaram App] [           main] o.h.o.r.l.o.h.o.r.loading.collection     : (SetInitializer) Current row collection key : com.example.chi_daram.entity.User.roles#206
2025-08-24T11:33:28.854+03:30 DEBUG 1188 --- [ChiDaram App] [           main] org.hibernate.orm.results                : Extracted JDBC value [11] - [206]
2025-08-24T11:33:28.855+03:30 DEBUG 1188 --- [ChiDaram App] [           main] o.hibernate.orm.results.loading.entity   : (EntityResultInitializer) Created new entity instance [com.example.chi_daram.entity.User#206] : 1894215059
2025-08-24T11:33:28.856+03:30 DEBUG 1188 --- [ChiDaram App] [           main] o.h.o.r.l.o.h.o.r.loading.collection     : (SetInitializer) Created new collection wrapper [com.example.chi_daram.entity.User.roles#206] : org.hibernate.collection.spi.PersistentSet@898973585
2025-08-24T11:33:28.857+03:30 DEBUG 1188 --- [ChiDaram App] [           main] o.h.o.r.l.o.h.o.r.loading.collection     : (SetInitializer) Responsible for loading collection [com.example.chi_daram.entity.User.roles#206] : org.hibernate.collection.spi.PersistentSet@898973585
2025-08-24T11:33:28.857+03:30 DEBUG 1188 --- [ChiDaram App] [           main] o.h.o.r.l.o.h.o.r.loading.collection     : (SetInitializer) Reading element from row for collection [com.example.chi_daram.entity.User.roles#206] -> org.hibernate.collection.spi.PersistentSet@898973585
2025-08-24T11:33:28.857+03:30 DEBUG 1188 --- [ChiDaram App] [           main] org.hibernate.orm.results                : Extracted JDBC value [12] - [USER]
2025-08-24T11:33:28.857+03:30 DEBUG 1188 --- [ChiDaram App] [           main] org.hibernate.orm.results                : Extracted JDBC value [1] - [true]
2025-08-24T11:33:28.857+03:30 DEBUG 1188 --- [ChiDaram App] [           main] org.hibernate.orm.results                : Extracted JDBC value [2] - [true]
2025-08-24T11:33:28.857+03:30 DEBUG 1188 --- [ChiDaram App] [           main] org.hibernate.orm.results                : Extracted JDBC value [3] - [true]
2025-08-24T11:33:28.857+03:30 DEBUG 1188 --- [ChiDaram App] [           main] org.hibernate.orm.results                : Extracted JDBC value [4] - [Desc]
2025-08-24T11:33:28.857+03:30 DEBUG 1188 --- [ChiDaram App] [           main] org.hibernate.orm.results                : Extracted JDBC value [5] - [true]
2025-08-24T11:33:28.857+03:30 DEBUG 1188 --- [ChiDaram App] [           main] org.hibernate.orm.results                : Extracted JDBC value [6] - [null]
2025-08-24T11:33:28.858+03:30 DEBUG 1188 --- [ChiDaram App] [           main] org.hibernate.orm.results                : Extracted JDBC value [7] - [false]
2025-08-24T11:33:28.858+03:30 DEBUG 1188 --- [ChiDaram App] [           main] org.hibernate.orm.results                : Extracted JDBC value [8] - [null]
2025-08-24T11:33:28.858+03:30 DEBUG 1188 --- [ChiDaram App] [           main] org.hibernate.orm.results                : Extracted JDBC value [9] - [$2a$10$W5/mfAPiSTgue9MY7Zwfq.JT7TGLbx6wvdtVofih1Ammj49k7FoZm]
2025-08-24T11:33:28.858+03:30 DEBUG 1188 --- [ChiDaram App] [           main] org.hibernate.orm.results                : Extracted JDBC value [10] - [09121234567]
2025-08-24T11:33:28.858+03:30 DEBUG 1188 --- [ChiDaram App] [           main] org.hibernate.orm.results                : Extracted JDBC value [13] - [Integration Test User]
2025-08-24T11:33:28.858+03:30 DEBUG 1188 --- [ChiDaram App] [           main] org.hibernate.orm.results                : Extracted JDBC value [14] - [testuser_int]
2025-08-24T11:33:28.858+03:30 DEBUG 1188 --- [ChiDaram App] [           main] o.hibernate.orm.results.loading.entity   : (EntityResultInitializer) Done materializing entityInstance : com.example.chi_daram.entity.User#206
2025-08-24T11:33:28.859+03:30 DEBUG 1188 --- [ChiDaram App] [           main] org.hibernate.orm.results.loading        : Calling top-level assembler (0 / 1) : org.hibernate.sql.results.graph.entity.internal.EntityAssembler@6ceb831
2025-08-24T11:33:28.859+03:30 DEBUG 1188 --- [ChiDaram App] [           main] o.h.sql.results.internal.ResultsHelper   : Collection fully initialized: [com.example.chi_daram.entity.User.roles#206]
2025-08-24T11:33:28.864+03:30 DEBUG 1188 --- [ChiDaram App] [           main] o.s.orm.jpa.JpaTransactionManager        : Initiating transaction commit
2025-08-24T11:33:28.864+03:30 DEBUG 1188 --- [ChiDaram App] [           main] o.s.orm.jpa.JpaTransactionManager        : Committing JPA transaction on EntityManager [SessionImpl(799296735<open>)]
2025-08-24T11:33:28.864+03:30 DEBUG 1188 --- [ChiDaram App] [           main] o.h.e.t.internal.TransactionImpl         : committing
2025-08-24T11:33:28.866+03:30 DEBUG 1188 --- [ChiDaram App] [           main] o.s.orm.jpa.JpaTransactionManager        : Closing JPA EntityManager [SessionImpl(799296735<open>)] after transaction
]]></system-out>
  </testcase>
  <testcase name="testUpdateUser" classname="com.example.chi_daram.service.UserControllerIntegrationTest" time="1.274">
    <system-out><![CDATA[2025-08-24T11:33:28.913+03:30 DEBUG 1188 --- [ChiDaram App] [           main] o.s.orm.jpa.JpaTransactionManager        : Creating new transaction with name [org.springframework.data.jpa.repository.support.SimpleJpaRepository.deleteAll]: PROPAGATION_REQUIRED,ISOLATION_DEFAULT
2025-08-24T11:33:28.914+03:30 DEBUG 1188 --- [ChiDaram App] [           main] o.s.orm.jpa.JpaTransactionManager        : Opened new EntityManager [SessionImpl(699292413<open>)] for JPA transaction
2025-08-24T11:33:28.914+03:30 DEBUG 1188 --- [ChiDaram App] [           main] o.h.e.t.internal.TransactionImpl         : On TransactionImpl creation, JpaCompliance#isJpaTransactionComplianceEnabled == false
2025-08-24T11:33:28.914+03:30 DEBUG 1188 --- [ChiDaram App] [           main] o.h.e.t.internal.TransactionImpl         : begin
2025-08-24T11:33:28.916+03:30 DEBUG 1188 --- [ChiDaram App] [           main] o.s.orm.jpa.JpaTransactionManager        : Exposing JPA transaction as JDBC [org.springframework.orm.jpa.vendor.HibernateJpaDialect$HibernateConnectionHandle@5ed5ac49]
2025-08-24T11:33:28.918+03:30 DEBUG 1188 --- [ChiDaram App] [           main] org.hibernate.orm.sql.ast.create         : Created new SQL alias : u1_0
2025-08-24T11:33:28.919+03:30 DEBUG 1188 --- [ChiDaram App] [           main] org.hibernate.orm.sql.ast.create         : Registration of TableGroup [StandardTableGroup(com.example.chi_daram.entity.User(217234230805600))] with identifierForTableGroup [com.example.chi_daram.entity.User] for NavigablePath [com.example.chi_daram.entity.User] 
2025-08-24T11:33:28.926+03:30 DEBUG 1188 --- [ChiDaram App] [           main] org.hibernate.orm.results.graph.AST      : DomainResult Graph:
 \-EntityResultImpl [com.example.chi_daram.entity.User(217234230805600)]
 |  +-BasicFetch [com.example.chi_daram.entity.User(217234230805600).accountNonExpired]
 |  +-BasicFetch [com.example.chi_daram.entity.User(217234230805600).accountNonLocked]
 |  +-BasicFetch [com.example.chi_daram.entity.User(217234230805600).credentialsNonExpired]
 |  +-BasicFetch [com.example.chi_daram.entity.User(217234230805600).description]
 |  +-BasicFetch [com.example.chi_daram.entity.User(217234230805600).enabled]
 |  +-BasicFetch [com.example.chi_daram.entity.User(217234230805600).otpCode]
 |  +-BasicFetch [com.example.chi_daram.entity.User(217234230805600).otpEnabledForLogin]
 |  +-BasicFetch [com.example.chi_daram.entity.User(217234230805600).otpGeneratedTime]
 |  +-BasicFetch [com.example.chi_daram.entity.User(217234230805600).password]
 |  +-BasicFetch [com.example.chi_daram.entity.User(217234230805600).phoneNumber]
 |  +-SelectEagerCollectionFetch [com.example.chi_daram.entity.User(217234230805600).roles]
 |  +-BasicFetch [com.example.chi_daram.entity.User(217234230805600).title]
 |  \-BasicFetch [com.example.chi_daram.entity.User(217234230805600).username]

2025-08-24T11:33:28.926+03:30 DEBUG 1188 --- [ChiDaram App] [           main] org.hibernate.orm.sql.ast.tree           : SQL AST Tree:
    SelectStatement {
      FromClause {
        StandardTableGroup (u1 : com.example.chi_daram.entity.User(217234230805600)) {
          primaryTableReference : "user_security" as u1_0
        }
      }
    }

2025-08-24T11:33:28.927+03:30 DEBUG 1188 --- [ChiDaram App] [           main] org.hibernate.orm.sql.exec               : Skipping reading Query result cache data: cache-enabled = false, cache-mode = NORMAL
2025-08-24T11:33:28.928+03:30 DEBUG 1188 --- [ChiDaram App] [           main] org.hibernate.orm.results                : Initializer list:
	  com.example.chi_daram.entity.User(217234230805600).roles -> SelectEagerCollectionInitializer(com.example.chi_daram.entity.User(217234230805600).roles)@1961667125 (PluralAttribute(com.example.chi_daram.entity.User.roles))
	  com.example.chi_daram.entity.User(217234230805600) -> EntityResultInitializer(com.example.chi_daram.entity.User(217234230805600))@1580792745 (SingleTableEntityPersister(com.example.chi_daram.entity.User))

2025-08-24T11:33:28.928+03:30 DEBUG 1188 --- [ChiDaram App] [           main] org.hibernate.SQL                        : select u1_0.id,u1_0.account_non_expired,u1_0.account_non_locked,u1_0.credentials_non_expired,u1_0.description,u1_0.enabled,u1_0.otp_code,u1_0.otp_enabled_for_login,u1_0.otp_generated_time,u1_0.password,u1_0.phone_number,u1_0.title,u1_0.username from "user_security" u1_0
2025-08-24T11:33:28.930+03:30 DEBUG 1188 --- [ChiDaram App] [           main] org.hibernate.orm.results                : Extracted JDBC value [0] - [206]
2025-08-24T11:33:28.931+03:30 DEBUG 1188 --- [ChiDaram App] [           main] o.hibernate.orm.results.loading.entity   : (EntityResultInitializer) Hydrated EntityKey (com.example.chi_daram.entity.User(217234230805600)): 206
2025-08-24T11:33:28.931+03:30 DEBUG 1188 --- [ChiDaram App] [           main] o.h.o.r.l.o.h.o.r.loading.collection     : (SelectEagerCollectionInitializer) Current row collection key : com.example.chi_daram.entity.User(217234230805600).roles#206
2025-08-24T11:33:28.931+03:30 DEBUG 1188 --- [ChiDaram App] [           main] o.hibernate.orm.results.loading.entity   : (EntityResultInitializer) Created new entity instance [com.example.chi_daram.entity.User(217234230805600)#206] : 510696014
2025-08-24T11:33:28.933+03:30 DEBUG 1188 --- [ChiDaram App] [           main] org.hibernate.orm.results                : Extracted JDBC value [1] - [true]
2025-08-24T11:33:28.934+03:30 DEBUG 1188 --- [ChiDaram App] [           main] org.hibernate.orm.results                : Extracted JDBC value [2] - [true]
2025-08-24T11:33:28.940+03:30 DEBUG 1188 --- [ChiDaram App] [           main] org.hibernate.orm.results                : Extracted JDBC value [3] - [true]
2025-08-24T11:33:28.940+03:30 DEBUG 1188 --- [ChiDaram App] [           main] org.hibernate.orm.results                : Extracted JDBC value [4] - [Desc]
2025-08-24T11:33:28.940+03:30 DEBUG 1188 --- [ChiDaram App] [           main] org.hibernate.orm.results                : Extracted JDBC value [5] - [true]
2025-08-24T11:33:28.940+03:30 DEBUG 1188 --- [ChiDaram App] [           main] org.hibernate.orm.results                : Extracted JDBC value [6] - [null]
2025-08-24T11:33:28.941+03:30 DEBUG 1188 --- [ChiDaram App] [           main] org.hibernate.orm.results                : Extracted JDBC value [7] - [false]
2025-08-24T11:33:28.941+03:30 DEBUG 1188 --- [ChiDaram App] [           main] org.hibernate.orm.results                : Extracted JDBC value [8] - [null]
2025-08-24T11:33:28.941+03:30 DEBUG 1188 --- [ChiDaram App] [           main] org.hibernate.orm.results                : Extracted JDBC value [9] - [$2a$10$W5/mfAPiSTgue9MY7Zwfq.JT7TGLbx6wvdtVofih1Ammj49k7FoZm]
2025-08-24T11:33:28.941+03:30 DEBUG 1188 --- [ChiDaram App] [           main] org.hibernate.orm.results                : Extracted JDBC value [10] - [09121234567]
2025-08-24T11:33:28.950+03:30 DEBUG 1188 --- [ChiDaram App] [           main] org.hibernate.orm.results                : Extracted JDBC value [11] - [Integration Test User]
2025-08-24T11:33:28.953+03:30 DEBUG 1188 --- [ChiDaram App] [           main] org.hibernate.orm.results                : Extracted JDBC value [12] - [testuser_int]
2025-08-24T11:33:28.959+03:30 DEBUG 1188 --- [ChiDaram App] [           main] o.hibernate.orm.results.loading.entity   : (EntityResultInitializer) Done materializing entityInstance : com.example.chi_daram.entity.User(217234230805600)#206
2025-08-24T11:33:28.959+03:30 DEBUG 1188 --- [ChiDaram App] [           main] org.hibernate.orm.results.loading        : Calling top-level assembler (0 / 1) : org.hibernate.sql.results.graph.entity.internal.EntityAssembler@4f86709d
2025-08-24T11:33:28.962+03:30 DEBUG 1188 --- [ChiDaram App] [           main] org.hibernate.orm.sql.exec               : Skipping reading Query result cache data: cache-enabled = false, cache-mode = IGNORE
2025-08-24T11:33:28.962+03:30 DEBUG 1188 --- [ChiDaram App] [           main] org.hibernate.orm.results                : Initializer list:
	  com.example.chi_daram.entity.User.roles -> SetInitializer(com.example.chi_daram.entity.User.roles)@563094987 (PluralAttribute(com.example.chi_daram.entity.User.roles))

2025-08-24T11:33:28.962+03:30 DEBUG 1188 --- [ChiDaram App] [           main] org.hibernate.SQL                        : select r1_0.user_id,r1_0.role from user_roles r1_0 where r1_0.user_id=?
2025-08-24T11:33:28.965+03:30 DEBUG 1188 --- [ChiDaram App] [           main] org.hibernate.orm.results                : Extracted JDBC value [0] - [206]
2025-08-24T11:33:28.965+03:30 DEBUG 1188 --- [ChiDaram App] [           main] o.h.o.r.l.o.h.o.r.loading.collection     : (SetInitializer) Current row collection key : com.example.chi_daram.entity.User.roles#206
2025-08-24T11:33:28.966+03:30 DEBUG 1188 --- [ChiDaram App] [           main] o.h.o.r.l.o.h.o.r.loading.collection     : (SetInitializer) Responsible for loading collection [com.example.chi_daram.entity.User.roles#206] : org.hibernate.collection.spi.PersistentSet@118284186
2025-08-24T11:33:28.966+03:30 DEBUG 1188 --- [ChiDaram App] [           main] o.h.o.r.l.o.h.o.r.loading.collection     : (SetInitializer) Reading element from row for collection [com.example.chi_daram.entity.User.roles#206] -> org.hibernate.collection.spi.PersistentSet@118284186
2025-08-24T11:33:28.966+03:30 DEBUG 1188 --- [ChiDaram App] [           main] org.hibernate.orm.results                : Extracted JDBC value [1] - [USER]
2025-08-24T11:33:28.966+03:30 DEBUG 1188 --- [ChiDaram App] [           main] org.hibernate.orm.results.loading        : Calling top-level assembler (0 / 1) : org.hibernate.sql.results.graph.collection.internal.CollectionAssembler@26c700ff
2025-08-24T11:33:28.966+03:30 DEBUG 1188 --- [ChiDaram App] [           main] o.h.sql.results.internal.ResultsHelper   : Collection fully initialized: [com.example.chi_daram.entity.User.roles#206]
2025-08-24T11:33:28.967+03:30 DEBUG 1188 --- [ChiDaram App] [           main] o.h.j.internal.PersistenceUnitUtilImpl   : jakarta.persistence.PersistenceUnitUtil.getIdentifier is only intended to work with enhanced entities (although Hibernate also adapts this support to its proxies); however the passed entity was not enhanced (nor a proxy).. may not be able to read identifier
2025-08-24T11:33:28.967+03:30 DEBUG 1188 --- [ChiDaram App] [           main] o.h.j.internal.PersistenceUnitUtilImpl   : jakarta.persistence.PersistenceUnitUtil.getIdentifier is only intended to work with enhanced entities (although Hibernate also adapts this support to its proxies); however the passed entity was not enhanced (nor a proxy).. may not be able to read identifier
2025-08-24T11:33:28.977+03:30 DEBUG 1188 --- [ChiDaram App] [           main] o.s.orm.jpa.JpaTransactionManager        : Initiating transaction commit
2025-08-24T11:33:28.977+03:30 DEBUG 1188 --- [ChiDaram App] [           main] o.s.orm.jpa.JpaTransactionManager        : Committing JPA transaction on EntityManager [SessionImpl(699292413<open>)]
2025-08-24T11:33:28.977+03:30 DEBUG 1188 --- [ChiDaram App] [           main] o.h.e.t.internal.TransactionImpl         : committing
2025-08-24T11:33:28.978+03:30 DEBUG 1188 --- [ChiDaram App] [           main] o.h.e.i.AbstractFlushingEventListener    : Processing flush-time cascades
2025-08-24T11:33:28.978+03:30 DEBUG 1188 --- [ChiDaram App] [           main] o.h.e.i.AbstractFlushingEventListener    : Dirty checking collections
2025-08-24T11:33:28.984+03:30 DEBUG 1188 --- [ChiDaram App] [           main] o.hibernate.engine.internal.Collections  : Collection dereferenced: [com.example.chi_daram.entity.User.roles#206]
2025-08-24T11:33:28.985+03:30 DEBUG 1188 --- [ChiDaram App] [           main] o.h.e.i.AbstractFlushingEventListener    : Flushed: 0 insertions, 0 updates, 1 deletions to 1 objects
2025-08-24T11:33:28.985+03:30 DEBUG 1188 --- [ChiDaram App] [           main] o.h.e.i.AbstractFlushingEventListener    : Flushed: 0 (re)creations, 0 updates, 1 removals to 1 collections
2025-08-24T11:33:28.985+03:30 DEBUG 1188 --- [ChiDaram App] [           main] o.hibernate.internal.util.EntityPrinter  : Listing entities:
2025-08-24T11:33:28.986+03:30 DEBUG 1188 --- [ChiDaram App] [           main] o.hibernate.internal.util.EntityPrinter  : com.example.chi_daram.entity.User{credentialsNonExpired=true, roles=[USER], otpCode=null, description=Desc, title=Integration Test User, enabled=true, otpGeneratedTime=null, password=$2a$10$W5/mfAPiSTgue9MY7Zwfq.JT7TGLbx6wvdtVofih1Ammj49k7FoZm, phoneNumber=09121234567, otpEnabledForLogin=false, accountNonExpired=true, id=206, accountNonLocked=true, username=testuser_int}
2025-08-24T11:33:28.986+03:30 DEBUG 1188 --- [ChiDaram App] [           main] org.hibernate.orm.jdbc.mutation          : Deleting collection - com.example.chi_daram.entity.User.roles : 206
2025-08-24T11:33:28.988+03:30 DEBUG 1188 --- [ChiDaram App] [           main] org.hibernate.SQL                        : delete from user_roles where user_id=?
2025-08-24T11:33:28.994+03:30 DEBUG 1188 --- [ChiDaram App] [           main] org.hibernate.SQL                        : delete from "user_security" where id=?
2025-08-24T11:33:29.000+03:30 DEBUG 1188 --- [ChiDaram App] [           main] o.s.orm.jpa.JpaTransactionManager        : Closing JPA EntityManager [SessionImpl(699292413<open>)] after transaction
2025-08-24T11:33:29.013+03:30 DEBUG 1188 --- [ChiDaram App] [           main] o.s.orm.jpa.JpaTransactionManager        : Creating new transaction with name [com.example.chi_daram.service.impl.UserServiceImpl.registerNewUser]: PROPAGATION_REQUIRED,ISOLATION_DEFAULT
2025-08-24T11:33:29.015+03:30 DEBUG 1188 --- [ChiDaram App] [           main] o.s.orm.jpa.JpaTransactionManager        : Opened new EntityManager [SessionImpl(1514632785<open>)] for JPA transaction
2025-08-24T11:33:29.015+03:30 DEBUG 1188 --- [ChiDaram App] [           main] o.h.e.t.internal.TransactionImpl         : On TransactionImpl creation, JpaCompliance#isJpaTransactionComplianceEnabled == false
2025-08-24T11:33:29.015+03:30 DEBUG 1188 --- [ChiDaram App] [           main] o.h.e.t.internal.TransactionImpl         : begin
2025-08-24T11:33:29.016+03:30 DEBUG 1188 --- [ChiDaram App] [           main] o.s.orm.jpa.JpaTransactionManager        : Exposing JPA transaction as JDBC [org.springframework.orm.jpa.vendor.HibernateJpaDialect$HibernateConnectionHandle@662c09f6]
2025-08-24T11:33:29.018+03:30 DEBUG 1188 --- [ChiDaram App] [           main] org.hibernate.orm.sql.ast.create         : Created new SQL alias : u1_0
2025-08-24T11:33:29.019+03:30 DEBUG 1188 --- [ChiDaram App] [           main] org.hibernate.orm.sql.ast.create         : Registration of TableGroup [StandardTableGroup(com.example.chi_daram.entity.User(217224663531900))] with identifierForTableGroup [com.example.chi_daram.entity.User] for NavigablePath [com.example.chi_daram.entity.User] 
2025-08-24T11:33:29.021+03:30 DEBUG 1188 --- [ChiDaram App] [           main] o.h.q.sqm.sql.BaseSqmToSqlAstConverter   : Determining mapping-model type for SqmParameter : org.hibernate.query.sqm.tree.expression.SqmJpaCriteriaParameterWrapper@5f7b4703
2025-08-24T11:33:29.022+03:30 DEBUG 1188 --- [ChiDaram App] [           main] o.h.q.sqm.sql.BaseSqmToSqlAstConverter   : Determining mapping-model type for SqmPath : SqmBasicValuedSimplePath(com.example.chi_daram.entity.User(217224663531900).username) 
2025-08-24T11:33:29.023+03:30 DEBUG 1188 --- [ChiDaram App] [           main] org.hibernate.orm.results.graph.AST      : DomainResult Graph:
 \-EntityResultImpl [com.example.chi_daram.entity.User(217224663531900)]
 |  +-BasicFetch [com.example.chi_daram.entity.User(217224663531900).accountNonExpired]
 |  +-BasicFetch [com.example.chi_daram.entity.User(217224663531900).accountNonLocked]
 |  +-BasicFetch [com.example.chi_daram.entity.User(217224663531900).credentialsNonExpired]
 |  +-BasicFetch [com.example.chi_daram.entity.User(217224663531900).description]
 |  +-BasicFetch [com.example.chi_daram.entity.User(217224663531900).enabled]
 |  +-BasicFetch [com.example.chi_daram.entity.User(217224663531900).otpCode]
 |  +-BasicFetch [com.example.chi_daram.entity.User(217224663531900).otpEnabledForLogin]
 |  +-BasicFetch [com.example.chi_daram.entity.User(217224663531900).otpGeneratedTime]
 |  +-BasicFetch [com.example.chi_daram.entity.User(217224663531900).password]
 |  +-BasicFetch [com.example.chi_daram.entity.User(217224663531900).phoneNumber]
 |  +-SelectEagerCollectionFetch [com.example.chi_daram.entity.User(217224663531900).roles]
 |  +-BasicFetch [com.example.chi_daram.entity.User(217224663531900).title]
 |  \-BasicFetch [com.example.chi_daram.entity.User(217224663531900).username]

2025-08-24T11:33:29.023+03:30 DEBUG 1188 --- [ChiDaram App] [           main] org.hibernate.orm.sql.ast.tree           : SQL AST Tree:
    SelectStatement {
      FromClause {
        StandardTableGroup (u1 : com.example.chi_daram.entity.User(217224663531900)) {
          primaryTableReference : "user_security" as u1_0
        }
      }
    }

2025-08-24T11:33:29.024+03:30 DEBUG 1188 --- [ChiDaram App] [           main] org.hibernate.orm.sql.exec               : Skipping reading Query result cache data: cache-enabled = false, cache-mode = NORMAL
2025-08-24T11:33:29.024+03:30 DEBUG 1188 --- [ChiDaram App] [           main] org.hibernate.orm.results                : Initializer list:
	  com.example.chi_daram.entity.User(217224663531900).roles -> SelectEagerCollectionInitializer(com.example.chi_daram.entity.User(217224663531900).roles)@1950887935 (PluralAttribute(com.example.chi_daram.entity.User.roles))
	  com.example.chi_daram.entity.User(217224663531900) -> EntityResultInitializer(com.example.chi_daram.entity.User(217224663531900))@1905143082 (SingleTableEntityPersister(com.example.chi_daram.entity.User))

2025-08-24T11:33:29.024+03:30 DEBUG 1188 --- [ChiDaram App] [           main] org.hibernate.SQL                        : select u1_0.id,u1_0.account_non_expired,u1_0.account_non_locked,u1_0.credentials_non_expired,u1_0.description,u1_0.enabled,u1_0.otp_code,u1_0.otp_enabled_for_login,u1_0.otp_generated_time,u1_0.password,u1_0.phone_number,u1_0.title,u1_0.username from "user_security" u1_0 where u1_0.username=?
2025-08-24T11:33:29.028+03:30 DEBUG 1188 --- [ChiDaram App] [           main] org.hibernate.orm.sql.ast.create         : Created new SQL alias : u1_0
2025-08-24T11:33:29.028+03:30 DEBUG 1188 --- [ChiDaram App] [           main] org.hibernate.orm.sql.ast.create         : Registration of TableGroup [StandardTableGroup(com.example.chi_daram.entity.User(217224674979900))] with identifierForTableGroup [com.example.chi_daram.entity.User] for NavigablePath [com.example.chi_daram.entity.User] 
2025-08-24T11:33:29.029+03:30 DEBUG 1188 --- [ChiDaram App] [           main] o.h.q.sqm.sql.BaseSqmToSqlAstConverter   : Determining mapping-model type for SqmParameter : org.hibernate.query.sqm.tree.expression.SqmJpaCriteriaParameterWrapper@517c30f
2025-08-24T11:33:29.029+03:30 DEBUG 1188 --- [ChiDaram App] [           main] o.h.q.sqm.sql.BaseSqmToSqlAstConverter   : Determining mapping-model type for SqmPath : SqmBasicValuedSimplePath(com.example.chi_daram.entity.User(217224674979900).phoneNumber) 
2025-08-24T11:33:29.030+03:30 DEBUG 1188 --- [ChiDaram App] [           main] org.hibernate.orm.results.graph.AST      : DomainResult Graph:
 \-EntityResultImpl [com.example.chi_daram.entity.User(217224674979900)]
 |  +-BasicFetch [com.example.chi_daram.entity.User(217224674979900).accountNonExpired]
 |  +-BasicFetch [com.example.chi_daram.entity.User(217224674979900).accountNonLocked]
 |  +-BasicFetch [com.example.chi_daram.entity.User(217224674979900).credentialsNonExpired]
 |  +-BasicFetch [com.example.chi_daram.entity.User(217224674979900).description]
 |  +-BasicFetch [com.example.chi_daram.entity.User(217224674979900).enabled]
 |  +-BasicFetch [com.example.chi_daram.entity.User(217224674979900).otpCode]
 |  +-BasicFetch [com.example.chi_daram.entity.User(217224674979900).otpEnabledForLogin]
 |  +-BasicFetch [com.example.chi_daram.entity.User(217224674979900).otpGeneratedTime]
 |  +-BasicFetch [com.example.chi_daram.entity.User(217224674979900).password]
 |  +-BasicFetch [com.example.chi_daram.entity.User(217224674979900).phoneNumber]
 |  +-SelectEagerCollectionFetch [com.example.chi_daram.entity.User(217224674979900).roles]
 |  +-BasicFetch [com.example.chi_daram.entity.User(217224674979900).title]
 |  \-BasicFetch [com.example.chi_daram.entity.User(217224674979900).username]

2025-08-24T11:33:29.030+03:30 DEBUG 1188 --- [ChiDaram App] [           main] org.hibernate.orm.sql.ast.tree           : SQL AST Tree:
    SelectStatement {
      FromClause {
        StandardTableGroup (u1 : com.example.chi_daram.entity.User(217224674979900)) {
          primaryTableReference : "user_security" as u1_0
        }
      }
    }

2025-08-24T11:33:29.030+03:30 DEBUG 1188 --- [ChiDaram App] [           main] org.hibernate.orm.sql.exec               : Skipping reading Query result cache data: cache-enabled = false, cache-mode = NORMAL
2025-08-24T11:33:29.031+03:30 DEBUG 1188 --- [ChiDaram App] [           main] org.hibernate.orm.results                : Initializer list:
	  com.example.chi_daram.entity.User(217224674979900).roles -> SelectEagerCollectionInitializer(com.example.chi_daram.entity.User(217224674979900).roles)@1641768366 (PluralAttribute(com.example.chi_daram.entity.User.roles))
	  com.example.chi_daram.entity.User(217224674979900) -> EntityResultInitializer(com.example.chi_daram.entity.User(217224674979900))@1525669153 (SingleTableEntityPersister(com.example.chi_daram.entity.User))

2025-08-24T11:33:29.031+03:30 DEBUG 1188 --- [ChiDaram App] [           main] org.hibernate.SQL                        : select u1_0.id,u1_0.account_non_expired,u1_0.account_non_locked,u1_0.credentials_non_expired,u1_0.description,u1_0.enabled,u1_0.otp_code,u1_0.otp_enabled_for_login,u1_0.otp_generated_time,u1_0.password,u1_0.phone_number,u1_0.title,u1_0.username from "user_security" u1_0 where u1_0.phone_number=?
2025-08-24T11:33:29.289+03:30 DEBUG 1188 --- [ChiDaram App] [           main] o.s.orm.jpa.JpaTransactionManager        : Found thread-bound EntityManager [SessionImpl(1514632785<open>)] for JPA transaction
2025-08-24T11:33:29.289+03:30 DEBUG 1188 --- [ChiDaram App] [           main] o.s.orm.jpa.JpaTransactionManager        : Participating in existing transaction
2025-08-24T11:33:29.290+03:30 DEBUG 1188 --- [ChiDaram App] [           main] o.h.j.internal.PersistenceUnitUtilImpl   : jakarta.persistence.PersistenceUnitUtil.getIdentifier is only intended to work with enhanced entities (although Hibernate also adapts this support to its proxies); however the passed entity was not enhanced (nor a proxy).. may not be able to read identifier
2025-08-24T11:33:29.290+03:30 DEBUG 1188 --- [ChiDaram App] [           main] org.hibernate.engine.spi.ActionQueue     : Executing identity-insert immediately
2025-08-24T11:33:29.291+03:30 DEBUG 1188 --- [ChiDaram App] [           main] org.hibernate.SQL                        : insert into "user_security" (account_non_expired,account_non_locked,credentials_non_expired,description,enabled,otp_code,otp_enabled_for_login,otp_generated_time,password,phone_number,title,username) values (?,?,?,?,?,?,?,?,?,?,?,?) returning id
2025-08-24T11:33:29.294+03:30 DEBUG 1188 --- [ChiDaram App] [           main] org.hibernate.orm.results                : Initializer list is empty
2025-08-24T11:33:29.294+03:30 DEBUG 1188 --- [ChiDaram App] [           main] org.hibernate.orm.results.loading        : Calling top-level assembler (0 / 1) : org.hibernate.sql.results.graph.basic.BasicResultAssembler@3108f0a3
2025-08-24T11:33:29.294+03:30 DEBUG 1188 --- [ChiDaram App] [           main] org.hibernate.orm.results                : Extracted JDBC value [0] - [207]
2025-08-24T11:33:29.295+03:30 DEBUG 1188 --- [ChiDaram App] [           main] o.h.id.IdentifierGeneratorHelper         : Extracted generated values [com.example.chi_daram.entity.User]: [Ljava.lang.Object;@17240340
2025-08-24T11:33:29.296+03:30 DEBUG 1188 --- [ChiDaram App] [           main] o.s.orm.jpa.JpaTransactionManager        : Initiating transaction commit
2025-08-24T11:33:29.296+03:30 DEBUG 1188 --- [ChiDaram App] [           main] o.s.orm.jpa.JpaTransactionManager        : Committing JPA transaction on EntityManager [SessionImpl(1514632785<open>)]
2025-08-24T11:33:29.296+03:30 DEBUG 1188 --- [ChiDaram App] [           main] o.h.e.t.internal.TransactionImpl         : committing
2025-08-24T11:33:29.296+03:30 DEBUG 1188 --- [ChiDaram App] [           main] o.h.e.i.AbstractFlushingEventListener    : Processing flush-time cascades
2025-08-24T11:33:29.296+03:30 DEBUG 1188 --- [ChiDaram App] [           main] o.h.e.i.AbstractFlushingEventListener    : Dirty checking collections
2025-08-24T11:33:29.297+03:30 DEBUG 1188 --- [ChiDaram App] [           main] o.hibernate.engine.internal.Collections  : Collection found: [com.example.chi_daram.entity.User.roles#207], was: [<unreferenced>] (initialized)
2025-08-24T11:33:29.297+03:30 DEBUG 1188 --- [ChiDaram App] [           main] o.h.e.i.AbstractFlushingEventListener    : Flushed: 0 insertions, 0 updates, 0 deletions to 1 objects
2025-08-24T11:33:29.298+03:30 DEBUG 1188 --- [ChiDaram App] [           main] o.h.e.i.AbstractFlushingEventListener    : Flushed: 1 (re)creations, 0 updates, 0 removals to 1 collections
2025-08-24T11:33:29.298+03:30 DEBUG 1188 --- [ChiDaram App] [           main] o.hibernate.internal.util.EntityPrinter  : Listing entities:
2025-08-24T11:33:29.298+03:30 DEBUG 1188 --- [ChiDaram App] [           main] o.hibernate.internal.util.EntityPrinter  : com.example.chi_daram.entity.User{credentialsNonExpired=true, roles=[USER], otpCode=null, description=Desc, title=Integration Test User, enabled=true, otpGeneratedTime=null, password=$2a$10$.hICwCBQ03Bd1vig9kGtu.I3n2LzRbPW0yT0/CjfzWeg2AUYgCuv6, phoneNumber=09121234567, otpEnabledForLogin=false, accountNonExpired=true, id=207, accountNonLocked=true, username=testuser_int}
2025-08-24T11:33:29.299+03:30 DEBUG 1188 --- [ChiDaram App] [           main] org.hibernate.orm.jdbc.mutation          : Inserting collection rows - com.example.chi_daram.entity.User.roles : 207
2025-08-24T11:33:29.299+03:30 DEBUG 1188 --- [ChiDaram App] [           main] org.hibernate.SQL                        : insert into user_roles (user_id,role) values (?,?)
2025-08-24T11:33:29.302+03:30 DEBUG 1188 --- [ChiDaram App] [           main] org.hibernate.orm.jdbc.mutation          : Done inserting `1` collection rows : com.example.chi_daram.entity.User.roles
2025-08-24T11:33:29.305+03:30 DEBUG 1188 --- [ChiDaram App] [           main] o.s.orm.jpa.JpaTransactionManager        : Closing JPA EntityManager [SessionImpl(1514632785<open>)] after transaction
2025-08-24T11:33:29.326+03:30 DEBUG 1188 --- [ChiDaram App] [           main] tor$SharedEntityManagerInvocationHandler : Creating new EntityManager for shared EntityManager invocation
2025-08-24T11:33:29.329+03:30 DEBUG 1188 --- [ChiDaram App] [           main] org.hibernate.orm.sql.ast.create         : Created new SQL alias : u1_0
2025-08-24T11:33:29.330+03:30 DEBUG 1188 --- [ChiDaram App] [           main] org.hibernate.orm.sql.ast.create         : Registration of TableGroup [StandardTableGroup(com.example.chi_daram.entity.User(217224663531900))] with identifierForTableGroup [com.example.chi_daram.entity.User] for NavigablePath [com.example.chi_daram.entity.User] 
2025-08-24T11:33:29.333+03:30 DEBUG 1188 --- [ChiDaram App] [           main] o.h.q.sqm.sql.BaseSqmToSqlAstConverter   : Determining mapping-model type for SqmParameter : org.hibernate.query.sqm.tree.expression.SqmJpaCriteriaParameterWrapper@2a157329
2025-08-24T11:33:29.333+03:30 DEBUG 1188 --- [ChiDaram App] [           main] o.h.q.sqm.sql.BaseSqmToSqlAstConverter   : Determining mapping-model type for SqmPath : SqmBasicValuedSimplePath(com.example.chi_daram.entity.User(217224663531900).username) 
2025-08-24T11:33:29.334+03:30 DEBUG 1188 --- [ChiDaram App] [           main] org.hibernate.orm.results.graph.AST      : DomainResult Graph:
 \-EntityResultImpl [com.example.chi_daram.entity.User(217224663531900)]
 |  +-BasicFetch [com.example.chi_daram.entity.User(217224663531900).accountNonExpired]
 |  +-BasicFetch [com.example.chi_daram.entity.User(217224663531900).accountNonLocked]
 |  +-BasicFetch [com.example.chi_daram.entity.User(217224663531900).credentialsNonExpired]
 |  +-BasicFetch [com.example.chi_daram.entity.User(217224663531900).description]
 |  +-BasicFetch [com.example.chi_daram.entity.User(217224663531900).enabled]
 |  +-BasicFetch [com.example.chi_daram.entity.User(217224663531900).otpCode]
 |  +-BasicFetch [com.example.chi_daram.entity.User(217224663531900).otpEnabledForLogin]
 |  +-BasicFetch [com.example.chi_daram.entity.User(217224663531900).otpGeneratedTime]
 |  +-BasicFetch [com.example.chi_daram.entity.User(217224663531900).password]
 |  +-BasicFetch [com.example.chi_daram.entity.User(217224663531900).phoneNumber]
 |  +-SelectEagerCollectionFetch [com.example.chi_daram.entity.User(217224663531900).roles]
 |  +-BasicFetch [com.example.chi_daram.entity.User(217224663531900).title]
 |  \-BasicFetch [com.example.chi_daram.entity.User(217224663531900).username]

2025-08-24T11:33:29.335+03:30 DEBUG 1188 --- [ChiDaram App] [           main] org.hibernate.orm.sql.ast.tree           : SQL AST Tree:
    SelectStatement {
      FromClause {
        StandardTableGroup (u1 : com.example.chi_daram.entity.User(217224663531900)) {
          primaryTableReference : "user_security" as u1_0
        }
      }
    }

2025-08-24T11:33:29.337+03:30 DEBUG 1188 --- [ChiDaram App] [           main] org.hibernate.orm.sql.exec               : Skipping reading Query result cache data: cache-enabled = false, cache-mode = NORMAL
2025-08-24T11:33:29.338+03:30 DEBUG 1188 --- [ChiDaram App] [           main] org.hibernate.orm.results                : Initializer list:
	  com.example.chi_daram.entity.User(217224663531900).roles -> SelectEagerCollectionInitializer(com.example.chi_daram.entity.User(217224663531900).roles)@622830380 (PluralAttribute(com.example.chi_daram.entity.User.roles))
	  com.example.chi_daram.entity.User(217224663531900) -> EntityResultInitializer(com.example.chi_daram.entity.User(217224663531900))@605159581 (SingleTableEntityPersister(com.example.chi_daram.entity.User))

2025-08-24T11:33:29.338+03:30 DEBUG 1188 --- [ChiDaram App] [           main] org.hibernate.SQL                        : select u1_0.id,u1_0.account_non_expired,u1_0.account_non_locked,u1_0.credentials_non_expired,u1_0.description,u1_0.enabled,u1_0.otp_code,u1_0.otp_enabled_for_login,u1_0.otp_generated_time,u1_0.password,u1_0.phone_number,u1_0.title,u1_0.username from "user_security" u1_0 where u1_0.username=?
2025-08-24T11:33:29.340+03:30 DEBUG 1188 --- [ChiDaram App] [           main] org.hibernate.orm.results                : Extracted JDBC value [0] - [207]
2025-08-24T11:33:29.340+03:30 DEBUG 1188 --- [ChiDaram App] [           main] o.hibernate.orm.results.loading.entity   : (EntityResultInitializer) Hydrated EntityKey (com.example.chi_daram.entity.User(217224663531900)): 207
2025-08-24T11:33:29.341+03:30 DEBUG 1188 --- [ChiDaram App] [           main] o.h.o.r.l.o.h.o.r.loading.collection     : (SelectEagerCollectionInitializer) Current row collection key : com.example.chi_daram.entity.User(217224663531900).roles#207
2025-08-24T11:33:29.341+03:30 DEBUG 1188 --- [ChiDaram App] [           main] o.hibernate.orm.results.loading.entity   : (EntityResultInitializer) Created new entity instance [com.example.chi_daram.entity.User(217224663531900)#207] : 496182804
2025-08-24T11:33:29.341+03:30 DEBUG 1188 --- [ChiDaram App] [           main] org.hibernate.orm.results                : Extracted JDBC value [1] - [true]
2025-08-24T11:33:29.342+03:30 DEBUG 1188 --- [ChiDaram App] [           main] org.hibernate.orm.results                : Extracted JDBC value [2] - [true]
2025-08-24T11:33:29.342+03:30 DEBUG 1188 --- [ChiDaram App] [           main] org.hibernate.orm.results                : Extracted JDBC value [3] - [true]
2025-08-24T11:33:29.342+03:30 DEBUG 1188 --- [ChiDaram App] [           main] org.hibernate.orm.results                : Extracted JDBC value [4] - [Desc]
2025-08-24T11:33:29.342+03:30 DEBUG 1188 --- [ChiDaram App] [           main] org.hibernate.orm.results                : Extracted JDBC value [5] - [true]
2025-08-24T11:33:29.342+03:30 DEBUG 1188 --- [ChiDaram App] [           main] org.hibernate.orm.results                : Extracted JDBC value [6] - [null]
2025-08-24T11:33:29.342+03:30 DEBUG 1188 --- [ChiDaram App] [           main] org.hibernate.orm.results                : Extracted JDBC value [7] - [false]
2025-08-24T11:33:29.342+03:30 DEBUG 1188 --- [ChiDaram App] [           main] org.hibernate.orm.results                : Extracted JDBC value [8] - [null]
2025-08-24T11:33:29.342+03:30 DEBUG 1188 --- [ChiDaram App] [           main] org.hibernate.orm.results                : Extracted JDBC value [9] - [$2a$10$.hICwCBQ03Bd1vig9kGtu.I3n2LzRbPW0yT0/CjfzWeg2AUYgCuv6]
2025-08-24T11:33:29.342+03:30 DEBUG 1188 --- [ChiDaram App] [           main] org.hibernate.orm.results                : Extracted JDBC value [10] - [09121234567]
2025-08-24T11:33:29.342+03:30 DEBUG 1188 --- [ChiDaram App] [           main] org.hibernate.orm.results                : Extracted JDBC value [11] - [Integration Test User]
2025-08-24T11:33:29.342+03:30 DEBUG 1188 --- [ChiDaram App] [           main] org.hibernate.orm.results                : Extracted JDBC value [12] - [testuser_int]
2025-08-24T11:33:29.344+03:30 DEBUG 1188 --- [ChiDaram App] [           main] o.hibernate.orm.results.loading.entity   : (EntityResultInitializer) Done materializing entityInstance : com.example.chi_daram.entity.User(217224663531900)#207
2025-08-24T11:33:29.344+03:30 DEBUG 1188 --- [ChiDaram App] [           main] org.hibernate.orm.results.loading        : Calling top-level assembler (0 / 1) : org.hibernate.sql.results.graph.entity.internal.EntityAssembler@3c30a41b
2025-08-24T11:33:29.344+03:30 DEBUG 1188 --- [ChiDaram App] [           main] org.hibernate.orm.sql.exec               : Skipping reading Query result cache data: cache-enabled = false, cache-mode = IGNORE
2025-08-24T11:33:29.346+03:30 DEBUG 1188 --- [ChiDaram App] [           main] org.hibernate.orm.results                : Initializer list:
	  com.example.chi_daram.entity.User.roles -> SetInitializer(com.example.chi_daram.entity.User.roles)@378363700 (PluralAttribute(com.example.chi_daram.entity.User.roles))

2025-08-24T11:33:29.346+03:30 DEBUG 1188 --- [ChiDaram App] [           main] org.hibernate.SQL                        : select r1_0.user_id,r1_0.role from user_roles r1_0 where r1_0.user_id=?
2025-08-24T11:33:29.347+03:30 DEBUG 1188 --- [ChiDaram App] [           main] org.hibernate.orm.results                : Extracted JDBC value [0] - [207]
2025-08-24T11:33:29.347+03:30 DEBUG 1188 --- [ChiDaram App] [           main] o.h.o.r.l.o.h.o.r.loading.collection     : (SetInitializer) Current row collection key : com.example.chi_daram.entity.User.roles#207
2025-08-24T11:33:29.348+03:30 DEBUG 1188 --- [ChiDaram App] [           main] o.h.o.r.l.o.h.o.r.loading.collection     : (SetInitializer) Responsible for loading collection [com.example.chi_daram.entity.User.roles#207] : org.hibernate.collection.spi.PersistentSet@691129299
2025-08-24T11:33:29.350+03:30 DEBUG 1188 --- [ChiDaram App] [           main] o.h.o.r.l.o.h.o.r.loading.collection     : (SetInitializer) Reading element from row for collection [com.example.chi_daram.entity.User.roles#207] -> org.hibernate.collection.spi.PersistentSet@691129299
2025-08-24T11:33:29.350+03:30 DEBUG 1188 --- [ChiDaram App] [           main] org.hibernate.orm.results                : Extracted JDBC value [1] - [USER]
2025-08-24T11:33:29.350+03:30 DEBUG 1188 --- [ChiDaram App] [           main] org.hibernate.orm.results.loading        : Calling top-level assembler (0 / 1) : org.hibernate.sql.results.graph.collection.internal.CollectionAssembler@c4b2c69
2025-08-24T11:33:29.350+03:30 DEBUG 1188 --- [ChiDaram App] [           main] o.h.sql.results.internal.ResultsHelper   : Collection fully initialized: [com.example.chi_daram.entity.User.roles#207]
2025-08-24T11:33:29.630+03:30 DEBUG 1188 --- [ChiDaram App] [           main] o.s.orm.jpa.JpaTransactionManager        : Creating new transaction with name [com.example.chi_daram.service.impl.UserServiceImpl.getUserByUsername]: PROPAGATION_REQUIRED,ISOLATION_DEFAULT,readOnly
2025-08-24T11:33:29.631+03:30 DEBUG 1188 --- [ChiDaram App] [           main] o.s.orm.jpa.JpaTransactionManager        : Opened new EntityManager [SessionImpl(1891874347<open>)] for JPA transaction
2025-08-24T11:33:29.631+03:30 DEBUG 1188 --- [ChiDaram App] [           main] o.h.e.t.internal.TransactionImpl         : On TransactionImpl creation, JpaCompliance#isJpaTransactionComplianceEnabled == false
2025-08-24T11:33:29.631+03:30 DEBUG 1188 --- [ChiDaram App] [           main] o.h.e.t.internal.TransactionImpl         : begin
2025-08-24T11:33:29.632+03:30 DEBUG 1188 --- [ChiDaram App] [           main] o.s.orm.jpa.JpaTransactionManager        : Exposing JPA transaction as JDBC [org.springframework.orm.jpa.vendor.HibernateJpaDialect$HibernateConnectionHandle@316b0194]
2025-08-24T11:33:29.633+03:30 DEBUG 1188 --- [ChiDaram App] [           main] org.hibernate.orm.sql.ast.create         : Created new SQL alias : u1_0
2025-08-24T11:33:29.634+03:30 DEBUG 1188 --- [ChiDaram App] [           main] org.hibernate.orm.sql.ast.create         : Registration of TableGroup [StandardTableGroup(com.example.chi_daram.entity.User(217224663531900))] with identifierForTableGroup [com.example.chi_daram.entity.User] for NavigablePath [com.example.chi_daram.entity.User] 
2025-08-24T11:33:29.635+03:30 DEBUG 1188 --- [ChiDaram App] [           main] o.h.q.sqm.sql.BaseSqmToSqlAstConverter   : Determining mapping-model type for SqmParameter : org.hibernate.query.sqm.tree.expression.SqmJpaCriteriaParameterWrapper@169b16dd
2025-08-24T11:33:29.635+03:30 DEBUG 1188 --- [ChiDaram App] [           main] o.h.q.sqm.sql.BaseSqmToSqlAstConverter   : Determining mapping-model type for SqmPath : SqmBasicValuedSimplePath(com.example.chi_daram.entity.User(217224663531900).username) 
2025-08-24T11:33:29.636+03:30 DEBUG 1188 --- [ChiDaram App] [           main] org.hibernate.orm.results.graph.AST      : DomainResult Graph:
 \-EntityResultImpl [com.example.chi_daram.entity.User(217224663531900)]
 |  +-BasicFetch [com.example.chi_daram.entity.User(217224663531900).accountNonExpired]
 |  +-BasicFetch [com.example.chi_daram.entity.User(217224663531900).accountNonLocked]
 |  +-BasicFetch [com.example.chi_daram.entity.User(217224663531900).credentialsNonExpired]
 |  +-BasicFetch [com.example.chi_daram.entity.User(217224663531900).description]
 |  +-BasicFetch [com.example.chi_daram.entity.User(217224663531900).enabled]
 |  +-BasicFetch [com.example.chi_daram.entity.User(217224663531900).otpCode]
 |  +-BasicFetch [com.example.chi_daram.entity.User(217224663531900).otpEnabledForLogin]
 |  +-BasicFetch [com.example.chi_daram.entity.User(217224663531900).otpGeneratedTime]
 |  +-BasicFetch [com.example.chi_daram.entity.User(217224663531900).password]
 |  +-BasicFetch [com.example.chi_daram.entity.User(217224663531900).phoneNumber]
 |  +-SelectEagerCollectionFetch [com.example.chi_daram.entity.User(217224663531900).roles]
 |  +-BasicFetch [com.example.chi_daram.entity.User(217224663531900).title]
 |  \-BasicFetch [com.example.chi_daram.entity.User(217224663531900).username]

2025-08-24T11:33:29.637+03:30 DEBUG 1188 --- [ChiDaram App] [           main] org.hibernate.orm.sql.ast.tree           : SQL AST Tree:
    SelectStatement {
      FromClause {
        StandardTableGroup (u1 : com.example.chi_daram.entity.User(217224663531900)) {
          primaryTableReference : "user_security" as u1_0
        }
      }
    }

2025-08-24T11:33:29.640+03:30 DEBUG 1188 --- [ChiDaram App] [           main] org.hibernate.orm.sql.exec               : Skipping reading Query result cache data: cache-enabled = false, cache-mode = NORMAL
2025-08-24T11:33:29.641+03:30 DEBUG 1188 --- [ChiDaram App] [           main] org.hibernate.orm.results                : Initializer list:
	  com.example.chi_daram.entity.User(217224663531900).roles -> SelectEagerCollectionInitializer(com.example.chi_daram.entity.User(217224663531900).roles)@1207377744 (PluralAttribute(com.example.chi_daram.entity.User.roles))
	  com.example.chi_daram.entity.User(217224663531900) -> EntityResultInitializer(com.example.chi_daram.entity.User(217224663531900))@160748685 (SingleTableEntityPersister(com.example.chi_daram.entity.User))

2025-08-24T11:33:29.642+03:30 DEBUG 1188 --- [ChiDaram App] [           main] org.hibernate.SQL                        : select u1_0.id,u1_0.account_non_expired,u1_0.account_non_locked,u1_0.credentials_non_expired,u1_0.description,u1_0.enabled,u1_0.otp_code,u1_0.otp_enabled_for_login,u1_0.otp_generated_time,u1_0.password,u1_0.phone_number,u1_0.title,u1_0.username from "user_security" u1_0 where u1_0.username=?
2025-08-24T11:33:29.643+03:30 DEBUG 1188 --- [ChiDaram App] [           main] org.hibernate.orm.results                : Extracted JDBC value [0] - [207]
2025-08-24T11:33:29.644+03:30 DEBUG 1188 --- [ChiDaram App] [           main] o.hibernate.orm.results.loading.entity   : (EntityResultInitializer) Hydrated EntityKey (com.example.chi_daram.entity.User(217224663531900)): 207
2025-08-24T11:33:29.644+03:30 DEBUG 1188 --- [ChiDaram App] [           main] o.h.o.r.l.o.h.o.r.loading.collection     : (SelectEagerCollectionInitializer) Current row collection key : com.example.chi_daram.entity.User(217224663531900).roles#207
2025-08-24T11:33:29.644+03:30 DEBUG 1188 --- [ChiDaram App] [           main] o.hibernate.orm.results.loading.entity   : (EntityResultInitializer) Created new entity instance [com.example.chi_daram.entity.User(217224663531900)#207] : 1741499658
2025-08-24T11:33:29.644+03:30 DEBUG 1188 --- [ChiDaram App] [           main] org.hibernate.orm.results                : Extracted JDBC value [1] - [true]
2025-08-24T11:33:29.645+03:30 DEBUG 1188 --- [ChiDaram App] [           main] org.hibernate.orm.results                : Extracted JDBC value [2] - [true]
2025-08-24T11:33:29.645+03:30 DEBUG 1188 --- [ChiDaram App] [           main] org.hibernate.orm.results                : Extracted JDBC value [3] - [true]
2025-08-24T11:33:29.645+03:30 DEBUG 1188 --- [ChiDaram App] [           main] org.hibernate.orm.results                : Extracted JDBC value [4] - [Desc]
2025-08-24T11:33:29.645+03:30 DEBUG 1188 --- [ChiDaram App] [           main] org.hibernate.orm.results                : Extracted JDBC value [5] - [true]
2025-08-24T11:33:29.645+03:30 DEBUG 1188 --- [ChiDaram App] [           main] org.hibernate.orm.results                : Extracted JDBC value [6] - [null]
2025-08-24T11:33:29.645+03:30 DEBUG 1188 --- [ChiDaram App] [           main] org.hibernate.orm.results                : Extracted JDBC value [7] - [false]
2025-08-24T11:33:29.645+03:30 DEBUG 1188 --- [ChiDaram App] [           main] org.hibernate.orm.results                : Extracted JDBC value [8] - [null]
2025-08-24T11:33:29.646+03:30 DEBUG 1188 --- [ChiDaram App] [           main] org.hibernate.orm.results                : Extracted JDBC value [9] - [$2a$10$.hICwCBQ03Bd1vig9kGtu.I3n2LzRbPW0yT0/CjfzWeg2AUYgCuv6]
2025-08-24T11:33:29.646+03:30 DEBUG 1188 --- [ChiDaram App] [           main] org.hibernate.orm.results                : Extracted JDBC value [10] - [09121234567]
2025-08-24T11:33:29.646+03:30 DEBUG 1188 --- [ChiDaram App] [           main] org.hibernate.orm.results                : Extracted JDBC value [11] - [Integration Test User]
2025-08-24T11:33:29.646+03:30 DEBUG 1188 --- [ChiDaram App] [           main] org.hibernate.orm.results                : Extracted JDBC value [12] - [testuser_int]
2025-08-24T11:33:29.647+03:30 DEBUG 1188 --- [ChiDaram App] [           main] o.hibernate.orm.results.loading.entity   : (EntityResultInitializer) Done materializing entityInstance : com.example.chi_daram.entity.User(217224663531900)#207
2025-08-24T11:33:29.647+03:30 DEBUG 1188 --- [ChiDaram App] [           main] org.hibernate.orm.results.loading        : Calling top-level assembler (0 / 1) : org.hibernate.sql.results.graph.entity.internal.EntityAssembler@2d6b2be7
2025-08-24T11:33:29.648+03:30 DEBUG 1188 --- [ChiDaram App] [           main] org.hibernate.orm.sql.exec               : Skipping reading Query result cache data: cache-enabled = false, cache-mode = IGNORE
2025-08-24T11:33:29.648+03:30 DEBUG 1188 --- [ChiDaram App] [           main] org.hibernate.orm.results                : Initializer list:
	  com.example.chi_daram.entity.User.roles -> SetInitializer(com.example.chi_daram.entity.User.roles)@1222069172 (PluralAttribute(com.example.chi_daram.entity.User.roles))

2025-08-24T11:33:29.649+03:30 DEBUG 1188 --- [ChiDaram App] [           main] org.hibernate.SQL                        : select r1_0.user_id,r1_0.role from user_roles r1_0 where r1_0.user_id=?
2025-08-24T11:33:29.652+03:30 DEBUG 1188 --- [ChiDaram App] [           main] org.hibernate.orm.results                : Extracted JDBC value [0] - [207]
2025-08-24T11:33:29.652+03:30 DEBUG 1188 --- [ChiDaram App] [           main] o.h.o.r.l.o.h.o.r.loading.collection     : (SetInitializer) Current row collection key : com.example.chi_daram.entity.User.roles#207
2025-08-24T11:33:29.652+03:30 DEBUG 1188 --- [ChiDaram App] [           main] o.h.o.r.l.o.h.o.r.loading.collection     : (SetInitializer) Responsible for loading collection [com.example.chi_daram.entity.User.roles#207] : org.hibernate.collection.spi.PersistentSet@1221766594
2025-08-24T11:33:29.653+03:30 DEBUG 1188 --- [ChiDaram App] [           main] o.h.o.r.l.o.h.o.r.loading.collection     : (SetInitializer) Reading element from row for collection [com.example.chi_daram.entity.User.roles#207] -> org.hibernate.collection.spi.PersistentSet@1221766594
2025-08-24T11:33:29.653+03:30 DEBUG 1188 --- [ChiDaram App] [           main] org.hibernate.orm.results                : Extracted JDBC value [1] - [USER]
2025-08-24T11:33:29.653+03:30 DEBUG 1188 --- [ChiDaram App] [           main] org.hibernate.orm.results.loading        : Calling top-level assembler (0 / 1) : org.hibernate.sql.results.graph.collection.internal.CollectionAssembler@6fdda7fe
2025-08-24T11:33:29.655+03:30 DEBUG 1188 --- [ChiDaram App] [           main] o.h.sql.results.internal.ResultsHelper   : Collection fully initialized: [com.example.chi_daram.entity.User.roles#207]
2025-08-24T11:33:29.657+03:30 DEBUG 1188 --- [ChiDaram App] [           main] o.s.orm.jpa.JpaTransactionManager        : Initiating transaction commit
2025-08-24T11:33:29.657+03:30 DEBUG 1188 --- [ChiDaram App] [           main] o.s.orm.jpa.JpaTransactionManager        : Committing JPA transaction on EntityManager [SessionImpl(1891874347<open>)]
2025-08-24T11:33:29.657+03:30 DEBUG 1188 --- [ChiDaram App] [           main] o.h.e.t.internal.TransactionImpl         : committing
2025-08-24T11:33:29.660+03:30 DEBUG 1188 --- [ChiDaram App] [           main] o.s.orm.jpa.JpaTransactionManager        : Closing JPA EntityManager [SessionImpl(1891874347<open>)] after transaction
2025-08-24T11:33:29.697+03:30 DEBUG 1188 --- [ChiDaram App] [           main] tor$SharedEntityManagerInvocationHandler : Creating new EntityManager for shared EntityManager invocation
2025-08-24T11:33:29.699+03:30 DEBUG 1188 --- [ChiDaram App] [           main] org.hibernate.orm.sql.ast.create         : Created new SQL alias : u1_0
2025-08-24T11:33:29.700+03:30 DEBUG 1188 --- [ChiDaram App] [           main] org.hibernate.orm.sql.ast.create         : Registration of TableGroup [StandardTableGroup(com.example.chi_daram.entity.User(217224663531900))] with identifierForTableGroup [com.example.chi_daram.entity.User] for NavigablePath [com.example.chi_daram.entity.User] 
2025-08-24T11:33:29.701+03:30 DEBUG 1188 --- [ChiDaram App] [           main] o.h.q.sqm.sql.BaseSqmToSqlAstConverter   : Determining mapping-model type for SqmParameter : org.hibernate.query.sqm.tree.expression.SqmJpaCriteriaParameterWrapper@4ae707c
2025-08-24T11:33:29.701+03:30 DEBUG 1188 --- [ChiDaram App] [           main] o.h.q.sqm.sql.BaseSqmToSqlAstConverter   : Determining mapping-model type for SqmPath : SqmBasicValuedSimplePath(com.example.chi_daram.entity.User(217224663531900).username) 
2025-08-24T11:33:29.702+03:30 DEBUG 1188 --- [ChiDaram App] [           main] org.hibernate.orm.results.graph.AST      : DomainResult Graph:
 \-EntityResultImpl [com.example.chi_daram.entity.User(217224663531900)]
 |  +-BasicFetch [com.example.chi_daram.entity.User(217224663531900).accountNonExpired]
 |  +-BasicFetch [com.example.chi_daram.entity.User(217224663531900).accountNonLocked]
 |  +-BasicFetch [com.example.chi_daram.entity.User(217224663531900).credentialsNonExpired]
 |  +-BasicFetch [com.example.chi_daram.entity.User(217224663531900).description]
 |  +-BasicFetch [com.example.chi_daram.entity.User(217224663531900).enabled]
 |  +-BasicFetch [com.example.chi_daram.entity.User(217224663531900).otpCode]
 |  +-BasicFetch [com.example.chi_daram.entity.User(217224663531900).otpEnabledForLogin]
 |  +-BasicFetch [com.example.chi_daram.entity.User(217224663531900).otpGeneratedTime]
 |  +-BasicFetch [com.example.chi_daram.entity.User(217224663531900).password]
 |  +-BasicFetch [com.example.chi_daram.entity.User(217224663531900).phoneNumber]
 |  +-SelectEagerCollectionFetch [com.example.chi_daram.entity.User(217224663531900).roles]
 |  +-BasicFetch [com.example.chi_daram.entity.User(217224663531900).title]
 |  \-BasicFetch [com.example.chi_daram.entity.User(217224663531900).username]

2025-08-24T11:33:29.704+03:30 DEBUG 1188 --- [ChiDaram App] [           main] org.hibernate.orm.sql.ast.tree           : SQL AST Tree:
    SelectStatement {
      FromClause {
        StandardTableGroup (u1 : com.example.chi_daram.entity.User(217224663531900)) {
          primaryTableReference : "user_security" as u1_0
        }
      }
    }

2025-08-24T11:33:29.707+03:30 DEBUG 1188 --- [ChiDaram App] [           main] org.hibernate.orm.sql.exec               : Skipping reading Query result cache data: cache-enabled = false, cache-mode = NORMAL
2025-08-24T11:33:29.707+03:30 DEBUG 1188 --- [ChiDaram App] [           main] org.hibernate.orm.results                : Initializer list:
	  com.example.chi_daram.entity.User(217224663531900).roles -> SelectEagerCollectionInitializer(com.example.chi_daram.entity.User(217224663531900).roles)@1001108055 (PluralAttribute(com.example.chi_daram.entity.User.roles))
	  com.example.chi_daram.entity.User(217224663531900) -> EntityResultInitializer(com.example.chi_daram.entity.User(217224663531900))@1282476238 (SingleTableEntityPersister(com.example.chi_daram.entity.User))

2025-08-24T11:33:29.708+03:30 DEBUG 1188 --- [ChiDaram App] [           main] org.hibernate.SQL                        : select u1_0.id,u1_0.account_non_expired,u1_0.account_non_locked,u1_0.credentials_non_expired,u1_0.description,u1_0.enabled,u1_0.otp_code,u1_0.otp_enabled_for_login,u1_0.otp_generated_time,u1_0.password,u1_0.phone_number,u1_0.title,u1_0.username from "user_security" u1_0 where u1_0.username=?
2025-08-24T11:33:29.710+03:30 DEBUG 1188 --- [ChiDaram App] [           main] org.hibernate.orm.results                : Extracted JDBC value [0] - [207]
2025-08-24T11:33:29.710+03:30 DEBUG 1188 --- [ChiDaram App] [           main] o.hibernate.orm.results.loading.entity   : (EntityResultInitializer) Hydrated EntityKey (com.example.chi_daram.entity.User(217224663531900)): 207
2025-08-24T11:33:29.710+03:30 DEBUG 1188 --- [ChiDaram App] [           main] o.h.o.r.l.o.h.o.r.loading.collection     : (SelectEagerCollectionInitializer) Current row collection key : com.example.chi_daram.entity.User(217224663531900).roles#207
2025-08-24T11:33:29.710+03:30 DEBUG 1188 --- [ChiDaram App] [           main] o.hibernate.orm.results.loading.entity   : (EntityResultInitializer) Created new entity instance [com.example.chi_daram.entity.User(217224663531900)#207] : 2008261824
2025-08-24T11:33:29.711+03:30 DEBUG 1188 --- [ChiDaram App] [           main] org.hibernate.orm.results                : Extracted JDBC value [1] - [true]
2025-08-24T11:33:29.711+03:30 DEBUG 1188 --- [ChiDaram App] [           main] org.hibernate.orm.results                : Extracted JDBC value [2] - [true]
2025-08-24T11:33:29.711+03:30 DEBUG 1188 --- [ChiDaram App] [           main] org.hibernate.orm.results                : Extracted JDBC value [3] - [true]
2025-08-24T11:33:29.711+03:30 DEBUG 1188 --- [ChiDaram App] [           main] org.hibernate.orm.results                : Extracted JDBC value [4] - [Desc]
2025-08-24T11:33:29.712+03:30 DEBUG 1188 --- [ChiDaram App] [           main] org.hibernate.orm.results                : Extracted JDBC value [5] - [true]
2025-08-24T11:33:29.712+03:30 DEBUG 1188 --- [ChiDaram App] [           main] org.hibernate.orm.results                : Extracted JDBC value [6] - [null]
2025-08-24T11:33:29.712+03:30 DEBUG 1188 --- [ChiDaram App] [           main] org.hibernate.orm.results                : Extracted JDBC value [7] - [false]
2025-08-24T11:33:29.712+03:30 DEBUG 1188 --- [ChiDaram App] [           main] org.hibernate.orm.results                : Extracted JDBC value [8] - [null]
2025-08-24T11:33:29.712+03:30 DEBUG 1188 --- [ChiDaram App] [           main] org.hibernate.orm.results                : Extracted JDBC value [9] - [$2a$10$.hICwCBQ03Bd1vig9kGtu.I3n2LzRbPW0yT0/CjfzWeg2AUYgCuv6]
2025-08-24T11:33:29.712+03:30 DEBUG 1188 --- [ChiDaram App] [           main] org.hibernate.orm.results                : Extracted JDBC value [10] - [09121234567]
2025-08-24T11:33:29.712+03:30 DEBUG 1188 --- [ChiDaram App] [           main] org.hibernate.orm.results                : Extracted JDBC value [11] - [Integration Test User]
2025-08-24T11:33:29.712+03:30 DEBUG 1188 --- [ChiDaram App] [           main] org.hibernate.orm.results                : Extracted JDBC value [12] - [testuser_int]
2025-08-24T11:33:29.712+03:30 DEBUG 1188 --- [ChiDaram App] [           main] o.hibernate.orm.results.loading.entity   : (EntityResultInitializer) Done materializing entityInstance : com.example.chi_daram.entity.User(217224663531900)#207
2025-08-24T11:33:29.713+03:30 DEBUG 1188 --- [ChiDaram App] [           main] org.hibernate.orm.results.loading        : Calling top-level assembler (0 / 1) : org.hibernate.sql.results.graph.entity.internal.EntityAssembler@1bdaa131
2025-08-24T11:33:29.715+03:30 DEBUG 1188 --- [ChiDaram App] [           main] org.hibernate.orm.sql.exec               : Skipping reading Query result cache data: cache-enabled = false, cache-mode = IGNORE
2025-08-24T11:33:29.715+03:30 DEBUG 1188 --- [ChiDaram App] [           main] org.hibernate.orm.results                : Initializer list:
	  com.example.chi_daram.entity.User.roles -> SetInitializer(com.example.chi_daram.entity.User.roles)@1861150319 (PluralAttribute(com.example.chi_daram.entity.User.roles))

2025-08-24T11:33:29.716+03:30 DEBUG 1188 --- [ChiDaram App] [           main] org.hibernate.SQL                        : select r1_0.user_id,r1_0.role from user_roles r1_0 where r1_0.user_id=?
2025-08-24T11:33:29.726+03:30 DEBUG 1188 --- [ChiDaram App] [           main] org.hibernate.orm.results                : Extracted JDBC value [0] - [207]
2025-08-24T11:33:29.726+03:30 DEBUG 1188 --- [ChiDaram App] [           main] o.h.o.r.l.o.h.o.r.loading.collection     : (SetInitializer) Current row collection key : com.example.chi_daram.entity.User.roles#207
2025-08-24T11:33:29.726+03:30 DEBUG 1188 --- [ChiDaram App] [           main] o.h.o.r.l.o.h.o.r.loading.collection     : (SetInitializer) Responsible for loading collection [com.example.chi_daram.entity.User.roles#207] : org.hibernate.collection.spi.PersistentSet@868283776
2025-08-24T11:33:29.726+03:30 DEBUG 1188 --- [ChiDaram App] [           main] o.h.o.r.l.o.h.o.r.loading.collection     : (SetInitializer) Reading element from row for collection [com.example.chi_daram.entity.User.roles#207] -> org.hibernate.collection.spi.PersistentSet@868283776
2025-08-24T11:33:29.726+03:30 DEBUG 1188 --- [ChiDaram App] [           main] org.hibernate.orm.results                : Extracted JDBC value [1] - [USER]
2025-08-24T11:33:29.726+03:30 DEBUG 1188 --- [ChiDaram App] [           main] org.hibernate.orm.results.loading        : Calling top-level assembler (0 / 1) : org.hibernate.sql.results.graph.collection.internal.CollectionAssembler@7ed4bf20
2025-08-24T11:33:29.727+03:30 DEBUG 1188 --- [ChiDaram App] [           main] o.h.sql.results.internal.ResultsHelper   : Collection fully initialized: [com.example.chi_daram.entity.User.roles#207]
2025-08-24T11:33:29.747+03:30 DEBUG 1188 --- [ChiDaram App] [           main] o.s.orm.jpa.JpaTransactionManager        : Creating new transaction with name [com.example.chi_daram.service.impl.UserServiceImpl.updateUser]: PROPAGATION_REQUIRED,ISOLATION_DEFAULT
2025-08-24T11:33:29.748+03:30 DEBUG 1188 --- [ChiDaram App] [           main] o.s.orm.jpa.JpaTransactionManager        : Opened new EntityManager [SessionImpl(1721545671<open>)] for JPA transaction
2025-08-24T11:33:29.749+03:30 DEBUG 1188 --- [ChiDaram App] [           main] o.h.e.t.internal.TransactionImpl         : On TransactionImpl creation, JpaCompliance#isJpaTransactionComplianceEnabled == false
2025-08-24T11:33:29.749+03:30 DEBUG 1188 --- [ChiDaram App] [           main] o.h.e.t.internal.TransactionImpl         : begin
2025-08-24T11:33:29.749+03:30 DEBUG 1188 --- [ChiDaram App] [           main] o.s.orm.jpa.JpaTransactionManager        : Exposing JPA transaction as JDBC [org.springframework.orm.jpa.vendor.HibernateJpaDialect$HibernateConnectionHandle@3675ad98]
2025-08-24T11:33:29.749+03:30 DEBUG 1188 --- [ChiDaram App] [           main] o.s.orm.jpa.JpaTransactionManager        : Found thread-bound EntityManager [SessionImpl(1721545671<open>)] for JPA transaction
2025-08-24T11:33:29.749+03:30 DEBUG 1188 --- [ChiDaram App] [           main] o.s.orm.jpa.JpaTransactionManager        : Participating in existing transaction
2025-08-24T11:33:29.750+03:30 DEBUG 1188 --- [ChiDaram App] [           main] org.hibernate.orm.sql.exec               : Skipping reading Query result cache data: cache-enabled = false, cache-mode = IGNORE
2025-08-24T11:33:29.751+03:30 DEBUG 1188 --- [ChiDaram App] [           main] org.hibernate.orm.results                : Initializer list:
	  com.example.chi_daram.entity.User.roles -> SetInitializer(com.example.chi_daram.entity.User.roles)@790622241 (PluralAttribute(com.example.chi_daram.entity.User.roles))
	  com.example.chi_daram.entity.User -> EntityResultInitializer(com.example.chi_daram.entity.User)@1300006260 (SingleTableEntityPersister(com.example.chi_daram.entity.User))

2025-08-24T11:33:29.751+03:30 DEBUG 1188 --- [ChiDaram App] [           main] org.hibernate.SQL                        : select u1_0.id,u1_0.account_non_expired,u1_0.account_non_locked,u1_0.credentials_non_expired,u1_0.description,u1_0.enabled,u1_0.otp_code,u1_0.otp_enabled_for_login,u1_0.otp_generated_time,u1_0.password,u1_0.phone_number,r1_0.user_id,r1_0.role,u1_0.title,u1_0.username from "user_security" u1_0 left join user_roles r1_0 on u1_0.id=r1_0.user_id where u1_0.id=?
2025-08-24T11:33:29.760+03:30 DEBUG 1188 --- [ChiDaram App] [           main] o.hibernate.orm.results.loading.entity   : (EntityResultInitializer) Hydrated EntityKey (com.example.chi_daram.entity.User): 207
2025-08-24T11:33:29.760+03:30 DEBUG 1188 --- [ChiDaram App] [           main] o.h.o.r.l.o.h.o.r.loading.collection     : (SetInitializer) Current row collection key : com.example.chi_daram.entity.User.roles#207
2025-08-24T11:33:29.760+03:30 DEBUG 1188 --- [ChiDaram App] [           main] org.hibernate.orm.results                : Extracted JDBC value [11] - [207]
2025-08-24T11:33:29.760+03:30 DEBUG 1188 --- [ChiDaram App] [           main] o.hibernate.orm.results.loading.entity   : (EntityResultInitializer) Created new entity instance [com.example.chi_daram.entity.User#207] : 87098587
2025-08-24T11:33:29.760+03:30 DEBUG 1188 --- [ChiDaram App] [           main] o.h.o.r.l.o.h.o.r.loading.collection     : (SetInitializer) Created new collection wrapper [com.example.chi_daram.entity.User.roles#207] : org.hibernate.collection.spi.PersistentSet@743405100
2025-08-24T11:33:29.761+03:30 DEBUG 1188 --- [ChiDaram App] [           main] o.h.o.r.l.o.h.o.r.loading.collection     : (SetInitializer) Responsible for loading collection [com.example.chi_daram.entity.User.roles#207] : org.hibernate.collection.spi.PersistentSet@743405100
2025-08-24T11:33:29.761+03:30 DEBUG 1188 --- [ChiDaram App] [           main] o.h.o.r.l.o.h.o.r.loading.collection     : (SetInitializer) Reading element from row for collection [com.example.chi_daram.entity.User.roles#207] -> org.hibernate.collection.spi.PersistentSet@743405100
2025-08-24T11:33:29.761+03:30 DEBUG 1188 --- [ChiDaram App] [           main] org.hibernate.orm.results                : Extracted JDBC value [12] - [USER]
2025-08-24T11:33:29.761+03:30 DEBUG 1188 --- [ChiDaram App] [           main] org.hibernate.orm.results                : Extracted JDBC value [1] - [true]
2025-08-24T11:33:29.761+03:30 DEBUG 1188 --- [ChiDaram App] [           main] org.hibernate.orm.results                : Extracted JDBC value [2] - [true]
2025-08-24T11:33:29.761+03:30 DEBUG 1188 --- [ChiDaram App] [           main] org.hibernate.orm.results                : Extracted JDBC value [3] - [true]
2025-08-24T11:33:29.761+03:30 DEBUG 1188 --- [ChiDaram App] [           main] org.hibernate.orm.results                : Extracted JDBC value [4] - [Desc]
2025-08-24T11:33:29.761+03:30 DEBUG 1188 --- [ChiDaram App] [           main] org.hibernate.orm.results                : Extracted JDBC value [5] - [true]
2025-08-24T11:33:29.761+03:30 DEBUG 1188 --- [ChiDaram App] [           main] org.hibernate.orm.results                : Extracted JDBC value [6] - [null]
2025-08-24T11:33:29.761+03:30 DEBUG 1188 --- [ChiDaram App] [           main] org.hibernate.orm.results                : Extracted JDBC value [7] - [false]
2025-08-24T11:33:29.761+03:30 DEBUG 1188 --- [ChiDaram App] [           main] org.hibernate.orm.results                : Extracted JDBC value [8] - [null]
2025-08-24T11:33:29.761+03:30 DEBUG 1188 --- [ChiDaram App] [           main] org.hibernate.orm.results                : Extracted JDBC value [9] - [$2a$10$.hICwCBQ03Bd1vig9kGtu.I3n2LzRbPW0yT0/CjfzWeg2AUYgCuv6]
2025-08-24T11:33:29.761+03:30 DEBUG 1188 --- [ChiDaram App] [           main] org.hibernate.orm.results                : Extracted JDBC value [10] - [09121234567]
2025-08-24T11:33:29.761+03:30 DEBUG 1188 --- [ChiDaram App] [           main] org.hibernate.orm.results                : Extracted JDBC value [13] - [Integration Test User]
2025-08-24T11:33:29.762+03:30 DEBUG 1188 --- [ChiDaram App] [           main] org.hibernate.orm.results                : Extracted JDBC value [14] - [testuser_int]
2025-08-24T11:33:29.762+03:30 DEBUG 1188 --- [ChiDaram App] [           main] o.hibernate.orm.results.loading.entity   : (EntityResultInitializer) Done materializing entityInstance : com.example.chi_daram.entity.User#207
2025-08-24T11:33:29.762+03:30 DEBUG 1188 --- [ChiDaram App] [           main] org.hibernate.orm.results.loading        : Calling top-level assembler (0 / 1) : org.hibernate.sql.results.graph.entity.internal.EntityAssembler@ab80f9f
2025-08-24T11:33:29.762+03:30 DEBUG 1188 --- [ChiDaram App] [           main] o.h.sql.results.internal.ResultsHelper   : Collection fully initialized: [com.example.chi_daram.entity.User.roles#207]
2025-08-24T11:33:29.765+03:30 DEBUG 1188 --- [ChiDaram App] [           main] o.h.e.i.AbstractFlushingEventListener    : Processing flush-time cascades
2025-08-24T11:33:29.765+03:30 DEBUG 1188 --- [ChiDaram App] [           main] o.h.e.i.AbstractFlushingEventListener    : Dirty checking collections
2025-08-24T11:33:29.766+03:30 DEBUG 1188 --- [ChiDaram App] [           main] org.hibernate.orm.sql.ast.create         : Created new SQL alias : u1_0
2025-08-24T11:33:29.766+03:30 DEBUG 1188 --- [ChiDaram App] [           main] org.hibernate.orm.sql.ast.create         : Registration of TableGroup [StandardTableGroup(com.example.chi_daram.entity.User(217224663531900))] with identifierForTableGroup [com.example.chi_daram.entity.User] for NavigablePath [com.example.chi_daram.entity.User] 
2025-08-24T11:33:29.767+03:30 DEBUG 1188 --- [ChiDaram App] [           main] o.h.q.sqm.sql.BaseSqmToSqlAstConverter   : Determining mapping-model type for SqmParameter : org.hibernate.query.sqm.tree.expression.SqmJpaCriteriaParameterWrapper@242ca475
2025-08-24T11:33:29.767+03:30 DEBUG 1188 --- [ChiDaram App] [           main] o.h.q.sqm.sql.BaseSqmToSqlAstConverter   : Determining mapping-model type for SqmPath : SqmBasicValuedSimplePath(com.example.chi_daram.entity.User(217224663531900).username) 
2025-08-24T11:33:29.768+03:30 DEBUG 1188 --- [ChiDaram App] [           main] org.hibernate.orm.results.graph.AST      : DomainResult Graph:
 \-EntityResultImpl [com.example.chi_daram.entity.User(217224663531900)]
 |  +-BasicFetch [com.example.chi_daram.entity.User(217224663531900).accountNonExpired]
 |  +-BasicFetch [com.example.chi_daram.entity.User(217224663531900).accountNonLocked]
 |  +-BasicFetch [com.example.chi_daram.entity.User(217224663531900).credentialsNonExpired]
 |  +-BasicFetch [com.example.chi_daram.entity.User(217224663531900).description]
 |  +-BasicFetch [com.example.chi_daram.entity.User(217224663531900).enabled]
 |  +-BasicFetch [com.example.chi_daram.entity.User(217224663531900).otpCode]
 |  +-BasicFetch [com.example.chi_daram.entity.User(217224663531900).otpEnabledForLogin]
 |  +-BasicFetch [com.example.chi_daram.entity.User(217224663531900).otpGeneratedTime]
 |  +-BasicFetch [com.example.chi_daram.entity.User(217224663531900).password]
 |  +-BasicFetch [com.example.chi_daram.entity.User(217224663531900).phoneNumber]
 |  +-SelectEagerCollectionFetch [com.example.chi_daram.entity.User(217224663531900).roles]
 |  +-BasicFetch [com.example.chi_daram.entity.User(217224663531900).title]
 |  \-BasicFetch [com.example.chi_daram.entity.User(217224663531900).username]

2025-08-24T11:33:29.768+03:30 DEBUG 1188 --- [ChiDaram App] [           main] org.hibernate.orm.sql.ast.tree           : SQL AST Tree:
    SelectStatement {
      FromClause {
        StandardTableGroup (u1 : com.example.chi_daram.entity.User(217224663531900)) {
          primaryTableReference : "user_security" as u1_0
        }
      }
    }

2025-08-24T11:33:29.770+03:30 DEBUG 1188 --- [ChiDaram App] [           main] o.hibernate.engine.internal.Collections  : Collection found: [com.example.chi_daram.entity.User.roles#207], was: [com.example.chi_daram.entity.User.roles#207] (initialized)
2025-08-24T11:33:29.770+03:30 DEBUG 1188 --- [ChiDaram App] [           main] o.h.e.i.AbstractFlushingEventListener    : Flushed: 0 insertions, 0 updates, 0 deletions to 1 objects
2025-08-24T11:33:29.771+03:30 DEBUG 1188 --- [ChiDaram App] [           main] o.h.e.i.AbstractFlushingEventListener    : Flushed: 0 (re)creations, 0 updates, 0 removals to 1 collections
2025-08-24T11:33:29.771+03:30 DEBUG 1188 --- [ChiDaram App] [           main] o.hibernate.internal.util.EntityPrinter  : Listing entities:
2025-08-24T11:33:29.771+03:30 DEBUG 1188 --- [ChiDaram App] [           main] o.hibernate.internal.util.EntityPrinter  : com.example.chi_daram.entity.User{credentialsNonExpired=true, roles=[USER], otpCode=null, description=Desc, title=Integration Test User, enabled=true, otpGeneratedTime=null, password=$2a$10$.hICwCBQ03Bd1vig9kGtu.I3n2LzRbPW0yT0/CjfzWeg2AUYgCuv6, phoneNumber=09121234567, otpEnabledForLogin=false, accountNonExpired=true, id=207, accountNonLocked=true, username=testuser_int}
2025-08-24T11:33:29.771+03:30 DEBUG 1188 --- [ChiDaram App] [           main] org.hibernate.orm.sql.exec               : Skipping reading Query result cache data: cache-enabled = false, cache-mode = NORMAL
2025-08-24T11:33:29.772+03:30 DEBUG 1188 --- [ChiDaram App] [           main] org.hibernate.orm.results                : Initializer list:
	  com.example.chi_daram.entity.User(217224663531900).roles -> SelectEagerCollectionInitializer(com.example.chi_daram.entity.User(217224663531900).roles)@873577040 (PluralAttribute(com.example.chi_daram.entity.User.roles))
	  com.example.chi_daram.entity.User(217224663531900) -> EntityResultInitializer(com.example.chi_daram.entity.User(217224663531900))@1969209259 (SingleTableEntityPersister(com.example.chi_daram.entity.User))

2025-08-24T11:33:29.772+03:30 DEBUG 1188 --- [ChiDaram App] [           main] org.hibernate.SQL                        : select u1_0.id,u1_0.account_non_expired,u1_0.account_non_locked,u1_0.credentials_non_expired,u1_0.description,u1_0.enabled,u1_0.otp_code,u1_0.otp_enabled_for_login,u1_0.otp_generated_time,u1_0.password,u1_0.phone_number,u1_0.title,u1_0.username from "user_security" u1_0 where u1_0.username=?
2025-08-24T11:33:29.779+03:30 DEBUG 1188 --- [ChiDaram App] [           main] o.h.e.i.AbstractFlushingEventListener    : Processing flush-time cascades
2025-08-24T11:33:29.780+03:30 DEBUG 1188 --- [ChiDaram App] [           main] o.h.e.i.AbstractFlushingEventListener    : Dirty checking collections
2025-08-24T11:33:29.781+03:30 DEBUG 1188 --- [ChiDaram App] [           main] org.hibernate.orm.sql.ast.create         : Created new SQL alias : u1_0
2025-08-24T11:33:29.781+03:30 DEBUG 1188 --- [ChiDaram App] [           main] org.hibernate.orm.sql.ast.create         : Registration of TableGroup [StandardTableGroup(com.example.chi_daram.entity.User(217224674979900))] with identifierForTableGroup [com.example.chi_daram.entity.User] for NavigablePath [com.example.chi_daram.entity.User] 
2025-08-24T11:33:29.782+03:30 DEBUG 1188 --- [ChiDaram App] [           main] o.h.q.sqm.sql.BaseSqmToSqlAstConverter   : Determining mapping-model type for SqmParameter : org.hibernate.query.sqm.tree.expression.SqmJpaCriteriaParameterWrapper@547c94ae
2025-08-24T11:33:29.782+03:30 DEBUG 1188 --- [ChiDaram App] [           main] o.h.q.sqm.sql.BaseSqmToSqlAstConverter   : Determining mapping-model type for SqmPath : SqmBasicValuedSimplePath(com.example.chi_daram.entity.User(217224674979900).phoneNumber) 
2025-08-24T11:33:29.783+03:30 DEBUG 1188 --- [ChiDaram App] [           main] org.hibernate.orm.results.graph.AST      : DomainResult Graph:
 \-EntityResultImpl [com.example.chi_daram.entity.User(217224674979900)]
 |  +-BasicFetch [com.example.chi_daram.entity.User(217224674979900).accountNonExpired]
 |  +-BasicFetch [com.example.chi_daram.entity.User(217224674979900).accountNonLocked]
 |  +-BasicFetch [com.example.chi_daram.entity.User(217224674979900).credentialsNonExpired]
 |  +-BasicFetch [com.example.chi_daram.entity.User(217224674979900).description]
 |  +-BasicFetch [com.example.chi_daram.entity.User(217224674979900).enabled]
 |  +-BasicFetch [com.example.chi_daram.entity.User(217224674979900).otpCode]
 |  +-BasicFetch [com.example.chi_daram.entity.User(217224674979900).otpEnabledForLogin]
 |  +-BasicFetch [com.example.chi_daram.entity.User(217224674979900).otpGeneratedTime]
 |  +-BasicFetch [com.example.chi_daram.entity.User(217224674979900).password]
 |  +-BasicFetch [com.example.chi_daram.entity.User(217224674979900).phoneNumber]
 |  +-SelectEagerCollectionFetch [com.example.chi_daram.entity.User(217224674979900).roles]
 |  +-BasicFetch [com.example.chi_daram.entity.User(217224674979900).title]
 |  \-BasicFetch [com.example.chi_daram.entity.User(217224674979900).username]

2025-08-24T11:33:29.784+03:30 DEBUG 1188 --- [ChiDaram App] [           main] org.hibernate.orm.sql.ast.tree           : SQL AST Tree:
    SelectStatement {
      FromClause {
        StandardTableGroup (u1 : com.example.chi_daram.entity.User(217224674979900)) {
          primaryTableReference : "user_security" as u1_0
        }
      }
    }

2025-08-24T11:33:29.785+03:30 DEBUG 1188 --- [ChiDaram App] [           main] o.hibernate.engine.internal.Collections  : Collection found: [com.example.chi_daram.entity.User.roles#207], was: [com.example.chi_daram.entity.User.roles#207] (initialized)
2025-08-24T11:33:29.785+03:30 DEBUG 1188 --- [ChiDaram App] [           main] o.h.e.i.AbstractFlushingEventListener    : Flushed: 0 insertions, 0 updates, 0 deletions to 1 objects
2025-08-24T11:33:29.785+03:30 DEBUG 1188 --- [ChiDaram App] [           main] o.h.e.i.AbstractFlushingEventListener    : Flushed: 0 (re)creations, 0 updates, 0 removals to 1 collections
2025-08-24T11:33:29.785+03:30 DEBUG 1188 --- [ChiDaram App] [           main] o.hibernate.internal.util.EntityPrinter  : Listing entities:
2025-08-24T11:33:29.786+03:30 DEBUG 1188 --- [ChiDaram App] [           main] o.hibernate.internal.util.EntityPrinter  : com.example.chi_daram.entity.User{credentialsNonExpired=true, roles=[USER], otpCode=null, description=Desc, title=Integration Test User, enabled=true, otpGeneratedTime=null, password=$2a$10$.hICwCBQ03Bd1vig9kGtu.I3n2LzRbPW0yT0/CjfzWeg2AUYgCuv6, phoneNumber=09121234567, otpEnabledForLogin=false, accountNonExpired=true, id=207, accountNonLocked=true, username=testuser_int}
2025-08-24T11:33:29.786+03:30 DEBUG 1188 --- [ChiDaram App] [           main] org.hibernate.orm.sql.exec               : Skipping reading Query result cache data: cache-enabled = false, cache-mode = NORMAL
2025-08-24T11:33:29.787+03:30 DEBUG 1188 --- [ChiDaram App] [           main] org.hibernate.orm.results                : Initializer list:
	  com.example.chi_daram.entity.User(217224674979900).roles -> SelectEagerCollectionInitializer(com.example.chi_daram.entity.User(217224674979900).roles)@166973881 (PluralAttribute(com.example.chi_daram.entity.User.roles))
	  com.example.chi_daram.entity.User(217224674979900) -> EntityResultInitializer(com.example.chi_daram.entity.User(217224674979900))@958066125 (SingleTableEntityPersister(com.example.chi_daram.entity.User))

2025-08-24T11:33:29.787+03:30 DEBUG 1188 --- [ChiDaram App] [           main] org.hibernate.SQL                        : select u1_0.id,u1_0.account_non_expired,u1_0.account_non_locked,u1_0.credentials_non_expired,u1_0.description,u1_0.enabled,u1_0.otp_code,u1_0.otp_enabled_for_login,u1_0.otp_generated_time,u1_0.password,u1_0.phone_number,u1_0.title,u1_0.username from "user_security" u1_0 where u1_0.phone_number=?
2025-08-24T11:33:30.054+03:30 DEBUG 1188 --- [ChiDaram App] [           main] o.s.orm.jpa.JpaTransactionManager        : Found thread-bound EntityManager [SessionImpl(1721545671<open>)] for JPA transaction
2025-08-24T11:33:30.055+03:30 DEBUG 1188 --- [ChiDaram App] [           main] o.s.orm.jpa.JpaTransactionManager        : Participating in existing transaction
2025-08-24T11:33:30.055+03:30 DEBUG 1188 --- [ChiDaram App] [           main] o.h.j.internal.PersistenceUnitUtilImpl   : jakarta.persistence.PersistenceUnitUtil.getIdentifier is only intended to work with enhanced entities (although Hibernate also adapts this support to its proxies); however the passed entity was not enhanced (nor a proxy).. may not be able to read identifier
2025-08-24T11:33:30.058+03:30 DEBUG 1188 --- [ChiDaram App] [           main] o.s.orm.jpa.JpaTransactionManager        : Initiating transaction commit
2025-08-24T11:33:30.058+03:30 DEBUG 1188 --- [ChiDaram App] [           main] o.s.orm.jpa.JpaTransactionManager        : Committing JPA transaction on EntityManager [SessionImpl(1721545671<open>)]
2025-08-24T11:33:30.058+03:30 DEBUG 1188 --- [ChiDaram App] [           main] o.h.e.t.internal.TransactionImpl         : committing
2025-08-24T11:33:30.058+03:30 DEBUG 1188 --- [ChiDaram App] [           main] o.h.e.i.AbstractFlushingEventListener    : Processing flush-time cascades
2025-08-24T11:33:30.058+03:30 DEBUG 1188 --- [ChiDaram App] [           main] o.h.e.i.AbstractFlushingEventListener    : Dirty checking collections
2025-08-24T11:33:30.059+03:30 DEBUG 1188 --- [ChiDaram App] [           main] o.hibernate.engine.internal.Collections  : Collection found: [com.example.chi_daram.entity.User.roles#207], was: [com.example.chi_daram.entity.User.roles#207] (initialized)
2025-08-24T11:33:30.060+03:30 DEBUG 1188 --- [ChiDaram App] [           main] o.h.e.i.AbstractFlushingEventListener    : Flushed: 0 insertions, 1 updates, 0 deletions to 1 objects
2025-08-24T11:33:30.060+03:30 DEBUG 1188 --- [ChiDaram App] [           main] o.h.e.i.AbstractFlushingEventListener    : Flushed: 0 (re)creations, 0 updates, 0 removals to 1 collections
2025-08-24T11:33:30.060+03:30 DEBUG 1188 --- [ChiDaram App] [           main] o.hibernate.internal.util.EntityPrinter  : Listing entities:
2025-08-24T11:33:30.063+03:30 DEBUG 1188 --- [ChiDaram App] [           main] o.hibernate.internal.util.EntityPrinter  : com.example.chi_daram.entity.User{credentialsNonExpired=true, roles=[USER], otpCode=null, description=New Desc, title=New Title, enabled=true, otpGeneratedTime=null, password=$2a$10$QfsHOQSl/d39Pv6wstXnMefoRv27XKZMUWADc.X3vDmCQYfIokAS., phoneNumber=09124445566, otpEnabledForLogin=false, accountNonExpired=true, id=207, accountNonLocked=true, username=newuser}
2025-08-24T11:33:30.068+03:30 DEBUG 1188 --- [ChiDaram App] [           main] org.hibernate.SQL                        : update "user_security" set account_non_expired=?,account_non_locked=?,credentials_non_expired=?,description=?,enabled=?,otp_code=?,otp_enabled_for_login=?,otp_generated_time=?,password=?,phone_number=?,title=?,username=? where id=?
2025-08-24T11:33:30.080+03:30 DEBUG 1188 --- [ChiDaram App] [           main] o.s.orm.jpa.JpaTransactionManager        : Closing JPA EntityManager [SessionImpl(1721545671<open>)] after transaction
]]></system-out>
  </testcase>
  <testcase name="testDeleteUser" classname="com.example.chi_daram.service.UserControllerIntegrationTest" time="0.804">
    <system-out><![CDATA[2025-08-24T11:33:30.184+03:30 DEBUG 1188 --- [ChiDaram App] [           main] o.s.orm.jpa.JpaTransactionManager        : Creating new transaction with name [org.springframework.data.jpa.repository.support.SimpleJpaRepository.deleteAll]: PROPAGATION_REQUIRED,ISOLATION_DEFAULT
2025-08-24T11:33:30.185+03:30 DEBUG 1188 --- [ChiDaram App] [           main] o.s.orm.jpa.JpaTransactionManager        : Opened new EntityManager [SessionImpl(1288257143<open>)] for JPA transaction
2025-08-24T11:33:30.186+03:30 DEBUG 1188 --- [ChiDaram App] [           main] o.h.e.t.internal.TransactionImpl         : On TransactionImpl creation, JpaCompliance#isJpaTransactionComplianceEnabled == false
2025-08-24T11:33:30.186+03:30 DEBUG 1188 --- [ChiDaram App] [           main] o.h.e.t.internal.TransactionImpl         : begin
2025-08-24T11:33:30.186+03:30 DEBUG 1188 --- [ChiDaram App] [           main] o.s.orm.jpa.JpaTransactionManager        : Exposing JPA transaction as JDBC [org.springframework.orm.jpa.vendor.HibernateJpaDialect$HibernateConnectionHandle@54366cf2]
2025-08-24T11:33:30.190+03:30 DEBUG 1188 --- [ChiDaram App] [           main] org.hibernate.orm.sql.ast.create         : Created new SQL alias : u1_0
2025-08-24T11:33:30.190+03:30 DEBUG 1188 --- [ChiDaram App] [           main] org.hibernate.orm.sql.ast.create         : Registration of TableGroup [StandardTableGroup(com.example.chi_daram.entity.User(217235500865900))] with identifierForTableGroup [com.example.chi_daram.entity.User] for NavigablePath [com.example.chi_daram.entity.User] 
2025-08-24T11:33:30.192+03:30 DEBUG 1188 --- [ChiDaram App] [           main] org.hibernate.orm.results.graph.AST      : DomainResult Graph:
 \-EntityResultImpl [com.example.chi_daram.entity.User(217235500865900)]
 |  +-BasicFetch [com.example.chi_daram.entity.User(217235500865900).accountNonExpired]
 |  +-BasicFetch [com.example.chi_daram.entity.User(217235500865900).accountNonLocked]
 |  +-BasicFetch [com.example.chi_daram.entity.User(217235500865900).credentialsNonExpired]
 |  +-BasicFetch [com.example.chi_daram.entity.User(217235500865900).description]
 |  +-BasicFetch [com.example.chi_daram.entity.User(217235500865900).enabled]
 |  +-BasicFetch [com.example.chi_daram.entity.User(217235500865900).otpCode]
 |  +-BasicFetch [com.example.chi_daram.entity.User(217235500865900).otpEnabledForLogin]
 |  +-BasicFetch [com.example.chi_daram.entity.User(217235500865900).otpGeneratedTime]
 |  +-BasicFetch [com.example.chi_daram.entity.User(217235500865900).password]
 |  +-BasicFetch [com.example.chi_daram.entity.User(217235500865900).phoneNumber]
 |  +-SelectEagerCollectionFetch [com.example.chi_daram.entity.User(217235500865900).roles]
 |  +-BasicFetch [com.example.chi_daram.entity.User(217235500865900).title]
 |  \-BasicFetch [com.example.chi_daram.entity.User(217235500865900).username]

2025-08-24T11:33:30.192+03:30 DEBUG 1188 --- [ChiDaram App] [           main] org.hibernate.orm.sql.ast.tree           : SQL AST Tree:
    SelectStatement {
      FromClause {
        StandardTableGroup (u1 : com.example.chi_daram.entity.User(217235500865900)) {
          primaryTableReference : "user_security" as u1_0
        }
      }
    }

2025-08-24T11:33:30.193+03:30 DEBUG 1188 --- [ChiDaram App] [           main] org.hibernate.orm.sql.exec               : Skipping reading Query result cache data: cache-enabled = false, cache-mode = NORMAL
2025-08-24T11:33:30.194+03:30 DEBUG 1188 --- [ChiDaram App] [           main] org.hibernate.orm.results                : Initializer list:
	  com.example.chi_daram.entity.User(217235500865900) -> EntityResultInitializer(com.example.chi_daram.entity.User(217235500865900))@649888988 (SingleTableEntityPersister(com.example.chi_daram.entity.User))
	  com.example.chi_daram.entity.User(217235500865900).roles -> SelectEagerCollectionInitializer(com.example.chi_daram.entity.User(217235500865900).roles)@994992937 (PluralAttribute(com.example.chi_daram.entity.User.roles))

2025-08-24T11:33:30.194+03:30 DEBUG 1188 --- [ChiDaram App] [           main] org.hibernate.SQL                        : select u1_0.id,u1_0.account_non_expired,u1_0.account_non_locked,u1_0.credentials_non_expired,u1_0.description,u1_0.enabled,u1_0.otp_code,u1_0.otp_enabled_for_login,u1_0.otp_generated_time,u1_0.password,u1_0.phone_number,u1_0.title,u1_0.username from "user_security" u1_0
2025-08-24T11:33:30.196+03:30 DEBUG 1188 --- [ChiDaram App] [           main] org.hibernate.orm.results                : Extracted JDBC value [0] - [207]
2025-08-24T11:33:30.196+03:30 DEBUG 1188 --- [ChiDaram App] [           main] o.hibernate.orm.results.loading.entity   : (EntityResultInitializer) Hydrated EntityKey (com.example.chi_daram.entity.User(217235500865900)): 207
2025-08-24T11:33:30.197+03:30 DEBUG 1188 --- [ChiDaram App] [           main] o.h.o.r.l.o.h.o.r.loading.collection     : (SelectEagerCollectionInitializer) Current row collection key : com.example.chi_daram.entity.User(217235500865900).roles#207
2025-08-24T11:33:30.197+03:30 DEBUG 1188 --- [ChiDaram App] [           main] o.hibernate.orm.results.loading.entity   : (EntityResultInitializer) Created new entity instance [com.example.chi_daram.entity.User(217235500865900)#207] : 1674186999
2025-08-24T11:33:30.197+03:30 DEBUG 1188 --- [ChiDaram App] [           main] org.hibernate.orm.results                : Extracted JDBC value [1] - [true]
2025-08-24T11:33:30.197+03:30 DEBUG 1188 --- [ChiDaram App] [           main] org.hibernate.orm.results                : Extracted JDBC value [2] - [true]
2025-08-24T11:33:30.197+03:30 DEBUG 1188 --- [ChiDaram App] [           main] org.hibernate.orm.results                : Extracted JDBC value [3] - [true]
2025-08-24T11:33:30.197+03:30 DEBUG 1188 --- [ChiDaram App] [           main] org.hibernate.orm.results                : Extracted JDBC value [4] - [New Desc]
2025-08-24T11:33:30.197+03:30 DEBUG 1188 --- [ChiDaram App] [           main] org.hibernate.orm.results                : Extracted JDBC value [5] - [true]
2025-08-24T11:33:30.197+03:30 DEBUG 1188 --- [ChiDaram App] [           main] org.hibernate.orm.results                : Extracted JDBC value [6] - [null]
2025-08-24T11:33:30.197+03:30 DEBUG 1188 --- [ChiDaram App] [           main] org.hibernate.orm.results                : Extracted JDBC value [7] - [false]
2025-08-24T11:33:30.198+03:30 DEBUG 1188 --- [ChiDaram App] [           main] org.hibernate.orm.results                : Extracted JDBC value [8] - [null]
2025-08-24T11:33:30.198+03:30 DEBUG 1188 --- [ChiDaram App] [           main] org.hibernate.orm.results                : Extracted JDBC value [9] - [$2a$10$QfsHOQSl/d39Pv6wstXnMefoRv27XKZMUWADc.X3vDmCQYfIokAS.]
2025-08-24T11:33:30.198+03:30 DEBUG 1188 --- [ChiDaram App] [           main] org.hibernate.orm.results                : Extracted JDBC value [10] - [09124445566]
2025-08-24T11:33:30.198+03:30 DEBUG 1188 --- [ChiDaram App] [           main] org.hibernate.orm.results                : Extracted JDBC value [11] - [New Title]
2025-08-24T11:33:30.198+03:30 DEBUG 1188 --- [ChiDaram App] [           main] org.hibernate.orm.results                : Extracted JDBC value [12] - [newuser]
2025-08-24T11:33:30.201+03:30 DEBUG 1188 --- [ChiDaram App] [           main] o.hibernate.orm.results.loading.entity   : (EntityResultInitializer) Done materializing entityInstance : com.example.chi_daram.entity.User(217235500865900)#207
2025-08-24T11:33:30.201+03:30 DEBUG 1188 --- [ChiDaram App] [           main] org.hibernate.orm.results.loading        : Calling top-level assembler (0 / 1) : org.hibernate.sql.results.graph.entity.internal.EntityAssembler@9a8b7d3
2025-08-24T11:33:30.204+03:30 DEBUG 1188 --- [ChiDaram App] [           main] org.hibernate.orm.sql.exec               : Skipping reading Query result cache data: cache-enabled = false, cache-mode = IGNORE
2025-08-24T11:33:30.204+03:30 DEBUG 1188 --- [ChiDaram App] [           main] org.hibernate.orm.results                : Initializer list:
	  com.example.chi_daram.entity.User.roles -> SetInitializer(com.example.chi_daram.entity.User.roles)@154251000 (PluralAttribute(com.example.chi_daram.entity.User.roles))

2025-08-24T11:33:30.205+03:30 DEBUG 1188 --- [ChiDaram App] [           main] org.hibernate.SQL                        : select r1_0.user_id,r1_0.role from user_roles r1_0 where r1_0.user_id=?
2025-08-24T11:33:30.208+03:30 DEBUG 1188 --- [ChiDaram App] [           main] org.hibernate.orm.results                : Extracted JDBC value [0] - [207]
2025-08-24T11:33:30.208+03:30 DEBUG 1188 --- [ChiDaram App] [           main] o.h.o.r.l.o.h.o.r.loading.collection     : (SetInitializer) Current row collection key : com.example.chi_daram.entity.User.roles#207
2025-08-24T11:33:30.208+03:30 DEBUG 1188 --- [ChiDaram App] [           main] o.h.o.r.l.o.h.o.r.loading.collection     : (SetInitializer) Responsible for loading collection [com.example.chi_daram.entity.User.roles#207] : org.hibernate.collection.spi.PersistentSet@217076209
2025-08-24T11:33:30.208+03:30 DEBUG 1188 --- [ChiDaram App] [           main] o.h.o.r.l.o.h.o.r.loading.collection     : (SetInitializer) Reading element from row for collection [com.example.chi_daram.entity.User.roles#207] -> org.hibernate.collection.spi.PersistentSet@217076209
2025-08-24T11:33:30.208+03:30 DEBUG 1188 --- [ChiDaram App] [           main] org.hibernate.orm.results                : Extracted JDBC value [1] - [USER]
2025-08-24T11:33:30.209+03:30 DEBUG 1188 --- [ChiDaram App] [           main] org.hibernate.orm.results.loading        : Calling top-level assembler (0 / 1) : org.hibernate.sql.results.graph.collection.internal.CollectionAssembler@78e4c48b
2025-08-24T11:33:30.209+03:30 DEBUG 1188 --- [ChiDaram App] [           main] o.h.sql.results.internal.ResultsHelper   : Collection fully initialized: [com.example.chi_daram.entity.User.roles#207]
2025-08-24T11:33:30.209+03:30 DEBUG 1188 --- [ChiDaram App] [           main] o.h.j.internal.PersistenceUnitUtilImpl   : jakarta.persistence.PersistenceUnitUtil.getIdentifier is only intended to work with enhanced entities (although Hibernate also adapts this support to its proxies); however the passed entity was not enhanced (nor a proxy).. may not be able to read identifier
2025-08-24T11:33:30.210+03:30 DEBUG 1188 --- [ChiDaram App] [           main] o.h.j.internal.PersistenceUnitUtilImpl   : jakarta.persistence.PersistenceUnitUtil.getIdentifier is only intended to work with enhanced entities (although Hibernate also adapts this support to its proxies); however the passed entity was not enhanced (nor a proxy).. may not be able to read identifier
2025-08-24T11:33:30.210+03:30 DEBUG 1188 --- [ChiDaram App] [           main] o.s.orm.jpa.JpaTransactionManager        : Initiating transaction commit
2025-08-24T11:33:30.211+03:30 DEBUG 1188 --- [ChiDaram App] [           main] o.s.orm.jpa.JpaTransactionManager        : Committing JPA transaction on EntityManager [SessionImpl(1288257143<open>)]
2025-08-24T11:33:30.211+03:30 DEBUG 1188 --- [ChiDaram App] [           main] o.h.e.t.internal.TransactionImpl         : committing
2025-08-24T11:33:30.211+03:30 DEBUG 1188 --- [ChiDaram App] [           main] o.h.e.i.AbstractFlushingEventListener    : Processing flush-time cascades
2025-08-24T11:33:30.211+03:30 DEBUG 1188 --- [ChiDaram App] [           main] o.h.e.i.AbstractFlushingEventListener    : Dirty checking collections
2025-08-24T11:33:30.212+03:30 DEBUG 1188 --- [ChiDaram App] [           main] o.hibernate.engine.internal.Collections  : Collection dereferenced: [com.example.chi_daram.entity.User.roles#207]
2025-08-24T11:33:30.212+03:30 DEBUG 1188 --- [ChiDaram App] [           main] o.h.e.i.AbstractFlushingEventListener    : Flushed: 0 insertions, 0 updates, 1 deletions to 1 objects
2025-08-24T11:33:30.212+03:30 DEBUG 1188 --- [ChiDaram App] [           main] o.h.e.i.AbstractFlushingEventListener    : Flushed: 0 (re)creations, 0 updates, 1 removals to 1 collections
2025-08-24T11:33:30.212+03:30 DEBUG 1188 --- [ChiDaram App] [           main] o.hibernate.internal.util.EntityPrinter  : Listing entities:
2025-08-24T11:33:30.213+03:30 DEBUG 1188 --- [ChiDaram App] [           main] o.hibernate.internal.util.EntityPrinter  : com.example.chi_daram.entity.User{credentialsNonExpired=true, roles=[USER], otpCode=null, description=New Desc, title=New Title, enabled=true, otpGeneratedTime=null, password=$2a$10$QfsHOQSl/d39Pv6wstXnMefoRv27XKZMUWADc.X3vDmCQYfIokAS., phoneNumber=09124445566, otpEnabledForLogin=false, accountNonExpired=true, id=207, accountNonLocked=true, username=newuser}
2025-08-24T11:33:30.213+03:30 DEBUG 1188 --- [ChiDaram App] [           main] org.hibernate.orm.jdbc.mutation          : Deleting collection - com.example.chi_daram.entity.User.roles : 207
2025-08-24T11:33:30.213+03:30 DEBUG 1188 --- [ChiDaram App] [           main] org.hibernate.SQL                        : delete from user_roles where user_id=?
2025-08-24T11:33:30.234+03:30 DEBUG 1188 --- [ChiDaram App] [           main] org.hibernate.SQL                        : delete from "user_security" where id=?
2025-08-24T11:33:30.241+03:30 DEBUG 1188 --- [ChiDaram App] [           main] o.s.orm.jpa.JpaTransactionManager        : Closing JPA EntityManager [SessionImpl(1288257143<open>)] after transaction
2025-08-24T11:33:30.260+03:30 DEBUG 1188 --- [ChiDaram App] [           main] o.s.orm.jpa.JpaTransactionManager        : Creating new transaction with name [com.example.chi_daram.service.impl.UserServiceImpl.registerNewUser]: PROPAGATION_REQUIRED,ISOLATION_DEFAULT
2025-08-24T11:33:30.261+03:30 DEBUG 1188 --- [ChiDaram App] [           main] o.s.orm.jpa.JpaTransactionManager        : Opened new EntityManager [SessionImpl(689694739<open>)] for JPA transaction
2025-08-24T11:33:30.261+03:30 DEBUG 1188 --- [ChiDaram App] [           main] o.h.e.t.internal.TransactionImpl         : On TransactionImpl creation, JpaCompliance#isJpaTransactionComplianceEnabled == false
2025-08-24T11:33:30.261+03:30 DEBUG 1188 --- [ChiDaram App] [           main] o.h.e.t.internal.TransactionImpl         : begin
2025-08-24T11:33:30.261+03:30 DEBUG 1188 --- [ChiDaram App] [           main] o.s.orm.jpa.JpaTransactionManager        : Exposing JPA transaction as JDBC [org.springframework.orm.jpa.vendor.HibernateJpaDialect$HibernateConnectionHandle@4fe03311]
2025-08-24T11:33:30.265+03:30 DEBUG 1188 --- [ChiDaram App] [           main] org.hibernate.orm.sql.ast.create         : Created new SQL alias : u1_0
2025-08-24T11:33:30.265+03:30 DEBUG 1188 --- [ChiDaram App] [           main] org.hibernate.orm.sql.ast.create         : Registration of TableGroup [StandardTableGroup(com.example.chi_daram.entity.User(217224663531900))] with identifierForTableGroup [com.example.chi_daram.entity.User] for NavigablePath [com.example.chi_daram.entity.User] 
2025-08-24T11:33:30.266+03:30 DEBUG 1188 --- [ChiDaram App] [           main] o.h.q.sqm.sql.BaseSqmToSqlAstConverter   : Determining mapping-model type for SqmParameter : org.hibernate.query.sqm.tree.expression.SqmJpaCriteriaParameterWrapper@549bae75
2025-08-24T11:33:30.267+03:30 DEBUG 1188 --- [ChiDaram App] [           main] o.h.q.sqm.sql.BaseSqmToSqlAstConverter   : Determining mapping-model type for SqmPath : SqmBasicValuedSimplePath(com.example.chi_daram.entity.User(217224663531900).username) 
2025-08-24T11:33:30.267+03:30 DEBUG 1188 --- [ChiDaram App] [           main] org.hibernate.orm.results.graph.AST      : DomainResult Graph:
 \-EntityResultImpl [com.example.chi_daram.entity.User(217224663531900)]
 |  +-BasicFetch [com.example.chi_daram.entity.User(217224663531900).accountNonExpired]
 |  +-BasicFetch [com.example.chi_daram.entity.User(217224663531900).accountNonLocked]
 |  +-BasicFetch [com.example.chi_daram.entity.User(217224663531900).credentialsNonExpired]
 |  +-BasicFetch [com.example.chi_daram.entity.User(217224663531900).description]
 |  +-BasicFetch [com.example.chi_daram.entity.User(217224663531900).enabled]
 |  +-BasicFetch [com.example.chi_daram.entity.User(217224663531900).otpCode]
 |  +-BasicFetch [com.example.chi_daram.entity.User(217224663531900).otpEnabledForLogin]
 |  +-BasicFetch [com.example.chi_daram.entity.User(217224663531900).otpGeneratedTime]
 |  +-BasicFetch [com.example.chi_daram.entity.User(217224663531900).password]
 |  +-BasicFetch [com.example.chi_daram.entity.User(217224663531900).phoneNumber]
 |  +-SelectEagerCollectionFetch [com.example.chi_daram.entity.User(217224663531900).roles]
 |  +-BasicFetch [com.example.chi_daram.entity.User(217224663531900).title]
 |  \-BasicFetch [com.example.chi_daram.entity.User(217224663531900).username]

2025-08-24T11:33:30.268+03:30 DEBUG 1188 --- [ChiDaram App] [           main] org.hibernate.orm.sql.ast.tree           : SQL AST Tree:
    SelectStatement {
      FromClause {
        StandardTableGroup (u1 : com.example.chi_daram.entity.User(217224663531900)) {
          primaryTableReference : "user_security" as u1_0
        }
      }
    }

2025-08-24T11:33:30.269+03:30 DEBUG 1188 --- [ChiDaram App] [           main] org.hibernate.orm.sql.exec               : Skipping reading Query result cache data: cache-enabled = false, cache-mode = NORMAL
2025-08-24T11:33:30.270+03:30 DEBUG 1188 --- [ChiDaram App] [           main] org.hibernate.orm.results                : Initializer list:
	  com.example.chi_daram.entity.User(217224663531900).roles -> SelectEagerCollectionInitializer(com.example.chi_daram.entity.User(217224663531900).roles)@1424669663 (PluralAttribute(com.example.chi_daram.entity.User.roles))
	  com.example.chi_daram.entity.User(217224663531900) -> EntityResultInitializer(com.example.chi_daram.entity.User(217224663531900))@1561026353 (SingleTableEntityPersister(com.example.chi_daram.entity.User))

2025-08-24T11:33:30.271+03:30 DEBUG 1188 --- [ChiDaram App] [           main] org.hibernate.SQL                        : select u1_0.id,u1_0.account_non_expired,u1_0.account_non_locked,u1_0.credentials_non_expired,u1_0.description,u1_0.enabled,u1_0.otp_code,u1_0.otp_enabled_for_login,u1_0.otp_generated_time,u1_0.password,u1_0.phone_number,u1_0.title,u1_0.username from "user_security" u1_0 where u1_0.username=?
2025-08-24T11:33:30.294+03:30 DEBUG 1188 --- [ChiDaram App] [           main] org.hibernate.orm.sql.ast.create         : Created new SQL alias : u1_0
2025-08-24T11:33:30.295+03:30 DEBUG 1188 --- [ChiDaram App] [           main] org.hibernate.orm.sql.ast.create         : Registration of TableGroup [StandardTableGroup(com.example.chi_daram.entity.User(217224674979900))] with identifierForTableGroup [com.example.chi_daram.entity.User] for NavigablePath [com.example.chi_daram.entity.User] 
2025-08-24T11:33:30.297+03:30 DEBUG 1188 --- [ChiDaram App] [           main] o.h.q.sqm.sql.BaseSqmToSqlAstConverter   : Determining mapping-model type for SqmParameter : org.hibernate.query.sqm.tree.expression.SqmJpaCriteriaParameterWrapper@433b7810
2025-08-24T11:33:30.297+03:30 DEBUG 1188 --- [ChiDaram App] [           main] o.h.q.sqm.sql.BaseSqmToSqlAstConverter   : Determining mapping-model type for SqmPath : SqmBasicValuedSimplePath(com.example.chi_daram.entity.User(217224674979900).phoneNumber) 
2025-08-24T11:33:30.298+03:30 DEBUG 1188 --- [ChiDaram App] [           main] org.hibernate.orm.results.graph.AST      : DomainResult Graph:
 \-EntityResultImpl [com.example.chi_daram.entity.User(217224674979900)]
 |  +-BasicFetch [com.example.chi_daram.entity.User(217224674979900).accountNonExpired]
 |  +-BasicFetch [com.example.chi_daram.entity.User(217224674979900).accountNonLocked]
 |  +-BasicFetch [com.example.chi_daram.entity.User(217224674979900).credentialsNonExpired]
 |  +-BasicFetch [com.example.chi_daram.entity.User(217224674979900).description]
 |  +-BasicFetch [com.example.chi_daram.entity.User(217224674979900).enabled]
 |  +-BasicFetch [com.example.chi_daram.entity.User(217224674979900).otpCode]
 |  +-BasicFetch [com.example.chi_daram.entity.User(217224674979900).otpEnabledForLogin]
 |  +-BasicFetch [com.example.chi_daram.entity.User(217224674979900).otpGeneratedTime]
 |  +-BasicFetch [com.example.chi_daram.entity.User(217224674979900).password]
 |  +-BasicFetch [com.example.chi_daram.entity.User(217224674979900).phoneNumber]
 |  +-SelectEagerCollectionFetch [com.example.chi_daram.entity.User(217224674979900).roles]
 |  +-BasicFetch [com.example.chi_daram.entity.User(217224674979900).title]
 |  \-BasicFetch [com.example.chi_daram.entity.User(217224674979900).username]

2025-08-24T11:33:30.298+03:30 DEBUG 1188 --- [ChiDaram App] [           main] org.hibernate.orm.sql.ast.tree           : SQL AST Tree:
    SelectStatement {
      FromClause {
        StandardTableGroup (u1 : com.example.chi_daram.entity.User(217224674979900)) {
          primaryTableReference : "user_security" as u1_0
        }
      }
    }

2025-08-24T11:33:30.298+03:30 DEBUG 1188 --- [ChiDaram App] [           main] org.hibernate.orm.sql.exec               : Skipping reading Query result cache data: cache-enabled = false, cache-mode = NORMAL
2025-08-24T11:33:30.300+03:30 DEBUG 1188 --- [ChiDaram App] [           main] org.hibernate.orm.results                : Initializer list:
	  com.example.chi_daram.entity.User(217224674979900).roles -> SelectEagerCollectionInitializer(com.example.chi_daram.entity.User(217224674979900).roles)@1499571070 (PluralAttribute(com.example.chi_daram.entity.User.roles))
	  com.example.chi_daram.entity.User(217224674979900) -> EntityResultInitializer(com.example.chi_daram.entity.User(217224674979900))@1099082682 (SingleTableEntityPersister(com.example.chi_daram.entity.User))

2025-08-24T11:33:30.301+03:30 DEBUG 1188 --- [ChiDaram App] [           main] org.hibernate.SQL                        : select u1_0.id,u1_0.account_non_expired,u1_0.account_non_locked,u1_0.credentials_non_expired,u1_0.description,u1_0.enabled,u1_0.otp_code,u1_0.otp_enabled_for_login,u1_0.otp_generated_time,u1_0.password,u1_0.phone_number,u1_0.title,u1_0.username from "user_security" u1_0 where u1_0.phone_number=?
2025-08-24T11:33:30.544+03:30 DEBUG 1188 --- [ChiDaram App] [           main] o.s.orm.jpa.JpaTransactionManager        : Found thread-bound EntityManager [SessionImpl(689694739<open>)] for JPA transaction
2025-08-24T11:33:30.545+03:30 DEBUG 1188 --- [ChiDaram App] [           main] o.s.orm.jpa.JpaTransactionManager        : Participating in existing transaction
2025-08-24T11:33:30.545+03:30 DEBUG 1188 --- [ChiDaram App] [           main] o.h.j.internal.PersistenceUnitUtilImpl   : jakarta.persistence.PersistenceUnitUtil.getIdentifier is only intended to work with enhanced entities (although Hibernate also adapts this support to its proxies); however the passed entity was not enhanced (nor a proxy).. may not be able to read identifier
2025-08-24T11:33:30.547+03:30 DEBUG 1188 --- [ChiDaram App] [           main] org.hibernate.engine.spi.ActionQueue     : Executing identity-insert immediately
2025-08-24T11:33:30.549+03:30 DEBUG 1188 --- [ChiDaram App] [           main] org.hibernate.SQL                        : insert into "user_security" (account_non_expired,account_non_locked,credentials_non_expired,description,enabled,otp_code,otp_enabled_for_login,otp_generated_time,password,phone_number,title,username) values (?,?,?,?,?,?,?,?,?,?,?,?) returning id
2025-08-24T11:33:30.558+03:30 DEBUG 1188 --- [ChiDaram App] [           main] org.hibernate.orm.results                : Initializer list is empty
2025-08-24T11:33:30.558+03:30 DEBUG 1188 --- [ChiDaram App] [           main] org.hibernate.orm.results.loading        : Calling top-level assembler (0 / 1) : org.hibernate.sql.results.graph.basic.BasicResultAssembler@34d5bd2f
2025-08-24T11:33:30.559+03:30 DEBUG 1188 --- [ChiDaram App] [           main] org.hibernate.orm.results                : Extracted JDBC value [0] - [208]
2025-08-24T11:33:30.559+03:30 DEBUG 1188 --- [ChiDaram App] [           main] o.h.id.IdentifierGeneratorHelper         : Extracted generated values [com.example.chi_daram.entity.User]: [Ljava.lang.Object;@3965b638
2025-08-24T11:33:30.560+03:30 DEBUG 1188 --- [ChiDaram App] [           main] o.s.orm.jpa.JpaTransactionManager        : Initiating transaction commit
2025-08-24T11:33:30.561+03:30 DEBUG 1188 --- [ChiDaram App] [           main] o.s.orm.jpa.JpaTransactionManager        : Committing JPA transaction on EntityManager [SessionImpl(689694739<open>)]
2025-08-24T11:33:30.561+03:30 DEBUG 1188 --- [ChiDaram App] [           main] o.h.e.t.internal.TransactionImpl         : committing
2025-08-24T11:33:30.561+03:30 DEBUG 1188 --- [ChiDaram App] [           main] o.h.e.i.AbstractFlushingEventListener    : Processing flush-time cascades
2025-08-24T11:33:30.561+03:30 DEBUG 1188 --- [ChiDaram App] [           main] o.h.e.i.AbstractFlushingEventListener    : Dirty checking collections
2025-08-24T11:33:30.561+03:30 DEBUG 1188 --- [ChiDaram App] [           main] o.hibernate.engine.internal.Collections  : Collection found: [com.example.chi_daram.entity.User.roles#208], was: [<unreferenced>] (initialized)
2025-08-24T11:33:30.562+03:30 DEBUG 1188 --- [ChiDaram App] [           main] o.h.e.i.AbstractFlushingEventListener    : Flushed: 0 insertions, 0 updates, 0 deletions to 1 objects
2025-08-24T11:33:30.562+03:30 DEBUG 1188 --- [ChiDaram App] [           main] o.h.e.i.AbstractFlushingEventListener    : Flushed: 1 (re)creations, 0 updates, 0 removals to 1 collections
2025-08-24T11:33:30.562+03:30 DEBUG 1188 --- [ChiDaram App] [           main] o.hibernate.internal.util.EntityPrinter  : Listing entities:
2025-08-24T11:33:30.562+03:30 DEBUG 1188 --- [ChiDaram App] [           main] o.hibernate.internal.util.EntityPrinter  : com.example.chi_daram.entity.User{credentialsNonExpired=true, roles=[USER], otpCode=null, description=Desc, title=Integration Test User, enabled=true, otpGeneratedTime=null, password=$2a$10$xCZg4eUYLabCN7QuUOv16uZkGUCfsTYQZjH3xORJ3XHb3P7OSotia, phoneNumber=09121234567, otpEnabledForLogin=false, accountNonExpired=true, id=208, accountNonLocked=true, username=testuser_int}
2025-08-24T11:33:30.562+03:30 DEBUG 1188 --- [ChiDaram App] [           main] org.hibernate.orm.jdbc.mutation          : Inserting collection rows - com.example.chi_daram.entity.User.roles : 208
2025-08-24T11:33:30.563+03:30 DEBUG 1188 --- [ChiDaram App] [           main] org.hibernate.SQL                        : insert into user_roles (user_id,role) values (?,?)
2025-08-24T11:33:30.565+03:30 DEBUG 1188 --- [ChiDaram App] [           main] org.hibernate.orm.jdbc.mutation          : Done inserting `1` collection rows : com.example.chi_daram.entity.User.roles
2025-08-24T11:33:30.569+03:30 DEBUG 1188 --- [ChiDaram App] [           main] o.s.orm.jpa.JpaTransactionManager        : Closing JPA EntityManager [SessionImpl(689694739<open>)] after transaction
2025-08-24T11:33:30.586+03:30 DEBUG 1188 --- [ChiDaram App] [           main] tor$SharedEntityManagerInvocationHandler : Creating new EntityManager for shared EntityManager invocation
2025-08-24T11:33:30.588+03:30 DEBUG 1188 --- [ChiDaram App] [           main] org.hibernate.orm.sql.ast.create         : Created new SQL alias : u1_0
2025-08-24T11:33:30.589+03:30 DEBUG 1188 --- [ChiDaram App] [           main] org.hibernate.orm.sql.ast.create         : Registration of TableGroup [StandardTableGroup(com.example.chi_daram.entity.User(217224663531900))] with identifierForTableGroup [com.example.chi_daram.entity.User] for NavigablePath [com.example.chi_daram.entity.User] 
2025-08-24T11:33:30.590+03:30 DEBUG 1188 --- [ChiDaram App] [           main] o.h.q.sqm.sql.BaseSqmToSqlAstConverter   : Determining mapping-model type for SqmParameter : org.hibernate.query.sqm.tree.expression.SqmJpaCriteriaParameterWrapper@6d05a0a2
2025-08-24T11:33:30.590+03:30 DEBUG 1188 --- [ChiDaram App] [           main] o.h.q.sqm.sql.BaseSqmToSqlAstConverter   : Determining mapping-model type for SqmPath : SqmBasicValuedSimplePath(com.example.chi_daram.entity.User(217224663531900).username) 
2025-08-24T11:33:30.593+03:30 DEBUG 1188 --- [ChiDaram App] [           main] org.hibernate.orm.results.graph.AST      : DomainResult Graph:
 \-EntityResultImpl [com.example.chi_daram.entity.User(217224663531900)]
 |  +-BasicFetch [com.example.chi_daram.entity.User(217224663531900).accountNonExpired]
 |  +-BasicFetch [com.example.chi_daram.entity.User(217224663531900).accountNonLocked]
 |  +-BasicFetch [com.example.chi_daram.entity.User(217224663531900).credentialsNonExpired]
 |  +-BasicFetch [com.example.chi_daram.entity.User(217224663531900).description]
 |  +-BasicFetch [com.example.chi_daram.entity.User(217224663531900).enabled]
 |  +-BasicFetch [com.example.chi_daram.entity.User(217224663531900).otpCode]
 |  +-BasicFetch [com.example.chi_daram.entity.User(217224663531900).otpEnabledForLogin]
 |  +-BasicFetch [com.example.chi_daram.entity.User(217224663531900).otpGeneratedTime]
 |  +-BasicFetch [com.example.chi_daram.entity.User(217224663531900).password]
 |  +-BasicFetch [com.example.chi_daram.entity.User(217224663531900).phoneNumber]
 |  +-SelectEagerCollectionFetch [com.example.chi_daram.entity.User(217224663531900).roles]
 |  +-BasicFetch [com.example.chi_daram.entity.User(217224663531900).title]
 |  \-BasicFetch [com.example.chi_daram.entity.User(217224663531900).username]

2025-08-24T11:33:30.593+03:30 DEBUG 1188 --- [ChiDaram App] [           main] org.hibernate.orm.sql.ast.tree           : SQL AST Tree:
    SelectStatement {
      FromClause {
        StandardTableGroup (u1 : com.example.chi_daram.entity.User(217224663531900)) {
          primaryTableReference : "user_security" as u1_0
        }
      }
    }

2025-08-24T11:33:30.594+03:30 DEBUG 1188 --- [ChiDaram App] [           main] org.hibernate.orm.sql.exec               : Skipping reading Query result cache data: cache-enabled = false, cache-mode = NORMAL
2025-08-24T11:33:30.594+03:30 DEBUG 1188 --- [ChiDaram App] [           main] org.hibernate.orm.results                : Initializer list:
	  com.example.chi_daram.entity.User(217224663531900).roles -> SelectEagerCollectionInitializer(com.example.chi_daram.entity.User(217224663531900).roles)@1316116855 (PluralAttribute(com.example.chi_daram.entity.User.roles))
	  com.example.chi_daram.entity.User(217224663531900) -> EntityResultInitializer(com.example.chi_daram.entity.User(217224663531900))@246608043 (SingleTableEntityPersister(com.example.chi_daram.entity.User))

2025-08-24T11:33:30.594+03:30 DEBUG 1188 --- [ChiDaram App] [           main] org.hibernate.SQL                        : select u1_0.id,u1_0.account_non_expired,u1_0.account_non_locked,u1_0.credentials_non_expired,u1_0.description,u1_0.enabled,u1_0.otp_code,u1_0.otp_enabled_for_login,u1_0.otp_generated_time,u1_0.password,u1_0.phone_number,u1_0.title,u1_0.username from "user_security" u1_0 where u1_0.username=?
2025-08-24T11:33:30.596+03:30 DEBUG 1188 --- [ChiDaram App] [           main] org.hibernate.orm.results                : Extracted JDBC value [0] - [208]
2025-08-24T11:33:30.598+03:30 DEBUG 1188 --- [ChiDaram App] [           main] o.hibernate.orm.results.loading.entity   : (EntityResultInitializer) Hydrated EntityKey (com.example.chi_daram.entity.User(217224663531900)): 208
2025-08-24T11:33:30.598+03:30 DEBUG 1188 --- [ChiDaram App] [           main] o.h.o.r.l.o.h.o.r.loading.collection     : (SelectEagerCollectionInitializer) Current row collection key : com.example.chi_daram.entity.User(217224663531900).roles#208
2025-08-24T11:33:30.598+03:30 DEBUG 1188 --- [ChiDaram App] [           main] o.hibernate.orm.results.loading.entity   : (EntityResultInitializer) Created new entity instance [com.example.chi_daram.entity.User(217224663531900)#208] : 996781337
2025-08-24T11:33:30.598+03:30 DEBUG 1188 --- [ChiDaram App] [           main] org.hibernate.orm.results                : Extracted JDBC value [1] - [true]
2025-08-24T11:33:30.598+03:30 DEBUG 1188 --- [ChiDaram App] [           main] org.hibernate.orm.results                : Extracted JDBC value [2] - [true]
2025-08-24T11:33:30.599+03:30 DEBUG 1188 --- [ChiDaram App] [           main] org.hibernate.orm.results                : Extracted JDBC value [3] - [true]
2025-08-24T11:33:30.599+03:30 DEBUG 1188 --- [ChiDaram App] [           main] org.hibernate.orm.results                : Extracted JDBC value [4] - [Desc]
2025-08-24T11:33:30.599+03:30 DEBUG 1188 --- [ChiDaram App] [           main] org.hibernate.orm.results                : Extracted JDBC value [5] - [true]
2025-08-24T11:33:30.599+03:30 DEBUG 1188 --- [ChiDaram App] [           main] org.hibernate.orm.results                : Extracted JDBC value [6] - [null]
2025-08-24T11:33:30.599+03:30 DEBUG 1188 --- [ChiDaram App] [           main] org.hibernate.orm.results                : Extracted JDBC value [7] - [false]
2025-08-24T11:33:30.599+03:30 DEBUG 1188 --- [ChiDaram App] [           main] org.hibernate.orm.results                : Extracted JDBC value [8] - [null]
2025-08-24T11:33:30.599+03:30 DEBUG 1188 --- [ChiDaram App] [           main] org.hibernate.orm.results                : Extracted JDBC value [9] - [$2a$10$xCZg4eUYLabCN7QuUOv16uZkGUCfsTYQZjH3xORJ3XHb3P7OSotia]
2025-08-24T11:33:30.599+03:30 DEBUG 1188 --- [ChiDaram App] [           main] org.hibernate.orm.results                : Extracted JDBC value [10] - [09121234567]
2025-08-24T11:33:30.600+03:30 DEBUG 1188 --- [ChiDaram App] [           main] org.hibernate.orm.results                : Extracted JDBC value [11] - [Integration Test User]
2025-08-24T11:33:30.600+03:30 DEBUG 1188 --- [ChiDaram App] [           main] org.hibernate.orm.results                : Extracted JDBC value [12] - [testuser_int]
2025-08-24T11:33:30.601+03:30 DEBUG 1188 --- [ChiDaram App] [           main] o.hibernate.orm.results.loading.entity   : (EntityResultInitializer) Done materializing entityInstance : com.example.chi_daram.entity.User(217224663531900)#208
2025-08-24T11:33:30.601+03:30 DEBUG 1188 --- [ChiDaram App] [           main] org.hibernate.orm.results.loading        : Calling top-level assembler (0 / 1) : org.hibernate.sql.results.graph.entity.internal.EntityAssembler@28af99b4
2025-08-24T11:33:30.603+03:30 DEBUG 1188 --- [ChiDaram App] [           main] org.hibernate.orm.sql.exec               : Skipping reading Query result cache data: cache-enabled = false, cache-mode = IGNORE
2025-08-24T11:33:30.604+03:30 DEBUG 1188 --- [ChiDaram App] [           main] org.hibernate.orm.results                : Initializer list:
	  com.example.chi_daram.entity.User.roles -> SetInitializer(com.example.chi_daram.entity.User.roles)@686342870 (PluralAttribute(com.example.chi_daram.entity.User.roles))

2025-08-24T11:33:30.605+03:30 DEBUG 1188 --- [ChiDaram App] [           main] org.hibernate.SQL                        : select r1_0.user_id,r1_0.role from user_roles r1_0 where r1_0.user_id=?
2025-08-24T11:33:30.608+03:30 DEBUG 1188 --- [ChiDaram App] [           main] org.hibernate.orm.results                : Extracted JDBC value [0] - [208]
2025-08-24T11:33:30.609+03:30 DEBUG 1188 --- [ChiDaram App] [           main] o.h.o.r.l.o.h.o.r.loading.collection     : (SetInitializer) Current row collection key : com.example.chi_daram.entity.User.roles#208
2025-08-24T11:33:30.609+03:30 DEBUG 1188 --- [ChiDaram App] [           main] o.h.o.r.l.o.h.o.r.loading.collection     : (SetInitializer) Responsible for loading collection [com.example.chi_daram.entity.User.roles#208] : org.hibernate.collection.spi.PersistentSet@583480695
2025-08-24T11:33:30.609+03:30 DEBUG 1188 --- [ChiDaram App] [           main] o.h.o.r.l.o.h.o.r.loading.collection     : (SetInitializer) Reading element from row for collection [com.example.chi_daram.entity.User.roles#208] -> org.hibernate.collection.spi.PersistentSet@583480695
2025-08-24T11:33:30.609+03:30 DEBUG 1188 --- [ChiDaram App] [           main] org.hibernate.orm.results                : Extracted JDBC value [1] - [USER]
2025-08-24T11:33:30.609+03:30 DEBUG 1188 --- [ChiDaram App] [           main] org.hibernate.orm.results.loading        : Calling top-level assembler (0 / 1) : org.hibernate.sql.results.graph.collection.internal.CollectionAssembler@11de1abe
2025-08-24T11:33:30.610+03:30 DEBUG 1188 --- [ChiDaram App] [           main] o.h.sql.results.internal.ResultsHelper   : Collection fully initialized: [com.example.chi_daram.entity.User.roles#208]
2025-08-24T11:33:30.821+03:30 DEBUG 1188 --- [ChiDaram App] [           main] o.s.orm.jpa.JpaTransactionManager        : Creating new transaction with name [com.example.chi_daram.service.impl.UserServiceImpl.getUserByUsername]: PROPAGATION_REQUIRED,ISOLATION_DEFAULT,readOnly
2025-08-24T11:33:30.822+03:30 DEBUG 1188 --- [ChiDaram App] [           main] o.s.orm.jpa.JpaTransactionManager        : Opened new EntityManager [SessionImpl(2144240673<open>)] for JPA transaction
2025-08-24T11:33:30.823+03:30 DEBUG 1188 --- [ChiDaram App] [           main] o.h.e.t.internal.TransactionImpl         : On TransactionImpl creation, JpaCompliance#isJpaTransactionComplianceEnabled == false
2025-08-24T11:33:30.823+03:30 DEBUG 1188 --- [ChiDaram App] [           main] o.h.e.t.internal.TransactionImpl         : begin
2025-08-24T11:33:30.823+03:30 DEBUG 1188 --- [ChiDaram App] [           main] o.s.orm.jpa.JpaTransactionManager        : Exposing JPA transaction as JDBC [org.springframework.orm.jpa.vendor.HibernateJpaDialect$HibernateConnectionHandle@5cef8264]
2025-08-24T11:33:30.825+03:30 DEBUG 1188 --- [ChiDaram App] [           main] org.hibernate.orm.sql.ast.create         : Created new SQL alias : u1_0
2025-08-24T11:33:30.825+03:30 DEBUG 1188 --- [ChiDaram App] [           main] org.hibernate.orm.sql.ast.create         : Registration of TableGroup [StandardTableGroup(com.example.chi_daram.entity.User(217224663531900))] with identifierForTableGroup [com.example.chi_daram.entity.User] for NavigablePath [com.example.chi_daram.entity.User] 
2025-08-24T11:33:30.826+03:30 DEBUG 1188 --- [ChiDaram App] [           main] o.h.q.sqm.sql.BaseSqmToSqlAstConverter   : Determining mapping-model type for SqmParameter : org.hibernate.query.sqm.tree.expression.SqmJpaCriteriaParameterWrapper@5bcc14de
2025-08-24T11:33:30.826+03:30 DEBUG 1188 --- [ChiDaram App] [           main] o.h.q.sqm.sql.BaseSqmToSqlAstConverter   : Determining mapping-model type for SqmPath : SqmBasicValuedSimplePath(com.example.chi_daram.entity.User(217224663531900).username) 
2025-08-24T11:33:30.827+03:30 DEBUG 1188 --- [ChiDaram App] [           main] org.hibernate.orm.results.graph.AST      : DomainResult Graph:
 \-EntityResultImpl [com.example.chi_daram.entity.User(217224663531900)]
 |  +-BasicFetch [com.example.chi_daram.entity.User(217224663531900).accountNonExpired]
 |  +-BasicFetch [com.example.chi_daram.entity.User(217224663531900).accountNonLocked]
 |  +-BasicFetch [com.example.chi_daram.entity.User(217224663531900).credentialsNonExpired]
 |  +-BasicFetch [com.example.chi_daram.entity.User(217224663531900).description]
 |  +-BasicFetch [com.example.chi_daram.entity.User(217224663531900).enabled]
 |  +-BasicFetch [com.example.chi_daram.entity.User(217224663531900).otpCode]
 |  +-BasicFetch [com.example.chi_daram.entity.User(217224663531900).otpEnabledForLogin]
 |  +-BasicFetch [com.example.chi_daram.entity.User(217224663531900).otpGeneratedTime]
 |  +-BasicFetch [com.example.chi_daram.entity.User(217224663531900).password]
 |  +-BasicFetch [com.example.chi_daram.entity.User(217224663531900).phoneNumber]
 |  +-SelectEagerCollectionFetch [com.example.chi_daram.entity.User(217224663531900).roles]
 |  +-BasicFetch [com.example.chi_daram.entity.User(217224663531900).title]
 |  \-BasicFetch [com.example.chi_daram.entity.User(217224663531900).username]

2025-08-24T11:33:30.828+03:30 DEBUG 1188 --- [ChiDaram App] [           main] org.hibernate.orm.sql.ast.tree           : SQL AST Tree:
    SelectStatement {
      FromClause {
        StandardTableGroup (u1 : com.example.chi_daram.entity.User(217224663531900)) {
          primaryTableReference : "user_security" as u1_0
        }
      }
    }

2025-08-24T11:33:30.829+03:30 DEBUG 1188 --- [ChiDaram App] [           main] org.hibernate.orm.sql.exec               : Skipping reading Query result cache data: cache-enabled = false, cache-mode = NORMAL
2025-08-24T11:33:30.830+03:30 DEBUG 1188 --- [ChiDaram App] [           main] org.hibernate.orm.results                : Initializer list:
	  com.example.chi_daram.entity.User(217224663531900).roles -> SelectEagerCollectionInitializer(com.example.chi_daram.entity.User(217224663531900).roles)@295617252 (PluralAttribute(com.example.chi_daram.entity.User.roles))
	  com.example.chi_daram.entity.User(217224663531900) -> EntityResultInitializer(com.example.chi_daram.entity.User(217224663531900))@718229229 (SingleTableEntityPersister(com.example.chi_daram.entity.User))

2025-08-24T11:33:30.831+03:30 DEBUG 1188 --- [ChiDaram App] [           main] org.hibernate.SQL                        : select u1_0.id,u1_0.account_non_expired,u1_0.account_non_locked,u1_0.credentials_non_expired,u1_0.description,u1_0.enabled,u1_0.otp_code,u1_0.otp_enabled_for_login,u1_0.otp_generated_time,u1_0.password,u1_0.phone_number,u1_0.title,u1_0.username from "user_security" u1_0 where u1_0.username=?
2025-08-24T11:33:30.832+03:30 DEBUG 1188 --- [ChiDaram App] [           main] org.hibernate.orm.results                : Extracted JDBC value [0] - [208]
2025-08-24T11:33:30.833+03:30 DEBUG 1188 --- [ChiDaram App] [           main] o.hibernate.orm.results.loading.entity   : (EntityResultInitializer) Hydrated EntityKey (com.example.chi_daram.entity.User(217224663531900)): 208
2025-08-24T11:33:30.833+03:30 DEBUG 1188 --- [ChiDaram App] [           main] o.h.o.r.l.o.h.o.r.loading.collection     : (SelectEagerCollectionInitializer) Current row collection key : com.example.chi_daram.entity.User(217224663531900).roles#208
2025-08-24T11:33:30.833+03:30 DEBUG 1188 --- [ChiDaram App] [           main] o.hibernate.orm.results.loading.entity   : (EntityResultInitializer) Created new entity instance [com.example.chi_daram.entity.User(217224663531900)#208] : 1699367761
2025-08-24T11:33:30.834+03:30 DEBUG 1188 --- [ChiDaram App] [           main] org.hibernate.orm.results                : Extracted JDBC value [1] - [true]
2025-08-24T11:33:30.834+03:30 DEBUG 1188 --- [ChiDaram App] [           main] org.hibernate.orm.results                : Extracted JDBC value [2] - [true]
2025-08-24T11:33:30.834+03:30 DEBUG 1188 --- [ChiDaram App] [           main] org.hibernate.orm.results                : Extracted JDBC value [3] - [true]
2025-08-24T11:33:30.834+03:30 DEBUG 1188 --- [ChiDaram App] [           main] org.hibernate.orm.results                : Extracted JDBC value [4] - [Desc]
2025-08-24T11:33:30.834+03:30 DEBUG 1188 --- [ChiDaram App] [           main] org.hibernate.orm.results                : Extracted JDBC value [5] - [true]
2025-08-24T11:33:30.834+03:30 DEBUG 1188 --- [ChiDaram App] [           main] org.hibernate.orm.results                : Extracted JDBC value [6] - [null]
2025-08-24T11:33:30.834+03:30 DEBUG 1188 --- [ChiDaram App] [           main] org.hibernate.orm.results                : Extracted JDBC value [7] - [false]
2025-08-24T11:33:30.834+03:30 DEBUG 1188 --- [ChiDaram App] [           main] org.hibernate.orm.results                : Extracted JDBC value [8] - [null]
2025-08-24T11:33:30.834+03:30 DEBUG 1188 --- [ChiDaram App] [           main] org.hibernate.orm.results                : Extracted JDBC value [9] - [$2a$10$xCZg4eUYLabCN7QuUOv16uZkGUCfsTYQZjH3xORJ3XHb3P7OSotia]
2025-08-24T11:33:30.834+03:30 DEBUG 1188 --- [ChiDaram App] [           main] org.hibernate.orm.results                : Extracted JDBC value [10] - [09121234567]
2025-08-24T11:33:30.834+03:30 DEBUG 1188 --- [ChiDaram App] [           main] org.hibernate.orm.results                : Extracted JDBC value [11] - [Integration Test User]
2025-08-24T11:33:30.834+03:30 DEBUG 1188 --- [ChiDaram App] [           main] org.hibernate.orm.results                : Extracted JDBC value [12] - [testuser_int]
2025-08-24T11:33:30.835+03:30 DEBUG 1188 --- [ChiDaram App] [           main] o.hibernate.orm.results.loading.entity   : (EntityResultInitializer) Done materializing entityInstance : com.example.chi_daram.entity.User(217224663531900)#208
2025-08-24T11:33:30.835+03:30 DEBUG 1188 --- [ChiDaram App] [           main] org.hibernate.orm.results.loading        : Calling top-level assembler (0 / 1) : org.hibernate.sql.results.graph.entity.internal.EntityAssembler@96cd9d2
2025-08-24T11:33:30.836+03:30 DEBUG 1188 --- [ChiDaram App] [           main] org.hibernate.orm.sql.exec               : Skipping reading Query result cache data: cache-enabled = false, cache-mode = IGNORE
2025-08-24T11:33:30.836+03:30 DEBUG 1188 --- [ChiDaram App] [           main] org.hibernate.orm.results                : Initializer list:
	  com.example.chi_daram.entity.User.roles -> SetInitializer(com.example.chi_daram.entity.User.roles)@711672916 (PluralAttribute(com.example.chi_daram.entity.User.roles))

2025-08-24T11:33:30.836+03:30 DEBUG 1188 --- [ChiDaram App] [           main] org.hibernate.SQL                        : select r1_0.user_id,r1_0.role from user_roles r1_0 where r1_0.user_id=?
2025-08-24T11:33:30.839+03:30 DEBUG 1188 --- [ChiDaram App] [           main] org.hibernate.orm.results                : Extracted JDBC value [0] - [208]
2025-08-24T11:33:30.839+03:30 DEBUG 1188 --- [ChiDaram App] [           main] o.h.o.r.l.o.h.o.r.loading.collection     : (SetInitializer) Current row collection key : com.example.chi_daram.entity.User.roles#208
2025-08-24T11:33:30.839+03:30 DEBUG 1188 --- [ChiDaram App] [           main] o.h.o.r.l.o.h.o.r.loading.collection     : (SetInitializer) Responsible for loading collection [com.example.chi_daram.entity.User.roles#208] : org.hibernate.collection.spi.PersistentSet@899860787
2025-08-24T11:33:30.839+03:30 DEBUG 1188 --- [ChiDaram App] [           main] o.h.o.r.l.o.h.o.r.loading.collection     : (SetInitializer) Reading element from row for collection [com.example.chi_daram.entity.User.roles#208] -> org.hibernate.collection.spi.PersistentSet@899860787
2025-08-24T11:33:30.839+03:30 DEBUG 1188 --- [ChiDaram App] [           main] org.hibernate.orm.results                : Extracted JDBC value [1] - [USER]
2025-08-24T11:33:30.839+03:30 DEBUG 1188 --- [ChiDaram App] [           main] org.hibernate.orm.results.loading        : Calling top-level assembler (0 / 1) : org.hibernate.sql.results.graph.collection.internal.CollectionAssembler@5149d71b
2025-08-24T11:33:30.839+03:30 DEBUG 1188 --- [ChiDaram App] [           main] o.h.sql.results.internal.ResultsHelper   : Collection fully initialized: [com.example.chi_daram.entity.User.roles#208]
2025-08-24T11:33:30.840+03:30 DEBUG 1188 --- [ChiDaram App] [           main] o.s.orm.jpa.JpaTransactionManager        : Initiating transaction commit
2025-08-24T11:33:30.841+03:30 DEBUG 1188 --- [ChiDaram App] [           main] o.s.orm.jpa.JpaTransactionManager        : Committing JPA transaction on EntityManager [SessionImpl(2144240673<open>)]
2025-08-24T11:33:30.841+03:30 DEBUG 1188 --- [ChiDaram App] [           main] o.h.e.t.internal.TransactionImpl         : committing
2025-08-24T11:33:30.842+03:30 DEBUG 1188 --- [ChiDaram App] [           main] o.s.orm.jpa.JpaTransactionManager        : Closing JPA EntityManager [SessionImpl(2144240673<open>)] after transaction
2025-08-24T11:33:30.892+03:30 DEBUG 1188 --- [ChiDaram App] [           main] tor$SharedEntityManagerInvocationHandler : Creating new EntityManager for shared EntityManager invocation
2025-08-24T11:33:30.894+03:30 DEBUG 1188 --- [ChiDaram App] [           main] org.hibernate.orm.sql.ast.create         : Created new SQL alias : u1_0
2025-08-24T11:33:30.900+03:30 DEBUG 1188 --- [ChiDaram App] [           main] org.hibernate.orm.sql.ast.create         : Registration of TableGroup [StandardTableGroup(com.example.chi_daram.entity.User(217224663531900))] with identifierForTableGroup [com.example.chi_daram.entity.User] for NavigablePath [com.example.chi_daram.entity.User] 
2025-08-24T11:33:30.901+03:30 DEBUG 1188 --- [ChiDaram App] [           main] o.h.q.sqm.sql.BaseSqmToSqlAstConverter   : Determining mapping-model type for SqmParameter : org.hibernate.query.sqm.tree.expression.SqmJpaCriteriaParameterWrapper@2d991631
2025-08-24T11:33:30.901+03:30 DEBUG 1188 --- [ChiDaram App] [           main] o.h.q.sqm.sql.BaseSqmToSqlAstConverter   : Determining mapping-model type for SqmPath : SqmBasicValuedSimplePath(com.example.chi_daram.entity.User(217224663531900).username) 
2025-08-24T11:33:30.902+03:30 DEBUG 1188 --- [ChiDaram App] [           main] org.hibernate.orm.results.graph.AST      : DomainResult Graph:
 \-EntityResultImpl [com.example.chi_daram.entity.User(217224663531900)]
 |  +-BasicFetch [com.example.chi_daram.entity.User(217224663531900).accountNonExpired]
 |  +-BasicFetch [com.example.chi_daram.entity.User(217224663531900).accountNonLocked]
 |  +-BasicFetch [com.example.chi_daram.entity.User(217224663531900).credentialsNonExpired]
 |  +-BasicFetch [com.example.chi_daram.entity.User(217224663531900).description]
 |  +-BasicFetch [com.example.chi_daram.entity.User(217224663531900).enabled]
 |  +-BasicFetch [com.example.chi_daram.entity.User(217224663531900).otpCode]
 |  +-BasicFetch [com.example.chi_daram.entity.User(217224663531900).otpEnabledForLogin]
 |  +-BasicFetch [com.example.chi_daram.entity.User(217224663531900).otpGeneratedTime]
 |  +-BasicFetch [com.example.chi_daram.entity.User(217224663531900).password]
 |  +-BasicFetch [com.example.chi_daram.entity.User(217224663531900).phoneNumber]
 |  +-SelectEagerCollectionFetch [com.example.chi_daram.entity.User(217224663531900).roles]
 |  +-BasicFetch [com.example.chi_daram.entity.User(217224663531900).title]
 |  \-BasicFetch [com.example.chi_daram.entity.User(217224663531900).username]

2025-08-24T11:33:30.902+03:30 DEBUG 1188 --- [ChiDaram App] [           main] org.hibernate.orm.sql.ast.tree           : SQL AST Tree:
    SelectStatement {
      FromClause {
        StandardTableGroup (u1 : com.example.chi_daram.entity.User(217224663531900)) {
          primaryTableReference : "user_security" as u1_0
        }
      }
    }

2025-08-24T11:33:30.904+03:30 DEBUG 1188 --- [ChiDaram App] [           main] org.hibernate.orm.sql.exec               : Skipping reading Query result cache data: cache-enabled = false, cache-mode = NORMAL
2025-08-24T11:33:30.904+03:30 DEBUG 1188 --- [ChiDaram App] [           main] org.hibernate.orm.results                : Initializer list:
	  com.example.chi_daram.entity.User(217224663531900).roles -> SelectEagerCollectionInitializer(com.example.chi_daram.entity.User(217224663531900).roles)@2092003480 (PluralAttribute(com.example.chi_daram.entity.User.roles))
	  com.example.chi_daram.entity.User(217224663531900) -> EntityResultInitializer(com.example.chi_daram.entity.User(217224663531900))@427608481 (SingleTableEntityPersister(com.example.chi_daram.entity.User))

2025-08-24T11:33:30.904+03:30 DEBUG 1188 --- [ChiDaram App] [           main] org.hibernate.SQL                        : select u1_0.id,u1_0.account_non_expired,u1_0.account_non_locked,u1_0.credentials_non_expired,u1_0.description,u1_0.enabled,u1_0.otp_code,u1_0.otp_enabled_for_login,u1_0.otp_generated_time,u1_0.password,u1_0.phone_number,u1_0.title,u1_0.username from "user_security" u1_0 where u1_0.username=?
2025-08-24T11:33:30.909+03:30 DEBUG 1188 --- [ChiDaram App] [           main] org.hibernate.orm.results                : Extracted JDBC value [0] - [208]
2025-08-24T11:33:30.909+03:30 DEBUG 1188 --- [ChiDaram App] [           main] o.hibernate.orm.results.loading.entity   : (EntityResultInitializer) Hydrated EntityKey (com.example.chi_daram.entity.User(217224663531900)): 208
2025-08-24T11:33:30.909+03:30 DEBUG 1188 --- [ChiDaram App] [           main] o.h.o.r.l.o.h.o.r.loading.collection     : (SelectEagerCollectionInitializer) Current row collection key : com.example.chi_daram.entity.User(217224663531900).roles#208
2025-08-24T11:33:30.909+03:30 DEBUG 1188 --- [ChiDaram App] [           main] o.hibernate.orm.results.loading.entity   : (EntityResultInitializer) Created new entity instance [com.example.chi_daram.entity.User(217224663531900)#208] : 1951805205
2025-08-24T11:33:30.909+03:30 DEBUG 1188 --- [ChiDaram App] [           main] org.hibernate.orm.results                : Extracted JDBC value [1] - [true]
2025-08-24T11:33:30.909+03:30 DEBUG 1188 --- [ChiDaram App] [           main] org.hibernate.orm.results                : Extracted JDBC value [2] - [true]
2025-08-24T11:33:30.910+03:30 DEBUG 1188 --- [ChiDaram App] [           main] org.hibernate.orm.results                : Extracted JDBC value [3] - [true]
2025-08-24T11:33:30.910+03:30 DEBUG 1188 --- [ChiDaram App] [           main] org.hibernate.orm.results                : Extracted JDBC value [4] - [Desc]
2025-08-24T11:33:30.910+03:30 DEBUG 1188 --- [ChiDaram App] [           main] org.hibernate.orm.results                : Extracted JDBC value [5] - [true]
2025-08-24T11:33:30.910+03:30 DEBUG 1188 --- [ChiDaram App] [           main] org.hibernate.orm.results                : Extracted JDBC value [6] - [null]
2025-08-24T11:33:30.910+03:30 DEBUG 1188 --- [ChiDaram App] [           main] org.hibernate.orm.results                : Extracted JDBC value [7] - [false]
2025-08-24T11:33:30.910+03:30 DEBUG 1188 --- [ChiDaram App] [           main] org.hibernate.orm.results                : Extracted JDBC value [8] - [null]
2025-08-24T11:33:30.910+03:30 DEBUG 1188 --- [ChiDaram App] [           main] org.hibernate.orm.results                : Extracted JDBC value [9] - [$2a$10$xCZg4eUYLabCN7QuUOv16uZkGUCfsTYQZjH3xORJ3XHb3P7OSotia]
2025-08-24T11:33:30.910+03:30 DEBUG 1188 --- [ChiDaram App] [           main] org.hibernate.orm.results                : Extracted JDBC value [10] - [09121234567]
2025-08-24T11:33:30.910+03:30 DEBUG 1188 --- [ChiDaram App] [           main] org.hibernate.orm.results                : Extracted JDBC value [11] - [Integration Test User]
2025-08-24T11:33:30.910+03:30 DEBUG 1188 --- [ChiDaram App] [           main] org.hibernate.orm.results                : Extracted JDBC value [12] - [testuser_int]
2025-08-24T11:33:30.910+03:30 DEBUG 1188 --- [ChiDaram App] [           main] o.hibernate.orm.results.loading.entity   : (EntityResultInitializer) Done materializing entityInstance : com.example.chi_daram.entity.User(217224663531900)#208
2025-08-24T11:33:30.911+03:30 DEBUG 1188 --- [ChiDaram App] [           main] org.hibernate.orm.results.loading        : Calling top-level assembler (0 / 1) : org.hibernate.sql.results.graph.entity.internal.EntityAssembler@3d3bd9e3
2025-08-24T11:33:30.911+03:30 DEBUG 1188 --- [ChiDaram App] [           main] org.hibernate.orm.sql.exec               : Skipping reading Query result cache data: cache-enabled = false, cache-mode = IGNORE
2025-08-24T11:33:30.912+03:30 DEBUG 1188 --- [ChiDaram App] [           main] org.hibernate.orm.results                : Initializer list:
	  com.example.chi_daram.entity.User.roles -> SetInitializer(com.example.chi_daram.entity.User.roles)@458971849 (PluralAttribute(com.example.chi_daram.entity.User.roles))

2025-08-24T11:33:30.912+03:30 DEBUG 1188 --- [ChiDaram App] [           main] org.hibernate.SQL                        : select r1_0.user_id,r1_0.role from user_roles r1_0 where r1_0.user_id=?
2025-08-24T11:33:30.915+03:30 DEBUG 1188 --- [ChiDaram App] [           main] org.hibernate.orm.results                : Extracted JDBC value [0] - [208]
2025-08-24T11:33:30.916+03:30 DEBUG 1188 --- [ChiDaram App] [           main] o.h.o.r.l.o.h.o.r.loading.collection     : (SetInitializer) Current row collection key : com.example.chi_daram.entity.User.roles#208
2025-08-24T11:33:30.916+03:30 DEBUG 1188 --- [ChiDaram App] [           main] o.h.o.r.l.o.h.o.r.loading.collection     : (SetInitializer) Responsible for loading collection [com.example.chi_daram.entity.User.roles#208] : org.hibernate.collection.spi.PersistentSet@186175999
2025-08-24T11:33:30.916+03:30 DEBUG 1188 --- [ChiDaram App] [           main] o.h.o.r.l.o.h.o.r.loading.collection     : (SetInitializer) Reading element from row for collection [com.example.chi_daram.entity.User.roles#208] -> org.hibernate.collection.spi.PersistentSet@186175999
2025-08-24T11:33:30.916+03:30 DEBUG 1188 --- [ChiDaram App] [           main] org.hibernate.orm.results                : Extracted JDBC value [1] - [USER]
2025-08-24T11:33:30.916+03:30 DEBUG 1188 --- [ChiDaram App] [           main] org.hibernate.orm.results.loading        : Calling top-level assembler (0 / 1) : org.hibernate.sql.results.graph.collection.internal.CollectionAssembler@70fd626f
2025-08-24T11:33:30.916+03:30 DEBUG 1188 --- [ChiDaram App] [           main] o.h.sql.results.internal.ResultsHelper   : Collection fully initialized: [com.example.chi_daram.entity.User.roles#208]
2025-08-24T11:33:30.924+03:30 DEBUG 1188 --- [ChiDaram App] [           main] o.s.orm.jpa.JpaTransactionManager        : Creating new transaction with name [com.example.chi_daram.service.impl.UserServiceImpl.deleteUser]: PROPAGATION_REQUIRED,ISOLATION_DEFAULT
2025-08-24T11:33:30.925+03:30 DEBUG 1188 --- [ChiDaram App] [           main] o.s.orm.jpa.JpaTransactionManager        : Opened new EntityManager [SessionImpl(199357398<open>)] for JPA transaction
2025-08-24T11:33:30.925+03:30 DEBUG 1188 --- [ChiDaram App] [           main] o.h.e.t.internal.TransactionImpl         : On TransactionImpl creation, JpaCompliance#isJpaTransactionComplianceEnabled == false
2025-08-24T11:33:30.926+03:30 DEBUG 1188 --- [ChiDaram App] [           main] o.h.e.t.internal.TransactionImpl         : begin
2025-08-24T11:33:30.926+03:30 DEBUG 1188 --- [ChiDaram App] [           main] o.s.orm.jpa.JpaTransactionManager        : Exposing JPA transaction as JDBC [org.springframework.orm.jpa.vendor.HibernateJpaDialect$HibernateConnectionHandle@d0f1671]
2025-08-24T11:33:30.927+03:30 DEBUG 1188 --- [ChiDaram App] [           main] o.s.orm.jpa.JpaTransactionManager        : Found thread-bound EntityManager [SessionImpl(199357398<open>)] for JPA transaction
2025-08-24T11:33:30.927+03:30 DEBUG 1188 --- [ChiDaram App] [           main] o.s.orm.jpa.JpaTransactionManager        : Participating in existing transaction
2025-08-24T11:33:30.928+03:30 DEBUG 1188 --- [ChiDaram App] [           main] org.hibernate.orm.sql.exec               : Skipping reading Query result cache data: cache-enabled = false, cache-mode = IGNORE
2025-08-24T11:33:30.929+03:30 DEBUG 1188 --- [ChiDaram App] [           main] org.hibernate.orm.results                : Initializer list:
	  com.example.chi_daram.entity.User.roles -> SetInitializer(com.example.chi_daram.entity.User.roles)@1176071230 (PluralAttribute(com.example.chi_daram.entity.User.roles))
	  com.example.chi_daram.entity.User -> EntityResultInitializer(com.example.chi_daram.entity.User)@593013241 (SingleTableEntityPersister(com.example.chi_daram.entity.User))

2025-08-24T11:33:30.929+03:30 DEBUG 1188 --- [ChiDaram App] [           main] org.hibernate.SQL                        : select u1_0.id,u1_0.account_non_expired,u1_0.account_non_locked,u1_0.credentials_non_expired,u1_0.description,u1_0.enabled,u1_0.otp_code,u1_0.otp_enabled_for_login,u1_0.otp_generated_time,u1_0.password,u1_0.phone_number,r1_0.user_id,r1_0.role,u1_0.title,u1_0.username from "user_security" u1_0 left join user_roles r1_0 on u1_0.id=r1_0.user_id where u1_0.id=?
2025-08-24T11:33:30.932+03:30 DEBUG 1188 --- [ChiDaram App] [           main] o.hibernate.orm.results.loading.entity   : (EntityResultInitializer) Hydrated EntityKey (com.example.chi_daram.entity.User): 208
2025-08-24T11:33:30.933+03:30 DEBUG 1188 --- [ChiDaram App] [           main] o.h.o.r.l.o.h.o.r.loading.collection     : (SetInitializer) Current row collection key : com.example.chi_daram.entity.User.roles#208
2025-08-24T11:33:30.933+03:30 DEBUG 1188 --- [ChiDaram App] [           main] org.hibernate.orm.results                : Extracted JDBC value [11] - [208]
2025-08-24T11:33:30.933+03:30 DEBUG 1188 --- [ChiDaram App] [           main] o.hibernate.orm.results.loading.entity   : (EntityResultInitializer) Created new entity instance [com.example.chi_daram.entity.User#208] : 1595890147
2025-08-24T11:33:30.933+03:30 DEBUG 1188 --- [ChiDaram App] [           main] o.h.o.r.l.o.h.o.r.loading.collection     : (SetInitializer) Created new collection wrapper [com.example.chi_daram.entity.User.roles#208] : org.hibernate.collection.spi.PersistentSet@963519640
2025-08-24T11:33:30.933+03:30 DEBUG 1188 --- [ChiDaram App] [           main] o.h.o.r.l.o.h.o.r.loading.collection     : (SetInitializer) Responsible for loading collection [com.example.chi_daram.entity.User.roles#208] : org.hibernate.collection.spi.PersistentSet@963519640
2025-08-24T11:33:30.933+03:30 DEBUG 1188 --- [ChiDaram App] [           main] o.h.o.r.l.o.h.o.r.loading.collection     : (SetInitializer) Reading element from row for collection [com.example.chi_daram.entity.User.roles#208] -> org.hibernate.collection.spi.PersistentSet@963519640
2025-08-24T11:33:30.934+03:30 DEBUG 1188 --- [ChiDaram App] [           main] org.hibernate.orm.results                : Extracted JDBC value [12] - [USER]
2025-08-24T11:33:30.934+03:30 DEBUG 1188 --- [ChiDaram App] [           main] org.hibernate.orm.results                : Extracted JDBC value [1] - [true]
2025-08-24T11:33:30.934+03:30 DEBUG 1188 --- [ChiDaram App] [           main] org.hibernate.orm.results                : Extracted JDBC value [2] - [true]
2025-08-24T11:33:30.934+03:30 DEBUG 1188 --- [ChiDaram App] [           main] org.hibernate.orm.results                : Extracted JDBC value [3] - [true]
2025-08-24T11:33:30.934+03:30 DEBUG 1188 --- [ChiDaram App] [           main] org.hibernate.orm.results                : Extracted JDBC value [4] - [Desc]
2025-08-24T11:33:30.934+03:30 DEBUG 1188 --- [ChiDaram App] [           main] org.hibernate.orm.results                : Extracted JDBC value [5] - [true]
2025-08-24T11:33:30.934+03:30 DEBUG 1188 --- [ChiDaram App] [           main] org.hibernate.orm.results                : Extracted JDBC value [6] - [null]
2025-08-24T11:33:30.934+03:30 DEBUG 1188 --- [ChiDaram App] [           main] org.hibernate.orm.results                : Extracted JDBC value [7] - [false]
2025-08-24T11:33:30.934+03:30 DEBUG 1188 --- [ChiDaram App] [           main] org.hibernate.orm.results                : Extracted JDBC value [8] - [null]
2025-08-24T11:33:30.934+03:30 DEBUG 1188 --- [ChiDaram App] [           main] org.hibernate.orm.results                : Extracted JDBC value [9] - [$2a$10$xCZg4eUYLabCN7QuUOv16uZkGUCfsTYQZjH3xORJ3XHb3P7OSotia]
2025-08-24T11:33:30.934+03:30 DEBUG 1188 --- [ChiDaram App] [           main] org.hibernate.orm.results                : Extracted JDBC value [10] - [09121234567]
2025-08-24T11:33:30.934+03:30 DEBUG 1188 --- [ChiDaram App] [           main] org.hibernate.orm.results                : Extracted JDBC value [13] - [Integration Test User]
2025-08-24T11:33:30.934+03:30 DEBUG 1188 --- [ChiDaram App] [           main] org.hibernate.orm.results                : Extracted JDBC value [14] - [testuser_int]
2025-08-24T11:33:30.935+03:30 DEBUG 1188 --- [ChiDaram App] [           main] o.hibernate.orm.results.loading.entity   : (EntityResultInitializer) Done materializing entityInstance : com.example.chi_daram.entity.User#208
2025-08-24T11:33:30.935+03:30 DEBUG 1188 --- [ChiDaram App] [           main] org.hibernate.orm.results.loading        : Calling top-level assembler (0 / 1) : org.hibernate.sql.results.graph.entity.internal.EntityAssembler@2fe310b
2025-08-24T11:33:30.935+03:30 DEBUG 1188 --- [ChiDaram App] [           main] o.h.sql.results.internal.ResultsHelper   : Collection fully initialized: [com.example.chi_daram.entity.User.roles#208]
2025-08-24T11:33:30.936+03:30 DEBUG 1188 --- [ChiDaram App] [           main] o.s.orm.jpa.JpaTransactionManager        : Found thread-bound EntityManager [SessionImpl(199357398<open>)] for JPA transaction
2025-08-24T11:33:30.937+03:30 DEBUG 1188 --- [ChiDaram App] [           main] o.s.orm.jpa.JpaTransactionManager        : Participating in existing transaction
2025-08-24T11:33:30.937+03:30 DEBUG 1188 --- [ChiDaram App] [           main] o.h.j.internal.PersistenceUnitUtilImpl   : jakarta.persistence.PersistenceUnitUtil.getIdentifier is only intended to work with enhanced entities (although Hibernate also adapts this support to its proxies); however the passed entity was not enhanced (nor a proxy).. may not be able to read identifier
2025-08-24T11:33:30.937+03:30 DEBUG 1188 --- [ChiDaram App] [           main] o.h.j.internal.PersistenceUnitUtilImpl   : jakarta.persistence.PersistenceUnitUtil.getIdentifier is only intended to work with enhanced entities (although Hibernate also adapts this support to its proxies); however the passed entity was not enhanced (nor a proxy).. may not be able to read identifier
2025-08-24T11:33:30.938+03:30 DEBUG 1188 --- [ChiDaram App] [           main] o.s.orm.jpa.JpaTransactionManager        : Initiating transaction commit
2025-08-24T11:33:30.939+03:30 DEBUG 1188 --- [ChiDaram App] [           main] o.s.orm.jpa.JpaTransactionManager        : Committing JPA transaction on EntityManager [SessionImpl(199357398<open>)]
2025-08-24T11:33:30.939+03:30 DEBUG 1188 --- [ChiDaram App] [           main] o.h.e.t.internal.TransactionImpl         : committing
2025-08-24T11:33:30.939+03:30 DEBUG 1188 --- [ChiDaram App] [           main] o.h.e.i.AbstractFlushingEventListener    : Processing flush-time cascades
2025-08-24T11:33:30.939+03:30 DEBUG 1188 --- [ChiDaram App] [           main] o.h.e.i.AbstractFlushingEventListener    : Dirty checking collections
2025-08-24T11:33:30.940+03:30 DEBUG 1188 --- [ChiDaram App] [           main] o.hibernate.engine.internal.Collections  : Collection dereferenced: [com.example.chi_daram.entity.User.roles#208]
2025-08-24T11:33:30.941+03:30 DEBUG 1188 --- [ChiDaram App] [           main] o.h.e.i.AbstractFlushingEventListener    : Flushed: 0 insertions, 0 updates, 1 deletions to 1 objects
2025-08-24T11:33:30.941+03:30 DEBUG 1188 --- [ChiDaram App] [           main] o.h.e.i.AbstractFlushingEventListener    : Flushed: 0 (re)creations, 0 updates, 1 removals to 1 collections
2025-08-24T11:33:30.941+03:30 DEBUG 1188 --- [ChiDaram App] [           main] o.hibernate.internal.util.EntityPrinter  : Listing entities:
2025-08-24T11:33:30.941+03:30 DEBUG 1188 --- [ChiDaram App] [           main] o.hibernate.internal.util.EntityPrinter  : com.example.chi_daram.entity.User{credentialsNonExpired=true, roles=[USER], otpCode=null, description=Desc, title=Integration Test User, enabled=true, otpGeneratedTime=null, password=$2a$10$xCZg4eUYLabCN7QuUOv16uZkGUCfsTYQZjH3xORJ3XHb3P7OSotia, phoneNumber=09121234567, otpEnabledForLogin=false, accountNonExpired=true, id=208, accountNonLocked=true, username=testuser_int}
2025-08-24T11:33:30.941+03:30 DEBUG 1188 --- [ChiDaram App] [           main] org.hibernate.orm.jdbc.mutation          : Deleting collection - com.example.chi_daram.entity.User.roles : 208
2025-08-24T11:33:30.942+03:30 DEBUG 1188 --- [ChiDaram App] [           main] org.hibernate.SQL                        : delete from user_roles where user_id=?
2025-08-24T11:33:30.945+03:30 DEBUG 1188 --- [ChiDaram App] [           main] org.hibernate.SQL                        : delete from "user_security" where id=?
2025-08-24T11:33:30.954+03:30 DEBUG 1188 --- [ChiDaram App] [           main] o.s.orm.jpa.JpaTransactionManager        : Closing JPA EntityManager [SessionImpl(199357398<open>)] after transaction
2025-08-24T11:33:30.962+03:30 DEBUG 1188 --- [ChiDaram App] [           main] o.s.orm.jpa.JpaTransactionManager        : Creating new transaction with name [org.springframework.data.jpa.repository.support.SimpleJpaRepository.findById]: PROPAGATION_REQUIRED,ISOLATION_DEFAULT,readOnly
2025-08-24T11:33:30.963+03:30 DEBUG 1188 --- [ChiDaram App] [           main] o.s.orm.jpa.JpaTransactionManager        : Opened new EntityManager [SessionImpl(213134830<open>)] for JPA transaction
2025-08-24T11:33:30.964+03:30 DEBUG 1188 --- [ChiDaram App] [           main] o.h.e.t.internal.TransactionImpl         : On TransactionImpl creation, JpaCompliance#isJpaTransactionComplianceEnabled == false
2025-08-24T11:33:30.964+03:30 DEBUG 1188 --- [ChiDaram App] [           main] o.h.e.t.internal.TransactionImpl         : begin
2025-08-24T11:33:30.964+03:30 DEBUG 1188 --- [ChiDaram App] [           main] o.s.orm.jpa.JpaTransactionManager        : Exposing JPA transaction as JDBC [org.springframework.orm.jpa.vendor.HibernateJpaDialect$HibernateConnectionHandle@3c98e574]
2025-08-24T11:33:30.965+03:30 DEBUG 1188 --- [ChiDaram App] [           main] org.hibernate.orm.sql.exec               : Skipping reading Query result cache data: cache-enabled = false, cache-mode = IGNORE
2025-08-24T11:33:30.965+03:30 DEBUG 1188 --- [ChiDaram App] [           main] org.hibernate.orm.results                : Initializer list:
	  com.example.chi_daram.entity.User.roles -> SetInitializer(com.example.chi_daram.entity.User.roles)@2040687043 (PluralAttribute(com.example.chi_daram.entity.User.roles))
	  com.example.chi_daram.entity.User -> EntityResultInitializer(com.example.chi_daram.entity.User)@2092842245 (SingleTableEntityPersister(com.example.chi_daram.entity.User))

2025-08-24T11:33:30.966+03:30 DEBUG 1188 --- [ChiDaram App] [           main] org.hibernate.SQL                        : select u1_0.id,u1_0.account_non_expired,u1_0.account_non_locked,u1_0.credentials_non_expired,u1_0.description,u1_0.enabled,u1_0.otp_code,u1_0.otp_enabled_for_login,u1_0.otp_generated_time,u1_0.password,u1_0.phone_number,r1_0.user_id,r1_0.role,u1_0.title,u1_0.username from "user_security" u1_0 left join user_roles r1_0 on u1_0.id=r1_0.user_id where u1_0.id=?
2025-08-24T11:33:30.968+03:30 DEBUG 1188 --- [ChiDaram App] [           main] o.s.orm.jpa.JpaTransactionManager        : Initiating transaction commit
2025-08-24T11:33:30.968+03:30 DEBUG 1188 --- [ChiDaram App] [           main] o.s.orm.jpa.JpaTransactionManager        : Committing JPA transaction on EntityManager [SessionImpl(213134830<open>)]
2025-08-24T11:33:30.968+03:30 DEBUG 1188 --- [ChiDaram App] [           main] o.h.e.t.internal.TransactionImpl         : committing
2025-08-24T11:33:30.969+03:30 DEBUG 1188 --- [ChiDaram App] [           main] o.s.orm.jpa.JpaTransactionManager        : Closing JPA EntityManager [SessionImpl(213134830<open>)] after transaction
]]></system-out>
  </testcase>
</testsuite>