<?xml version="1.0" encoding="UTF-8"?>
<testsuite xmlns:xsi="http://www.w3.org/2001/XMLSchema-instance" xsi:noNamespaceSchemaLocation="https://maven.apache.org/surefire/maven-surefire-plugin/xsd/surefire-test-report-3.0.xsd" version="3.0" name="com.example.chi_daram.controller.UserControllerIntegrationTest" time="22.144" tests="5" errors="0" skipped="0" failures="0">
  <properties>
    <property name="java.specification.version" value="23"/>
    <property name="sun.cpu.isalist" value="amd64"/>
    <property name="sun.jnu.encoding" value="Cp1252"/>
    <property name="java.class.path" value="D:\ChiDaram App\chi_daram\target\test-classes;D:\ChiDaram App\chi_daram\target\classes;C:\Users\Parnian\.m2\repository\org\springframework\boot\spring-boot-starter-actuator\3.3.1\spring-boot-starter-actuator-3.3.1.jar;C:\Users\Parnian\.m2\repository\org\springframework\boot\spring-boot-starter\3.3.1\spring-boot-starter-3.3.1.jar;C:\Users\Parnian\.m2\repository\org\springframework\boot\spring-boot-starter-logging\3.3.1\spring-boot-starter-logging-3.3.1.jar;C:\Users\Parnian\.m2\repository\ch\qos\logback\logback-classic\1.5.6\logback-classic-1.5.6.jar;C:\Users\Parnian\.m2\repository\ch\qos\logback\logback-core\1.5.6\logback-core-1.5.6.jar;C:\Users\Parnian\.m2\repository\org\apache\logging\log4j\log4j-to-slf4j\2.23.1\log4j-to-slf4j-2.23.1.jar;C:\Users\Parnian\.m2\repository\org\apache\logging\log4j\log4j-api\2.23.1\log4j-api-2.23.1.jar;C:\Users\Parnian\.m2\repository\org\slf4j\jul-to-slf4j\2.0.13\jul-to-slf4j-2.0.13.jar;C:\Users\Parnian\.m2\repository\jakarta\annotation\jakarta.annotation-api\2.1.1\jakarta.annotation-api-2.1.1.jar;C:\Users\Parnian\.m2\repository\org\yaml\snakeyaml\2.2\snakeyaml-2.2.jar;C:\Users\Parnian\.m2\repository\org\springframework\boot\spring-boot-actuator-autoconfigure\3.3.1\spring-boot-actuator-autoconfigure-3.3.1.jar;C:\Users\Parnian\.m2\repository\org\springframework\boot\spring-boot-actuator\3.3.1\spring-boot-actuator-3.3.1.jar;C:\Users\Parnian\.m2\repository\com\fasterxml\jackson\datatype\jackson-datatype-jsr310\2.17.1\jackson-datatype-jsr310-2.17.1.jar;C:\Users\Parnian\.m2\repository\io\micrometer\micrometer-observation\1.13.1\micrometer-observation-1.13.1.jar;C:\Users\Parnian\.m2\repository\io\micrometer\micrometer-commons\1.13.1\micrometer-commons-1.13.1.jar;C:\Users\Parnian\.m2\repository\io\micrometer\micrometer-jakarta9\1.13.1\micrometer-jakarta9-1.13.1.jar;C:\Users\Parnian\.m2\repository\io\micrometer\micrometer-core\1.13.1\micrometer-core-1.13.1.jar;C:\Users\Parnian\.m2\repository\org\hdrhistogram\HdrHistogram\2.2.2\HdrHistogram-2.2.2.jar;C:\Users\Parnian\.m2\repository\org\latencyutils\LatencyUtils\2.0.3\LatencyUtils-2.0.3.jar;C:\Users\Parnian\.m2\repository\org\springframework\boot\spring-boot-starter-data-jpa\3.3.1\spring-boot-starter-data-jpa-3.3.1.jar;C:\Users\Parnian\.m2\repository\org\springframework\boot\spring-boot-starter-aop\3.3.1\spring-boot-starter-aop-3.3.1.jar;C:\Users\Parnian\.m2\repository\org\aspectj\aspectjweaver\1.9.22\aspectjweaver-1.9.22.jar;C:\Users\Parnian\.m2\repository\org\springframework\boot\spring-boot-starter-jdbc\3.3.1\spring-boot-starter-jdbc-3.3.1.jar;C:\Users\Parnian\.m2\repository\com\zaxxer\HikariCP\5.1.0\HikariCP-5.1.0.jar;C:\Users\Parnian\.m2\repository\org\springframework\spring-jdbc\6.1.10\spring-jdbc-6.1.10.jar;C:\Users\Parnian\.m2\repository\org\hibernate\orm\hibernate-core\6.5.2.Final\hibernate-core-6.5.2.Final.jar;C:\Users\Parnian\.m2\repository\jakarta\persistence\jakarta.persistence-api\3.1.0\jakarta.persistence-api-3.1.0.jar;C:\Users\Parnian\.m2\repository\jakarta\transaction\jakarta.transaction-api\2.0.1\jakarta.transaction-api-2.0.1.jar;C:\Users\Parnian\.m2\repository\org\jboss\logging\jboss-logging\3.5.3.Final\jboss-logging-3.5.3.Final.jar;C:\Users\Parnian\.m2\repository\org\hibernate\common\hibernate-commons-annotations\6.0.6.Final\hibernate-commons-annotations-6.0.6.Final.jar;C:\Users\Parnian\.m2\repository\io\smallrye\jandex\3.1.2\jandex-3.1.2.jar;C:\Users\Parnian\.m2\repository\com\fasterxml\classmate\1.7.0\classmate-1.7.0.jar;C:\Users\Parnian\.m2\repository\net\bytebuddy\byte-buddy\1.14.17\byte-buddy-1.14.17.jar;C:\Users\Parnian\.m2\repository\org\glassfish\jaxb\jaxb-runtime\4.0.5\jaxb-runtime-4.0.5.jar;C:\Users\Parnian\.m2\repository\org\glassfish\jaxb\jaxb-core\4.0.5\jaxb-core-4.0.5.jar;C:\Users\Parnian\.m2\repository\org\eclipse\angus\angus-activation\2.0.2\angus-activation-2.0.2.jar;C:\Users\Parnian\.m2\repository\org\glassfish\jaxb\txw2\4.0.5\txw2-4.0.5.jar;C:\Users\Parnian\.m2\repository\com\sun\istack\istack-commons-runtime\4.1.2\istack-commons-runtime-4.1.2.jar;C:\Users\Parnian\.m2\repository\jakarta\inject\jakarta.inject-api\2.0.1\jakarta.inject-api-2.0.1.jar;C:\Users\Parnian\.m2\repository\org\antlr\antlr4-runtime\4.13.0\antlr4-runtime-4.13.0.jar;C:\Users\Parnian\.m2\repository\org\springframework\data\spring-data-jpa\3.3.1\spring-data-jpa-3.3.1.jar;C:\Users\Parnian\.m2\repository\org\springframework\data\spring-data-commons\3.3.1\spring-data-commons-3.3.1.jar;C:\Users\Parnian\.m2\repository\org\springframework\spring-orm\6.1.10\spring-orm-6.1.10.jar;C:\Users\Parnian\.m2\repository\org\springframework\spring-context\6.1.10\spring-context-6.1.10.jar;C:\Users\Parnian\.m2\repository\org\springframework\spring-tx\6.1.10\spring-tx-6.1.10.jar;C:\Users\Parnian\.m2\repository\org\springframework\spring-beans\6.1.10\spring-beans-6.1.10.jar;C:\Users\Parnian\.m2\repository\org\springframework\spring-aspects\6.1.10\spring-aspects-6.1.10.jar;C:\Users\Parnian\.m2\repository\org\springframework\boot\spring-boot-starter-security\3.3.1\spring-boot-starter-security-3.3.1.jar;C:\Users\Parnian\.m2\repository\org\springframework\spring-aop\6.1.10\spring-aop-6.1.10.jar;C:\Users\Parnian\.m2\repository\org\springframework\security\spring-security-config\6.3.1\spring-security-config-6.3.1.jar;C:\Users\Parnian\.m2\repository\org\springframework\security\spring-security-web\6.3.1\spring-security-web-6.3.1.jar;C:\Users\Parnian\.m2\repository\org\springframework\spring-expression\6.1.10\spring-expression-6.1.10.jar;C:\Users\Parnian\.m2\repository\org\springframework\boot\spring-boot-starter-thymeleaf\3.3.1\spring-boot-starter-thymeleaf-3.3.1.jar;C:\Users\Parnian\.m2\repository\org\thymeleaf\thymeleaf-spring6\3.1.2.RELEASE\thymeleaf-spring6-3.1.2.RELEASE.jar;C:\Users\Parnian\.m2\repository\org\thymeleaf\thymeleaf\3.1.2.RELEASE\thymeleaf-3.1.2.RELEASE.jar;C:\Users\Parnian\.m2\repository\org\attoparser\attoparser\2.0.7.RELEASE\attoparser-2.0.7.RELEASE.jar;C:\Users\Parnian\.m2\repository\org\unbescape\unbescape\1.1.6.RELEASE\unbescape-1.1.6.RELEASE.jar;C:\Users\Parnian\.m2\repository\org\springframework\boot\spring-boot-starter-validation\3.3.1\spring-boot-starter-validation-3.3.1.jar;C:\Users\Parnian\.m2\repository\org\apache\tomcat\embed\tomcat-embed-el\10.1.25\tomcat-embed-el-10.1.25.jar;C:\Users\Parnian\.m2\repository\org\hibernate\validator\hibernate-validator\8.0.1.Final\hibernate-validator-8.0.1.Final.jar;C:\Users\Parnian\.m2\repository\jakarta\validation\jakarta.validation-api\3.0.2\jakarta.validation-api-3.0.2.jar;C:\Users\Parnian\.m2\repository\org\springframework\boot\spring-boot-starter-web\3.3.1\spring-boot-starter-web-3.3.1.jar;C:\Users\Parnian\.m2\repository\org\springframework\boot\spring-boot-starter-json\3.3.1\spring-boot-starter-json-3.3.1.jar;C:\Users\Parnian\.m2\repository\com\fasterxml\jackson\datatype\jackson-datatype-jdk8\2.17.1\jackson-datatype-jdk8-2.17.1.jar;C:\Users\Parnian\.m2\repository\com\fasterxml\jackson\module\jackson-module-parameter-names\2.17.1\jackson-module-parameter-names-2.17.1.jar;C:\Users\Parnian\.m2\repository\org\springframework\boot\spring-boot-starter-tomcat\3.3.1\spring-boot-starter-tomcat-3.3.1.jar;C:\Users\Parnian\.m2\repository\org\apache\tomcat\embed\tomcat-embed-core\10.1.25\tomcat-embed-core-10.1.25.jar;C:\Users\Parnian\.m2\repository\org\apache\tomcat\embed\tomcat-embed-websocket\10.1.25\tomcat-embed-websocket-10.1.25.jar;C:\Users\Parnian\.m2\repository\org\springframework\spring-web\6.1.10\spring-web-6.1.10.jar;C:\Users\Parnian\.m2\repository\org\springframework\spring-webmvc\6.1.10\spring-webmvc-6.1.10.jar;C:\Users\Parnian\.m2\repository\org\thymeleaf\extras\thymeleaf-extras-springsecurity6\3.1.2.RELEASE\thymeleaf-extras-springsecurity6-3.1.2.RELEASE.jar;C:\Users\Parnian\.m2\repository\org\slf4j\slf4j-api\2.0.13\slf4j-api-2.0.13.jar;C:\Users\Parnian\.m2\repository\org\springdoc\springdoc-openapi-starter-webmvc-ui\2.5.0\springdoc-openapi-starter-webmvc-ui-2.5.0.jar;C:\Users\Parnian\.m2\repository\org\springdoc\springdoc-openapi-starter-webmvc-api\2.5.0\springdoc-openapi-starter-webmvc-api-2.5.0.jar;C:\Users\Parnian\.m2\repository\org\springdoc\springdoc-openapi-starter-common\2.5.0\springdoc-openapi-starter-common-2.5.0.jar;C:\Users\Parnian\.m2\repository\io\swagger\core\v3\swagger-core-jakarta\2.2.21\swagger-core-jakarta-2.2.21.jar;C:\Users\Parnian\.m2\repository\org\apache\commons\commons-lang3\3.14.0\commons-lang3-3.14.0.jar;C:\Users\Parnian\.m2\repository\io\swagger\core\v3\swagger-annotations-jakarta\2.2.21\swagger-annotations-jakarta-2.2.21.jar;C:\Users\Parnian\.m2\repository\io\swagger\core\v3\swagger-models-jakarta\2.2.21\swagger-models-jakarta-2.2.21.jar;C:\Users\Parnian\.m2\repository\com\fasterxml\jackson\dataformat\jackson-dataformat-yaml\2.17.1\jackson-dataformat-yaml-2.17.1.jar;C:\Users\Parnian\.m2\repository\org\webjars\swagger-ui\5.13.0\swagger-ui-5.13.0.jar;C:\Users\Parnian\.m2\repository\io\jsonwebtoken\jjwt-api\0.12.5\jjwt-api-0.12.5.jar;C:\Users\Parnian\.m2\repository\io\jsonwebtoken\jjwt-impl\0.12.5\jjwt-impl-0.12.5.jar;C:\Users\Parnian\.m2\repository\io\jsonwebtoken\jjwt-jackson\0.12.5\jjwt-jackson-0.12.5.jar;C:\Users\Parnian\.m2\repository\com\fasterxml\jackson\core\jackson-databind\2.17.1\jackson-databind-2.17.1.jar;C:\Users\Parnian\.m2\repository\com\fasterxml\jackson\core\jackson-annotations\2.17.1\jackson-annotations-2.17.1.jar;C:\Users\Parnian\.m2\repository\com\fasterxml\jackson\core\jackson-core\2.17.1\jackson-core-2.17.1.jar;C:\Users\Parnian\.m2\repository\org\springframework\boot\spring-boot-devtools\3.3.1\spring-boot-devtools-3.3.1.jar;C:\Users\Parnian\.m2\repository\org\springframework\boot\spring-boot\3.3.1\spring-boot-3.3.1.jar;C:\Users\Parnian\.m2\repository\org\springframework\boot\spring-boot-autoconfigure\3.3.1\spring-boot-autoconfigure-3.3.1.jar;C:\Users\Parnian\.m2\repository\org\postgresql\postgresql\42.7.3\postgresql-42.7.3.jar;C:\Users\Parnian\.m2\repository\org\checkerframework\checker-qual\3.42.0\checker-qual-3.42.0.jar;C:\Users\Parnian\.m2\repository\org\projectlombok\lombok\1.18.32\lombok-1.18.32.jar;C:\Users\Parnian\.m2\repository\org\springframework\boot\spring-boot-starter-test\3.3.1\spring-boot-starter-test-3.3.1.jar;C:\Users\Parnian\.m2\repository\org\springframework\boot\spring-boot-test\3.3.1\spring-boot-test-3.3.1.jar;C:\Users\Parnian\.m2\repository\org\springframework\boot\spring-boot-test-autoconfigure\3.3.1\spring-boot-test-autoconfigure-3.3.1.jar;C:\Users\Parnian\.m2\repository\com\jayway\jsonpath\json-path\2.9.0\json-path-2.9.0.jar;C:\Users\Parnian\.m2\repository\jakarta\xml\bind\jakarta.xml.bind-api\4.0.2\jakarta.xml.bind-api-4.0.2.jar;C:\Users\Parnian\.m2\repository\jakarta\activation\jakarta.activation-api\2.1.3\jakarta.activation-api-2.1.3.jar;C:\Users\Parnian\.m2\repository\net\minidev\json-smart\2.5.1\json-smart-2.5.1.jar;C:\Users\Parnian\.m2\repository\net\minidev\accessors-smart\2.5.1\accessors-smart-2.5.1.jar;C:\Users\Parnian\.m2\repository\org\ow2\asm\asm\9.6\asm-9.6.jar;C:\Users\Parnian\.m2\repository\org\assertj\assertj-core\3.25.3\assertj-core-3.25.3.jar;C:\Users\Parnian\.m2\repository\org\awaitility\awaitility\4.2.1\awaitility-4.2.1.jar;C:\Users\Parnian\.m2\repository\org\hamcrest\hamcrest\2.2\hamcrest-2.2.jar;C:\Users\Parnian\.m2\repository\org\junit\jupiter\junit-jupiter\5.10.2\junit-jupiter-5.10.2.jar;C:\Users\Parnian\.m2\repository\org\junit\jupiter\junit-jupiter-api\5.10.2\junit-jupiter-api-5.10.2.jar;C:\Users\Parnian\.m2\repository\org\opentest4j\opentest4j\1.3.0\opentest4j-1.3.0.jar;C:\Users\Parnian\.m2\repository\org\junit\platform\junit-platform-commons\1.10.2\junit-platform-commons-1.10.2.jar;C:\Users\Parnian\.m2\repository\org\apiguardian\apiguardian-api\1.1.2\apiguardian-api-1.1.2.jar;C:\Users\Parnian\.m2\repository\org\junit\jupiter\junit-jupiter-params\5.10.2\junit-jupiter-params-5.10.2.jar;C:\Users\Parnian\.m2\repository\org\junit\jupiter\junit-jupiter-engine\5.10.2\junit-jupiter-engine-5.10.2.jar;C:\Users\Parnian\.m2\repository\org\junit\platform\junit-platform-engine\1.10.2\junit-platform-engine-1.10.2.jar;C:\Users\Parnian\.m2\repository\org\mockito\mockito-core\5.11.0\mockito-core-5.11.0.jar;C:\Users\Parnian\.m2\repository\net\bytebuddy\byte-buddy-agent\1.14.17\byte-buddy-agent-1.14.17.jar;C:\Users\Parnian\.m2\repository\org\objenesis\objenesis\3.3\objenesis-3.3.jar;C:\Users\Parnian\.m2\repository\org\mockito\mockito-junit-jupiter\5.11.0\mockito-junit-jupiter-5.11.0.jar;C:\Users\Parnian\.m2\repository\org\skyscreamer\jsonassert\1.5.1\jsonassert-1.5.1.jar;C:\Users\Parnian\.m2\repository\com\vaadin\external\google\android-json\0.0.20131108.vaadin1\android-json-0.0.20131108.vaadin1.jar;C:\Users\Parnian\.m2\repository\org\springframework\spring-core\6.1.10\spring-core-6.1.10.jar;C:\Users\Parnian\.m2\repository\org\springframework\spring-jcl\6.1.10\spring-jcl-6.1.10.jar;C:\Users\Parnian\.m2\repository\org\springframework\spring-test\6.1.10\spring-test-6.1.10.jar;C:\Users\Parnian\.m2\repository\org\xmlunit\xmlunit-core\2.9.1\xmlunit-core-2.9.1.jar;C:\Users\Parnian\.m2\repository\org\springframework\security\spring-security-test\6.3.1\spring-security-test-6.3.1.jar;C:\Users\Parnian\.m2\repository\org\springframework\security\spring-security-core\6.3.1\spring-security-core-6.3.1.jar;C:\Users\Parnian\.m2\repository\org\springframework\security\spring-security-crypto\6.3.1\spring-security-crypto-6.3.1.jar;C:\Users\Parnian\.m2\repository\org\jetbrains\annotations\26.0.2\annotations-26.0.2.jar;"/>
    <property name="java.vm.vendor" value="Oracle Corporation"/>
    <property name="sun.arch.data.model" value="64"/>
    <property name="user.variant" value=""/>
    <property name="java.vendor.url" value="https://java.oracle.com/"/>
    <property name="user.timezone" value="Asia/Tehran"/>
    <property name="org.jboss.logging.provider" value="slf4j"/>
    <property name="os.name" value="Windows 11"/>
    <property name="java.vm.specification.version" value="23"/>
    <property name="sun.java.launcher" value="SUN_STANDARD"/>
    <property name="user.country" value="US"/>
    <property name="sun.boot.library.path" value="C:\Program Files\Java\jdk-23\bin"/>
    <property name="sun.java.command" value="C:\Users\Parnian\AppData\Local\Temp\surefire12930389894133816043\surefirebooter-20250824113208435_3.jar C:\Users\Parnian\AppData\Local\Temp\surefire12930389894133816043 2025-08-24T11-32-07_988-jvmRun1 surefire-20250824113208435_1tmp surefire_0-20250824113208435_2tmp"/>
    <property name="jdk.debug" value="release"/>
    <property name="surefire.test.class.path" value="D:\ChiDaram App\chi_daram\target\test-classes;D:\ChiDaram App\chi_daram\target\classes;C:\Users\Parnian\.m2\repository\org\springframework\boot\spring-boot-starter-actuator\3.3.1\spring-boot-starter-actuator-3.3.1.jar;C:\Users\Parnian\.m2\repository\org\springframework\boot\spring-boot-starter\3.3.1\spring-boot-starter-3.3.1.jar;C:\Users\Parnian\.m2\repository\org\springframework\boot\spring-boot-starter-logging\3.3.1\spring-boot-starter-logging-3.3.1.jar;C:\Users\Parnian\.m2\repository\ch\qos\logback\logback-classic\1.5.6\logback-classic-1.5.6.jar;C:\Users\Parnian\.m2\repository\ch\qos\logback\logback-core\1.5.6\logback-core-1.5.6.jar;C:\Users\Parnian\.m2\repository\org\apache\logging\log4j\log4j-to-slf4j\2.23.1\log4j-to-slf4j-2.23.1.jar;C:\Users\Parnian\.m2\repository\org\apache\logging\log4j\log4j-api\2.23.1\log4j-api-2.23.1.jar;C:\Users\Parnian\.m2\repository\org\slf4j\jul-to-slf4j\2.0.13\jul-to-slf4j-2.0.13.jar;C:\Users\Parnian\.m2\repository\jakarta\annotation\jakarta.annotation-api\2.1.1\jakarta.annotation-api-2.1.1.jar;C:\Users\Parnian\.m2\repository\org\yaml\snakeyaml\2.2\snakeyaml-2.2.jar;C:\Users\Parnian\.m2\repository\org\springframework\boot\spring-boot-actuator-autoconfigure\3.3.1\spring-boot-actuator-autoconfigure-3.3.1.jar;C:\Users\Parnian\.m2\repository\org\springframework\boot\spring-boot-actuator\3.3.1\spring-boot-actuator-3.3.1.jar;C:\Users\Parnian\.m2\repository\com\fasterxml\jackson\datatype\jackson-datatype-jsr310\2.17.1\jackson-datatype-jsr310-2.17.1.jar;C:\Users\Parnian\.m2\repository\io\micrometer\micrometer-observation\1.13.1\micrometer-observation-1.13.1.jar;C:\Users\Parnian\.m2\repository\io\micrometer\micrometer-commons\1.13.1\micrometer-commons-1.13.1.jar;C:\Users\Parnian\.m2\repository\io\micrometer\micrometer-jakarta9\1.13.1\micrometer-jakarta9-1.13.1.jar;C:\Users\Parnian\.m2\repository\io\micrometer\micrometer-core\1.13.1\micrometer-core-1.13.1.jar;C:\Users\Parnian\.m2\repository\org\hdrhistogram\HdrHistogram\2.2.2\HdrHistogram-2.2.2.jar;C:\Users\Parnian\.m2\repository\org\latencyutils\LatencyUtils\2.0.3\LatencyUtils-2.0.3.jar;C:\Users\Parnian\.m2\repository\org\springframework\boot\spring-boot-starter-data-jpa\3.3.1\spring-boot-starter-data-jpa-3.3.1.jar;C:\Users\Parnian\.m2\repository\org\springframework\boot\spring-boot-starter-aop\3.3.1\spring-boot-starter-aop-3.3.1.jar;C:\Users\Parnian\.m2\repository\org\aspectj\aspectjweaver\1.9.22\aspectjweaver-1.9.22.jar;C:\Users\Parnian\.m2\repository\org\springframework\boot\spring-boot-starter-jdbc\3.3.1\spring-boot-starter-jdbc-3.3.1.jar;C:\Users\Parnian\.m2\repository\com\zaxxer\HikariCP\5.1.0\HikariCP-5.1.0.jar;C:\Users\Parnian\.m2\repository\org\springframework\spring-jdbc\6.1.10\spring-jdbc-6.1.10.jar;C:\Users\Parnian\.m2\repository\org\hibernate\orm\hibernate-core\6.5.2.Final\hibernate-core-6.5.2.Final.jar;C:\Users\Parnian\.m2\repository\jakarta\persistence\jakarta.persistence-api\3.1.0\jakarta.persistence-api-3.1.0.jar;C:\Users\Parnian\.m2\repository\jakarta\transaction\jakarta.transaction-api\2.0.1\jakarta.transaction-api-2.0.1.jar;C:\Users\Parnian\.m2\repository\org\jboss\logging\jboss-logging\3.5.3.Final\jboss-logging-3.5.3.Final.jar;C:\Users\Parnian\.m2\repository\org\hibernate\common\hibernate-commons-annotations\6.0.6.Final\hibernate-commons-annotations-6.0.6.Final.jar;C:\Users\Parnian\.m2\repository\io\smallrye\jandex\3.1.2\jandex-3.1.2.jar;C:\Users\Parnian\.m2\repository\com\fasterxml\classmate\1.7.0\classmate-1.7.0.jar;C:\Users\Parnian\.m2\repository\net\bytebuddy\byte-buddy\1.14.17\byte-buddy-1.14.17.jar;C:\Users\Parnian\.m2\repository\org\glassfish\jaxb\jaxb-runtime\4.0.5\jaxb-runtime-4.0.5.jar;C:\Users\Parnian\.m2\repository\org\glassfish\jaxb\jaxb-core\4.0.5\jaxb-core-4.0.5.jar;C:\Users\Parnian\.m2\repository\org\eclipse\angus\angus-activation\2.0.2\angus-activation-2.0.2.jar;C:\Users\Parnian\.m2\repository\org\glassfish\jaxb\txw2\4.0.5\txw2-4.0.5.jar;C:\Users\Parnian\.m2\repository\com\sun\istack\istack-commons-runtime\4.1.2\istack-commons-runtime-4.1.2.jar;C:\Users\Parnian\.m2\repository\jakarta\inject\jakarta.inject-api\2.0.1\jakarta.inject-api-2.0.1.jar;C:\Users\Parnian\.m2\repository\org\antlr\antlr4-runtime\4.13.0\antlr4-runtime-4.13.0.jar;C:\Users\Parnian\.m2\repository\org\springframework\data\spring-data-jpa\3.3.1\spring-data-jpa-3.3.1.jar;C:\Users\Parnian\.m2\repository\org\springframework\data\spring-data-commons\3.3.1\spring-data-commons-3.3.1.jar;C:\Users\Parnian\.m2\repository\org\springframework\spring-orm\6.1.10\spring-orm-6.1.10.jar;C:\Users\Parnian\.m2\repository\org\springframework\spring-context\6.1.10\spring-context-6.1.10.jar;C:\Users\Parnian\.m2\repository\org\springframework\spring-tx\6.1.10\spring-tx-6.1.10.jar;C:\Users\Parnian\.m2\repository\org\springframework\spring-beans\6.1.10\spring-beans-6.1.10.jar;C:\Users\Parnian\.m2\repository\org\springframework\spring-aspects\6.1.10\spring-aspects-6.1.10.jar;C:\Users\Parnian\.m2\repository\org\springframework\boot\spring-boot-starter-security\3.3.1\spring-boot-starter-security-3.3.1.jar;C:\Users\Parnian\.m2\repository\org\springframework\spring-aop\6.1.10\spring-aop-6.1.10.jar;C:\Users\Parnian\.m2\repository\org\springframework\security\spring-security-config\6.3.1\spring-security-config-6.3.1.jar;C:\Users\Parnian\.m2\repository\org\springframework\security\spring-security-web\6.3.1\spring-security-web-6.3.1.jar;C:\Users\Parnian\.m2\repository\org\springframework\spring-expression\6.1.10\spring-expression-6.1.10.jar;C:\Users\Parnian\.m2\repository\org\springframework\boot\spring-boot-starter-thymeleaf\3.3.1\spring-boot-starter-thymeleaf-3.3.1.jar;C:\Users\Parnian\.m2\repository\org\thymeleaf\thymeleaf-spring6\3.1.2.RELEASE\thymeleaf-spring6-3.1.2.RELEASE.jar;C:\Users\Parnian\.m2\repository\org\thymeleaf\thymeleaf\3.1.2.RELEASE\thymeleaf-3.1.2.RELEASE.jar;C:\Users\Parnian\.m2\repository\org\attoparser\attoparser\2.0.7.RELEASE\attoparser-2.0.7.RELEASE.jar;C:\Users\Parnian\.m2\repository\org\unbescape\unbescape\1.1.6.RELEASE\unbescape-1.1.6.RELEASE.jar;C:\Users\Parnian\.m2\repository\org\springframework\boot\spring-boot-starter-validation\3.3.1\spring-boot-starter-validation-3.3.1.jar;C:\Users\Parnian\.m2\repository\org\apache\tomcat\embed\tomcat-embed-el\10.1.25\tomcat-embed-el-10.1.25.jar;C:\Users\Parnian\.m2\repository\org\hibernate\validator\hibernate-validator\8.0.1.Final\hibernate-validator-8.0.1.Final.jar;C:\Users\Parnian\.m2\repository\jakarta\validation\jakarta.validation-api\3.0.2\jakarta.validation-api-3.0.2.jar;C:\Users\Parnian\.m2\repository\org\springframework\boot\spring-boot-starter-web\3.3.1\spring-boot-starter-web-3.3.1.jar;C:\Users\Parnian\.m2\repository\org\springframework\boot\spring-boot-starter-json\3.3.1\spring-boot-starter-json-3.3.1.jar;C:\Users\Parnian\.m2\repository\com\fasterxml\jackson\datatype\jackson-datatype-jdk8\2.17.1\jackson-datatype-jdk8-2.17.1.jar;C:\Users\Parnian\.m2\repository\com\fasterxml\jackson\module\jackson-module-parameter-names\2.17.1\jackson-module-parameter-names-2.17.1.jar;C:\Users\Parnian\.m2\repository\org\springframework\boot\spring-boot-starter-tomcat\3.3.1\spring-boot-starter-tomcat-3.3.1.jar;C:\Users\Parnian\.m2\repository\org\apache\tomcat\embed\tomcat-embed-core\10.1.25\tomcat-embed-core-10.1.25.jar;C:\Users\Parnian\.m2\repository\org\apache\tomcat\embed\tomcat-embed-websocket\10.1.25\tomcat-embed-websocket-10.1.25.jar;C:\Users\Parnian\.m2\repository\org\springframework\spring-web\6.1.10\spring-web-6.1.10.jar;C:\Users\Parnian\.m2\repository\org\springframework\spring-webmvc\6.1.10\spring-webmvc-6.1.10.jar;C:\Users\Parnian\.m2\repository\org\thymeleaf\extras\thymeleaf-extras-springsecurity6\3.1.2.RELEASE\thymeleaf-extras-springsecurity6-3.1.2.RELEASE.jar;C:\Users\Parnian\.m2\repository\org\slf4j\slf4j-api\2.0.13\slf4j-api-2.0.13.jar;C:\Users\Parnian\.m2\repository\org\springdoc\springdoc-openapi-starter-webmvc-ui\2.5.0\springdoc-openapi-starter-webmvc-ui-2.5.0.jar;C:\Users\Parnian\.m2\repository\org\springdoc\springdoc-openapi-starter-webmvc-api\2.5.0\springdoc-openapi-starter-webmvc-api-2.5.0.jar;C:\Users\Parnian\.m2\repository\org\springdoc\springdoc-openapi-starter-common\2.5.0\springdoc-openapi-starter-common-2.5.0.jar;C:\Users\Parnian\.m2\repository\io\swagger\core\v3\swagger-core-jakarta\2.2.21\swagger-core-jakarta-2.2.21.jar;C:\Users\Parnian\.m2\repository\org\apache\commons\commons-lang3\3.14.0\commons-lang3-3.14.0.jar;C:\Users\Parnian\.m2\repository\io\swagger\core\v3\swagger-annotations-jakarta\2.2.21\swagger-annotations-jakarta-2.2.21.jar;C:\Users\Parnian\.m2\repository\io\swagger\core\v3\swagger-models-jakarta\2.2.21\swagger-models-jakarta-2.2.21.jar;C:\Users\Parnian\.m2\repository\com\fasterxml\jackson\dataformat\jackson-dataformat-yaml\2.17.1\jackson-dataformat-yaml-2.17.1.jar;C:\Users\Parnian\.m2\repository\org\webjars\swagger-ui\5.13.0\swagger-ui-5.13.0.jar;C:\Users\Parnian\.m2\repository\io\jsonwebtoken\jjwt-api\0.12.5\jjwt-api-0.12.5.jar;C:\Users\Parnian\.m2\repository\io\jsonwebtoken\jjwt-impl\0.12.5\jjwt-impl-0.12.5.jar;C:\Users\Parnian\.m2\repository\io\jsonwebtoken\jjwt-jackson\0.12.5\jjwt-jackson-0.12.5.jar;C:\Users\Parnian\.m2\repository\com\fasterxml\jackson\core\jackson-databind\2.17.1\jackson-databind-2.17.1.jar;C:\Users\Parnian\.m2\repository\com\fasterxml\jackson\core\jackson-annotations\2.17.1\jackson-annotations-2.17.1.jar;C:\Users\Parnian\.m2\repository\com\fasterxml\jackson\core\jackson-core\2.17.1\jackson-core-2.17.1.jar;C:\Users\Parnian\.m2\repository\org\springframework\boot\spring-boot-devtools\3.3.1\spring-boot-devtools-3.3.1.jar;C:\Users\Parnian\.m2\repository\org\springframework\boot\spring-boot\3.3.1\spring-boot-3.3.1.jar;C:\Users\Parnian\.m2\repository\org\springframework\boot\spring-boot-autoconfigure\3.3.1\spring-boot-autoconfigure-3.3.1.jar;C:\Users\Parnian\.m2\repository\org\postgresql\postgresql\42.7.3\postgresql-42.7.3.jar;C:\Users\Parnian\.m2\repository\org\checkerframework\checker-qual\3.42.0\checker-qual-3.42.0.jar;C:\Users\Parnian\.m2\repository\org\projectlombok\lombok\1.18.32\lombok-1.18.32.jar;C:\Users\Parnian\.m2\repository\org\springframework\boot\spring-boot-starter-test\3.3.1\spring-boot-starter-test-3.3.1.jar;C:\Users\Parnian\.m2\repository\org\springframework\boot\spring-boot-test\3.3.1\spring-boot-test-3.3.1.jar;C:\Users\Parnian\.m2\repository\org\springframework\boot\spring-boot-test-autoconfigure\3.3.1\spring-boot-test-autoconfigure-3.3.1.jar;C:\Users\Parnian\.m2\repository\com\jayway\jsonpath\json-path\2.9.0\json-path-2.9.0.jar;C:\Users\Parnian\.m2\repository\jakarta\xml\bind\jakarta.xml.bind-api\4.0.2\jakarta.xml.bind-api-4.0.2.jar;C:\Users\Parnian\.m2\repository\jakarta\activation\jakarta.activation-api\2.1.3\jakarta.activation-api-2.1.3.jar;C:\Users\Parnian\.m2\repository\net\minidev\json-smart\2.5.1\json-smart-2.5.1.jar;C:\Users\Parnian\.m2\repository\net\minidev\accessors-smart\2.5.1\accessors-smart-2.5.1.jar;C:\Users\Parnian\.m2\repository\org\ow2\asm\asm\9.6\asm-9.6.jar;C:\Users\Parnian\.m2\repository\org\assertj\assertj-core\3.25.3\assertj-core-3.25.3.jar;C:\Users\Parnian\.m2\repository\org\awaitility\awaitility\4.2.1\awaitility-4.2.1.jar;C:\Users\Parnian\.m2\repository\org\hamcrest\hamcrest\2.2\hamcrest-2.2.jar;C:\Users\Parnian\.m2\repository\org\junit\jupiter\junit-jupiter\5.10.2\junit-jupiter-5.10.2.jar;C:\Users\Parnian\.m2\repository\org\junit\jupiter\junit-jupiter-api\5.10.2\junit-jupiter-api-5.10.2.jar;C:\Users\Parnian\.m2\repository\org\opentest4j\opentest4j\1.3.0\opentest4j-1.3.0.jar;C:\Users\Parnian\.m2\repository\org\junit\platform\junit-platform-commons\1.10.2\junit-platform-commons-1.10.2.jar;C:\Users\Parnian\.m2\repository\org\apiguardian\apiguardian-api\1.1.2\apiguardian-api-1.1.2.jar;C:\Users\Parnian\.m2\repository\org\junit\jupiter\junit-jupiter-params\5.10.2\junit-jupiter-params-5.10.2.jar;C:\Users\Parnian\.m2\repository\org\junit\jupiter\junit-jupiter-engine\5.10.2\junit-jupiter-engine-5.10.2.jar;C:\Users\Parnian\.m2\repository\org\junit\platform\junit-platform-engine\1.10.2\junit-platform-engine-1.10.2.jar;C:\Users\Parnian\.m2\repository\org\mockito\mockito-core\5.11.0\mockito-core-5.11.0.jar;C:\Users\Parnian\.m2\repository\net\bytebuddy\byte-buddy-agent\1.14.17\byte-buddy-agent-1.14.17.jar;C:\Users\Parnian\.m2\repository\org\objenesis\objenesis\3.3\objenesis-3.3.jar;C:\Users\Parnian\.m2\repository\org\mockito\mockito-junit-jupiter\5.11.0\mockito-junit-jupiter-5.11.0.jar;C:\Users\Parnian\.m2\repository\org\skyscreamer\jsonassert\1.5.1\jsonassert-1.5.1.jar;C:\Users\Parnian\.m2\repository\com\vaadin\external\google\android-json\0.0.20131108.vaadin1\android-json-0.0.20131108.vaadin1.jar;C:\Users\Parnian\.m2\repository\org\springframework\spring-core\6.1.10\spring-core-6.1.10.jar;C:\Users\Parnian\.m2\repository\org\springframework\spring-jcl\6.1.10\spring-jcl-6.1.10.jar;C:\Users\Parnian\.m2\repository\org\springframework\spring-test\6.1.10\spring-test-6.1.10.jar;C:\Users\Parnian\.m2\repository\org\xmlunit\xmlunit-core\2.9.1\xmlunit-core-2.9.1.jar;C:\Users\Parnian\.m2\repository\org\springframework\security\spring-security-test\6.3.1\spring-security-test-6.3.1.jar;C:\Users\Parnian\.m2\repository\org\springframework\security\spring-security-core\6.3.1\spring-security-core-6.3.1.jar;C:\Users\Parnian\.m2\repository\org\springframework\security\spring-security-crypto\6.3.1\spring-security-crypto-6.3.1.jar;C:\Users\Parnian\.m2\repository\org\jetbrains\annotations\26.0.2\annotations-26.0.2.jar;"/>
    <property name="sun.cpu.endian" value="little"/>
    <property name="user.home" value="C:\Users\Parnian"/>
    <property name="user.language" value="en"/>
    <property name="java.specification.vendor" value="Oracle Corporation"/>
    <property name="java.version.date" value="2024-10-15"/>
    <property name="java.home" value="C:\Program Files\Java\jdk-23"/>
    <property name="file.separator" value="\"/>
    <property name="basedir" value="D:\ChiDaram App\chi_daram"/>
    <property name="java.vm.compressedOopsMode" value="32-bit"/>
    <property name="line.separator" value="&#10;"/>
    <property name="java.vm.specification.vendor" value="Oracle Corporation"/>
    <property name="java.specification.name" value="Java Platform API Specification"/>
    <property name="FILE_LOG_CHARSET" value="UTF-8"/>
    <property name="java.awt.headless" value="true"/>
    <property name="surefire.real.class.path" value="C:\Users\Parnian\AppData\Local\Temp\surefire12930389894133816043\surefirebooter-20250824113208435_3.jar"/>
    <property name="user.script" value=""/>
    <property name="sun.management.compiler" value="HotSpot 64-Bit Tiered Compilers"/>
    <property name="java.runtime.version" value="23.0.1+11-39"/>
    <property name="user.name" value="Parnian"/>
    <property name="stdout.encoding" value="Cp1252"/>
    <property name="path.separator" value=";"/>
    <property name="os.version" value="10.0"/>
    <property name="java.runtime.name" value="Java(TM) SE Runtime Environment"/>
    <property name="file.encoding" value="UTF-8"/>
    <property name="java.vm.name" value="Java HotSpot(TM) 64-Bit Server VM"/>
    <property name="localRepository" value="C:\Users\Parnian\.m2\repository"/>
    <property name="java.vendor.url.bug" value="https://bugreport.java.com/bugreport/"/>
    <property name="java.io.tmpdir" value="C:\Users\Parnian\AppData\Local\Temp\"/>
    <property name="com.zaxxer.hikari.pool_number" value="2"/>
    <property name="java.version" value="23.0.1"/>
    <property name="user.dir" value="D:\ChiDaram App\chi_daram"/>
    <property name="os.arch" value="amd64"/>
    <property name="java.vm.specification.name" value="Java Virtual Machine Specification"/>
    <property name="PID" value="1188"/>
    <property name="sun.os.patch.level" value=""/>
    <property name="CONSOLE_LOG_CHARSET" value="UTF-8"/>
    <property name="native.encoding" value="Cp1252"/>
    <property name="java.library.path" value="C:\Program Files\Java\jdk-23\bin;C:\Windows\Sun\Java\bin;C:\Windows\system32;C:\Windows;C:\Program Files\Common Files\Oracle\Java\javapath;C:\Windows;C:\Windows\System32\Wbem;C:\Windows\System32\WindowsPowerShell\v1.0\;C:\Windows\System32\OpenSSH\;C:\Program Files\Microsoft VS Code\bin;C:\Program Files\dotnet\;C:\Program Files (x86)\Microsoft SQL Server\160\DTS\Binn\;C:\Program Files (x86)\Microsoft SQL Server\160\Tools\Binn\;C:\Program Files\Microsoft SQL Server\160\Tools\Binn\;C:\Program Files\Microsoft SQL Server\Client SDK\ODBC\170\Tools\Binn\;C:\Program Files\Microsoft SQL Server\160\DTS\Binn\;C:\Program Files\Java\jdk-16.0.2+7;C:\Users\Parnian\Downloads\python-3.13.1-amd64;C:\Program Files\Java\jdk-23\bin;D:\postqree\bin\psql.exe;C:\Users\Parnian\Downloads\hibernate-types-52-2.10.0.jar;C:\Users\Parnian\Downloads\apache-maven-3.9.9-bin\apache-maven-3.9.9\bin;C:\Program Files\Git\cmd;C:\Program Files (x86)\Microsoft SQL Server\100\Tools\Binn\;C:\Program Files\Microsoft SQL Server\100\Tools\Binn\;C:\Program Files\Microsoft SQL Server\100\DTS\Binn\;C:\Program Files (x86)\Microsoft SQL Server\100\Tools\Binn\VSShell\Common7\IDE\;C:\Program Files (x86)\Microsoft SQL Server\100\DTS\Binn\;C:\Users\Parnian\Downloads\apache-maven-3.9.10-bin\apache-maven-3.9.10\bin;D:\src\flutter\bin;;C:\Program Files\Docker\Docker\resources\bin;C:\Program Files\nodejs\;C:\Users\Parnian\AppData\Local\Programs\Python\Python313\Scripts\;C:\Users\Parnian\AppData\Local\Programs\Python\Python313\;C:\Users\Parnian\AppData\Local\Programs\Python\Launcher\;C:\Users\Parnian\AppData\Local\Microsoft\WindowsApps;%IntelliJ IDEA Community Edition%;C:\Users\Parnian\AppData\Local\Programs\Microsoft VS Code\bin;C:\Windows\System32;D:\project\IntelliJ IDEA 2025.2\bin;C:\Users\Parnian\AppData\Roaming\npm;."/>
    <property name="java.vm.info" value="mixed mode, sharing"/>
    <property name="stderr.encoding" value="Cp1252"/>
    <property name="java.vendor" value="Oracle Corporation"/>
    <property name="java.vm.version" value="23.0.1+11-39"/>
    <property name="sun.io.unicode.encoding" value="UnicodeLittle"/>
    <property name="java.class.version" value="67.0"/>
    <property name="LOGGED_APPLICATION_NAME" value="[ChiDaram App] "/>
  </properties>
  <testcase name="testGetAllUsers_Authenticated" classname="com.example.chi_daram.controller.UserControllerIntegrationTest" time="3.57">
    <system-out><![CDATA[
  .   ____          _            __ _ _
 /\\ / ___'_ __ _ _(_)_ __  __ _ \ \ \ \
( ( )\___ | '_ | '_| | '_ \/ _` | \ \ \ \
 \\/  ___)| |_)| | | | | || (_| |  ) ) ) )
  '  |____| .__|_| |_|_| |_\__, | / / / /
 =========|_|==============|___/=/_/_/_/

 :: Spring Boot ::                (v3.3.1)

2025-08-24T11:32:47.996+03:30  INFO 1188 --- [ChiDaram App] [           main] c.e.c.c.UserControllerIntegrationTest    : Starting UserControllerIntegrationTest using Java 23.0.1 with PID 1188 (started by Parnian in D:\ChiDaram App\chi_daram)
2025-08-24T11:32:47.996+03:30  INFO 1188 --- [ChiDaram App] [           main] c.e.c.c.UserControllerIntegrationTest    : The following 1 profile is active: "test"
2025-08-24T11:32:50.642+03:30 DEBUG 1188 --- [ChiDaram App] [           main] j.LocalContainerEntityManagerFactoryBean : Building JPA container EntityManagerFactory for persistence unit 'default'
2025-08-24T11:32:50.643+03:30 DEBUG 1188 --- [ChiDaram App] [           main] o.hibernate.jpa.internal.util.LogHelper  : PersistenceUnitInfo [
	name: default
	persistence provider classname: null
	classloader: jdk.internal.loader.ClassLoaders$AppClassLoader@70dea4e
	excludeUnlistedClasses: true
	JTA datasource: null
	Non JTA datasource: HikariDataSource (null)
	Transaction type: RESOURCE_LOCAL
	PU root URL: file:/D:/ChiDaram%20App/chi_daram/target/test-classes/
	Shared Cache Mode: UNSPECIFIED
	Validation Mode: AUTO
	Jar files URLs []
	Managed classes names [
		com.example.chi_daram.entity.Categorylevel1
		com.example.chi_daram.entity.Categorylevel2
		com.example.chi_daram.entity.Decreasedocument
		com.example.chi_daram.entity.Decreasedocumentrow
		com.example.chi_daram.entity.Decreasedocumenttype
		com.example.chi_daram.entity.Dynamicfields
		com.example.chi_daram.entity.Increasedocument
		com.example.chi_daram.entity.Increasedocumentrow
		com.example.chi_daram.entity.Increasedocumenttype
		com.example.chi_daram.entity.Item
		com.example.chi_daram.entity.ItemStatus
		com.example.chi_daram.entity.User]
	Mapping files names []
	Properties []
2025-08-24T11:32:50.643+03:30 DEBUG 1188 --- [ChiDaram App] [           main] o.h.i.internal.IntegratorServiceImpl     : Adding Integrator [org.hibernate.boot.beanvalidation.BeanValidationIntegrator].
2025-08-24T11:32:50.643+03:30 DEBUG 1188 --- [ChiDaram App] [           main] o.h.i.internal.IntegratorServiceImpl     : Adding Integrator [org.hibernate.cache.internal.CollectionCacheInvalidator].
2025-08-24T11:32:50.649+03:30 DEBUG 1188 --- [ChiDaram App] [           main] org.hibernate.orm.idgen.factory          : Registering IdentifierGenerator strategy [uuid2] -> [org.hibernate.id.UUIDGenerator]
2025-08-24T11:32:50.649+03:30 DEBUG 1188 --- [ChiDaram App] [           main] org.hibernate.orm.idgen.factory          : Registering IdentifierGenerator strategy [guid] -> [org.hibernate.id.GUIDGenerator]
2025-08-24T11:32:50.649+03:30 DEBUG 1188 --- [ChiDaram App] [           main] org.hibernate.orm.idgen.factory          : Registering IdentifierGenerator strategy [uuid] -> [org.hibernate.id.UUIDHexGenerator]
2025-08-24T11:32:50.649+03:30 DEBUG 1188 --- [ChiDaram App] [           main] org.hibernate.orm.idgen.factory          : Registering IdentifierGenerator strategy [uuid.hex] -> [org.hibernate.id.UUIDHexGenerator]
2025-08-24T11:32:50.649+03:30 DEBUG 1188 --- [ChiDaram App] [           main] org.hibernate.orm.idgen.factory          : Registering IdentifierGenerator strategy [assigned] -> [org.hibernate.id.Assigned]
2025-08-24T11:32:50.649+03:30 DEBUG 1188 --- [ChiDaram App] [           main] org.hibernate.orm.idgen.factory          : Registering IdentifierGenerator strategy [identity] -> [org.hibernate.id.IdentityGenerator]
2025-08-24T11:32:50.649+03:30 DEBUG 1188 --- [ChiDaram App] [           main] org.hibernate.orm.idgen.factory          : Registering IdentifierGenerator strategy [select] -> [org.hibernate.id.SelectGenerator]
2025-08-24T11:32:50.649+03:30 DEBUG 1188 --- [ChiDaram App] [           main] org.hibernate.orm.idgen.factory          : Registering IdentifierGenerator strategy [sequence] -> [org.hibernate.id.enhanced.SequenceStyleGenerator]
2025-08-24T11:32:50.649+03:30 DEBUG 1188 --- [ChiDaram App] [           main] org.hibernate.orm.idgen.factory          : Registering IdentifierGenerator strategy [increment] -> [org.hibernate.id.IncrementGenerator]
2025-08-24T11:32:50.649+03:30 DEBUG 1188 --- [ChiDaram App] [           main] org.hibernate.orm.idgen.factory          : Registering IdentifierGenerator strategy [foreign] -> [org.hibernate.id.ForeignGenerator]
2025-08-24T11:32:50.649+03:30 DEBUG 1188 --- [ChiDaram App] [           main] org.hibernate.orm.idgen.factory          : Registering IdentifierGenerator strategy [enhanced-sequence] -> [org.hibernate.id.enhanced.SequenceStyleGenerator]
2025-08-24T11:32:50.649+03:30 DEBUG 1188 --- [ChiDaram App] [           main] org.hibernate.orm.idgen.factory          : Registering IdentifierGenerator strategy [enhanced-table] -> [org.hibernate.id.enhanced.TableGenerator]
2025-08-24T11:32:50.650+03:30 DEBUG 1188 --- [ChiDaram App] [           main] o.h.c.internal.RegionFactoryInitiator    : Cannot default RegionFactory based on registered strategies as `[]` RegionFactory strategies were registered
2025-08-24T11:32:50.650+03:30  INFO 1188 --- [ChiDaram App] [           main] o.h.c.internal.RegionFactoryInitiator    : HHH000026: Second-level cache disabled
2025-08-24T11:32:50.651+03:30 DEBUG 1188 --- [ChiDaram App] [           main] org.hibernate.type.BasicTypeRegistry     : Adding type registration boolean -> org.hibernate.type.BasicTypeReference@35ab4260
2025-08-24T11:32:50.651+03:30 DEBUG 1188 --- [ChiDaram App] [           main] org.hibernate.type.BasicTypeRegistry     : Adding type registration boolean -> org.hibernate.type.BasicTypeReference@35ab4260
2025-08-24T11:32:50.651+03:30 DEBUG 1188 --- [ChiDaram App] [           main] org.hibernate.type.BasicTypeRegistry     : Adding type registration java.lang.Boolean -> org.hibernate.type.BasicTypeReference@35ab4260
2025-08-24T11:32:50.651+03:30 DEBUG 1188 --- [ChiDaram App] [           main] org.hibernate.type.BasicTypeRegistry     : Adding type registration numeric_boolean -> org.hibernate.type.BasicTypeReference@76134b9b
2025-08-24T11:32:50.651+03:30 DEBUG 1188 --- [ChiDaram App] [           main] org.hibernate.type.BasicTypeRegistry     : Adding type registration org.hibernate.type.NumericBooleanConverter -> org.hibernate.type.BasicTypeReference@76134b9b
2025-08-24T11:32:50.651+03:30 DEBUG 1188 --- [ChiDaram App] [           main] org.hibernate.type.BasicTypeRegistry     : Adding type registration true_false -> org.hibernate.type.BasicTypeReference@38667005
2025-08-24T11:32:50.651+03:30 DEBUG 1188 --- [ChiDaram App] [           main] org.hibernate.type.BasicTypeRegistry     : Adding type registration org.hibernate.type.TrueFalseConverter -> org.hibernate.type.BasicTypeReference@38667005
2025-08-24T11:32:50.651+03:30 DEBUG 1188 --- [ChiDaram App] [           main] org.hibernate.type.BasicTypeRegistry     : Adding type registration yes_no -> org.hibernate.type.BasicTypeReference@7ee64b53
2025-08-24T11:32:50.651+03:30 DEBUG 1188 --- [ChiDaram App] [           main] org.hibernate.type.BasicTypeRegistry     : Adding type registration org.hibernate.type.YesNoConverter -> org.hibernate.type.BasicTypeReference@7ee64b53
2025-08-24T11:32:50.651+03:30 DEBUG 1188 --- [ChiDaram App] [           main] org.hibernate.type.BasicTypeRegistry     : Adding type registration byte -> org.hibernate.type.BasicTypeReference@1131aead
2025-08-24T11:32:50.651+03:30 DEBUG 1188 --- [ChiDaram App] [           main] org.hibernate.type.BasicTypeRegistry     : Adding type registration byte -> org.hibernate.type.BasicTypeReference@1131aead
2025-08-24T11:32:50.651+03:30 DEBUG 1188 --- [ChiDaram App] [           main] org.hibernate.type.BasicTypeRegistry     : Adding type registration java.lang.Byte -> org.hibernate.type.BasicTypeReference@1131aead
2025-08-24T11:32:50.651+03:30 DEBUG 1188 --- [ChiDaram App] [           main] org.hibernate.type.BasicTypeRegistry     : Adding type registration binary -> org.hibernate.type.BasicTypeReference@7d126083
2025-08-24T11:32:50.651+03:30 DEBUG 1188 --- [ChiDaram App] [           main] org.hibernate.type.BasicTypeRegistry     : Adding type registration byte[] -> org.hibernate.type.BasicTypeReference@7d126083
2025-08-24T11:32:50.651+03:30 DEBUG 1188 --- [ChiDaram App] [           main] org.hibernate.type.BasicTypeRegistry     : Adding type registration [B -> org.hibernate.type.BasicTypeReference@7d126083
2025-08-24T11:32:50.651+03:30 DEBUG 1188 --- [ChiDaram App] [           main] org.hibernate.type.BasicTypeRegistry     : Adding type registration binary_wrapper -> org.hibernate.type.BasicTypeReference@76ffc17c
2025-08-24T11:32:50.651+03:30 DEBUG 1188 --- [ChiDaram App] [           main] org.hibernate.type.BasicTypeRegistry     : Adding type registration wrapper-binary -> org.hibernate.type.BasicTypeReference@76ffc17c
2025-08-24T11:32:50.651+03:30 DEBUG 1188 --- [ChiDaram App] [           main] org.hibernate.type.BasicTypeRegistry     : Adding type registration image -> org.hibernate.type.BasicTypeReference@3a8fb023
2025-08-24T11:32:50.652+03:30 DEBUG 1188 --- [ChiDaram App] [           main] org.hibernate.type.BasicTypeRegistry     : Adding type registration blob -> org.hibernate.type.BasicTypeReference@26d73519
2025-08-24T11:32:50.652+03:30 DEBUG 1188 --- [ChiDaram App] [           main] org.hibernate.type.BasicTypeRegistry     : Adding type registration java.sql.Blob -> org.hibernate.type.BasicTypeReference@26d73519
2025-08-24T11:32:50.652+03:30 DEBUG 1188 --- [ChiDaram App] [           main] org.hibernate.type.BasicTypeRegistry     : Adding type registration materialized_blob -> org.hibernate.type.BasicTypeReference@48af5f38
2025-08-24T11:32:50.652+03:30 DEBUG 1188 --- [ChiDaram App] [           main] org.hibernate.type.BasicTypeRegistry     : Adding type registration materialized_blob_wrapper -> org.hibernate.type.BasicTypeReference@40538370
2025-08-24T11:32:50.652+03:30 DEBUG 1188 --- [ChiDaram App] [           main] org.hibernate.type.BasicTypeRegistry     : Adding type registration short -> org.hibernate.type.BasicTypeReference@71a2df1
2025-08-24T11:32:50.652+03:30 DEBUG 1188 --- [ChiDaram App] [           main] org.hibernate.type.BasicTypeRegistry     : Adding type registration short -> org.hibernate.type.BasicTypeReference@71a2df1
2025-08-24T11:32:50.652+03:30 DEBUG 1188 --- [ChiDaram App] [           main] org.hibernate.type.BasicTypeRegistry     : Adding type registration java.lang.Short -> org.hibernate.type.BasicTypeReference@71a2df1
2025-08-24T11:32:50.652+03:30 DEBUG 1188 --- [ChiDaram App] [           main] org.hibernate.type.BasicTypeRegistry     : Adding type registration integer -> org.hibernate.type.BasicTypeReference@18faaff6
2025-08-24T11:32:50.652+03:30 DEBUG 1188 --- [ChiDaram App] [           main] org.hibernate.type.BasicTypeRegistry     : Adding type registration int -> org.hibernate.type.BasicTypeReference@18faaff6
2025-08-24T11:32:50.652+03:30 DEBUG 1188 --- [ChiDaram App] [           main] org.hibernate.type.BasicTypeRegistry     : Adding type registration java.lang.Integer -> org.hibernate.type.BasicTypeReference@18faaff6
2025-08-24T11:32:50.652+03:30 DEBUG 1188 --- [ChiDaram App] [           main] org.hibernate.type.BasicTypeRegistry     : Adding type registration long -> org.hibernate.type.BasicTypeReference@2a9e754e
2025-08-24T11:32:50.652+03:30 DEBUG 1188 --- [ChiDaram App] [           main] org.hibernate.type.BasicTypeRegistry     : Adding type registration long -> org.hibernate.type.BasicTypeReference@2a9e754e
2025-08-24T11:32:50.652+03:30 DEBUG 1188 --- [ChiDaram App] [           main] org.hibernate.type.BasicTypeRegistry     : Adding type registration java.lang.Long -> org.hibernate.type.BasicTypeReference@2a9e754e
2025-08-24T11:32:50.652+03:30 DEBUG 1188 --- [ChiDaram App] [           main] org.hibernate.type.BasicTypeRegistry     : Adding type registration float -> org.hibernate.type.BasicTypeReference@760a2b6e
2025-08-24T11:32:50.652+03:30 DEBUG 1188 --- [ChiDaram App] [           main] org.hibernate.type.BasicTypeRegistry     : Adding type registration float -> org.hibernate.type.BasicTypeReference@760a2b6e
2025-08-24T11:32:50.652+03:30 DEBUG 1188 --- [ChiDaram App] [           main] org.hibernate.type.BasicTypeRegistry     : Adding type registration java.lang.Float -> org.hibernate.type.BasicTypeReference@760a2b6e
2025-08-24T11:32:50.652+03:30 DEBUG 1188 --- [ChiDaram App] [           main] org.hibernate.type.BasicTypeRegistry     : Adding type registration double -> org.hibernate.type.BasicTypeReference@20a9f5fb
2025-08-24T11:32:50.652+03:30 DEBUG 1188 --- [ChiDaram App] [           main] org.hibernate.type.BasicTypeRegistry     : Adding type registration double -> org.hibernate.type.BasicTypeReference@20a9f5fb
2025-08-24T11:32:50.652+03:30 DEBUG 1188 --- [ChiDaram App] [           main] org.hibernate.type.BasicTypeRegistry     : Adding type registration java.lang.Double -> org.hibernate.type.BasicTypeReference@20a9f5fb
2025-08-24T11:32:50.652+03:30 DEBUG 1188 --- [ChiDaram App] [           main] org.hibernate.type.BasicTypeRegistry     : Adding type registration big_integer -> org.hibernate.type.BasicTypeReference@6d617b07
2025-08-24T11:32:50.652+03:30 DEBUG 1188 --- [ChiDaram App] [           main] org.hibernate.type.BasicTypeRegistry     : Adding type registration java.math.BigInteger -> org.hibernate.type.BasicTypeReference@6d617b07
2025-08-24T11:32:50.652+03:30 DEBUG 1188 --- [ChiDaram App] [           main] org.hibernate.type.BasicTypeRegistry     : Adding type registration big_decimal -> org.hibernate.type.BasicTypeReference@340c57e0
2025-08-24T11:32:50.652+03:30 DEBUG 1188 --- [ChiDaram App] [           main] org.hibernate.type.BasicTypeRegistry     : Adding type registration java.math.BigDecimal -> org.hibernate.type.BasicTypeReference@340c57e0
2025-08-24T11:32:50.652+03:30 DEBUG 1188 --- [ChiDaram App] [           main] org.hibernate.type.BasicTypeRegistry     : Adding type registration character -> org.hibernate.type.BasicTypeReference@137a4b54
2025-08-24T11:32:50.653+03:30 DEBUG 1188 --- [ChiDaram App] [           main] org.hibernate.type.BasicTypeRegistry     : Adding type registration char -> org.hibernate.type.BasicTypeReference@137a4b54
2025-08-24T11:32:50.653+03:30 DEBUG 1188 --- [ChiDaram App] [           main] org.hibernate.type.BasicTypeRegistry     : Adding type registration java.lang.Character -> org.hibernate.type.BasicTypeReference@137a4b54
2025-08-24T11:32:50.653+03:30 DEBUG 1188 --- [ChiDaram App] [           main] org.hibernate.type.BasicTypeRegistry     : Adding type registration character_nchar -> org.hibernate.type.BasicTypeReference@7c9372ed
2025-08-24T11:32:50.654+03:30 DEBUG 1188 --- [ChiDaram App] [           main] org.hibernate.type.BasicTypeRegistry     : Adding type registration string -> org.hibernate.type.BasicTypeReference@1acc873b
2025-08-24T11:32:50.654+03:30 DEBUG 1188 --- [ChiDaram App] [           main] org.hibernate.type.BasicTypeRegistry     : Adding type registration java.lang.String -> org.hibernate.type.BasicTypeReference@1acc873b
2025-08-24T11:32:50.654+03:30 DEBUG 1188 --- [ChiDaram App] [           main] org.hibernate.type.BasicTypeRegistry     : Adding type registration nstring -> org.hibernate.type.BasicTypeReference@4ca970d5
2025-08-24T11:32:50.654+03:30 DEBUG 1188 --- [ChiDaram App] [           main] org.hibernate.type.BasicTypeRegistry     : Adding type registration characters -> org.hibernate.type.BasicTypeReference@dc8b2ff
2025-08-24T11:32:50.654+03:30 DEBUG 1188 --- [ChiDaram App] [           main] org.hibernate.type.BasicTypeRegistry     : Adding type registration char[] -> org.hibernate.type.BasicTypeReference@dc8b2ff
2025-08-24T11:32:50.654+03:30 DEBUG 1188 --- [ChiDaram App] [           main] org.hibernate.type.BasicTypeRegistry     : Adding type registration [C -> org.hibernate.type.BasicTypeReference@dc8b2ff
2025-08-24T11:32:50.654+03:30 DEBUG 1188 --- [ChiDaram App] [           main] org.hibernate.type.BasicTypeRegistry     : Adding type registration wrapper-characters -> org.hibernate.type.BasicTypeReference@6a2badb1
2025-08-24T11:32:50.654+03:30 DEBUG 1188 --- [ChiDaram App] [           main] org.hibernate.type.BasicTypeRegistry     : Adding type registration text -> org.hibernate.type.BasicTypeReference@14201a90
2025-08-24T11:32:50.654+03:30 DEBUG 1188 --- [ChiDaram App] [           main] org.hibernate.type.BasicTypeRegistry     : Adding type registration ntext -> org.hibernate.type.BasicTypeReference@1308ef19
2025-08-24T11:32:50.654+03:30 DEBUG 1188 --- [ChiDaram App] [           main] org.hibernate.type.BasicTypeRegistry     : Adding type registration clob -> org.hibernate.type.BasicTypeReference@5b1ff8cd
2025-08-24T11:32:50.654+03:30 DEBUG 1188 --- [ChiDaram App] [           main] org.hibernate.type.BasicTypeRegistry     : Adding type registration java.sql.Clob -> org.hibernate.type.BasicTypeReference@5b1ff8cd
2025-08-24T11:32:50.655+03:30 DEBUG 1188 --- [ChiDaram App] [           main] org.hibernate.type.BasicTypeRegistry     : Adding type registration nclob -> org.hibernate.type.BasicTypeReference@6cee903a
2025-08-24T11:32:50.655+03:30 DEBUG 1188 --- [ChiDaram App] [           main] org.hibernate.type.BasicTypeRegistry     : Adding type registration java.sql.NClob -> org.hibernate.type.BasicTypeReference@6cee903a
2025-08-24T11:32:50.655+03:30 DEBUG 1188 --- [ChiDaram App] [           main] org.hibernate.type.BasicTypeRegistry     : Adding type registration materialized_clob -> org.hibernate.type.BasicTypeReference@780ee3ad
2025-08-24T11:32:50.655+03:30 DEBUG 1188 --- [ChiDaram App] [           main] org.hibernate.type.BasicTypeRegistry     : Adding type registration materialized_clob_char_array -> org.hibernate.type.BasicTypeReference@2c2aab92
2025-08-24T11:32:50.655+03:30 DEBUG 1188 --- [ChiDaram App] [           main] org.hibernate.type.BasicTypeRegistry     : Adding type registration materialized_clob_character_array -> org.hibernate.type.BasicTypeReference@857f74a
2025-08-24T11:32:50.655+03:30 DEBUG 1188 --- [ChiDaram App] [           main] org.hibernate.type.BasicTypeRegistry     : Adding type registration materialized_nclob -> org.hibernate.type.BasicTypeReference@10a0d93a
2025-08-24T11:32:50.655+03:30 DEBUG 1188 --- [ChiDaram App] [           main] org.hibernate.type.BasicTypeRegistry     : Adding type registration materialized_nclob_character_array -> org.hibernate.type.BasicTypeReference@1f3c5308
2025-08-24T11:32:50.655+03:30 DEBUG 1188 --- [ChiDaram App] [           main] org.hibernate.type.BasicTypeRegistry     : Adding type registration materialized_nclob_char_array -> org.hibernate.type.BasicTypeReference@66b31d46
2025-08-24T11:32:50.655+03:30 DEBUG 1188 --- [ChiDaram App] [           main] org.hibernate.type.BasicTypeRegistry     : Adding type registration Duration -> org.hibernate.type.BasicTypeReference@51e94b7d
2025-08-24T11:32:50.655+03:30 DEBUG 1188 --- [ChiDaram App] [           main] org.hibernate.type.BasicTypeRegistry     : Adding type registration java.time.Duration -> org.hibernate.type.BasicTypeReference@51e94b7d
2025-08-24T11:32:50.655+03:30 DEBUG 1188 --- [ChiDaram App] [           main] org.hibernate.type.BasicTypeRegistry     : Adding type registration LocalDateTime -> org.hibernate.type.BasicTypeReference@47162173
2025-08-24T11:32:50.655+03:30 DEBUG 1188 --- [ChiDaram App] [           main] org.hibernate.type.BasicTypeRegistry     : Adding type registration java.time.LocalDateTime -> org.hibernate.type.BasicTypeReference@47162173
2025-08-24T11:32:50.655+03:30 DEBUG 1188 --- [ChiDaram App] [           main] org.hibernate.type.BasicTypeRegistry     : Adding type registration LocalDate -> org.hibernate.type.BasicTypeReference@3a4f8e8a
2025-08-24T11:32:50.655+03:30 DEBUG 1188 --- [ChiDaram App] [           main] org.hibernate.type.BasicTypeRegistry     : Adding type registration java.time.LocalDate -> org.hibernate.type.BasicTypeReference@3a4f8e8a
2025-08-24T11:32:50.655+03:30 DEBUG 1188 --- [ChiDaram App] [           main] org.hibernate.type.BasicTypeRegistry     : Adding type registration LocalTime -> org.hibernate.type.BasicTypeReference@4468fda8
2025-08-24T11:32:50.655+03:30 DEBUG 1188 --- [ChiDaram App] [           main] org.hibernate.type.BasicTypeRegistry     : Adding type registration java.time.LocalTime -> org.hibernate.type.BasicTypeReference@4468fda8
2025-08-24T11:32:50.655+03:30 DEBUG 1188 --- [ChiDaram App] [           main] org.hibernate.type.BasicTypeRegistry     : Adding type registration OffsetDateTime -> org.hibernate.type.BasicTypeReference@5fc1e4fb
2025-08-24T11:32:50.655+03:30 DEBUG 1188 --- [ChiDaram App] [           main] org.hibernate.type.BasicTypeRegistry     : Adding type registration java.time.OffsetDateTime -> org.hibernate.type.BasicTypeReference@5fc1e4fb
2025-08-24T11:32:50.655+03:30 DEBUG 1188 --- [ChiDaram App] [           main] org.hibernate.type.BasicTypeRegistry     : Adding type registration OffsetDateTimeWithTimezone -> org.hibernate.type.BasicTypeReference@29aa4bc9
2025-08-24T11:32:50.655+03:30 DEBUG 1188 --- [ChiDaram App] [           main] org.hibernate.type.BasicTypeRegistry     : Adding type registration OffsetDateTimeWithoutTimezone -> org.hibernate.type.BasicTypeReference@6fd7aba8
2025-08-24T11:32:50.656+03:30 DEBUG 1188 --- [ChiDaram App] [           main] org.hibernate.type.BasicTypeRegistry     : Adding type registration OffsetTime -> org.hibernate.type.BasicTypeReference@6c519e47
2025-08-24T11:32:50.656+03:30 DEBUG 1188 --- [ChiDaram App] [           main] org.hibernate.type.BasicTypeRegistry     : Adding type registration java.time.OffsetTime -> org.hibernate.type.BasicTypeReference@6c519e47
2025-08-24T11:32:50.656+03:30 DEBUG 1188 --- [ChiDaram App] [           main] org.hibernate.type.BasicTypeRegistry     : Adding type registration OffsetTimeUtc -> org.hibernate.type.BasicTypeReference@3ce7490a
2025-08-24T11:32:50.656+03:30 DEBUG 1188 --- [ChiDaram App] [           main] org.hibernate.type.BasicTypeRegistry     : Adding type registration OffsetTimeWithTimezone -> org.hibernate.type.BasicTypeReference@4768b95c
2025-08-24T11:32:50.656+03:30 DEBUG 1188 --- [ChiDaram App] [           main] org.hibernate.type.BasicTypeRegistry     : Adding type registration OffsetTimeWithoutTimezone -> org.hibernate.type.BasicTypeReference@1530d0f2
2025-08-24T11:32:50.656+03:30 DEBUG 1188 --- [ChiDaram App] [           main] org.hibernate.type.BasicTypeRegistry     : Adding type registration ZonedDateTime -> org.hibernate.type.BasicTypeReference@7573c7b5
2025-08-24T11:32:50.656+03:30 DEBUG 1188 --- [ChiDaram App] [           main] org.hibernate.type.BasicTypeRegistry     : Adding type registration java.time.ZonedDateTime -> org.hibernate.type.BasicTypeReference@7573c7b5
2025-08-24T11:32:50.656+03:30 DEBUG 1188 --- [ChiDaram App] [           main] org.hibernate.type.BasicTypeRegistry     : Adding type registration ZonedDateTimeWithTimezone -> org.hibernate.type.BasicTypeReference@73da7f08
2025-08-24T11:32:50.656+03:30 DEBUG 1188 --- [ChiDaram App] [           main] org.hibernate.type.BasicTypeRegistry     : Adding type registration ZonedDateTimeWithoutTimezone -> org.hibernate.type.BasicTypeReference@717a8a76
2025-08-24T11:32:50.656+03:30 DEBUG 1188 --- [ChiDaram App] [           main] org.hibernate.type.BasicTypeRegistry     : Adding type registration date -> org.hibernate.type.BasicTypeReference@62de73eb
2025-08-24T11:32:50.656+03:30 DEBUG 1188 --- [ChiDaram App] [           main] org.hibernate.type.BasicTypeRegistry     : Adding type registration java.sql.Date -> org.hibernate.type.BasicTypeReference@62de73eb
2025-08-24T11:32:50.656+03:30 DEBUG 1188 --- [ChiDaram App] [           main] org.hibernate.type.BasicTypeRegistry     : Adding type registration time -> org.hibernate.type.BasicTypeReference@97b5e6a
2025-08-24T11:32:50.656+03:30 DEBUG 1188 --- [ChiDaram App] [           main] org.hibernate.type.BasicTypeRegistry     : Adding type registration java.sql.Time -> org.hibernate.type.BasicTypeReference@97b5e6a
2025-08-24T11:32:50.656+03:30 DEBUG 1188 --- [ChiDaram App] [           main] org.hibernate.type.BasicTypeRegistry     : Adding type registration timestamp -> org.hibernate.type.BasicTypeReference@29f95272
2025-08-24T11:32:50.656+03:30 DEBUG 1188 --- [ChiDaram App] [           main] org.hibernate.type.BasicTypeRegistry     : Adding type registration java.sql.Timestamp -> org.hibernate.type.BasicTypeReference@29f95272
2025-08-24T11:32:50.657+03:30 DEBUG 1188 --- [ChiDaram App] [           main] org.hibernate.type.BasicTypeRegistry     : Adding type registration java.util.Date -> org.hibernate.type.BasicTypeReference@29f95272
2025-08-24T11:32:50.657+03:30 DEBUG 1188 --- [ChiDaram App] [           main] org.hibernate.type.BasicTypeRegistry     : Adding type registration calendar -> org.hibernate.type.BasicTypeReference@c754401
2025-08-24T11:32:50.657+03:30 DEBUG 1188 --- [ChiDaram App] [           main] org.hibernate.type.BasicTypeRegistry     : Adding type registration java.util.Calendar -> org.hibernate.type.BasicTypeReference@c754401
2025-08-24T11:32:50.657+03:30 DEBUG 1188 --- [ChiDaram App] [           main] org.hibernate.type.BasicTypeRegistry     : Adding type registration java.util.GregorianCalendar -> org.hibernate.type.BasicTypeReference@c754401
2025-08-24T11:32:50.657+03:30 DEBUG 1188 --- [ChiDaram App] [           main] org.hibernate.type.BasicTypeRegistry     : Adding type registration calendar_date -> org.hibernate.type.BasicTypeReference@1da53f4f
2025-08-24T11:32:50.657+03:30 DEBUG 1188 --- [ChiDaram App] [           main] org.hibernate.type.BasicTypeRegistry     : Adding type registration calendar_time -> org.hibernate.type.BasicTypeReference@2df71be0
2025-08-24T11:32:50.657+03:30 DEBUG 1188 --- [ChiDaram App] [           main] org.hibernate.type.BasicTypeRegistry     : Adding type registration instant -> org.hibernate.type.BasicTypeReference@b841713
2025-08-24T11:32:50.657+03:30 DEBUG 1188 --- [ChiDaram App] [           main] org.hibernate.type.BasicTypeRegistry     : Adding type registration java.time.Instant -> org.hibernate.type.BasicTypeReference@b841713
2025-08-24T11:32:50.657+03:30 DEBUG 1188 --- [ChiDaram App] [           main] org.hibernate.type.BasicTypeRegistry     : Adding type registration uuid -> org.hibernate.type.BasicTypeReference@3fef1e6b
2025-08-24T11:32:50.657+03:30 DEBUG 1188 --- [ChiDaram App] [           main] org.hibernate.type.BasicTypeRegistry     : Adding type registration java.util.UUID -> org.hibernate.type.BasicTypeReference@3fef1e6b
2025-08-24T11:32:50.658+03:30 DEBUG 1188 --- [ChiDaram App] [           main] org.hibernate.type.BasicTypeRegistry     : Adding type registration pg-uuid -> org.hibernate.type.BasicTypeReference@3fef1e6b
2025-08-24T11:32:50.658+03:30 DEBUG 1188 --- [ChiDaram App] [           main] org.hibernate.type.BasicTypeRegistry     : Adding type registration uuid-binary -> org.hibernate.type.BasicTypeReference@4fee14b
2025-08-24T11:32:50.658+03:30 DEBUG 1188 --- [ChiDaram App] [           main] org.hibernate.type.BasicTypeRegistry     : Adding type registration uuid-char -> org.hibernate.type.BasicTypeReference@11c3d22f
2025-08-24T11:32:50.658+03:30 DEBUG 1188 --- [ChiDaram App] [           main] org.hibernate.type.BasicTypeRegistry     : Adding type registration class -> org.hibernate.type.BasicTypeReference@3a54638b
2025-08-24T11:32:50.658+03:30 DEBUG 1188 --- [ChiDaram App] [           main] org.hibernate.type.BasicTypeRegistry     : Adding type registration java.lang.Class -> org.hibernate.type.BasicTypeReference@3a54638b
2025-08-24T11:32:50.658+03:30 DEBUG 1188 --- [ChiDaram App] [           main] org.hibernate.type.BasicTypeRegistry     : Adding type registration currency -> org.hibernate.type.BasicTypeReference@7d8f2eec
2025-08-24T11:32:50.658+03:30 DEBUG 1188 --- [ChiDaram App] [           main] org.hibernate.type.BasicTypeRegistry     : Adding type registration Currency -> org.hibernate.type.BasicTypeReference@7d8f2eec
2025-08-24T11:32:50.658+03:30 DEBUG 1188 --- [ChiDaram App] [           main] org.hibernate.type.BasicTypeRegistry     : Adding type registration java.util.Currency -> org.hibernate.type.BasicTypeReference@7d8f2eec
2025-08-24T11:32:50.659+03:30 DEBUG 1188 --- [ChiDaram App] [           main] org.hibernate.type.BasicTypeRegistry     : Adding type registration locale -> org.hibernate.type.BasicTypeReference@e886caf
2025-08-24T11:32:50.659+03:30 DEBUG 1188 --- [ChiDaram App] [           main] org.hibernate.type.BasicTypeRegistry     : Adding type registration java.util.Locale -> org.hibernate.type.BasicTypeReference@e886caf
2025-08-24T11:32:50.659+03:30 DEBUG 1188 --- [ChiDaram App] [           main] org.hibernate.type.BasicTypeRegistry     : Adding type registration serializable -> org.hibernate.type.BasicTypeReference@1d585fb
2025-08-24T11:32:50.659+03:30 DEBUG 1188 --- [ChiDaram App] [           main] org.hibernate.type.BasicTypeRegistry     : Adding type registration java.io.Serializable -> org.hibernate.type.BasicTypeReference@1d585fb
2025-08-24T11:32:50.659+03:30 DEBUG 1188 --- [ChiDaram App] [           main] org.hibernate.type.BasicTypeRegistry     : Adding type registration timezone -> org.hibernate.type.BasicTypeReference@1884e671
2025-08-24T11:32:50.659+03:30 DEBUG 1188 --- [ChiDaram App] [           main] org.hibernate.type.BasicTypeRegistry     : Adding type registration java.util.TimeZone -> org.hibernate.type.BasicTypeReference@1884e671
2025-08-24T11:32:50.659+03:30 DEBUG 1188 --- [ChiDaram App] [           main] org.hibernate.type.BasicTypeRegistry     : Adding type registration ZoneOffset -> org.hibernate.type.BasicTypeReference@1c7843c3
2025-08-24T11:32:50.659+03:30 DEBUG 1188 --- [ChiDaram App] [           main] org.hibernate.type.BasicTypeRegistry     : Adding type registration java.time.ZoneOffset -> org.hibernate.type.BasicTypeReference@1c7843c3
2025-08-24T11:32:50.659+03:30 DEBUG 1188 --- [ChiDaram App] [           main] org.hibernate.type.BasicTypeRegistry     : Adding type registration url -> org.hibernate.type.BasicTypeReference@5158a9f7
2025-08-24T11:32:50.659+03:30 DEBUG 1188 --- [ChiDaram App] [           main] org.hibernate.type.BasicTypeRegistry     : Adding type registration java.net.URL -> org.hibernate.type.BasicTypeReference@5158a9f7
2025-08-24T11:32:50.659+03:30 DEBUG 1188 --- [ChiDaram App] [           main] org.hibernate.type.BasicTypeRegistry     : Adding type registration vector -> org.hibernate.type.BasicTypeReference@7c8f047a
2025-08-24T11:32:50.659+03:30 DEBUG 1188 --- [ChiDaram App] [           main] org.hibernate.type.BasicTypeRegistry     : Adding type registration row_version -> org.hibernate.type.BasicTypeReference@4387d2f4
2025-08-24T11:32:50.660+03:30 DEBUG 1188 --- [ChiDaram App] [           main] org.hibernate.type.BasicTypeRegistry     : Adding type registration object -> org.hibernate.type.JavaObjectType@4ab455e2
2025-08-24T11:32:50.660+03:30 DEBUG 1188 --- [ChiDaram App] [           main] org.hibernate.type.BasicTypeRegistry     : Adding type registration java.lang.Object -> org.hibernate.type.JavaObjectType@4ab455e2
2025-08-24T11:32:50.660+03:30 DEBUG 1188 --- [ChiDaram App] [           main] org.hibernate.type.BasicTypeRegistry     : Adding type registration null -> org.hibernate.type.NullType@e0847a9
2025-08-24T11:32:50.660+03:30 DEBUG 1188 --- [ChiDaram App] [           main] org.hibernate.type.BasicTypeRegistry     : Adding type registration imm_date -> org.hibernate.type.BasicTypeReference@3a1c65ac
2025-08-24T11:32:50.660+03:30 DEBUG 1188 --- [ChiDaram App] [           main] org.hibernate.type.BasicTypeRegistry     : Adding type registration imm_time -> org.hibernate.type.BasicTypeReference@5ff24b0f
2025-08-24T11:32:50.660+03:30 DEBUG 1188 --- [ChiDaram App] [           main] org.hibernate.type.BasicTypeRegistry     : Adding type registration imm_timestamp -> org.hibernate.type.BasicTypeReference@a9f4621
2025-08-24T11:32:50.660+03:30 DEBUG 1188 --- [ChiDaram App] [           main] org.hibernate.type.BasicTypeRegistry     : Adding type registration imm_calendar -> org.hibernate.type.BasicTypeReference@42a4e5cb
2025-08-24T11:32:50.660+03:30 DEBUG 1188 --- [ChiDaram App] [           main] org.hibernate.type.BasicTypeRegistry     : Adding type registration imm_calendar_date -> org.hibernate.type.BasicTypeReference@1bccd936
2025-08-24T11:32:50.660+03:30 DEBUG 1188 --- [ChiDaram App] [           main] org.hibernate.type.BasicTypeRegistry     : Adding type registration imm_calendar_time -> org.hibernate.type.BasicTypeReference@562b4373
2025-08-24T11:32:50.660+03:30 DEBUG 1188 --- [ChiDaram App] [           main] org.hibernate.type.BasicTypeRegistry     : Adding type registration imm_binary -> org.hibernate.type.BasicTypeReference@26f5a9d9
2025-08-24T11:32:50.660+03:30 DEBUG 1188 --- [ChiDaram App] [           main] org.hibernate.type.BasicTypeRegistry     : Adding type registration imm_serializable -> org.hibernate.type.BasicTypeReference@431a9a71
2025-08-24T11:32:50.667+03:30 DEBUG 1188 --- [ChiDaram App] [           main] o.h.boot.internal.BootstrapContextImpl   : Injecting JPA temp ClassLoader [org.springframework.instrument.classloading.SimpleThrowawayClassLoader@325e1229] into BootstrapContext; was [null]
2025-08-24T11:32:50.667+03:30 DEBUG 1188 --- [ChiDaram App] [           main] o.h.boot.internal.ClassLoaderAccessImpl  : ClassLoaderAccessImpl#injectTempClassLoader(org.springframework.instrument.classloading.SimpleThrowawayClassLoader@325e1229) [was null]
2025-08-24T11:32:50.667+03:30 DEBUG 1188 --- [ChiDaram App] [           main] o.h.boot.internal.BootstrapContextImpl   : Injecting ScanEnvironment [org.hibernate.jpa.boot.internal.StandardJpaScanEnvironmentImpl@396eceda] into BootstrapContext; was [null]
2025-08-24T11:32:50.667+03:30 DEBUG 1188 --- [ChiDaram App] [           main] o.h.boot.internal.BootstrapContextImpl   : Injecting ScanOptions [org.hibernate.boot.archive.scan.internal.StandardScanOptions@2e300294] into BootstrapContext; was [org.hibernate.boot.archive.scan.internal.StandardScanOptions@7890189]
2025-08-24T11:32:50.707+03:30  INFO 1188 --- [ChiDaram App] [           main] o.s.o.j.p.SpringPersistenceUnitInfo      : No LoadTimeWeaver setup: ignoring JPA class transformer
2025-08-24T11:32:50.708+03:30 DEBUG 1188 --- [ChiDaram App] [           main] o.h.boot.internal.BootstrapContextImpl   : Injecting JPA temp ClassLoader [null] into BootstrapContext; was [org.springframework.instrument.classloading.SimpleThrowawayClassLoader@325e1229]
2025-08-24T11:32:50.708+03:30 DEBUG 1188 --- [ChiDaram App] [           main] o.h.boot.internal.ClassLoaderAccessImpl  : ClassLoaderAccessImpl#injectTempClassLoader(null) [was org.springframework.instrument.classloading.SimpleThrowawayClassLoader@325e1229]
2025-08-24T11:32:50.875+03:30 DEBUG 1188 --- [ChiDaram App] [           main] o.h.e.j.e.i.JdbcEnvironmentInitiator     : Database ->
	   name : PostgreSQL
	version : 17.0
	  major : 17
	  minor : 0
2025-08-24T11:32:50.875+03:30 DEBUG 1188 --- [ChiDaram App] [           main] o.h.e.j.e.i.JdbcEnvironmentInitiator     : Driver ->
	   name : PostgreSQL JDBC Driver
	version : 42.7.3
	  major : 42
	  minor : 7
2025-08-24T11:32:50.875+03:30 DEBUG 1188 --- [ChiDaram App] [           main] o.h.e.j.e.i.JdbcEnvironmentInitiator     : JDBC version : 4.2
2025-08-24T11:32:50.898+03:30  WARN 1188 --- [ChiDaram App] [           main] org.hibernate.orm.deprecation            : HHH90000025: PostgreSQLDialect does not need to be specified explicitly using 'hibernate.dialect' (remove the property setting and it will be selected by default)
2025-08-24T11:32:50.899+03:30 DEBUG 1188 --- [ChiDaram App] [           main] org.hibernate.orm.dialect                : HHH035001: Using dialect: org.hibernate.dialect.PostgreSQLDialect, version: 17.0
2025-08-24T11:32:50.899+03:30 DEBUG 1188 --- [ChiDaram App] [           main] o.h.e.j.env.spi.IdentifierHelperBuilder  : JDBC driver metadata reported database stores quoted identifiers in neither upper, lower nor mixed case
2025-08-24T11:32:50.903+03:30 DEBUG 1188 --- [ChiDaram App] [           main] org.hibernate.orm.jdbc.lob               : HHH10010004: Disabling contextual LOB creation as Dialect reported it is not supported
2025-08-24T11:32:50.905+03:30 DEBUG 1188 --- [ChiDaram App] [           main] o.h.t.d.sql.spi.DdlTypeRegistry          : addDescriptor(2003, org.hibernate.type.descriptor.sql.internal.ArrayDdlTypeImpl@1343eae6) replaced previous registration(org.hibernate.type.descriptor.sql.internal.ArrayDdlTypeImpl@58c7bb01)
2025-08-24T11:32:50.906+03:30 DEBUG 1188 --- [ChiDaram App] [           main] o.h.t.d.sql.spi.DdlTypeRegistry          : addDescriptor(6, org.hibernate.type.descriptor.sql.internal.CapacityDependentDdlType@75e32c4c) replaced previous registration(org.hibernate.type.descriptor.sql.internal.DdlTypeImpl@2945a3c1)
2025-08-24T11:32:50.906+03:30 DEBUG 1188 --- [ChiDaram App] [           main] o.h.t.d.jdbc.spi.JdbcTypeRegistry        : addDescriptor(2004, BlobTypeDescriptor(BLOB_BINDING)) replaced previous registration(BlobTypeDescriptor(DEFAULT))
2025-08-24T11:32:50.906+03:30 DEBUG 1188 --- [ChiDaram App] [           main] o.h.t.d.jdbc.spi.JdbcTypeRegistry        : addDescriptor(2005, ClobTypeDescriptor(CLOB_BINDING)) replaced previous registration(ClobTypeDescriptor(DEFAULT))
2025-08-24T11:32:50.907+03:30 DEBUG 1188 --- [ChiDaram App] [           main] org.hibernate.type.BasicTypeRegistry     : Adding type registration JAVA_OBJECT -> org.hibernate.type.JavaObjectType@255d68d5
2025-08-24T11:32:50.907+03:30 DEBUG 1188 --- [ChiDaram App] [           main] org.hibernate.type.BasicTypeRegistry     : Adding type registration java.lang.Object -> org.hibernate.type.JavaObjectType@255d68d5
2025-08-24T11:32:50.907+03:30 DEBUG 1188 --- [ChiDaram App] [           main] org.hibernate.type.BasicTypeRegistry     : Type registration key [java.lang.Object] overrode previous entry : `org.hibernate.type.JavaObjectType@4ab455e2`
2025-08-24T11:32:50.908+03:30 DEBUG 1188 --- [ChiDaram App] [           main] org.hibernate.type.BasicTypeRegistry     : Adding type registration org.hibernate.type.DurationType -> basicType@24(java.time.Duration,3015)
2025-08-24T11:32:50.908+03:30 DEBUG 1188 --- [ChiDaram App] [           main] org.hibernate.type.BasicTypeRegistry     : Adding type registration Duration -> basicType@24(java.time.Duration,3015)
2025-08-24T11:32:50.908+03:30 DEBUG 1188 --- [ChiDaram App] [           main] org.hibernate.type.BasicTypeRegistry     : Adding type registration java.time.Duration -> basicType@24(java.time.Duration,3015)
2025-08-24T11:32:50.908+03:30 DEBUG 1188 --- [ChiDaram App] [           main] org.hibernate.type.BasicTypeRegistry     : Adding type registration org.hibernate.type.OffsetDateTimeType -> basicType@25(java.time.OffsetDateTime,3003)
2025-08-24T11:32:50.908+03:30 DEBUG 1188 --- [ChiDaram App] [           main] org.hibernate.type.BasicTypeRegistry     : Adding type registration OffsetDateTime -> basicType@25(java.time.OffsetDateTime,3003)
2025-08-24T11:32:50.908+03:30 DEBUG 1188 --- [ChiDaram App] [           main] org.hibernate.type.BasicTypeRegistry     : Adding type registration java.time.OffsetDateTime -> basicType@25(java.time.OffsetDateTime,3003)
2025-08-24T11:32:50.908+03:30 DEBUG 1188 --- [ChiDaram App] [           main] org.hibernate.type.BasicTypeRegistry     : Adding type registration org.hibernate.type.ZonedDateTimeType -> basicType@26(java.time.ZonedDateTime,3003)
2025-08-24T11:32:50.908+03:30 DEBUG 1188 --- [ChiDaram App] [           main] org.hibernate.type.BasicTypeRegistry     : Adding type registration ZonedDateTime -> basicType@26(java.time.ZonedDateTime,3003)
2025-08-24T11:32:50.908+03:30 DEBUG 1188 --- [ChiDaram App] [           main] org.hibernate.type.BasicTypeRegistry     : Adding type registration java.time.ZonedDateTime -> basicType@26(java.time.ZonedDateTime,3003)
2025-08-24T11:32:50.908+03:30 DEBUG 1188 --- [ChiDaram App] [           main] org.hibernate.type.BasicTypeRegistry     : Adding type registration org.hibernate.type.OffsetTimeType -> basicType@27(java.time.OffsetTime,3007)
2025-08-24T11:32:50.908+03:30 DEBUG 1188 --- [ChiDaram App] [           main] org.hibernate.type.BasicTypeRegistry     : Adding type registration OffsetTime -> basicType@27(java.time.OffsetTime,3007)
2025-08-24T11:32:50.908+03:30 DEBUG 1188 --- [ChiDaram App] [           main] org.hibernate.type.BasicTypeRegistry     : Adding type registration java.time.OffsetTime -> basicType@27(java.time.OffsetTime,3007)
2025-08-24T11:32:50.908+03:30 DEBUG 1188 --- [ChiDaram App] [           main] o.h.type.spi.TypeConfiguration$Scope     : Scoping TypeConfiguration [org.hibernate.type.spi.TypeConfiguration@40a7c0cc] to MetadataBuildingContext [org.hibernate.boot.internal.MetadataBuildingContextRootImpl@2cca15d8]
2025-08-24T11:32:50.910+03:30 DEBUG 1188 --- [ChiDaram App] [           main] o.h.boot.model.relational.Namespace      : Created database namespace [logicalName=Name{catalog=null, schema=null}, physicalName=Name{catalog=null, schema=null}]
2025-08-24T11:32:50.911+03:30 DEBUG 1188 --- [ChiDaram App] [           main] o.h.boot.model.internal.EntityBinder     : Binding entity from annotated class: com.example.chi_daram.entity.Categorylevel1
2025-08-24T11:32:50.912+03:30 DEBUG 1188 --- [ChiDaram App] [           main] o.h.boot.model.internal.EntityBinder     : Import with entity name Categorylevel1
2025-08-24T11:32:50.912+03:30 DEBUG 1188 --- [ChiDaram App] [           main] o.h.boot.model.internal.EntityBinder     : Bind entity com.example.chi_daram.entity.Categorylevel1 on table categorylevel1
2025-08-24T11:32:50.913+03:30 DEBUG 1188 --- [ChiDaram App] [           main] o.h.boot.model.internal.AnnotatedColumn  : Binding column: AnnotatedDiscriminatorColumn(column='DTYPE')
2025-08-24T11:32:50.915+03:30 DEBUG 1188 --- [ChiDaram App] [           main] o.h.boot.model.internal.AnnotatedColumn  : Binding column: AnnotatedColumn()
2025-08-24T11:32:50.915+03:30 DEBUG 1188 --- [ChiDaram App] [           main] o.h.boot.internal.ClassLoaderAccessImpl  : Not known whether passed class name [com.example.chi_daram.entity.Categorylevel1] is safe
2025-08-24T11:32:50.915+03:30 DEBUG 1188 --- [ChiDaram App] [           main] o.h.boot.internal.ClassLoaderAccessImpl  : No temp ClassLoader provided; using live ClassLoader for loading potentially unsafe class : com.example.chi_daram.entity.Categorylevel1
2025-08-24T11:32:50.915+03:30 DEBUG 1188 --- [ChiDaram App] [           main] o.h.boot.model.internal.PropertyBinder   : MetadataSourceProcessor property id with lazy=false
2025-08-24T11:32:50.915+03:30 DEBUG 1188 --- [ChiDaram App] [           main] o.h.b.m.internal.AbstractPropertyHolder  : Attempting to locate auto-apply AttributeConverter for property [com.example.chi_daram.entity.Categorylevel1:id]
2025-08-24T11:32:50.915+03:30 DEBUG 1188 --- [ChiDaram App] [           main] o.h.b.model.internal.BasicValueBinder    : building BasicValue for id
2025-08-24T11:32:50.916+03:30 DEBUG 1188 --- [ChiDaram App] [           main] org.hibernate.mapping.BasicValue         : Skipping column re-registration: categorylevel1.id
2025-08-24T11:32:50.916+03:30 DEBUG 1188 --- [ChiDaram App] [           main] o.h.boot.model.internal.PropertyBinder   : Building property id
2025-08-24T11:32:50.916+03:30 DEBUG 1188 --- [ChiDaram App] [           main] o.h.boot.model.internal.BinderHelper     : #makeIdGenerator(BasicValue([Column(id)]), id, assigned, , ...)
2025-08-24T11:32:50.917+03:30 DEBUG 1188 --- [ChiDaram App] [           main] o.h.boot.model.internal.AnnotatedColumn  : Binding column: AnnotatedColumn()
2025-08-24T11:32:50.917+03:30 DEBUG 1188 --- [ChiDaram App] [           main] o.h.boot.model.internal.PropertyBinder   : MetadataSourceProcessor property description with lazy=false
2025-08-24T11:32:50.917+03:30 DEBUG 1188 --- [ChiDaram App] [           main] o.h.b.m.internal.AbstractPropertyHolder  : Attempting to locate auto-apply AttributeConverter for property [com.example.chi_daram.entity.Categorylevel1:description]
2025-08-24T11:32:50.917+03:30 DEBUG 1188 --- [ChiDaram App] [           main] o.h.b.model.internal.BasicValueBinder    : building BasicValue for description
2025-08-24T11:32:50.917+03:30 DEBUG 1188 --- [ChiDaram App] [           main] org.hibernate.mapping.BasicValue         : Skipping column re-registration: categorylevel1.description
2025-08-24T11:32:50.917+03:30 DEBUG 1188 --- [ChiDaram App] [           main] o.h.boot.model.internal.PropertyBinder   : Building property description
2025-08-24T11:32:50.918+03:30 DEBUG 1188 --- [ChiDaram App] [           main] o.h.boot.model.internal.AnnotatedColumn  : Binding column: AnnotatedColumn()
2025-08-24T11:32:50.918+03:30 DEBUG 1188 --- [ChiDaram App] [           main] o.h.boot.model.internal.PropertyBinder   : MetadataSourceProcessor property name with lazy=false
2025-08-24T11:32:50.918+03:30 DEBUG 1188 --- [ChiDaram App] [           main] o.h.b.m.internal.AbstractPropertyHolder  : Attempting to locate auto-apply AttributeConverter for property [com.example.chi_daram.entity.Categorylevel1:name]
2025-08-24T11:32:50.919+03:30 DEBUG 1188 --- [ChiDaram App] [           main] o.h.b.model.internal.BasicValueBinder    : building BasicValue for name
2025-08-24T11:32:50.919+03:30 DEBUG 1188 --- [ChiDaram App] [           main] org.hibernate.mapping.BasicValue         : Skipping column re-registration: categorylevel1.name
2025-08-24T11:32:50.919+03:30 DEBUG 1188 --- [ChiDaram App] [           main] o.h.boot.model.internal.PropertyBinder   : Building property name
2025-08-24T11:32:50.922+03:30 DEBUG 1188 --- [ChiDaram App] [           main] o.h.b.r.c.i.ClassLoaderServiceImpl       : HHH000194: Package not found or no package-info.java: com.example.chi_daram.entity
2025-08-24T11:32:50.925+03:30 DEBUG 1188 --- [ChiDaram App] [           main] o.h.boot.model.internal.EntityBinder     : Binding entity from annotated class: com.example.chi_daram.entity.Categorylevel2
2025-08-24T11:32:50.925+03:30 DEBUG 1188 --- [ChiDaram App] [           main] o.h.boot.model.internal.EntityBinder     : Import with entity name Categorylevel2
2025-08-24T11:32:50.926+03:30 DEBUG 1188 --- [ChiDaram App] [           main] o.h.boot.model.internal.EntityBinder     : Bind entity com.example.chi_daram.entity.Categorylevel2 on table categorylevel2
2025-08-24T11:32:50.928+03:30 DEBUG 1188 --- [ChiDaram App] [           main] o.h.boot.model.internal.AnnotatedColumn  : Binding column: AnnotatedDiscriminatorColumn(column='DTYPE')
2025-08-24T11:32:50.929+03:30 DEBUG 1188 --- [ChiDaram App] [           main] o.h.boot.model.internal.AnnotatedColumn  : Binding column: AnnotatedColumn()
2025-08-24T11:32:50.929+03:30 DEBUG 1188 --- [ChiDaram App] [           main] o.h.boot.internal.ClassLoaderAccessImpl  : Not known whether passed class name [com.example.chi_daram.entity.Categorylevel2] is safe
2025-08-24T11:32:50.929+03:30 DEBUG 1188 --- [ChiDaram App] [           main] o.h.boot.internal.ClassLoaderAccessImpl  : No temp ClassLoader provided; using live ClassLoader for loading potentially unsafe class : com.example.chi_daram.entity.Categorylevel2
2025-08-24T11:32:50.930+03:30 DEBUG 1188 --- [ChiDaram App] [           main] o.h.boot.model.internal.PropertyBinder   : MetadataSourceProcessor property id with lazy=false
2025-08-24T11:32:50.930+03:30 DEBUG 1188 --- [ChiDaram App] [           main] o.h.b.m.internal.AbstractPropertyHolder  : Attempting to locate auto-apply AttributeConverter for property [com.example.chi_daram.entity.Categorylevel2:id]
2025-08-24T11:32:50.930+03:30 DEBUG 1188 --- [ChiDaram App] [           main] o.h.b.model.internal.BasicValueBinder    : building BasicValue for id
2025-08-24T11:32:50.930+03:30 DEBUG 1188 --- [ChiDaram App] [           main] org.hibernate.mapping.BasicValue         : Skipping column re-registration: categorylevel2.id
2025-08-24T11:32:50.930+03:30 DEBUG 1188 --- [ChiDaram App] [           main] o.h.boot.model.internal.PropertyBinder   : Building property id
2025-08-24T11:32:50.931+03:30 DEBUG 1188 --- [ChiDaram App] [           main] o.h.boot.model.internal.BinderHelper     : #makeIdGenerator(BasicValue([Column(id)]), id, identity, , ...)
2025-08-24T11:32:50.931+03:30 DEBUG 1188 --- [ChiDaram App] [           main] o.h.boot.model.internal.AnnotatedColumn  : Binding column: AnnotatedJoinColumn(column='categorylevel1id')
2025-08-24T11:32:50.932+03:30 DEBUG 1188 --- [ChiDaram App] [           main] o.h.boot.model.internal.AnnotatedColumn  : Binding column: AnnotatedColumn()
2025-08-24T11:32:50.933+03:30 DEBUG 1188 --- [ChiDaram App] [           main] o.h.boot.model.internal.PropertyBinder   : Building property categorylevel1
2025-08-24T11:32:50.934+03:30 DEBUG 1188 --- [ChiDaram App] [           main] o.h.boot.model.internal.AnnotatedColumn  : Binding column: AnnotatedColumn(column='description')
2025-08-24T11:32:50.935+03:30 DEBUG 1188 --- [ChiDaram App] [           main] o.h.boot.model.internal.PropertyBinder   : MetadataSourceProcessor property description with lazy=false
2025-08-24T11:32:50.935+03:30 DEBUG 1188 --- [ChiDaram App] [           main] o.h.b.m.internal.AbstractPropertyHolder  : Attempting to locate auto-apply AttributeConverter for property [com.example.chi_daram.entity.Categorylevel2:description]
2025-08-24T11:32:50.935+03:30 DEBUG 1188 --- [ChiDaram App] [           main] o.h.b.model.internal.BasicValueBinder    : building BasicValue for description
2025-08-24T11:32:50.938+03:30 DEBUG 1188 --- [ChiDaram App] [           main] org.hibernate.mapping.BasicValue         : Skipping column re-registration: categorylevel2.description
2025-08-24T11:32:50.938+03:30 DEBUG 1188 --- [ChiDaram App] [           main] o.h.boot.model.internal.PropertyBinder   : Building property description
2025-08-24T11:32:50.939+03:30 DEBUG 1188 --- [ChiDaram App] [           main] o.h.boot.model.internal.AnnotatedColumn  : Binding column: AnnotatedColumn(column='name')
2025-08-24T11:32:50.939+03:30 DEBUG 1188 --- [ChiDaram App] [           main] o.h.boot.model.internal.PropertyBinder   : MetadataSourceProcessor property name with lazy=false
2025-08-24T11:32:50.939+03:30 DEBUG 1188 --- [ChiDaram App] [           main] o.h.b.m.internal.AbstractPropertyHolder  : Attempting to locate auto-apply AttributeConverter for property [com.example.chi_daram.entity.Categorylevel2:name]
2025-08-24T11:32:50.939+03:30 DEBUG 1188 --- [ChiDaram App] [           main] o.h.b.model.internal.BasicValueBinder    : building BasicValue for name
2025-08-24T11:32:50.939+03:30 DEBUG 1188 --- [ChiDaram App] [           main] org.hibernate.mapping.BasicValue         : Skipping column re-registration: categorylevel2.name
2025-08-24T11:32:50.940+03:30 DEBUG 1188 --- [ChiDaram App] [           main] o.h.boot.model.internal.PropertyBinder   : Building property name
2025-08-24T11:32:50.944+03:30 DEBUG 1188 --- [ChiDaram App] [           main] o.h.b.r.c.i.ClassLoaderServiceImpl       : HHH000194: Package not found or no package-info.java: com.example.chi_daram.entity
2025-08-24T11:32:50.945+03:30 DEBUG 1188 --- [ChiDaram App] [           main] o.h.boot.model.internal.EntityBinder     : Binding entity from annotated class: com.example.chi_daram.entity.Decreasedocument
2025-08-24T11:32:50.946+03:30 DEBUG 1188 --- [ChiDaram App] [           main] o.h.boot.model.internal.EntityBinder     : Import with entity name Decreasedocument
2025-08-24T11:32:50.946+03:30 DEBUG 1188 --- [ChiDaram App] [           main] o.h.boot.model.internal.EntityBinder     : Bind entity com.example.chi_daram.entity.Decreasedocument on table decreasedocument
2025-08-24T11:32:50.947+03:30 DEBUG 1188 --- [ChiDaram App] [           main] o.h.boot.model.internal.AnnotatedColumn  : Binding column: AnnotatedDiscriminatorColumn(column='DTYPE')
2025-08-24T11:32:50.949+03:30 DEBUG 1188 --- [ChiDaram App] [           main] o.h.boot.model.internal.AnnotatedColumn  : Binding column: AnnotatedColumn()
2025-08-24T11:32:50.949+03:30 DEBUG 1188 --- [ChiDaram App] [           main] o.h.boot.internal.ClassLoaderAccessImpl  : Not known whether passed class name [com.example.chi_daram.entity.Decreasedocument] is safe
2025-08-24T11:32:50.949+03:30 DEBUG 1188 --- [ChiDaram App] [           main] o.h.boot.internal.ClassLoaderAccessImpl  : No temp ClassLoader provided; using live ClassLoader for loading potentially unsafe class : com.example.chi_daram.entity.Decreasedocument
2025-08-24T11:32:50.949+03:30 DEBUG 1188 --- [ChiDaram App] [           main] o.h.boot.model.internal.PropertyBinder   : MetadataSourceProcessor property id with lazy=false
2025-08-24T11:32:50.949+03:30 DEBUG 1188 --- [ChiDaram App] [           main] o.h.b.m.internal.AbstractPropertyHolder  : Attempting to locate auto-apply AttributeConverter for property [com.example.chi_daram.entity.Decreasedocument:id]
2025-08-24T11:32:50.950+03:30 DEBUG 1188 --- [ChiDaram App] [           main] o.h.b.model.internal.BasicValueBinder    : building BasicValue for id
2025-08-24T11:32:50.950+03:30 DEBUG 1188 --- [ChiDaram App] [           main] org.hibernate.mapping.BasicValue         : Skipping column re-registration: decreasedocument.id
2025-08-24T11:32:50.950+03:30 DEBUG 1188 --- [ChiDaram App] [           main] o.h.boot.model.internal.PropertyBinder   : Building property id
2025-08-24T11:32:50.951+03:30 DEBUG 1188 --- [ChiDaram App] [           main] o.h.boot.model.internal.BinderHelper     : #makeIdGenerator(BasicValue([Column(id)]), id, identity, , ...)
2025-08-24T11:32:50.951+03:30 DEBUG 1188 --- [ChiDaram App] [           main] o.h.boot.model.internal.AnnotatedColumn  : Binding column: AnnotatedColumn(column='decreasedate')
2025-08-24T11:32:50.951+03:30 DEBUG 1188 --- [ChiDaram App] [           main] o.h.boot.model.internal.PropertyBinder   : MetadataSourceProcessor property decreaseDate with lazy=false
2025-08-24T11:32:50.952+03:30 DEBUG 1188 --- [ChiDaram App] [           main] o.h.b.m.internal.AbstractPropertyHolder  : Attempting to locate auto-apply AttributeConverter for property [com.example.chi_daram.entity.Decreasedocument:decreaseDate]
2025-08-24T11:32:50.952+03:30 DEBUG 1188 --- [ChiDaram App] [           main] o.h.b.model.internal.BasicValueBinder    : building BasicValue for decreaseDate
2025-08-24T11:32:50.953+03:30 DEBUG 1188 --- [ChiDaram App] [           main] org.hibernate.mapping.BasicValue         : Skipping column re-registration: decreasedocument.decreasedate
2025-08-24T11:32:50.953+03:30 DEBUG 1188 --- [ChiDaram App] [           main] o.h.boot.model.internal.PropertyBinder   : Building property decreaseDate
2025-08-24T11:32:50.955+03:30 DEBUG 1188 --- [ChiDaram App] [           main] o.h.boot.model.internal.AnnotatedColumn  : Binding column: AnnotatedJoinColumn(column='decreasetypeid')
2025-08-24T11:32:50.956+03:30 DEBUG 1188 --- [ChiDaram App] [           main] o.h.boot.model.internal.AnnotatedColumn  : Binding column: AnnotatedColumn()
2025-08-24T11:32:50.958+03:30 DEBUG 1188 --- [ChiDaram App] [           main] o.h.boot.model.internal.PropertyBinder   : Building property decreaseType
2025-08-24T11:32:50.959+03:30 DEBUG 1188 --- [ChiDaram App] [           main] o.h.boot.model.internal.AnnotatedColumn  : Binding column: AnnotatedColumn(column='description')
2025-08-24T11:32:50.960+03:30 DEBUG 1188 --- [ChiDaram App] [           main] o.h.boot.model.internal.PropertyBinder   : MetadataSourceProcessor property description with lazy=false
2025-08-24T11:32:50.961+03:30 DEBUG 1188 --- [ChiDaram App] [           main] o.h.b.m.internal.AbstractPropertyHolder  : Attempting to locate auto-apply AttributeConverter for property [com.example.chi_daram.entity.Decreasedocument:description]
2025-08-24T11:32:50.961+03:30 DEBUG 1188 --- [ChiDaram App] [           main] o.h.b.model.internal.BasicValueBinder    : building BasicValue for description
2025-08-24T11:32:50.961+03:30 DEBUG 1188 --- [ChiDaram App] [           main] org.hibernate.mapping.BasicValue         : Skipping column re-registration: decreasedocument.description
2025-08-24T11:32:50.961+03:30 DEBUG 1188 --- [ChiDaram App] [           main] o.h.boot.model.internal.PropertyBinder   : Building property description
2025-08-24T11:32:50.964+03:30 DEBUG 1188 --- [ChiDaram App] [           main] o.h.boot.model.internal.AnnotatedColumn  : Binding column: AnnotatedColumn(column='documentnumber')
2025-08-24T11:32:50.964+03:30 DEBUG 1188 --- [ChiDaram App] [           main] o.h.boot.model.internal.PropertyBinder   : MetadataSourceProcessor property documentNumber with lazy=false
2025-08-24T11:32:50.964+03:30 DEBUG 1188 --- [ChiDaram App] [           main] o.h.b.m.internal.AbstractPropertyHolder  : Attempting to locate auto-apply AttributeConverter for property [com.example.chi_daram.entity.Decreasedocument:documentNumber]
2025-08-24T11:32:50.964+03:30 DEBUG 1188 --- [ChiDaram App] [           main] o.h.b.model.internal.BasicValueBinder    : building BasicValue for documentNumber
2025-08-24T11:32:50.965+03:30 DEBUG 1188 --- [ChiDaram App] [           main] org.hibernate.mapping.BasicValue         : Skipping column re-registration: decreasedocument.documentnumber
2025-08-24T11:32:50.965+03:30 DEBUG 1188 --- [ChiDaram App] [           main] o.h.boot.model.internal.PropertyBinder   : Building property documentNumber
2025-08-24T11:32:50.965+03:30 DEBUG 1188 --- [ChiDaram App] [           main] o.h.boot.model.internal.AnnotatedColumn  : Binding column: AnnotatedJoinColumn(column='userid')
2025-08-24T11:32:50.966+03:30 DEBUG 1188 --- [ChiDaram App] [           main] o.h.boot.model.internal.AnnotatedColumn  : Binding column: AnnotatedColumn()
2025-08-24T11:32:50.966+03:30 DEBUG 1188 --- [ChiDaram App] [           main] o.h.boot.model.internal.PropertyBinder   : Building property user
2025-08-24T11:32:50.974+03:30 DEBUG 1188 --- [ChiDaram App] [           main] o.h.b.r.c.i.ClassLoaderServiceImpl       : HHH000194: Package not found or no package-info.java: com.example.chi_daram.entity
2025-08-24T11:32:50.976+03:30 DEBUG 1188 --- [ChiDaram App] [           main] o.h.boot.model.internal.EntityBinder     : Binding entity from annotated class: com.example.chi_daram.entity.Decreasedocumentrow
2025-08-24T11:32:50.977+03:30 DEBUG 1188 --- [ChiDaram App] [           main] o.h.boot.model.internal.EntityBinder     : Import with entity name Decreasedocumentrow
2025-08-24T11:32:50.977+03:30 DEBUG 1188 --- [ChiDaram App] [           main] o.h.boot.model.internal.EntityBinder     : Bind entity com.example.chi_daram.entity.Decreasedocumentrow on table decreasedocumentrow
2025-08-24T11:32:50.977+03:30 DEBUG 1188 --- [ChiDaram App] [           main] o.h.boot.model.internal.AnnotatedColumn  : Binding column: AnnotatedDiscriminatorColumn(column='DTYPE')
2025-08-24T11:32:50.977+03:30 DEBUG 1188 --- [ChiDaram App] [           main] o.h.boot.model.internal.AnnotatedColumn  : Binding column: AnnotatedColumn()
2025-08-24T11:32:50.979+03:30 DEBUG 1188 --- [ChiDaram App] [           main] o.h.boot.internal.ClassLoaderAccessImpl  : Not known whether passed class name [com.example.chi_daram.entity.Decreasedocumentrow] is safe
2025-08-24T11:32:50.979+03:30 DEBUG 1188 --- [ChiDaram App] [           main] o.h.boot.internal.ClassLoaderAccessImpl  : No temp ClassLoader provided; using live ClassLoader for loading potentially unsafe class : com.example.chi_daram.entity.Decreasedocumentrow
2025-08-24T11:32:50.979+03:30 DEBUG 1188 --- [ChiDaram App] [           main] o.h.boot.model.internal.PropertyBinder   : MetadataSourceProcessor property id with lazy=false
2025-08-24T11:32:50.979+03:30 DEBUG 1188 --- [ChiDaram App] [           main] o.h.b.m.internal.AbstractPropertyHolder  : Attempting to locate auto-apply AttributeConverter for property [com.example.chi_daram.entity.Decreasedocumentrow:id]
2025-08-24T11:32:50.979+03:30 DEBUG 1188 --- [ChiDaram App] [           main] o.h.b.model.internal.BasicValueBinder    : building BasicValue for id
2025-08-24T11:32:50.979+03:30 DEBUG 1188 --- [ChiDaram App] [           main] org.hibernate.mapping.BasicValue         : Skipping column re-registration: decreasedocumentrow.id
2025-08-24T11:32:50.979+03:30 DEBUG 1188 --- [ChiDaram App] [           main] o.h.boot.model.internal.PropertyBinder   : Building property id
2025-08-24T11:32:50.980+03:30 DEBUG 1188 --- [ChiDaram App] [           main] o.h.boot.model.internal.BinderHelper     : #makeIdGenerator(BasicValue([Column(id)]), id, identity, , ...)
2025-08-24T11:32:50.980+03:30 DEBUG 1188 --- [ChiDaram App] [           main] o.h.boot.model.internal.AnnotatedColumn  : Binding column: AnnotatedJoinColumn(column='decreasedocumentid')
2025-08-24T11:32:50.980+03:30 DEBUG 1188 --- [ChiDaram App] [           main] o.h.boot.model.internal.AnnotatedColumn  : Binding column: AnnotatedColumn()
2025-08-24T11:32:50.981+03:30 DEBUG 1188 --- [ChiDaram App] [           main] o.h.boot.model.internal.PropertyBinder   : Building property decreasedocument
2025-08-24T11:32:50.981+03:30 DEBUG 1188 --- [ChiDaram App] [           main] o.h.boot.model.internal.AnnotatedColumn  : Binding column: AnnotatedColumn(column='description')
2025-08-24T11:32:50.981+03:30 DEBUG 1188 --- [ChiDaram App] [           main] o.h.boot.model.internal.PropertyBinder   : MetadataSourceProcessor property description with lazy=false
2025-08-24T11:32:50.981+03:30 DEBUG 1188 --- [ChiDaram App] [           main] o.h.b.m.internal.AbstractPropertyHolder  : Attempting to locate auto-apply AttributeConverter for property [com.example.chi_daram.entity.Decreasedocumentrow:description]
2025-08-24T11:32:50.981+03:30 DEBUG 1188 --- [ChiDaram App] [           main] o.h.b.model.internal.BasicValueBinder    : building BasicValue for description
2025-08-24T11:32:50.982+03:30 DEBUG 1188 --- [ChiDaram App] [           main] org.hibernate.mapping.BasicValue         : Skipping column re-registration: decreasedocumentrow.description
2025-08-24T11:32:50.982+03:30 DEBUG 1188 --- [ChiDaram App] [           main] o.h.boot.model.internal.PropertyBinder   : Building property description
2025-08-24T11:32:50.982+03:30 DEBUG 1188 --- [ChiDaram App] [           main] o.h.boot.model.internal.AnnotatedColumn  : Binding column: AnnotatedJoinColumn(column='itemid')
2025-08-24T11:32:50.983+03:30 DEBUG 1188 --- [ChiDaram App] [           main] o.h.boot.model.internal.AnnotatedColumn  : Binding column: AnnotatedColumn()
2025-08-24T11:32:50.983+03:30 DEBUG 1188 --- [ChiDaram App] [           main] o.h.boot.model.internal.PropertyBinder   : Building property item
2025-08-24T11:32:50.984+03:30 DEBUG 1188 --- [ChiDaram App] [           main] o.h.boot.model.internal.AnnotatedColumn  : Binding column: AnnotatedColumn(column='quantity')
2025-08-24T11:32:50.984+03:30 DEBUG 1188 --- [ChiDaram App] [           main] o.h.boot.model.internal.PropertyBinder   : MetadataSourceProcessor property quantity with lazy=false
2025-08-24T11:32:50.984+03:30 DEBUG 1188 --- [ChiDaram App] [           main] o.h.b.m.internal.AbstractPropertyHolder  : Attempting to locate auto-apply AttributeConverter for property [com.example.chi_daram.entity.Decreasedocumentrow:quantity]
2025-08-24T11:32:50.984+03:30 DEBUG 1188 --- [ChiDaram App] [           main] o.h.b.model.internal.BasicValueBinder    : building BasicValue for quantity
2025-08-24T11:32:50.984+03:30 DEBUG 1188 --- [ChiDaram App] [           main] org.hibernate.mapping.BasicValue         : Skipping column re-registration: decreasedocumentrow.quantity
2025-08-24T11:32:50.984+03:30 DEBUG 1188 --- [ChiDaram App] [           main] o.h.boot.model.internal.PropertyBinder   : Building property quantity
2025-08-24T11:32:50.986+03:30 DEBUG 1188 --- [ChiDaram App] [           main] o.h.boot.model.internal.AnnotatedColumn  : Binding column: AnnotatedColumn(column='unitprice')
2025-08-24T11:32:50.986+03:30 DEBUG 1188 --- [ChiDaram App] [           main] o.h.boot.model.internal.PropertyBinder   : MetadataSourceProcessor property unitPrice with lazy=false
2025-08-24T11:32:50.986+03:30 DEBUG 1188 --- [ChiDaram App] [           main] o.h.b.m.internal.AbstractPropertyHolder  : Attempting to locate auto-apply AttributeConverter for property [com.example.chi_daram.entity.Decreasedocumentrow:unitPrice]
2025-08-24T11:32:50.986+03:30 DEBUG 1188 --- [ChiDaram App] [           main] o.h.b.model.internal.BasicValueBinder    : building BasicValue for unitPrice
2025-08-24T11:32:50.987+03:30 DEBUG 1188 --- [ChiDaram App] [           main] org.hibernate.mapping.BasicValue         : Skipping column re-registration: decreasedocumentrow.unitprice
2025-08-24T11:32:50.987+03:30 DEBUG 1188 --- [ChiDaram App] [           main] o.h.boot.model.internal.PropertyBinder   : Building property unitPrice
2025-08-24T11:32:50.995+03:30 DEBUG 1188 --- [ChiDaram App] [           main] o.h.b.r.c.i.ClassLoaderServiceImpl       : HHH000194: Package not found or no package-info.java: com.example.chi_daram.entity
2025-08-24T11:32:50.996+03:30 DEBUG 1188 --- [ChiDaram App] [           main] o.h.boot.model.internal.EntityBinder     : Binding entity from annotated class: com.example.chi_daram.entity.Decreasedocumenttype
2025-08-24T11:32:50.996+03:30 DEBUG 1188 --- [ChiDaram App] [           main] o.h.boot.model.internal.EntityBinder     : Import with entity name Decreasedocumenttype
2025-08-24T11:32:50.997+03:30 DEBUG 1188 --- [ChiDaram App] [           main] o.h.boot.model.internal.EntityBinder     : Bind entity com.example.chi_daram.entity.Decreasedocumenttype on table decreasedocumenttype
2025-08-24T11:32:50.998+03:30 DEBUG 1188 --- [ChiDaram App] [           main] o.h.boot.model.internal.AnnotatedColumn  : Binding column: AnnotatedDiscriminatorColumn(column='DTYPE')
2025-08-24T11:32:51.001+03:30 DEBUG 1188 --- [ChiDaram App] [           main] o.h.boot.model.internal.AnnotatedColumn  : Binding column: AnnotatedColumn()
2025-08-24T11:32:51.002+03:30 DEBUG 1188 --- [ChiDaram App] [           main] o.h.boot.internal.ClassLoaderAccessImpl  : Not known whether passed class name [com.example.chi_daram.entity.Decreasedocumenttype] is safe
2025-08-24T11:32:51.002+03:30 DEBUG 1188 --- [ChiDaram App] [           main] o.h.boot.internal.ClassLoaderAccessImpl  : No temp ClassLoader provided; using live ClassLoader for loading potentially unsafe class : com.example.chi_daram.entity.Decreasedocumenttype
2025-08-24T11:32:51.002+03:30 DEBUG 1188 --- [ChiDaram App] [           main] o.h.boot.model.internal.PropertyBinder   : MetadataSourceProcessor property id with lazy=false
2025-08-24T11:32:51.002+03:30 DEBUG 1188 --- [ChiDaram App] [           main] o.h.b.m.internal.AbstractPropertyHolder  : Attempting to locate auto-apply AttributeConverter for property [com.example.chi_daram.entity.Decreasedocumenttype:id]
2025-08-24T11:32:51.002+03:30 DEBUG 1188 --- [ChiDaram App] [           main] o.h.b.model.internal.BasicValueBinder    : building BasicValue for id
2025-08-24T11:32:51.002+03:30 DEBUG 1188 --- [ChiDaram App] [           main] org.hibernate.mapping.BasicValue         : Skipping column re-registration: decreasedocumenttype.id
2025-08-24T11:32:51.003+03:30 DEBUG 1188 --- [ChiDaram App] [           main] o.h.boot.model.internal.PropertyBinder   : Building property id
2025-08-24T11:32:51.004+03:30 DEBUG 1188 --- [ChiDaram App] [           main] o.h.boot.model.internal.BinderHelper     : #makeIdGenerator(BasicValue([Column(id)]), id, identity, , ...)
2025-08-24T11:32:51.006+03:30 DEBUG 1188 --- [ChiDaram App] [           main] o.h.boot.model.internal.AnnotatedColumn  : Binding column: AnnotatedColumn(column='description')
2025-08-24T11:32:51.006+03:30 DEBUG 1188 --- [ChiDaram App] [           main] o.h.boot.model.internal.PropertyBinder   : MetadataSourceProcessor property description with lazy=false
2025-08-24T11:32:51.006+03:30 DEBUG 1188 --- [ChiDaram App] [           main] o.h.b.m.internal.AbstractPropertyHolder  : Attempting to locate auto-apply AttributeConverter for property [com.example.chi_daram.entity.Decreasedocumenttype:description]
2025-08-24T11:32:51.006+03:30 DEBUG 1188 --- [ChiDaram App] [           main] o.h.b.model.internal.BasicValueBinder    : building BasicValue for description
2025-08-24T11:32:51.007+03:30 DEBUG 1188 --- [ChiDaram App] [           main] org.hibernate.mapping.BasicValue         : Skipping column re-registration: decreasedocumenttype.description
2025-08-24T11:32:51.007+03:30 DEBUG 1188 --- [ChiDaram App] [           main] o.h.boot.model.internal.PropertyBinder   : Building property description
2025-08-24T11:32:51.008+03:30 DEBUG 1188 --- [ChiDaram App] [           main] o.h.boot.model.internal.AnnotatedColumn  : Binding column: AnnotatedColumn(column='title')
2025-08-24T11:32:51.008+03:30 DEBUG 1188 --- [ChiDaram App] [           main] o.h.boot.model.internal.PropertyBinder   : MetadataSourceProcessor property title with lazy=false
2025-08-24T11:32:51.008+03:30 DEBUG 1188 --- [ChiDaram App] [           main] o.h.b.m.internal.AbstractPropertyHolder  : Attempting to locate auto-apply AttributeConverter for property [com.example.chi_daram.entity.Decreasedocumenttype:title]
2025-08-24T11:32:51.008+03:30 DEBUG 1188 --- [ChiDaram App] [           main] o.h.b.model.internal.BasicValueBinder    : building BasicValue for title
2025-08-24T11:32:51.008+03:30 DEBUG 1188 --- [ChiDaram App] [           main] org.hibernate.mapping.BasicValue         : Skipping column re-registration: decreasedocumenttype.title
2025-08-24T11:32:51.008+03:30 DEBUG 1188 --- [ChiDaram App] [           main] o.h.boot.model.internal.PropertyBinder   : Building property title
2025-08-24T11:32:51.010+03:30 DEBUG 1188 --- [ChiDaram App] [           main] o.h.b.r.c.i.ClassLoaderServiceImpl       : HHH000194: Package not found or no package-info.java: com.example.chi_daram.entity
2025-08-24T11:32:51.013+03:30 DEBUG 1188 --- [ChiDaram App] [           main] o.h.boot.model.internal.EntityBinder     : Binding entity from annotated class: com.example.chi_daram.entity.Dynamicfields
2025-08-24T11:32:51.014+03:30 DEBUG 1188 --- [ChiDaram App] [           main] o.h.boot.model.internal.EntityBinder     : Import with entity name Dynamicfields
2025-08-24T11:32:51.014+03:30 DEBUG 1188 --- [ChiDaram App] [           main] o.h.boot.model.internal.EntityBinder     : Bind entity com.example.chi_daram.entity.Dynamicfields on table dynamicfields
2025-08-24T11:32:51.019+03:30 DEBUG 1188 --- [ChiDaram App] [           main] o.h.boot.model.internal.AnnotatedColumn  : Binding column: AnnotatedDiscriminatorColumn(column='DTYPE')
2025-08-24T11:32:51.021+03:30 DEBUG 1188 --- [ChiDaram App] [           main] o.h.boot.model.internal.AnnotatedColumn  : Binding column: AnnotatedColumn()
2025-08-24T11:32:51.021+03:30 DEBUG 1188 --- [ChiDaram App] [           main] o.h.boot.internal.ClassLoaderAccessImpl  : Not known whether passed class name [com.example.chi_daram.entity.Dynamicfields] is safe
2025-08-24T11:32:51.021+03:30 DEBUG 1188 --- [ChiDaram App] [           main] o.h.boot.internal.ClassLoaderAccessImpl  : No temp ClassLoader provided; using live ClassLoader for loading potentially unsafe class : com.example.chi_daram.entity.Dynamicfields
2025-08-24T11:32:51.021+03:30 DEBUG 1188 --- [ChiDaram App] [           main] o.h.boot.model.internal.PropertyBinder   : MetadataSourceProcessor property id with lazy=false
2025-08-24T11:32:51.021+03:30 DEBUG 1188 --- [ChiDaram App] [           main] o.h.b.m.internal.AbstractPropertyHolder  : Attempting to locate auto-apply AttributeConverter for property [com.example.chi_daram.entity.Dynamicfields:id]
2025-08-24T11:32:51.021+03:30 DEBUG 1188 --- [ChiDaram App] [           main] o.h.b.model.internal.BasicValueBinder    : building BasicValue for id
2025-08-24T11:32:51.022+03:30 DEBUG 1188 --- [ChiDaram App] [           main] org.hibernate.mapping.BasicValue         : Skipping column re-registration: dynamicfields.id
2025-08-24T11:32:51.022+03:30 DEBUG 1188 --- [ChiDaram App] [           main] o.h.boot.model.internal.PropertyBinder   : Building property id
2025-08-24T11:32:51.022+03:30 DEBUG 1188 --- [ChiDaram App] [           main] o.h.boot.model.internal.BinderHelper     : #makeIdGenerator(BasicValue([Column(id)]), id, identity, , ...)
2025-08-24T11:32:51.022+03:30 DEBUG 1188 --- [ChiDaram App] [           main] o.h.boot.model.internal.AnnotatedColumn  : Binding column: AnnotatedColumn(column='descripsion')
2025-08-24T11:32:51.023+03:30 DEBUG 1188 --- [ChiDaram App] [           main] o.h.boot.model.internal.PropertyBinder   : MetadataSourceProcessor property description with lazy=false
2025-08-24T11:32:51.023+03:30 DEBUG 1188 --- [ChiDaram App] [           main] o.h.b.m.internal.AbstractPropertyHolder  : Attempting to locate auto-apply AttributeConverter for property [com.example.chi_daram.entity.Dynamicfields:description]
2025-08-24T11:32:51.023+03:30 DEBUG 1188 --- [ChiDaram App] [           main] o.h.b.model.internal.BasicValueBinder    : building BasicValue for description
2025-08-24T11:32:51.023+03:30 DEBUG 1188 --- [ChiDaram App] [           main] org.hibernate.mapping.BasicValue         : Skipping column re-registration: dynamicfields.descripsion
2025-08-24T11:32:51.024+03:30 DEBUG 1188 --- [ChiDaram App] [           main] o.h.boot.model.internal.PropertyBinder   : Building property description
2025-08-24T11:32:51.028+03:30 DEBUG 1188 --- [ChiDaram App] [           main] o.h.boot.model.internal.AnnotatedColumn  : Binding column: AnnotatedJoinColumn(column='itemid')
2025-08-24T11:32:51.029+03:30 DEBUG 1188 --- [ChiDaram App] [           main] o.h.boot.model.internal.AnnotatedColumn  : Binding column: AnnotatedColumn()
2025-08-24T11:32:51.029+03:30 DEBUG 1188 --- [ChiDaram App] [           main] o.h.boot.model.internal.PropertyBinder   : Building property item
2025-08-24T11:32:51.033+03:30 DEBUG 1188 --- [ChiDaram App] [           main] o.h.b.r.c.i.ClassLoaderServiceImpl       : HHH000194: Package not found or no package-info.java: com.example.chi_daram.entity
2025-08-24T11:32:51.034+03:30 DEBUG 1188 --- [ChiDaram App] [           main] o.h.boot.model.internal.EntityBinder     : Binding entity from annotated class: com.example.chi_daram.entity.Increasedocument
2025-08-24T11:32:51.035+03:30 DEBUG 1188 --- [ChiDaram App] [           main] o.h.boot.model.internal.EntityBinder     : Import with entity name Increasedocument
2025-08-24T11:32:51.035+03:30 DEBUG 1188 --- [ChiDaram App] [           main] o.h.boot.model.internal.EntityBinder     : Bind entity com.example.chi_daram.entity.Increasedocument on table increasedocument
2025-08-24T11:32:51.036+03:30 DEBUG 1188 --- [ChiDaram App] [           main] o.h.boot.model.internal.AnnotatedColumn  : Binding column: AnnotatedDiscriminatorColumn(column='DTYPE')
2025-08-24T11:32:51.037+03:30 DEBUG 1188 --- [ChiDaram App] [           main] o.h.boot.model.internal.AnnotatedColumn  : Binding column: AnnotatedColumn()
2025-08-24T11:32:51.038+03:30 DEBUG 1188 --- [ChiDaram App] [           main] o.h.boot.internal.ClassLoaderAccessImpl  : Not known whether passed class name [com.example.chi_daram.entity.Increasedocument] is safe
2025-08-24T11:32:51.038+03:30 DEBUG 1188 --- [ChiDaram App] [           main] o.h.boot.internal.ClassLoaderAccessImpl  : No temp ClassLoader provided; using live ClassLoader for loading potentially unsafe class : com.example.chi_daram.entity.Increasedocument
2025-08-24T11:32:51.038+03:30 DEBUG 1188 --- [ChiDaram App] [           main] o.h.boot.model.internal.PropertyBinder   : MetadataSourceProcessor property id with lazy=false
2025-08-24T11:32:51.038+03:30 DEBUG 1188 --- [ChiDaram App] [           main] o.h.b.m.internal.AbstractPropertyHolder  : Attempting to locate auto-apply AttributeConverter for property [com.example.chi_daram.entity.Increasedocument:id]
2025-08-24T11:32:51.038+03:30 DEBUG 1188 --- [ChiDaram App] [           main] o.h.b.model.internal.BasicValueBinder    : building BasicValue for id
2025-08-24T11:32:51.038+03:30 DEBUG 1188 --- [ChiDaram App] [           main] org.hibernate.mapping.BasicValue         : Skipping column re-registration: increasedocument.id
2025-08-24T11:32:51.039+03:30 DEBUG 1188 --- [ChiDaram App] [           main] o.h.boot.model.internal.PropertyBinder   : Building property id
2025-08-24T11:32:51.039+03:30 DEBUG 1188 --- [ChiDaram App] [           main] o.h.boot.model.internal.BinderHelper     : #makeIdGenerator(BasicValue([Column(id)]), id, identity, , ...)
2025-08-24T11:32:51.039+03:30 DEBUG 1188 --- [ChiDaram App] [           main] o.h.boot.model.internal.AnnotatedColumn  : Binding column: AnnotatedColumn(column='description')
2025-08-24T11:32:51.040+03:30 DEBUG 1188 --- [ChiDaram App] [           main] o.h.boot.model.internal.PropertyBinder   : MetadataSourceProcessor property description with lazy=false
2025-08-24T11:32:51.041+03:30 DEBUG 1188 --- [ChiDaram App] [           main] o.h.b.m.internal.AbstractPropertyHolder  : Attempting to locate auto-apply AttributeConverter for property [com.example.chi_daram.entity.Increasedocument:description]
2025-08-24T11:32:51.041+03:30 DEBUG 1188 --- [ChiDaram App] [           main] o.h.b.model.internal.BasicValueBinder    : building BasicValue for description
2025-08-24T11:32:51.042+03:30 DEBUG 1188 --- [ChiDaram App] [           main] org.hibernate.mapping.BasicValue         : Skipping column re-registration: increasedocument.description
2025-08-24T11:32:51.042+03:30 DEBUG 1188 --- [ChiDaram App] [           main] o.h.boot.model.internal.PropertyBinder   : Building property description
2025-08-24T11:32:51.043+03:30 DEBUG 1188 --- [ChiDaram App] [           main] o.h.boot.model.internal.AnnotatedColumn  : Binding column: AnnotatedColumn(column='documentnumber')
2025-08-24T11:32:51.044+03:30 DEBUG 1188 --- [ChiDaram App] [           main] o.h.boot.model.internal.PropertyBinder   : MetadataSourceProcessor property documentNumber with lazy=false
2025-08-24T11:32:51.044+03:30 DEBUG 1188 --- [ChiDaram App] [           main] o.h.b.m.internal.AbstractPropertyHolder  : Attempting to locate auto-apply AttributeConverter for property [com.example.chi_daram.entity.Increasedocument:documentNumber]
2025-08-24T11:32:51.044+03:30 DEBUG 1188 --- [ChiDaram App] [           main] o.h.b.model.internal.BasicValueBinder    : building BasicValue for documentNumber
2025-08-24T11:32:51.044+03:30 DEBUG 1188 --- [ChiDaram App] [           main] org.hibernate.mapping.BasicValue         : Skipping column re-registration: increasedocument.documentnumber
2025-08-24T11:32:51.045+03:30 DEBUG 1188 --- [ChiDaram App] [           main] o.h.boot.model.internal.PropertyBinder   : Building property documentNumber
2025-08-24T11:32:51.045+03:30 DEBUG 1188 --- [ChiDaram App] [           main] o.h.boot.model.internal.AnnotatedColumn  : Binding column: AnnotatedColumn(column='increasedate')
2025-08-24T11:32:51.045+03:30 DEBUG 1188 --- [ChiDaram App] [           main] o.h.boot.model.internal.PropertyBinder   : MetadataSourceProcessor property increaseDate with lazy=false
2025-08-24T11:32:51.046+03:30 DEBUG 1188 --- [ChiDaram App] [           main] o.h.b.m.internal.AbstractPropertyHolder  : Attempting to locate auto-apply AttributeConverter for property [com.example.chi_daram.entity.Increasedocument:increaseDate]
2025-08-24T11:32:51.046+03:30 DEBUG 1188 --- [ChiDaram App] [           main] o.h.b.model.internal.BasicValueBinder    : building BasicValue for increaseDate
2025-08-24T11:32:51.046+03:30 DEBUG 1188 --- [ChiDaram App] [           main] org.hibernate.mapping.BasicValue         : Skipping column re-registration: increasedocument.increasedate
2025-08-24T11:32:51.046+03:30 DEBUG 1188 --- [ChiDaram App] [           main] o.h.boot.model.internal.PropertyBinder   : Building property increaseDate
2025-08-24T11:32:51.048+03:30 DEBUG 1188 --- [ChiDaram App] [           main] o.h.boot.model.internal.AnnotatedColumn  : Binding column: AnnotatedJoinColumn(column='increasetypeid')
2025-08-24T11:32:51.048+03:30 DEBUG 1188 --- [ChiDaram App] [           main] o.h.boot.model.internal.AnnotatedColumn  : Binding column: AnnotatedColumn()
2025-08-24T11:32:51.049+03:30 DEBUG 1188 --- [ChiDaram App] [           main] o.h.boot.model.internal.PropertyBinder   : Building property increaseType
2025-08-24T11:32:51.049+03:30 DEBUG 1188 --- [ChiDaram App] [           main] o.h.boot.model.internal.AnnotatedColumn  : Binding column: AnnotatedJoinColumn(column='userid')
2025-08-24T11:32:51.050+03:30 DEBUG 1188 --- [ChiDaram App] [           main] o.h.boot.model.internal.AnnotatedColumn  : Binding column: AnnotatedColumn()
2025-08-24T11:32:51.050+03:30 DEBUG 1188 --- [ChiDaram App] [           main] o.h.boot.model.internal.PropertyBinder   : Building property user
2025-08-24T11:32:51.053+03:30 DEBUG 1188 --- [ChiDaram App] [           main] o.h.b.r.c.i.ClassLoaderServiceImpl       : HHH000194: Package not found or no package-info.java: com.example.chi_daram.entity
2025-08-24T11:32:51.054+03:30 DEBUG 1188 --- [ChiDaram App] [           main] o.h.boot.model.internal.EntityBinder     : Binding entity from annotated class: com.example.chi_daram.entity.Increasedocumentrow
2025-08-24T11:32:51.055+03:30 DEBUG 1188 --- [ChiDaram App] [           main] o.h.boot.model.internal.EntityBinder     : Import with entity name Increasedocumentrow
2025-08-24T11:32:51.055+03:30 DEBUG 1188 --- [ChiDaram App] [           main] o.h.boot.model.internal.EntityBinder     : Bind entity com.example.chi_daram.entity.Increasedocumentrow on table increasedocumentrow
2025-08-24T11:32:51.056+03:30 DEBUG 1188 --- [ChiDaram App] [           main] o.h.boot.model.internal.AnnotatedColumn  : Binding column: AnnotatedDiscriminatorColumn(column='DTYPE')
2025-08-24T11:32:51.059+03:30 DEBUG 1188 --- [ChiDaram App] [           main] o.h.boot.model.internal.AnnotatedColumn  : Binding column: AnnotatedColumn()
2025-08-24T11:32:51.059+03:30 DEBUG 1188 --- [ChiDaram App] [           main] o.h.boot.internal.ClassLoaderAccessImpl  : Not known whether passed class name [com.example.chi_daram.entity.Increasedocumentrow] is safe
2025-08-24T11:32:51.065+03:30 DEBUG 1188 --- [ChiDaram App] [           main] o.h.boot.internal.ClassLoaderAccessImpl  : No temp ClassLoader provided; using live ClassLoader for loading potentially unsafe class : com.example.chi_daram.entity.Increasedocumentrow
2025-08-24T11:32:51.067+03:30 DEBUG 1188 --- [ChiDaram App] [           main] o.h.boot.model.internal.PropertyBinder   : MetadataSourceProcessor property id with lazy=false
2025-08-24T11:32:51.068+03:30 DEBUG 1188 --- [ChiDaram App] [           main] o.h.b.m.internal.AbstractPropertyHolder  : Attempting to locate auto-apply AttributeConverter for property [com.example.chi_daram.entity.Increasedocumentrow:id]
2025-08-24T11:32:51.068+03:30 DEBUG 1188 --- [ChiDaram App] [           main] o.h.b.model.internal.BasicValueBinder    : building BasicValue for id
2025-08-24T11:32:51.068+03:30 DEBUG 1188 --- [ChiDaram App] [           main] org.hibernate.mapping.BasicValue         : Skipping column re-registration: increasedocumentrow.id
2025-08-24T11:32:51.068+03:30 DEBUG 1188 --- [ChiDaram App] [           main] o.h.boot.model.internal.PropertyBinder   : Building property id
2025-08-24T11:32:51.069+03:30 DEBUG 1188 --- [ChiDaram App] [           main] o.h.boot.model.internal.BinderHelper     : #makeIdGenerator(BasicValue([Column(id)]), id, identity, , ...)
2025-08-24T11:32:51.069+03:30 DEBUG 1188 --- [ChiDaram App] [           main] o.h.boot.model.internal.AnnotatedColumn  : Binding column: AnnotatedColumn(column='description')
2025-08-24T11:32:51.070+03:30 DEBUG 1188 --- [ChiDaram App] [           main] o.h.boot.model.internal.PropertyBinder   : MetadataSourceProcessor property description with lazy=false
2025-08-24T11:32:51.070+03:30 DEBUG 1188 --- [ChiDaram App] [           main] o.h.b.m.internal.AbstractPropertyHolder  : Attempting to locate auto-apply AttributeConverter for property [com.example.chi_daram.entity.Increasedocumentrow:description]
2025-08-24T11:32:51.070+03:30 DEBUG 1188 --- [ChiDaram App] [           main] o.h.b.model.internal.BasicValueBinder    : building BasicValue for description
2025-08-24T11:32:51.070+03:30 DEBUG 1188 --- [ChiDaram App] [           main] org.hibernate.mapping.BasicValue         : Skipping column re-registration: increasedocumentrow.description
2025-08-24T11:32:51.070+03:30 DEBUG 1188 --- [ChiDaram App] [           main] o.h.boot.model.internal.PropertyBinder   : Building property description
2025-08-24T11:32:51.071+03:30 DEBUG 1188 --- [ChiDaram App] [           main] o.h.boot.model.internal.AnnotatedColumn  : Binding column: AnnotatedJoinColumn(column='increasedocumentid')
2025-08-24T11:32:51.072+03:30 DEBUG 1188 --- [ChiDaram App] [           main] o.h.boot.model.internal.AnnotatedColumn  : Binding column: AnnotatedColumn()
2025-08-24T11:32:51.072+03:30 DEBUG 1188 --- [ChiDaram App] [           main] o.h.boot.model.internal.PropertyBinder   : Building property increasedocument
2025-08-24T11:32:51.073+03:30 DEBUG 1188 --- [ChiDaram App] [           main] o.h.boot.model.internal.AnnotatedColumn  : Binding column: AnnotatedJoinColumn(column='itemid')
2025-08-24T11:32:51.075+03:30 DEBUG 1188 --- [ChiDaram App] [           main] o.h.boot.model.internal.AnnotatedColumn  : Binding column: AnnotatedColumn()
2025-08-24T11:32:51.075+03:30 DEBUG 1188 --- [ChiDaram App] [           main] o.h.boot.model.internal.PropertyBinder   : Building property item
2025-08-24T11:32:51.076+03:30 DEBUG 1188 --- [ChiDaram App] [           main] o.h.boot.model.internal.AnnotatedColumn  : Binding column: AnnotatedColumn(column='quantity')
2025-08-24T11:32:51.076+03:30 DEBUG 1188 --- [ChiDaram App] [           main] o.h.boot.model.internal.PropertyBinder   : MetadataSourceProcessor property quantity with lazy=false
2025-08-24T11:32:51.076+03:30 DEBUG 1188 --- [ChiDaram App] [           main] o.h.b.m.internal.AbstractPropertyHolder  : Attempting to locate auto-apply AttributeConverter for property [com.example.chi_daram.entity.Increasedocumentrow:quantity]
2025-08-24T11:32:51.076+03:30 DEBUG 1188 --- [ChiDaram App] [           main] o.h.b.model.internal.BasicValueBinder    : building BasicValue for quantity
2025-08-24T11:32:51.076+03:30 DEBUG 1188 --- [ChiDaram App] [           main] org.hibernate.mapping.BasicValue         : Skipping column re-registration: increasedocumentrow.quantity
2025-08-24T11:32:51.077+03:30 DEBUG 1188 --- [ChiDaram App] [           main] o.h.boot.model.internal.PropertyBinder   : Building property quantity
2025-08-24T11:32:51.077+03:30 DEBUG 1188 --- [ChiDaram App] [           main] o.h.boot.model.internal.AnnotatedColumn  : Binding column: AnnotatedColumn(column='unitprice')
2025-08-24T11:32:51.077+03:30 DEBUG 1188 --- [ChiDaram App] [           main] o.h.boot.model.internal.PropertyBinder   : MetadataSourceProcessor property unitPrice with lazy=false
2025-08-24T11:32:51.077+03:30 DEBUG 1188 --- [ChiDaram App] [           main] o.h.b.m.internal.AbstractPropertyHolder  : Attempting to locate auto-apply AttributeConverter for property [com.example.chi_daram.entity.Increasedocumentrow:unitPrice]
2025-08-24T11:32:51.080+03:30 DEBUG 1188 --- [ChiDaram App] [           main] o.h.b.model.internal.BasicValueBinder    : building BasicValue for unitPrice
2025-08-24T11:32:51.080+03:30 DEBUG 1188 --- [ChiDaram App] [           main] org.hibernate.mapping.BasicValue         : Skipping column re-registration: increasedocumentrow.unitprice
2025-08-24T11:32:51.080+03:30 DEBUG 1188 --- [ChiDaram App] [           main] o.h.boot.model.internal.PropertyBinder   : Building property unitPrice
2025-08-24T11:32:51.085+03:30 DEBUG 1188 --- [ChiDaram App] [           main] o.h.b.r.c.i.ClassLoaderServiceImpl       : HHH000194: Package not found or no package-info.java: com.example.chi_daram.entity
2025-08-24T11:32:51.086+03:30 DEBUG 1188 --- [ChiDaram App] [           main] o.h.boot.model.internal.EntityBinder     : Binding entity from annotated class: com.example.chi_daram.entity.Increasedocumenttype
2025-08-24T11:32:51.086+03:30 DEBUG 1188 --- [ChiDaram App] [           main] o.h.boot.model.internal.EntityBinder     : Import with entity name Increasedocumenttype
2025-08-24T11:32:51.086+03:30 DEBUG 1188 --- [ChiDaram App] [           main] o.h.boot.model.internal.EntityBinder     : Bind entity com.example.chi_daram.entity.Increasedocumenttype on table increasedocumenttype
2025-08-24T11:32:51.086+03:30 DEBUG 1188 --- [ChiDaram App] [           main] o.h.boot.model.internal.AnnotatedColumn  : Binding column: AnnotatedDiscriminatorColumn(column='DTYPE')
2025-08-24T11:32:51.088+03:30 DEBUG 1188 --- [ChiDaram App] [           main] o.h.boot.model.internal.AnnotatedColumn  : Binding column: AnnotatedColumn()
2025-08-24T11:32:51.088+03:30 DEBUG 1188 --- [ChiDaram App] [           main] o.h.boot.internal.ClassLoaderAccessImpl  : Not known whether passed class name [com.example.chi_daram.entity.Increasedocumenttype] is safe
2025-08-24T11:32:51.088+03:30 DEBUG 1188 --- [ChiDaram App] [           main] o.h.boot.internal.ClassLoaderAccessImpl  : No temp ClassLoader provided; using live ClassLoader for loading potentially unsafe class : com.example.chi_daram.entity.Increasedocumenttype
2025-08-24T11:32:51.089+03:30 DEBUG 1188 --- [ChiDaram App] [           main] o.h.boot.model.internal.PropertyBinder   : MetadataSourceProcessor property id with lazy=false
2025-08-24T11:32:51.089+03:30 DEBUG 1188 --- [ChiDaram App] [           main] o.h.b.m.internal.AbstractPropertyHolder  : Attempting to locate auto-apply AttributeConverter for property [com.example.chi_daram.entity.Increasedocumenttype:id]
2025-08-24T11:32:51.089+03:30 DEBUG 1188 --- [ChiDaram App] [           main] o.h.b.model.internal.BasicValueBinder    : building BasicValue for id
2025-08-24T11:32:51.089+03:30 DEBUG 1188 --- [ChiDaram App] [           main] org.hibernate.mapping.BasicValue         : Skipping column re-registration: increasedocumenttype.id
2025-08-24T11:32:51.089+03:30 DEBUG 1188 --- [ChiDaram App] [           main] o.h.boot.model.internal.PropertyBinder   : Building property id
2025-08-24T11:32:51.090+03:30 DEBUG 1188 --- [ChiDaram App] [           main] o.h.boot.model.internal.BinderHelper     : #makeIdGenerator(BasicValue([Column(id)]), id, identity, , ...)
2025-08-24T11:32:51.090+03:30 DEBUG 1188 --- [ChiDaram App] [           main] o.h.boot.model.internal.AnnotatedColumn  : Binding column: AnnotatedColumn(column='description')
2025-08-24T11:32:51.090+03:30 DEBUG 1188 --- [ChiDaram App] [           main] o.h.boot.model.internal.PropertyBinder   : MetadataSourceProcessor property description with lazy=false
2025-08-24T11:32:51.091+03:30 DEBUG 1188 --- [ChiDaram App] [           main] o.h.b.m.internal.AbstractPropertyHolder  : Attempting to locate auto-apply AttributeConverter for property [com.example.chi_daram.entity.Increasedocumenttype:description]
2025-08-24T11:32:51.091+03:30 DEBUG 1188 --- [ChiDaram App] [           main] o.h.b.model.internal.BasicValueBinder    : building BasicValue for description
2025-08-24T11:32:51.091+03:30 DEBUG 1188 --- [ChiDaram App] [           main] org.hibernate.mapping.BasicValue         : Skipping column re-registration: increasedocumenttype.description
2025-08-24T11:32:51.091+03:30 DEBUG 1188 --- [ChiDaram App] [           main] o.h.boot.model.internal.PropertyBinder   : Building property description
2025-08-24T11:32:51.092+03:30 DEBUG 1188 --- [ChiDaram App] [           main] o.h.boot.model.internal.AnnotatedColumn  : Binding column: AnnotatedColumn(column='title')
2025-08-24T11:32:51.092+03:30 DEBUG 1188 --- [ChiDaram App] [           main] o.h.boot.model.internal.PropertyBinder   : MetadataSourceProcessor property title with lazy=false
2025-08-24T11:32:51.092+03:30 DEBUG 1188 --- [ChiDaram App] [           main] o.h.b.m.internal.AbstractPropertyHolder  : Attempting to locate auto-apply AttributeConverter for property [com.example.chi_daram.entity.Increasedocumenttype:title]
2025-08-24T11:32:51.092+03:30 DEBUG 1188 --- [ChiDaram App] [           main] o.h.b.model.internal.BasicValueBinder    : building BasicValue for title
2025-08-24T11:32:51.092+03:30 DEBUG 1188 --- [ChiDaram App] [           main] org.hibernate.mapping.BasicValue         : Skipping column re-registration: increasedocumenttype.title
2025-08-24T11:32:51.092+03:30 DEBUG 1188 --- [ChiDaram App] [           main] o.h.boot.model.internal.PropertyBinder   : Building property title
2025-08-24T11:32:51.095+03:30 DEBUG 1188 --- [ChiDaram App] [           main] o.h.b.r.c.i.ClassLoaderServiceImpl       : HHH000194: Package not found or no package-info.java: com.example.chi_daram.entity
2025-08-24T11:32:51.096+03:30 DEBUG 1188 --- [ChiDaram App] [           main] o.h.boot.model.internal.EntityBinder     : Binding entity from annotated class: com.example.chi_daram.entity.Item
2025-08-24T11:32:51.096+03:30 DEBUG 1188 --- [ChiDaram App] [           main] o.h.boot.model.internal.EntityBinder     : Import with entity name Item
2025-08-24T11:32:51.097+03:30 DEBUG 1188 --- [ChiDaram App] [           main] o.h.boot.model.internal.EntityBinder     : Bind entity com.example.chi_daram.entity.Item on table item
2025-08-24T11:32:51.097+03:30 DEBUG 1188 --- [ChiDaram App] [           main] o.h.boot.model.internal.AnnotatedColumn  : Binding column: AnnotatedDiscriminatorColumn(column='DTYPE')
2025-08-24T11:32:51.099+03:30 DEBUG 1188 --- [ChiDaram App] [           main] o.h.boot.model.internal.AnnotatedColumn  : Binding column: AnnotatedColumn()
2025-08-24T11:32:51.100+03:30 DEBUG 1188 --- [ChiDaram App] [           main] o.h.boot.internal.ClassLoaderAccessImpl  : Not known whether passed class name [com.example.chi_daram.entity.Item] is safe
2025-08-24T11:32:51.100+03:30 DEBUG 1188 --- [ChiDaram App] [           main] o.h.boot.internal.ClassLoaderAccessImpl  : No temp ClassLoader provided; using live ClassLoader for loading potentially unsafe class : com.example.chi_daram.entity.Item
2025-08-24T11:32:51.100+03:30 DEBUG 1188 --- [ChiDaram App] [           main] o.h.boot.model.internal.PropertyBinder   : MetadataSourceProcessor property id with lazy=false
2025-08-24T11:32:51.100+03:30 DEBUG 1188 --- [ChiDaram App] [           main] o.h.b.m.internal.AbstractPropertyHolder  : Attempting to locate auto-apply AttributeConverter for property [com.example.chi_daram.entity.Item:id]
2025-08-24T11:32:51.101+03:30 DEBUG 1188 --- [ChiDaram App] [           main] o.h.b.model.internal.BasicValueBinder    : building BasicValue for id
2025-08-24T11:32:51.101+03:30 DEBUG 1188 --- [ChiDaram App] [           main] org.hibernate.mapping.BasicValue         : Skipping column re-registration: item.id
2025-08-24T11:32:51.101+03:30 DEBUG 1188 --- [ChiDaram App] [           main] o.h.boot.model.internal.PropertyBinder   : Building property id
2025-08-24T11:32:51.101+03:30 DEBUG 1188 --- [ChiDaram App] [           main] o.h.boot.model.internal.BinderHelper     : #makeIdGenerator(BasicValue([Column(id)]), id, identity, , ...)
2025-08-24T11:32:51.102+03:30 DEBUG 1188 --- [ChiDaram App] [           main] o.h.boot.model.internal.AnnotatedColumn  : Binding column: AnnotatedJoinColumn(column='categorylevel2id')
2025-08-24T11:32:51.102+03:30 DEBUG 1188 --- [ChiDaram App] [           main] o.h.boot.model.internal.AnnotatedColumn  : Binding column: AnnotatedColumn()
2025-08-24T11:32:51.103+03:30 DEBUG 1188 --- [ChiDaram App] [           main] o.h.boot.model.internal.PropertyBinder   : Building property categorylevel2
2025-08-24T11:32:51.104+03:30 DEBUG 1188 --- [ChiDaram App] [           main] o.h.boot.model.internal.AnnotatedColumn  : Binding column: AnnotatedColumn(column='color')
2025-08-24T11:32:51.105+03:30 DEBUG 1188 --- [ChiDaram App] [           main] o.h.boot.model.internal.PropertyBinder   : MetadataSourceProcessor property color with lazy=false
2025-08-24T11:32:51.106+03:30 DEBUG 1188 --- [ChiDaram App] [           main] o.h.b.m.internal.AbstractPropertyHolder  : Attempting to locate auto-apply AttributeConverter for property [com.example.chi_daram.entity.Item:color]
2025-08-24T11:32:51.106+03:30 DEBUG 1188 --- [ChiDaram App] [           main] o.h.b.model.internal.BasicValueBinder    : building BasicValue for color
2025-08-24T11:32:51.106+03:30 DEBUG 1188 --- [ChiDaram App] [           main] org.hibernate.mapping.BasicValue         : Skipping column re-registration: item.color
2025-08-24T11:32:51.108+03:30 DEBUG 1188 --- [ChiDaram App] [           main] o.h.boot.model.internal.PropertyBinder   : Building property color
2025-08-24T11:32:51.112+03:30 DEBUG 1188 --- [ChiDaram App] [           main] o.h.boot.model.internal.AnnotatedColumn  : Binding column: AnnotatedColumn(column='description')
2025-08-24T11:32:51.112+03:30 DEBUG 1188 --- [ChiDaram App] [           main] o.h.boot.model.internal.PropertyBinder   : MetadataSourceProcessor property description with lazy=false
2025-08-24T11:32:51.112+03:30 DEBUG 1188 --- [ChiDaram App] [           main] o.h.b.m.internal.AbstractPropertyHolder  : Attempting to locate auto-apply AttributeConverter for property [com.example.chi_daram.entity.Item:description]
2025-08-24T11:32:51.112+03:30 DEBUG 1188 --- [ChiDaram App] [           main] o.h.b.model.internal.BasicValueBinder    : building BasicValue for description
2025-08-24T11:32:51.112+03:30 DEBUG 1188 --- [ChiDaram App] [           main] org.hibernate.mapping.BasicValue         : Skipping column re-registration: item.description
2025-08-24T11:32:51.113+03:30 DEBUG 1188 --- [ChiDaram App] [           main] o.h.boot.model.internal.PropertyBinder   : Building property description
2025-08-24T11:32:51.113+03:30 DEBUG 1188 --- [ChiDaram App] [           main] o.h.boot.model.internal.AnnotatedColumn  : Binding column: AnnotatedColumn(column='image')
2025-08-24T11:32:51.114+03:30 DEBUG 1188 --- [ChiDaram App] [           main] o.h.boot.model.internal.PropertyBinder   : MetadataSourceProcessor property image with lazy=false
2025-08-24T11:32:51.114+03:30 DEBUG 1188 --- [ChiDaram App] [           main] o.h.b.m.internal.AbstractPropertyHolder  : Attempting to locate auto-apply AttributeConverter for property [com.example.chi_daram.entity.Item:image]
2025-08-24T11:32:51.114+03:30 DEBUG 1188 --- [ChiDaram App] [           main] o.h.b.model.internal.BasicValueBinder    : building BasicValue for image
2025-08-24T11:32:51.114+03:30 DEBUG 1188 --- [ChiDaram App] [           main] org.hibernate.mapping.BasicValue         : Skipping column re-registration: item.image
2025-08-24T11:32:51.114+03:30 DEBUG 1188 --- [ChiDaram App] [           main] o.h.boot.model.internal.PropertyBinder   : Building property image
2025-08-24T11:32:51.115+03:30 DEBUG 1188 --- [ChiDaram App] [           main] o.h.boot.model.internal.AnnotatedColumn  : Binding column: AnnotatedColumn(column='name')
2025-08-24T11:32:51.115+03:30 DEBUG 1188 --- [ChiDaram App] [           main] o.h.boot.model.internal.PropertyBinder   : MetadataSourceProcessor property name with lazy=false
2025-08-24T11:32:51.115+03:30 DEBUG 1188 --- [ChiDaram App] [           main] o.h.b.m.internal.AbstractPropertyHolder  : Attempting to locate auto-apply AttributeConverter for property [com.example.chi_daram.entity.Item:name]
2025-08-24T11:32:51.115+03:30 DEBUG 1188 --- [ChiDaram App] [           main] o.h.b.model.internal.BasicValueBinder    : building BasicValue for name
2025-08-24T11:32:51.115+03:30 DEBUG 1188 --- [ChiDaram App] [           main] org.hibernate.mapping.BasicValue         : Skipping column re-registration: item.name
2025-08-24T11:32:51.116+03:30 DEBUG 1188 --- [ChiDaram App] [           main] o.h.boot.model.internal.PropertyBinder   : Building property name
2025-08-24T11:32:51.117+03:30 DEBUG 1188 --- [ChiDaram App] [           main] o.h.boot.model.internal.AnnotatedColumn  : Binding column: AnnotatedColumn(column='quantity')
2025-08-24T11:32:51.118+03:30 DEBUG 1188 --- [ChiDaram App] [           main] o.h.boot.model.internal.PropertyBinder   : MetadataSourceProcessor property quantity with lazy=false
2025-08-24T11:32:51.119+03:30 DEBUG 1188 --- [ChiDaram App] [           main] o.h.b.m.internal.AbstractPropertyHolder  : Attempting to locate auto-apply AttributeConverter for property [com.example.chi_daram.entity.Item:quantity]
2025-08-24T11:32:51.119+03:30 DEBUG 1188 --- [ChiDaram App] [           main] o.h.b.model.internal.BasicValueBinder    : building BasicValue for quantity
2025-08-24T11:32:51.119+03:30 DEBUG 1188 --- [ChiDaram App] [           main] org.hibernate.mapping.BasicValue         : Skipping column re-registration: item.quantity
2025-08-24T11:32:51.119+03:30 DEBUG 1188 --- [ChiDaram App] [           main] o.h.boot.model.internal.PropertyBinder   : Building property quantity
2025-08-24T11:32:51.120+03:30 DEBUG 1188 --- [ChiDaram App] [           main] o.h.boot.model.internal.AnnotatedColumn  : Binding column: AnnotatedColumn(column='size')
2025-08-24T11:32:51.120+03:30 DEBUG 1188 --- [ChiDaram App] [           main] o.h.boot.model.internal.PropertyBinder   : MetadataSourceProcessor property size with lazy=false
2025-08-24T11:32:51.121+03:30 DEBUG 1188 --- [ChiDaram App] [           main] o.h.b.m.internal.AbstractPropertyHolder  : Attempting to locate auto-apply AttributeConverter for property [com.example.chi_daram.entity.Item:size]
2025-08-24T11:32:51.121+03:30 DEBUG 1188 --- [ChiDaram App] [           main] o.h.b.model.internal.BasicValueBinder    : building BasicValue for size
2025-08-24T11:32:51.121+03:30 DEBUG 1188 --- [ChiDaram App] [           main] org.hibernate.mapping.BasicValue         : Skipping column re-registration: item.size
2025-08-24T11:32:51.121+03:30 DEBUG 1188 --- [ChiDaram App] [           main] o.h.boot.model.internal.PropertyBinder   : Building property size
2025-08-24T11:32:51.125+03:30 DEBUG 1188 --- [ChiDaram App] [           main] o.h.b.r.c.i.ClassLoaderServiceImpl       : HHH000194: Package not found or no package-info.java: com.example.chi_daram.entity
2025-08-24T11:32:51.126+03:30 DEBUG 1188 --- [ChiDaram App] [           main] o.h.boot.model.internal.EntityBinder     : Binding entity from annotated class: com.example.chi_daram.entity.ItemStatus
2025-08-24T11:32:51.127+03:30 DEBUG 1188 --- [ChiDaram App] [           main] o.h.boot.model.internal.EntityBinder     : Import with entity name ItemStatus
2025-08-24T11:32:51.127+03:30 DEBUG 1188 --- [ChiDaram App] [           main] o.h.boot.model.internal.EntityBinder     : Bind entity com.example.chi_daram.entity.ItemStatus on table itemstatus
2025-08-24T11:32:51.127+03:30 DEBUG 1188 --- [ChiDaram App] [           main] o.h.boot.model.internal.AnnotatedColumn  : Binding column: AnnotatedDiscriminatorColumn(column='DTYPE')
2025-08-24T11:32:51.128+03:30 DEBUG 1188 --- [ChiDaram App] [           main] o.h.boot.model.internal.AnnotatedColumn  : Binding column: AnnotatedColumn()
2025-08-24T11:32:51.129+03:30 DEBUG 1188 --- [ChiDaram App] [           main] o.h.boot.internal.ClassLoaderAccessImpl  : Not known whether passed class name [com.example.chi_daram.entity.ItemStatus] is safe
2025-08-24T11:32:51.129+03:30 DEBUG 1188 --- [ChiDaram App] [           main] o.h.boot.internal.ClassLoaderAccessImpl  : No temp ClassLoader provided; using live ClassLoader for loading potentially unsafe class : com.example.chi_daram.entity.ItemStatus
2025-08-24T11:32:51.129+03:30 DEBUG 1188 --- [ChiDaram App] [           main] o.h.boot.model.internal.PropertyBinder   : MetadataSourceProcessor property id with lazy=false
2025-08-24T11:32:51.129+03:30 DEBUG 1188 --- [ChiDaram App] [           main] o.h.b.m.internal.AbstractPropertyHolder  : Attempting to locate auto-apply AttributeConverter for property [com.example.chi_daram.entity.ItemStatus:id]
2025-08-24T11:32:51.129+03:30 DEBUG 1188 --- [ChiDaram App] [           main] o.h.b.model.internal.BasicValueBinder    : building BasicValue for id
2025-08-24T11:32:51.171+03:30 DEBUG 1188 --- [ChiDaram App] [           main] org.hibernate.mapping.BasicValue         : Skipping column re-registration: itemstatus.id
2025-08-24T11:32:51.172+03:30 DEBUG 1188 --- [ChiDaram App] [           main] o.h.boot.model.internal.PropertyBinder   : Building property id
2025-08-24T11:32:51.172+03:30 DEBUG 1188 --- [ChiDaram App] [           main] o.h.boot.model.internal.BinderHelper     : #makeIdGenerator(BasicValue([Column(id)]), id, identity, , ...)
2025-08-24T11:32:51.223+03:30 DEBUG 1188 --- [ChiDaram App] [           main] o.h.boot.model.internal.AnnotatedColumn  : Binding column: AnnotatedColumn(column='description')
2025-08-24T11:32:51.227+03:30 DEBUG 1188 --- [ChiDaram App] [           main] o.h.boot.model.internal.PropertyBinder   : MetadataSourceProcessor property description with lazy=false
2025-08-24T11:32:51.227+03:30 DEBUG 1188 --- [ChiDaram App] [           main] o.h.b.m.internal.AbstractPropertyHolder  : Attempting to locate auto-apply AttributeConverter for property [com.example.chi_daram.entity.ItemStatus:description]
2025-08-24T11:32:51.228+03:30 DEBUG 1188 --- [ChiDaram App] [           main] o.h.b.model.internal.BasicValueBinder    : building BasicValue for description
2025-08-24T11:32:51.228+03:30 DEBUG 1188 --- [ChiDaram App] [           main] org.hibernate.mapping.BasicValue         : Skipping column re-registration: itemstatus.description
2025-08-24T11:32:51.228+03:30 DEBUG 1188 --- [ChiDaram App] [           main] o.h.boot.model.internal.PropertyBinder   : Building property description
2025-08-24T11:32:51.229+03:30 DEBUG 1188 --- [ChiDaram App] [           main] o.h.boot.model.internal.AnnotatedColumn  : Binding column: AnnotatedColumn(column='status')
2025-08-24T11:32:51.229+03:30 DEBUG 1188 --- [ChiDaram App] [           main] o.h.boot.model.internal.PropertyBinder   : MetadataSourceProcessor property status with lazy=false
2025-08-24T11:32:51.229+03:30 DEBUG 1188 --- [ChiDaram App] [           main] o.h.b.m.internal.AbstractPropertyHolder  : Attempting to locate auto-apply AttributeConverter for property [com.example.chi_daram.entity.ItemStatus:status]
2025-08-24T11:32:51.230+03:30 DEBUG 1188 --- [ChiDaram App] [           main] o.h.b.model.internal.BasicValueBinder    : building BasicValue for status
2025-08-24T11:32:51.230+03:30 DEBUG 1188 --- [ChiDaram App] [           main] org.hibernate.mapping.BasicValue         : Skipping column re-registration: itemstatus.status
2025-08-24T11:32:51.231+03:30 DEBUG 1188 --- [ChiDaram App] [           main] o.h.boot.model.internal.PropertyBinder   : Building property status
2025-08-24T11:32:51.235+03:30 DEBUG 1188 --- [ChiDaram App] [           main] o.h.b.r.c.i.ClassLoaderServiceImpl       : HHH000194: Package not found or no package-info.java: com.example.chi_daram.entity
2025-08-24T11:32:51.247+03:30 DEBUG 1188 --- [ChiDaram App] [           main] o.h.boot.model.internal.EntityBinder     : Binding entity from annotated class: com.example.chi_daram.entity.User
2025-08-24T11:32:51.253+03:30 DEBUG 1188 --- [ChiDaram App] [           main] o.h.boot.model.internal.EntityBinder     : Import with entity name User
2025-08-24T11:32:51.254+03:30 DEBUG 1188 --- [ChiDaram App] [           main] o.h.boot.model.internal.EntityBinder     : Bind entity com.example.chi_daram.entity.User on table user_security
2025-08-24T11:32:51.258+03:30 DEBUG 1188 --- [ChiDaram App] [           main] o.h.boot.model.internal.AnnotatedColumn  : Binding column: AnnotatedDiscriminatorColumn(column='DTYPE')
2025-08-24T11:32:51.295+03:30 DEBUG 1188 --- [ChiDaram App] [           main] o.h.boot.model.internal.AnnotatedColumn  : Binding column: AnnotatedColumn()
2025-08-24T11:32:51.296+03:30 DEBUG 1188 --- [ChiDaram App] [           main] o.h.boot.internal.ClassLoaderAccessImpl  : Not known whether passed class name [com.example.chi_daram.entity.User] is safe
2025-08-24T11:32:51.297+03:30 DEBUG 1188 --- [ChiDaram App] [           main] o.h.boot.internal.ClassLoaderAccessImpl  : No temp ClassLoader provided; using live ClassLoader for loading potentially unsafe class : com.example.chi_daram.entity.User
2025-08-24T11:32:51.297+03:30 DEBUG 1188 --- [ChiDaram App] [           main] o.h.boot.model.internal.PropertyBinder   : MetadataSourceProcessor property id with lazy=false
2025-08-24T11:32:51.297+03:30 DEBUG 1188 --- [ChiDaram App] [           main] o.h.b.m.internal.AbstractPropertyHolder  : Attempting to locate auto-apply AttributeConverter for property [com.example.chi_daram.entity.User:id]
2025-08-24T11:32:51.297+03:30 DEBUG 1188 --- [ChiDaram App] [           main] o.h.b.model.internal.BasicValueBinder    : building BasicValue for id
2025-08-24T11:32:51.298+03:30 DEBUG 1188 --- [ChiDaram App] [           main] org.hibernate.mapping.BasicValue         : Skipping column re-registration: user_security.id
2025-08-24T11:32:51.298+03:30 DEBUG 1188 --- [ChiDaram App] [           main] o.h.boot.model.internal.PropertyBinder   : Building property id
2025-08-24T11:32:51.298+03:30 DEBUG 1188 --- [ChiDaram App] [           main] o.h.boot.model.internal.BinderHelper     : #makeIdGenerator(BasicValue([Column(id)]), id, identity, , ...)
2025-08-24T11:32:51.428+03:30 DEBUG 1188 --- [ChiDaram App] [           main] o.h.boot.model.internal.AnnotatedColumn  : Binding column: AnnotatedColumn()
2025-08-24T11:32:51.428+03:30 DEBUG 1188 --- [ChiDaram App] [           main] o.h.boot.model.internal.PropertyBinder   : MetadataSourceProcessor property accountNonExpired with lazy=false
2025-08-24T11:32:51.429+03:30 DEBUG 1188 --- [ChiDaram App] [           main] o.h.b.m.internal.AbstractPropertyHolder  : Attempting to locate auto-apply AttributeConverter for property [com.example.chi_daram.entity.User:accountNonExpired]
2025-08-24T11:32:51.431+03:30 DEBUG 1188 --- [ChiDaram App] [           main] o.h.b.model.internal.BasicValueBinder    : building BasicValue for accountNonExpired
2025-08-24T11:32:51.431+03:30 DEBUG 1188 --- [ChiDaram App] [           main] org.hibernate.mapping.BasicValue         : Skipping column re-registration: user_security.account_non_expired
2025-08-24T11:32:51.432+03:30 DEBUG 1188 --- [ChiDaram App] [           main] o.h.boot.model.internal.PropertyBinder   : Building property accountNonExpired
2025-08-24T11:32:51.433+03:30 DEBUG 1188 --- [ChiDaram App] [           main] o.h.boot.model.internal.AnnotatedColumn  : Binding column: AnnotatedColumn()
2025-08-24T11:32:51.433+03:30 DEBUG 1188 --- [ChiDaram App] [           main] o.h.boot.model.internal.PropertyBinder   : MetadataSourceProcessor property accountNonLocked with lazy=false
2025-08-24T11:32:51.433+03:30 DEBUG 1188 --- [ChiDaram App] [           main] o.h.b.m.internal.AbstractPropertyHolder  : Attempting to locate auto-apply AttributeConverter for property [com.example.chi_daram.entity.User:accountNonLocked]
2025-08-24T11:32:51.433+03:30 DEBUG 1188 --- [ChiDaram App] [           main] o.h.b.model.internal.BasicValueBinder    : building BasicValue for accountNonLocked
2025-08-24T11:32:51.434+03:30 DEBUG 1188 --- [ChiDaram App] [           main] org.hibernate.mapping.BasicValue         : Skipping column re-registration: user_security.account_non_locked
2025-08-24T11:32:51.434+03:30 DEBUG 1188 --- [ChiDaram App] [           main] o.h.boot.model.internal.PropertyBinder   : Building property accountNonLocked
2025-08-24T11:32:51.435+03:30 DEBUG 1188 --- [ChiDaram App] [           main] o.h.boot.model.internal.AnnotatedColumn  : Binding column: AnnotatedColumn()
2025-08-24T11:32:51.435+03:30 DEBUG 1188 --- [ChiDaram App] [           main] o.h.boot.model.internal.PropertyBinder   : MetadataSourceProcessor property credentialsNonExpired with lazy=false
2025-08-24T11:32:51.435+03:30 DEBUG 1188 --- [ChiDaram App] [           main] o.h.b.m.internal.AbstractPropertyHolder  : Attempting to locate auto-apply AttributeConverter for property [com.example.chi_daram.entity.User:credentialsNonExpired]
2025-08-24T11:32:51.435+03:30 DEBUG 1188 --- [ChiDaram App] [           main] o.h.b.model.internal.BasicValueBinder    : building BasicValue for credentialsNonExpired
2025-08-24T11:32:51.435+03:30 DEBUG 1188 --- [ChiDaram App] [           main] org.hibernate.mapping.BasicValue         : Skipping column re-registration: user_security.credentials_non_expired
2025-08-24T11:32:51.435+03:30 DEBUG 1188 --- [ChiDaram App] [           main] o.h.boot.model.internal.PropertyBinder   : Building property credentialsNonExpired
2025-08-24T11:32:51.436+03:30 DEBUG 1188 --- [ChiDaram App] [           main] o.h.boot.model.internal.AnnotatedColumn  : Binding column: AnnotatedColumn(column='description')
2025-08-24T11:32:51.436+03:30 DEBUG 1188 --- [ChiDaram App] [           main] o.h.boot.model.internal.PropertyBinder   : MetadataSourceProcessor property description with lazy=false
2025-08-24T11:32:51.436+03:30 DEBUG 1188 --- [ChiDaram App] [           main] o.h.b.m.internal.AbstractPropertyHolder  : Attempting to locate auto-apply AttributeConverter for property [com.example.chi_daram.entity.User:description]
2025-08-24T11:32:51.436+03:30 DEBUG 1188 --- [ChiDaram App] [           main] o.h.b.model.internal.BasicValueBinder    : building BasicValue for description
2025-08-24T11:32:51.436+03:30 DEBUG 1188 --- [ChiDaram App] [           main] org.hibernate.mapping.BasicValue         : Skipping column re-registration: user_security.description
2025-08-24T11:32:51.436+03:30 DEBUG 1188 --- [ChiDaram App] [           main] o.h.boot.model.internal.PropertyBinder   : Building property description
2025-08-24T11:32:51.437+03:30 DEBUG 1188 --- [ChiDaram App] [           main] o.h.boot.model.internal.AnnotatedColumn  : Binding column: AnnotatedColumn()
2025-08-24T11:32:51.437+03:30 DEBUG 1188 --- [ChiDaram App] [           main] o.h.boot.model.internal.PropertyBinder   : MetadataSourceProcessor property enabled with lazy=false
2025-08-24T11:32:51.437+03:30 DEBUG 1188 --- [ChiDaram App] [           main] o.h.b.m.internal.AbstractPropertyHolder  : Attempting to locate auto-apply AttributeConverter for property [com.example.chi_daram.entity.User:enabled]
2025-08-24T11:32:51.437+03:30 DEBUG 1188 --- [ChiDaram App] [           main] o.h.b.model.internal.BasicValueBinder    : building BasicValue for enabled
2025-08-24T11:32:51.438+03:30 DEBUG 1188 --- [ChiDaram App] [           main] org.hibernate.mapping.BasicValue         : Skipping column re-registration: user_security.enabled
2025-08-24T11:32:51.438+03:30 DEBUG 1188 --- [ChiDaram App] [           main] o.h.boot.model.internal.PropertyBinder   : Building property enabled
2025-08-24T11:32:51.439+03:30 DEBUG 1188 --- [ChiDaram App] [           main] o.h.boot.model.internal.AnnotatedColumn  : Binding column: AnnotatedColumn(column='otp_code')
2025-08-24T11:32:51.439+03:30 DEBUG 1188 --- [ChiDaram App] [           main] o.h.boot.model.internal.PropertyBinder   : MetadataSourceProcessor property otpCode with lazy=false
2025-08-24T11:32:51.439+03:30 DEBUG 1188 --- [ChiDaram App] [           main] o.h.b.m.internal.AbstractPropertyHolder  : Attempting to locate auto-apply AttributeConverter for property [com.example.chi_daram.entity.User:otpCode]
2025-08-24T11:32:51.441+03:30 DEBUG 1188 --- [ChiDaram App] [           main] o.h.b.model.internal.BasicValueBinder    : building BasicValue for otpCode
2025-08-24T11:32:51.442+03:30 DEBUG 1188 --- [ChiDaram App] [           main] org.hibernate.mapping.BasicValue         : Skipping column re-registration: user_security.otp_code
2025-08-24T11:32:51.442+03:30 DEBUG 1188 --- [ChiDaram App] [           main] o.h.boot.model.internal.PropertyBinder   : Building property otpCode
2025-08-24T11:32:51.443+03:30 DEBUG 1188 --- [ChiDaram App] [           main] o.h.boot.model.internal.AnnotatedColumn  : Binding column: AnnotatedColumn(column='otp_enabled_for_login')
2025-08-24T11:32:51.443+03:30 DEBUG 1188 --- [ChiDaram App] [           main] o.h.boot.model.internal.PropertyBinder   : MetadataSourceProcessor property otpEnabledForLogin with lazy=false
2025-08-24T11:32:51.443+03:30 DEBUG 1188 --- [ChiDaram App] [           main] o.h.b.m.internal.AbstractPropertyHolder  : Attempting to locate auto-apply AttributeConverter for property [com.example.chi_daram.entity.User:otpEnabledForLogin]
2025-08-24T11:32:51.443+03:30 DEBUG 1188 --- [ChiDaram App] [           main] o.h.b.model.internal.BasicValueBinder    : building BasicValue for otpEnabledForLogin
2025-08-24T11:32:51.443+03:30 DEBUG 1188 --- [ChiDaram App] [           main] org.hibernate.mapping.BasicValue         : Skipping column re-registration: user_security.otp_enabled_for_login
2025-08-24T11:32:51.443+03:30 DEBUG 1188 --- [ChiDaram App] [           main] o.h.boot.model.internal.PropertyBinder   : Building property otpEnabledForLogin
2025-08-24T11:32:51.444+03:30 DEBUG 1188 --- [ChiDaram App] [           main] o.h.boot.model.internal.AnnotatedColumn  : Binding column: AnnotatedColumn(column='otp_generated_time')
2025-08-24T11:32:51.444+03:30 DEBUG 1188 --- [ChiDaram App] [           main] o.h.boot.model.internal.PropertyBinder   : MetadataSourceProcessor property otpGeneratedTime with lazy=false
2025-08-24T11:32:51.444+03:30 DEBUG 1188 --- [ChiDaram App] [           main] o.h.b.m.internal.AbstractPropertyHolder  : Attempting to locate auto-apply AttributeConverter for property [com.example.chi_daram.entity.User:otpGeneratedTime]
2025-08-24T11:32:51.444+03:30 DEBUG 1188 --- [ChiDaram App] [           main] o.h.b.model.internal.BasicValueBinder    : building BasicValue for otpGeneratedTime
2025-08-24T11:32:51.444+03:30 DEBUG 1188 --- [ChiDaram App] [           main] org.hibernate.mapping.BasicValue         : Skipping column re-registration: user_security.otp_generated_time
2025-08-24T11:32:51.445+03:30 DEBUG 1188 --- [ChiDaram App] [           main] o.h.boot.model.internal.PropertyBinder   : Building property otpGeneratedTime
2025-08-24T11:32:51.446+03:30 DEBUG 1188 --- [ChiDaram App] [           main] o.h.boot.model.internal.AnnotatedColumn  : Binding column: AnnotatedColumn(column='password')
2025-08-24T11:32:51.446+03:30 DEBUG 1188 --- [ChiDaram App] [           main] o.h.boot.model.internal.PropertyBinder   : MetadataSourceProcessor property password with lazy=false
2025-08-24T11:32:51.446+03:30 DEBUG 1188 --- [ChiDaram App] [           main] o.h.b.m.internal.AbstractPropertyHolder  : Attempting to locate auto-apply AttributeConverter for property [com.example.chi_daram.entity.User:password]
2025-08-24T11:32:51.446+03:30 DEBUG 1188 --- [ChiDaram App] [           main] o.h.b.model.internal.BasicValueBinder    : building BasicValue for password
2025-08-24T11:32:51.446+03:30 DEBUG 1188 --- [ChiDaram App] [           main] org.hibernate.mapping.BasicValue         : Skipping column re-registration: user_security.password
2025-08-24T11:32:51.446+03:30 DEBUG 1188 --- [ChiDaram App] [           main] o.h.boot.model.internal.PropertyBinder   : Building property password
2025-08-24T11:32:51.448+03:30 DEBUG 1188 --- [ChiDaram App] [           main] o.h.boot.model.internal.AnnotatedColumn  : Binding column: AnnotatedColumn(column='phone_number')
2025-08-24T11:32:51.449+03:30 DEBUG 1188 --- [ChiDaram App] [           main] o.h.boot.model.internal.PropertyBinder   : MetadataSourceProcessor property phoneNumber with lazy=false
2025-08-24T11:32:51.450+03:30 DEBUG 1188 --- [ChiDaram App] [           main] o.h.b.m.internal.AbstractPropertyHolder  : Attempting to locate auto-apply AttributeConverter for property [com.example.chi_daram.entity.User:phoneNumber]
2025-08-24T11:32:51.451+03:30 DEBUG 1188 --- [ChiDaram App] [           main] o.h.b.model.internal.BasicValueBinder    : building BasicValue for phoneNumber
2025-08-24T11:32:51.452+03:30 DEBUG 1188 --- [ChiDaram App] [           main] org.hibernate.mapping.BasicValue         : Skipping column re-registration: user_security.phone_number
2025-08-24T11:32:51.452+03:30 DEBUG 1188 --- [ChiDaram App] [           main] o.h.boot.model.internal.PropertyBinder   : Building property phoneNumber
2025-08-24T11:32:51.453+03:30 DEBUG 1188 --- [ChiDaram App] [           main] o.h.boot.model.internal.AnnotatedColumn  : Binding column: AnnotatedColumn(column='role')
2025-08-24T11:32:51.453+03:30 DEBUG 1188 --- [ChiDaram App] [           main] o.h.boot.model.internal.AnnotatedColumn  : Binding column: AnnotatedJoinColumn()
2025-08-24T11:32:51.458+03:30 DEBUG 1188 --- [ChiDaram App] [           main] o.h.boot.model.internal.AnnotatedColumn  : Binding column: IndexColumn(column='roles_ORDER')
2025-08-24T11:32:51.459+03:30 DEBUG 1188 --- [ChiDaram App] [           main] o.h.boot.model.internal.AnnotatedColumn  : Binding column: AnnotatedColumn(column='role')
2025-08-24T11:32:51.464+03:30 DEBUG 1188 --- [ChiDaram App] [           main] o.h.boot.model.internal.AnnotatedColumn  : Binding column: AnnotatedColumn(column='roles_KEY')
2025-08-24T11:32:51.465+03:30 DEBUG 1188 --- [ChiDaram App] [           main] o.h.boot.model.internal.AnnotatedColumn  : Binding column: AnnotatedJoinColumn(column='roles_KEY')
2025-08-24T11:32:51.466+03:30 DEBUG 1188 --- [ChiDaram App] [           main] o.h.boot.model.internal.AnnotatedColumn  : Binding column: AnnotatedJoinColumn(column='user_id')
2025-08-24T11:32:51.466+03:30 DEBUG 1188 --- [ChiDaram App] [           main] o.h.boot.model.internal.AnnotatedColumn  : Binding column: AnnotatedJoinColumn()
2025-08-24T11:32:51.466+03:30 DEBUG 1188 --- [ChiDaram App] [           main] o.h.b.model.internal.CollectionBinder    : Collection role: com.example.chi_daram.entity.User.roles
2025-08-24T11:32:51.467+03:30 DEBUG 1188 --- [ChiDaram App] [           main] o.h.boot.model.internal.PropertyBinder   : Building property roles
2025-08-24T11:32:51.470+03:30 DEBUG 1188 --- [ChiDaram App] [           main] o.h.boot.model.internal.AnnotatedColumn  : Binding column: AnnotatedColumn(column='title')
2025-08-24T11:32:51.471+03:30 DEBUG 1188 --- [ChiDaram App] [           main] o.h.boot.model.internal.PropertyBinder   : MetadataSourceProcessor property title with lazy=false
2025-08-24T11:32:51.471+03:30 DEBUG 1188 --- [ChiDaram App] [           main] o.h.b.m.internal.AbstractPropertyHolder  : Attempting to locate auto-apply AttributeConverter for property [com.example.chi_daram.entity.User:title]
2025-08-24T11:32:51.471+03:30 DEBUG 1188 --- [ChiDaram App] [           main] o.h.b.model.internal.BasicValueBinder    : building BasicValue for title
2025-08-24T11:32:51.471+03:30 DEBUG 1188 --- [ChiDaram App] [           main] org.hibernate.mapping.BasicValue         : Skipping column re-registration: user_security.title
2025-08-24T11:32:51.471+03:30 DEBUG 1188 --- [ChiDaram App] [           main] o.h.boot.model.internal.PropertyBinder   : Building property title
2025-08-24T11:32:51.477+03:30 DEBUG 1188 --- [ChiDaram App] [           main] o.h.boot.model.internal.AnnotatedColumn  : Binding column: AnnotatedColumn(column='username')
2025-08-24T11:32:51.478+03:30 DEBUG 1188 --- [ChiDaram App] [           main] o.h.boot.model.internal.PropertyBinder   : MetadataSourceProcessor property username with lazy=false
2025-08-24T11:32:51.478+03:30 DEBUG 1188 --- [ChiDaram App] [           main] o.h.b.m.internal.AbstractPropertyHolder  : Attempting to locate auto-apply AttributeConverter for property [com.example.chi_daram.entity.User:username]
2025-08-24T11:32:51.478+03:30 DEBUG 1188 --- [ChiDaram App] [           main] o.h.b.model.internal.BasicValueBinder    : building BasicValue for username
2025-08-24T11:32:51.478+03:30 DEBUG 1188 --- [ChiDaram App] [           main] org.hibernate.mapping.BasicValue         : Skipping column re-registration: user_security.username
2025-08-24T11:32:51.478+03:30 DEBUG 1188 --- [ChiDaram App] [           main] o.h.boot.model.internal.PropertyBinder   : Building property username
2025-08-24T11:32:51.480+03:30 DEBUG 1188 --- [ChiDaram App] [           main] o.h.b.r.c.i.ClassLoaderServiceImpl       : HHH000194: Package not found or no package-info.java: com.example.chi_daram.entity
2025-08-24T11:32:51.485+03:30 DEBUG 1188 --- [ChiDaram App] [           main] o.h.b.model.internal.BasicValueBinder    : Starting `BasicValueBinder#fillSimpleValue` for id
2025-08-24T11:32:51.485+03:30 DEBUG 1188 --- [ChiDaram App] [           main] o.h.b.model.internal.BasicValueBinder    : Starting `BasicValueBinder#fillSimpleValue` for description
2025-08-24T11:32:51.485+03:30 DEBUG 1188 --- [ChiDaram App] [           main] o.h.b.model.internal.BasicValueBinder    : Starting `BasicValueBinder#fillSimpleValue` for name
2025-08-24T11:32:51.485+03:30 DEBUG 1188 --- [ChiDaram App] [           main] o.h.b.model.internal.BasicValueBinder    : Starting `BasicValueBinder#fillSimpleValue` for id
2025-08-24T11:32:51.501+03:30 DEBUG 1188 --- [ChiDaram App] [           main] o.h.b.model.internal.BasicValueBinder    : Starting `BasicValueBinder#fillSimpleValue` for description
2025-08-24T11:32:51.503+03:30 DEBUG 1188 --- [ChiDaram App] [           main] o.h.b.model.internal.BasicValueBinder    : Starting `BasicValueBinder#fillSimpleValue` for name
2025-08-24T11:32:51.503+03:30 DEBUG 1188 --- [ChiDaram App] [           main] o.h.b.model.internal.BasicValueBinder    : Starting `BasicValueBinder#fillSimpleValue` for id
2025-08-24T11:32:51.503+03:30 DEBUG 1188 --- [ChiDaram App] [           main] o.h.b.model.internal.BasicValueBinder    : Starting `BasicValueBinder#fillSimpleValue` for decreaseDate
2025-08-24T11:32:51.503+03:30 DEBUG 1188 --- [ChiDaram App] [           main] o.h.b.model.internal.BasicValueBinder    : Starting `BasicValueBinder#fillSimpleValue` for description
2025-08-24T11:32:51.504+03:30 DEBUG 1188 --- [ChiDaram App] [           main] o.h.b.model.internal.BasicValueBinder    : Starting `BasicValueBinder#fillSimpleValue` for documentNumber
2025-08-24T11:32:51.525+03:30 DEBUG 1188 --- [ChiDaram App] [           main] o.h.b.model.internal.BasicValueBinder    : Starting `BasicValueBinder#fillSimpleValue` for id
2025-08-24T11:32:51.525+03:30 DEBUG 1188 --- [ChiDaram App] [           main] o.h.b.model.internal.BasicValueBinder    : Starting `BasicValueBinder#fillSimpleValue` for description
2025-08-24T11:32:51.525+03:30 DEBUG 1188 --- [ChiDaram App] [           main] o.h.b.model.internal.BasicValueBinder    : Starting `BasicValueBinder#fillSimpleValue` for quantity
2025-08-24T11:32:51.525+03:30 DEBUG 1188 --- [ChiDaram App] [           main] o.h.b.model.internal.BasicValueBinder    : Starting `BasicValueBinder#fillSimpleValue` for unitPrice
2025-08-24T11:32:51.526+03:30 DEBUG 1188 --- [ChiDaram App] [           main] o.h.b.model.internal.BasicValueBinder    : Starting `BasicValueBinder#fillSimpleValue` for id
2025-08-24T11:32:51.526+03:30 DEBUG 1188 --- [ChiDaram App] [           main] o.h.b.model.internal.BasicValueBinder    : Starting `BasicValueBinder#fillSimpleValue` for description
2025-08-24T11:32:51.526+03:30 DEBUG 1188 --- [ChiDaram App] [           main] o.h.b.model.internal.BasicValueBinder    : Starting `BasicValueBinder#fillSimpleValue` for title
2025-08-24T11:32:51.526+03:30 DEBUG 1188 --- [ChiDaram App] [           main] o.h.b.model.internal.BasicValueBinder    : Starting `BasicValueBinder#fillSimpleValue` for id
2025-08-24T11:32:51.526+03:30 DEBUG 1188 --- [ChiDaram App] [           main] o.h.b.model.internal.BasicValueBinder    : Starting `BasicValueBinder#fillSimpleValue` for description
2025-08-24T11:32:51.526+03:30 DEBUG 1188 --- [ChiDaram App] [           main] o.h.b.model.internal.BasicValueBinder    : Starting `BasicValueBinder#fillSimpleValue` for id
2025-08-24T11:32:51.526+03:30 DEBUG 1188 --- [ChiDaram App] [           main] o.h.b.model.internal.BasicValueBinder    : Starting `BasicValueBinder#fillSimpleValue` for description
2025-08-24T11:32:51.527+03:30 DEBUG 1188 --- [ChiDaram App] [           main] o.h.b.model.internal.BasicValueBinder    : Starting `BasicValueBinder#fillSimpleValue` for documentNumber
2025-08-24T11:32:51.528+03:30 DEBUG 1188 --- [ChiDaram App] [           main] o.h.b.model.internal.BasicValueBinder    : Starting `BasicValueBinder#fillSimpleValue` for increaseDate
2025-08-24T11:32:51.528+03:30 DEBUG 1188 --- [ChiDaram App] [           main] o.h.b.model.internal.BasicValueBinder    : Starting `BasicValueBinder#fillSimpleValue` for id
2025-08-24T11:32:51.528+03:30 DEBUG 1188 --- [ChiDaram App] [           main] o.h.b.model.internal.BasicValueBinder    : Starting `BasicValueBinder#fillSimpleValue` for description
2025-08-24T11:32:51.528+03:30 DEBUG 1188 --- [ChiDaram App] [           main] o.h.b.model.internal.BasicValueBinder    : Starting `BasicValueBinder#fillSimpleValue` for quantity
2025-08-24T11:32:51.528+03:30 DEBUG 1188 --- [ChiDaram App] [           main] o.h.b.model.internal.BasicValueBinder    : Starting `BasicValueBinder#fillSimpleValue` for unitPrice
2025-08-24T11:32:51.529+03:30 DEBUG 1188 --- [ChiDaram App] [           main] o.h.b.model.internal.BasicValueBinder    : Starting `BasicValueBinder#fillSimpleValue` for id
2025-08-24T11:32:51.530+03:30 DEBUG 1188 --- [ChiDaram App] [           main] o.h.b.model.internal.BasicValueBinder    : Starting `BasicValueBinder#fillSimpleValue` for description
2025-08-24T11:32:51.530+03:30 DEBUG 1188 --- [ChiDaram App] [           main] o.h.b.model.internal.BasicValueBinder    : Starting `BasicValueBinder#fillSimpleValue` for title
2025-08-24T11:32:51.530+03:30 DEBUG 1188 --- [ChiDaram App] [           main] o.h.b.model.internal.BasicValueBinder    : Starting `BasicValueBinder#fillSimpleValue` for id
2025-08-24T11:32:51.531+03:30 DEBUG 1188 --- [ChiDaram App] [           main] o.h.b.model.internal.BasicValueBinder    : Starting `BasicValueBinder#fillSimpleValue` for color
2025-08-24T11:32:51.531+03:30 DEBUG 1188 --- [ChiDaram App] [           main] o.h.b.model.internal.BasicValueBinder    : Starting `BasicValueBinder#fillSimpleValue` for description
2025-08-24T11:32:51.532+03:30 DEBUG 1188 --- [ChiDaram App] [           main] o.h.b.model.internal.BasicValueBinder    : Starting `BasicValueBinder#fillSimpleValue` for image
2025-08-24T11:32:51.532+03:30 DEBUG 1188 --- [ChiDaram App] [           main] o.h.b.model.internal.BasicValueBinder    : Starting `BasicValueBinder#fillSimpleValue` for name
2025-08-24T11:32:51.533+03:30 DEBUG 1188 --- [ChiDaram App] [           main] o.h.b.model.internal.BasicValueBinder    : Starting `BasicValueBinder#fillSimpleValue` for quantity
2025-08-24T11:32:51.533+03:30 DEBUG 1188 --- [ChiDaram App] [           main] o.h.b.model.internal.BasicValueBinder    : Starting `BasicValueBinder#fillSimpleValue` for size
2025-08-24T11:32:51.533+03:30 DEBUG 1188 --- [ChiDaram App] [           main] o.h.b.model.internal.BasicValueBinder    : Starting `BasicValueBinder#fillSimpleValue` for id
2025-08-24T11:32:51.533+03:30 DEBUG 1188 --- [ChiDaram App] [           main] o.h.b.model.internal.BasicValueBinder    : Starting `BasicValueBinder#fillSimpleValue` for description
2025-08-24T11:32:51.533+03:30 DEBUG 1188 --- [ChiDaram App] [           main] o.h.b.model.internal.BasicValueBinder    : Starting `BasicValueBinder#fillSimpleValue` for status
2025-08-24T11:32:51.533+03:30 DEBUG 1188 --- [ChiDaram App] [           main] o.h.b.model.internal.BasicValueBinder    : Starting `BasicValueBinder#fillSimpleValue` for id
2025-08-24T11:32:51.534+03:30 DEBUG 1188 --- [ChiDaram App] [           main] o.h.b.model.internal.BasicValueBinder    : Starting `BasicValueBinder#fillSimpleValue` for accountNonExpired
2025-08-24T11:32:51.534+03:30 DEBUG 1188 --- [ChiDaram App] [           main] o.h.b.model.internal.BasicValueBinder    : Starting `BasicValueBinder#fillSimpleValue` for accountNonLocked
2025-08-24T11:32:51.534+03:30 DEBUG 1188 --- [ChiDaram App] [           main] o.h.b.model.internal.BasicValueBinder    : Starting `BasicValueBinder#fillSimpleValue` for credentialsNonExpired
2025-08-24T11:32:51.534+03:30 DEBUG 1188 --- [ChiDaram App] [           main] o.h.b.model.internal.BasicValueBinder    : Starting `BasicValueBinder#fillSimpleValue` for description
2025-08-24T11:32:51.534+03:30 DEBUG 1188 --- [ChiDaram App] [           main] o.h.b.model.internal.BasicValueBinder    : Starting `BasicValueBinder#fillSimpleValue` for enabled
2025-08-24T11:32:51.534+03:30 DEBUG 1188 --- [ChiDaram App] [           main] o.h.b.model.internal.BasicValueBinder    : Starting `BasicValueBinder#fillSimpleValue` for otpCode
2025-08-24T11:32:51.534+03:30 DEBUG 1188 --- [ChiDaram App] [           main] o.h.b.model.internal.BasicValueBinder    : Starting `BasicValueBinder#fillSimpleValue` for otpEnabledForLogin
2025-08-24T11:32:51.534+03:30 DEBUG 1188 --- [ChiDaram App] [           main] o.h.b.model.internal.BasicValueBinder    : Starting `BasicValueBinder#fillSimpleValue` for otpGeneratedTime
2025-08-24T11:32:51.534+03:30 DEBUG 1188 --- [ChiDaram App] [           main] o.h.b.model.internal.BasicValueBinder    : Starting `BasicValueBinder#fillSimpleValue` for password
2025-08-24T11:32:51.534+03:30 DEBUG 1188 --- [ChiDaram App] [           main] o.h.b.model.internal.BasicValueBinder    : Starting `BasicValueBinder#fillSimpleValue` for phoneNumber
2025-08-24T11:32:51.534+03:30 DEBUG 1188 --- [ChiDaram App] [           main] o.h.b.model.internal.BasicValueBinder    : Starting `BasicValueBinder#fillSimpleValue` for title
2025-08-24T11:32:51.534+03:30 DEBUG 1188 --- [ChiDaram App] [           main] o.h.b.model.internal.BasicValueBinder    : Starting `BasicValueBinder#fillSimpleValue` for username
2025-08-24T11:32:51.544+03:30 DEBUG 1188 --- [ChiDaram App] [           main] org.hibernate.mapping.PrimaryKey         : Forcing column [id] to be non-null as it is part of the primary key for table [categorylevel1]
2025-08-24T11:32:51.544+03:30 DEBUG 1188 --- [ChiDaram App] [           main] org.hibernate.mapping.PrimaryKey         : Forcing column [id] to be non-null as it is part of the primary key for table [categorylevel2]
2025-08-24T11:32:51.545+03:30 DEBUG 1188 --- [ChiDaram App] [           main] org.hibernate.mapping.PrimaryKey         : Forcing column [id] to be non-null as it is part of the primary key for table [decreasedocument]
2025-08-24T11:32:51.545+03:30 DEBUG 1188 --- [ChiDaram App] [           main] org.hibernate.mapping.PrimaryKey         : Forcing column [id] to be non-null as it is part of the primary key for table [decreasedocumentrow]
2025-08-24T11:32:51.545+03:30 DEBUG 1188 --- [ChiDaram App] [           main] org.hibernate.mapping.PrimaryKey         : Forcing column [id] to be non-null as it is part of the primary key for table [decreasedocumenttype]
2025-08-24T11:32:51.545+03:30 DEBUG 1188 --- [ChiDaram App] [           main] org.hibernate.mapping.PrimaryKey         : Forcing column [id] to be non-null as it is part of the primary key for table [dynamicfields]
2025-08-24T11:32:51.546+03:30 DEBUG 1188 --- [ChiDaram App] [           main] org.hibernate.mapping.PrimaryKey         : Forcing column [id] to be non-null as it is part of the primary key for table [increasedocument]
2025-08-24T11:32:51.546+03:30 DEBUG 1188 --- [ChiDaram App] [           main] org.hibernate.mapping.PrimaryKey         : Forcing column [id] to be non-null as it is part of the primary key for table [increasedocumentrow]
2025-08-24T11:32:51.546+03:30 DEBUG 1188 --- [ChiDaram App] [           main] org.hibernate.mapping.PrimaryKey         : Forcing column [id] to be non-null as it is part of the primary key for table [increasedocumenttype]
2025-08-24T11:32:51.546+03:30 DEBUG 1188 --- [ChiDaram App] [           main] org.hibernate.mapping.PrimaryKey         : Forcing column [id] to be non-null as it is part of the primary key for table [item]
2025-08-24T11:32:51.546+03:30 DEBUG 1188 --- [ChiDaram App] [           main] org.hibernate.mapping.PrimaryKey         : Forcing column [id] to be non-null as it is part of the primary key for table [itemstatus]
2025-08-24T11:32:51.546+03:30 DEBUG 1188 --- [ChiDaram App] [           main] org.hibernate.mapping.PrimaryKey         : Forcing column [id] to be non-null as it is part of the primary key for table [user_security]
2025-08-24T11:32:51.546+03:30 DEBUG 1188 --- [ChiDaram App] [           main] o.h.b.m.internal.CollectionSecondPass    : Second pass for collection: com.example.chi_daram.entity.User.roles
2025-08-24T11:32:51.546+03:30 DEBUG 1188 --- [ChiDaram App] [           main] o.h.b.model.internal.CollectionBinder    : Binding a collection of element: com.example.chi_daram.entity.User.roles
2025-08-24T11:32:51.549+03:30 DEBUG 1188 --- [ChiDaram App] [           main] o.h.b.r.c.i.ClassLoaderServiceImpl       : HHH000194: Package not found or no package-info.java: com.example.chi_daram.entity
2025-08-24T11:32:51.550+03:30 DEBUG 1188 --- [ChiDaram App] [           main] o.h.b.m.i.CollectionPropertyHolder       : Attempting to locate auto-apply AttributeConverter for collection element [com.example.chi_daram.entity.User.roles]
2025-08-24T11:32:51.551+03:30 DEBUG 1188 --- [ChiDaram App] [           main] o.h.b.model.internal.BasicValueBinder    : building BasicValue for null
2025-08-24T11:32:51.551+03:30 DEBUG 1188 --- [ChiDaram App] [           main] org.hibernate.mapping.BasicValue         : Skipping column re-registration: user_roles.role
2025-08-24T11:32:51.551+03:30 DEBUG 1188 --- [ChiDaram App] [           main] o.h.b.model.internal.BasicValueBinder    : Starting `BasicValueBinder#fillSimpleValue` for null
2025-08-24T11:32:51.551+03:30 DEBUG 1188 --- [ChiDaram App] [           main] org.hibernate.mapping.PrimaryKey         : Forcing column [user_id] to be non-null as it is part of the primary key for table [user_roles]
2025-08-24T11:32:51.552+03:30 DEBUG 1188 --- [ChiDaram App] [           main] o.h.b.m.internal.CollectionSecondPass    : Mapped collection key: user_id, element: role
2025-08-24T11:32:51.815+03:30 DEBUG 1188 --- [ChiDaram App] [           main] o.hibernate.internal.SessionFactoryImpl  : Building session factory
2025-08-24T11:32:51.820+03:30 DEBUG 1188 --- [ChiDaram App] [           main] .h.s.i.SessionFactoryServiceRegistryImpl : EventListenerRegistry access via ServiceRegistry is deprecated.  Use `sessionFactory.getEventEngine().getListenerRegistry()` instead
2025-08-24T11:32:51.821+03:30 DEBUG 1188 --- [ChiDaram App] [           main] o.hibernate.internal.SessionFactoryImpl  : Instantiating SessionFactory with settings: {java.specification.version=23, sun.cpu.isalist=amd64, hibernate.resource.beans.container=org.springframework.orm.hibernate5.SpringBeanContainer@a53f879, hibernate.connection.handling_mode=DELAYED_ACQUISITION_AND_HOLD, sun.jnu.encoding=Cp1252, hibernate.dialect=org.hibernate.dialect.PostgreSQLDialect, hibernate.implicit_naming_strategy=org.springframework.boot.orm.jpa.hibernate.SpringImplicitNamingStrategy, java.class.path=D:\ChiDaram App\chi_daram\target\test-classes;D:\ChiDaram App\chi_daram\target\classes;C:\Users\Parnian\.m2\repository\org\springframework\boot\spring-boot-starter-actuator\3.3.1\spring-boot-starter-actuator-3.3.1.jar;C:\Users\Parnian\.m2\repository\org\springframework\boot\spring-boot-starter\3.3.1\spring-boot-starter-3.3.1.jar;C:\Users\Parnian\.m2\repository\org\springframework\boot\spring-boot-starter-logging\3.3.1\spring-boot-starter-logging-3.3.1.jar;C:\Users\Parnian\.m2\repository\ch\qos\logback\logback-classic\1.5.6\logback-classic-1.5.6.jar;C:\Users\Parnian\.m2\repository\ch\qos\logback\logback-core\1.5.6\logback-core-1.5.6.jar;C:\Users\Parnian\.m2\repository\org\apache\logging\log4j\log4j-to-slf4j\2.23.1\log4j-to-slf4j-2.23.1.jar;C:\Users\Parnian\.m2\repository\org\apache\logging\log4j\log4j-api\2.23.1\log4j-api-2.23.1.jar;C:\Users\Parnian\.m2\repository\org\slf4j\jul-to-slf4j\2.0.13\jul-to-slf4j-2.0.13.jar;C:\Users\Parnian\.m2\repository\jakarta\annotation\jakarta.annotation-api\2.1.1\jakarta.annotation-api-2.1.1.jar;C:\Users\Parnian\.m2\repository\org\yaml\snakeyaml\2.2\snakeyaml-2.2.jar;C:\Users\Parnian\.m2\repository\org\springframework\boot\spring-boot-actuator-autoconfigure\3.3.1\spring-boot-actuator-autoconfigure-3.3.1.jar;C:\Users\Parnian\.m2\repository\org\springframework\boot\spring-boot-actuator\3.3.1\spring-boot-actuator-3.3.1.jar;C:\Users\Parnian\.m2\repository\com\fasterxml\jackson\datatype\jackson-datatype-jsr310\2.17.1\jackson-datatype-jsr310-2.17.1.jar;C:\Users\Parnian\.m2\repository\io\micrometer\micrometer-observation\1.13.1\micrometer-observation-1.13.1.jar;C:\Users\Parnian\.m2\repository\io\micrometer\micrometer-commons\1.13.1\micrometer-commons-1.13.1.jar;C:\Users\Parnian\.m2\repository\io\micrometer\micrometer-jakarta9\1.13.1\micrometer-jakarta9-1.13.1.jar;C:\Users\Parnian\.m2\repository\io\micrometer\micrometer-core\1.13.1\micrometer-core-1.13.1.jar;C:\Users\Parnian\.m2\repository\org\hdrhistogram\HdrHistogram\2.2.2\HdrHistogram-2.2.2.jar;C:\Users\Parnian\.m2\repository\org\latencyutils\LatencyUtils\2.0.3\LatencyUtils-2.0.3.jar;C:\Users\Parnian\.m2\repository\org\springframework\boot\spring-boot-starter-data-jpa\3.3.1\spring-boot-starter-data-jpa-3.3.1.jar;C:\Users\Parnian\.m2\repository\org\springframework\boot\spring-boot-starter-aop\3.3.1\spring-boot-starter-aop-3.3.1.jar;C:\Users\Parnian\.m2\repository\org\aspectj\aspectjweaver\1.9.22\aspectjweaver-1.9.22.jar;C:\Users\Parnian\.m2\repository\org\springframework\boot\spring-boot-starter-jdbc\3.3.1\spring-boot-starter-jdbc-3.3.1.jar;C:\Users\Parnian\.m2\repository\com\zaxxer\HikariCP\5.1.0\HikariCP-5.1.0.jar;C:\Users\Parnian\.m2\repository\org\springframework\spring-jdbc\6.1.10\spring-jdbc-6.1.10.jar;C:\Users\Parnian\.m2\repository\org\hibernate\orm\hibernate-core\6.5.2.Final\hibernate-core-6.5.2.Final.jar;C:\Users\Parnian\.m2\repository\jakarta\persistence\jakarta.persistence-api\3.1.0\jakarta.persistence-api-3.1.0.jar;C:\Users\Parnian\.m2\repository\jakarta\transaction\jakarta.transaction-api\2.0.1\jakarta.transaction-api-2.0.1.jar;C:\Users\Parnian\.m2\repository\org\jboss\logging\jboss-logging\3.5.3.Final\jboss-logging-3.5.3.Final.jar;C:\Users\Parnian\.m2\repository\org\hibernate\common\hibernate-commons-annotations\6.0.6.Final\hibernate-commons-annotations-6.0.6.Final.jar;C:\Users\Parnian\.m2\repository\io\smallrye\jandex\3.1.2\jandex-3.1.2.jar;C:\Users\Parnian\.m2\repository\com\fasterxml\classmate\1.7.0\classmate-1.7.0.jar;C:\Users\Parnian\.m2\repository\net\bytebuddy\byte-buddy\1.14.17\byte-buddy-1.14.17.jar;C:\Users\Parnian\.m2\repository\org\glassfish\jaxb\jaxb-runtime\4.0.5\jaxb-runtime-4.0.5.jar;C:\Users\Parnian\.m2\repository\org\glassfish\jaxb\jaxb-core\4.0.5\jaxb-core-4.0.5.jar;C:\Users\Parnian\.m2\repository\org\eclipse\angus\angus-activation\2.0.2\angus-activation-2.0.2.jar;C:\Users\Parnian\.m2\repository\org\glassfish\jaxb\txw2\4.0.5\txw2-4.0.5.jar;C:\Users\Parnian\.m2\repository\com\sun\istack\istack-commons-runtime\4.1.2\istack-commons-runtime-4.1.2.jar;C:\Users\Parnian\.m2\repository\jakarta\inject\jakarta.inject-api\2.0.1\jakarta.inject-api-2.0.1.jar;C:\Users\Parnian\.m2\repository\org\antlr\antlr4-runtime\4.13.0\antlr4-runtime-4.13.0.jar;C:\Users\Parnian\.m2\repository\org\springframework\data\spring-data-jpa\3.3.1\spring-data-jpa-3.3.1.jar;C:\Users\Parnian\.m2\repository\org\springframework\data\spring-data-commons\3.3.1\spring-data-commons-3.3.1.jar;C:\Users\Parnian\.m2\repository\org\springframework\spring-orm\6.1.10\spring-orm-6.1.10.jar;C:\Users\Parnian\.m2\repository\org\springframework\spring-context\6.1.10\spring-context-6.1.10.jar;C:\Users\Parnian\.m2\repository\org\springframework\spring-tx\6.1.10\spring-tx-6.1.10.jar;C:\Users\Parnian\.m2\repository\org\springframework\spring-beans\6.1.10\spring-beans-6.1.10.jar;C:\Users\Parnian\.m2\repository\org\springframework\spring-aspects\6.1.10\spring-aspects-6.1.10.jar;C:\Users\Parnian\.m2\repository\org\springframework\boot\spring-boot-starter-security\3.3.1\spring-boot-starter-security-3.3.1.jar;C:\Users\Parnian\.m2\repository\org\springframework\spring-aop\6.1.10\spring-aop-6.1.10.jar;C:\Users\Parnian\.m2\repository\org\springframework\security\spring-security-config\6.3.1\spring-security-config-6.3.1.jar;C:\Users\Parnian\.m2\repository\org\springframework\security\spring-security-web\6.3.1\spring-security-web-6.3.1.jar;C:\Users\Parnian\.m2\repository\org\springframework\spring-expression\6.1.10\spring-expression-6.1.10.jar;C:\Users\Parnian\.m2\repository\org\springframework\boot\spring-boot-starter-thymeleaf\3.3.1\spring-boot-starter-thymeleaf-3.3.1.jar;C:\Users\Parnian\.m2\repository\org\thymeleaf\thymeleaf-spring6\3.1.2.RELEASE\thymeleaf-spring6-3.1.2.RELEASE.jar;C:\Users\Parnian\.m2\repository\org\thymeleaf\thymeleaf\3.1.2.RELEASE\thymeleaf-3.1.2.RELEASE.jar;C:\Users\Parnian\.m2\repository\org\attoparser\attoparser\2.0.7.RELEASE\attoparser-2.0.7.RELEASE.jar;C:\Users\Parnian\.m2\repository\org\unbescape\unbescape\1.1.6.RELEASE\unbescape-1.1.6.RELEASE.jar;C:\Users\Parnian\.m2\repository\org\springframework\boot\spring-boot-starter-validation\3.3.1\spring-boot-starter-validation-3.3.1.jar;C:\Users\Parnian\.m2\repository\org\apache\tomcat\embed\tomcat-embed-el\10.1.25\tomcat-embed-el-10.1.25.jar;C:\Users\Parnian\.m2\repository\org\hibernate\validator\hibernate-validator\8.0.1.Final\hibernate-validator-8.0.1.Final.jar;C:\Users\Parnian\.m2\repository\jakarta\validation\jakarta.validation-api\3.0.2\jakarta.validation-api-3.0.2.jar;C:\Users\Parnian\.m2\repository\org\springframework\boot\spring-boot-starter-web\3.3.1\spring-boot-starter-web-3.3.1.jar;C:\Users\Parnian\.m2\repository\org\springframework\boot\spring-boot-starter-json\3.3.1\spring-boot-starter-json-3.3.1.jar;C:\Users\Parnian\.m2\repository\com\fasterxml\jackson\datatype\jackson-datatype-jdk8\2.17.1\jackson-datatype-jdk8-2.17.1.jar;C:\Users\Parnian\.m2\repository\com\fasterxml\jackson\module\jackson-module-parameter-names\2.17.1\jackson-module-parameter-names-2.17.1.jar;C:\Users\Parnian\.m2\repository\org\springframework\boot\spring-boot-starter-tomcat\3.3.1\spring-boot-starter-tomcat-3.3.1.jar;C:\Users\Parnian\.m2\repository\org\apache\tomcat\embed\tomcat-embed-core\10.1.25\tomcat-embed-core-10.1.25.jar;C:\Users\Parnian\.m2\repository\org\apache\tomcat\embed\tomcat-embed-websocket\10.1.25\tomcat-embed-websocket-10.1.25.jar;C:\Users\Parnian\.m2\repository\org\springframework\spring-web\6.1.10\spring-web-6.1.10.jar;C:\Users\Parnian\.m2\repository\org\springframework\spring-webmvc\6.1.10\spring-webmvc-6.1.10.jar;C:\Users\Parnian\.m2\repository\org\thymeleaf\extras\thymeleaf-extras-springsecurity6\3.1.2.RELEASE\thymeleaf-extras-springsecurity6-3.1.2.RELEASE.jar;C:\Users\Parnian\.m2\repository\org\slf4j\slf4j-api\2.0.13\slf4j-api-2.0.13.jar;C:\Users\Parnian\.m2\repository\org\springdoc\springdoc-openapi-starter-webmvc-ui\2.5.0\springdoc-openapi-starter-webmvc-ui-2.5.0.jar;C:\Users\Parnian\.m2\repository\org\springdoc\springdoc-openapi-starter-webmvc-api\2.5.0\springdoc-openapi-starter-webmvc-api-2.5.0.jar;C:\Users\Parnian\.m2\repository\org\springdoc\springdoc-openapi-starter-common\2.5.0\springdoc-openapi-starter-common-2.5.0.jar;C:\Users\Parnian\.m2\repository\io\swagger\core\v3\swagger-core-jakarta\2.2.21\swagger-core-jakarta-2.2.21.jar;C:\Users\Parnian\.m2\repository\org\apache\commons\commons-lang3\3.14.0\commons-lang3-3.14.0.jar;C:\Users\Parnian\.m2\repository\io\swagger\core\v3\swagger-annotations-jakarta\2.2.21\swagger-annotations-jakarta-2.2.21.jar;C:\Users\Parnian\.m2\repository\io\swagger\core\v3\swagger-models-jakarta\2.2.21\swagger-models-jakarta-2.2.21.jar;C:\Users\Parnian\.m2\repository\com\fasterxml\jackson\dataformat\jackson-dataformat-yaml\2.17.1\jackson-dataformat-yaml-2.17.1.jar;C:\Users\Parnian\.m2\repository\org\webjars\swagger-ui\5.13.0\swagger-ui-5.13.0.jar;C:\Users\Parnian\.m2\repository\io\jsonwebtoken\jjwt-api\0.12.5\jjwt-api-0.12.5.jar;C:\Users\Parnian\.m2\repository\io\jsonwebtoken\jjwt-impl\0.12.5\jjwt-impl-0.12.5.jar;C:\Users\Parnian\.m2\repository\io\jsonwebtoken\jjwt-jackson\0.12.5\jjwt-jackson-0.12.5.jar;C:\Users\Parnian\.m2\repository\com\fasterxml\jackson\core\jackson-databind\2.17.1\jackson-databind-2.17.1.jar;C:\Users\Parnian\.m2\repository\com\fasterxml\jackson\core\jackson-annotations\2.17.1\jackson-annotations-2.17.1.jar;C:\Users\Parnian\.m2\repository\com\fasterxml\jackson\core\jackson-core\2.17.1\jackson-core-2.17.1.jar;C:\Users\Parnian\.m2\repository\org\springframework\boot\spring-boot-devtools\3.3.1\spring-boot-devtools-3.3.1.jar;C:\Users\Parnian\.m2\repository\org\springframework\boot\spring-boot\3.3.1\spring-boot-3.3.1.jar;C:\Users\Parnian\.m2\repository\org\springframework\boot\spring-boot-autoconfigure\3.3.1\spring-boot-autoconfigure-3.3.1.jar;C:\Users\Parnian\.m2\repository\org\postgresql\postgresql\42.7.3\postgresql-42.7.3.jar;C:\Users\Parnian\.m2\repository\org\checkerframework\checker-qual\3.42.0\checker-qual-3.42.0.jar;C:\Users\Parnian\.m2\repository\org\projectlombok\lombok\1.18.32\lombok-1.18.32.jar;C:\Users\Parnian\.m2\repository\org\springframework\boot\spring-boot-starter-test\3.3.1\spring-boot-starter-test-3.3.1.jar;C:\Users\Parnian\.m2\repository\org\springframework\boot\spring-boot-test\3.3.1\spring-boot-test-3.3.1.jar;C:\Users\Parnian\.m2\repository\org\springframework\boot\spring-boot-test-autoconfigure\3.3.1\spring-boot-test-autoconfigure-3.3.1.jar;C:\Users\Parnian\.m2\repository\com\jayway\jsonpath\json-path\2.9.0\json-path-2.9.0.jar;C:\Users\Parnian\.m2\repository\jakarta\xml\bind\jakarta.xml.bind-api\4.0.2\jakarta.xml.bind-api-4.0.2.jar;C:\Users\Parnian\.m2\repository\jakarta\activation\jakarta.activation-api\2.1.3\jakarta.activation-api-2.1.3.jar;C:\Users\Parnian\.m2\repository\net\minidev\json-smart\2.5.1\json-smart-2.5.1.jar;C:\Users\Parnian\.m2\repository\net\minidev\accessors-smart\2.5.1\accessors-smart-2.5.1.jar;C:\Users\Parnian\.m2\repository\org\ow2\asm\asm\9.6\asm-9.6.jar;C:\Users\Parnian\.m2\repository\org\assertj\assertj-core\3.25.3\assertj-core-3.25.3.jar;C:\Users\Parnian\.m2\repository\org\awaitility\awaitility\4.2.1\awaitility-4.2.1.jar;C:\Users\Parnian\.m2\repository\org\hamcrest\hamcrest\2.2\hamcrest-2.2.jar;C:\Users\Parnian\.m2\repository\org\junit\jupiter\junit-jupiter\5.10.2\junit-jupiter-5.10.2.jar;C:\Users\Parnian\.m2\repository\org\junit\jupiter\junit-jupiter-api\5.10.2\junit-jupiter-api-5.10.2.jar;C:\Users\Parnian\.m2\repository\org\opentest4j\opentest4j\1.3.0\opentest4j-1.3.0.jar;C:\Users\Parnian\.m2\repository\org\junit\platform\junit-platform-commons\1.10.2\junit-platform-commons-1.10.2.jar;C:\Users\Parnian\.m2\repository\org\apiguardian\apiguardian-api\1.1.2\apiguardian-api-1.1.2.jar;C:\Users\Parnian\.m2\repository\org\junit\jupiter\junit-jupiter-params\5.10.2\junit-jupiter-params-5.10.2.jar;C:\Users\Parnian\.m2\repository\org\junit\jupiter\junit-jupiter-engine\5.10.2\junit-jupiter-engine-5.10.2.jar;C:\Users\Parnian\.m2\repository\org\junit\platform\junit-platform-engine\1.10.2\junit-platform-engine-1.10.2.jar;C:\Users\Parnian\.m2\repository\org\mockito\mockito-core\5.11.0\mockito-core-5.11.0.jar;C:\Users\Parnian\.m2\repository\net\bytebuddy\byte-buddy-agent\1.14.17\byte-buddy-agent-1.14.17.jar;C:\Users\Parnian\.m2\repository\org\objenesis\objenesis\3.3\objenesis-3.3.jar;C:\Users\Parnian\.m2\repository\org\mockito\mockito-junit-jupiter\5.11.0\mockito-junit-jupiter-5.11.0.jar;C:\Users\Parnian\.m2\repository\org\skyscreamer\jsonassert\1.5.1\jsonassert-1.5.1.jar;C:\Users\Parnian\.m2\repository\com\vaadin\external\google\android-json\0.0.20131108.vaadin1\android-json-0.0.20131108.vaadin1.jar;C:\Users\Parnian\.m2\repository\org\springframework\spring-core\6.1.10\spring-core-6.1.10.jar;C:\Users\Parnian\.m2\repository\org\springframework\spring-jcl\6.1.10\spring-jcl-6.1.10.jar;C:\Users\Parnian\.m2\repository\org\springframework\spring-test\6.1.10\spring-test-6.1.10.jar;C:\Users\Parnian\.m2\repository\org\xmlunit\xmlunit-core\2.9.1\xmlunit-core-2.9.1.jar;C:\Users\Parnian\.m2\repository\org\springframework\security\spring-security-test\6.3.1\spring-security-test-6.3.1.jar;C:\Users\Parnian\.m2\repository\org\springframework\security\spring-security-core\6.3.1\spring-security-core-6.3.1.jar;C:\Users\Parnian\.m2\repository\org\springframework\security\spring-security-crypto\6.3.1\spring-security-crypto-6.3.1.jar;C:\Users\Parnian\.m2\repository\org\jetbrains\annotations\26.0.2\annotations-26.0.2.jar;, java.vm.vendor=Oracle Corporation, sun.arch.data.model=64, user.variant=, java.vendor.url=https://java.oracle.com/, user.timezone=Asia/Tehran, jakarta.persistence.sharedCache.mode=UNSPECIFIED, org.jboss.logging.provider=slf4j, os.name=Windows 11, java.vm.specification.version=23, jakarta.persistence.nonJtaDataSource=HikariDataSource (HikariPool-2), sun.java.launcher=SUN_STANDARD, user.country=US, sun.boot.library.path=C:\Program Files\Java\jdk-23\bin, sun.java.command=C:\Users\Parnian\AppData\Local\Temp\surefire12930389894133816043\surefirebooter-20250824113208435_3.jar C:\Users\Parnian\AppData\Local\Temp\surefire12930389894133816043 2025-08-24T11-32-07_988-jvmRun1 surefire-20250824113208435_1tmp surefire_0-20250824113208435_2tmp, javax.persistence.nonJtaDataSource=HikariDataSource (HikariPool-2), hibernate.transaction.jta.platform=org.hibernate.engine.transaction.jta.platform.internal.NoJtaPlatform@62cdff2b, jdk.debug=release, surefire.test.class.path=D:\ChiDaram App\chi_daram\target\test-classes;D:\ChiDaram App\chi_daram\target\classes;C:\Users\Parnian\.m2\repository\org\springframework\boot\spring-boot-starter-actuator\3.3.1\spring-boot-starter-actuator-3.3.1.jar;C:\Users\Parnian\.m2\repository\org\springframework\boot\spring-boot-starter\3.3.1\spring-boot-starter-3.3.1.jar;C:\Users\Parnian\.m2\repository\org\springframework\boot\spring-boot-starter-logging\3.3.1\spring-boot-starter-logging-3.3.1.jar;C:\Users\Parnian\.m2\repository\ch\qos\logback\logback-classic\1.5.6\logback-classic-1.5.6.jar;C:\Users\Parnian\.m2\repository\ch\qos\logback\logback-core\1.5.6\logback-core-1.5.6.jar;C:\Users\Parnian\.m2\repository\org\apache\logging\log4j\log4j-to-slf4j\2.23.1\log4j-to-slf4j-2.23.1.jar;C:\Users\Parnian\.m2\repository\org\apache\logging\log4j\log4j-api\2.23.1\log4j-api-2.23.1.jar;C:\Users\Parnian\.m2\repository\org\slf4j\jul-to-slf4j\2.0.13\jul-to-slf4j-2.0.13.jar;C:\Users\Parnian\.m2\repository\jakarta\annotation\jakarta.annotation-api\2.1.1\jakarta.annotation-api-2.1.1.jar;C:\Users\Parnian\.m2\repository\org\yaml\snakeyaml\2.2\snakeyaml-2.2.jar;C:\Users\Parnian\.m2\repository\org\springframework\boot\spring-boot-actuator-autoconfigure\3.3.1\spring-boot-actuator-autoconfigure-3.3.1.jar;C:\Users\Parnian\.m2\repository\org\springframework\boot\spring-boot-actuator\3.3.1\spring-boot-actuator-3.3.1.jar;C:\Users\Parnian\.m2\repository\com\fasterxml\jackson\datatype\jackson-datatype-jsr310\2.17.1\jackson-datatype-jsr310-2.17.1.jar;C:\Users\Parnian\.m2\repository\io\micrometer\micrometer-observation\1.13.1\micrometer-observation-1.13.1.jar;C:\Users\Parnian\.m2\repository\io\micrometer\micrometer-commons\1.13.1\micrometer-commons-1.13.1.jar;C:\Users\Parnian\.m2\repository\io\micrometer\micrometer-jakarta9\1.13.1\micrometer-jakarta9-1.13.1.jar;C:\Users\Parnian\.m2\repository\io\micrometer\micrometer-core\1.13.1\micrometer-core-1.13.1.jar;C:\Users\Parnian\.m2\repository\org\hdrhistogram\HdrHistogram\2.2.2\HdrHistogram-2.2.2.jar;C:\Users\Parnian\.m2\repository\org\latencyutils\LatencyUtils\2.0.3\LatencyUtils-2.0.3.jar;C:\Users\Parnian\.m2\repository\org\springframework\boot\spring-boot-starter-data-jpa\3.3.1\spring-boot-starter-data-jpa-3.3.1.jar;C:\Users\Parnian\.m2\repository\org\springframework\boot\spring-boot-starter-aop\3.3.1\spring-boot-starter-aop-3.3.1.jar;C:\Users\Parnian\.m2\repository\org\aspectj\aspectjweaver\1.9.22\aspectjweaver-1.9.22.jar;C:\Users\Parnian\.m2\repository\org\springframework\boot\spring-boot-starter-jdbc\3.3.1\spring-boot-starter-jdbc-3.3.1.jar;C:\Users\Parnian\.m2\repository\com\zaxxer\HikariCP\5.1.0\HikariCP-5.1.0.jar;C:\Users\Parnian\.m2\repository\org\springframework\spring-jdbc\6.1.10\spring-jdbc-6.1.10.jar;C:\Users\Parnian\.m2\repository\org\hibernate\orm\hibernate-core\6.5.2.Final\hibernate-core-6.5.2.Final.jar;C:\Users\Parnian\.m2\repository\jakarta\persistence\jakarta.persistence-api\3.1.0\jakarta.persistence-api-3.1.0.jar;C:\Users\Parnian\.m2\repository\jakarta\transaction\jakarta.transaction-api\2.0.1\jakarta.transaction-api-2.0.1.jar;C:\Users\Parnian\.m2\repository\org\jboss\logging\jboss-logging\3.5.3.Final\jboss-logging-3.5.3.Final.jar;C:\Users\Parnian\.m2\repository\org\hibernate\common\hibernate-commons-annotations\6.0.6.Final\hibernate-commons-annotations-6.0.6.Final.jar;C:\Users\Parnian\.m2\repository\io\smallrye\jandex\3.1.2\jandex-3.1.2.jar;C:\Users\Parnian\.m2\repository\com\fasterxml\classmate\1.7.0\classmate-1.7.0.jar;C:\Users\Parnian\.m2\repository\net\bytebuddy\byte-buddy\1.14.17\byte-buddy-1.14.17.jar;C:\Users\Parnian\.m2\repository\org\glassfish\jaxb\jaxb-runtime\4.0.5\jaxb-runtime-4.0.5.jar;C:\Users\Parnian\.m2\repository\org\glassfish\jaxb\jaxb-core\4.0.5\jaxb-core-4.0.5.jar;C:\Users\Parnian\.m2\repository\org\eclipse\angus\angus-activation\2.0.2\angus-activation-2.0.2.jar;C:\Users\Parnian\.m2\repository\org\glassfish\jaxb\txw2\4.0.5\txw2-4.0.5.jar;C:\Users\Parnian\.m2\repository\com\sun\istack\istack-commons-runtime\4.1.2\istack-commons-runtime-4.1.2.jar;C:\Users\Parnian\.m2\repository\jakarta\inject\jakarta.inject-api\2.0.1\jakarta.inject-api-2.0.1.jar;C:\Users\Parnian\.m2\repository\org\antlr\antlr4-runtime\4.13.0\antlr4-runtime-4.13.0.jar;C:\Users\Parnian\.m2\repository\org\springframework\data\spring-data-jpa\3.3.1\spring-data-jpa-3.3.1.jar;C:\Users\Parnian\.m2\repository\org\springframework\data\spring-data-commons\3.3.1\spring-data-commons-3.3.1.jar;C:\Users\Parnian\.m2\repository\org\springframework\spring-orm\6.1.10\spring-orm-6.1.10.jar;C:\Users\Parnian\.m2\repository\org\springframework\spring-context\6.1.10\spring-context-6.1.10.jar;C:\Users\Parnian\.m2\repository\org\springframework\spring-tx\6.1.10\spring-tx-6.1.10.jar;C:\Users\Parnian\.m2\repository\org\springframework\spring-beans\6.1.10\spring-beans-6.1.10.jar;C:\Users\Parnian\.m2\repository\org\springframework\spring-aspects\6.1.10\spring-aspects-6.1.10.jar;C:\Users\Parnian\.m2\repository\org\springframework\boot\spring-boot-starter-security\3.3.1\spring-boot-starter-security-3.3.1.jar;C:\Users\Parnian\.m2\repository\org\springframework\spring-aop\6.1.10\spring-aop-6.1.10.jar;C:\Users\Parnian\.m2\repository\org\springframework\security\spring-security-config\6.3.1\spring-security-config-6.3.1.jar;C:\Users\Parnian\.m2\repository\org\springframework\security\spring-security-web\6.3.1\spring-security-web-6.3.1.jar;C:\Users\Parnian\.m2\repository\org\springframework\spring-expression\6.1.10\spring-expression-6.1.10.jar;C:\Users\Parnian\.m2\repository\org\springframework\boot\spring-boot-starter-thymeleaf\3.3.1\spring-boot-starter-thymeleaf-3.3.1.jar;C:\Users\Parnian\.m2\repository\org\thymeleaf\thymeleaf-spring6\3.1.2.RELEASE\thymeleaf-spring6-3.1.2.RELEASE.jar;C:\Users\Parnian\.m2\repository\org\thymeleaf\thymeleaf\3.1.2.RELEASE\thymeleaf-3.1.2.RELEASE.jar;C:\Users\Parnian\.m2\repository\org\attoparser\attoparser\2.0.7.RELEASE\attoparser-2.0.7.RELEASE.jar;C:\Users\Parnian\.m2\repository\org\unbescape\unbescape\1.1.6.RELEASE\unbescape-1.1.6.RELEASE.jar;C:\Users\Parnian\.m2\repository\org\springframework\boot\spring-boot-starter-validation\3.3.1\spring-boot-starter-validation-3.3.1.jar;C:\Users\Parnian\.m2\repository\org\apache\tomcat\embed\tomcat-embed-el\10.1.25\tomcat-embed-el-10.1.25.jar;C:\Users\Parnian\.m2\repository\org\hibernate\validator\hibernate-validator\8.0.1.Final\hibernate-validator-8.0.1.Final.jar;C:\Users\Parnian\.m2\repository\jakarta\validation\jakarta.validation-api\3.0.2\jakarta.validation-api-3.0.2.jar;C:\Users\Parnian\.m2\repository\org\springframework\boot\spring-boot-starter-web\3.3.1\spring-boot-starter-web-3.3.1.jar;C:\Users\Parnian\.m2\repository\org\springframework\boot\spring-boot-starter-json\3.3.1\spring-boot-starter-json-3.3.1.jar;C:\Users\Parnian\.m2\repository\com\fasterxml\jackson\datatype\jackson-datatype-jdk8\2.17.1\jackson-datatype-jdk8-2.17.1.jar;C:\Users\Parnian\.m2\repository\com\fasterxml\jackson\module\jackson-module-parameter-names\2.17.1\jackson-module-parameter-names-2.17.1.jar;C:\Users\Parnian\.m2\repository\org\springframework\boot\spring-boot-starter-tomcat\3.3.1\spring-boot-starter-tomcat-3.3.1.jar;C:\Users\Parnian\.m2\repository\org\apache\tomcat\embed\tomcat-embed-core\10.1.25\tomcat-embed-core-10.1.25.jar;C:\Users\Parnian\.m2\repository\org\apache\tomcat\embed\tomcat-embed-websocket\10.1.25\tomcat-embed-websocket-10.1.25.jar;C:\Users\Parnian\.m2\repository\org\springframework\spring-web\6.1.10\spring-web-6.1.10.jar;C:\Users\Parnian\.m2\repository\org\springframework\spring-webmvc\6.1.10\spring-webmvc-6.1.10.jar;C:\Users\Parnian\.m2\repository\org\thymeleaf\extras\thymeleaf-extras-springsecurity6\3.1.2.RELEASE\thymeleaf-extras-springsecurity6-3.1.2.RELEASE.jar;C:\Users\Parnian\.m2\repository\org\slf4j\slf4j-api\2.0.13\slf4j-api-2.0.13.jar;C:\Users\Parnian\.m2\repository\org\springdoc\springdoc-openapi-starter-webmvc-ui\2.5.0\springdoc-openapi-starter-webmvc-ui-2.5.0.jar;C:\Users\Parnian\.m2\repository\org\springdoc\springdoc-openapi-starter-webmvc-api\2.5.0\springdoc-openapi-starter-webmvc-api-2.5.0.jar;C:\Users\Parnian\.m2\repository\org\springdoc\springdoc-openapi-starter-common\2.5.0\springdoc-openapi-starter-common-2.5.0.jar;C:\Users\Parnian\.m2\repository\io\swagger\core\v3\swagger-core-jakarta\2.2.21\swagger-core-jakarta-2.2.21.jar;C:\Users\Parnian\.m2\repository\org\apache\commons\commons-lang3\3.14.0\commons-lang3-3.14.0.jar;C:\Users\Parnian\.m2\repository\io\swagger\core\v3\swagger-annotations-jakarta\2.2.21\swagger-annotations-jakarta-2.2.21.jar;C:\Users\Parnian\.m2\repository\io\swagger\core\v3\swagger-models-jakarta\2.2.21\swagger-models-jakarta-2.2.21.jar;C:\Users\Parnian\.m2\repository\com\fasterxml\jackson\dataformat\jackson-dataformat-yaml\2.17.1\jackson-dataformat-yaml-2.17.1.jar;C:\Users\Parnian\.m2\repository\org\webjars\swagger-ui\5.13.0\swagger-ui-5.13.0.jar;C:\Users\Parnian\.m2\repository\io\jsonwebtoken\jjwt-api\0.12.5\jjwt-api-0.12.5.jar;C:\Users\Parnian\.m2\repository\io\jsonwebtoken\jjwt-impl\0.12.5\jjwt-impl-0.12.5.jar;C:\Users\Parnian\.m2\repository\io\jsonwebtoken\jjwt-jackson\0.12.5\jjwt-jackson-0.12.5.jar;C:\Users\Parnian\.m2\repository\com\fasterxml\jackson\core\jackson-databind\2.17.1\jackson-databind-2.17.1.jar;C:\Users\Parnian\.m2\repository\com\fasterxml\jackson\core\jackson-annotations\2.17.1\jackson-annotations-2.17.1.jar;C:\Users\Parnian\.m2\repository\com\fasterxml\jackson\core\jackson-core\2.17.1\jackson-core-2.17.1.jar;C:\Users\Parnian\.m2\repository\org\springframework\boot\spring-boot-devtools\3.3.1\spring-boot-devtools-3.3.1.jar;C:\Users\Parnian\.m2\repository\org\springframework\boot\spring-boot\3.3.1\spring-boot-3.3.1.jar;C:\Users\Parnian\.m2\repository\org\springframework\boot\spring-boot-autoconfigure\3.3.1\spring-boot-autoconfigure-3.3.1.jar;C:\Users\Parnian\.m2\repository\org\postgresql\postgresql\42.7.3\postgresql-42.7.3.jar;C:\Users\Parnian\.m2\repository\org\checkerframework\checker-qual\3.42.0\checker-qual-3.42.0.jar;C:\Users\Parnian\.m2\repository\org\projectlombok\lombok\1.18.32\lombok-1.18.32.jar;C:\Users\Parnian\.m2\repository\org\springframework\boot\spring-boot-starter-test\3.3.1\spring-boot-starter-test-3.3.1.jar;C:\Users\Parnian\.m2\repository\org\springframework\boot\spring-boot-test\3.3.1\spring-boot-test-3.3.1.jar;C:\Users\Parnian\.m2\repository\org\springframework\boot\spring-boot-test-autoconfigure\3.3.1\spring-boot-test-autoconfigure-3.3.1.jar;C:\Users\Parnian\.m2\repository\com\jayway\jsonpath\json-path\2.9.0\json-path-2.9.0.jar;C:\Users\Parnian\.m2\repository\jakarta\xml\bind\jakarta.xml.bind-api\4.0.2\jakarta.xml.bind-api-4.0.2.jar;C:\Users\Parnian\.m2\repository\jakarta\activation\jakarta.activation-api\2.1.3\jakarta.activation-api-2.1.3.jar;C:\Users\Parnian\.m2\repository\net\minidev\json-smart\2.5.1\json-smart-2.5.1.jar;C:\Users\Parnian\.m2\repository\net\minidev\accessors-smart\2.5.1\accessors-smart-2.5.1.jar;C:\Users\Parnian\.m2\repository\org\ow2\asm\asm\9.6\asm-9.6.jar;C:\Users\Parnian\.m2\repository\org\assertj\assertj-core\3.25.3\assertj-core-3.25.3.jar;C:\Users\Parnian\.m2\repository\org\awaitility\awaitility\4.2.1\awaitility-4.2.1.jar;C:\Users\Parnian\.m2\repository\org\hamcrest\hamcrest\2.2\hamcrest-2.2.jar;C:\Users\Parnian\.m2\repository\org\junit\jupiter\junit-jupiter\5.10.2\junit-jupiter-5.10.2.jar;C:\Users\Parnian\.m2\repository\org\junit\jupiter\junit-jupiter-api\5.10.2\junit-jupiter-api-5.10.2.jar;C:\Users\Parnian\.m2\repository\org\opentest4j\opentest4j\1.3.0\opentest4j-1.3.0.jar;C:\Users\Parnian\.m2\repository\org\junit\platform\junit-platform-commons\1.10.2\junit-platform-commons-1.10.2.jar;C:\Users\Parnian\.m2\repository\org\apiguardian\apiguardian-api\1.1.2\apiguardian-api-1.1.2.jar;C:\Users\Parnian\.m2\repository\org\junit\jupiter\junit-jupiter-params\5.10.2\junit-jupiter-params-5.10.2.jar;C:\Users\Parnian\.m2\repository\org\junit\jupiter\junit-jupiter-engine\5.10.2\junit-jupiter-engine-5.10.2.jar;C:\Users\Parnian\.m2\repository\org\junit\platform\junit-platform-engine\1.10.2\junit-platform-engine-1.10.2.jar;C:\Users\Parnian\.m2\repository\org\mockito\mockito-core\5.11.0\mockito-core-5.11.0.jar;C:\Users\Parnian\.m2\repository\net\bytebuddy\byte-buddy-agent\1.14.17\byte-buddy-agent-1.14.17.jar;C:\Users\Parnian\.m2\repository\org\objenesis\objenesis\3.3\objenesis-3.3.jar;C:\Users\Parnian\.m2\repository\org\mockito\mockito-junit-jupiter\5.11.0\mockito-junit-jupiter-5.11.0.jar;C:\Users\Parnian\.m2\repository\org\skyscreamer\jsonassert\1.5.1\jsonassert-1.5.1.jar;C:\Users\Parnian\.m2\repository\com\vaadin\external\google\android-json\0.0.20131108.vaadin1\android-json-0.0.20131108.vaadin1.jar;C:\Users\Parnian\.m2\repository\org\springframework\spring-core\6.1.10\spring-core-6.1.10.jar;C:\Users\Parnian\.m2\repository\org\springframework\spring-jcl\6.1.10\spring-jcl-6.1.10.jar;C:\Users\Parnian\.m2\repository\org\springframework\spring-test\6.1.10\spring-test-6.1.10.jar;C:\Users\Parnian\.m2\repository\org\xmlunit\xmlunit-core\2.9.1\xmlunit-core-2.9.1.jar;C:\Users\Parnian\.m2\repository\org\springframework\security\spring-security-test\6.3.1\spring-security-test-6.3.1.jar;C:\Users\Parnian\.m2\repository\org\springframework\security\spring-security-core\6.3.1\spring-security-core-6.3.1.jar;C:\Users\Parnian\.m2\repository\org\springframework\security\spring-security-crypto\6.3.1\spring-security-crypto-6.3.1.jar;C:\Users\Parnian\.m2\repository\org\jetbrains\annotations\26.0.2\annotations-26.0.2.jar;, sun.cpu.endian=little, hibernate.cdi.extensions=true, user.home=C:\Users\Parnian, user.language=en, java.specification.vendor=Oracle Corporation, java.version.date=2024-10-15, java.home=C:\Program Files\Java\jdk-23, file.separator=\, basedir=D:\ChiDaram App\chi_daram, java.vm.compressedOopsMode=32-bit, line.separator=
, hibernate.persistenceUnitName=default, java.vm.specification.vendor=Oracle Corporation, java.specification.name=Java Platform API Specification, FILE_LOG_CHARSET=UTF-8, hibernate.transaction.coordinator_class=class org.hibernate.resource.transaction.backend.jdbc.internal.JdbcResourceLocalTransactionCoordinatorBuilderImpl, java.awt.headless=true, surefire.real.class.path=C:\Users\Parnian\AppData\Local\Temp\surefire12930389894133816043\surefirebooter-20250824113208435_3.jar, jakarta.persistence.validation.mode=AUTO, hibernate.hbm2ddl.auto=validate, user.script=, sun.management.compiler=HotSpot 64-Bit Tiered Compilers, java.runtime.version=23.0.1+11-39, user.name=Parnian, stdout.encoding=Cp1252, path.separator=;, os.version=10.0, java.runtime.name=Java(TM) SE Runtime Environment, file.encoding=UTF-8, java.vm.name=Java HotSpot(TM) 64-Bit Server VM, localRepository=C:\Users\Parnian\.m2\repository, java.vendor.url.bug=https://bugreport.java.com/bugreport/, java.io.tmpdir=C:\Users\Parnian\AppData\Local\Temp\, java.version=23.0.1, hibernate.physical_naming_strategy=org.hibernate.boot.model.naming.CamelCaseToUnderscoresNamingStrategy, user.dir=D:\ChiDaram App\chi_daram, os.arch=amd64, java.vm.specification.name=Java Virtual Machine Specification, PID=1188, sun.os.patch.level=, CONSOLE_LOG_CHARSET=UTF-8, hibernate.boot.CfgXmlAccessService.key=org.hibernate.boot.registry.StandardServiceRegistryBuilder$1@29400267, native.encoding=Cp1252, java.library.path=C:\Program Files\Java\jdk-23\bin;C:\Windows\Sun\Java\bin;C:\Windows\system32;C:\Windows;C:\Program Files\Common Files\Oracle\Java\javapath;C:\Windows;C:\Windows\System32\Wbem;C:\Windows\System32\WindowsPowerShell\v1.0\;C:\Windows\System32\OpenSSH\;C:\Program Files\Microsoft VS Code\bin;C:\Program Files\dotnet\;C:\Program Files (x86)\Microsoft SQL Server\160\DTS\Binn\;C:\Program Files (x86)\Microsoft SQL Server\160\Tools\Binn\;C:\Program Files\Microsoft SQL Server\160\Tools\Binn\;C:\Program Files\Microsoft SQL Server\Client SDK\ODBC\170\Tools\Binn\;C:\Program Files\Microsoft SQL Server\160\DTS\Binn\;C:\Program Files\Java\jdk-16.0.2+7;C:\Users\Parnian\Downloads\python-3.13.1-amd64;C:\Program Files\Java\jdk-23\bin;D:\postqree\bin\psql.exe;C:\Users\Parnian\Downloads\hibernate-types-52-2.10.0.jar;C:\Users\Parnian\Downloads\apache-maven-3.9.9-bin\apache-maven-3.9.9\bin;C:\Program Files\Git\cmd;C:\Program Files (x86)\Microsoft SQL Server\100\Tools\Binn\;C:\Program Files\Microsoft SQL Server\100\Tools\Binn\;C:\Program Files\Microsoft SQL Server\100\DTS\Binn\;C:\Program Files (x86)\Microsoft SQL Server\100\Tools\Binn\VSShell\Common7\IDE\;C:\Program Files (x86)\Microsoft SQL Server\100\DTS\Binn\;C:\Users\Parnian\Downloads\apache-maven-3.9.10-bin\apache-maven-3.9.10\bin;D:\src\flutter\bin;;C:\Program Files\Docker\Docker\resources\bin;C:\Program Files\nodejs\;C:\Users\Parnian\AppData\Local\Programs\Python\Python313\Scripts\;C:\Users\Parnian\AppData\Local\Programs\Python\Python313\;C:\Users\Parnian\AppData\Local\Programs\Python\Launcher\;C:\Users\Parnian\AppData\Local\Microsoft\WindowsApps;%IntelliJ IDEA Community Edition%;C:\Users\Parnian\AppData\Local\Programs\Microsoft VS Code\bin;C:\Windows\System32;D:\project\IntelliJ IDEA 2025.2\bin;C:\Users\Parnian\AppData\Roaming\npm;., stderr.encoding=Cp1252, java.vendor=Oracle Corporation, java.vm.info=mixed mode, sharing, java.vm.version=23.0.1+11-39, sun.io.unicode.encoding=UnicodeLittle, hibernate.archive.scanner=org.hibernate.boot.archive.scan.internal.DisabledScanner, hibernate.connection.datasource=HikariDataSource (HikariPool-2), java.class.version=67.0, LOGGED_APPLICATION_NAME=[ChiDaram App] }
2025-08-24T11:32:51.822+03:30 DEBUG 1188 --- [ChiDaram App] [           main] o.hibernate.internal.SessionFactoryImpl  : Session factory constructed with filter configurations : {}
2025-08-24T11:32:51.823+03:30 DEBUG 1188 --- [ChiDaram App] [           main] o.h.v.i.xml.config.ValidationXmlParser   : Trying to load META-INF/validation.xml for XML based Validator configuration.
2025-08-24T11:32:51.824+03:30 DEBUG 1188 --- [ChiDaram App] [           main] o.h.v.i.xml.config.ResourceLoaderHelper  : Trying to load META-INF/validation.xml via TCCL
2025-08-24T11:32:51.824+03:30 DEBUG 1188 --- [ChiDaram App] [           main] o.h.v.i.xml.config.ResourceLoaderHelper  : Trying to load META-INF/validation.xml via Hibernate Validator's class loader
2025-08-24T11:32:51.825+03:30 DEBUG 1188 --- [ChiDaram App] [           main] o.h.v.i.xml.config.ValidationXmlParser   : No META-INF/validation.xml found. Using annotation based configuration only.
2025-08-24T11:32:51.825+03:30 DEBUG 1188 --- [ChiDaram App] [           main] o.h.v.i.e.resolver.TraversableResolvers  : Found jakarta.persistence.Persistence on classpath containing 'getPersistenceUtil'. Assuming JPA 2 environment. Trying to instantiate JPA aware TraversableResolver
2025-08-24T11:32:51.825+03:30 DEBUG 1188 --- [ChiDaram App] [           main] o.h.v.i.e.resolver.TraversableResolvers  : Instantiated JPA aware TraversableResolver of type org.hibernate.validator.internal.engine.resolver.JPATraversableResolver.
2025-08-24T11:32:51.825+03:30 DEBUG 1188 --- [ChiDaram App] [           main] .h.v.m.ResourceBundleMessageInterpolator : Loaded expression factory via original TCCL
2025-08-24T11:32:51.898+03:30 DEBUG 1188 --- [ChiDaram App] [           main] .i.e.ValidatorFactoryConfigurationHelper : HV000252: Using org.hibernate.validator.internal.engine.DefaultPropertyNodeNameProvider as property node name provider.
2025-08-24T11:32:51.916+03:30 DEBUG 1188 --- [ChiDaram App] [           main] .i.e.ValidatorFactoryConfigurationHelper : HV000234: Using org.hibernate.validator.messageinterpolation.ResourceBundleMessageInterpolator as ValidatorFactory-scoped message interpolator.
2025-08-24T11:32:51.916+03:30 DEBUG 1188 --- [ChiDaram App] [           main] .i.e.ValidatorFactoryConfigurationHelper : HV000234: Using org.hibernate.validator.internal.engine.resolver.JPATraversableResolver as ValidatorFactory-scoped traversable resolver.
2025-08-24T11:32:51.916+03:30 DEBUG 1188 --- [ChiDaram App] [           main] .i.e.ValidatorFactoryConfigurationHelper : HV000234: Using org.hibernate.validator.internal.util.ExecutableParameterNameProvider as ValidatorFactory-scoped parameter name provider.
2025-08-24T11:32:51.916+03:30 DEBUG 1188 --- [ChiDaram App] [           main] .i.e.ValidatorFactoryConfigurationHelper : HV000234: Using org.hibernate.validator.internal.engine.DefaultClockProvider as ValidatorFactory-scoped clock provider.
2025-08-24T11:32:51.924+03:30 DEBUG 1188 --- [ChiDaram App] [           main] .i.e.ValidatorFactoryConfigurationHelper : HV000234: Using org.hibernate.validator.internal.engine.scripting.DefaultScriptEvaluatorFactory as ValidatorFactory-scoped script evaluator factory.
2025-08-24T11:32:51.928+03:30 DEBUG 1188 --- [ChiDaram App] [           main] o.h.boot.internal.ClassLoaderAccessImpl  : Not known whether passed class name [com.example.chi_daram.entity.Increasedocumenttype] is safe
2025-08-24T11:32:51.930+03:30 DEBUG 1188 --- [ChiDaram App] [           main] o.h.boot.internal.ClassLoaderAccessImpl  : No temp ClassLoader provided; using live ClassLoader for loading potentially unsafe class : com.example.chi_daram.entity.Increasedocumenttype
2025-08-24T11:32:52.000+03:30 DEBUG 1188 --- [ChiDaram App] [           main] o.h.boot.internal.ClassLoaderAccessImpl  : Not known whether passed class name [com.example.chi_daram.entity.Increasedocumentrow] is safe
2025-08-24T11:32:52.000+03:30 DEBUG 1188 --- [ChiDaram App] [           main] o.h.boot.internal.ClassLoaderAccessImpl  : No temp ClassLoader provided; using live ClassLoader for loading potentially unsafe class : com.example.chi_daram.entity.Increasedocumentrow
2025-08-24T11:32:52.006+03:30 DEBUG 1188 --- [ChiDaram App] [           main] o.h.boot.internal.ClassLoaderAccessImpl  : Not known whether passed class name [com.example.chi_daram.entity.ItemStatus] is safe
2025-08-24T11:32:52.006+03:30 DEBUG 1188 --- [ChiDaram App] [           main] o.h.boot.internal.ClassLoaderAccessImpl  : No temp ClassLoader provided; using live ClassLoader for loading potentially unsafe class : com.example.chi_daram.entity.ItemStatus
2025-08-24T11:32:52.010+03:30 DEBUG 1188 --- [ChiDaram App] [           main] o.h.boot.internal.ClassLoaderAccessImpl  : Not known whether passed class name [com.example.chi_daram.entity.Categorylevel1] is safe
2025-08-24T11:32:52.010+03:30 DEBUG 1188 --- [ChiDaram App] [           main] o.h.boot.internal.ClassLoaderAccessImpl  : No temp ClassLoader provided; using live ClassLoader for loading potentially unsafe class : com.example.chi_daram.entity.Categorylevel1
2025-08-24T11:32:52.014+03:30 DEBUG 1188 --- [ChiDaram App] [           main] o.h.boot.internal.ClassLoaderAccessImpl  : Not known whether passed class name [com.example.chi_daram.entity.Categorylevel2] is safe
2025-08-24T11:32:52.014+03:30 DEBUG 1188 --- [ChiDaram App] [           main] o.h.boot.internal.ClassLoaderAccessImpl  : No temp ClassLoader provided; using live ClassLoader for loading potentially unsafe class : com.example.chi_daram.entity.Categorylevel2
2025-08-24T11:32:52.208+03:30 DEBUG 1188 --- [ChiDaram App] [           main] o.h.boot.internal.ClassLoaderAccessImpl  : Not known whether passed class name [com.example.chi_daram.entity.Decreasedocumenttype] is safe
2025-08-24T11:32:52.208+03:30 DEBUG 1188 --- [ChiDaram App] [           main] o.h.boot.internal.ClassLoaderAccessImpl  : No temp ClassLoader provided; using live ClassLoader for loading potentially unsafe class : com.example.chi_daram.entity.Decreasedocumenttype
2025-08-24T11:32:52.298+03:30 DEBUG 1188 --- [ChiDaram App] [           main] o.h.boot.internal.ClassLoaderAccessImpl  : Not known whether passed class name [com.example.chi_daram.entity.Decreasedocument] is safe
2025-08-24T11:32:52.298+03:30 DEBUG 1188 --- [ChiDaram App] [           main] o.h.boot.internal.ClassLoaderAccessImpl  : No temp ClassLoader provided; using live ClassLoader for loading potentially unsafe class : com.example.chi_daram.entity.Decreasedocument
2025-08-24T11:32:52.363+03:30 DEBUG 1188 --- [ChiDaram App] [           main] o.h.boot.internal.ClassLoaderAccessImpl  : Not known whether passed class name [com.example.chi_daram.entity.User] is safe
2025-08-24T11:32:52.363+03:30 DEBUG 1188 --- [ChiDaram App] [           main] o.h.boot.internal.ClassLoaderAccessImpl  : No temp ClassLoader provided; using live ClassLoader for loading potentially unsafe class : com.example.chi_daram.entity.User
2025-08-24T11:32:52.424+03:30 DEBUG 1188 --- [ChiDaram App] [           main] o.h.boot.internal.ClassLoaderAccessImpl  : Not known whether passed class name [com.example.chi_daram.entity.Decreasedocumentrow] is safe
2025-08-24T11:32:52.424+03:30 DEBUG 1188 --- [ChiDaram App] [           main] o.h.boot.internal.ClassLoaderAccessImpl  : No temp ClassLoader provided; using live ClassLoader for loading potentially unsafe class : com.example.chi_daram.entity.Decreasedocumentrow
2025-08-24T11:32:52.433+03:30 DEBUG 1188 --- [ChiDaram App] [           main] o.h.boot.internal.ClassLoaderAccessImpl  : Not known whether passed class name [com.example.chi_daram.entity.Item] is safe
2025-08-24T11:32:52.434+03:30 DEBUG 1188 --- [ChiDaram App] [           main] o.h.boot.internal.ClassLoaderAccessImpl  : No temp ClassLoader provided; using live ClassLoader for loading potentially unsafe class : com.example.chi_daram.entity.Item
2025-08-24T11:32:52.448+03:30 DEBUG 1188 --- [ChiDaram App] [           main] o.h.boot.internal.ClassLoaderAccessImpl  : Not known whether passed class name [com.example.chi_daram.entity.Increasedocument] is safe
2025-08-24T11:32:52.448+03:30 DEBUG 1188 --- [ChiDaram App] [           main] o.h.boot.internal.ClassLoaderAccessImpl  : No temp ClassLoader provided; using live ClassLoader for loading potentially unsafe class : com.example.chi_daram.entity.Increasedocument
2025-08-24T11:32:52.456+03:30 DEBUG 1188 --- [ChiDaram App] [           main] o.h.boot.internal.ClassLoaderAccessImpl  : Not known whether passed class name [com.example.chi_daram.entity.Dynamicfields] is safe
2025-08-24T11:32:52.457+03:30 DEBUG 1188 --- [ChiDaram App] [           main] o.h.boot.internal.ClassLoaderAccessImpl  : No temp ClassLoader provided; using live ClassLoader for loading potentially unsafe class : com.example.chi_daram.entity.Dynamicfields
2025-08-24T11:32:52.468+03:30 DEBUG 1188 --- [ChiDaram App] [           main] .h.s.i.SessionFactoryServiceRegistryImpl : EventListenerRegistry access via ServiceRegistry is deprecated.  Use `sessionFactory.getEventEngine().getListenerRegistry()` instead
2025-08-24T11:32:52.484+03:30 DEBUG 1188 --- [ChiDaram App] [           main] o.h.q.sqm.function.SqmFunctionRegistry   : Registered SqmFunctionTemplate [NamedSqmFunctionTemplate(max)] under max; prior registration was null
2025-08-24T11:32:52.484+03:30 DEBUG 1188 --- [ChiDaram App] [           main] o.h.q.sqm.function.SqmFunctionRegistry   : Registered SqmFunctionTemplate [NamedSqmFunctionTemplate(min)] under min; prior registration was null
2025-08-24T11:32:52.484+03:30 DEBUG 1188 --- [ChiDaram App] [           main] o.h.q.sqm.function.SqmFunctionRegistry   : Registered SqmFunctionTemplate [NamedSqmFunctionTemplate(sum)] under sum; prior registration was null
2025-08-24T11:32:52.484+03:30 DEBUG 1188 --- [ChiDaram App] [           main] o.h.q.sqm.function.SqmFunctionRegistry   : Registered SqmFunctionTemplate [NamedSqmFunctionTemplate(avg)] under avg; prior registration was null
2025-08-24T11:32:52.484+03:30 DEBUG 1188 --- [ChiDaram App] [           main] o.h.q.sqm.function.SqmFunctionRegistry   : Registered SqmFunctionTemplate [org.hibernate.dialect.function.CountFunction@2091b6b9] under count; prior registration was null
2025-08-24T11:32:52.484+03:30 DEBUG 1188 --- [ChiDaram App] [           main] o.h.q.sqm.function.SqmFunctionRegistry   : Registered SqmFunctionTemplate [org.hibernate.dialect.function.EveryAnyEmulation@67091f3b] under every; prior registration was null
2025-08-24T11:32:52.484+03:30 DEBUG 1188 --- [ChiDaram App] [           main] o.h.q.sqm.function.SqmFunctionRegistry   : Registered SqmFunctionTemplate [org.hibernate.dialect.function.EveryAnyEmulation@66f99dcc] under any; prior registration was null
2025-08-24T11:32:52.484+03:30 DEBUG 1188 --- [ChiDaram App] [           main] o.h.q.sqm.function.SqmFunctionRegistry   : Registered SqmFunctionTemplate [NamedSqmFunctionTemplate(floor)] under floor; prior registration was null
2025-08-24T11:32:52.485+03:30 DEBUG 1188 --- [ChiDaram App] [           main] o.h.q.sqm.function.SqmFunctionRegistry   : Registered SqmFunctionTemplate [NamedSqmFunctionTemplate(ceiling)] under ceiling; prior registration was null
2025-08-24T11:32:52.485+03:30 DEBUG 1188 --- [ChiDaram App] [           main] o.h.q.sqm.function.SqmFunctionRegistry   : Registered SqmFunctionTemplate [NamedSqmFunctionTemplate(mod)] under mod; prior registration was null
2025-08-24T11:32:52.485+03:30 DEBUG 1188 --- [ChiDaram App] [           main] o.h.q.sqm.function.SqmFunctionRegistry   : Registered SqmFunctionTemplate [NamedSqmFunctionTemplate(abs)] under abs; prior registration was null
2025-08-24T11:32:52.485+03:30 DEBUG 1188 --- [ChiDaram App] [           main] o.h.q.sqm.function.SqmFunctionRegistry   : Registered SqmFunctionTemplate [NamedSqmFunctionTemplate(sign)] under sign; prior registration was null
2025-08-24T11:32:52.485+03:30 DEBUG 1188 --- [ChiDaram App] [           main] o.h.q.sqm.function.SqmFunctionRegistry   : Registered SqmFunctionTemplate [NamedSqmFunctionTemplate(sqrt)] under sqrt; prior registration was null
2025-08-24T11:32:52.485+03:30 DEBUG 1188 --- [ChiDaram App] [           main] o.h.q.sqm.function.SqmFunctionRegistry   : Registered SqmFunctionTemplate [NamedSqmFunctionTemplate(ln)] under ln; prior registration was null
2025-08-24T11:32:52.485+03:30 DEBUG 1188 --- [ChiDaram App] [           main] o.h.q.sqm.function.SqmFunctionRegistry   : Registered SqmFunctionTemplate [NamedSqmFunctionTemplate(exp)] under exp; prior registration was null
2025-08-24T11:32:52.485+03:30 DEBUG 1188 --- [ChiDaram App] [           main] o.h.q.sqm.function.SqmFunctionRegistry   : Registered SqmFunctionTemplate [NamedSqmFunctionTemplate(power)] under power; prior registration was null
2025-08-24T11:32:52.485+03:30 DEBUG 1188 --- [ChiDaram App] [           main] o.h.q.sqm.function.SqmFunctionRegistry   : Registered SqmFunctionTemplate [NamedSqmFunctionTemplate(round)] under round; prior registration was null
2025-08-24T11:32:52.485+03:30 DEBUG 1188 --- [ChiDaram App] [           main] o.h.q.sqm.function.SqmFunctionRegistry   : Registered SqmFunctionTemplate [NamedSqmFunctionTemplate(sin)] under sin; prior registration was null
2025-08-24T11:32:52.485+03:30 DEBUG 1188 --- [ChiDaram App] [           main] o.h.q.sqm.function.SqmFunctionRegistry   : Registered SqmFunctionTemplate [NamedSqmFunctionTemplate(cos)] under cos; prior registration was null
2025-08-24T11:32:52.485+03:30 DEBUG 1188 --- [ChiDaram App] [           main] o.h.q.sqm.function.SqmFunctionRegistry   : Registered SqmFunctionTemplate [NamedSqmFunctionTemplate(tan)] under tan; prior registration was null
2025-08-24T11:32:52.485+03:30 DEBUG 1188 --- [ChiDaram App] [           main] o.h.q.sqm.function.SqmFunctionRegistry   : Registered SqmFunctionTemplate [NamedSqmFunctionTemplate(asin)] under asin; prior registration was null
2025-08-24T11:32:52.485+03:30 DEBUG 1188 --- [ChiDaram App] [           main] o.h.q.sqm.function.SqmFunctionRegistry   : Registered SqmFunctionTemplate [NamedSqmFunctionTemplate(acos)] under acos; prior registration was null
2025-08-24T11:32:52.486+03:30 DEBUG 1188 --- [ChiDaram App] [           main] o.h.q.sqm.function.SqmFunctionRegistry   : Registered SqmFunctionTemplate [NamedSqmFunctionTemplate(atan)] under atan; prior registration was null
2025-08-24T11:32:52.486+03:30 DEBUG 1188 --- [ChiDaram App] [           main] o.h.q.sqm.function.SqmFunctionRegistry   : Registered SqmFunctionTemplate [NamedSqmFunctionTemplate(atan2)] under atan2; prior registration was null
2025-08-24T11:32:52.486+03:30 DEBUG 1188 --- [ChiDaram App] [           main] o.h.q.sqm.function.SqmFunctionRegistry   : Registered SqmFunctionTemplate [org.hibernate.query.sqm.function.PatternBasedSqmFunctionDescriptor@321c6e0c] under sinh; prior registration was null
2025-08-24T11:32:52.486+03:30 DEBUG 1188 --- [ChiDaram App] [           main] o.h.q.sqm.function.SqmFunctionRegistry   : Registered SqmFunctionTemplate [org.hibernate.query.sqm.function.PatternBasedSqmFunctionDescriptor@1f953288] under cosh; prior registration was null
2025-08-24T11:32:52.486+03:30 DEBUG 1188 --- [ChiDaram App] [           main] o.h.q.sqm.function.SqmFunctionRegistry   : Registered SqmFunctionTemplate [org.hibernate.query.sqm.function.PatternBasedSqmFunctionDescriptor@30ca1686] under tanh; prior registration was null
2025-08-24T11:32:52.486+03:30 DEBUG 1188 --- [ChiDaram App] [           main] o.h.q.sqm.function.SqmFunctionRegistry   : Registered SqmFunctionTemplate [org.hibernate.query.sqm.function.PatternBasedSqmFunctionDescriptor@1a77faae] under pi; prior registration was null
2025-08-24T11:32:52.486+03:30 DEBUG 1188 --- [ChiDaram App] [           main] o.h.q.sqm.function.SqmFunctionRegistry   : Registered SqmFunctionTemplate [org.hibernate.query.sqm.function.PatternBasedSqmFunctionDescriptor@4bca8be2] under log; prior registration was null
2025-08-24T11:32:52.486+03:30 DEBUG 1188 --- [ChiDaram App] [           main] o.h.q.sqm.function.SqmFunctionRegistry   : Registered SqmFunctionTemplate [NamedSqmFunctionTemplate(coalesce)] under coalesce; prior registration was null
2025-08-24T11:32:52.486+03:30 DEBUG 1188 --- [ChiDaram App] [           main] o.h.q.sqm.function.SqmFunctionRegistry   : Registered SqmFunctionTemplate [NamedSqmFunctionTemplate(nullif)] under nullif; prior registration was null
2025-08-24T11:32:52.486+03:30 DEBUG 1188 --- [ChiDaram App] [           main] o.h.q.sqm.function.SqmFunctionRegistry   : Registered SqmFunctionTemplate [NamedSqmFunctionTemplate(left)] under left; prior registration was null
2025-08-24T11:32:52.486+03:30 DEBUG 1188 --- [ChiDaram App] [           main] o.h.q.sqm.function.SqmFunctionRegistry   : Registered SqmFunctionTemplate [NamedSqmFunctionTemplate(right)] under right; prior registration was null
2025-08-24T11:32:52.486+03:30 DEBUG 1188 --- [ChiDaram App] [           main] o.h.q.sqm.function.SqmFunctionRegistry   : Registered SqmFunctionTemplate [NamedSqmFunctionTemplate(replace)] under replace; prior registration was null
2025-08-24T11:32:52.491+03:30 DEBUG 1188 --- [ChiDaram App] [           main] o.h.q.sqm.function.SqmFunctionRegistry   : Registered SqmFunctionTemplate [NamedSqmFunctionTemplate(concat)] under concat; prior registration was null
2025-08-24T11:32:52.492+03:30 DEBUG 1188 --- [ChiDaram App] [           main] o.h.q.sqm.function.SqmFunctionRegistry   : Registered SqmFunctionTemplate [NamedSqmFunctionTemplate(lower)] under lower; prior registration was null
2025-08-24T11:32:52.492+03:30 DEBUG 1188 --- [ChiDaram App] [           main] o.h.q.sqm.function.SqmFunctionRegistry   : Registered SqmFunctionTemplate [NamedSqmFunctionTemplate(upper)] under upper; prior registration was null
2025-08-24T11:32:52.492+03:30 DEBUG 1188 --- [ChiDaram App] [           main] o.h.q.sqm.function.SqmFunctionRegistry   : Registered SqmFunctionTemplate [NamedSqmFunctionTemplate(substring)] under substring; prior registration was null
2025-08-24T11:32:52.492+03:30 DEBUG 1188 --- [ChiDaram App] [           main] o.h.q.sqm.function.SqmFunctionRegistry   : Registered SqmFunctionTemplate [NamedSqmFunctionTemplate(locate)] under locate; prior registration was null
2025-08-24T11:32:52.492+03:30 DEBUG 1188 --- [ChiDaram App] [           main] o.h.q.sqm.function.SqmFunctionRegistry   : Registered SqmFunctionTemplate [NamedSqmFunctionTemplate(character_length)] under character_length; prior registration was null
2025-08-24T11:32:52.492+03:30 DEBUG 1188 --- [ChiDaram App] [           main] o.h.q.sqm.function.SqmFunctionRegistry   : Registering alternate key : length -> character_length
2025-08-24T11:32:52.493+03:30 DEBUG 1188 --- [ChiDaram App] [           main] o.h.q.sqm.function.SqmFunctionRegistry   : Registered SqmFunctionTemplate [org.hibernate.dialect.function.LocatePositionEmulation@7dfdf161] under position; prior registration was null
2025-08-24T11:32:52.493+03:30 DEBUG 1188 --- [ChiDaram App] [           main] o.h.q.sqm.function.SqmFunctionRegistry   : Registered SqmFunctionTemplate [org.hibernate.dialect.function.InsertSubstringOverlayEmulation@1de3a67e] under overlay; prior registration was null
2025-08-24T11:32:52.493+03:30 DEBUG 1188 --- [ChiDaram App] [           main] o.h.q.sqm.function.SqmFunctionRegistry   : Registered SqmFunctionTemplate [org.hibernate.dialect.function.TrimFunction@38648de6] under trim; prior registration was null
2025-08-24T11:32:52.493+03:30 DEBUG 1188 --- [ChiDaram App] [           main] o.h.q.sqm.function.SqmFunctionRegistry   : Registered SqmFunctionTemplate [org.hibernate.dialect.function.CastFunction@27ee8493] under cast; prior registration was null
2025-08-24T11:32:52.493+03:30 DEBUG 1188 --- [ChiDaram App] [           main] o.h.q.sqm.function.SqmFunctionRegistry   : Registered SqmFunctionTemplate [org.hibernate.query.sqm.function.PatternBasedSqmFunctionDescriptor@350a0ff6] under collate; prior registration was null
2025-08-24T11:32:52.493+03:30 DEBUG 1188 --- [ChiDaram App] [           main] o.h.q.sqm.function.SqmFunctionRegistry   : Registered SqmFunctionTemplate [org.hibernate.dialect.function.ExtractFunction@35da9f7f] under extract; prior registration was null
2025-08-24T11:32:52.493+03:30 DEBUG 1188 --- [ChiDaram App] [           main] o.h.q.sqm.function.SqmFunctionRegistry   : Registered SqmFunctionTemplate [NamedSqmFunctionTemplate(least)] under least; prior registration was null
2025-08-24T11:32:52.493+03:30 DEBUG 1188 --- [ChiDaram App] [           main] o.h.q.sqm.function.SqmFunctionRegistry   : Registered SqmFunctionTemplate [NamedSqmFunctionTemplate(greatest)] under greatest; prior registration was null
2025-08-24T11:32:52.494+03:30 DEBUG 1188 --- [ChiDaram App] [           main] o.h.q.sqm.function.SqmFunctionRegistry   : Registered SqmFunctionTemplate [org.hibernate.dialect.function.CoalesceIfnullEmulation@29cd3f9f] under ifnull; prior registration was null
2025-08-24T11:32:52.495+03:30 DEBUG 1188 --- [ChiDaram App] [           main] o.h.q.sqm.function.SqmFunctionRegistry   : Registered SqmFunctionTemplate [NamedSqmFunctionTemplate(lpad)] under lpad; prior registration was null
2025-08-24T11:32:52.496+03:30 DEBUG 1188 --- [ChiDaram App] [           main] o.h.q.sqm.function.SqmFunctionRegistry   : Registered SqmFunctionTemplate [NamedSqmFunctionTemplate(rpad)] under rpad; prior registration was null
2025-08-24T11:32:52.496+03:30 DEBUG 1188 --- [ChiDaram App] [           main] o.h.q.sqm.function.SqmFunctionRegistry   : Registered SqmFunctionTemplate [org.hibernate.dialect.function.LpadRpadPadEmulation@7a54fc29] under pad; prior registration was null
2025-08-24T11:32:52.496+03:30 DEBUG 1188 --- [ChiDaram App] [           main] o.h.q.sqm.function.SqmFunctionRegistry   : Registered SqmFunctionTemplate [org.hibernate.dialect.function.CastStrEmulation@1fc4292a] under str; prior registration was null
2025-08-24T11:32:52.496+03:30 DEBUG 1188 --- [ChiDaram App] [           main] o.h.q.sqm.function.SqmFunctionRegistry   : Registered SqmFunctionTemplate [org.hibernate.dialect.function.FormatFunction@7e846cca] under format; prior registration was null
2025-08-24T11:32:52.496+03:30 DEBUG 1188 --- [ChiDaram App] [           main] o.h.q.sqm.function.SqmFunctionRegistry   : Registered SqmFunctionTemplate [org.hibernate.dialect.function.TimestampaddFunction@3e759542] under timestampadd; prior registration was null
2025-08-24T11:32:52.496+03:30 DEBUG 1188 --- [ChiDaram App] [           main] o.h.q.sqm.function.SqmFunctionRegistry   : Registered SqmFunctionTemplate [org.hibernate.dialect.function.TimestampdiffFunction@639d8311] under timestampdiff; prior registration was null
2025-08-24T11:32:52.496+03:30 DEBUG 1188 --- [ChiDaram App] [           main] o.h.q.sqm.function.SqmFunctionRegistry   : Registering alternate key : dateadd -> timestampadd
2025-08-24T11:32:52.496+03:30 DEBUG 1188 --- [ChiDaram App] [           main] o.h.q.sqm.function.SqmFunctionRegistry   : Registering alternate key : datediff -> timestampdiff
2025-08-24T11:32:52.497+03:30 DEBUG 1188 --- [ChiDaram App] [           main] o.h.q.sqm.function.SqmFunctionRegistry   : Registered SqmFunctionTemplate [org.hibernate.dialect.function.CurrentFunction@5d2e6b31] under current_date; prior registration was null
2025-08-24T11:32:52.497+03:30 DEBUG 1188 --- [ChiDaram App] [           main] o.h.q.sqm.function.SqmFunctionRegistry   : Registered SqmFunctionTemplate [org.hibernate.dialect.function.CurrentFunction@91ae62] under current_time; prior registration was null
2025-08-24T11:32:52.497+03:30 DEBUG 1188 --- [ChiDaram App] [           main] o.h.q.sqm.function.SqmFunctionRegistry   : Registered SqmFunctionTemplate [org.hibernate.dialect.function.CurrentFunction@125ce4b7] under current_timestamp; prior registration was null
2025-08-24T11:32:52.497+03:30 DEBUG 1188 --- [ChiDaram App] [           main] o.h.q.sqm.function.SqmFunctionRegistry   : Registering alternate key : current date -> current_date
2025-08-24T11:32:52.497+03:30 DEBUG 1188 --- [ChiDaram App] [           main] o.h.q.sqm.function.SqmFunctionRegistry   : Registering alternate key : current time -> current_time
2025-08-24T11:32:52.497+03:30 DEBUG 1188 --- [ChiDaram App] [           main] o.h.q.sqm.function.SqmFunctionRegistry   : Registering alternate key : current timestamp -> current_timestamp
2025-08-24T11:32:52.497+03:30 DEBUG 1188 --- [ChiDaram App] [           main] o.h.q.sqm.function.SqmFunctionRegistry   : Registered SqmFunctionTemplate [org.hibernate.dialect.function.CurrentFunction@1dd678e6] under local_date; prior registration was null
2025-08-24T11:32:52.497+03:30 DEBUG 1188 --- [ChiDaram App] [           main] o.h.q.sqm.function.SqmFunctionRegistry   : Registered SqmFunctionTemplate [org.hibernate.dialect.function.CurrentFunction@330fff8e] under local_time; prior registration was null
2025-08-24T11:32:52.497+03:30 DEBUG 1188 --- [ChiDaram App] [           main] o.h.q.sqm.function.SqmFunctionRegistry   : Registered SqmFunctionTemplate [org.hibernate.dialect.function.CurrentFunction@3ee0a533] under local_datetime; prior registration was null
2025-08-24T11:32:52.497+03:30 DEBUG 1188 --- [ChiDaram App] [           main] o.h.q.sqm.function.SqmFunctionRegistry   : Registered SqmFunctionTemplate [org.hibernate.dialect.function.CurrentFunction@4bec8704] under offset_datetime; prior registration was null
2025-08-24T11:32:52.497+03:30 DEBUG 1188 --- [ChiDaram App] [           main] o.h.q.sqm.function.SqmFunctionRegistry   : Registering alternate key : local date -> local_date
2025-08-24T11:32:52.497+03:30 DEBUG 1188 --- [ChiDaram App] [           main] o.h.q.sqm.function.SqmFunctionRegistry   : Registering alternate key : local time -> local_time
2025-08-24T11:32:52.497+03:30 DEBUG 1188 --- [ChiDaram App] [           main] o.h.q.sqm.function.SqmFunctionRegistry   : Registering alternate key : local datetime -> local_datetime
2025-08-24T11:32:52.498+03:30 DEBUG 1188 --- [ChiDaram App] [           main] o.h.q.sqm.function.SqmFunctionRegistry   : Registering alternate key : offset datetime -> offset_datetime
2025-08-24T11:32:52.498+03:30 DEBUG 1188 --- [ChiDaram App] [           main] o.h.q.sqm.function.SqmFunctionRegistry   : Registered SqmFunctionTemplate [org.hibernate.dialect.function.CurrentFunction@65d3d7d7] under instant; prior registration was null
2025-08-24T11:32:52.498+03:30 DEBUG 1188 --- [ChiDaram App] [           main] o.h.q.sqm.function.SqmFunctionRegistry   : Registering alternate key : current_instant -> instant
2025-08-24T11:32:52.498+03:30 DEBUG 1188 --- [ChiDaram App] [           main] o.h.q.sqm.function.SqmFunctionRegistry   : Registered SqmFunctionTemplate [org.hibernate.dialect.function.SqlFunction@296ca76c] under sql; prior registration was null
2025-08-24T11:32:52.498+03:30 DEBUG 1188 --- [ChiDaram App] [           main] o.h.q.sqm.function.SqmFunctionRegistry   : Registered SqmFunctionTemplate [NamedSqmFunctionTemplate(cot)] under cot; prior registration was null
2025-08-24T11:32:52.498+03:30 DEBUG 1188 --- [ChiDaram App] [           main] o.h.q.sqm.function.SqmFunctionRegistry   : Registered SqmFunctionTemplate [NamedSqmFunctionTemplate(radians)] under radians; prior registration was null
2025-08-24T11:32:52.498+03:30 DEBUG 1188 --- [ChiDaram App] [           main] o.h.q.sqm.function.SqmFunctionRegistry   : Registered SqmFunctionTemplate [NamedSqmFunctionTemplate(degrees)] under degrees; prior registration was null
2025-08-24T11:32:52.498+03:30 DEBUG 1188 --- [ChiDaram App] [           main] o.h.q.sqm.function.SqmFunctionRegistry   : Registered SqmFunctionTemplate [NamedSqmFunctionTemplate(log)] under log; prior registration was org.hibernate.query.sqm.function.PatternBasedSqmFunctionDescriptor@4bca8be2
2025-08-24T11:32:52.498+03:30 DEBUG 1188 --- [ChiDaram App] [           main] o.h.q.sqm.function.SqmFunctionRegistry   : Registered SqmFunctionTemplate [org.hibernate.query.sqm.function.PatternBasedSqmFunctionDescriptor@129e564f] under mod; prior registration was NamedSqmFunctionTemplate(mod)
2025-08-24T11:32:52.498+03:30 DEBUG 1188 --- [ChiDaram App] [           main] o.h.q.sqm.function.SqmFunctionRegistry   : Registered SqmFunctionTemplate [NamedSqmFunctionTemplate(log10)] under log10; prior registration was null
2025-08-24T11:32:52.499+03:30 DEBUG 1188 --- [ChiDaram App] [           main] o.h.q.sqm.function.SqmFunctionRegistry   : Registered SqmFunctionTemplate [NamedSqmFunctionTemplate(tanh)] under tanh; prior registration was org.hibernate.query.sqm.function.PatternBasedSqmFunctionDescriptor@30ca1686
2025-08-24T11:32:52.499+03:30 DEBUG 1188 --- [ChiDaram App] [           main] o.h.q.sqm.function.SqmFunctionRegistry   : Registered SqmFunctionTemplate [NamedSqmFunctionTemplate(sinh)] under sinh; prior registration was org.hibernate.query.sqm.function.PatternBasedSqmFunctionDescriptor@321c6e0c
2025-08-24T11:32:52.499+03:30 DEBUG 1188 --- [ChiDaram App] [           main] o.h.q.sqm.function.SqmFunctionRegistry   : Registered SqmFunctionTemplate [NamedSqmFunctionTemplate(cosh)] under cosh; prior registration was org.hibernate.query.sqm.function.PatternBasedSqmFunctionDescriptor@1f953288
2025-08-24T11:32:52.499+03:30 DEBUG 1188 --- [ChiDaram App] [           main] o.h.q.sqm.function.SqmFunctionRegistry   : Registered SqmFunctionTemplate [NamedSqmFunctionTemplate(acosh)] under acosh; prior registration was null
2025-08-24T11:32:52.499+03:30 DEBUG 1188 --- [ChiDaram App] [           main] o.h.q.sqm.function.SqmFunctionRegistry   : Registered SqmFunctionTemplate [NamedSqmFunctionTemplate(asinh)] under asinh; prior registration was null
2025-08-24T11:32:52.499+03:30 DEBUG 1188 --- [ChiDaram App] [           main] o.h.q.sqm.function.SqmFunctionRegistry   : Registered SqmFunctionTemplate [NamedSqmFunctionTemplate(atanh)] under atanh; prior registration was null
2025-08-24T11:32:52.499+03:30 DEBUG 1188 --- [ChiDaram App] [           main] o.h.q.sqm.function.SqmFunctionRegistry   : Registered SqmFunctionTemplate [NamedSqmFunctionTemplate(cbrt)] under cbrt; prior registration was null
2025-08-24T11:32:52.499+03:30 DEBUG 1188 --- [ChiDaram App] [           main] o.h.q.sqm.function.SqmFunctionRegistry   : Registered SqmFunctionTemplate [NamedSqmFunctionTemplate(pi)] under pi; prior registration was org.hibernate.query.sqm.function.PatternBasedSqmFunctionDescriptor@1a77faae
2025-08-24T11:32:52.499+03:30 DEBUG 1188 --- [ChiDaram App] [           main] o.h.q.sqm.function.SqmFunctionRegistry   : Registered SqmFunctionTemplate [NamedSqmFunctionTemplate(ltrim)] under ltrim; prior registration was null
2025-08-24T11:32:52.499+03:30 DEBUG 1188 --- [ChiDaram App] [           main] o.h.q.sqm.function.SqmFunctionRegistry   : Registered SqmFunctionTemplate [NamedSqmFunctionTemplate(rtrim)] under rtrim; prior registration was null
2025-08-24T11:32:52.500+03:30 DEBUG 1188 --- [ChiDaram App] [           main] o.h.q.sqm.function.SqmFunctionRegistry   : Registered SqmFunctionTemplate [NamedSqmFunctionTemplate(repeat)] under repeat; prior registration was null
2025-08-24T11:32:52.500+03:30 DEBUG 1188 --- [ChiDaram App] [           main] o.h.q.sqm.function.SqmFunctionRegistry   : Registered SqmFunctionTemplate [NamedSqmFunctionTemplate(md5)] under md5; prior registration was null
2025-08-24T11:32:52.500+03:30 DEBUG 1188 --- [ChiDaram App] [           main] o.h.q.sqm.function.SqmFunctionRegistry   : Registered SqmFunctionTemplate [NamedSqmFunctionTemplate(initcap)] under initcap; prior registration was null
2025-08-24T11:32:52.500+03:30 DEBUG 1188 --- [ChiDaram App] [           main] o.h.q.sqm.function.SqmFunctionRegistry   : Registered SqmFunctionTemplate [NamedSqmFunctionTemplate(substr)] under substr; prior registration was null
2025-08-24T11:32:52.500+03:30 DEBUG 1188 --- [ChiDaram App] [           main] o.h.q.sqm.function.SqmFunctionRegistry   : Registered SqmFunctionTemplate [NamedSqmFunctionTemplate(substr)] under substring; prior registration was NamedSqmFunctionTemplate(substring)
2025-08-24T11:32:52.500+03:30 DEBUG 1188 --- [ChiDaram App] [           main] o.h.q.sqm.function.SqmFunctionRegistry   : Registered SqmFunctionTemplate [NamedSqmFunctionTemplate(translate)] under translate; prior registration was null
2025-08-24T11:32:52.500+03:30 DEBUG 1188 --- [ChiDaram App] [           main] o.h.q.sqm.function.SqmFunctionRegistry   : Registered SqmFunctionTemplate [NamedSqmFunctionTemplate(to_number)] under to_number; prior registration was null
2025-08-24T11:32:52.500+03:30 DEBUG 1188 --- [ChiDaram App] [           main] o.h.q.sqm.function.SqmFunctionRegistry   : Registered SqmFunctionTemplate [NamedSqmFunctionTemplate(to_char)] under to_char; prior registration was null
2025-08-24T11:32:52.500+03:30 DEBUG 1188 --- [ChiDaram App] [           main] o.h.q.sqm.function.SqmFunctionRegistry   : Registered SqmFunctionTemplate [NamedSqmFunctionTemplate(to_date)] under to_date; prior registration was null
2025-08-24T11:32:52.500+03:30 DEBUG 1188 --- [ChiDaram App] [           main] o.h.q.sqm.function.SqmFunctionRegistry   : Registered SqmFunctionTemplate [NamedSqmFunctionTemplate(to_timestamp)] under to_timestamp; prior registration was null
2025-08-24T11:32:52.501+03:30 DEBUG 1188 --- [ChiDaram App] [           main] o.h.q.sqm.function.SqmFunctionRegistry   : Registered SqmFunctionTemplate [org.hibernate.dialect.function.ConcatPipeFunction@3d6527bf] under concat; prior registration was NamedSqmFunctionTemplate(concat)
2025-08-24T11:32:52.501+03:30 DEBUG 1188 --- [ChiDaram App] [           main] o.h.q.sqm.function.SqmFunctionRegistry   : Registered SqmFunctionTemplate [NamedSqmFunctionTemplate(localtime)] under localtime; prior registration was null
2025-08-24T11:32:52.501+03:30 DEBUG 1188 --- [ChiDaram App] [           main] o.h.q.sqm.function.SqmFunctionRegistry   : Registered SqmFunctionTemplate [NamedSqmFunctionTemplate(localtimestamp)] under localtimestamp; prior registration was null
2025-08-24T11:32:52.501+03:30 DEBUG 1188 --- [ChiDaram App] [           main] o.h.q.sqm.function.SqmFunctionRegistry   : Registered SqmFunctionTemplate [NamedSqmFunctionTemplate(localtime)] under local_time; prior registration was org.hibernate.dialect.function.CurrentFunction@330fff8e
2025-08-24T11:32:52.501+03:30 DEBUG 1188 --- [ChiDaram App] [           main] o.h.q.sqm.function.SqmFunctionRegistry   : Registered SqmFunctionTemplate [NamedSqmFunctionTemplate(localtimestamp)] under local_datetime; prior registration was org.hibernate.dialect.function.CurrentFunction@3ee0a533
2025-08-24T11:32:52.501+03:30 DEBUG 1188 --- [ChiDaram App] [           main] o.h.q.sqm.function.SqmFunctionRegistry   : Registered SqmFunctionTemplate [org.hibernate.dialect.function.LengthFunction@46f322ab] under character_length; prior registration was NamedSqmFunctionTemplate(character_length)
2025-08-24T11:32:52.501+03:30 DEBUG 1188 --- [ChiDaram App] [           main] o.h.q.sqm.function.SqmFunctionRegistry   : Registering alternate key : length -> character_length
2025-08-24T11:32:52.501+03:30 DEBUG 1188 --- [ChiDaram App] [           main] o.h.q.sqm.function.SqmFunctionRegistry   : Registered SqmFunctionTemplate [org.hibernate.dialect.function.LengthFunction@ae8aade] under bit_length; prior registration was null
2025-08-24T11:32:52.502+03:30 DEBUG 1188 --- [ChiDaram App] [           main] o.h.q.sqm.function.SqmFunctionRegistry   : Registered SqmFunctionTemplate [org.hibernate.dialect.function.LengthFunction@6a24b9e2] under octet_length; prior registration was null
2025-08-24T11:32:52.504+03:30 DEBUG 1188 --- [ChiDaram App] [           main] o.h.q.sqm.function.SqmFunctionRegistry   : Registered SqmFunctionTemplate [NamedSqmFunctionTemplate(ascii)] under ascii; prior registration was null
2025-08-24T11:32:52.504+03:30 DEBUG 1188 --- [ChiDaram App] [           main] o.h.q.sqm.function.SqmFunctionRegistry   : Registered SqmFunctionTemplate [NamedSqmFunctionTemplate(chr)] under chr; prior registration was null
2025-08-24T11:32:52.505+03:30 DEBUG 1188 --- [ChiDaram App] [           main] o.h.q.sqm.function.SqmFunctionRegistry   : Registering alternate key : char -> chr
2025-08-24T11:32:52.505+03:30 DEBUG 1188 --- [ChiDaram App] [           main] o.h.q.sqm.function.SqmFunctionRegistry   : Registered SqmFunctionTemplate [org.hibernate.query.sqm.function.PatternBasedSqmFunctionDescriptor@7e6833c6] under position; prior registration was org.hibernate.dialect.function.LocatePositionEmulation@7dfdf161
2025-08-24T11:32:52.505+03:30 DEBUG 1188 --- [ChiDaram App] [           main] o.h.q.sqm.function.SqmFunctionRegistry   : Registered SqmFunctionTemplate [org.hibernate.query.sqm.function.PatternBasedSqmFunctionDescriptor@21d1a0da] under bitand; prior registration was null
2025-08-24T11:32:52.505+03:30 DEBUG 1188 --- [ChiDaram App] [           main] o.h.q.sqm.function.SqmFunctionRegistry   : Registered SqmFunctionTemplate [org.hibernate.query.sqm.function.PatternBasedSqmFunctionDescriptor@6ea04064] under bitor; prior registration was null
2025-08-24T11:32:52.505+03:30 DEBUG 1188 --- [ChiDaram App] [           main] o.h.q.sqm.function.SqmFunctionRegistry   : Registered SqmFunctionTemplate [org.hibernate.query.sqm.function.PatternBasedSqmFunctionDescriptor@21041ffb] under bitxor; prior registration was null
2025-08-24T11:32:52.505+03:30 DEBUG 1188 --- [ChiDaram App] [           main] o.h.q.sqm.function.SqmFunctionRegistry   : Registered SqmFunctionTemplate [org.hibernate.query.sqm.function.PatternBasedSqmFunctionDescriptor@1ecdfe1e] under bitnot; prior registration was null
2025-08-24T11:32:52.505+03:30 DEBUG 1188 --- [ChiDaram App] [           main] o.h.q.sqm.function.SqmFunctionRegistry   : Registered SqmFunctionTemplate [NamedSqmFunctionTemplate(bit_and)] under bit_and; prior registration was null
2025-08-24T11:32:52.505+03:30 DEBUG 1188 --- [ChiDaram App] [           main] o.h.q.sqm.function.SqmFunctionRegistry   : Registered SqmFunctionTemplate [NamedSqmFunctionTemplate(bit_or)] under bit_or; prior registration was null
2025-08-24T11:32:52.505+03:30 DEBUG 1188 --- [ChiDaram App] [           main] o.h.q.sqm.function.SqmFunctionRegistry   : Registered SqmFunctionTemplate [NamedSqmFunctionTemplate(bool_and)] under bool_and; prior registration was null
2025-08-24T11:32:52.505+03:30 DEBUG 1188 --- [ChiDaram App] [           main] o.h.q.sqm.function.SqmFunctionRegistry   : Registering alternate key : every -> bool_and
2025-08-24T11:32:52.505+03:30 DEBUG 1188 --- [ChiDaram App] [           main] o.h.q.sqm.function.SqmFunctionRegistry   : Registered SqmFunctionTemplate [NamedSqmFunctionTemplate(bool_or)] under bool_or; prior registration was null
2025-08-24T11:32:52.505+03:30 DEBUG 1188 --- [ChiDaram App] [           main] o.h.q.sqm.function.SqmFunctionRegistry   : Registering alternate key : any -> bool_or
2025-08-24T11:32:52.506+03:30 DEBUG 1188 --- [ChiDaram App] [           main] o.h.q.sqm.function.SqmFunctionRegistry   : Registered SqmFunctionTemplate [org.hibernate.query.sqm.function.PatternBasedSqmFunctionDescriptor@32b64a6d] under median; prior registration was null
2025-08-24T11:32:52.506+03:30 DEBUG 1188 --- [ChiDaram App] [           main] o.h.q.sqm.function.SqmFunctionRegistry   : Registered SqmFunctionTemplate [NamedSqmFunctionTemplate(stddev)] under stddev; prior registration was null
2025-08-24T11:32:52.506+03:30 DEBUG 1188 --- [ChiDaram App] [           main] o.h.q.sqm.function.SqmFunctionRegistry   : Registered SqmFunctionTemplate [NamedSqmFunctionTemplate(stddev_pop)] under stddev_pop; prior registration was null
2025-08-24T11:32:52.506+03:30 DEBUG 1188 --- [ChiDaram App] [           main] o.h.q.sqm.function.SqmFunctionRegistry   : Registered SqmFunctionTemplate [NamedSqmFunctionTemplate(stddev_samp)] under stddev_samp; prior registration was null
2025-08-24T11:32:52.506+03:30 DEBUG 1188 --- [ChiDaram App] [           main] o.h.q.sqm.function.SqmFunctionRegistry   : Registered SqmFunctionTemplate [NamedSqmFunctionTemplate(variance)] under variance; prior registration was null
2025-08-24T11:32:52.506+03:30 DEBUG 1188 --- [ChiDaram App] [           main] o.h.q.sqm.function.SqmFunctionRegistry   : Registered SqmFunctionTemplate [NamedSqmFunctionTemplate(var_pop)] under var_pop; prior registration was null
2025-08-24T11:32:52.506+03:30 DEBUG 1188 --- [ChiDaram App] [           main] o.h.q.sqm.function.SqmFunctionRegistry   : Registered SqmFunctionTemplate [NamedSqmFunctionTemplate(var_samp)] under var_samp; prior registration was null
2025-08-24T11:32:52.506+03:30 DEBUG 1188 --- [ChiDaram App] [           main] o.h.q.sqm.function.SqmFunctionRegistry   : Registered SqmFunctionTemplate [NamedSqmFunctionTemplate(covar_pop)] under covar_pop; prior registration was null
2025-08-24T11:32:52.506+03:30 DEBUG 1188 --- [ChiDaram App] [           main] o.h.q.sqm.function.SqmFunctionRegistry   : Registered SqmFunctionTemplate [NamedSqmFunctionTemplate(covar_samp)] under covar_samp; prior registration was null
2025-08-24T11:32:52.509+03:30 DEBUG 1188 --- [ChiDaram App] [           main] o.h.q.sqm.function.SqmFunctionRegistry   : Registered SqmFunctionTemplate [NamedSqmFunctionTemplate(corr)] under corr; prior registration was null
2025-08-24T11:32:52.509+03:30 DEBUG 1188 --- [ChiDaram App] [           main] o.h.q.sqm.function.SqmFunctionRegistry   : Registered SqmFunctionTemplate [NamedSqmFunctionTemplate(regr_avgx)] under regr_avgx; prior registration was null
2025-08-24T11:32:52.510+03:30 DEBUG 1188 --- [ChiDaram App] [           main] o.h.q.sqm.function.SqmFunctionRegistry   : Registered SqmFunctionTemplate [NamedSqmFunctionTemplate(regr_avgy)] under regr_avgy; prior registration was null
2025-08-24T11:32:52.510+03:30 DEBUG 1188 --- [ChiDaram App] [           main] o.h.q.sqm.function.SqmFunctionRegistry   : Registered SqmFunctionTemplate [NamedSqmFunctionTemplate(regr_count)] under regr_count; prior registration was null
2025-08-24T11:32:52.510+03:30 DEBUG 1188 --- [ChiDaram App] [           main] o.h.q.sqm.function.SqmFunctionRegistry   : Registered SqmFunctionTemplate [NamedSqmFunctionTemplate(regr_intercept)] under regr_intercept; prior registration was null
2025-08-24T11:32:52.510+03:30 DEBUG 1188 --- [ChiDaram App] [           main] o.h.q.sqm.function.SqmFunctionRegistry   : Registered SqmFunctionTemplate [NamedSqmFunctionTemplate(regr_r2)] under regr_r2; prior registration was null
2025-08-24T11:32:52.510+03:30 DEBUG 1188 --- [ChiDaram App] [           main] o.h.q.sqm.function.SqmFunctionRegistry   : Registered SqmFunctionTemplate [NamedSqmFunctionTemplate(regr_slope)] under regr_slope; prior registration was null
2025-08-24T11:32:52.510+03:30 DEBUG 1188 --- [ChiDaram App] [           main] o.h.q.sqm.function.SqmFunctionRegistry   : Registered SqmFunctionTemplate [NamedSqmFunctionTemplate(regr_sxx)] under regr_sxx; prior registration was null
2025-08-24T11:32:52.510+03:30 DEBUG 1188 --- [ChiDaram App] [           main] o.h.q.sqm.function.SqmFunctionRegistry   : Registered SqmFunctionTemplate [NamedSqmFunctionTemplate(regr_sxy)] under regr_sxy; prior registration was null
2025-08-24T11:32:52.510+03:30 DEBUG 1188 --- [ChiDaram App] [           main] o.h.q.sqm.function.SqmFunctionRegistry   : Registered SqmFunctionTemplate [NamedSqmFunctionTemplate(regr_syy)] under regr_syy; prior registration was null
2025-08-24T11:32:52.510+03:30 DEBUG 1188 --- [ChiDaram App] [           main] o.h.q.sqm.function.SqmFunctionRegistry   : Registered SqmFunctionTemplate [org.hibernate.query.sqm.function.PatternBasedSqmFunctionDescriptor@5ef98f3f] under insert; prior registration was null
2025-08-24T11:32:52.511+03:30 DEBUG 1188 --- [ChiDaram App] [           main] o.h.q.sqm.function.SqmFunctionRegistry   : Registered SqmFunctionTemplate [org.hibernate.query.sqm.function.MultipatternSqmFunctionDescriptor@5f83a8dc] under overlay; prior registration was org.hibernate.dialect.function.InsertSubstringOverlayEmulation@1de3a67e
2025-08-24T11:32:52.511+03:30 DEBUG 1188 --- [ChiDaram App] [           main] o.h.q.sqm.function.SqmFunctionRegistry   : Registered SqmFunctionTemplate [NamedSqmFunctionTemplate(soundex)] under soundex; prior registration was null
2025-08-24T11:32:52.519+03:30 DEBUG 1188 --- [ChiDaram App] [           main] o.h.q.sqm.function.SqmFunctionRegistry   : Registered SqmFunctionTemplate [org.hibernate.query.sqm.function.MultipatternSqmFunctionDescriptor@2e4f903c] under locate; prior registration was NamedSqmFunctionTemplate(locate)
2025-08-24T11:32:52.520+03:30 DEBUG 1188 --- [ChiDaram App] [           main] o.h.q.sqm.function.SqmFunctionRegistry   : Registered SqmFunctionTemplate [NamedSqmFunctionTemplate(row_number)] under row_number; prior registration was null
2025-08-24T11:32:52.520+03:30 DEBUG 1188 --- [ChiDaram App] [           main] o.h.q.sqm.function.SqmFunctionRegistry   : Registered SqmFunctionTemplate [NamedSqmFunctionTemplate(lag)] under lag; prior registration was null
2025-08-24T11:32:52.520+03:30 DEBUG 1188 --- [ChiDaram App] [           main] o.h.q.sqm.function.SqmFunctionRegistry   : Registered SqmFunctionTemplate [NamedSqmFunctionTemplate(lead)] under lead; prior registration was null
2025-08-24T11:32:52.521+03:30 DEBUG 1188 --- [ChiDaram App] [           main] o.h.q.sqm.function.SqmFunctionRegistry   : Registered SqmFunctionTemplate [NamedSqmFunctionTemplate(first_value)] under first_value; prior registration was null
2025-08-24T11:32:52.521+03:30 DEBUG 1188 --- [ChiDaram App] [           main] o.h.q.sqm.function.SqmFunctionRegistry   : Registered SqmFunctionTemplate [NamedSqmFunctionTemplate(last_value)] under last_value; prior registration was null
2025-08-24T11:32:52.521+03:30 DEBUG 1188 --- [ChiDaram App] [           main] o.h.q.sqm.function.SqmFunctionRegistry   : Registered SqmFunctionTemplate [NamedSqmFunctionTemplate(nth_value)] under nth_value; prior registration was null
2025-08-24T11:32:52.521+03:30 DEBUG 1188 --- [ChiDaram App] [           main] o.h.q.sqm.function.SqmFunctionRegistry   : Registered SqmFunctionTemplate [org.hibernate.dialect.function.ListaggStringAggEmulation@2e2a42ba] under listagg; prior registration was null
2025-08-24T11:32:52.521+03:30 DEBUG 1188 --- [ChiDaram App] [           main] o.h.q.sqm.function.SqmFunctionRegistry   : Registered SqmFunctionTemplate [org.hibernate.dialect.function.array.PostgreSQLArrayConstructorFunction@3cb8b037] under array; prior registration was null
2025-08-24T11:32:52.521+03:30 DEBUG 1188 --- [ChiDaram App] [           main] o.h.q.sqm.function.SqmFunctionRegistry   : Registered SqmFunctionTemplate [org.hibernate.dialect.function.array.PostgreSQLArrayConstructorFunction@7e3f3a34] under array_list; prior registration was null
2025-08-24T11:32:52.521+03:30 DEBUG 1188 --- [ChiDaram App] [           main] o.h.q.sqm.function.SqmFunctionRegistry   : Registered SqmFunctionTemplate [org.hibernate.dialect.function.array.ArrayAggFunction@2c238bbf] under array_agg; prior registration was null
2025-08-24T11:32:52.521+03:30 DEBUG 1188 --- [ChiDaram App] [           main] o.h.q.sqm.function.SqmFunctionRegistry   : Registered SqmFunctionTemplate [org.hibernate.dialect.function.array.PostgreSQLArrayPositionFunction@50603313] under array_position; prior registration was null
2025-08-24T11:32:52.526+03:30 DEBUG 1188 --- [ChiDaram App] [           main] o.h.q.sqm.function.SqmFunctionRegistry   : Registered SqmFunctionTemplate [org.hibernate.dialect.function.array.PostgreSQLArrayPositionsFunction@2ec969ba] under array_positions; prior registration was null
2025-08-24T11:32:52.527+03:30 DEBUG 1188 --- [ChiDaram App] [           main] o.h.q.sqm.function.SqmFunctionRegistry   : Registered SqmFunctionTemplate [org.hibernate.dialect.function.array.PostgreSQLArrayPositionsFunction@4f2e21d7] under array_positions_list; prior registration was null
2025-08-24T11:32:52.528+03:30 DEBUG 1188 --- [ChiDaram App] [           main] o.h.q.sqm.function.SqmFunctionRegistry   : Registered SqmFunctionTemplate [org.hibernate.query.sqm.function.PatternBasedSqmFunctionDescriptor@6666410a] under array_length; prior registration was null
2025-08-24T11:32:52.528+03:30 DEBUG 1188 --- [ChiDaram App] [           main] o.h.q.sqm.function.SqmFunctionRegistry   : Registered SqmFunctionTemplate [org.hibernate.dialect.function.array.PostgreSQLArrayConcatFunction@30760c5] under array_concat; prior registration was null
2025-08-24T11:32:52.528+03:30 DEBUG 1188 --- [ChiDaram App] [           main] o.h.q.sqm.function.SqmFunctionRegistry   : Registered SqmFunctionTemplate [org.hibernate.dialect.function.array.PostgreSQLArrayConcatElementFunction@26a8e303] under array_prepend; prior registration was null
2025-08-24T11:32:52.528+03:30 DEBUG 1188 --- [ChiDaram App] [           main] o.h.q.sqm.function.SqmFunctionRegistry   : Registered SqmFunctionTemplate [org.hibernate.dialect.function.array.PostgreSQLArrayConcatElementFunction@18365e98] under array_append; prior registration was null
2025-08-24T11:32:52.529+03:30 DEBUG 1188 --- [ChiDaram App] [           main] o.h.q.sqm.function.SqmFunctionRegistry   : Registered SqmFunctionTemplate [org.hibernate.dialect.function.array.ArrayContainsOperatorFunction@4c8c3285] under array_contains; prior registration was null
2025-08-24T11:32:52.529+03:30 DEBUG 1188 --- [ChiDaram App] [           main] o.h.q.sqm.function.SqmFunctionRegistry   : Registered SqmFunctionTemplate [org.hibernate.dialect.function.array.ArrayContainsOperatorFunction@74b57299] under array_contains_nullable; prior registration was null
2025-08-24T11:32:52.530+03:30 DEBUG 1188 --- [ChiDaram App] [           main] o.h.q.sqm.function.SqmFunctionRegistry   : Registered SqmFunctionTemplate [org.hibernate.dialect.function.array.ArrayOverlapsOperatorFunction@156437f7] under array_overlaps; prior registration was null
2025-08-24T11:32:52.531+03:30 DEBUG 1188 --- [ChiDaram App] [           main] o.h.q.sqm.function.SqmFunctionRegistry   : Registered SqmFunctionTemplate [org.hibernate.dialect.function.array.ArrayOverlapsOperatorFunction@3f8c695d] under array_overlaps_nullable; prior registration was null
2025-08-24T11:32:52.531+03:30 DEBUG 1188 --- [ChiDaram App] [           main] o.h.q.sqm.function.SqmFunctionRegistry   : Registered SqmFunctionTemplate [org.hibernate.query.sqm.function.PatternBasedSqmFunctionDescriptor@12b96c33] under array_get; prior registration was null
2025-08-24T11:32:52.531+03:30 DEBUG 1188 --- [ChiDaram App] [           main] o.h.q.sqm.function.SqmFunctionRegistry   : Registered SqmFunctionTemplate [org.hibernate.dialect.function.array.ArraySetUnnestFunction@4d47f547] under array_set; prior registration was null
2025-08-24T11:32:52.531+03:30 DEBUG 1188 --- [ChiDaram App] [           main] o.h.q.sqm.function.SqmFunctionRegistry   : Registered SqmFunctionTemplate [NamedSqmFunctionTemplate(array_remove)] under array_remove; prior registration was null
2025-08-24T11:32:52.531+03:30 DEBUG 1188 --- [ChiDaram App] [           main] o.h.q.sqm.function.SqmFunctionRegistry   : Registered SqmFunctionTemplate [org.hibernate.dialect.function.array.ArrayRemoveIndexUnnestFunction@79a8b897] under array_remove_index; prior registration was null
2025-08-24T11:32:52.531+03:30 DEBUG 1188 --- [ChiDaram App] [           main] o.h.q.sqm.function.SqmFunctionRegistry   : Registered SqmFunctionTemplate [org.hibernate.query.sqm.function.PatternBasedSqmFunctionDescriptor@2532e07e] under array_slice; prior registration was null
2025-08-24T11:32:52.532+03:30 DEBUG 1188 --- [ChiDaram App] [           main] o.h.q.sqm.function.SqmFunctionRegistry   : Registered SqmFunctionTemplate [NamedSqmFunctionTemplate(array_replace)] under array_replace; prior registration was null
2025-08-24T11:32:52.532+03:30 DEBUG 1188 --- [ChiDaram App] [           main] o.h.q.sqm.function.SqmFunctionRegistry   : Registered SqmFunctionTemplate [org.hibernate.query.sqm.function.PatternBasedSqmFunctionDescriptor@7c33d81f] under array_trim; prior registration was null
2025-08-24T11:32:52.533+03:30 DEBUG 1188 --- [ChiDaram App] [           main] o.h.q.sqm.function.SqmFunctionRegistry   : Registered SqmFunctionTemplate [org.hibernate.dialect.function.array.PostgreSQLArrayFillFunction@e2cf713] under array_fill; prior registration was null
2025-08-24T11:32:52.535+03:30 DEBUG 1188 --- [ChiDaram App] [           main] o.h.q.sqm.function.SqmFunctionRegistry   : Registered SqmFunctionTemplate [org.hibernate.dialect.function.array.PostgreSQLArrayFillFunction@32fc8a41] under array_fill_list; prior registration was null
2025-08-24T11:32:52.535+03:30 DEBUG 1188 --- [ChiDaram App] [           main] o.h.q.sqm.function.SqmFunctionRegistry   : Registered SqmFunctionTemplate [org.hibernate.dialect.function.array.ArrayToStringFunction@ffad70] under array_to_string; prior registration was null
2025-08-24T11:32:52.535+03:30 DEBUG 1188 --- [ChiDaram App] [           main] o.h.q.sqm.function.SqmFunctionRegistry   : Registered SqmFunctionTemplate [NamedSqmFunctionTemplate(make_date)] under make_date; prior registration was null
2025-08-24T11:32:52.536+03:30 DEBUG 1188 --- [ChiDaram App] [           main] o.h.q.sqm.function.SqmFunctionRegistry   : Registered SqmFunctionTemplate [NamedSqmFunctionTemplate(make_time)] under make_time; prior registration was null
2025-08-24T11:32:52.537+03:30 DEBUG 1188 --- [ChiDaram App] [           main] o.h.q.sqm.function.SqmFunctionRegistry   : Registered SqmFunctionTemplate [NamedSqmFunctionTemplate(make_timestamp)] under make_timestamp; prior registration was null
2025-08-24T11:32:52.538+03:30 DEBUG 1188 --- [ChiDaram App] [           main] o.h.q.sqm.function.SqmFunctionRegistry   : Registered SqmFunctionTemplate [NamedSqmFunctionTemplate(make_timestamptz)] under make_timestamptz; prior registration was null
2025-08-24T11:32:52.538+03:30 DEBUG 1188 --- [ChiDaram App] [           main] o.h.q.sqm.function.SqmFunctionRegistry   : Registered SqmFunctionTemplate [org.hibernate.dialect.function.InverseDistributionFunction@62ee7e50] under mode; prior registration was null
2025-08-24T11:32:52.538+03:30 DEBUG 1188 --- [ChiDaram App] [           main] o.h.q.sqm.function.SqmFunctionRegistry   : Registered SqmFunctionTemplate [org.hibernate.dialect.function.InverseDistributionFunction@b939971] under percentile_cont; prior registration was null
2025-08-24T11:32:52.538+03:30 DEBUG 1188 --- [ChiDaram App] [           main] o.h.q.sqm.function.SqmFunctionRegistry   : Registered SqmFunctionTemplate [org.hibernate.dialect.function.InverseDistributionFunction@5debb4c0] under percentile_disc; prior registration was null
2025-08-24T11:32:52.538+03:30 DEBUG 1188 --- [ChiDaram App] [           main] o.h.q.sqm.function.SqmFunctionRegistry   : Registered SqmFunctionTemplate [org.hibernate.dialect.function.HypotheticalSetFunction@20821620] under rank; prior registration was null
2025-08-24T11:32:52.538+03:30 DEBUG 1188 --- [ChiDaram App] [           main] o.h.q.sqm.function.SqmFunctionRegistry   : Registered SqmFunctionTemplate [org.hibernate.dialect.function.HypotheticalSetFunction@310ff09e] under dense_rank; prior registration was null
2025-08-24T11:32:52.538+03:30 DEBUG 1188 --- [ChiDaram App] [           main] o.h.q.sqm.function.SqmFunctionRegistry   : Registered SqmFunctionTemplate [org.hibernate.dialect.function.HypotheticalSetFunction@26c0afdf] under percent_rank; prior registration was null
2025-08-24T11:32:52.538+03:30 DEBUG 1188 --- [ChiDaram App] [           main] o.h.q.sqm.function.SqmFunctionRegistry   : Registered SqmFunctionTemplate [org.hibernate.dialect.function.HypotheticalSetFunction@260d5273] under cume_dist; prior registration was null
2025-08-24T11:32:52.538+03:30 DEBUG 1188 --- [ChiDaram App] [           main] o.h.q.sqm.function.SqmFunctionRegistry   : Registered SqmFunctionTemplate [org.hibernate.dialect.function.PostgreSQLMinMaxFunction@160e6384] under min; prior registration was NamedSqmFunctionTemplate(min)
2025-08-24T11:32:52.539+03:30 DEBUG 1188 --- [ChiDaram App] [           main] o.h.q.sqm.function.SqmFunctionRegistry   : Registered SqmFunctionTemplate [org.hibernate.dialect.function.PostgreSQLMinMaxFunction@584bfadb] under max; prior registration was NamedSqmFunctionTemplate(max)
2025-08-24T11:32:52.539+03:30 DEBUG 1188 --- [ChiDaram App] [           main] o.h.q.sqm.function.SqmFunctionRegistry   : Registered SqmFunctionTemplate [org.hibernate.query.sqm.function.PatternBasedSqmFunctionDescriptor@7bd6185a] under bitxor; prior registration was org.hibernate.query.sqm.function.PatternBasedSqmFunctionDescriptor@21041ffb
2025-08-24T11:32:52.539+03:30 DEBUG 1188 --- [ChiDaram App] [           main] o.h.q.sqm.function.SqmFunctionRegistry   : Registered SqmFunctionTemplate [org.hibernate.dialect.function.PostgreSQLTruncRoundFunction@37844399] under round; prior registration was NamedSqmFunctionTemplate(round)
2025-08-24T11:32:52.539+03:30 DEBUG 1188 --- [ChiDaram App] [           main] o.h.q.sqm.function.SqmFunctionRegistry   : Registered SqmFunctionTemplate [org.hibernate.dialect.function.PostgreSQLTruncFunction@527304ae] under trunc; prior registration was null
2025-08-24T11:32:52.541+03:30 DEBUG 1188 --- [ChiDaram App] [           main] o.h.q.sqm.function.SqmFunctionRegistry   : Registering alternate key : truncate -> trunc
2025-08-24T11:32:52.541+03:30 DEBUG 1188 --- [ChiDaram App] [           main] o.h.q.sqm.function.SqmFunctionRegistry   : Registered SqmFunctionTemplate [org.hibernate.query.sqm.function.PatternBasedSqmFunctionDescriptor@55e9b119] under date_trunc; prior registration was null
2025-08-24T11:32:52.542+03:30 DEBUG 1188 --- [ChiDaram App] [           main] org.hibernate.HQL_FUNCTIONS              : abs(NUMERIC arg)
2025-08-24T11:32:52.543+03:30 DEBUG 1188 --- [ChiDaram App] [           main] org.hibernate.HQL_FUNCTIONS              : Double acos(NUMERIC arg)
2025-08-24T11:32:52.543+03:30 DEBUG 1188 --- [ChiDaram App] [           main] org.hibernate.HQL_FUNCTIONS              : Double acosh(NUMERIC arg)
2025-08-24T11:32:52.543+03:30 DEBUG 1188 --- [ChiDaram App] [           main] org.hibernate.HQL_FUNCTIONS              : Boolean any(BOOLEAN predicate)
2025-08-24T11:32:52.543+03:30 DEBUG 1188 --- [ChiDaram App] [           main] org.hibernate.HQL_FUNCTIONS              : array( ... )
2025-08-24T11:32:52.543+03:30 DEBUG 1188 --- [ChiDaram App] [           main] org.hibernate.HQL_FUNCTIONS              : array_agg(arg)
2025-08-24T11:32:52.543+03:30 DEBUG 1188 --- [ChiDaram App] [           main] org.hibernate.HQL_FUNCTIONS              : array_append( ... )
2025-08-24T11:32:52.543+03:30 DEBUG 1188 --- [ChiDaram App] [           main] org.hibernate.HQL_FUNCTIONS              : array_concat( ... )
2025-08-24T11:32:52.543+03:30 DEBUG 1188 --- [ChiDaram App] [           main] org.hibernate.HQL_FUNCTIONS              : Boolean array_contains(ARRAY haystackArray, OBJECT needleElementOrArray)
2025-08-24T11:32:52.543+03:30 DEBUG 1188 --- [ChiDaram App] [           main] org.hibernate.HQL_FUNCTIONS              : Boolean array_contains_nullable(ARRAY haystackArray, OBJECT needleElementOrArray)
2025-08-24T11:32:52.543+03:30 DEBUG 1188 --- [ChiDaram App] [           main] org.hibernate.HQL_FUNCTIONS              : array_fill(OBJECT element, INTEGER elementCount)
2025-08-24T11:32:52.544+03:30 DEBUG 1188 --- [ChiDaram App] [           main] org.hibernate.HQL_FUNCTIONS              : array_fill_list(OBJECT element, INTEGER elementCount)
2025-08-24T11:32:52.544+03:30 DEBUG 1188 --- [ChiDaram App] [           main] org.hibernate.HQL_FUNCTIONS              : array_get(ARRAY array, INTEGER index)
2025-08-24T11:32:52.544+03:30 DEBUG 1188 --- [ChiDaram App] [           main] org.hibernate.HQL_FUNCTIONS              : Integer array_length(ARRAY array)
2025-08-24T11:32:52.544+03:30 DEBUG 1188 --- [ChiDaram App] [           main] org.hibernate.HQL_FUNCTIONS              : array_list( ... )
2025-08-24T11:32:52.544+03:30 DEBUG 1188 --- [ChiDaram App] [           main] org.hibernate.HQL_FUNCTIONS              : Boolean array_overlaps(ARRAY array0, OBJECT array1)
2025-08-24T11:32:52.544+03:30 DEBUG 1188 --- [ChiDaram App] [           main] org.hibernate.HQL_FUNCTIONS              : Boolean array_overlaps_nullable(ARRAY array0, OBJECT array1)
2025-08-24T11:32:52.544+03:30 DEBUG 1188 --- [ChiDaram App] [           main] org.hibernate.HQL_FUNCTIONS              : Integer array_position(ARRAY array, OBJECT element[, INTEGER startPosition])
2025-08-24T11:32:52.544+03:30 DEBUG 1188 --- [ChiDaram App] [           main] org.hibernate.HQL_FUNCTIONS              : int[] array_positions(ARRAY array, OBJECT element)
2025-08-24T11:32:52.544+03:30 DEBUG 1188 --- [ChiDaram App] [           main] org.hibernate.HQL_FUNCTIONS              : List array_positions_list(ARRAY array, OBJECT element)
2025-08-24T11:32:52.544+03:30 DEBUG 1188 --- [ChiDaram App] [           main] org.hibernate.HQL_FUNCTIONS              : array_prepend( ... )
2025-08-24T11:32:52.544+03:30 DEBUG 1188 --- [ChiDaram App] [           main] org.hibernate.HQL_FUNCTIONS              : array_remove( ... )
2025-08-24T11:32:52.544+03:30 DEBUG 1188 --- [ChiDaram App] [           main] org.hibernate.HQL_FUNCTIONS              : array_remove_index( ... )
2025-08-24T11:32:52.544+03:30 DEBUG 1188 --- [ChiDaram App] [           main] org.hibernate.HQL_FUNCTIONS              : array_replace(ARRAY array, OBJECT old, OBJECT new)
2025-08-24T11:32:52.544+03:30 DEBUG 1188 --- [ChiDaram App] [           main] org.hibernate.HQL_FUNCTIONS              : array_set( ... )
2025-08-24T11:32:52.545+03:30 DEBUG 1188 --- [ChiDaram App] [           main] org.hibernate.HQL_FUNCTIONS              : array_slice(ARRAY array, INTEGER start, INTEGER end)
2025-08-24T11:32:52.545+03:30 DEBUG 1188 --- [ChiDaram App] [           main] org.hibernate.HQL_FUNCTIONS              : String array_to_string( ... )
2025-08-24T11:32:52.545+03:30 DEBUG 1188 --- [ChiDaram App] [           main] org.hibernate.HQL_FUNCTIONS              : array_trim(ARRAY array, INTEGER elementsToRemove)
2025-08-24T11:32:52.545+03:30 DEBUG 1188 --- [ChiDaram App] [           main] org.hibernate.HQL_FUNCTIONS              : Integer ascii(STRING arg)
2025-08-24T11:32:52.545+03:30 DEBUG 1188 --- [ChiDaram App] [           main] org.hibernate.HQL_FUNCTIONS              : Double asin(NUMERIC arg)
2025-08-24T11:32:52.546+03:30 DEBUG 1188 --- [ChiDaram App] [           main] org.hibernate.HQL_FUNCTIONS              : Double asinh(NUMERIC arg)
2025-08-24T11:32:52.546+03:30 DEBUG 1188 --- [ChiDaram App] [           main] org.hibernate.HQL_FUNCTIONS              : Double atan(NUMERIC arg)
2025-08-24T11:32:52.546+03:30 DEBUG 1188 --- [ChiDaram App] [           main] org.hibernate.HQL_FUNCTIONS              : Double atan2(NUMERIC arg0, NUMERIC arg1)
2025-08-24T11:32:52.546+03:30 DEBUG 1188 --- [ChiDaram App] [           main] org.hibernate.HQL_FUNCTIONS              : Double atanh(NUMERIC arg)
2025-08-24T11:32:52.547+03:30 DEBUG 1188 --- [ChiDaram App] [           main] org.hibernate.HQL_FUNCTIONS              : avg(arg)
2025-08-24T11:32:52.547+03:30 DEBUG 1188 --- [ChiDaram App] [           main] org.hibernate.HQL_FUNCTIONS              : bit_and(arg)
2025-08-24T11:32:52.547+03:30 DEBUG 1188 --- [ChiDaram App] [           main] org.hibernate.HQL_FUNCTIONS              : Integer bit_length(STRING_OR_CLOB arg)
2025-08-24T11:32:52.547+03:30 DEBUG 1188 --- [ChiDaram App] [           main] org.hibernate.HQL_FUNCTIONS              : bit_or(arg)
2025-08-24T11:32:52.547+03:30 DEBUG 1188 --- [ChiDaram App] [           main] org.hibernate.HQL_FUNCTIONS              : bitand(arg0, arg1)
2025-08-24T11:32:52.547+03:30 DEBUG 1188 --- [ChiDaram App] [           main] org.hibernate.HQL_FUNCTIONS              : bitnot(arg)
2025-08-24T11:32:52.547+03:30 DEBUG 1188 --- [ChiDaram App] [           main] org.hibernate.HQL_FUNCTIONS              : bitor(arg0, arg1)
2025-08-24T11:32:52.547+03:30 DEBUG 1188 --- [ChiDaram App] [           main] org.hibernate.HQL_FUNCTIONS              : bitxor(arg0, arg1)
2025-08-24T11:32:52.547+03:30 DEBUG 1188 --- [ChiDaram App] [           main] org.hibernate.HQL_FUNCTIONS              : Boolean bool_and(BOOLEAN predicate)
2025-08-24T11:32:52.547+03:30 DEBUG 1188 --- [ChiDaram App] [           main] org.hibernate.HQL_FUNCTIONS              : Boolean bool_or(BOOLEAN predicate)
2025-08-24T11:32:52.548+03:30 DEBUG 1188 --- [ChiDaram App] [           main] org.hibernate.HQL_FUNCTIONS              : cast(arg as Type)
2025-08-24T11:32:52.549+03:30 DEBUG 1188 --- [ChiDaram App] [           main] org.hibernate.HQL_FUNCTIONS              : Double cbrt(NUMERIC arg)
2025-08-24T11:32:52.549+03:30 DEBUG 1188 --- [ChiDaram App] [           main] org.hibernate.HQL_FUNCTIONS              : ceiling(NUMERIC arg)
2025-08-24T11:32:52.549+03:30 DEBUG 1188 --- [ChiDaram App] [           main] org.hibernate.HQL_FUNCTIONS              : Character char(INTEGER arg)
2025-08-24T11:32:52.549+03:30 DEBUG 1188 --- [ChiDaram App] [           main] org.hibernate.HQL_FUNCTIONS              : Integer character_length(STRING_OR_CLOB arg)
2025-08-24T11:32:52.549+03:30 DEBUG 1188 --- [ChiDaram App] [           main] org.hibernate.HQL_FUNCTIONS              : Character chr(INTEGER arg)
2025-08-24T11:32:52.550+03:30 DEBUG 1188 --- [ChiDaram App] [           main] org.hibernate.HQL_FUNCTIONS              : coalesce(arg0[, arg1[, ...]])
2025-08-24T11:32:52.550+03:30 DEBUG 1188 --- [ChiDaram App] [           main] org.hibernate.HQL_FUNCTIONS              : String collate(STRING string as COLLATION collation)
2025-08-24T11:32:52.550+03:30 DEBUG 1188 --- [ChiDaram App] [           main] org.hibernate.HQL_FUNCTIONS              : (STRING string0[, STRING string1[, ...]])
2025-08-24T11:32:52.552+03:30 DEBUG 1188 --- [ChiDaram App] [           main] org.hibernate.HQL_FUNCTIONS              : Double corr(NUMERIC arg0, NUMERIC arg1)
2025-08-24T11:32:52.552+03:30 DEBUG 1188 --- [ChiDaram App] [           main] org.hibernate.HQL_FUNCTIONS              : Double cos(NUMERIC arg)
2025-08-24T11:32:52.552+03:30 DEBUG 1188 --- [ChiDaram App] [           main] org.hibernate.HQL_FUNCTIONS              : Double cosh(NUMERIC arg)
2025-08-24T11:32:52.552+03:30 DEBUG 1188 --- [ChiDaram App] [           main] org.hibernate.HQL_FUNCTIONS              : Double cot(NUMERIC arg)
2025-08-24T11:32:52.552+03:30 DEBUG 1188 --- [ChiDaram App] [           main] org.hibernate.HQL_FUNCTIONS              : Long count([distinct ]{arg|*})
2025-08-24T11:32:52.552+03:30 DEBUG 1188 --- [ChiDaram App] [           main] org.hibernate.HQL_FUNCTIONS              : Double covar_pop(NUMERIC arg0, NUMERIC arg1)
2025-08-24T11:32:52.552+03:30 DEBUG 1188 --- [ChiDaram App] [           main] org.hibernate.HQL_FUNCTIONS              : Double covar_samp(NUMERIC arg0, NUMERIC arg1)
2025-08-24T11:32:52.552+03:30 DEBUG 1188 --- [ChiDaram App] [           main] org.hibernate.HQL_FUNCTIONS              : Double cume_dist([arg0[, ...]])
2025-08-24T11:32:52.552+03:30 DEBUG 1188 --- [ChiDaram App] [           main] org.hibernate.HQL_FUNCTIONS              : Date current date
2025-08-24T11:32:52.552+03:30 DEBUG 1188 --- [ChiDaram App] [           main] org.hibernate.HQL_FUNCTIONS              : Time current time
2025-08-24T11:32:52.552+03:30 DEBUG 1188 --- [ChiDaram App] [           main] org.hibernate.HQL_FUNCTIONS              : Timestamp current timestamp
2025-08-24T11:32:52.552+03:30 DEBUG 1188 --- [ChiDaram App] [           main] org.hibernate.HQL_FUNCTIONS              : Date current_date
2025-08-24T11:32:52.552+03:30 DEBUG 1188 --- [ChiDaram App] [           main] org.hibernate.HQL_FUNCTIONS              : Instant current_instant
2025-08-24T11:32:52.552+03:30 DEBUG 1188 --- [ChiDaram App] [           main] org.hibernate.HQL_FUNCTIONS              : Time current_time
2025-08-24T11:32:52.552+03:30 DEBUG 1188 --- [ChiDaram App] [           main] org.hibernate.HQL_FUNCTIONS              : Timestamp current_timestamp
2025-08-24T11:32:52.552+03:30 DEBUG 1188 --- [ChiDaram App] [           main] org.hibernate.HQL_FUNCTIONS              : date_trunc(STRING field, TEMPORAL datetime)
2025-08-24T11:32:52.553+03:30 DEBUG 1188 --- [ChiDaram App] [           main] org.hibernate.HQL_FUNCTIONS              : dateadd(TEMPORAL_UNIT field, INTEGER magnitude, TEMPORAL datetime)
2025-08-24T11:32:52.553+03:30 DEBUG 1188 --- [ChiDaram App] [           main] org.hibernate.HQL_FUNCTIONS              : Long|Double datediff(TEMPORAL_UNIT field, TEMPORAL start, TEMPORAL end)
2025-08-24T11:32:52.553+03:30 DEBUG 1188 --- [ChiDaram App] [           main] org.hibernate.HQL_FUNCTIONS              : Double degrees(NUMERIC arg)
2025-08-24T11:32:52.553+03:30 DEBUG 1188 --- [ChiDaram App] [           main] org.hibernate.HQL_FUNCTIONS              : Long dense_rank([arg0[, ...]])
2025-08-24T11:32:52.554+03:30 DEBUG 1188 --- [ChiDaram App] [           main] org.hibernate.HQL_FUNCTIONS              : Boolean every(BOOLEAN predicate)
2025-08-24T11:32:52.554+03:30 DEBUG 1188 --- [ChiDaram App] [           main] org.hibernate.HQL_FUNCTIONS              : Double exp(NUMERIC arg)
2025-08-24T11:32:52.554+03:30 DEBUG 1188 --- [ChiDaram App] [           main] org.hibernate.HQL_FUNCTIONS              : extract(TEMPORAL_UNIT field from TEMPORAL arg)
2025-08-24T11:32:52.554+03:30 DEBUG 1188 --- [ChiDaram App] [           main] org.hibernate.HQL_FUNCTIONS              : first_valueANY value
2025-08-24T11:32:52.554+03:30 DEBUG 1188 --- [ChiDaram App] [           main] org.hibernate.HQL_FUNCTIONS              : floor(NUMERIC arg)
2025-08-24T11:32:52.554+03:30 DEBUG 1188 --- [ChiDaram App] [           main] org.hibernate.HQL_FUNCTIONS              : String format(TEMPORAL datetime as STRING pattern)
2025-08-24T11:32:52.554+03:30 DEBUG 1188 --- [ChiDaram App] [           main] org.hibernate.HQL_FUNCTIONS              : greatest(COMPARABLE arg0, COMPARABLE arg1[, arg2[, ...]])
2025-08-24T11:32:52.555+03:30 DEBUG 1188 --- [ChiDaram App] [           main] org.hibernate.HQL_FUNCTIONS              : ifnull(arg0, arg1)
2025-08-24T11:32:52.555+03:30 DEBUG 1188 --- [ChiDaram App] [           main] org.hibernate.HQL_FUNCTIONS              : String initcap(arg)
2025-08-24T11:32:52.555+03:30 DEBUG 1188 --- [ChiDaram App] [           main] org.hibernate.HQL_FUNCTIONS              : String insert(STRING string, INTEGER start, INTEGER length, STRING replacement)
2025-08-24T11:32:52.555+03:30 DEBUG 1188 --- [ChiDaram App] [           main] org.hibernate.HQL_FUNCTIONS              : Instant instant
2025-08-24T11:32:52.555+03:30 DEBUG 1188 --- [ChiDaram App] [           main] org.hibernate.HQL_FUNCTIONS              : lagANY value[, INTEGER offset[, ANY default]]
2025-08-24T11:32:52.555+03:30 DEBUG 1188 --- [ChiDaram App] [           main] org.hibernate.HQL_FUNCTIONS              : last_valueANY value
2025-08-24T11:32:52.555+03:30 DEBUG 1188 --- [ChiDaram App] [           main] org.hibernate.HQL_FUNCTIONS              : leadANY value[, INTEGER offset[, ANY default]]
2025-08-24T11:32:52.556+03:30 DEBUG 1188 --- [ChiDaram App] [           main] org.hibernate.HQL_FUNCTIONS              : least(COMPARABLE arg0, COMPARABLE arg1[, arg2[, ...]])
2025-08-24T11:32:52.557+03:30 DEBUG 1188 --- [ChiDaram App] [           main] org.hibernate.HQL_FUNCTIONS              : String left(STRING string, INTEGER length)
2025-08-24T11:32:52.557+03:30 DEBUG 1188 --- [ChiDaram App] [           main] org.hibernate.HQL_FUNCTIONS              : Integer length(STRING_OR_CLOB arg)
2025-08-24T11:32:52.557+03:30 DEBUG 1188 --- [ChiDaram App] [           main] org.hibernate.HQL_FUNCTIONS              : String listagg(STRING arg0, STRING arg1)
2025-08-24T11:32:52.557+03:30 DEBUG 1188 --- [ChiDaram App] [           main] org.hibernate.HQL_FUNCTIONS              : Double ln(NUMERIC arg)
2025-08-24T11:32:52.557+03:30 DEBUG 1188 --- [ChiDaram App] [           main] org.hibernate.HQL_FUNCTIONS              : LocalDate local date
2025-08-24T11:32:52.557+03:30 DEBUG 1188 --- [ChiDaram App] [           main] org.hibernate.HQL_FUNCTIONS              : LocalDateTime local datetime
2025-08-24T11:32:52.557+03:30 DEBUG 1188 --- [ChiDaram App] [           main] org.hibernate.HQL_FUNCTIONS              : LocalTime local time
2025-08-24T11:32:52.557+03:30 DEBUG 1188 --- [ChiDaram App] [           main] org.hibernate.HQL_FUNCTIONS              : LocalDate local_date
2025-08-24T11:32:52.557+03:30 DEBUG 1188 --- [ChiDaram App] [           main] org.hibernate.HQL_FUNCTIONS              : LocalDateTime local_datetime
2025-08-24T11:32:52.557+03:30 DEBUG 1188 --- [ChiDaram App] [           main] org.hibernate.HQL_FUNCTIONS              : LocalTime local_time
2025-08-24T11:32:52.559+03:30 DEBUG 1188 --- [ChiDaram App] [           main] org.hibernate.HQL_FUNCTIONS              : Time localtime
2025-08-24T11:32:52.559+03:30 DEBUG 1188 --- [ChiDaram App] [           main] org.hibernate.HQL_FUNCTIONS              : Timestamp localtimestamp
2025-08-24T11:32:52.560+03:30 DEBUG 1188 --- [ChiDaram App] [           main] org.hibernate.HQL_FUNCTIONS              : Integer locate(STRING pattern, STRING string[, INTEGER start])
2025-08-24T11:32:52.560+03:30 DEBUG 1188 --- [ChiDaram App] [           main] org.hibernate.HQL_FUNCTIONS              : Double log(NUMERIC arg0[, NUMERIC arg1])
2025-08-24T11:32:52.560+03:30 DEBUG 1188 --- [ChiDaram App] [           main] org.hibernate.HQL_FUNCTIONS              : Double log10(NUMERIC arg)
2025-08-24T11:32:52.560+03:30 DEBUG 1188 --- [ChiDaram App] [           main] org.hibernate.HQL_FUNCTIONS              : String lower(STRING string)
2025-08-24T11:32:52.560+03:30 DEBUG 1188 --- [ChiDaram App] [           main] org.hibernate.HQL_FUNCTIONS              : String lpad(STRING string, INTEGER length[, STRING padding])
2025-08-24T11:32:52.560+03:30 DEBUG 1188 --- [ChiDaram App] [           main] org.hibernate.HQL_FUNCTIONS              : String ltrim(STRING string[, STRING characters])
2025-08-24T11:32:52.560+03:30 DEBUG 1188 --- [ChiDaram App] [           main] org.hibernate.HQL_FUNCTIONS              : Date make_date(INTEGER arg0, INTEGER arg1, INTEGER arg2)
2025-08-24T11:32:52.561+03:30 DEBUG 1188 --- [ChiDaram App] [           main] org.hibernate.HQL_FUNCTIONS              : Time make_time(INTEGER arg0, INTEGER arg1, INTEGER arg2)
2025-08-24T11:32:52.561+03:30 DEBUG 1188 --- [ChiDaram App] [           main] org.hibernate.HQL_FUNCTIONS              : Timestamp make_timestamp(INTEGER arg0, INTEGER arg1, INTEGER arg2, INTEGER arg3, INTEGER arg4, INTEGER arg5)
2025-08-24T11:32:52.561+03:30 DEBUG 1188 --- [ChiDaram App] [           main] org.hibernate.HQL_FUNCTIONS              : Timestamp make_timestamptz(INTEGER arg0, INTEGER arg1, INTEGER arg2, INTEGER arg3, INTEGER arg4, INTEGER arg5[, INTEGER arg6])
2025-08-24T11:32:52.561+03:30 DEBUG 1188 --- [ChiDaram App] [           main] org.hibernate.HQL_FUNCTIONS              : max(COMPARABLE arg)
2025-08-24T11:32:52.561+03:30 DEBUG 1188 --- [ChiDaram App] [           main] org.hibernate.HQL_FUNCTIONS              : String md5(arg)
2025-08-24T11:32:52.561+03:30 DEBUG 1188 --- [ChiDaram App] [           main] org.hibernate.HQL_FUNCTIONS              : Double median(NUMERIC arg)
2025-08-24T11:32:52.561+03:30 DEBUG 1188 --- [ChiDaram App] [           main] org.hibernate.HQL_FUNCTIONS              : min(COMPARABLE arg)
2025-08-24T11:32:52.562+03:30 DEBUG 1188 --- [ChiDaram App] [           main] org.hibernate.HQL_FUNCTIONS              : Integer mod(INTEGER arg0, INTEGER arg1)
2025-08-24T11:32:52.563+03:30 DEBUG 1188 --- [ChiDaram App] [           main] org.hibernate.HQL_FUNCTIONS              : mode()
2025-08-24T11:32:52.565+03:30 DEBUG 1188 --- [ChiDaram App] [           main] org.hibernate.HQL_FUNCTIONS              : nth_valueANY value, INTEGER nth
2025-08-24T11:32:52.565+03:30 DEBUG 1188 --- [ChiDaram App] [           main] org.hibernate.HQL_FUNCTIONS              : nullif(arg0, arg1)
2025-08-24T11:32:52.565+03:30 DEBUG 1188 --- [ChiDaram App] [           main] org.hibernate.HQL_FUNCTIONS              : Integer octet_length(STRING_OR_CLOB arg)
2025-08-24T11:32:52.566+03:30 DEBUG 1188 --- [ChiDaram App] [           main] org.hibernate.HQL_FUNCTIONS              : OffsetDateTime offset datetime
2025-08-24T11:32:52.566+03:30 DEBUG 1188 --- [ChiDaram App] [           main] org.hibernate.HQL_FUNCTIONS              : OffsetDateTime offset_datetime
2025-08-24T11:32:52.566+03:30 DEBUG 1188 --- [ChiDaram App] [           main] org.hibernate.HQL_FUNCTIONS              : String overlay(string placing replacement from start[ for length])
2025-08-24T11:32:52.566+03:30 DEBUG 1188 --- [ChiDaram App] [           main] org.hibernate.HQL_FUNCTIONS              : String pad(STRING string with INTEGER length {leading|trailing}[ STRING character])
2025-08-24T11:32:52.566+03:30 DEBUG 1188 --- [ChiDaram App] [           main] org.hibernate.HQL_FUNCTIONS              : Double percent_rank([arg0[, ...]])
2025-08-24T11:32:52.566+03:30 DEBUG 1188 --- [ChiDaram App] [           main] org.hibernate.HQL_FUNCTIONS              : percentile_cont(NUMERIC arg)
2025-08-24T11:32:52.566+03:30 DEBUG 1188 --- [ChiDaram App] [           main] org.hibernate.HQL_FUNCTIONS              : percentile_disc(NUMERIC arg)
2025-08-24T11:32:52.566+03:30 DEBUG 1188 --- [ChiDaram App] [           main] org.hibernate.HQL_FUNCTIONS              : Double pi
2025-08-24T11:32:52.566+03:30 DEBUG 1188 --- [ChiDaram App] [           main] org.hibernate.HQL_FUNCTIONS              : Integer position(STRING pattern in STRING string)
2025-08-24T11:32:52.566+03:30 DEBUG 1188 --- [ChiDaram App] [           main] org.hibernate.HQL_FUNCTIONS              : Double power(NUMERIC arg0, NUMERIC arg1)
2025-08-24T11:32:52.566+03:30 DEBUG 1188 --- [ChiDaram App] [           main] org.hibernate.HQL_FUNCTIONS              : Double radians(NUMERIC arg)
2025-08-24T11:32:52.566+03:30 DEBUG 1188 --- [ChiDaram App] [           main] org.hibernate.HQL_FUNCTIONS              : Long rank([arg0[, ...]])
2025-08-24T11:32:52.567+03:30 DEBUG 1188 --- [ChiDaram App] [           main] org.hibernate.HQL_FUNCTIONS              : Double regr_avgx(NUMERIC arg0, NUMERIC arg1)
2025-08-24T11:32:52.567+03:30 DEBUG 1188 --- [ChiDaram App] [           main] org.hibernate.HQL_FUNCTIONS              : Double regr_avgy(NUMERIC arg0, NUMERIC arg1)
2025-08-24T11:32:52.567+03:30 DEBUG 1188 --- [ChiDaram App] [           main] org.hibernate.HQL_FUNCTIONS              : Double regr_count(NUMERIC arg0, NUMERIC arg1)
2025-08-24T11:32:52.567+03:30 DEBUG 1188 --- [ChiDaram App] [           main] org.hibernate.HQL_FUNCTIONS              : Double regr_intercept(NUMERIC arg0, NUMERIC arg1)
2025-08-24T11:32:52.568+03:30 DEBUG 1188 --- [ChiDaram App] [           main] org.hibernate.HQL_FUNCTIONS              : Double regr_r2(NUMERIC arg0, NUMERIC arg1)
2025-08-24T11:32:52.568+03:30 DEBUG 1188 --- [ChiDaram App] [           main] org.hibernate.HQL_FUNCTIONS              : Double regr_slope(NUMERIC arg0, NUMERIC arg1)
2025-08-24T11:32:52.568+03:30 DEBUG 1188 --- [ChiDaram App] [           main] org.hibernate.HQL_FUNCTIONS              : Double regr_sxx(NUMERIC arg0, NUMERIC arg1)
2025-08-24T11:32:52.568+03:30 DEBUG 1188 --- [ChiDaram App] [           main] org.hibernate.HQL_FUNCTIONS              : Double regr_sxy(NUMERIC arg0, NUMERIC arg1)
2025-08-24T11:32:52.568+03:30 DEBUG 1188 --- [ChiDaram App] [           main] org.hibernate.HQL_FUNCTIONS              : Double regr_syy(NUMERIC arg0, NUMERIC arg1)
2025-08-24T11:32:52.568+03:30 DEBUG 1188 --- [ChiDaram App] [           main] org.hibernate.HQL_FUNCTIONS              : String repeat(STRING string, INTEGER times)
2025-08-24T11:32:52.568+03:30 DEBUG 1188 --- [ChiDaram App] [           main] org.hibernate.HQL_FUNCTIONS              : String replace(STRING string, STRING pattern, STRING replacement)
2025-08-24T11:32:52.568+03:30 DEBUG 1188 --- [ChiDaram App] [           main] org.hibernate.HQL_FUNCTIONS              : String right(STRING string, INTEGER length)
2025-08-24T11:32:52.568+03:30 DEBUG 1188 --- [ChiDaram App] [           main] org.hibernate.HQL_FUNCTIONS              : round(NUMERIC number[, INTEGER places])
2025-08-24T11:32:52.568+03:30 DEBUG 1188 --- [ChiDaram App] [           main] org.hibernate.HQL_FUNCTIONS              : Long row_number()
2025-08-24T11:32:52.568+03:30 DEBUG 1188 --- [ChiDaram App] [           main] org.hibernate.HQL_FUNCTIONS              : String rpad(STRING string, INTEGER length[, STRING padding])
2025-08-24T11:32:52.568+03:30 DEBUG 1188 --- [ChiDaram App] [           main] org.hibernate.HQL_FUNCTIONS              : String rtrim(STRING string[, STRING characters])
2025-08-24T11:32:52.569+03:30 DEBUG 1188 --- [ChiDaram App] [           main] org.hibernate.HQL_FUNCTIONS              : Integer sign(NUMERIC arg)
2025-08-24T11:32:52.569+03:30 DEBUG 1188 --- [ChiDaram App] [           main] org.hibernate.HQL_FUNCTIONS              : Double sin(NUMERIC arg)
2025-08-24T11:32:52.569+03:30 DEBUG 1188 --- [ChiDaram App] [           main] org.hibernate.HQL_FUNCTIONS              : Double sinh(NUMERIC arg)
2025-08-24T11:32:52.569+03:30 DEBUG 1188 --- [ChiDaram App] [           main] org.hibernate.HQL_FUNCTIONS              : String soundex(arg)
2025-08-24T11:32:52.569+03:30 DEBUG 1188 --- [ChiDaram App] [           main] org.hibernate.HQL_FUNCTIONS              : Object sql
2025-08-24T11:32:52.569+03:30 DEBUG 1188 --- [ChiDaram App] [           main] org.hibernate.HQL_FUNCTIONS              : Double sqrt(NUMERIC arg)
2025-08-24T11:32:52.569+03:30 DEBUG 1188 --- [ChiDaram App] [           main] org.hibernate.HQL_FUNCTIONS              : Double stddev(NUMERIC arg)
2025-08-24T11:32:52.569+03:30 DEBUG 1188 --- [ChiDaram App] [           main] org.hibernate.HQL_FUNCTIONS              : Double stddev_pop(NUMERIC arg)
2025-08-24T11:32:52.569+03:30 DEBUG 1188 --- [ChiDaram App] [           main] org.hibernate.HQL_FUNCTIONS              : Double stddev_samp(NUMERIC arg)
2025-08-24T11:32:52.569+03:30 DEBUG 1188 --- [ChiDaram App] [           main] org.hibernate.HQL_FUNCTIONS              : String str(arg)
2025-08-24T11:32:52.569+03:30 DEBUG 1188 --- [ChiDaram App] [           main] org.hibernate.HQL_FUNCTIONS              : String substr(STRING string, INTEGER start[, INTEGER length])
2025-08-24T11:32:52.569+03:30 DEBUG 1188 --- [ChiDaram App] [           main] org.hibernate.HQL_FUNCTIONS              : String substring(STRING string{ from|,} INTEGER start[{ for|,} INTEGER length])
2025-08-24T11:32:52.569+03:30 DEBUG 1188 --- [ChiDaram App] [           main] org.hibernate.HQL_FUNCTIONS              : sum(arg)
2025-08-24T11:32:52.570+03:30 DEBUG 1188 --- [ChiDaram App] [           main] org.hibernate.HQL_FUNCTIONS              : Double tan(NUMERIC arg)
2025-08-24T11:32:52.570+03:30 DEBUG 1188 --- [ChiDaram App] [           main] org.hibernate.HQL_FUNCTIONS              : Double tanh(NUMERIC arg)
2025-08-24T11:32:52.570+03:30 DEBUG 1188 --- [ChiDaram App] [           main] org.hibernate.HQL_FUNCTIONS              : timestampadd(TEMPORAL_UNIT field, INTEGER magnitude, TEMPORAL datetime)
2025-08-24T11:32:52.570+03:30 DEBUG 1188 --- [ChiDaram App] [           main] org.hibernate.HQL_FUNCTIONS              : Long|Double timestampdiff(TEMPORAL_UNIT field, TEMPORAL start, TEMPORAL end)
2025-08-24T11:32:52.570+03:30 DEBUG 1188 --- [ChiDaram App] [           main] org.hibernate.HQL_FUNCTIONS              : String to_char(ANY arg0[, STRING arg1, STRING arg2])
2025-08-24T11:32:52.570+03:30 DEBUG 1188 --- [ChiDaram App] [           main] org.hibernate.HQL_FUNCTIONS              : Date to_date(STRING arg0[, STRING arg1, STRING arg2])
2025-08-24T11:32:52.570+03:30 DEBUG 1188 --- [ChiDaram App] [           main] org.hibernate.HQL_FUNCTIONS              : Double to_number(STRING arg0[, STRING arg1, STRING arg2])
2025-08-24T11:32:52.575+03:30 DEBUG 1188 --- [ChiDaram App] [           main] org.hibernate.HQL_FUNCTIONS              : Timestamp to_timestamp(STRING arg0[, STRING arg1, STRING arg2])
2025-08-24T11:32:52.576+03:30 DEBUG 1188 --- [ChiDaram App] [           main] org.hibernate.HQL_FUNCTIONS              : String translate(STRING arg0, STRING arg1, STRING arg2)
2025-08-24T11:32:52.576+03:30 DEBUG 1188 --- [ChiDaram App] [           main] org.hibernate.HQL_FUNCTIONS              : String trim([[{leading|trailing|both} ][STRING arg0 ]from] STRING arg1)
2025-08-24T11:32:52.576+03:30 DEBUG 1188 --- [ChiDaram App] [           main] org.hibernate.HQL_FUNCTIONS              : trunc( ... )
2025-08-24T11:32:52.576+03:30 DEBUG 1188 --- [ChiDaram App] [           main] org.hibernate.HQL_FUNCTIONS              : truncate( ... )
2025-08-24T11:32:52.576+03:30 DEBUG 1188 --- [ChiDaram App] [           main] org.hibernate.HQL_FUNCTIONS              : String upper(STRING string)
2025-08-24T11:32:52.576+03:30 DEBUG 1188 --- [ChiDaram App] [           main] org.hibernate.HQL_FUNCTIONS              : Double var_pop(NUMERIC arg)
2025-08-24T11:32:52.576+03:30 DEBUG 1188 --- [ChiDaram App] [           main] org.hibernate.HQL_FUNCTIONS              : Double var_samp(NUMERIC arg)
2025-08-24T11:32:52.576+03:30 DEBUG 1188 --- [ChiDaram App] [           main] org.hibernate.HQL_FUNCTIONS              : Double variance(NUMERIC arg)
2025-08-24T11:32:52.577+03:30 DEBUG 1188 --- [ChiDaram App] [           main] org.hibernate.orm.query.plan.cache       : Starting QueryInterpretationCache(2048)
2025-08-24T11:32:52.578+03:30 DEBUG 1188 --- [ChiDaram App] [           main] .h.s.i.SessionFactoryServiceRegistryImpl : EventListenerRegistry access via ServiceRegistry is deprecated.  Use `sessionFactory.getEventEngine().getListenerRegistry()` instead
2025-08-24T11:32:52.579+03:30 DEBUG 1188 --- [ChiDaram App] [           main] h.e.i.EntityCopyObserverFactoryInitiator : Configured EntityCopyObserver strategy: disallow
2025-08-24T11:32:52.584+03:30 DEBUG 1188 --- [ChiDaram App] [           main] o.h.boot.internal.ClassLoaderAccessImpl  : Not known whether passed class name [com.example.chi_daram.entity.Increasedocumenttype] is safe
2025-08-24T11:32:52.585+03:30 DEBUG 1188 --- [ChiDaram App] [           main] o.h.boot.internal.ClassLoaderAccessImpl  : No temp ClassLoader provided; using live ClassLoader for loading potentially unsafe class : com.example.chi_daram.entity.Increasedocumenttype
2025-08-24T11:32:52.722+03:30 DEBUG 1188 --- [ChiDaram App] [           main] o.h.b.i.bytebuddy.BytecodeProviderImpl   : HHH000513: Unable to create the ReflectionOptimizer for [com.example.chi_daram.entity.Increasedocumenttype]: private accessor [description]
2025-08-24T11:32:52.783+03:30 DEBUG 1188 --- [ChiDaram App] [           main] o.h.boot.internal.ClassLoaderAccessImpl  : Not known whether passed class name [com.example.chi_daram.entity.Increasedocumentrow] is safe
2025-08-24T11:32:52.784+03:30 DEBUG 1188 --- [ChiDaram App] [           main] o.h.boot.internal.ClassLoaderAccessImpl  : No temp ClassLoader provided; using live ClassLoader for loading potentially unsafe class : com.example.chi_daram.entity.Increasedocumentrow
2025-08-24T11:32:53.010+03:30 DEBUG 1188 --- [ChiDaram App] [           main] o.h.b.i.bytebuddy.BytecodeProviderImpl   : HHH000513: Unable to create the ReflectionOptimizer for [com.example.chi_daram.entity.Increasedocumentrow]: private accessor [description]
2025-08-24T11:32:53.035+03:30 DEBUG 1188 --- [ChiDaram App] [           main] o.h.boot.internal.ClassLoaderAccessImpl  : Not known whether passed class name [com.example.chi_daram.entity.ItemStatus] is safe
2025-08-24T11:32:53.035+03:30 DEBUG 1188 --- [ChiDaram App] [           main] o.h.boot.internal.ClassLoaderAccessImpl  : No temp ClassLoader provided; using live ClassLoader for loading potentially unsafe class : com.example.chi_daram.entity.ItemStatus
2025-08-24T11:32:53.249+03:30 DEBUG 1188 --- [ChiDaram App] [           main] o.h.b.i.bytebuddy.BytecodeProviderImpl   : HHH000513: Unable to create the ReflectionOptimizer for [com.example.chi_daram.entity.ItemStatus]: private accessor [description]
2025-08-24T11:32:53.252+03:30 DEBUG 1188 --- [ChiDaram App] [           main] o.h.boot.internal.ClassLoaderAccessImpl  : Not known whether passed class name [com.example.chi_daram.entity.Categorylevel1] is safe
2025-08-24T11:32:53.252+03:30 DEBUG 1188 --- [ChiDaram App] [           main] o.h.boot.internal.ClassLoaderAccessImpl  : No temp ClassLoader provided; using live ClassLoader for loading potentially unsafe class : com.example.chi_daram.entity.Categorylevel1
2025-08-24T11:32:53.344+03:30 DEBUG 1188 --- [ChiDaram App] [           main] o.h.b.i.bytebuddy.BytecodeProviderImpl   : HHH000513: Unable to create the ReflectionOptimizer for [com.example.chi_daram.entity.Categorylevel1]: private accessor [description]
2025-08-24T11:32:53.346+03:30 DEBUG 1188 --- [ChiDaram App] [           main] o.h.boot.internal.ClassLoaderAccessImpl  : Not known whether passed class name [com.example.chi_daram.entity.Categorylevel2] is safe
2025-08-24T11:32:53.347+03:30 DEBUG 1188 --- [ChiDaram App] [           main] o.h.boot.internal.ClassLoaderAccessImpl  : No temp ClassLoader provided; using live ClassLoader for loading potentially unsafe class : com.example.chi_daram.entity.Categorylevel2
2025-08-24T11:32:53.414+03:30 DEBUG 1188 --- [ChiDaram App] [           main] o.h.b.i.bytebuddy.BytecodeProviderImpl   : HHH000513: Unable to create the ReflectionOptimizer for [com.example.chi_daram.entity.Categorylevel2]: private accessor [categorylevel1]
2025-08-24T11:32:53.416+03:30 DEBUG 1188 --- [ChiDaram App] [           main] o.h.boot.internal.ClassLoaderAccessImpl  : Not known whether passed class name [com.example.chi_daram.entity.Decreasedocumenttype] is safe
2025-08-24T11:32:53.416+03:30 DEBUG 1188 --- [ChiDaram App] [           main] o.h.boot.internal.ClassLoaderAccessImpl  : No temp ClassLoader provided; using live ClassLoader for loading potentially unsafe class : com.example.chi_daram.entity.Decreasedocumenttype
2025-08-24T11:32:53.529+03:30 DEBUG 1188 --- [ChiDaram App] [           main] o.h.b.i.bytebuddy.BytecodeProviderImpl   : HHH000513: Unable to create the ReflectionOptimizer for [com.example.chi_daram.entity.Decreasedocumenttype]: private accessor [description]
2025-08-24T11:32:53.535+03:30 DEBUG 1188 --- [ChiDaram App] [           main] o.h.boot.internal.ClassLoaderAccessImpl  : Not known whether passed class name [com.example.chi_daram.entity.Decreasedocument] is safe
2025-08-24T11:32:53.535+03:30 DEBUG 1188 --- [ChiDaram App] [           main] o.h.boot.internal.ClassLoaderAccessImpl  : No temp ClassLoader provided; using live ClassLoader for loading potentially unsafe class : com.example.chi_daram.entity.Decreasedocument
2025-08-24T11:32:53.604+03:30 DEBUG 1188 --- [ChiDaram App] [           main] o.h.b.i.bytebuddy.BytecodeProviderImpl   : HHH000513: Unable to create the ReflectionOptimizer for [com.example.chi_daram.entity.Decreasedocument]: private accessor [decreaseDate]
2025-08-24T11:32:53.610+03:30 DEBUG 1188 --- [ChiDaram App] [           main] o.h.boot.internal.ClassLoaderAccessImpl  : Not known whether passed class name [com.example.chi_daram.entity.User] is safe
2025-08-24T11:32:53.610+03:30 DEBUG 1188 --- [ChiDaram App] [           main] o.h.boot.internal.ClassLoaderAccessImpl  : No temp ClassLoader provided; using live ClassLoader for loading potentially unsafe class : com.example.chi_daram.entity.User
2025-08-24T11:32:53.702+03:30 DEBUG 1188 --- [ChiDaram App] [           main] o.h.b.i.bytebuddy.BytecodeProviderImpl   : HHH000513: Unable to create the ReflectionOptimizer for [com.example.chi_daram.entity.User]: private accessor [accountNonExpired]
2025-08-24T11:32:53.712+03:30 DEBUG 1188 --- [ChiDaram App] [           main] o.h.boot.internal.ClassLoaderAccessImpl  : Not known whether passed class name [com.example.chi_daram.entity.Decreasedocumentrow] is safe
2025-08-24T11:32:53.714+03:30 DEBUG 1188 --- [ChiDaram App] [           main] o.h.boot.internal.ClassLoaderAccessImpl  : No temp ClassLoader provided; using live ClassLoader for loading potentially unsafe class : com.example.chi_daram.entity.Decreasedocumentrow
2025-08-24T11:32:53.794+03:30 DEBUG 1188 --- [ChiDaram App] [           main] o.h.b.i.bytebuddy.BytecodeProviderImpl   : HHH000513: Unable to create the ReflectionOptimizer for [com.example.chi_daram.entity.Decreasedocumentrow]: private accessor [decreasedocument]
2025-08-24T11:32:53.818+03:30 DEBUG 1188 --- [ChiDaram App] [           main] o.h.boot.internal.ClassLoaderAccessImpl  : Not known whether passed class name [com.example.chi_daram.entity.Item] is safe
2025-08-24T11:32:53.819+03:30 DEBUG 1188 --- [ChiDaram App] [           main] o.h.boot.internal.ClassLoaderAccessImpl  : No temp ClassLoader provided; using live ClassLoader for loading potentially unsafe class : com.example.chi_daram.entity.Item
2025-08-24T11:32:53.920+03:30 DEBUG 1188 --- [ChiDaram App] [           main] o.h.b.i.bytebuddy.BytecodeProviderImpl   : HHH000513: Unable to create the ReflectionOptimizer for [com.example.chi_daram.entity.Item]: private accessor [categorylevel2]
2025-08-24T11:32:53.927+03:30 DEBUG 1188 --- [ChiDaram App] [           main] o.h.boot.internal.ClassLoaderAccessImpl  : Not known whether passed class name [com.example.chi_daram.entity.Increasedocument] is safe
2025-08-24T11:32:53.927+03:30 DEBUG 1188 --- [ChiDaram App] [           main] o.h.boot.internal.ClassLoaderAccessImpl  : No temp ClassLoader provided; using live ClassLoader for loading potentially unsafe class : com.example.chi_daram.entity.Increasedocument
2025-08-24T11:32:53.987+03:30 DEBUG 1188 --- [ChiDaram App] [           main] o.h.b.i.bytebuddy.BytecodeProviderImpl   : HHH000513: Unable to create the ReflectionOptimizer for [com.example.chi_daram.entity.Increasedocument]: private accessor [description]
2025-08-24T11:32:53.991+03:30 DEBUG 1188 --- [ChiDaram App] [           main] o.h.boot.internal.ClassLoaderAccessImpl  : Not known whether passed class name [com.example.chi_daram.entity.Dynamicfields] is safe
2025-08-24T11:32:53.992+03:30 DEBUG 1188 --- [ChiDaram App] [           main] o.h.boot.internal.ClassLoaderAccessImpl  : No temp ClassLoader provided; using live ClassLoader for loading potentially unsafe class : com.example.chi_daram.entity.Dynamicfields
2025-08-24T11:32:54.036+03:30 DEBUG 1188 --- [ChiDaram App] [           main] o.h.b.i.bytebuddy.BytecodeProviderImpl   : HHH000513: Unable to create the ReflectionOptimizer for [com.example.chi_daram.entity.Dynamicfields]: private accessor [description]
2025-08-24T11:32:54.039+03:30 DEBUG 1188 --- [ChiDaram App] [           main] org.hibernate.orm.jdbc.mutation          : Skipping collection row updates - com.example.chi_daram.entity.User.roles
2025-08-24T11:32:54.072+03:30 DEBUG 1188 --- [ChiDaram App] [           main] o.hibernate.orm.model.mapping.creation   : Starting post-init callbacks
2025-08-24T11:32:54.073+03:30 DEBUG 1188 --- [ChiDaram App] [           main] o.hibernate.orm.model.mapping.creation   : Starting PostInitCallbackEntry : To-one key - NavigableRole[com.example.chi_daram.entity.Increasedocumentrow.increasedocument]
2025-08-24T11:32:54.073+03:30 DEBUG 1188 --- [ChiDaram App] [           main] o.hibernate.orm.model.mapping.creation   : Starting PostInitCallbackEntry : To-one key - NavigableRole[com.example.chi_daram.entity.Increasedocumentrow.item]
2025-08-24T11:32:54.074+03:30 DEBUG 1188 --- [ChiDaram App] [           main] o.hibernate.orm.model.mapping.creation   : Starting PostInitCallbackEntry : Entity(com.example.chi_daram.entity.Increasedocumentrow) `staticFetchableList` generator
2025-08-24T11:32:54.074+03:30 DEBUG 1188 --- [ChiDaram App] [           main] o.hibernate.orm.model.mapping.creation   : Starting PostInitCallbackEntry : Entity(com.example.chi_daram.entity.Categorylevel1) `staticFetchableList` generator
2025-08-24T11:32:54.074+03:30 DEBUG 1188 --- [ChiDaram App] [           main] o.hibernate.orm.model.mapping.creation   : Starting PostInitCallbackEntry : To-one key - NavigableRole[com.example.chi_daram.entity.Categorylevel2.categorylevel1]
2025-08-24T11:32:54.075+03:30 DEBUG 1188 --- [ChiDaram App] [           main] o.hibernate.orm.model.mapping.creation   : Starting PostInitCallbackEntry : Entity(com.example.chi_daram.entity.Categorylevel2) `staticFetchableList` generator
2025-08-24T11:32:54.075+03:30 DEBUG 1188 --- [ChiDaram App] [           main] o.hibernate.orm.model.mapping.creation   : Starting PostInitCallbackEntry : To-one key - NavigableRole[com.example.chi_daram.entity.Decreasedocument.decreaseType]
2025-08-24T11:32:54.075+03:30 DEBUG 1188 --- [ChiDaram App] [           main] o.hibernate.orm.model.mapping.creation   : Starting PostInitCallbackEntry : To-one key - NavigableRole[com.example.chi_daram.entity.Decreasedocument.user]
2025-08-24T11:32:54.076+03:30 DEBUG 1188 --- [ChiDaram App] [           main] o.hibernate.orm.model.mapping.creation   : Starting PostInitCallbackEntry : Entity(com.example.chi_daram.entity.Decreasedocument) `staticFetchableList` generator
2025-08-24T11:32:54.076+03:30 DEBUG 1188 --- [ChiDaram App] [           main] o.hibernate.orm.model.mapping.creation   : Starting PostInitCallbackEntry : Entity(com.example.chi_daram.entity.Increasedocumenttype) `staticFetchableList` generator
2025-08-24T11:32:54.076+03:30 DEBUG 1188 --- [ChiDaram App] [           main] o.hibernate.orm.model.mapping.creation   : Starting PostInitCallbackEntry : Entity(com.example.chi_daram.entity.ItemStatus) `staticFetchableList` generator
2025-08-24T11:32:54.076+03:30 DEBUG 1188 --- [ChiDaram App] [           main] o.hibernate.orm.model.mapping.creation   : Starting PostInitCallbackEntry : Entity(com.example.chi_daram.entity.Decreasedocumenttype) `staticFetchableList` generator
2025-08-24T11:32:54.076+03:30 DEBUG 1188 --- [ChiDaram App] [           main] o.hibernate.orm.model.mapping.creation   : Starting PostInitCallbackEntry : PluralAttributeMapping(com.example.chi_daram.entity.User.roles)#finishInitialization
2025-08-24T11:32:54.076+03:30 DEBUG 1188 --- [ChiDaram App] [           main] o.hibernate.orm.model.mapping.creation   : Starting PostInitCallbackEntry : PluralAttributeMapping(com.example.chi_daram.entity.User.roles) - key descriptor
2025-08-24T11:32:54.077+03:30 DEBUG 1188 --- [ChiDaram App] [           main] o.hibernate.orm.model.mapping.creation   : Starting PostInitCallbackEntry : Entity(com.example.chi_daram.entity.User) `staticFetchableList` generator
2025-08-24T11:32:54.078+03:30 DEBUG 1188 --- [ChiDaram App] [           main] o.hibernate.orm.model.mapping.creation   : Starting PostInitCallbackEntry : To-one key - NavigableRole[com.example.chi_daram.entity.Decreasedocumentrow.decreasedocument]
2025-08-24T11:32:54.078+03:30 DEBUG 1188 --- [ChiDaram App] [           main] o.hibernate.orm.model.mapping.creation   : Starting PostInitCallbackEntry : To-one key - NavigableRole[com.example.chi_daram.entity.Decreasedocumentrow.item]
2025-08-24T11:32:54.079+03:30 DEBUG 1188 --- [ChiDaram App] [           main] o.hibernate.orm.model.mapping.creation   : Starting PostInitCallbackEntry : Entity(com.example.chi_daram.entity.Decreasedocumentrow) `staticFetchableList` generator
2025-08-24T11:32:54.079+03:30 DEBUG 1188 --- [ChiDaram App] [           main] o.hibernate.orm.model.mapping.creation   : Starting PostInitCallbackEntry : To-one key - NavigableRole[com.example.chi_daram.entity.Item.categorylevel2]
2025-08-24T11:32:54.080+03:30 DEBUG 1188 --- [ChiDaram App] [           main] o.hibernate.orm.model.mapping.creation   : Starting PostInitCallbackEntry : Entity(com.example.chi_daram.entity.Item) `staticFetchableList` generator
2025-08-24T11:32:54.080+03:30 DEBUG 1188 --- [ChiDaram App] [           main] o.hibernate.orm.model.mapping.creation   : Starting PostInitCallbackEntry : To-one key - NavigableRole[com.example.chi_daram.entity.Increasedocument.increaseType]
2025-08-24T11:32:54.081+03:30 DEBUG 1188 --- [ChiDaram App] [           main] o.hibernate.orm.model.mapping.creation   : Starting PostInitCallbackEntry : To-one key - NavigableRole[com.example.chi_daram.entity.Increasedocument.user]
2025-08-24T11:32:54.082+03:30 DEBUG 1188 --- [ChiDaram App] [           main] o.hibernate.orm.model.mapping.creation   : Starting PostInitCallbackEntry : Entity(com.example.chi_daram.entity.Increasedocument) `staticFetchableList` generator
2025-08-24T11:32:54.082+03:30 DEBUG 1188 --- [ChiDaram App] [           main] o.hibernate.orm.model.mapping.creation   : Starting PostInitCallbackEntry : To-one key - NavigableRole[com.example.chi_daram.entity.Dynamicfields.item]
2025-08-24T11:32:54.083+03:30 DEBUG 1188 --- [ChiDaram App] [           main] o.hibernate.orm.model.mapping.creation   : Starting PostInitCallbackEntry : Entity(com.example.chi_daram.entity.Dynamicfields) `staticFetchableList` generator
2025-08-24T11:32:54.246+03:30 DEBUG 1188 --- [ChiDaram App] [           main] org.hibernate.orm.sql.ast.create         : Created new SQL alias : i1_0
2025-08-24T11:32:54.246+03:30 DEBUG 1188 --- [ChiDaram App] [           main] org.hibernate.orm.sql.ast.create         : Registration of TableGroup [StandardTableGroup(com.example.chi_daram.entity.Increasedocumentrow)] with identifierForTableGroup [com.example.chi_daram.entity.Increasedocumentrow] for NavigablePath [com.example.chi_daram.entity.Increasedocumentrow] 
2025-08-24T11:32:54.247+03:30 DEBUG 1188 --- [ChiDaram App] [           main] org.hibernate.orm.sql.ast.create         : Registration of TableGroup [org.hibernate.sql.ast.tree.from.LazyTableGroup@5d8c9945] with identifierForTableGroup [com.example.chi_daram.entity.Increasedocumentrow.increasedocument] for NavigablePath [com.example.chi_daram.entity.Increasedocumentrow.increasedocument] 
2025-08-24T11:32:54.249+03:30 DEBUG 1188 --- [ChiDaram App] [           main] org.hibernate.orm.sql.ast.create         : Registration of TableGroup [org.hibernate.sql.ast.tree.from.LazyTableGroup@49136fb] with identifierForTableGroup [com.example.chi_daram.entity.Increasedocumentrow.item] for NavigablePath [com.example.chi_daram.entity.Increasedocumentrow.item] 
2025-08-24T11:32:54.251+03:30 DEBUG 1188 --- [ChiDaram App] [           main] org.hibernate.orm.results.graph.AST      : DomainResult Graph:
 \-EntityResultImpl [com.example.chi_daram.entity.Increasedocumentrow]
 |  +-BasicFetch [com.example.chi_daram.entity.Increasedocumentrow.description]
 |  +-EntityDelayedFetchImpl [com.example.chi_daram.entity.Increasedocumentrow.increasedocument]
 |  +-EntityDelayedFetchImpl [com.example.chi_daram.entity.Increasedocumentrow.item]
 |  +-BasicFetch [com.example.chi_daram.entity.Increasedocumentrow.quantity]
 |  \-BasicFetch [com.example.chi_daram.entity.Increasedocumentrow.unitPrice]

2025-08-24T11:32:54.252+03:30 DEBUG 1188 --- [ChiDaram App] [           main] org.hibernate.orm.sql.ast.tree           : SQL AST Tree:
    SelectStatement {
      FromClause {
        StandardTableGroup (i1 : com.example.chi_daram.entity.Increasedocumentrow) {
          primaryTableReference : increasedocumentrow as i1_0
          TableGroupJoins {
            left  join LazyTableGroup (i2 : com.example.chi_daram.entity.Increasedocumentrow.increasedocument) {
            }
            left  join LazyTableGroup (i3 : com.example.chi_daram.entity.Increasedocumentrow.item) {
            }
          }
        }
      }
    }

2025-08-24T11:32:54.297+03:30 DEBUG 1188 --- [ChiDaram App] [           main] o.h.p.entity.AbstractEntityPersister     : Static SQL for entity: com.example.chi_daram.entity.Increasedocumentrow
2025-08-24T11:32:54.298+03:30 DEBUG 1188 --- [ChiDaram App] [           main] o.h.p.entity.AbstractEntityPersister     :  Version select: select id from increasedocumentrow where id=?
2025-08-24T11:32:54.298+03:30 DEBUG 1188 --- [ChiDaram App] [           main] o.h.p.entity.AbstractEntityPersister     :  Insert (0): insert into increasedocumentrow (description,increasedocumentid,itemid,quantity,unitprice) values (?,?,?,?,?) returning id
2025-08-24T11:32:54.298+03:30 DEBUG 1188 --- [ChiDaram App] [           main] o.h.p.entity.AbstractEntityPersister     :  Update (0): update increasedocumentrow set description=?,increasedocumentid=?,itemid=?,quantity=?,unitprice=? where id=?
2025-08-24T11:32:54.298+03:30 DEBUG 1188 --- [ChiDaram App] [           main] o.h.p.entity.AbstractEntityPersister     :  Delete (0): delete from increasedocumentrow where id=?
2025-08-24T11:32:54.298+03:30 DEBUG 1188 --- [ChiDaram App] [           main] org.hibernate.orm.sql.ast.create         : Created new SQL alias : c1_0
2025-08-24T11:32:54.299+03:30 DEBUG 1188 --- [ChiDaram App] [           main] org.hibernate.orm.sql.ast.create         : Registration of TableGroup [StandardTableGroup(com.example.chi_daram.entity.Categorylevel1)] with identifierForTableGroup [com.example.chi_daram.entity.Categorylevel1] for NavigablePath [com.example.chi_daram.entity.Categorylevel1] 
2025-08-24T11:32:54.304+03:30 DEBUG 1188 --- [ChiDaram App] [           main] org.hibernate.orm.results.graph.AST      : DomainResult Graph:
 \-EntityResultImpl [com.example.chi_daram.entity.Categorylevel1]
 |  +-BasicFetch [com.example.chi_daram.entity.Categorylevel1.description]
 |  \-BasicFetch [com.example.chi_daram.entity.Categorylevel1.name]

2025-08-24T11:32:54.305+03:30 DEBUG 1188 --- [ChiDaram App] [           main] org.hibernate.orm.sql.ast.tree           : SQL AST Tree:
    SelectStatement {
      FromClause {
        StandardTableGroup (c1 : com.example.chi_daram.entity.Categorylevel1) {
          primaryTableReference : categorylevel1 as c1_0
        }
      }
    }

2025-08-24T11:32:54.306+03:30 DEBUG 1188 --- [ChiDaram App] [           main] o.h.p.entity.AbstractEntityPersister     : Static SQL for entity: com.example.chi_daram.entity.Categorylevel1
2025-08-24T11:32:54.306+03:30 DEBUG 1188 --- [ChiDaram App] [           main] o.h.p.entity.AbstractEntityPersister     :  Version select: select id from categorylevel1 where id=?
2025-08-24T11:32:54.307+03:30 DEBUG 1188 --- [ChiDaram App] [           main] o.h.p.entity.AbstractEntityPersister     :  Insert (0): insert into categorylevel1 (description,name,id) values (?,?,?)
2025-08-24T11:32:54.307+03:30 DEBUG 1188 --- [ChiDaram App] [           main] o.h.p.entity.AbstractEntityPersister     :  Update (0): update categorylevel1 set description=?,name=? where id=?
2025-08-24T11:32:54.307+03:30 DEBUG 1188 --- [ChiDaram App] [           main] o.h.p.entity.AbstractEntityPersister     :  Delete (0): delete from categorylevel1 where id=?
2025-08-24T11:32:54.308+03:30 DEBUG 1188 --- [ChiDaram App] [           main] org.hibernate.orm.sql.ast.create         : Created new SQL alias : c1_0
2025-08-24T11:32:54.310+03:30 DEBUG 1188 --- [ChiDaram App] [           main] org.hibernate.orm.sql.ast.create         : Registration of TableGroup [StandardTableGroup(com.example.chi_daram.entity.Categorylevel2)] with identifierForTableGroup [com.example.chi_daram.entity.Categorylevel2] for NavigablePath [com.example.chi_daram.entity.Categorylevel2] 
2025-08-24T11:32:54.312+03:30 DEBUG 1188 --- [ChiDaram App] [           main] org.hibernate.orm.sql.ast.create         : Registration of TableGroup [org.hibernate.sql.ast.tree.from.LazyTableGroup@46fc79ed] with identifierForTableGroup [com.example.chi_daram.entity.Categorylevel2.categorylevel1] for NavigablePath [com.example.chi_daram.entity.Categorylevel2.categorylevel1] 
2025-08-24T11:32:54.314+03:30 DEBUG 1188 --- [ChiDaram App] [           main] org.hibernate.orm.results.graph.AST      : DomainResult Graph:
 \-EntityResultImpl [com.example.chi_daram.entity.Categorylevel2]
 |  +-EntityDelayedFetchImpl [com.example.chi_daram.entity.Categorylevel2.categorylevel1]
 |  +-BasicFetch [com.example.chi_daram.entity.Categorylevel2.description]
 |  \-BasicFetch [com.example.chi_daram.entity.Categorylevel2.name]

2025-08-24T11:32:54.315+03:30 DEBUG 1188 --- [ChiDaram App] [           main] org.hibernate.orm.sql.ast.tree           : SQL AST Tree:
    SelectStatement {
      FromClause {
        StandardTableGroup (c1 : com.example.chi_daram.entity.Categorylevel2) {
          primaryTableReference : categorylevel2 as c1_0
          TableGroupJoins {
            left  join LazyTableGroup (c2 : com.example.chi_daram.entity.Categorylevel2.categorylevel1) {
            }
          }
        }
      }
    }

2025-08-24T11:32:54.316+03:30 DEBUG 1188 --- [ChiDaram App] [           main] o.h.p.entity.AbstractEntityPersister     : Static SQL for entity: com.example.chi_daram.entity.Categorylevel2
2025-08-24T11:32:54.316+03:30 DEBUG 1188 --- [ChiDaram App] [           main] o.h.p.entity.AbstractEntityPersister     :  Version select: select id from categorylevel2 where id=?
2025-08-24T11:32:54.316+03:30 DEBUG 1188 --- [ChiDaram App] [           main] o.h.p.entity.AbstractEntityPersister     :  Insert (0): insert into categorylevel2 (categorylevel1id,description,name) values (?,?,?) returning id
2025-08-24T11:32:54.316+03:30 DEBUG 1188 --- [ChiDaram App] [           main] o.h.p.entity.AbstractEntityPersister     :  Update (0): update categorylevel2 set categorylevel1id=?,description=?,name=? where id=?
2025-08-24T11:32:54.316+03:30 DEBUG 1188 --- [ChiDaram App] [           main] o.h.p.entity.AbstractEntityPersister     :  Delete (0): delete from categorylevel2 where id=?
2025-08-24T11:32:54.317+03:30 DEBUG 1188 --- [ChiDaram App] [           main] org.hibernate.orm.sql.ast.create         : Created new SQL alias : d1_0
2025-08-24T11:32:54.318+03:30 DEBUG 1188 --- [ChiDaram App] [           main] org.hibernate.orm.sql.ast.create         : Registration of TableGroup [StandardTableGroup(com.example.chi_daram.entity.Decreasedocument)] with identifierForTableGroup [com.example.chi_daram.entity.Decreasedocument] for NavigablePath [com.example.chi_daram.entity.Decreasedocument] 
2025-08-24T11:32:54.319+03:30 DEBUG 1188 --- [ChiDaram App] [           main] org.hibernate.orm.sql.ast.create         : Registration of TableGroup [org.hibernate.sql.ast.tree.from.LazyTableGroup@77459635] with identifierForTableGroup [com.example.chi_daram.entity.Decreasedocument.decreaseType] for NavigablePath [com.example.chi_daram.entity.Decreasedocument.decreaseType] 
2025-08-24T11:32:54.325+03:30 DEBUG 1188 --- [ChiDaram App] [           main] org.hibernate.orm.sql.ast.create         : Registration of TableGroup [org.hibernate.sql.ast.tree.from.LazyTableGroup@5253aa21] with identifierForTableGroup [com.example.chi_daram.entity.Decreasedocument.user] for NavigablePath [com.example.chi_daram.entity.Decreasedocument.user] 
2025-08-24T11:32:54.330+03:30 DEBUG 1188 --- [ChiDaram App] [           main] org.hibernate.orm.results.graph.AST      : DomainResult Graph:
 \-EntityResultImpl [com.example.chi_daram.entity.Decreasedocument]
 |  +-BasicFetch [com.example.chi_daram.entity.Decreasedocument.decreaseDate]
 |  +-EntityDelayedFetchImpl [com.example.chi_daram.entity.Decreasedocument.decreaseType]
 |  +-BasicFetch [com.example.chi_daram.entity.Decreasedocument.description]
 |  +-BasicFetch [com.example.chi_daram.entity.Decreasedocument.documentNumber]
 |  \-EntityDelayedFetchImpl [com.example.chi_daram.entity.Decreasedocument.user]

2025-08-24T11:32:54.331+03:30 DEBUG 1188 --- [ChiDaram App] [           main] org.hibernate.orm.sql.ast.tree           : SQL AST Tree:
    SelectStatement {
      FromClause {
        StandardTableGroup (d1 : com.example.chi_daram.entity.Decreasedocument) {
          primaryTableReference : decreasedocument as d1_0
          TableGroupJoins {
            left  join LazyTableGroup (dt1 : com.example.chi_daram.entity.Decreasedocument.decreaseType) {
            }
            left  join LazyTableGroup (u1 : com.example.chi_daram.entity.Decreasedocument.user) {
            }
          }
        }
      }
    }

2025-08-24T11:32:54.334+03:30 DEBUG 1188 --- [ChiDaram App] [           main] o.h.p.entity.AbstractEntityPersister     : Static SQL for entity: com.example.chi_daram.entity.Decreasedocument
2025-08-24T11:32:54.335+03:30 DEBUG 1188 --- [ChiDaram App] [           main] o.h.p.entity.AbstractEntityPersister     :  Version select: select id from decreasedocument where id=?
2025-08-24T11:32:54.335+03:30 DEBUG 1188 --- [ChiDaram App] [           main] o.h.p.entity.AbstractEntityPersister     :  Insert (0): insert into decreasedocument (decreasedate,decreasetypeid,description,documentnumber,userid) values (?,?,?,?,?) returning id
2025-08-24T11:32:54.335+03:30 DEBUG 1188 --- [ChiDaram App] [           main] o.h.p.entity.AbstractEntityPersister     :  Update (0): update decreasedocument set decreasedate=?,decreasetypeid=?,description=?,documentnumber=?,userid=? where id=?
2025-08-24T11:32:54.335+03:30 DEBUG 1188 --- [ChiDaram App] [           main] o.h.p.entity.AbstractEntityPersister     :  Delete (0): delete from decreasedocument where id=?
2025-08-24T11:32:54.336+03:30 DEBUG 1188 --- [ChiDaram App] [           main] org.hibernate.orm.sql.ast.create         : Created new SQL alias : i1_0
2025-08-24T11:32:54.336+03:30 DEBUG 1188 --- [ChiDaram App] [           main] org.hibernate.orm.sql.ast.create         : Registration of TableGroup [StandardTableGroup(com.example.chi_daram.entity.Increasedocumenttype)] with identifierForTableGroup [com.example.chi_daram.entity.Increasedocumenttype] for NavigablePath [com.example.chi_daram.entity.Increasedocumenttype] 
2025-08-24T11:32:54.337+03:30 DEBUG 1188 --- [ChiDaram App] [           main] org.hibernate.orm.results.graph.AST      : DomainResult Graph:
 \-EntityResultImpl [com.example.chi_daram.entity.Increasedocumenttype]
 |  +-BasicFetch [com.example.chi_daram.entity.Increasedocumenttype.description]
 |  \-BasicFetch [com.example.chi_daram.entity.Increasedocumenttype.title]

2025-08-24T11:32:54.339+03:30 DEBUG 1188 --- [ChiDaram App] [           main] org.hibernate.orm.sql.ast.tree           : SQL AST Tree:
    SelectStatement {
      FromClause {
        StandardTableGroup (i1 : com.example.chi_daram.entity.Increasedocumenttype) {
          primaryTableReference : increasedocumenttype as i1_0
        }
      }
    }

2025-08-24T11:32:54.347+03:30 DEBUG 1188 --- [ChiDaram App] [           main] o.h.p.entity.AbstractEntityPersister     : Static SQL for entity: com.example.chi_daram.entity.Increasedocumenttype
2025-08-24T11:32:54.347+03:30 DEBUG 1188 --- [ChiDaram App] [           main] o.h.p.entity.AbstractEntityPersister     :  Version select: select id from increasedocumenttype where id=?
2025-08-24T11:32:54.348+03:30 DEBUG 1188 --- [ChiDaram App] [           main] o.h.p.entity.AbstractEntityPersister     :  Insert (0): insert into increasedocumenttype (description,title) values (?,?) returning id
2025-08-24T11:32:54.348+03:30 DEBUG 1188 --- [ChiDaram App] [           main] o.h.p.entity.AbstractEntityPersister     :  Update (0): update increasedocumenttype set description=?,title=? where id=?
2025-08-24T11:32:54.348+03:30 DEBUG 1188 --- [ChiDaram App] [           main] o.h.p.entity.AbstractEntityPersister     :  Delete (0): delete from increasedocumenttype where id=?
2025-08-24T11:32:54.348+03:30 DEBUG 1188 --- [ChiDaram App] [           main] org.hibernate.orm.sql.ast.create         : Created new SQL alias : is1_0
2025-08-24T11:32:54.348+03:30 DEBUG 1188 --- [ChiDaram App] [           main] org.hibernate.orm.sql.ast.create         : Registration of TableGroup [StandardTableGroup(com.example.chi_daram.entity.ItemStatus)] with identifierForTableGroup [com.example.chi_daram.entity.ItemStatus] for NavigablePath [com.example.chi_daram.entity.ItemStatus] 
2025-08-24T11:32:54.361+03:30 DEBUG 1188 --- [ChiDaram App] [           main] org.hibernate.orm.results.graph.AST      : DomainResult Graph:
 \-EntityResultImpl [com.example.chi_daram.entity.ItemStatus]
 |  +-BasicFetch [com.example.chi_daram.entity.ItemStatus.description]
 |  \-BasicFetch [com.example.chi_daram.entity.ItemStatus.status]

2025-08-24T11:32:54.363+03:30 DEBUG 1188 --- [ChiDaram App] [           main] org.hibernate.orm.sql.ast.tree           : SQL AST Tree:
    SelectStatement {
      FromClause {
        StandardTableGroup (is1 : com.example.chi_daram.entity.ItemStatus) {
          primaryTableReference : itemstatus as is1_0
        }
      }
    }

2025-08-24T11:32:54.364+03:30 DEBUG 1188 --- [ChiDaram App] [           main] o.h.p.entity.AbstractEntityPersister     : Static SQL for entity: com.example.chi_daram.entity.ItemStatus
2025-08-24T11:32:54.364+03:30 DEBUG 1188 --- [ChiDaram App] [           main] o.h.p.entity.AbstractEntityPersister     :  Version select: select id from itemstatus where id=?
2025-08-24T11:32:54.364+03:30 DEBUG 1188 --- [ChiDaram App] [           main] o.h.p.entity.AbstractEntityPersister     :  Insert (0): insert into itemstatus (description,status) values (?,?) returning id
2025-08-24T11:32:54.365+03:30 DEBUG 1188 --- [ChiDaram App] [           main] o.h.p.entity.AbstractEntityPersister     :  Update (0): update itemstatus set description=?,status=? where id=?
2025-08-24T11:32:54.366+03:30 DEBUG 1188 --- [ChiDaram App] [           main] o.h.p.entity.AbstractEntityPersister     :  Delete (0): delete from itemstatus where id=?
2025-08-24T11:32:54.367+03:30 DEBUG 1188 --- [ChiDaram App] [           main] org.hibernate.orm.sql.ast.create         : Created new SQL alias : d1_0
2025-08-24T11:32:54.378+03:30 DEBUG 1188 --- [ChiDaram App] [           main] org.hibernate.orm.sql.ast.create         : Registration of TableGroup [StandardTableGroup(com.example.chi_daram.entity.Decreasedocumenttype)] with identifierForTableGroup [com.example.chi_daram.entity.Decreasedocumenttype] for NavigablePath [com.example.chi_daram.entity.Decreasedocumenttype] 
2025-08-24T11:32:54.382+03:30 DEBUG 1188 --- [ChiDaram App] [           main] org.hibernate.orm.results.graph.AST      : DomainResult Graph:
 \-EntityResultImpl [com.example.chi_daram.entity.Decreasedocumenttype]
 |  +-BasicFetch [com.example.chi_daram.entity.Decreasedocumenttype.description]
 |  \-BasicFetch [com.example.chi_daram.entity.Decreasedocumenttype.title]

2025-08-24T11:32:54.383+03:30 DEBUG 1188 --- [ChiDaram App] [           main] org.hibernate.orm.sql.ast.tree           : SQL AST Tree:
    SelectStatement {
      FromClause {
        StandardTableGroup (d1 : com.example.chi_daram.entity.Decreasedocumenttype) {
          primaryTableReference : decreasedocumenttype as d1_0
        }
      }
    }

2025-08-24T11:32:54.392+03:30 DEBUG 1188 --- [ChiDaram App] [           main] o.h.p.entity.AbstractEntityPersister     : Static SQL for entity: com.example.chi_daram.entity.Decreasedocumenttype
2025-08-24T11:32:54.392+03:30 DEBUG 1188 --- [ChiDaram App] [           main] o.h.p.entity.AbstractEntityPersister     :  Version select: select id from decreasedocumenttype where id=?
2025-08-24T11:32:54.393+03:30 DEBUG 1188 --- [ChiDaram App] [           main] o.h.p.entity.AbstractEntityPersister     :  Insert (0): insert into decreasedocumenttype (description,title) values (?,?) returning id
2025-08-24T11:32:54.393+03:30 DEBUG 1188 --- [ChiDaram App] [           main] o.h.p.entity.AbstractEntityPersister     :  Update (0): update decreasedocumenttype set description=?,title=? where id=?
2025-08-24T11:32:54.393+03:30 DEBUG 1188 --- [ChiDaram App] [           main] o.h.p.entity.AbstractEntityPersister     :  Delete (0): delete from decreasedocumenttype where id=?
2025-08-24T11:32:54.433+03:30 DEBUG 1188 --- [ChiDaram App] [           main] org.hibernate.orm.sql.ast.create         : Created new SQL alias : u1_0
2025-08-24T11:32:54.433+03:30 DEBUG 1188 --- [ChiDaram App] [           main] org.hibernate.orm.sql.ast.create         : Registration of TableGroup [StandardTableGroup(com.example.chi_daram.entity.User)] with identifierForTableGroup [com.example.chi_daram.entity.User] for NavigablePath [com.example.chi_daram.entity.User] 
2025-08-24T11:32:54.445+03:30 DEBUG 1188 --- [ChiDaram App] [           main] org.hibernate.orm.sql.ast.create         : Created new SQL alias : r1_0
2025-08-24T11:32:54.446+03:30 DEBUG 1188 --- [ChiDaram App] [           main] org.hibernate.orm.sql.ast.create         : Registration of TableGroup [CollectionTableGroup(com.example.chi_daram.entity.User.roles)] with identifierForTableGroup [com.example.chi_daram.entity.User.roles] for NavigablePath [com.example.chi_daram.entity.User.roles] 
2025-08-24T11:32:54.448+03:30 DEBUG 1188 --- [ChiDaram App] [           main] org.hibernate.orm.results                : Generating Fetch for collection-part : `com.example.chi_daram.entity.User.roles` -> `{element}`
2025-08-24T11:32:54.459+03:30 DEBUG 1188 --- [ChiDaram App] [           main] org.hibernate.orm.results.graph.AST      : DomainResult Graph:
 \-EntityResultImpl [com.example.chi_daram.entity.User]
 |  +-BasicFetch [com.example.chi_daram.entity.User.accountNonExpired]
 |  +-BasicFetch [com.example.chi_daram.entity.User.accountNonLocked]
 |  +-BasicFetch [com.example.chi_daram.entity.User.credentialsNonExpired]
 |  +-BasicFetch [com.example.chi_daram.entity.User.description]
 |  +-BasicFetch [com.example.chi_daram.entity.User.enabled]
 |  +-BasicFetch [com.example.chi_daram.entity.User.otpCode]
 |  +-BasicFetch [com.example.chi_daram.entity.User.otpEnabledForLogin]
 |  +-BasicFetch [com.example.chi_daram.entity.User.otpGeneratedTime]
 |  +-BasicFetch [com.example.chi_daram.entity.User.password]
 |  +-BasicFetch [com.example.chi_daram.entity.User.phoneNumber]
 |  +-EagerCollectionFetch [com.example.chi_daram.entity.User.roles]
 |  |  \-BasicFetch [com.example.chi_daram.entity.User.roles.{element}]
 |  +-BasicFetch [com.example.chi_daram.entity.User.title]
 |  \-BasicFetch [com.example.chi_daram.entity.User.username]

2025-08-24T11:32:54.461+03:30 DEBUG 1188 --- [ChiDaram App] [           main] org.hibernate.orm.sql.ast.tree           : SQL AST Tree:
    SelectStatement {
      FromClause {
        StandardTableGroup (u1 : com.example.chi_daram.entity.User) {
          primaryTableReference : "user_security" as u1_0
          TableGroupJoins {
            left  join CollectionTableGroup (r1 : com.example.chi_daram.entity.User.roles) {
              primaryTableReference : user_roles as r1_0
            }
          }
        }
      }
    }

2025-08-24T11:32:54.466+03:30 DEBUG 1188 --- [ChiDaram App] [           main] o.h.p.entity.AbstractEntityPersister     : Static SQL for entity: com.example.chi_daram.entity.User
2025-08-24T11:32:54.466+03:30 DEBUG 1188 --- [ChiDaram App] [           main] o.h.p.entity.AbstractEntityPersister     :  Version select: select id from "user_security" where id=?
2025-08-24T11:32:54.467+03:30 DEBUG 1188 --- [ChiDaram App] [           main] o.h.p.entity.AbstractEntityPersister     :  Insert (0): insert into "user_security" (account_non_expired,account_non_locked,credentials_non_expired,description,enabled,otp_code,otp_enabled_for_login,otp_generated_time,password,phone_number,title,username) values (?,?,?,?,?,?,?,?,?,?,?,?) returning id
2025-08-24T11:32:54.467+03:30 DEBUG 1188 --- [ChiDaram App] [           main] o.h.p.entity.AbstractEntityPersister     :  Update (0): update "user_security" set account_non_expired=?,account_non_locked=?,credentials_non_expired=?,description=?,enabled=?,otp_code=?,otp_enabled_for_login=?,otp_generated_time=?,password=?,phone_number=?,title=?,username=? where id=?
2025-08-24T11:32:54.468+03:30 DEBUG 1188 --- [ChiDaram App] [           main] o.h.p.entity.AbstractEntityPersister     :  Delete (0): delete from "user_security" where id=?
2025-08-24T11:32:54.468+03:30 DEBUG 1188 --- [ChiDaram App] [           main] org.hibernate.orm.sql.ast.create         : Created new SQL alias : d1_0
2025-08-24T11:32:54.470+03:30 DEBUG 1188 --- [ChiDaram App] [           main] org.hibernate.orm.sql.ast.create         : Registration of TableGroup [StandardTableGroup(com.example.chi_daram.entity.Decreasedocumentrow)] with identifierForTableGroup [com.example.chi_daram.entity.Decreasedocumentrow] for NavigablePath [com.example.chi_daram.entity.Decreasedocumentrow] 
2025-08-24T11:32:54.485+03:30 DEBUG 1188 --- [ChiDaram App] [           main] org.hibernate.orm.sql.ast.create         : Registration of TableGroup [org.hibernate.sql.ast.tree.from.LazyTableGroup@8afd00e] with identifierForTableGroup [com.example.chi_daram.entity.Decreasedocumentrow.decreasedocument] for NavigablePath [com.example.chi_daram.entity.Decreasedocumentrow.decreasedocument] 
2025-08-24T11:32:54.529+03:30 DEBUG 1188 --- [ChiDaram App] [           main] org.hibernate.orm.sql.ast.create         : Registration of TableGroup [org.hibernate.sql.ast.tree.from.LazyTableGroup@1bd7bdf] with identifierForTableGroup [com.example.chi_daram.entity.Decreasedocumentrow.item] for NavigablePath [com.example.chi_daram.entity.Decreasedocumentrow.item] 
2025-08-24T11:32:54.548+03:30 DEBUG 1188 --- [ChiDaram App] [           main] org.hibernate.orm.results.graph.AST      : DomainResult Graph:
 \-EntityResultImpl [com.example.chi_daram.entity.Decreasedocumentrow]
 |  +-EntityDelayedFetchImpl [com.example.chi_daram.entity.Decreasedocumentrow.decreasedocument]
 |  +-BasicFetch [com.example.chi_daram.entity.Decreasedocumentrow.description]
 |  +-EntityDelayedFetchImpl [com.example.chi_daram.entity.Decreasedocumentrow.item]
 |  +-BasicFetch [com.example.chi_daram.entity.Decreasedocumentrow.quantity]
 |  \-BasicFetch [com.example.chi_daram.entity.Decreasedocumentrow.unitPrice]

2025-08-24T11:32:54.548+03:30 DEBUG 1188 --- [ChiDaram App] [           main] org.hibernate.orm.sql.ast.tree           : SQL AST Tree:
    SelectStatement {
      FromClause {
        StandardTableGroup (d1 : com.example.chi_daram.entity.Decreasedocumentrow) {
          primaryTableReference : decreasedocumentrow as d1_0
          TableGroupJoins {
            left  join LazyTableGroup (d2 : com.example.chi_daram.entity.Decreasedocumentrow.decreasedocument) {
            }
            left  join LazyTableGroup (i1 : com.example.chi_daram.entity.Decreasedocumentrow.item) {
            }
          }
        }
      }
    }

2025-08-24T11:32:54.551+03:30 DEBUG 1188 --- [ChiDaram App] [           main] o.h.p.entity.AbstractEntityPersister     : Static SQL for entity: com.example.chi_daram.entity.Decreasedocumentrow
2025-08-24T11:32:54.559+03:30 DEBUG 1188 --- [ChiDaram App] [           main] o.h.p.entity.AbstractEntityPersister     :  Version select: select id from decreasedocumentrow where id=?
2025-08-24T11:32:54.560+03:30 DEBUG 1188 --- [ChiDaram App] [           main] o.h.p.entity.AbstractEntityPersister     :  Insert (0): insert into decreasedocumentrow (decreasedocumentid,description,itemid,quantity,unitprice) values (?,?,?,?,?) returning id
2025-08-24T11:32:54.561+03:30 DEBUG 1188 --- [ChiDaram App] [           main] o.h.p.entity.AbstractEntityPersister     :  Update (0): update decreasedocumentrow set decreasedocumentid=?,description=?,itemid=?,quantity=?,unitprice=? where id=?
2025-08-24T11:32:54.562+03:30 DEBUG 1188 --- [ChiDaram App] [           main] o.h.p.entity.AbstractEntityPersister     :  Delete (0): delete from decreasedocumentrow where id=?
2025-08-24T11:32:54.568+03:30 DEBUG 1188 --- [ChiDaram App] [           main] org.hibernate.orm.sql.ast.create         : Created new SQL alias : i1_0
2025-08-24T11:32:54.575+03:30 DEBUG 1188 --- [ChiDaram App] [           main] org.hibernate.orm.sql.ast.create         : Registration of TableGroup [StandardTableGroup(com.example.chi_daram.entity.Item)] with identifierForTableGroup [com.example.chi_daram.entity.Item] for NavigablePath [com.example.chi_daram.entity.Item] 
2025-08-24T11:32:54.577+03:30 DEBUG 1188 --- [ChiDaram App] [           main] org.hibernate.orm.sql.ast.create         : Registration of TableGroup [org.hibernate.sql.ast.tree.from.LazyTableGroup@2ece1629] with identifierForTableGroup [com.example.chi_daram.entity.Item.categorylevel2] for NavigablePath [com.example.chi_daram.entity.Item.categorylevel2] 
2025-08-24T11:32:54.580+03:30 DEBUG 1188 --- [ChiDaram App] [           main] org.hibernate.orm.results.graph.AST      : DomainResult Graph:
 \-EntityResultImpl [com.example.chi_daram.entity.Item]
 |  +-EntityDelayedFetchImpl [com.example.chi_daram.entity.Item.categorylevel2]
 |  +-BasicFetch [com.example.chi_daram.entity.Item.color]
 |  +-BasicFetch [com.example.chi_daram.entity.Item.description]
 |  +-BasicFetch [com.example.chi_daram.entity.Item.image]
 |  +-BasicFetch [com.example.chi_daram.entity.Item.name]
 |  +-BasicFetch [com.example.chi_daram.entity.Item.quantity]
 |  \-BasicFetch [com.example.chi_daram.entity.Item.size]

2025-08-24T11:32:54.583+03:30 DEBUG 1188 --- [ChiDaram App] [           main] org.hibernate.orm.sql.ast.tree           : SQL AST Tree:
    SelectStatement {
      FromClause {
        StandardTableGroup (i1 : com.example.chi_daram.entity.Item) {
          primaryTableReference : item as i1_0
          TableGroupJoins {
            left  join LazyTableGroup (c1 : com.example.chi_daram.entity.Item.categorylevel2) {
            }
          }
        }
      }
    }

2025-08-24T11:32:54.584+03:30 DEBUG 1188 --- [ChiDaram App] [           main] o.h.p.entity.AbstractEntityPersister     : Static SQL for entity: com.example.chi_daram.entity.Item
2025-08-24T11:32:54.584+03:30 DEBUG 1188 --- [ChiDaram App] [           main] o.h.p.entity.AbstractEntityPersister     :  Version select: select id from item where id=?
2025-08-24T11:32:54.584+03:30 DEBUG 1188 --- [ChiDaram App] [           main] o.h.p.entity.AbstractEntityPersister     :  Insert (0): insert into item (categorylevel2id,color,description,image,name,quantity,size) values (?,?,?,?,?,?,?) returning id
2025-08-24T11:32:54.584+03:30 DEBUG 1188 --- [ChiDaram App] [           main] o.h.p.entity.AbstractEntityPersister     :  Update (0): update item set categorylevel2id=?,color=?,description=?,image=?,name=?,quantity=?,size=? where id=?
2025-08-24T11:32:54.584+03:30 DEBUG 1188 --- [ChiDaram App] [           main] o.h.p.entity.AbstractEntityPersister     :  Delete (0): delete from item where id=?
2025-08-24T11:32:54.584+03:30 DEBUG 1188 --- [ChiDaram App] [           main] org.hibernate.orm.sql.ast.create         : Created new SQL alias : i1_0
2025-08-24T11:32:54.584+03:30 DEBUG 1188 --- [ChiDaram App] [           main] org.hibernate.orm.sql.ast.create         : Registration of TableGroup [StandardTableGroup(com.example.chi_daram.entity.Increasedocument)] with identifierForTableGroup [com.example.chi_daram.entity.Increasedocument] for NavigablePath [com.example.chi_daram.entity.Increasedocument] 
2025-08-24T11:32:54.587+03:30 DEBUG 1188 --- [ChiDaram App] [           main] org.hibernate.orm.sql.ast.create         : Registration of TableGroup [org.hibernate.sql.ast.tree.from.LazyTableGroup@329e6700] with identifierForTableGroup [com.example.chi_daram.entity.Increasedocument.increaseType] for NavigablePath [com.example.chi_daram.entity.Increasedocument.increaseType] 
2025-08-24T11:32:54.589+03:30 DEBUG 1188 --- [ChiDaram App] [           main] org.hibernate.orm.sql.ast.create         : Registration of TableGroup [org.hibernate.sql.ast.tree.from.LazyTableGroup@440e28fa] with identifierForTableGroup [com.example.chi_daram.entity.Increasedocument.user] for NavigablePath [com.example.chi_daram.entity.Increasedocument.user] 
2025-08-24T11:32:54.590+03:30 DEBUG 1188 --- [ChiDaram App] [           main] org.hibernate.orm.results.graph.AST      : DomainResult Graph:
 \-EntityResultImpl [com.example.chi_daram.entity.Increasedocument]
 |  +-BasicFetch [com.example.chi_daram.entity.Increasedocument.description]
 |  +-BasicFetch [com.example.chi_daram.entity.Increasedocument.documentNumber]
 |  +-BasicFetch [com.example.chi_daram.entity.Increasedocument.increaseDate]
 |  +-EntityDelayedFetchImpl [com.example.chi_daram.entity.Increasedocument.increaseType]
 |  \-EntityDelayedFetchImpl [com.example.chi_daram.entity.Increasedocument.user]

2025-08-24T11:32:54.591+03:30 DEBUG 1188 --- [ChiDaram App] [           main] org.hibernate.orm.sql.ast.tree           : SQL AST Tree:
    SelectStatement {
      FromClause {
        StandardTableGroup (i1 : com.example.chi_daram.entity.Increasedocument) {
          primaryTableReference : increasedocument as i1_0
          TableGroupJoins {
            left  join LazyTableGroup (it1 : com.example.chi_daram.entity.Increasedocument.increaseType) {
            }
            left  join LazyTableGroup (u1 : com.example.chi_daram.entity.Increasedocument.user) {
            }
          }
        }
      }
    }

2025-08-24T11:32:54.592+03:30 DEBUG 1188 --- [ChiDaram App] [           main] o.h.p.entity.AbstractEntityPersister     : Static SQL for entity: com.example.chi_daram.entity.Increasedocument
2025-08-24T11:32:54.594+03:30 DEBUG 1188 --- [ChiDaram App] [           main] o.h.p.entity.AbstractEntityPersister     :  Version select: select id from increasedocument where id=?
2025-08-24T11:32:54.594+03:30 DEBUG 1188 --- [ChiDaram App] [           main] o.h.p.entity.AbstractEntityPersister     :  Insert (0): insert into increasedocument (description,documentnumber,increasedate,increasetypeid,userid) values (?,?,?,?,?) returning id
2025-08-24T11:32:54.594+03:30 DEBUG 1188 --- [ChiDaram App] [           main] o.h.p.entity.AbstractEntityPersister     :  Update (0): update increasedocument set description=?,documentnumber=?,increasedate=?,increasetypeid=?,userid=? where id=?
2025-08-24T11:32:54.594+03:30 DEBUG 1188 --- [ChiDaram App] [           main] o.h.p.entity.AbstractEntityPersister     :  Delete (0): delete from increasedocument where id=?
2025-08-24T11:32:54.594+03:30 DEBUG 1188 --- [ChiDaram App] [           main] org.hibernate.orm.sql.ast.create         : Created new SQL alias : d1_0
2025-08-24T11:32:54.594+03:30 DEBUG 1188 --- [ChiDaram App] [           main] org.hibernate.orm.sql.ast.create         : Registration of TableGroup [StandardTableGroup(com.example.chi_daram.entity.Dynamicfields)] with identifierForTableGroup [com.example.chi_daram.entity.Dynamicfields] for NavigablePath [com.example.chi_daram.entity.Dynamicfields] 
2025-08-24T11:32:54.595+03:30 DEBUG 1188 --- [ChiDaram App] [           main] org.hibernate.orm.sql.ast.create         : Registration of TableGroup [org.hibernate.sql.ast.tree.from.LazyTableGroup@7e3e1b7b] with identifierForTableGroup [com.example.chi_daram.entity.Dynamicfields.item] for NavigablePath [com.example.chi_daram.entity.Dynamicfields.item] 
2025-08-24T11:32:54.613+03:30 DEBUG 1188 --- [ChiDaram App] [           main] org.hibernate.orm.results.graph.AST      : DomainResult Graph:
 \-EntityResultImpl [com.example.chi_daram.entity.Dynamicfields]
 |  +-BasicFetch [com.example.chi_daram.entity.Dynamicfields.description]
 |  \-EntityDelayedFetchImpl [com.example.chi_daram.entity.Dynamicfields.item]

2025-08-24T11:32:54.618+03:30 DEBUG 1188 --- [ChiDaram App] [           main] org.hibernate.orm.sql.ast.tree           : SQL AST Tree:
    SelectStatement {
      FromClause {
        StandardTableGroup (d1 : com.example.chi_daram.entity.Dynamicfields) {
          primaryTableReference : dynamicfields as d1_0
          TableGroupJoins {
            left  join LazyTableGroup (i1 : com.example.chi_daram.entity.Dynamicfields.item) {
            }
          }
        }
      }
    }

2025-08-24T11:32:54.620+03:30 DEBUG 1188 --- [ChiDaram App] [           main] o.h.p.entity.AbstractEntityPersister     : Static SQL for entity: com.example.chi_daram.entity.Dynamicfields
2025-08-24T11:32:54.620+03:30 DEBUG 1188 --- [ChiDaram App] [           main] o.h.p.entity.AbstractEntityPersister     :  Version select: select id from dynamicfields where id=?
2025-08-24T11:32:54.620+03:30 DEBUG 1188 --- [ChiDaram App] [           main] o.h.p.entity.AbstractEntityPersister     :  Insert (0): insert into dynamicfields (descripsion,itemid) values (?,?) returning id
2025-08-24T11:32:54.620+03:30 DEBUG 1188 --- [ChiDaram App] [           main] o.h.p.entity.AbstractEntityPersister     :  Update (0): update dynamicfields set descripsion=?,itemid=? where id=?
2025-08-24T11:32:54.620+03:30 DEBUG 1188 --- [ChiDaram App] [           main] o.h.p.entity.AbstractEntityPersister     :  Delete (0): delete from dynamicfields where id=?
2025-08-24T11:32:54.620+03:30 DEBUG 1188 --- [ChiDaram App] [           main] org.hibernate.orm.sql.ast.create         : Created new SQL alias : r1_0
2025-08-24T11:32:54.621+03:30 DEBUG 1188 --- [ChiDaram App] [           main] org.hibernate.orm.sql.ast.create         : Registration of TableGroup [CollectionTableGroup(com.example.chi_daram.entity.User.roles)] with identifierForTableGroup [com.example.chi_daram.entity.User.roles] for NavigablePath [com.example.chi_daram.entity.User.roles] 
2025-08-24T11:32:54.622+03:30 DEBUG 1188 --- [ChiDaram App] [           main] org.hibernate.orm.results                : Generating Fetch for collection-part : `com.example.chi_daram.entity.User.roles` -> `{element}`
2025-08-24T11:32:54.622+03:30 DEBUG 1188 --- [ChiDaram App] [           main] org.hibernate.orm.results.graph.AST      : DomainResult Graph:
 \-CollectionDomainResult [com.example.chi_daram.entity.User.roles]

2025-08-24T11:32:54.624+03:30 DEBUG 1188 --- [ChiDaram App] [           main] org.hibernate.orm.sql.ast.tree           : SQL AST Tree:
    SelectStatement {
      FromClause {
        CollectionTableGroup (r1 : com.example.chi_daram.entity.User.roles) {
          primaryTableReference : user_roles as r1_0
        }
      }
    }

2025-08-24T11:32:54.625+03:30 DEBUG 1188 --- [ChiDaram App] [           main] org.hibernate.orm.jdbc.mutation          : Static SQL for collection: com.example.chi_daram.entity.User.roles
2025-08-24T11:32:54.627+03:30 DEBUG 1188 --- [ChiDaram App] [           main] org.hibernate.orm.jdbc.mutation          :  Row insert: insert into user_roles (user_id,role) values (?,?)
2025-08-24T11:32:54.628+03:30 DEBUG 1188 --- [ChiDaram App] [           main] org.hibernate.orm.jdbc.mutation          :  Row delete: delete from user_roles where user_id=? and role=?
2025-08-24T11:32:54.628+03:30 DEBUG 1188 --- [ChiDaram App] [           main] org.hibernate.orm.jdbc.mutation          :  One-shot delete: delete from user_roles where user_id=?
2025-08-24T11:32:54.695+03:30  INFO 1188 --- [ChiDaram App] [           main] o.h.e.t.j.p.i.JtaPlatformInitiator       : HHH000489: No JTA platform available (set 'hibernate.transaction.jta.platform' to enable JTA platform integration)
2025-08-24T11:32:54.695+03:30 DEBUG 1188 --- [ChiDaram App] [           main] o.h.type.spi.TypeConfiguration$Scope     : Scoping TypeConfiguration [org.hibernate.type.spi.TypeConfiguration@40a7c0cc] to SessionFactoryImplementor [org.hibernate.internal.SessionFactoryImpl@2e07ae6c]
2025-08-24T11:32:54.696+03:30 DEBUG 1188 --- [ChiDaram App] [           main] o.h.query.named.NamedObjectRepository    : Checking 0 named HQL queries
2025-08-24T11:32:54.696+03:30 DEBUG 1188 --- [ChiDaram App] [           main] o.h.query.named.NamedObjectRepository    : Checking 0 named SQL queries
2025-08-24T11:32:54.776+03:30 DEBUG 1188 --- [ChiDaram App] [           main] o.h.internal.SessionFactoryRegistry      : Registering SessionFactory: f4e19380-d923-4c03-9355-4e6f250de370 (<unnamed>)
2025-08-24T11:32:54.777+03:30 DEBUG 1188 --- [ChiDaram App] [           main] o.h.internal.SessionFactoryRegistry      : Not binding SessionFactory to JNDI, no JNDI name configured
2025-08-24T11:32:54.777+03:30 DEBUG 1188 --- [ChiDaram App] [           main] o.hibernate.internal.SessionFactoryImpl  : Instantiated SessionFactory
2025-08-24T11:32:54.777+03:30  INFO 1188 --- [ChiDaram App] [           main] j.LocalContainerEntityManagerFactoryBean : Initialized JPA EntityManagerFactory for persistence unit 'default'
2025-08-24T11:32:55.359+03:30 DEBUG 1188 --- [ChiDaram App] [           main] tor$SharedEntityManagerInvocationHandler : Creating new EntityManager for shared EntityManager invocation
2025-08-24T11:32:55.360+03:30 DEBUG 1188 --- [ChiDaram App] [           main] o.h.stat.internal.StatisticsInitiator    : Statistics initialized [enabled=false]
2025-08-24T11:32:55.621+03:30 DEBUG 1188 --- [ChiDaram App] [           main] tor$SharedEntityManagerInvocationHandler : Creating new EntityManager for shared EntityManager invocation
2025-08-24T11:32:55.633+03:30 DEBUG 1188 --- [ChiDaram App] [           main] cResourceLocalTransactionCoordinatorImpl : JDBC transaction marked for rollback-only (exception provided for stack trace)

java.lang.Exception: exception just for purpose of providing stack trace
	at org.hibernate.resource.transaction.backend.jdbc.internal.JdbcResourceLocalTransactionCoordinatorImpl$TransactionDriverControlImpl.markRollbackOnly(JdbcResourceLocalTransactionCoordinatorImpl.java:309) ~[hibernate-core-6.5.2.Final.jar:6.5.2.Final]
	at org.hibernate.internal.AbstractSharedSessionContract.buildNamedQuery(AbstractSharedSessionContract.java:1109) ~[hibernate-core-6.5.2.Final.jar:6.5.2.Final]
	at org.hibernate.internal.AbstractSharedSessionContract.createNamedQuery(AbstractSharedSessionContract.java:987) ~[hibernate-core-6.5.2.Final.jar:6.5.2.Final]
	at org.hibernate.internal.AbstractSharedSessionContract.createNamedQuery(AbstractSharedSessionContract.java:140) ~[hibernate-core-6.5.2.Final.jar:6.5.2.Final]
	at java.base/jdk.internal.reflect.DirectMethodHandleAccessor.invoke(DirectMethodHandleAccessor.java:103) ~[na:na]
	at java.base/java.lang.reflect.Method.invoke(Method.java:580) ~[na:na]
	at org.springframework.orm.jpa.ExtendedEntityManagerCreator$ExtendedEntityManagerInvocationHandler.invoke(ExtendedEntityManagerCreator.java:364) ~[spring-orm-6.1.10.jar:6.1.10]
	at jdk.proxy2/jdk.proxy2.$Proxy160.createNamedQuery(Unknown Source) ~[na:na]
	at org.springframework.data.jpa.repository.query.NamedQuery.hasNamedQuery(NamedQuery.java:112) ~[spring-data-jpa-3.3.1.jar:3.3.1]
	at org.springframework.data.jpa.repository.query.NamedQuery.lookupFrom(NamedQuery.java:138) ~[spring-data-jpa-3.3.1.jar:3.3.1]
	at org.springframework.data.jpa.repository.query.JpaQueryLookupStrategy$DeclaredQueryLookupStrategy.resolveQuery(JpaQueryLookupStrategy.java:180) ~[spring-data-jpa-3.3.1.jar:3.3.1]
	at org.springframework.data.jpa.repository.query.JpaQueryLookupStrategy$CreateIfNotFoundQueryLookupStrategy.resolveQuery(JpaQueryLookupStrategy.java:252) ~[spring-data-jpa-3.3.1.jar:3.3.1]
	at org.springframework.data.jpa.repository.query.JpaQueryLookupStrategy$AbstractQueryLookupStrategy.resolveQuery(JpaQueryLookupStrategy.java:95) ~[spring-data-jpa-3.3.1.jar:3.3.1]
	at org.springframework.data.repository.core.support.QueryExecutorMethodInterceptor.lookupQuery(QueryExecutorMethodInterceptor.java:111) ~[spring-data-commons-3.3.1.jar:3.3.1]
	at org.springframework.data.repository.core.support.QueryExecutorMethodInterceptor.mapMethodsToQuery(QueryExecutorMethodInterceptor.java:99) ~[spring-data-commons-3.3.1.jar:3.3.1]
	at org.springframework.data.repository.core.support.QueryExecutorMethodInterceptor.lambda$new$0(QueryExecutorMethodInterceptor.java:88) ~[spring-data-commons-3.3.1.jar:3.3.1]
	at java.base/java.util.Optional.map(Optional.java:260) ~[na:na]
	at org.springframework.data.repository.core.support.QueryExecutorMethodInterceptor.<init>(QueryExecutorMethodInterceptor.java:88) ~[spring-data-commons-3.3.1.jar:3.3.1]
	at org.springframework.data.repository.core.support.RepositoryFactorySupport.getRepository(RepositoryFactorySupport.java:357) ~[spring-data-commons-3.3.1.jar:3.3.1]
	at org.springframework.data.repository.core.support.RepositoryFactoryBeanSupport.lambda$afterPropertiesSet$5(RepositoryFactoryBeanSupport.java:286) ~[spring-data-commons-3.3.1.jar:3.3.1]
	at org.springframework.data.util.Lazy.getNullable(Lazy.java:135) ~[spring-data-commons-3.3.1.jar:3.3.1]
	at org.springframework.data.util.Lazy.get(Lazy.java:113) ~[spring-data-commons-3.3.1.jar:3.3.1]
	at org.springframework.data.repository.core.support.RepositoryFactoryBeanSupport.afterPropertiesSet(RepositoryFactoryBeanSupport.java:292) ~[spring-data-commons-3.3.1.jar:3.3.1]
	at org.springframework.data.jpa.repository.support.JpaRepositoryFactoryBean.afterPropertiesSet(JpaRepositoryFactoryBean.java:132) ~[spring-data-jpa-3.3.1.jar:3.3.1]
	at org.springframework.beans.factory.support.AbstractAutowireCapableBeanFactory.invokeInitMethods(AbstractAutowireCapableBeanFactory.java:1835) ~[spring-beans-6.1.10.jar:6.1.10]
	at org.springframework.beans.factory.support.AbstractAutowireCapableBeanFactory.initializeBean(AbstractAutowireCapableBeanFactory.java:1784) ~[spring-beans-6.1.10.jar:6.1.10]
	at org.springframework.beans.factory.support.AbstractAutowireCapableBeanFactory.doCreateBean(AbstractAutowireCapableBeanFactory.java:600) ~[spring-beans-6.1.10.jar:6.1.10]
	at org.springframework.beans.factory.support.AbstractAutowireCapableBeanFactory.createBean(AbstractAutowireCapableBeanFactory.java:522) ~[spring-beans-6.1.10.jar:6.1.10]
	at org.springframework.beans.factory.support.AbstractBeanFactory.lambda$doGetBean$0(AbstractBeanFactory.java:337) ~[spring-beans-6.1.10.jar:6.1.10]
	at org.springframework.beans.factory.support.DefaultSingletonBeanRegistry.getSingleton(DefaultSingletonBeanRegistry.java:234) ~[spring-beans-6.1.10.jar:6.1.10]
	at org.springframework.beans.factory.support.AbstractBeanFactory.doGetBean(AbstractBeanFactory.java:335) ~[spring-beans-6.1.10.jar:6.1.10]
	at org.springframework.beans.factory.support.AbstractBeanFactory.getBean(AbstractBeanFactory.java:200) ~[spring-beans-6.1.10.jar:6.1.10]
	at org.springframework.beans.factory.config.DependencyDescriptor.resolveCandidate(DependencyDescriptor.java:254) ~[spring-beans-6.1.10.jar:6.1.10]
	at org.springframework.beans.factory.support.DefaultListableBeanFactory.doResolveDependency(DefaultListableBeanFactory.java:1443) ~[spring-beans-6.1.10.jar:6.1.10]
	at org.springframework.beans.factory.support.DefaultListableBeanFactory.resolveDependency(DefaultListableBeanFactory.java:1353) ~[spring-beans-6.1.10.jar:6.1.10]
	at org.springframework.beans.factory.support.ConstructorResolver.resolveAutowiredArgument(ConstructorResolver.java:904) ~[spring-beans-6.1.10.jar:6.1.10]
	at org.springframework.beans.factory.support.ConstructorResolver.createArgumentArray(ConstructorResolver.java:782) ~[spring-beans-6.1.10.jar:6.1.10]
	at org.springframework.beans.factory.support.ConstructorResolver.autowireConstructor(ConstructorResolver.java:237) ~[spring-beans-6.1.10.jar:6.1.10]
	at org.springframework.beans.factory.support.AbstractAutowireCapableBeanFactory.autowireConstructor(AbstractAutowireCapableBeanFactory.java:1357) ~[spring-beans-6.1.10.jar:6.1.10]
	at org.springframework.beans.factory.support.AbstractAutowireCapableBeanFactory.createBeanInstance(AbstractAutowireCapableBeanFactory.java:1194) ~[spring-beans-6.1.10.jar:6.1.10]
	at org.springframework.beans.factory.support.AbstractAutowireCapableBeanFactory.doCreateBean(AbstractAutowireCapableBeanFactory.java:562) ~[spring-beans-6.1.10.jar:6.1.10]
	at org.springframework.beans.factory.support.AbstractAutowireCapableBeanFactory.createBean(AbstractAutowireCapableBeanFactory.java:522) ~[spring-beans-6.1.10.jar:6.1.10]
	at org.springframework.beans.factory.support.AbstractBeanFactory.lambda$doGetBean$0(AbstractBeanFactory.java:337) ~[spring-beans-6.1.10.jar:6.1.10]
	at org.springframework.beans.factory.support.DefaultSingletonBeanRegistry.getSingleton(DefaultSingletonBeanRegistry.java:234) ~[spring-beans-6.1.10.jar:6.1.10]
	at org.springframework.beans.factory.support.AbstractBeanFactory.doGetBean(AbstractBeanFactory.java:335) ~[spring-beans-6.1.10.jar:6.1.10]
	at org.springframework.beans.factory.support.AbstractBeanFactory.getBean(AbstractBeanFactory.java:200) ~[spring-beans-6.1.10.jar:6.1.10]
	at org.springframework.beans.factory.config.DependencyDescriptor.resolveCandidate(DependencyDescriptor.java:254) ~[spring-beans-6.1.10.jar:6.1.10]
	at org.springframework.beans.factory.support.DefaultListableBeanFactory.doResolveDependency(DefaultListableBeanFactory.java:1443) ~[spring-beans-6.1.10.jar:6.1.10]
	at org.springframework.beans.factory.support.DefaultListableBeanFactory.resolveDependency(DefaultListableBeanFactory.java:1353) ~[spring-beans-6.1.10.jar:6.1.10]
	at org.springframework.beans.factory.support.ConstructorResolver.resolveAutowiredArgument(ConstructorResolver.java:904) ~[spring-beans-6.1.10.jar:6.1.10]
	at org.springframework.beans.factory.support.ConstructorResolver.createArgumentArray(ConstructorResolver.java:782) ~[spring-beans-6.1.10.jar:6.1.10]
	at org.springframework.beans.factory.support.ConstructorResolver.autowireConstructor(ConstructorResolver.java:237) ~[spring-beans-6.1.10.jar:6.1.10]
	at org.springframework.beans.factory.support.AbstractAutowireCapableBeanFactory.autowireConstructor(AbstractAutowireCapableBeanFactory.java:1357) ~[spring-beans-6.1.10.jar:6.1.10]
	at org.springframework.beans.factory.support.AbstractAutowireCapableBeanFactory.createBeanInstance(AbstractAutowireCapableBeanFactory.java:1194) ~[spring-beans-6.1.10.jar:6.1.10]
	at org.springframework.beans.factory.support.AbstractAutowireCapableBeanFactory.doCreateBean(AbstractAutowireCapableBeanFactory.java:562) ~[spring-beans-6.1.10.jar:6.1.10]
	at org.springframework.beans.factory.support.AbstractAutowireCapableBeanFactory.createBean(AbstractAutowireCapableBeanFactory.java:522) ~[spring-beans-6.1.10.jar:6.1.10]
	at org.springframework.beans.factory.support.AbstractBeanFactory.lambda$doGetBean$0(AbstractBeanFactory.java:337) ~[spring-beans-6.1.10.jar:6.1.10]
	at org.springframework.beans.factory.support.DefaultSingletonBeanRegistry.getSingleton(DefaultSingletonBeanRegistry.java:234) ~[spring-beans-6.1.10.jar:6.1.10]
	at org.springframework.beans.factory.support.AbstractBeanFactory.doGetBean(AbstractBeanFactory.java:335) ~[spring-beans-6.1.10.jar:6.1.10]
	at org.springframework.beans.factory.support.AbstractBeanFactory.getBean(AbstractBeanFactory.java:200) ~[spring-beans-6.1.10.jar:6.1.10]
	at org.springframework.beans.factory.support.DefaultListableBeanFactory.preInstantiateSingletons(DefaultListableBeanFactory.java:975) ~[spring-beans-6.1.10.jar:6.1.10]
	at org.springframework.context.support.AbstractApplicationContext.finishBeanFactoryInitialization(AbstractApplicationContext.java:962) ~[spring-context-6.1.10.jar:6.1.10]
	at org.springframework.context.support.AbstractApplicationContext.refresh(AbstractApplicationContext.java:624) ~[spring-context-6.1.10.jar:6.1.10]
	at org.springframework.boot.SpringApplication.refresh(SpringApplication.java:754) ~[spring-boot-3.3.1.jar:3.3.1]
	at org.springframework.boot.SpringApplication.refreshContext(SpringApplication.java:456) ~[spring-boot-3.3.1.jar:3.3.1]
	at org.springframework.boot.SpringApplication.run(SpringApplication.java:335) ~[spring-boot-3.3.1.jar:3.3.1]
	at org.springframework.boot.test.context.SpringBootContextLoader.lambda$loadContext$3(SpringBootContextLoader.java:137) ~[spring-boot-test-3.3.1.jar:3.3.1]
	at org.springframework.util.function.ThrowingSupplier.get(ThrowingSupplier.java:58) ~[spring-core-6.1.10.jar:6.1.10]
	at org.springframework.util.function.ThrowingSupplier.get(ThrowingSupplier.java:46) ~[spring-core-6.1.10.jar:6.1.10]
	at org.springframework.boot.SpringApplication.withHook(SpringApplication.java:1463) ~[spring-boot-3.3.1.jar:3.3.1]
	at org.springframework.boot.test.context.SpringBootContextLoader$ContextLoaderHook.run(SpringBootContextLoader.java:553) ~[spring-boot-test-3.3.1.jar:3.3.1]
	at org.springframework.boot.test.context.SpringBootContextLoader.loadContext(SpringBootContextLoader.java:137) ~[spring-boot-test-3.3.1.jar:3.3.1]
	at org.springframework.boot.test.context.SpringBootContextLoader.loadContext(SpringBootContextLoader.java:108) ~[spring-boot-test-3.3.1.jar:3.3.1]
	at org.springframework.test.context.cache.DefaultCacheAwareContextLoaderDelegate.loadContextInternal(DefaultCacheAwareContextLoaderDelegate.java:225) ~[spring-test-6.1.10.jar:6.1.10]
	at org.springframework.test.context.cache.DefaultCacheAwareContextLoaderDelegate.loadContext(DefaultCacheAwareContextLoaderDelegate.java:152) ~[spring-test-6.1.10.jar:6.1.10]
	at org.springframework.test.context.support.DefaultTestContext.getApplicationContext(DefaultTestContext.java:130) ~[spring-test-6.1.10.jar:6.1.10]
	at org.springframework.test.context.web.ServletTestExecutionListener.setUpRequestContextIfNecessary(ServletTestExecutionListener.java:191) ~[spring-test-6.1.10.jar:6.1.10]
	at org.springframework.test.context.web.ServletTestExecutionListener.prepareTestInstance(ServletTestExecutionListener.java:130) ~[spring-test-6.1.10.jar:6.1.10]
	at org.springframework.test.context.TestContextManager.prepareTestInstance(TestContextManager.java:260) ~[spring-test-6.1.10.jar:6.1.10]
	at org.springframework.test.context.junit.jupiter.SpringExtension.postProcessTestInstance(SpringExtension.java:163) ~[spring-test-6.1.10.jar:6.1.10]
	at org.junit.jupiter.engine.descriptor.ClassBasedTestDescriptor.lambda$invokeTestInstancePostProcessors$10(ClassBasedTestDescriptor.java:378) ~[junit-jupiter-engine-5.10.2.jar:5.10.2]
	at org.junit.jupiter.engine.descriptor.ClassBasedTestDescriptor.executeAndMaskThrowable(ClassBasedTestDescriptor.java:383) ~[junit-jupiter-engine-5.10.2.jar:5.10.2]
	at org.junit.jupiter.engine.descriptor.ClassBasedTestDescriptor.lambda$invokeTestInstancePostProcessors$11(ClassBasedTestDescriptor.java:378) ~[junit-jupiter-engine-5.10.2.jar:5.10.2]
	at java.base/java.util.stream.ReferencePipeline$3$1.accept(ReferencePipeline.java:215) ~[na:na]
	at java.base/java.util.stream.ReferencePipeline$2$1.accept(ReferencePipeline.java:197) ~[na:na]
	at java.base/java.util.ArrayList$ArrayListSpliterator.forEachRemaining(ArrayList.java:1709) ~[na:na]
	at java.base/java.util.stream.AbstractPipeline.copyInto(AbstractPipeline.java:570) ~[na:na]
	at java.base/java.util.stream.AbstractPipeline.wrapAndCopyInto(AbstractPipeline.java:560) ~[na:na]
	at java.base/java.util.stream.StreamSpliterators$WrappingSpliterator.forEachRemaining(StreamSpliterators.java:315) ~[na:na]
	at java.base/java.util.stream.Streams$ConcatSpliterator.forEachRemaining(Streams.java:735) ~[na:na]
	at java.base/java.util.stream.Streams$ConcatSpliterator.forEachRemaining(Streams.java:734) ~[na:na]
	at java.base/java.util.stream.ReferencePipeline$Head.forEach(ReferencePipeline.java:807) ~[na:na]
	at org.junit.jupiter.engine.descriptor.ClassBasedTestDescriptor.invokeTestInstancePostProcessors(ClassBasedTestDescriptor.java:377) ~[junit-jupiter-engine-5.10.2.jar:5.10.2]
	at org.junit.jupiter.engine.descriptor.ClassBasedTestDescriptor.lambda$instantiateAndPostProcessTestInstance$6(ClassBasedTestDescriptor.java:290) ~[junit-jupiter-engine-5.10.2.jar:5.10.2]
	at org.junit.platform.engine.support.hierarchical.ThrowableCollector.execute(ThrowableCollector.java:73) ~[junit-platform-engine-1.10.2.jar:1.10.2]
	at org.junit.jupiter.engine.descriptor.ClassBasedTestDescriptor.instantiateAndPostProcessTestInstance(ClassBasedTestDescriptor.java:289) ~[junit-jupiter-engine-5.10.2.jar:5.10.2]
	at org.junit.jupiter.engine.descriptor.ClassBasedTestDescriptor.lambda$testInstancesProvider$4(ClassBasedTestDescriptor.java:279) ~[junit-jupiter-engine-5.10.2.jar:5.10.2]
	at java.base/java.util.Optional.orElseGet(Optional.java:364) ~[na:na]
	at org.junit.jupiter.engine.descriptor.ClassBasedTestDescriptor.lambda$testInstancesProvider$5(ClassBasedTestDescriptor.java:278) ~[junit-jupiter-engine-5.10.2.jar:5.10.2]
	at org.junit.jupiter.engine.execution.TestInstancesProvider.getTestInstances(TestInstancesProvider.java:31) ~[junit-jupiter-engine-5.10.2.jar:5.10.2]
	at org.junit.jupiter.engine.descriptor.TestMethodTestDescriptor.lambda$prepare$0(TestMethodTestDescriptor.java:106) ~[junit-jupiter-engine-5.10.2.jar:5.10.2]
	at org.junit.platform.engine.support.hierarchical.ThrowableCollector.execute(ThrowableCollector.java:73) ~[junit-platform-engine-1.10.2.jar:1.10.2]
	at org.junit.jupiter.engine.descriptor.TestMethodTestDescriptor.prepare(TestMethodTestDescriptor.java:105) ~[junit-jupiter-engine-5.10.2.jar:5.10.2]
	at org.junit.jupiter.engine.descriptor.TestMethodTestDescriptor.prepare(TestMethodTestDescriptor.java:69) ~[junit-jupiter-engine-5.10.2.jar:5.10.2]
	at org.junit.platform.engine.support.hierarchical.NodeTestTask.lambda$prepare$2(NodeTestTask.java:123) ~[junit-platform-engine-1.10.2.jar:1.10.2]
	at org.junit.platform.engine.support.hierarchical.ThrowableCollector.execute(ThrowableCollector.java:73) ~[junit-platform-engine-1.10.2.jar:1.10.2]
	at org.junit.platform.engine.support.hierarchical.NodeTestTask.prepare(NodeTestTask.java:123) ~[junit-platform-engine-1.10.2.jar:1.10.2]
	at org.junit.platform.engine.support.hierarchical.NodeTestTask.execute(NodeTestTask.java:90) ~[junit-platform-engine-1.10.2.jar:1.10.2]
	at java.base/java.util.ArrayList.forEach(ArrayList.java:1597) ~[na:na]
	at org.junit.platform.engine.support.hierarchical.SameThreadHierarchicalTestExecutorService.invokeAll(SameThreadHierarchicalTestExecutorService.java:41) ~[junit-platform-engine-1.10.2.jar:1.10.2]
	at org.junit.platform.engine.support.hierarchical.NodeTestTask.lambda$executeRecursively$6(NodeTestTask.java:155) ~[junit-platform-engine-1.10.2.jar:1.10.2]
	at org.junit.platform.engine.support.hierarchical.ThrowableCollector.execute(ThrowableCollector.java:73) ~[junit-platform-engine-1.10.2.jar:1.10.2]
	at org.junit.platform.engine.support.hierarchical.NodeTestTask.lambda$executeRecursively$8(NodeTestTask.java:141) ~[junit-platform-engine-1.10.2.jar:1.10.2]
	at org.junit.platform.engine.support.hierarchical.Node.around(Node.java:137) ~[junit-platform-engine-1.10.2.jar:1.10.2]
	at org.junit.platform.engine.support.hierarchical.NodeTestTask.lambda$executeRecursively$9(NodeTestTask.java:139) ~[junit-platform-engine-1.10.2.jar:1.10.2]
	at org.junit.platform.engine.support.hierarchical.ThrowableCollector.execute(ThrowableCollector.java:73) ~[junit-platform-engine-1.10.2.jar:1.10.2]
	at org.junit.platform.engine.support.hierarchical.NodeTestTask.executeRecursively(NodeTestTask.java:138) ~[junit-platform-engine-1.10.2.jar:1.10.2]
	at org.junit.platform.engine.support.hierarchical.NodeTestTask.execute(NodeTestTask.java:95) ~[junit-platform-engine-1.10.2.jar:1.10.2]
	at java.base/java.util.ArrayList.forEach(ArrayList.java:1597) ~[na:na]
	at org.junit.platform.engine.support.hierarchical.SameThreadHierarchicalTestExecutorService.invokeAll(SameThreadHierarchicalTestExecutorService.java:41) ~[junit-platform-engine-1.10.2.jar:1.10.2]
	at org.junit.platform.engine.support.hierarchical.NodeTestTask.lambda$executeRecursively$6(NodeTestTask.java:155) ~[junit-platform-engine-1.10.2.jar:1.10.2]
	at org.junit.platform.engine.support.hierarchical.ThrowableCollector.execute(ThrowableCollector.java:73) ~[junit-platform-engine-1.10.2.jar:1.10.2]
	at org.junit.platform.engine.support.hierarchical.NodeTestTask.lambda$executeRecursively$8(NodeTestTask.java:141) ~[junit-platform-engine-1.10.2.jar:1.10.2]
	at org.junit.platform.engine.support.hierarchical.Node.around(Node.java:137) ~[junit-platform-engine-1.10.2.jar:1.10.2]
	at org.junit.platform.engine.support.hierarchical.NodeTestTask.lambda$executeRecursively$9(NodeTestTask.java:139) ~[junit-platform-engine-1.10.2.jar:1.10.2]
	at org.junit.platform.engine.support.hierarchical.ThrowableCollector.execute(ThrowableCollector.java:73) ~[junit-platform-engine-1.10.2.jar:1.10.2]
	at org.junit.platform.engine.support.hierarchical.NodeTestTask.executeRecursively(NodeTestTask.java:138) ~[junit-platform-engine-1.10.2.jar:1.10.2]
	at org.junit.platform.engine.support.hierarchical.NodeTestTask.execute(NodeTestTask.java:95) ~[junit-platform-engine-1.10.2.jar:1.10.2]
	at org.junit.platform.engine.support.hierarchical.SameThreadHierarchicalTestExecutorService.submit(SameThreadHierarchicalTestExecutorService.java:35) ~[junit-platform-engine-1.10.2.jar:1.10.2]
	at org.junit.platform.engine.support.hierarchical.HierarchicalTestExecutor.execute(HierarchicalTestExecutor.java:57) ~[junit-platform-engine-1.10.2.jar:1.10.2]
	at org.junit.platform.engine.support.hierarchical.HierarchicalTestEngine.execute(HierarchicalTestEngine.java:54) ~[junit-platform-engine-1.10.2.jar:1.10.2]
	at org.junit.platform.launcher.core.EngineExecutionOrchestrator.execute(EngineExecutionOrchestrator.java:198) ~[junit-platform-launcher-1.10.2.jar:1.10.2]
	at org.junit.platform.launcher.core.EngineExecutionOrchestrator.execute(EngineExecutionOrchestrator.java:169) ~[junit-platform-launcher-1.10.2.jar:1.10.2]
	at org.junit.platform.launcher.core.EngineExecutionOrchestrator.execute(EngineExecutionOrchestrator.java:93) ~[junit-platform-launcher-1.10.2.jar:1.10.2]
	at org.junit.platform.launcher.core.EngineExecutionOrchestrator.lambda$execute$0(EngineExecutionOrchestrator.java:58) ~[junit-platform-launcher-1.10.2.jar:1.10.2]
	at org.junit.platform.launcher.core.EngineExecutionOrchestrator.withInterceptedStreams(EngineExecutionOrchestrator.java:141) ~[junit-platform-launcher-1.10.2.jar:1.10.2]
	at org.junit.platform.launcher.core.EngineExecutionOrchestrator.execute(EngineExecutionOrchestrator.java:57) ~[junit-platform-launcher-1.10.2.jar:1.10.2]
	at org.junit.platform.launcher.core.DefaultLauncher.execute(DefaultLauncher.java:103) ~[junit-platform-launcher-1.10.2.jar:1.10.2]
	at org.junit.platform.launcher.core.DefaultLauncher.execute(DefaultLauncher.java:85) ~[junit-platform-launcher-1.10.2.jar:1.10.2]
	at org.junit.platform.launcher.core.DelegatingLauncher.execute(DelegatingLauncher.java:47) ~[junit-platform-launcher-1.10.2.jar:1.10.2]
	at org.apache.maven.surefire.junitplatform.LazyLauncher.execute(LazyLauncher.java:56) ~[surefire-junit-platform-3.2.5.jar:3.2.5]
	at org.apache.maven.surefire.junitplatform.JUnitPlatformProvider.execute(JUnitPlatformProvider.java:184) ~[surefire-junit-platform-3.2.5.jar:3.2.5]
	at org.apache.maven.surefire.junitplatform.JUnitPlatformProvider.invokeAllTests(JUnitPlatformProvider.java:148) ~[surefire-junit-platform-3.2.5.jar:3.2.5]
	at org.apache.maven.surefire.junitplatform.JUnitPlatformProvider.invoke(JUnitPlatformProvider.java:122) ~[surefire-junit-platform-3.2.5.jar:3.2.5]
	at org.apache.maven.surefire.booter.ForkedBooter.runSuitesInProcess(ForkedBooter.java:385) ~[surefire-booter-3.2.5.jar:3.2.5]
	at org.apache.maven.surefire.booter.ForkedBooter.execute(ForkedBooter.java:162) ~[surefire-booter-3.2.5.jar:3.2.5]
	at org.apache.maven.surefire.booter.ForkedBooter.run(ForkedBooter.java:507) ~[surefire-booter-3.2.5.jar:3.2.5]
	at org.apache.maven.surefire.booter.ForkedBooter.main(ForkedBooter.java:495) ~[surefire-booter-3.2.5.jar:3.2.5]

2025-08-24T11:32:55.637+03:30 DEBUG 1188 --- [ChiDaram App] [           main] tor$SharedEntityManagerInvocationHandler : Creating new EntityManager for shared EntityManager invocation
2025-08-24T11:32:55.643+03:30 DEBUG 1188 --- [ChiDaram App] [           main] cResourceLocalTransactionCoordinatorImpl : JDBC transaction marked for rollback-only (exception provided for stack trace)

java.lang.Exception: exception just for purpose of providing stack trace
	at org.hibernate.resource.transaction.backend.jdbc.internal.JdbcResourceLocalTransactionCoordinatorImpl$TransactionDriverControlImpl.markRollbackOnly(JdbcResourceLocalTransactionCoordinatorImpl.java:309) ~[hibernate-core-6.5.2.Final.jar:6.5.2.Final]
	at org.hibernate.internal.AbstractSharedSessionContract.buildNamedQuery(AbstractSharedSessionContract.java:1109) ~[hibernate-core-6.5.2.Final.jar:6.5.2.Final]
	at org.hibernate.internal.AbstractSharedSessionContract.createNamedQuery(AbstractSharedSessionContract.java:987) ~[hibernate-core-6.5.2.Final.jar:6.5.2.Final]
	at org.hibernate.internal.AbstractSharedSessionContract.createNamedQuery(AbstractSharedSessionContract.java:140) ~[hibernate-core-6.5.2.Final.jar:6.5.2.Final]
	at java.base/jdk.internal.reflect.DirectMethodHandleAccessor.invoke(DirectMethodHandleAccessor.java:103) ~[na:na]
	at java.base/java.lang.reflect.Method.invoke(Method.java:580) ~[na:na]
	at org.springframework.orm.jpa.ExtendedEntityManagerCreator$ExtendedEntityManagerInvocationHandler.invoke(ExtendedEntityManagerCreator.java:364) ~[spring-orm-6.1.10.jar:6.1.10]
	at jdk.proxy2/jdk.proxy2.$Proxy160.createNamedQuery(Unknown Source) ~[na:na]
	at org.springframework.data.jpa.repository.query.NamedQuery.hasNamedQuery(NamedQuery.java:112) ~[spring-data-jpa-3.3.1.jar:3.3.1]
	at org.springframework.data.jpa.repository.query.NamedQuery.lookupFrom(NamedQuery.java:138) ~[spring-data-jpa-3.3.1.jar:3.3.1]
	at org.springframework.data.jpa.repository.query.JpaQueryLookupStrategy$DeclaredQueryLookupStrategy.resolveQuery(JpaQueryLookupStrategy.java:180) ~[spring-data-jpa-3.3.1.jar:3.3.1]
	at org.springframework.data.jpa.repository.query.JpaQueryLookupStrategy$CreateIfNotFoundQueryLookupStrategy.resolveQuery(JpaQueryLookupStrategy.java:252) ~[spring-data-jpa-3.3.1.jar:3.3.1]
	at org.springframework.data.jpa.repository.query.JpaQueryLookupStrategy$AbstractQueryLookupStrategy.resolveQuery(JpaQueryLookupStrategy.java:95) ~[spring-data-jpa-3.3.1.jar:3.3.1]
	at org.springframework.data.repository.core.support.QueryExecutorMethodInterceptor.lookupQuery(QueryExecutorMethodInterceptor.java:111) ~[spring-data-commons-3.3.1.jar:3.3.1]
	at org.springframework.data.repository.core.support.QueryExecutorMethodInterceptor.mapMethodsToQuery(QueryExecutorMethodInterceptor.java:99) ~[spring-data-commons-3.3.1.jar:3.3.1]
	at org.springframework.data.repository.core.support.QueryExecutorMethodInterceptor.lambda$new$0(QueryExecutorMethodInterceptor.java:88) ~[spring-data-commons-3.3.1.jar:3.3.1]
	at java.base/java.util.Optional.map(Optional.java:260) ~[na:na]
	at org.springframework.data.repository.core.support.QueryExecutorMethodInterceptor.<init>(QueryExecutorMethodInterceptor.java:88) ~[spring-data-commons-3.3.1.jar:3.3.1]
	at org.springframework.data.repository.core.support.RepositoryFactorySupport.getRepository(RepositoryFactorySupport.java:357) ~[spring-data-commons-3.3.1.jar:3.3.1]
	at org.springframework.data.repository.core.support.RepositoryFactoryBeanSupport.lambda$afterPropertiesSet$5(RepositoryFactoryBeanSupport.java:286) ~[spring-data-commons-3.3.1.jar:3.3.1]
	at org.springframework.data.util.Lazy.getNullable(Lazy.java:135) ~[spring-data-commons-3.3.1.jar:3.3.1]
	at org.springframework.data.util.Lazy.get(Lazy.java:113) ~[spring-data-commons-3.3.1.jar:3.3.1]
	at org.springframework.data.repository.core.support.RepositoryFactoryBeanSupport.afterPropertiesSet(RepositoryFactoryBeanSupport.java:292) ~[spring-data-commons-3.3.1.jar:3.3.1]
	at org.springframework.data.jpa.repository.support.JpaRepositoryFactoryBean.afterPropertiesSet(JpaRepositoryFactoryBean.java:132) ~[spring-data-jpa-3.3.1.jar:3.3.1]
	at org.springframework.beans.factory.support.AbstractAutowireCapableBeanFactory.invokeInitMethods(AbstractAutowireCapableBeanFactory.java:1835) ~[spring-beans-6.1.10.jar:6.1.10]
	at org.springframework.beans.factory.support.AbstractAutowireCapableBeanFactory.initializeBean(AbstractAutowireCapableBeanFactory.java:1784) ~[spring-beans-6.1.10.jar:6.1.10]
	at org.springframework.beans.factory.support.AbstractAutowireCapableBeanFactory.doCreateBean(AbstractAutowireCapableBeanFactory.java:600) ~[spring-beans-6.1.10.jar:6.1.10]
	at org.springframework.beans.factory.support.AbstractAutowireCapableBeanFactory.createBean(AbstractAutowireCapableBeanFactory.java:522) ~[spring-beans-6.1.10.jar:6.1.10]
	at org.springframework.beans.factory.support.AbstractBeanFactory.lambda$doGetBean$0(AbstractBeanFactory.java:337) ~[spring-beans-6.1.10.jar:6.1.10]
	at org.springframework.beans.factory.support.DefaultSingletonBeanRegistry.getSingleton(DefaultSingletonBeanRegistry.java:234) ~[spring-beans-6.1.10.jar:6.1.10]
	at org.springframework.beans.factory.support.AbstractBeanFactory.doGetBean(AbstractBeanFactory.java:335) ~[spring-beans-6.1.10.jar:6.1.10]
	at org.springframework.beans.factory.support.AbstractBeanFactory.getBean(AbstractBeanFactory.java:200) ~[spring-beans-6.1.10.jar:6.1.10]
	at org.springframework.beans.factory.config.DependencyDescriptor.resolveCandidate(DependencyDescriptor.java:254) ~[spring-beans-6.1.10.jar:6.1.10]
	at org.springframework.beans.factory.support.DefaultListableBeanFactory.doResolveDependency(DefaultListableBeanFactory.java:1443) ~[spring-beans-6.1.10.jar:6.1.10]
	at org.springframework.beans.factory.support.DefaultListableBeanFactory.resolveDependency(DefaultListableBeanFactory.java:1353) ~[spring-beans-6.1.10.jar:6.1.10]
	at org.springframework.beans.factory.support.ConstructorResolver.resolveAutowiredArgument(ConstructorResolver.java:904) ~[spring-beans-6.1.10.jar:6.1.10]
	at org.springframework.beans.factory.support.ConstructorResolver.createArgumentArray(ConstructorResolver.java:782) ~[spring-beans-6.1.10.jar:6.1.10]
	at org.springframework.beans.factory.support.ConstructorResolver.autowireConstructor(ConstructorResolver.java:237) ~[spring-beans-6.1.10.jar:6.1.10]
	at org.springframework.beans.factory.support.AbstractAutowireCapableBeanFactory.autowireConstructor(AbstractAutowireCapableBeanFactory.java:1357) ~[spring-beans-6.1.10.jar:6.1.10]
	at org.springframework.beans.factory.support.AbstractAutowireCapableBeanFactory.createBeanInstance(AbstractAutowireCapableBeanFactory.java:1194) ~[spring-beans-6.1.10.jar:6.1.10]
	at org.springframework.beans.factory.support.AbstractAutowireCapableBeanFactory.doCreateBean(AbstractAutowireCapableBeanFactory.java:562) ~[spring-beans-6.1.10.jar:6.1.10]
	at org.springframework.beans.factory.support.AbstractAutowireCapableBeanFactory.createBean(AbstractAutowireCapableBeanFactory.java:522) ~[spring-beans-6.1.10.jar:6.1.10]
	at org.springframework.beans.factory.support.AbstractBeanFactory.lambda$doGetBean$0(AbstractBeanFactory.java:337) ~[spring-beans-6.1.10.jar:6.1.10]
	at org.springframework.beans.factory.support.DefaultSingletonBeanRegistry.getSingleton(DefaultSingletonBeanRegistry.java:234) ~[spring-beans-6.1.10.jar:6.1.10]
	at org.springframework.beans.factory.support.AbstractBeanFactory.doGetBean(AbstractBeanFactory.java:335) ~[spring-beans-6.1.10.jar:6.1.10]
	at org.springframework.beans.factory.support.AbstractBeanFactory.getBean(AbstractBeanFactory.java:200) ~[spring-beans-6.1.10.jar:6.1.10]
	at org.springframework.beans.factory.config.DependencyDescriptor.resolveCandidate(DependencyDescriptor.java:254) ~[spring-beans-6.1.10.jar:6.1.10]
	at org.springframework.beans.factory.support.DefaultListableBeanFactory.doResolveDependency(DefaultListableBeanFactory.java:1443) ~[spring-beans-6.1.10.jar:6.1.10]
	at org.springframework.beans.factory.support.DefaultListableBeanFactory.resolveDependency(DefaultListableBeanFactory.java:1353) ~[spring-beans-6.1.10.jar:6.1.10]
	at org.springframework.beans.factory.support.ConstructorResolver.resolveAutowiredArgument(ConstructorResolver.java:904) ~[spring-beans-6.1.10.jar:6.1.10]
	at org.springframework.beans.factory.support.ConstructorResolver.createArgumentArray(ConstructorResolver.java:782) ~[spring-beans-6.1.10.jar:6.1.10]
	at org.springframework.beans.factory.support.ConstructorResolver.autowireConstructor(ConstructorResolver.java:237) ~[spring-beans-6.1.10.jar:6.1.10]
	at org.springframework.beans.factory.support.AbstractAutowireCapableBeanFactory.autowireConstructor(AbstractAutowireCapableBeanFactory.java:1357) ~[spring-beans-6.1.10.jar:6.1.10]
	at org.springframework.beans.factory.support.AbstractAutowireCapableBeanFactory.createBeanInstance(AbstractAutowireCapableBeanFactory.java:1194) ~[spring-beans-6.1.10.jar:6.1.10]
	at org.springframework.beans.factory.support.AbstractAutowireCapableBeanFactory.doCreateBean(AbstractAutowireCapableBeanFactory.java:562) ~[spring-beans-6.1.10.jar:6.1.10]
	at org.springframework.beans.factory.support.AbstractAutowireCapableBeanFactory.createBean(AbstractAutowireCapableBeanFactory.java:522) ~[spring-beans-6.1.10.jar:6.1.10]
	at org.springframework.beans.factory.support.AbstractBeanFactory.lambda$doGetBean$0(AbstractBeanFactory.java:337) ~[spring-beans-6.1.10.jar:6.1.10]
	at org.springframework.beans.factory.support.DefaultSingletonBeanRegistry.getSingleton(DefaultSingletonBeanRegistry.java:234) ~[spring-beans-6.1.10.jar:6.1.10]
	at org.springframework.beans.factory.support.AbstractBeanFactory.doGetBean(AbstractBeanFactory.java:335) ~[spring-beans-6.1.10.jar:6.1.10]
	at org.springframework.beans.factory.support.AbstractBeanFactory.getBean(AbstractBeanFactory.java:200) ~[spring-beans-6.1.10.jar:6.1.10]
	at org.springframework.beans.factory.support.DefaultListableBeanFactory.preInstantiateSingletons(DefaultListableBeanFactory.java:975) ~[spring-beans-6.1.10.jar:6.1.10]
	at org.springframework.context.support.AbstractApplicationContext.finishBeanFactoryInitialization(AbstractApplicationContext.java:962) ~[spring-context-6.1.10.jar:6.1.10]
	at org.springframework.context.support.AbstractApplicationContext.refresh(AbstractApplicationContext.java:624) ~[spring-context-6.1.10.jar:6.1.10]
	at org.springframework.boot.SpringApplication.refresh(SpringApplication.java:754) ~[spring-boot-3.3.1.jar:3.3.1]
	at org.springframework.boot.SpringApplication.refreshContext(SpringApplication.java:456) ~[spring-boot-3.3.1.jar:3.3.1]
	at org.springframework.boot.SpringApplication.run(SpringApplication.java:335) ~[spring-boot-3.3.1.jar:3.3.1]
	at org.springframework.boot.test.context.SpringBootContextLoader.lambda$loadContext$3(SpringBootContextLoader.java:137) ~[spring-boot-test-3.3.1.jar:3.3.1]
	at org.springframework.util.function.ThrowingSupplier.get(ThrowingSupplier.java:58) ~[spring-core-6.1.10.jar:6.1.10]
	at org.springframework.util.function.ThrowingSupplier.get(ThrowingSupplier.java:46) ~[spring-core-6.1.10.jar:6.1.10]
	at org.springframework.boot.SpringApplication.withHook(SpringApplication.java:1463) ~[spring-boot-3.3.1.jar:3.3.1]
	at org.springframework.boot.test.context.SpringBootContextLoader$ContextLoaderHook.run(SpringBootContextLoader.java:553) ~[spring-boot-test-3.3.1.jar:3.3.1]
	at org.springframework.boot.test.context.SpringBootContextLoader.loadContext(SpringBootContextLoader.java:137) ~[spring-boot-test-3.3.1.jar:3.3.1]
	at org.springframework.boot.test.context.SpringBootContextLoader.loadContext(SpringBootContextLoader.java:108) ~[spring-boot-test-3.3.1.jar:3.3.1]
	at org.springframework.test.context.cache.DefaultCacheAwareContextLoaderDelegate.loadContextInternal(DefaultCacheAwareContextLoaderDelegate.java:225) ~[spring-test-6.1.10.jar:6.1.10]
	at org.springframework.test.context.cache.DefaultCacheAwareContextLoaderDelegate.loadContext(DefaultCacheAwareContextLoaderDelegate.java:152) ~[spring-test-6.1.10.jar:6.1.10]
	at org.springframework.test.context.support.DefaultTestContext.getApplicationContext(DefaultTestContext.java:130) ~[spring-test-6.1.10.jar:6.1.10]
	at org.springframework.test.context.web.ServletTestExecutionListener.setUpRequestContextIfNecessary(ServletTestExecutionListener.java:191) ~[spring-test-6.1.10.jar:6.1.10]
	at org.springframework.test.context.web.ServletTestExecutionListener.prepareTestInstance(ServletTestExecutionListener.java:130) ~[spring-test-6.1.10.jar:6.1.10]
	at org.springframework.test.context.TestContextManager.prepareTestInstance(TestContextManager.java:260) ~[spring-test-6.1.10.jar:6.1.10]
	at org.springframework.test.context.junit.jupiter.SpringExtension.postProcessTestInstance(SpringExtension.java:163) ~[spring-test-6.1.10.jar:6.1.10]
	at org.junit.jupiter.engine.descriptor.ClassBasedTestDescriptor.lambda$invokeTestInstancePostProcessors$10(ClassBasedTestDescriptor.java:378) ~[junit-jupiter-engine-5.10.2.jar:5.10.2]
	at org.junit.jupiter.engine.descriptor.ClassBasedTestDescriptor.executeAndMaskThrowable(ClassBasedTestDescriptor.java:383) ~[junit-jupiter-engine-5.10.2.jar:5.10.2]
	at org.junit.jupiter.engine.descriptor.ClassBasedTestDescriptor.lambda$invokeTestInstancePostProcessors$11(ClassBasedTestDescriptor.java:378) ~[junit-jupiter-engine-5.10.2.jar:5.10.2]
	at java.base/java.util.stream.ReferencePipeline$3$1.accept(ReferencePipeline.java:215) ~[na:na]
	at java.base/java.util.stream.ReferencePipeline$2$1.accept(ReferencePipeline.java:197) ~[na:na]
	at java.base/java.util.ArrayList$ArrayListSpliterator.forEachRemaining(ArrayList.java:1709) ~[na:na]
	at java.base/java.util.stream.AbstractPipeline.copyInto(AbstractPipeline.java:570) ~[na:na]
	at java.base/java.util.stream.AbstractPipeline.wrapAndCopyInto(AbstractPipeline.java:560) ~[na:na]
	at java.base/java.util.stream.StreamSpliterators$WrappingSpliterator.forEachRemaining(StreamSpliterators.java:315) ~[na:na]
	at java.base/java.util.stream.Streams$ConcatSpliterator.forEachRemaining(Streams.java:735) ~[na:na]
	at java.base/java.util.stream.Streams$ConcatSpliterator.forEachRemaining(Streams.java:734) ~[na:na]
	at java.base/java.util.stream.ReferencePipeline$Head.forEach(ReferencePipeline.java:807) ~[na:na]
	at org.junit.jupiter.engine.descriptor.ClassBasedTestDescriptor.invokeTestInstancePostProcessors(ClassBasedTestDescriptor.java:377) ~[junit-jupiter-engine-5.10.2.jar:5.10.2]
	at org.junit.jupiter.engine.descriptor.ClassBasedTestDescriptor.lambda$instantiateAndPostProcessTestInstance$6(ClassBasedTestDescriptor.java:290) ~[junit-jupiter-engine-5.10.2.jar:5.10.2]
	at org.junit.platform.engine.support.hierarchical.ThrowableCollector.execute(ThrowableCollector.java:73) ~[junit-platform-engine-1.10.2.jar:1.10.2]
	at org.junit.jupiter.engine.descriptor.ClassBasedTestDescriptor.instantiateAndPostProcessTestInstance(ClassBasedTestDescriptor.java:289) ~[junit-jupiter-engine-5.10.2.jar:5.10.2]
	at org.junit.jupiter.engine.descriptor.ClassBasedTestDescriptor.lambda$testInstancesProvider$4(ClassBasedTestDescriptor.java:279) ~[junit-jupiter-engine-5.10.2.jar:5.10.2]
	at java.base/java.util.Optional.orElseGet(Optional.java:364) ~[na:na]
	at org.junit.jupiter.engine.descriptor.ClassBasedTestDescriptor.lambda$testInstancesProvider$5(ClassBasedTestDescriptor.java:278) ~[junit-jupiter-engine-5.10.2.jar:5.10.2]
	at org.junit.jupiter.engine.execution.TestInstancesProvider.getTestInstances(TestInstancesProvider.java:31) ~[junit-jupiter-engine-5.10.2.jar:5.10.2]
	at org.junit.jupiter.engine.descriptor.TestMethodTestDescriptor.lambda$prepare$0(TestMethodTestDescriptor.java:106) ~[junit-jupiter-engine-5.10.2.jar:5.10.2]
	at org.junit.platform.engine.support.hierarchical.ThrowableCollector.execute(ThrowableCollector.java:73) ~[junit-platform-engine-1.10.2.jar:1.10.2]
	at org.junit.jupiter.engine.descriptor.TestMethodTestDescriptor.prepare(TestMethodTestDescriptor.java:105) ~[junit-jupiter-engine-5.10.2.jar:5.10.2]
	at org.junit.jupiter.engine.descriptor.TestMethodTestDescriptor.prepare(TestMethodTestDescriptor.java:69) ~[junit-jupiter-engine-5.10.2.jar:5.10.2]
	at org.junit.platform.engine.support.hierarchical.NodeTestTask.lambda$prepare$2(NodeTestTask.java:123) ~[junit-platform-engine-1.10.2.jar:1.10.2]
	at org.junit.platform.engine.support.hierarchical.ThrowableCollector.execute(ThrowableCollector.java:73) ~[junit-platform-engine-1.10.2.jar:1.10.2]
	at org.junit.platform.engine.support.hierarchical.NodeTestTask.prepare(NodeTestTask.java:123) ~[junit-platform-engine-1.10.2.jar:1.10.2]
	at org.junit.platform.engine.support.hierarchical.NodeTestTask.execute(NodeTestTask.java:90) ~[junit-platform-engine-1.10.2.jar:1.10.2]
	at java.base/java.util.ArrayList.forEach(ArrayList.java:1597) ~[na:na]
	at org.junit.platform.engine.support.hierarchical.SameThreadHierarchicalTestExecutorService.invokeAll(SameThreadHierarchicalTestExecutorService.java:41) ~[junit-platform-engine-1.10.2.jar:1.10.2]
	at org.junit.platform.engine.support.hierarchical.NodeTestTask.lambda$executeRecursively$6(NodeTestTask.java:155) ~[junit-platform-engine-1.10.2.jar:1.10.2]
	at org.junit.platform.engine.support.hierarchical.ThrowableCollector.execute(ThrowableCollector.java:73) ~[junit-platform-engine-1.10.2.jar:1.10.2]
	at org.junit.platform.engine.support.hierarchical.NodeTestTask.lambda$executeRecursively$8(NodeTestTask.java:141) ~[junit-platform-engine-1.10.2.jar:1.10.2]
	at org.junit.platform.engine.support.hierarchical.Node.around(Node.java:137) ~[junit-platform-engine-1.10.2.jar:1.10.2]
	at org.junit.platform.engine.support.hierarchical.NodeTestTask.lambda$executeRecursively$9(NodeTestTask.java:139) ~[junit-platform-engine-1.10.2.jar:1.10.2]
	at org.junit.platform.engine.support.hierarchical.ThrowableCollector.execute(ThrowableCollector.java:73) ~[junit-platform-engine-1.10.2.jar:1.10.2]
	at org.junit.platform.engine.support.hierarchical.NodeTestTask.executeRecursively(NodeTestTask.java:138) ~[junit-platform-engine-1.10.2.jar:1.10.2]
	at org.junit.platform.engine.support.hierarchical.NodeTestTask.execute(NodeTestTask.java:95) ~[junit-platform-engine-1.10.2.jar:1.10.2]
	at java.base/java.util.ArrayList.forEach(ArrayList.java:1597) ~[na:na]
	at org.junit.platform.engine.support.hierarchical.SameThreadHierarchicalTestExecutorService.invokeAll(SameThreadHierarchicalTestExecutorService.java:41) ~[junit-platform-engine-1.10.2.jar:1.10.2]
	at org.junit.platform.engine.support.hierarchical.NodeTestTask.lambda$executeRecursively$6(NodeTestTask.java:155) ~[junit-platform-engine-1.10.2.jar:1.10.2]
	at org.junit.platform.engine.support.hierarchical.ThrowableCollector.execute(ThrowableCollector.java:73) ~[junit-platform-engine-1.10.2.jar:1.10.2]
	at org.junit.platform.engine.support.hierarchical.NodeTestTask.lambda$executeRecursively$8(NodeTestTask.java:141) ~[junit-platform-engine-1.10.2.jar:1.10.2]
	at org.junit.platform.engine.support.hierarchical.Node.around(Node.java:137) ~[junit-platform-engine-1.10.2.jar:1.10.2]
	at org.junit.platform.engine.support.hierarchical.NodeTestTask.lambda$executeRecursively$9(NodeTestTask.java:139) ~[junit-platform-engine-1.10.2.jar:1.10.2]
	at org.junit.platform.engine.support.hierarchical.ThrowableCollector.execute(ThrowableCollector.java:73) ~[junit-platform-engine-1.10.2.jar:1.10.2]
	at org.junit.platform.engine.support.hierarchical.NodeTestTask.executeRecursively(NodeTestTask.java:138) ~[junit-platform-engine-1.10.2.jar:1.10.2]
	at org.junit.platform.engine.support.hierarchical.NodeTestTask.execute(NodeTestTask.java:95) ~[junit-platform-engine-1.10.2.jar:1.10.2]
	at org.junit.platform.engine.support.hierarchical.SameThreadHierarchicalTestExecutorService.submit(SameThreadHierarchicalTestExecutorService.java:35) ~[junit-platform-engine-1.10.2.jar:1.10.2]
	at org.junit.platform.engine.support.hierarchical.HierarchicalTestExecutor.execute(HierarchicalTestExecutor.java:57) ~[junit-platform-engine-1.10.2.jar:1.10.2]
	at org.junit.platform.engine.support.hierarchical.HierarchicalTestEngine.execute(HierarchicalTestEngine.java:54) ~[junit-platform-engine-1.10.2.jar:1.10.2]
	at org.junit.platform.launcher.core.EngineExecutionOrchestrator.execute(EngineExecutionOrchestrator.java:198) ~[junit-platform-launcher-1.10.2.jar:1.10.2]
	at org.junit.platform.launcher.core.EngineExecutionOrchestrator.execute(EngineExecutionOrchestrator.java:169) ~[junit-platform-launcher-1.10.2.jar:1.10.2]
	at org.junit.platform.launcher.core.EngineExecutionOrchestrator.execute(EngineExecutionOrchestrator.java:93) ~[junit-platform-launcher-1.10.2.jar:1.10.2]
	at org.junit.platform.launcher.core.EngineExecutionOrchestrator.lambda$execute$0(EngineExecutionOrchestrator.java:58) ~[junit-platform-launcher-1.10.2.jar:1.10.2]
	at org.junit.platform.launcher.core.EngineExecutionOrchestrator.withInterceptedStreams(EngineExecutionOrchestrator.java:141) ~[junit-platform-launcher-1.10.2.jar:1.10.2]
	at org.junit.platform.launcher.core.EngineExecutionOrchestrator.execute(EngineExecutionOrchestrator.java:57) ~[junit-platform-launcher-1.10.2.jar:1.10.2]
	at org.junit.platform.launcher.core.DefaultLauncher.execute(DefaultLauncher.java:103) ~[junit-platform-launcher-1.10.2.jar:1.10.2]
	at org.junit.platform.launcher.core.DefaultLauncher.execute(DefaultLauncher.java:85) ~[junit-platform-launcher-1.10.2.jar:1.10.2]
	at org.junit.platform.launcher.core.DelegatingLauncher.execute(DelegatingLauncher.java:47) ~[junit-platform-launcher-1.10.2.jar:1.10.2]
	at org.apache.maven.surefire.junitplatform.LazyLauncher.execute(LazyLauncher.java:56) ~[surefire-junit-platform-3.2.5.jar:3.2.5]
	at org.apache.maven.surefire.junitplatform.JUnitPlatformProvider.execute(JUnitPlatformProvider.java:184) ~[surefire-junit-platform-3.2.5.jar:3.2.5]
	at org.apache.maven.surefire.junitplatform.JUnitPlatformProvider.invokeAllTests(JUnitPlatformProvider.java:148) ~[surefire-junit-platform-3.2.5.jar:3.2.5]
	at org.apache.maven.surefire.junitplatform.JUnitPlatformProvider.invoke(JUnitPlatformProvider.java:122) ~[surefire-junit-platform-3.2.5.jar:3.2.5]
	at org.apache.maven.surefire.booter.ForkedBooter.runSuitesInProcess(ForkedBooter.java:385) ~[surefire-booter-3.2.5.jar:3.2.5]
	at org.apache.maven.surefire.booter.ForkedBooter.execute(ForkedBooter.java:162) ~[surefire-booter-3.2.5.jar:3.2.5]
	at org.apache.maven.surefire.booter.ForkedBooter.run(ForkedBooter.java:507) ~[surefire-booter-3.2.5.jar:3.2.5]
	at org.apache.maven.surefire.booter.ForkedBooter.main(ForkedBooter.java:495) ~[surefire-booter-3.2.5.jar:3.2.5]

2025-08-24T11:32:55.646+03:30 DEBUG 1188 --- [ChiDaram App] [           main] tor$SharedEntityManagerInvocationHandler : Creating new EntityManager for shared EntityManager invocation
2025-08-24T11:32:55.668+03:30 DEBUG 1188 --- [ChiDaram App] [           main] cResourceLocalTransactionCoordinatorImpl : JDBC transaction marked for rollback-only (exception provided for stack trace)

java.lang.Exception: exception just for purpose of providing stack trace
	at org.hibernate.resource.transaction.backend.jdbc.internal.JdbcResourceLocalTransactionCoordinatorImpl$TransactionDriverControlImpl.markRollbackOnly(JdbcResourceLocalTransactionCoordinatorImpl.java:309) ~[hibernate-core-6.5.2.Final.jar:6.5.2.Final]
	at org.hibernate.internal.AbstractSharedSessionContract.buildNamedQuery(AbstractSharedSessionContract.java:1109) ~[hibernate-core-6.5.2.Final.jar:6.5.2.Final]
	at org.hibernate.internal.AbstractSharedSessionContract.createNamedQuery(AbstractSharedSessionContract.java:987) ~[hibernate-core-6.5.2.Final.jar:6.5.2.Final]
	at org.hibernate.internal.AbstractSharedSessionContract.createNamedQuery(AbstractSharedSessionContract.java:140) ~[hibernate-core-6.5.2.Final.jar:6.5.2.Final]
	at java.base/jdk.internal.reflect.DirectMethodHandleAccessor.invoke(DirectMethodHandleAccessor.java:103) ~[na:na]
	at java.base/java.lang.reflect.Method.invoke(Method.java:580) ~[na:na]
	at org.springframework.orm.jpa.ExtendedEntityManagerCreator$ExtendedEntityManagerInvocationHandler.invoke(ExtendedEntityManagerCreator.java:364) ~[spring-orm-6.1.10.jar:6.1.10]
	at jdk.proxy2/jdk.proxy2.$Proxy160.createNamedQuery(Unknown Source) ~[na:na]
	at org.springframework.data.jpa.repository.query.NamedQuery.hasNamedQuery(NamedQuery.java:112) ~[spring-data-jpa-3.3.1.jar:3.3.1]
	at org.springframework.data.jpa.repository.query.NamedQuery.lookupFrom(NamedQuery.java:138) ~[spring-data-jpa-3.3.1.jar:3.3.1]
	at org.springframework.data.jpa.repository.query.JpaQueryLookupStrategy$DeclaredQueryLookupStrategy.resolveQuery(JpaQueryLookupStrategy.java:180) ~[spring-data-jpa-3.3.1.jar:3.3.1]
	at org.springframework.data.jpa.repository.query.JpaQueryLookupStrategy$CreateIfNotFoundQueryLookupStrategy.resolveQuery(JpaQueryLookupStrategy.java:252) ~[spring-data-jpa-3.3.1.jar:3.3.1]
	at org.springframework.data.jpa.repository.query.JpaQueryLookupStrategy$AbstractQueryLookupStrategy.resolveQuery(JpaQueryLookupStrategy.java:95) ~[spring-data-jpa-3.3.1.jar:3.3.1]
	at org.springframework.data.repository.core.support.QueryExecutorMethodInterceptor.lookupQuery(QueryExecutorMethodInterceptor.java:111) ~[spring-data-commons-3.3.1.jar:3.3.1]
	at org.springframework.data.repository.core.support.QueryExecutorMethodInterceptor.mapMethodsToQuery(QueryExecutorMethodInterceptor.java:99) ~[spring-data-commons-3.3.1.jar:3.3.1]
	at org.springframework.data.repository.core.support.QueryExecutorMethodInterceptor.lambda$new$0(QueryExecutorMethodInterceptor.java:88) ~[spring-data-commons-3.3.1.jar:3.3.1]
	at java.base/java.util.Optional.map(Optional.java:260) ~[na:na]
	at org.springframework.data.repository.core.support.QueryExecutorMethodInterceptor.<init>(QueryExecutorMethodInterceptor.java:88) ~[spring-data-commons-3.3.1.jar:3.3.1]
	at org.springframework.data.repository.core.support.RepositoryFactorySupport.getRepository(RepositoryFactorySupport.java:357) ~[spring-data-commons-3.3.1.jar:3.3.1]
	at org.springframework.data.repository.core.support.RepositoryFactoryBeanSupport.lambda$afterPropertiesSet$5(RepositoryFactoryBeanSupport.java:286) ~[spring-data-commons-3.3.1.jar:3.3.1]
	at org.springframework.data.util.Lazy.getNullable(Lazy.java:135) ~[spring-data-commons-3.3.1.jar:3.3.1]
	at org.springframework.data.util.Lazy.get(Lazy.java:113) ~[spring-data-commons-3.3.1.jar:3.3.1]
	at org.springframework.data.repository.core.support.RepositoryFactoryBeanSupport.afterPropertiesSet(RepositoryFactoryBeanSupport.java:292) ~[spring-data-commons-3.3.1.jar:3.3.1]
	at org.springframework.data.jpa.repository.support.JpaRepositoryFactoryBean.afterPropertiesSet(JpaRepositoryFactoryBean.java:132) ~[spring-data-jpa-3.3.1.jar:3.3.1]
	at org.springframework.beans.factory.support.AbstractAutowireCapableBeanFactory.invokeInitMethods(AbstractAutowireCapableBeanFactory.java:1835) ~[spring-beans-6.1.10.jar:6.1.10]
	at org.springframework.beans.factory.support.AbstractAutowireCapableBeanFactory.initializeBean(AbstractAutowireCapableBeanFactory.java:1784) ~[spring-beans-6.1.10.jar:6.1.10]
	at org.springframework.beans.factory.support.AbstractAutowireCapableBeanFactory.doCreateBean(AbstractAutowireCapableBeanFactory.java:600) ~[spring-beans-6.1.10.jar:6.1.10]
	at org.springframework.beans.factory.support.AbstractAutowireCapableBeanFactory.createBean(AbstractAutowireCapableBeanFactory.java:522) ~[spring-beans-6.1.10.jar:6.1.10]
	at org.springframework.beans.factory.support.AbstractBeanFactory.lambda$doGetBean$0(AbstractBeanFactory.java:337) ~[spring-beans-6.1.10.jar:6.1.10]
	at org.springframework.beans.factory.support.DefaultSingletonBeanRegistry.getSingleton(DefaultSingletonBeanRegistry.java:234) ~[spring-beans-6.1.10.jar:6.1.10]
	at org.springframework.beans.factory.support.AbstractBeanFactory.doGetBean(AbstractBeanFactory.java:335) ~[spring-beans-6.1.10.jar:6.1.10]
	at org.springframework.beans.factory.support.AbstractBeanFactory.getBean(AbstractBeanFactory.java:200) ~[spring-beans-6.1.10.jar:6.1.10]
	at org.springframework.beans.factory.config.DependencyDescriptor.resolveCandidate(DependencyDescriptor.java:254) ~[spring-beans-6.1.10.jar:6.1.10]
	at org.springframework.beans.factory.support.DefaultListableBeanFactory.doResolveDependency(DefaultListableBeanFactory.java:1443) ~[spring-beans-6.1.10.jar:6.1.10]
	at org.springframework.beans.factory.support.DefaultListableBeanFactory.resolveDependency(DefaultListableBeanFactory.java:1353) ~[spring-beans-6.1.10.jar:6.1.10]
	at org.springframework.beans.factory.support.ConstructorResolver.resolveAutowiredArgument(ConstructorResolver.java:904) ~[spring-beans-6.1.10.jar:6.1.10]
	at org.springframework.beans.factory.support.ConstructorResolver.createArgumentArray(ConstructorResolver.java:782) ~[spring-beans-6.1.10.jar:6.1.10]
	at org.springframework.beans.factory.support.ConstructorResolver.autowireConstructor(ConstructorResolver.java:237) ~[spring-beans-6.1.10.jar:6.1.10]
	at org.springframework.beans.factory.support.AbstractAutowireCapableBeanFactory.autowireConstructor(AbstractAutowireCapableBeanFactory.java:1357) ~[spring-beans-6.1.10.jar:6.1.10]
	at org.springframework.beans.factory.support.AbstractAutowireCapableBeanFactory.createBeanInstance(AbstractAutowireCapableBeanFactory.java:1194) ~[spring-beans-6.1.10.jar:6.1.10]
	at org.springframework.beans.factory.support.AbstractAutowireCapableBeanFactory.doCreateBean(AbstractAutowireCapableBeanFactory.java:562) ~[spring-beans-6.1.10.jar:6.1.10]
	at org.springframework.beans.factory.support.AbstractAutowireCapableBeanFactory.createBean(AbstractAutowireCapableBeanFactory.java:522) ~[spring-beans-6.1.10.jar:6.1.10]
	at org.springframework.beans.factory.support.AbstractBeanFactory.lambda$doGetBean$0(AbstractBeanFactory.java:337) ~[spring-beans-6.1.10.jar:6.1.10]
	at org.springframework.beans.factory.support.DefaultSingletonBeanRegistry.getSingleton(DefaultSingletonBeanRegistry.java:234) ~[spring-beans-6.1.10.jar:6.1.10]
	at org.springframework.beans.factory.support.AbstractBeanFactory.doGetBean(AbstractBeanFactory.java:335) ~[spring-beans-6.1.10.jar:6.1.10]
	at org.springframework.beans.factory.support.AbstractBeanFactory.getBean(AbstractBeanFactory.java:200) ~[spring-beans-6.1.10.jar:6.1.10]
	at org.springframework.beans.factory.config.DependencyDescriptor.resolveCandidate(DependencyDescriptor.java:254) ~[spring-beans-6.1.10.jar:6.1.10]
	at org.springframework.beans.factory.support.DefaultListableBeanFactory.doResolveDependency(DefaultListableBeanFactory.java:1443) ~[spring-beans-6.1.10.jar:6.1.10]
	at org.springframework.beans.factory.support.DefaultListableBeanFactory.resolveDependency(DefaultListableBeanFactory.java:1353) ~[spring-beans-6.1.10.jar:6.1.10]
	at org.springframework.beans.factory.support.ConstructorResolver.resolveAutowiredArgument(ConstructorResolver.java:904) ~[spring-beans-6.1.10.jar:6.1.10]
	at org.springframework.beans.factory.support.ConstructorResolver.createArgumentArray(ConstructorResolver.java:782) ~[spring-beans-6.1.10.jar:6.1.10]
	at org.springframework.beans.factory.support.ConstructorResolver.autowireConstructor(ConstructorResolver.java:237) ~[spring-beans-6.1.10.jar:6.1.10]
	at org.springframework.beans.factory.support.AbstractAutowireCapableBeanFactory.autowireConstructor(AbstractAutowireCapableBeanFactory.java:1357) ~[spring-beans-6.1.10.jar:6.1.10]
	at org.springframework.beans.factory.support.AbstractAutowireCapableBeanFactory.createBeanInstance(AbstractAutowireCapableBeanFactory.java:1194) ~[spring-beans-6.1.10.jar:6.1.10]
	at org.springframework.beans.factory.support.AbstractAutowireCapableBeanFactory.doCreateBean(AbstractAutowireCapableBeanFactory.java:562) ~[spring-beans-6.1.10.jar:6.1.10]
	at org.springframework.beans.factory.support.AbstractAutowireCapableBeanFactory.createBean(AbstractAutowireCapableBeanFactory.java:522) ~[spring-beans-6.1.10.jar:6.1.10]
	at org.springframework.beans.factory.support.AbstractBeanFactory.lambda$doGetBean$0(AbstractBeanFactory.java:337) ~[spring-beans-6.1.10.jar:6.1.10]
	at org.springframework.beans.factory.support.DefaultSingletonBeanRegistry.getSingleton(DefaultSingletonBeanRegistry.java:234) ~[spring-beans-6.1.10.jar:6.1.10]
	at org.springframework.beans.factory.support.AbstractBeanFactory.doGetBean(AbstractBeanFactory.java:335) ~[spring-beans-6.1.10.jar:6.1.10]
	at org.springframework.beans.factory.support.AbstractBeanFactory.getBean(AbstractBeanFactory.java:200) ~[spring-beans-6.1.10.jar:6.1.10]
	at org.springframework.beans.factory.support.DefaultListableBeanFactory.preInstantiateSingletons(DefaultListableBeanFactory.java:975) ~[spring-beans-6.1.10.jar:6.1.10]
	at org.springframework.context.support.AbstractApplicationContext.finishBeanFactoryInitialization(AbstractApplicationContext.java:962) ~[spring-context-6.1.10.jar:6.1.10]
	at org.springframework.context.support.AbstractApplicationContext.refresh(AbstractApplicationContext.java:624) ~[spring-context-6.1.10.jar:6.1.10]
	at org.springframework.boot.SpringApplication.refresh(SpringApplication.java:754) ~[spring-boot-3.3.1.jar:3.3.1]
	at org.springframework.boot.SpringApplication.refreshContext(SpringApplication.java:456) ~[spring-boot-3.3.1.jar:3.3.1]
	at org.springframework.boot.SpringApplication.run(SpringApplication.java:335) ~[spring-boot-3.3.1.jar:3.3.1]
	at org.springframework.boot.test.context.SpringBootContextLoader.lambda$loadContext$3(SpringBootContextLoader.java:137) ~[spring-boot-test-3.3.1.jar:3.3.1]
	at org.springframework.util.function.ThrowingSupplier.get(ThrowingSupplier.java:58) ~[spring-core-6.1.10.jar:6.1.10]
	at org.springframework.util.function.ThrowingSupplier.get(ThrowingSupplier.java:46) ~[spring-core-6.1.10.jar:6.1.10]
	at org.springframework.boot.SpringApplication.withHook(SpringApplication.java:1463) ~[spring-boot-3.3.1.jar:3.3.1]
	at org.springframework.boot.test.context.SpringBootContextLoader$ContextLoaderHook.run(SpringBootContextLoader.java:553) ~[spring-boot-test-3.3.1.jar:3.3.1]
	at org.springframework.boot.test.context.SpringBootContextLoader.loadContext(SpringBootContextLoader.java:137) ~[spring-boot-test-3.3.1.jar:3.3.1]
	at org.springframework.boot.test.context.SpringBootContextLoader.loadContext(SpringBootContextLoader.java:108) ~[spring-boot-test-3.3.1.jar:3.3.1]
	at org.springframework.test.context.cache.DefaultCacheAwareContextLoaderDelegate.loadContextInternal(DefaultCacheAwareContextLoaderDelegate.java:225) ~[spring-test-6.1.10.jar:6.1.10]
	at org.springframework.test.context.cache.DefaultCacheAwareContextLoaderDelegate.loadContext(DefaultCacheAwareContextLoaderDelegate.java:152) ~[spring-test-6.1.10.jar:6.1.10]
	at org.springframework.test.context.support.DefaultTestContext.getApplicationContext(DefaultTestContext.java:130) ~[spring-test-6.1.10.jar:6.1.10]
	at org.springframework.test.context.web.ServletTestExecutionListener.setUpRequestContextIfNecessary(ServletTestExecutionListener.java:191) ~[spring-test-6.1.10.jar:6.1.10]
	at org.springframework.test.context.web.ServletTestExecutionListener.prepareTestInstance(ServletTestExecutionListener.java:130) ~[spring-test-6.1.10.jar:6.1.10]
	at org.springframework.test.context.TestContextManager.prepareTestInstance(TestContextManager.java:260) ~[spring-test-6.1.10.jar:6.1.10]
	at org.springframework.test.context.junit.jupiter.SpringExtension.postProcessTestInstance(SpringExtension.java:163) ~[spring-test-6.1.10.jar:6.1.10]
	at org.junit.jupiter.engine.descriptor.ClassBasedTestDescriptor.lambda$invokeTestInstancePostProcessors$10(ClassBasedTestDescriptor.java:378) ~[junit-jupiter-engine-5.10.2.jar:5.10.2]
	at org.junit.jupiter.engine.descriptor.ClassBasedTestDescriptor.executeAndMaskThrowable(ClassBasedTestDescriptor.java:383) ~[junit-jupiter-engine-5.10.2.jar:5.10.2]
	at org.junit.jupiter.engine.descriptor.ClassBasedTestDescriptor.lambda$invokeTestInstancePostProcessors$11(ClassBasedTestDescriptor.java:378) ~[junit-jupiter-engine-5.10.2.jar:5.10.2]
	at java.base/java.util.stream.ReferencePipeline$3$1.accept(ReferencePipeline.java:215) ~[na:na]
	at java.base/java.util.stream.ReferencePipeline$2$1.accept(ReferencePipeline.java:197) ~[na:na]
	at java.base/java.util.ArrayList$ArrayListSpliterator.forEachRemaining(ArrayList.java:1709) ~[na:na]
	at java.base/java.util.stream.AbstractPipeline.copyInto(AbstractPipeline.java:570) ~[na:na]
	at java.base/java.util.stream.AbstractPipeline.wrapAndCopyInto(AbstractPipeline.java:560) ~[na:na]
	at java.base/java.util.stream.StreamSpliterators$WrappingSpliterator.forEachRemaining(StreamSpliterators.java:315) ~[na:na]
	at java.base/java.util.stream.Streams$ConcatSpliterator.forEachRemaining(Streams.java:735) ~[na:na]
	at java.base/java.util.stream.Streams$ConcatSpliterator.forEachRemaining(Streams.java:734) ~[na:na]
	at java.base/java.util.stream.ReferencePipeline$Head.forEach(ReferencePipeline.java:807) ~[na:na]
	at org.junit.jupiter.engine.descriptor.ClassBasedTestDescriptor.invokeTestInstancePostProcessors(ClassBasedTestDescriptor.java:377) ~[junit-jupiter-engine-5.10.2.jar:5.10.2]
	at org.junit.jupiter.engine.descriptor.ClassBasedTestDescriptor.lambda$instantiateAndPostProcessTestInstance$6(ClassBasedTestDescriptor.java:290) ~[junit-jupiter-engine-5.10.2.jar:5.10.2]
	at org.junit.platform.engine.support.hierarchical.ThrowableCollector.execute(ThrowableCollector.java:73) ~[junit-platform-engine-1.10.2.jar:1.10.2]
	at org.junit.jupiter.engine.descriptor.ClassBasedTestDescriptor.instantiateAndPostProcessTestInstance(ClassBasedTestDescriptor.java:289) ~[junit-jupiter-engine-5.10.2.jar:5.10.2]
	at org.junit.jupiter.engine.descriptor.ClassBasedTestDescriptor.lambda$testInstancesProvider$4(ClassBasedTestDescriptor.java:279) ~[junit-jupiter-engine-5.10.2.jar:5.10.2]
	at java.base/java.util.Optional.orElseGet(Optional.java:364) ~[na:na]
	at org.junit.jupiter.engine.descriptor.ClassBasedTestDescriptor.lambda$testInstancesProvider$5(ClassBasedTestDescriptor.java:278) ~[junit-jupiter-engine-5.10.2.jar:5.10.2]
	at org.junit.jupiter.engine.execution.TestInstancesProvider.getTestInstances(TestInstancesProvider.java:31) ~[junit-jupiter-engine-5.10.2.jar:5.10.2]
	at org.junit.jupiter.engine.descriptor.TestMethodTestDescriptor.lambda$prepare$0(TestMethodTestDescriptor.java:106) ~[junit-jupiter-engine-5.10.2.jar:5.10.2]
	at org.junit.platform.engine.support.hierarchical.ThrowableCollector.execute(ThrowableCollector.java:73) ~[junit-platform-engine-1.10.2.jar:1.10.2]
	at org.junit.jupiter.engine.descriptor.TestMethodTestDescriptor.prepare(TestMethodTestDescriptor.java:105) ~[junit-jupiter-engine-5.10.2.jar:5.10.2]
	at org.junit.jupiter.engine.descriptor.TestMethodTestDescriptor.prepare(TestMethodTestDescriptor.java:69) ~[junit-jupiter-engine-5.10.2.jar:5.10.2]
	at org.junit.platform.engine.support.hierarchical.NodeTestTask.lambda$prepare$2(NodeTestTask.java:123) ~[junit-platform-engine-1.10.2.jar:1.10.2]
	at org.junit.platform.engine.support.hierarchical.ThrowableCollector.execute(ThrowableCollector.java:73) ~[junit-platform-engine-1.10.2.jar:1.10.2]
	at org.junit.platform.engine.support.hierarchical.NodeTestTask.prepare(NodeTestTask.java:123) ~[junit-platform-engine-1.10.2.jar:1.10.2]
	at org.junit.platform.engine.support.hierarchical.NodeTestTask.execute(NodeTestTask.java:90) ~[junit-platform-engine-1.10.2.jar:1.10.2]
	at java.base/java.util.ArrayList.forEach(ArrayList.java:1597) ~[na:na]
	at org.junit.platform.engine.support.hierarchical.SameThreadHierarchicalTestExecutorService.invokeAll(SameThreadHierarchicalTestExecutorService.java:41) ~[junit-platform-engine-1.10.2.jar:1.10.2]
	at org.junit.platform.engine.support.hierarchical.NodeTestTask.lambda$executeRecursively$6(NodeTestTask.java:155) ~[junit-platform-engine-1.10.2.jar:1.10.2]
	at org.junit.platform.engine.support.hierarchical.ThrowableCollector.execute(ThrowableCollector.java:73) ~[junit-platform-engine-1.10.2.jar:1.10.2]
	at org.junit.platform.engine.support.hierarchical.NodeTestTask.lambda$executeRecursively$8(NodeTestTask.java:141) ~[junit-platform-engine-1.10.2.jar:1.10.2]
	at org.junit.platform.engine.support.hierarchical.Node.around(Node.java:137) ~[junit-platform-engine-1.10.2.jar:1.10.2]
	at org.junit.platform.engine.support.hierarchical.NodeTestTask.lambda$executeRecursively$9(NodeTestTask.java:139) ~[junit-platform-engine-1.10.2.jar:1.10.2]
	at org.junit.platform.engine.support.hierarchical.ThrowableCollector.execute(ThrowableCollector.java:73) ~[junit-platform-engine-1.10.2.jar:1.10.2]
	at org.junit.platform.engine.support.hierarchical.NodeTestTask.executeRecursively(NodeTestTask.java:138) ~[junit-platform-engine-1.10.2.jar:1.10.2]
	at org.junit.platform.engine.support.hierarchical.NodeTestTask.execute(NodeTestTask.java:95) ~[junit-platform-engine-1.10.2.jar:1.10.2]
	at java.base/java.util.ArrayList.forEach(ArrayList.java:1597) ~[na:na]
	at org.junit.platform.engine.support.hierarchical.SameThreadHierarchicalTestExecutorService.invokeAll(SameThreadHierarchicalTestExecutorService.java:41) ~[junit-platform-engine-1.10.2.jar:1.10.2]
	at org.junit.platform.engine.support.hierarchical.NodeTestTask.lambda$executeRecursively$6(NodeTestTask.java:155) ~[junit-platform-engine-1.10.2.jar:1.10.2]
	at org.junit.platform.engine.support.hierarchical.ThrowableCollector.execute(ThrowableCollector.java:73) ~[junit-platform-engine-1.10.2.jar:1.10.2]
	at org.junit.platform.engine.support.hierarchical.NodeTestTask.lambda$executeRecursively$8(NodeTestTask.java:141) ~[junit-platform-engine-1.10.2.jar:1.10.2]
	at org.junit.platform.engine.support.hierarchical.Node.around(Node.java:137) ~[junit-platform-engine-1.10.2.jar:1.10.2]
	at org.junit.platform.engine.support.hierarchical.NodeTestTask.lambda$executeRecursively$9(NodeTestTask.java:139) ~[junit-platform-engine-1.10.2.jar:1.10.2]
	at org.junit.platform.engine.support.hierarchical.ThrowableCollector.execute(ThrowableCollector.java:73) ~[junit-platform-engine-1.10.2.jar:1.10.2]
	at org.junit.platform.engine.support.hierarchical.NodeTestTask.executeRecursively(NodeTestTask.java:138) ~[junit-platform-engine-1.10.2.jar:1.10.2]
	at org.junit.platform.engine.support.hierarchical.NodeTestTask.execute(NodeTestTask.java:95) ~[junit-platform-engine-1.10.2.jar:1.10.2]
	at org.junit.platform.engine.support.hierarchical.SameThreadHierarchicalTestExecutorService.submit(SameThreadHierarchicalTestExecutorService.java:35) ~[junit-platform-engine-1.10.2.jar:1.10.2]
	at org.junit.platform.engine.support.hierarchical.HierarchicalTestExecutor.execute(HierarchicalTestExecutor.java:57) ~[junit-platform-engine-1.10.2.jar:1.10.2]
	at org.junit.platform.engine.support.hierarchical.HierarchicalTestEngine.execute(HierarchicalTestEngine.java:54) ~[junit-platform-engine-1.10.2.jar:1.10.2]
	at org.junit.platform.launcher.core.EngineExecutionOrchestrator.execute(EngineExecutionOrchestrator.java:198) ~[junit-platform-launcher-1.10.2.jar:1.10.2]
	at org.junit.platform.launcher.core.EngineExecutionOrchestrator.execute(EngineExecutionOrchestrator.java:169) ~[junit-platform-launcher-1.10.2.jar:1.10.2]
	at org.junit.platform.launcher.core.EngineExecutionOrchestrator.execute(EngineExecutionOrchestrator.java:93) ~[junit-platform-launcher-1.10.2.jar:1.10.2]
	at org.junit.platform.launcher.core.EngineExecutionOrchestrator.lambda$execute$0(EngineExecutionOrchestrator.java:58) ~[junit-platform-launcher-1.10.2.jar:1.10.2]
	at org.junit.platform.launcher.core.EngineExecutionOrchestrator.withInterceptedStreams(EngineExecutionOrchestrator.java:141) ~[junit-platform-launcher-1.10.2.jar:1.10.2]
	at org.junit.platform.launcher.core.EngineExecutionOrchestrator.execute(EngineExecutionOrchestrator.java:57) ~[junit-platform-launcher-1.10.2.jar:1.10.2]
	at org.junit.platform.launcher.core.DefaultLauncher.execute(DefaultLauncher.java:103) ~[junit-platform-launcher-1.10.2.jar:1.10.2]
	at org.junit.platform.launcher.core.DefaultLauncher.execute(DefaultLauncher.java:85) ~[junit-platform-launcher-1.10.2.jar:1.10.2]
	at org.junit.platform.launcher.core.DelegatingLauncher.execute(DelegatingLauncher.java:47) ~[junit-platform-launcher-1.10.2.jar:1.10.2]
	at org.apache.maven.surefire.junitplatform.LazyLauncher.execute(LazyLauncher.java:56) ~[surefire-junit-platform-3.2.5.jar:3.2.5]
	at org.apache.maven.surefire.junitplatform.JUnitPlatformProvider.execute(JUnitPlatformProvider.java:184) ~[surefire-junit-platform-3.2.5.jar:3.2.5]
	at org.apache.maven.surefire.junitplatform.JUnitPlatformProvider.invokeAllTests(JUnitPlatformProvider.java:148) ~[surefire-junit-platform-3.2.5.jar:3.2.5]
	at org.apache.maven.surefire.junitplatform.JUnitPlatformProvider.invoke(JUnitPlatformProvider.java:122) ~[surefire-junit-platform-3.2.5.jar:3.2.5]
	at org.apache.maven.surefire.booter.ForkedBooter.runSuitesInProcess(ForkedBooter.java:385) ~[surefire-booter-3.2.5.jar:3.2.5]
	at org.apache.maven.surefire.booter.ForkedBooter.execute(ForkedBooter.java:162) ~[surefire-booter-3.2.5.jar:3.2.5]
	at org.apache.maven.surefire.booter.ForkedBooter.run(ForkedBooter.java:507) ~[surefire-booter-3.2.5.jar:3.2.5]
	at org.apache.maven.surefire.booter.ForkedBooter.main(ForkedBooter.java:495) ~[surefire-booter-3.2.5.jar:3.2.5]

2025-08-24T11:32:55.672+03:30 DEBUG 1188 --- [ChiDaram App] [           main] tor$SharedEntityManagerInvocationHandler : Creating new EntityManager for shared EntityManager invocation
2025-08-24T11:32:56.618+03:30 DEBUG 1188 --- [ChiDaram App] [           main] tor$SharedEntityManagerInvocationHandler : Creating new EntityManager for shared EntityManager invocation
2025-08-24T11:32:56.634+03:30 DEBUG 1188 --- [ChiDaram App] [           main] tor$SharedEntityManagerInvocationHandler : Creating new EntityManager for shared EntityManager invocation
2025-08-24T11:32:56.720+03:30 DEBUG 1188 --- [ChiDaram App] [           main] tor$SharedEntityManagerInvocationHandler : Creating new EntityManager for shared EntityManager invocation
2025-08-24T11:32:56.742+03:30 DEBUG 1188 --- [ChiDaram App] [           main] tor$SharedEntityManagerInvocationHandler : Creating new EntityManager for shared EntityManager invocation
2025-08-24T11:32:56.748+03:30 DEBUG 1188 --- [ChiDaram App] [           main] cResourceLocalTransactionCoordinatorImpl : JDBC transaction marked for rollback-only (exception provided for stack trace)

java.lang.Exception: exception just for purpose of providing stack trace
	at org.hibernate.resource.transaction.backend.jdbc.internal.JdbcResourceLocalTransactionCoordinatorImpl$TransactionDriverControlImpl.markRollbackOnly(JdbcResourceLocalTransactionCoordinatorImpl.java:309) ~[hibernate-core-6.5.2.Final.jar:6.5.2.Final]
	at org.hibernate.internal.AbstractSharedSessionContract.buildNamedQuery(AbstractSharedSessionContract.java:1109) ~[hibernate-core-6.5.2.Final.jar:6.5.2.Final]
	at org.hibernate.internal.AbstractSharedSessionContract.createNamedQuery(AbstractSharedSessionContract.java:987) ~[hibernate-core-6.5.2.Final.jar:6.5.2.Final]
	at org.hibernate.internal.AbstractSharedSessionContract.createNamedQuery(AbstractSharedSessionContract.java:140) ~[hibernate-core-6.5.2.Final.jar:6.5.2.Final]
	at java.base/jdk.internal.reflect.DirectMethodHandleAccessor.invoke(DirectMethodHandleAccessor.java:103) ~[na:na]
	at java.base/java.lang.reflect.Method.invoke(Method.java:580) ~[na:na]
	at org.springframework.orm.jpa.ExtendedEntityManagerCreator$ExtendedEntityManagerInvocationHandler.invoke(ExtendedEntityManagerCreator.java:364) ~[spring-orm-6.1.10.jar:6.1.10]
	at jdk.proxy2/jdk.proxy2.$Proxy160.createNamedQuery(Unknown Source) ~[na:na]
	at org.springframework.data.jpa.repository.query.NamedQuery.hasNamedQuery(NamedQuery.java:112) ~[spring-data-jpa-3.3.1.jar:3.3.1]
	at org.springframework.data.jpa.repository.query.NamedQuery.lookupFrom(NamedQuery.java:138) ~[spring-data-jpa-3.3.1.jar:3.3.1]
	at org.springframework.data.jpa.repository.query.JpaQueryLookupStrategy$DeclaredQueryLookupStrategy.resolveQuery(JpaQueryLookupStrategy.java:180) ~[spring-data-jpa-3.3.1.jar:3.3.1]
	at org.springframework.data.jpa.repository.query.JpaQueryLookupStrategy$CreateIfNotFoundQueryLookupStrategy.resolveQuery(JpaQueryLookupStrategy.java:252) ~[spring-data-jpa-3.3.1.jar:3.3.1]
	at org.springframework.data.jpa.repository.query.JpaQueryLookupStrategy$AbstractQueryLookupStrategy.resolveQuery(JpaQueryLookupStrategy.java:95) ~[spring-data-jpa-3.3.1.jar:3.3.1]
	at org.springframework.data.repository.core.support.QueryExecutorMethodInterceptor.lookupQuery(QueryExecutorMethodInterceptor.java:111) ~[spring-data-commons-3.3.1.jar:3.3.1]
	at org.springframework.data.repository.core.support.QueryExecutorMethodInterceptor.mapMethodsToQuery(QueryExecutorMethodInterceptor.java:99) ~[spring-data-commons-3.3.1.jar:3.3.1]
	at org.springframework.data.repository.core.support.QueryExecutorMethodInterceptor.lambda$new$0(QueryExecutorMethodInterceptor.java:88) ~[spring-data-commons-3.3.1.jar:3.3.1]
	at java.base/java.util.Optional.map(Optional.java:260) ~[na:na]
	at org.springframework.data.repository.core.support.QueryExecutorMethodInterceptor.<init>(QueryExecutorMethodInterceptor.java:88) ~[spring-data-commons-3.3.1.jar:3.3.1]
	at org.springframework.data.repository.core.support.RepositoryFactorySupport.getRepository(RepositoryFactorySupport.java:357) ~[spring-data-commons-3.3.1.jar:3.3.1]
	at org.springframework.data.repository.core.support.RepositoryFactoryBeanSupport.lambda$afterPropertiesSet$5(RepositoryFactoryBeanSupport.java:286) ~[spring-data-commons-3.3.1.jar:3.3.1]
	at org.springframework.data.util.Lazy.getNullable(Lazy.java:135) ~[spring-data-commons-3.3.1.jar:3.3.1]
	at org.springframework.data.util.Lazy.get(Lazy.java:113) ~[spring-data-commons-3.3.1.jar:3.3.1]
	at org.springframework.data.repository.core.support.RepositoryFactoryBeanSupport.afterPropertiesSet(RepositoryFactoryBeanSupport.java:292) ~[spring-data-commons-3.3.1.jar:3.3.1]
	at org.springframework.data.jpa.repository.support.JpaRepositoryFactoryBean.afterPropertiesSet(JpaRepositoryFactoryBean.java:132) ~[spring-data-jpa-3.3.1.jar:3.3.1]
	at org.springframework.beans.factory.support.AbstractAutowireCapableBeanFactory.invokeInitMethods(AbstractAutowireCapableBeanFactory.java:1835) ~[spring-beans-6.1.10.jar:6.1.10]
	at org.springframework.beans.factory.support.AbstractAutowireCapableBeanFactory.initializeBean(AbstractAutowireCapableBeanFactory.java:1784) ~[spring-beans-6.1.10.jar:6.1.10]
	at org.springframework.beans.factory.support.AbstractAutowireCapableBeanFactory.doCreateBean(AbstractAutowireCapableBeanFactory.java:600) ~[spring-beans-6.1.10.jar:6.1.10]
	at org.springframework.beans.factory.support.AbstractAutowireCapableBeanFactory.createBean(AbstractAutowireCapableBeanFactory.java:522) ~[spring-beans-6.1.10.jar:6.1.10]
	at org.springframework.beans.factory.support.AbstractBeanFactory.lambda$doGetBean$0(AbstractBeanFactory.java:337) ~[spring-beans-6.1.10.jar:6.1.10]
	at org.springframework.beans.factory.support.DefaultSingletonBeanRegistry.getSingleton(DefaultSingletonBeanRegistry.java:234) ~[spring-beans-6.1.10.jar:6.1.10]
	at org.springframework.beans.factory.support.AbstractBeanFactory.doGetBean(AbstractBeanFactory.java:335) ~[spring-beans-6.1.10.jar:6.1.10]
	at org.springframework.beans.factory.support.AbstractBeanFactory.getBean(AbstractBeanFactory.java:200) ~[spring-beans-6.1.10.jar:6.1.10]
	at org.springframework.beans.factory.config.DependencyDescriptor.resolveCandidate(DependencyDescriptor.java:254) ~[spring-beans-6.1.10.jar:6.1.10]
	at org.springframework.beans.factory.support.DefaultListableBeanFactory.doResolveDependency(DefaultListableBeanFactory.java:1443) ~[spring-beans-6.1.10.jar:6.1.10]
	at org.springframework.beans.factory.support.DefaultListableBeanFactory.resolveDependency(DefaultListableBeanFactory.java:1353) ~[spring-beans-6.1.10.jar:6.1.10]
	at org.springframework.beans.factory.support.ConstructorResolver.resolveAutowiredArgument(ConstructorResolver.java:904) ~[spring-beans-6.1.10.jar:6.1.10]
	at org.springframework.beans.factory.support.ConstructorResolver.createArgumentArray(ConstructorResolver.java:782) ~[spring-beans-6.1.10.jar:6.1.10]
	at org.springframework.beans.factory.support.ConstructorResolver.autowireConstructor(ConstructorResolver.java:237) ~[spring-beans-6.1.10.jar:6.1.10]
	at org.springframework.beans.factory.support.AbstractAutowireCapableBeanFactory.autowireConstructor(AbstractAutowireCapableBeanFactory.java:1357) ~[spring-beans-6.1.10.jar:6.1.10]
	at org.springframework.beans.factory.support.AbstractAutowireCapableBeanFactory.createBeanInstance(AbstractAutowireCapableBeanFactory.java:1194) ~[spring-beans-6.1.10.jar:6.1.10]
	at org.springframework.beans.factory.support.AbstractAutowireCapableBeanFactory.doCreateBean(AbstractAutowireCapableBeanFactory.java:562) ~[spring-beans-6.1.10.jar:6.1.10]
	at org.springframework.beans.factory.support.AbstractAutowireCapableBeanFactory.createBean(AbstractAutowireCapableBeanFactory.java:522) ~[spring-beans-6.1.10.jar:6.1.10]
	at org.springframework.beans.factory.support.AbstractBeanFactory.lambda$doGetBean$0(AbstractBeanFactory.java:337) ~[spring-beans-6.1.10.jar:6.1.10]
	at org.springframework.beans.factory.support.DefaultSingletonBeanRegistry.getSingleton(DefaultSingletonBeanRegistry.java:234) ~[spring-beans-6.1.10.jar:6.1.10]
	at org.springframework.beans.factory.support.AbstractBeanFactory.doGetBean(AbstractBeanFactory.java:335) ~[spring-beans-6.1.10.jar:6.1.10]
	at org.springframework.beans.factory.support.AbstractBeanFactory.getBean(AbstractBeanFactory.java:200) ~[spring-beans-6.1.10.jar:6.1.10]
	at org.springframework.beans.factory.config.DependencyDescriptor.resolveCandidate(DependencyDescriptor.java:254) ~[spring-beans-6.1.10.jar:6.1.10]
	at org.springframework.beans.factory.support.DefaultListableBeanFactory.doResolveDependency(DefaultListableBeanFactory.java:1443) ~[spring-beans-6.1.10.jar:6.1.10]
	at org.springframework.beans.factory.support.DefaultListableBeanFactory.resolveDependency(DefaultListableBeanFactory.java:1353) ~[spring-beans-6.1.10.jar:6.1.10]
	at org.springframework.beans.factory.support.ConstructorResolver.resolveAutowiredArgument(ConstructorResolver.java:904) ~[spring-beans-6.1.10.jar:6.1.10]
	at org.springframework.beans.factory.support.ConstructorResolver.createArgumentArray(ConstructorResolver.java:782) ~[spring-beans-6.1.10.jar:6.1.10]
	at org.springframework.beans.factory.support.ConstructorResolver.autowireConstructor(ConstructorResolver.java:237) ~[spring-beans-6.1.10.jar:6.1.10]
	at org.springframework.beans.factory.support.AbstractAutowireCapableBeanFactory.autowireConstructor(AbstractAutowireCapableBeanFactory.java:1357) ~[spring-beans-6.1.10.jar:6.1.10]
	at org.springframework.beans.factory.support.AbstractAutowireCapableBeanFactory.createBeanInstance(AbstractAutowireCapableBeanFactory.java:1194) ~[spring-beans-6.1.10.jar:6.1.10]
	at org.springframework.beans.factory.support.AbstractAutowireCapableBeanFactory.doCreateBean(AbstractAutowireCapableBeanFactory.java:562) ~[spring-beans-6.1.10.jar:6.1.10]
	at org.springframework.beans.factory.support.AbstractAutowireCapableBeanFactory.createBean(AbstractAutowireCapableBeanFactory.java:522) ~[spring-beans-6.1.10.jar:6.1.10]
	at org.springframework.beans.factory.support.AbstractBeanFactory.lambda$doGetBean$0(AbstractBeanFactory.java:337) ~[spring-beans-6.1.10.jar:6.1.10]
	at org.springframework.beans.factory.support.DefaultSingletonBeanRegistry.getSingleton(DefaultSingletonBeanRegistry.java:234) ~[spring-beans-6.1.10.jar:6.1.10]
	at org.springframework.beans.factory.support.AbstractBeanFactory.doGetBean(AbstractBeanFactory.java:335) ~[spring-beans-6.1.10.jar:6.1.10]
	at org.springframework.beans.factory.support.AbstractBeanFactory.getBean(AbstractBeanFactory.java:200) ~[spring-beans-6.1.10.jar:6.1.10]
	at org.springframework.beans.factory.support.DefaultListableBeanFactory.preInstantiateSingletons(DefaultListableBeanFactory.java:975) ~[spring-beans-6.1.10.jar:6.1.10]
	at org.springframework.context.support.AbstractApplicationContext.finishBeanFactoryInitialization(AbstractApplicationContext.java:962) ~[spring-context-6.1.10.jar:6.1.10]
	at org.springframework.context.support.AbstractApplicationContext.refresh(AbstractApplicationContext.java:624) ~[spring-context-6.1.10.jar:6.1.10]
	at org.springframework.boot.SpringApplication.refresh(SpringApplication.java:754) ~[spring-boot-3.3.1.jar:3.3.1]
	at org.springframework.boot.SpringApplication.refreshContext(SpringApplication.java:456) ~[spring-boot-3.3.1.jar:3.3.1]
	at org.springframework.boot.SpringApplication.run(SpringApplication.java:335) ~[spring-boot-3.3.1.jar:3.3.1]
	at org.springframework.boot.test.context.SpringBootContextLoader.lambda$loadContext$3(SpringBootContextLoader.java:137) ~[spring-boot-test-3.3.1.jar:3.3.1]
	at org.springframework.util.function.ThrowingSupplier.get(ThrowingSupplier.java:58) ~[spring-core-6.1.10.jar:6.1.10]
	at org.springframework.util.function.ThrowingSupplier.get(ThrowingSupplier.java:46) ~[spring-core-6.1.10.jar:6.1.10]
	at org.springframework.boot.SpringApplication.withHook(SpringApplication.java:1463) ~[spring-boot-3.3.1.jar:3.3.1]
	at org.springframework.boot.test.context.SpringBootContextLoader$ContextLoaderHook.run(SpringBootContextLoader.java:553) ~[spring-boot-test-3.3.1.jar:3.3.1]
	at org.springframework.boot.test.context.SpringBootContextLoader.loadContext(SpringBootContextLoader.java:137) ~[spring-boot-test-3.3.1.jar:3.3.1]
	at org.springframework.boot.test.context.SpringBootContextLoader.loadContext(SpringBootContextLoader.java:108) ~[spring-boot-test-3.3.1.jar:3.3.1]
	at org.springframework.test.context.cache.DefaultCacheAwareContextLoaderDelegate.loadContextInternal(DefaultCacheAwareContextLoaderDelegate.java:225) ~[spring-test-6.1.10.jar:6.1.10]
	at org.springframework.test.context.cache.DefaultCacheAwareContextLoaderDelegate.loadContext(DefaultCacheAwareContextLoaderDelegate.java:152) ~[spring-test-6.1.10.jar:6.1.10]
	at org.springframework.test.context.support.DefaultTestContext.getApplicationContext(DefaultTestContext.java:130) ~[spring-test-6.1.10.jar:6.1.10]
	at org.springframework.test.context.web.ServletTestExecutionListener.setUpRequestContextIfNecessary(ServletTestExecutionListener.java:191) ~[spring-test-6.1.10.jar:6.1.10]
	at org.springframework.test.context.web.ServletTestExecutionListener.prepareTestInstance(ServletTestExecutionListener.java:130) ~[spring-test-6.1.10.jar:6.1.10]
	at org.springframework.test.context.TestContextManager.prepareTestInstance(TestContextManager.java:260) ~[spring-test-6.1.10.jar:6.1.10]
	at org.springframework.test.context.junit.jupiter.SpringExtension.postProcessTestInstance(SpringExtension.java:163) ~[spring-test-6.1.10.jar:6.1.10]
	at org.junit.jupiter.engine.descriptor.ClassBasedTestDescriptor.lambda$invokeTestInstancePostProcessors$10(ClassBasedTestDescriptor.java:378) ~[junit-jupiter-engine-5.10.2.jar:5.10.2]
	at org.junit.jupiter.engine.descriptor.ClassBasedTestDescriptor.executeAndMaskThrowable(ClassBasedTestDescriptor.java:383) ~[junit-jupiter-engine-5.10.2.jar:5.10.2]
	at org.junit.jupiter.engine.descriptor.ClassBasedTestDescriptor.lambda$invokeTestInstancePostProcessors$11(ClassBasedTestDescriptor.java:378) ~[junit-jupiter-engine-5.10.2.jar:5.10.2]
	at java.base/java.util.stream.ReferencePipeline$3$1.accept(ReferencePipeline.java:215) ~[na:na]
	at java.base/java.util.stream.ReferencePipeline$2$1.accept(ReferencePipeline.java:197) ~[na:na]
	at java.base/java.util.ArrayList$ArrayListSpliterator.forEachRemaining(ArrayList.java:1709) ~[na:na]
	at java.base/java.util.stream.AbstractPipeline.copyInto(AbstractPipeline.java:570) ~[na:na]
	at java.base/java.util.stream.AbstractPipeline.wrapAndCopyInto(AbstractPipeline.java:560) ~[na:na]
	at java.base/java.util.stream.StreamSpliterators$WrappingSpliterator.forEachRemaining(StreamSpliterators.java:315) ~[na:na]
	at java.base/java.util.stream.Streams$ConcatSpliterator.forEachRemaining(Streams.java:735) ~[na:na]
	at java.base/java.util.stream.Streams$ConcatSpliterator.forEachRemaining(Streams.java:734) ~[na:na]
	at java.base/java.util.stream.ReferencePipeline$Head.forEach(ReferencePipeline.java:807) ~[na:na]
	at org.junit.jupiter.engine.descriptor.ClassBasedTestDescriptor.invokeTestInstancePostProcessors(ClassBasedTestDescriptor.java:377) ~[junit-jupiter-engine-5.10.2.jar:5.10.2]
	at org.junit.jupiter.engine.descriptor.ClassBasedTestDescriptor.lambda$instantiateAndPostProcessTestInstance$6(ClassBasedTestDescriptor.java:290) ~[junit-jupiter-engine-5.10.2.jar:5.10.2]
	at org.junit.platform.engine.support.hierarchical.ThrowableCollector.execute(ThrowableCollector.java:73) ~[junit-platform-engine-1.10.2.jar:1.10.2]
	at org.junit.jupiter.engine.descriptor.ClassBasedTestDescriptor.instantiateAndPostProcessTestInstance(ClassBasedTestDescriptor.java:289) ~[junit-jupiter-engine-5.10.2.jar:5.10.2]
	at org.junit.jupiter.engine.descriptor.ClassBasedTestDescriptor.lambda$testInstancesProvider$4(ClassBasedTestDescriptor.java:279) ~[junit-jupiter-engine-5.10.2.jar:5.10.2]
	at java.base/java.util.Optional.orElseGet(Optional.java:364) ~[na:na]
	at org.junit.jupiter.engine.descriptor.ClassBasedTestDescriptor.lambda$testInstancesProvider$5(ClassBasedTestDescriptor.java:278) ~[junit-jupiter-engine-5.10.2.jar:5.10.2]
	at org.junit.jupiter.engine.execution.TestInstancesProvider.getTestInstances(TestInstancesProvider.java:31) ~[junit-jupiter-engine-5.10.2.jar:5.10.2]
	at org.junit.jupiter.engine.descriptor.TestMethodTestDescriptor.lambda$prepare$0(TestMethodTestDescriptor.java:106) ~[junit-jupiter-engine-5.10.2.jar:5.10.2]
	at org.junit.platform.engine.support.hierarchical.ThrowableCollector.execute(ThrowableCollector.java:73) ~[junit-platform-engine-1.10.2.jar:1.10.2]
	at org.junit.jupiter.engine.descriptor.TestMethodTestDescriptor.prepare(TestMethodTestDescriptor.java:105) ~[junit-jupiter-engine-5.10.2.jar:5.10.2]
	at org.junit.jupiter.engine.descriptor.TestMethodTestDescriptor.prepare(TestMethodTestDescriptor.java:69) ~[junit-jupiter-engine-5.10.2.jar:5.10.2]
	at org.junit.platform.engine.support.hierarchical.NodeTestTask.lambda$prepare$2(NodeTestTask.java:123) ~[junit-platform-engine-1.10.2.jar:1.10.2]
	at org.junit.platform.engine.support.hierarchical.ThrowableCollector.execute(ThrowableCollector.java:73) ~[junit-platform-engine-1.10.2.jar:1.10.2]
	at org.junit.platform.engine.support.hierarchical.NodeTestTask.prepare(NodeTestTask.java:123) ~[junit-platform-engine-1.10.2.jar:1.10.2]
	at org.junit.platform.engine.support.hierarchical.NodeTestTask.execute(NodeTestTask.java:90) ~[junit-platform-engine-1.10.2.jar:1.10.2]
	at java.base/java.util.ArrayList.forEach(ArrayList.java:1597) ~[na:na]
	at org.junit.platform.engine.support.hierarchical.SameThreadHierarchicalTestExecutorService.invokeAll(SameThreadHierarchicalTestExecutorService.java:41) ~[junit-platform-engine-1.10.2.jar:1.10.2]
	at org.junit.platform.engine.support.hierarchical.NodeTestTask.lambda$executeRecursively$6(NodeTestTask.java:155) ~[junit-platform-engine-1.10.2.jar:1.10.2]
	at org.junit.platform.engine.support.hierarchical.ThrowableCollector.execute(ThrowableCollector.java:73) ~[junit-platform-engine-1.10.2.jar:1.10.2]
	at org.junit.platform.engine.support.hierarchical.NodeTestTask.lambda$executeRecursively$8(NodeTestTask.java:141) ~[junit-platform-engine-1.10.2.jar:1.10.2]
	at org.junit.platform.engine.support.hierarchical.Node.around(Node.java:137) ~[junit-platform-engine-1.10.2.jar:1.10.2]
	at org.junit.platform.engine.support.hierarchical.NodeTestTask.lambda$executeRecursively$9(NodeTestTask.java:139) ~[junit-platform-engine-1.10.2.jar:1.10.2]
	at org.junit.platform.engine.support.hierarchical.ThrowableCollector.execute(ThrowableCollector.java:73) ~[junit-platform-engine-1.10.2.jar:1.10.2]
	at org.junit.platform.engine.support.hierarchical.NodeTestTask.executeRecursively(NodeTestTask.java:138) ~[junit-platform-engine-1.10.2.jar:1.10.2]
	at org.junit.platform.engine.support.hierarchical.NodeTestTask.execute(NodeTestTask.java:95) ~[junit-platform-engine-1.10.2.jar:1.10.2]
	at java.base/java.util.ArrayList.forEach(ArrayList.java:1597) ~[na:na]
	at org.junit.platform.engine.support.hierarchical.SameThreadHierarchicalTestExecutorService.invokeAll(SameThreadHierarchicalTestExecutorService.java:41) ~[junit-platform-engine-1.10.2.jar:1.10.2]
	at org.junit.platform.engine.support.hierarchical.NodeTestTask.lambda$executeRecursively$6(NodeTestTask.java:155) ~[junit-platform-engine-1.10.2.jar:1.10.2]
	at org.junit.platform.engine.support.hierarchical.ThrowableCollector.execute(ThrowableCollector.java:73) ~[junit-platform-engine-1.10.2.jar:1.10.2]
	at org.junit.platform.engine.support.hierarchical.NodeTestTask.lambda$executeRecursively$8(NodeTestTask.java:141) ~[junit-platform-engine-1.10.2.jar:1.10.2]
	at org.junit.platform.engine.support.hierarchical.Node.around(Node.java:137) ~[junit-platform-engine-1.10.2.jar:1.10.2]
	at org.junit.platform.engine.support.hierarchical.NodeTestTask.lambda$executeRecursively$9(NodeTestTask.java:139) ~[junit-platform-engine-1.10.2.jar:1.10.2]
	at org.junit.platform.engine.support.hierarchical.ThrowableCollector.execute(ThrowableCollector.java:73) ~[junit-platform-engine-1.10.2.jar:1.10.2]
	at org.junit.platform.engine.support.hierarchical.NodeTestTask.executeRecursively(NodeTestTask.java:138) ~[junit-platform-engine-1.10.2.jar:1.10.2]
	at org.junit.platform.engine.support.hierarchical.NodeTestTask.execute(NodeTestTask.java:95) ~[junit-platform-engine-1.10.2.jar:1.10.2]
	at org.junit.platform.engine.support.hierarchical.SameThreadHierarchicalTestExecutorService.submit(SameThreadHierarchicalTestExecutorService.java:35) ~[junit-platform-engine-1.10.2.jar:1.10.2]
	at org.junit.platform.engine.support.hierarchical.HierarchicalTestExecutor.execute(HierarchicalTestExecutor.java:57) ~[junit-platform-engine-1.10.2.jar:1.10.2]
	at org.junit.platform.engine.support.hierarchical.HierarchicalTestEngine.execute(HierarchicalTestEngine.java:54) ~[junit-platform-engine-1.10.2.jar:1.10.2]
	at org.junit.platform.launcher.core.EngineExecutionOrchestrator.execute(EngineExecutionOrchestrator.java:198) ~[junit-platform-launcher-1.10.2.jar:1.10.2]
	at org.junit.platform.launcher.core.EngineExecutionOrchestrator.execute(EngineExecutionOrchestrator.java:169) ~[junit-platform-launcher-1.10.2.jar:1.10.2]
	at org.junit.platform.launcher.core.EngineExecutionOrchestrator.execute(EngineExecutionOrchestrator.java:93) ~[junit-platform-launcher-1.10.2.jar:1.10.2]
	at org.junit.platform.launcher.core.EngineExecutionOrchestrator.lambda$execute$0(EngineExecutionOrchestrator.java:58) ~[junit-platform-launcher-1.10.2.jar:1.10.2]
	at org.junit.platform.launcher.core.EngineExecutionOrchestrator.withInterceptedStreams(EngineExecutionOrchestrator.java:141) ~[junit-platform-launcher-1.10.2.jar:1.10.2]
	at org.junit.platform.launcher.core.EngineExecutionOrchestrator.execute(EngineExecutionOrchestrator.java:57) ~[junit-platform-launcher-1.10.2.jar:1.10.2]
	at org.junit.platform.launcher.core.DefaultLauncher.execute(DefaultLauncher.java:103) ~[junit-platform-launcher-1.10.2.jar:1.10.2]
	at org.junit.platform.launcher.core.DefaultLauncher.execute(DefaultLauncher.java:85) ~[junit-platform-launcher-1.10.2.jar:1.10.2]
	at org.junit.platform.launcher.core.DelegatingLauncher.execute(DelegatingLauncher.java:47) ~[junit-platform-launcher-1.10.2.jar:1.10.2]
	at org.apache.maven.surefire.junitplatform.LazyLauncher.execute(LazyLauncher.java:56) ~[surefire-junit-platform-3.2.5.jar:3.2.5]
	at org.apache.maven.surefire.junitplatform.JUnitPlatformProvider.execute(JUnitPlatformProvider.java:184) ~[surefire-junit-platform-3.2.5.jar:3.2.5]
	at org.apache.maven.surefire.junitplatform.JUnitPlatformProvider.invokeAllTests(JUnitPlatformProvider.java:148) ~[surefire-junit-platform-3.2.5.jar:3.2.5]
	at org.apache.maven.surefire.junitplatform.JUnitPlatformProvider.invoke(JUnitPlatformProvider.java:122) ~[surefire-junit-platform-3.2.5.jar:3.2.5]
	at org.apache.maven.surefire.booter.ForkedBooter.runSuitesInProcess(ForkedBooter.java:385) ~[surefire-booter-3.2.5.jar:3.2.5]
	at org.apache.maven.surefire.booter.ForkedBooter.execute(ForkedBooter.java:162) ~[surefire-booter-3.2.5.jar:3.2.5]
	at org.apache.maven.surefire.booter.ForkedBooter.run(ForkedBooter.java:507) ~[surefire-booter-3.2.5.jar:3.2.5]
	at org.apache.maven.surefire.booter.ForkedBooter.main(ForkedBooter.java:495) ~[surefire-booter-3.2.5.jar:3.2.5]

2025-08-24T11:32:56.752+03:30 DEBUG 1188 --- [ChiDaram App] [           main] tor$SharedEntityManagerInvocationHandler : Creating new EntityManager for shared EntityManager invocation
2025-08-24T11:32:56.813+03:30 DEBUG 1188 --- [ChiDaram App] [           main] tor$SharedEntityManagerInvocationHandler : Creating new EntityManager for shared EntityManager invocation
2025-08-24T11:32:56.843+03:30 DEBUG 1188 --- [ChiDaram App] [           main] tor$SharedEntityManagerInvocationHandler : Creating new EntityManager for shared EntityManager invocation
2025-08-24T11:32:56.849+03:30 DEBUG 1188 --- [ChiDaram App] [           main] cResourceLocalTransactionCoordinatorImpl : JDBC transaction marked for rollback-only (exception provided for stack trace)

java.lang.Exception: exception just for purpose of providing stack trace
	at org.hibernate.resource.transaction.backend.jdbc.internal.JdbcResourceLocalTransactionCoordinatorImpl$TransactionDriverControlImpl.markRollbackOnly(JdbcResourceLocalTransactionCoordinatorImpl.java:309) ~[hibernate-core-6.5.2.Final.jar:6.5.2.Final]
	at org.hibernate.internal.AbstractSharedSessionContract.buildNamedQuery(AbstractSharedSessionContract.java:1109) ~[hibernate-core-6.5.2.Final.jar:6.5.2.Final]
	at org.hibernate.internal.AbstractSharedSessionContract.createNamedQuery(AbstractSharedSessionContract.java:987) ~[hibernate-core-6.5.2.Final.jar:6.5.2.Final]
	at org.hibernate.internal.AbstractSharedSessionContract.createNamedQuery(AbstractSharedSessionContract.java:140) ~[hibernate-core-6.5.2.Final.jar:6.5.2.Final]
	at java.base/jdk.internal.reflect.DirectMethodHandleAccessor.invoke(DirectMethodHandleAccessor.java:103) ~[na:na]
	at java.base/java.lang.reflect.Method.invoke(Method.java:580) ~[na:na]
	at org.springframework.orm.jpa.ExtendedEntityManagerCreator$ExtendedEntityManagerInvocationHandler.invoke(ExtendedEntityManagerCreator.java:364) ~[spring-orm-6.1.10.jar:6.1.10]
	at jdk.proxy2/jdk.proxy2.$Proxy160.createNamedQuery(Unknown Source) ~[na:na]
	at org.springframework.data.jpa.repository.query.NamedQuery.hasNamedQuery(NamedQuery.java:112) ~[spring-data-jpa-3.3.1.jar:3.3.1]
	at org.springframework.data.jpa.repository.query.NamedQuery.lookupFrom(NamedQuery.java:138) ~[spring-data-jpa-3.3.1.jar:3.3.1]
	at org.springframework.data.jpa.repository.query.JpaQueryLookupStrategy$DeclaredQueryLookupStrategy.resolveQuery(JpaQueryLookupStrategy.java:180) ~[spring-data-jpa-3.3.1.jar:3.3.1]
	at org.springframework.data.jpa.repository.query.JpaQueryLookupStrategy$CreateIfNotFoundQueryLookupStrategy.resolveQuery(JpaQueryLookupStrategy.java:252) ~[spring-data-jpa-3.3.1.jar:3.3.1]
	at org.springframework.data.jpa.repository.query.JpaQueryLookupStrategy$AbstractQueryLookupStrategy.resolveQuery(JpaQueryLookupStrategy.java:95) ~[spring-data-jpa-3.3.1.jar:3.3.1]
	at org.springframework.data.repository.core.support.QueryExecutorMethodInterceptor.lookupQuery(QueryExecutorMethodInterceptor.java:111) ~[spring-data-commons-3.3.1.jar:3.3.1]
	at org.springframework.data.repository.core.support.QueryExecutorMethodInterceptor.mapMethodsToQuery(QueryExecutorMethodInterceptor.java:99) ~[spring-data-commons-3.3.1.jar:3.3.1]
	at org.springframework.data.repository.core.support.QueryExecutorMethodInterceptor.lambda$new$0(QueryExecutorMethodInterceptor.java:88) ~[spring-data-commons-3.3.1.jar:3.3.1]
	at java.base/java.util.Optional.map(Optional.java:260) ~[na:na]
	at org.springframework.data.repository.core.support.QueryExecutorMethodInterceptor.<init>(QueryExecutorMethodInterceptor.java:88) ~[spring-data-commons-3.3.1.jar:3.3.1]
	at org.springframework.data.repository.core.support.RepositoryFactorySupport.getRepository(RepositoryFactorySupport.java:357) ~[spring-data-commons-3.3.1.jar:3.3.1]
	at org.springframework.data.repository.core.support.RepositoryFactoryBeanSupport.lambda$afterPropertiesSet$5(RepositoryFactoryBeanSupport.java:286) ~[spring-data-commons-3.3.1.jar:3.3.1]
	at org.springframework.data.util.Lazy.getNullable(Lazy.java:135) ~[spring-data-commons-3.3.1.jar:3.3.1]
	at org.springframework.data.util.Lazy.get(Lazy.java:113) ~[spring-data-commons-3.3.1.jar:3.3.1]
	at org.springframework.data.repository.core.support.RepositoryFactoryBeanSupport.afterPropertiesSet(RepositoryFactoryBeanSupport.java:292) ~[spring-data-commons-3.3.1.jar:3.3.1]
	at org.springframework.data.jpa.repository.support.JpaRepositoryFactoryBean.afterPropertiesSet(JpaRepositoryFactoryBean.java:132) ~[spring-data-jpa-3.3.1.jar:3.3.1]
	at org.springframework.beans.factory.support.AbstractAutowireCapableBeanFactory.invokeInitMethods(AbstractAutowireCapableBeanFactory.java:1835) ~[spring-beans-6.1.10.jar:6.1.10]
	at org.springframework.beans.factory.support.AbstractAutowireCapableBeanFactory.initializeBean(AbstractAutowireCapableBeanFactory.java:1784) ~[spring-beans-6.1.10.jar:6.1.10]
	at org.springframework.beans.factory.support.AbstractAutowireCapableBeanFactory.doCreateBean(AbstractAutowireCapableBeanFactory.java:600) ~[spring-beans-6.1.10.jar:6.1.10]
	at org.springframework.beans.factory.support.AbstractAutowireCapableBeanFactory.createBean(AbstractAutowireCapableBeanFactory.java:522) ~[spring-beans-6.1.10.jar:6.1.10]
	at org.springframework.beans.factory.support.AbstractBeanFactory.lambda$doGetBean$0(AbstractBeanFactory.java:337) ~[spring-beans-6.1.10.jar:6.1.10]
	at org.springframework.beans.factory.support.DefaultSingletonBeanRegistry.getSingleton(DefaultSingletonBeanRegistry.java:234) ~[spring-beans-6.1.10.jar:6.1.10]
	at org.springframework.beans.factory.support.AbstractBeanFactory.doGetBean(AbstractBeanFactory.java:335) ~[spring-beans-6.1.10.jar:6.1.10]
	at org.springframework.beans.factory.support.AbstractBeanFactory.getBean(AbstractBeanFactory.java:200) ~[spring-beans-6.1.10.jar:6.1.10]
	at org.springframework.beans.factory.config.DependencyDescriptor.resolveCandidate(DependencyDescriptor.java:254) ~[spring-beans-6.1.10.jar:6.1.10]
	at org.springframework.beans.factory.support.DefaultListableBeanFactory.doResolveDependency(DefaultListableBeanFactory.java:1443) ~[spring-beans-6.1.10.jar:6.1.10]
	at org.springframework.beans.factory.support.DefaultListableBeanFactory.resolveDependency(DefaultListableBeanFactory.java:1353) ~[spring-beans-6.1.10.jar:6.1.10]
	at org.springframework.beans.factory.support.ConstructorResolver.resolveAutowiredArgument(ConstructorResolver.java:904) ~[spring-beans-6.1.10.jar:6.1.10]
	at org.springframework.beans.factory.support.ConstructorResolver.createArgumentArray(ConstructorResolver.java:782) ~[spring-beans-6.1.10.jar:6.1.10]
	at org.springframework.beans.factory.support.ConstructorResolver.autowireConstructor(ConstructorResolver.java:237) ~[spring-beans-6.1.10.jar:6.1.10]
	at org.springframework.beans.factory.support.AbstractAutowireCapableBeanFactory.autowireConstructor(AbstractAutowireCapableBeanFactory.java:1357) ~[spring-beans-6.1.10.jar:6.1.10]
	at org.springframework.beans.factory.support.AbstractAutowireCapableBeanFactory.createBeanInstance(AbstractAutowireCapableBeanFactory.java:1194) ~[spring-beans-6.1.10.jar:6.1.10]
	at org.springframework.beans.factory.support.AbstractAutowireCapableBeanFactory.doCreateBean(AbstractAutowireCapableBeanFactory.java:562) ~[spring-beans-6.1.10.jar:6.1.10]
	at org.springframework.beans.factory.support.AbstractAutowireCapableBeanFactory.createBean(AbstractAutowireCapableBeanFactory.java:522) ~[spring-beans-6.1.10.jar:6.1.10]
	at org.springframework.beans.factory.support.AbstractBeanFactory.lambda$doGetBean$0(AbstractBeanFactory.java:337) ~[spring-beans-6.1.10.jar:6.1.10]
	at org.springframework.beans.factory.support.DefaultSingletonBeanRegistry.getSingleton(DefaultSingletonBeanRegistry.java:234) ~[spring-beans-6.1.10.jar:6.1.10]
	at org.springframework.beans.factory.support.AbstractBeanFactory.doGetBean(AbstractBeanFactory.java:335) ~[spring-beans-6.1.10.jar:6.1.10]
	at org.springframework.beans.factory.support.AbstractBeanFactory.getBean(AbstractBeanFactory.java:200) ~[spring-beans-6.1.10.jar:6.1.10]
	at org.springframework.beans.factory.config.DependencyDescriptor.resolveCandidate(DependencyDescriptor.java:254) ~[spring-beans-6.1.10.jar:6.1.10]
	at org.springframework.beans.factory.support.DefaultListableBeanFactory.doResolveDependency(DefaultListableBeanFactory.java:1443) ~[spring-beans-6.1.10.jar:6.1.10]
	at org.springframework.beans.factory.support.DefaultListableBeanFactory.resolveDependency(DefaultListableBeanFactory.java:1353) ~[spring-beans-6.1.10.jar:6.1.10]
	at org.springframework.beans.factory.support.ConstructorResolver.resolveAutowiredArgument(ConstructorResolver.java:904) ~[spring-beans-6.1.10.jar:6.1.10]
	at org.springframework.beans.factory.support.ConstructorResolver.createArgumentArray(ConstructorResolver.java:782) ~[spring-beans-6.1.10.jar:6.1.10]
	at org.springframework.beans.factory.support.ConstructorResolver.autowireConstructor(ConstructorResolver.java:237) ~[spring-beans-6.1.10.jar:6.1.10]
	at org.springframework.beans.factory.support.AbstractAutowireCapableBeanFactory.autowireConstructor(AbstractAutowireCapableBeanFactory.java:1357) ~[spring-beans-6.1.10.jar:6.1.10]
	at org.springframework.beans.factory.support.AbstractAutowireCapableBeanFactory.createBeanInstance(AbstractAutowireCapableBeanFactory.java:1194) ~[spring-beans-6.1.10.jar:6.1.10]
	at org.springframework.beans.factory.support.AbstractAutowireCapableBeanFactory.doCreateBean(AbstractAutowireCapableBeanFactory.java:562) ~[spring-beans-6.1.10.jar:6.1.10]
	at org.springframework.beans.factory.support.AbstractAutowireCapableBeanFactory.createBean(AbstractAutowireCapableBeanFactory.java:522) ~[spring-beans-6.1.10.jar:6.1.10]
	at org.springframework.beans.factory.support.AbstractBeanFactory.lambda$doGetBean$0(AbstractBeanFactory.java:337) ~[spring-beans-6.1.10.jar:6.1.10]
	at org.springframework.beans.factory.support.DefaultSingletonBeanRegistry.getSingleton(DefaultSingletonBeanRegistry.java:234) ~[spring-beans-6.1.10.jar:6.1.10]
	at org.springframework.beans.factory.support.AbstractBeanFactory.doGetBean(AbstractBeanFactory.java:335) ~[spring-beans-6.1.10.jar:6.1.10]
	at org.springframework.beans.factory.support.AbstractBeanFactory.getBean(AbstractBeanFactory.java:200) ~[spring-beans-6.1.10.jar:6.1.10]
	at org.springframework.beans.factory.support.DefaultListableBeanFactory.preInstantiateSingletons(DefaultListableBeanFactory.java:975) ~[spring-beans-6.1.10.jar:6.1.10]
	at org.springframework.context.support.AbstractApplicationContext.finishBeanFactoryInitialization(AbstractApplicationContext.java:962) ~[spring-context-6.1.10.jar:6.1.10]
	at org.springframework.context.support.AbstractApplicationContext.refresh(AbstractApplicationContext.java:624) ~[spring-context-6.1.10.jar:6.1.10]
	at org.springframework.boot.SpringApplication.refresh(SpringApplication.java:754) ~[spring-boot-3.3.1.jar:3.3.1]
	at org.springframework.boot.SpringApplication.refreshContext(SpringApplication.java:456) ~[spring-boot-3.3.1.jar:3.3.1]
	at org.springframework.boot.SpringApplication.run(SpringApplication.java:335) ~[spring-boot-3.3.1.jar:3.3.1]
	at org.springframework.boot.test.context.SpringBootContextLoader.lambda$loadContext$3(SpringBootContextLoader.java:137) ~[spring-boot-test-3.3.1.jar:3.3.1]
	at org.springframework.util.function.ThrowingSupplier.get(ThrowingSupplier.java:58) ~[spring-core-6.1.10.jar:6.1.10]
	at org.springframework.util.function.ThrowingSupplier.get(ThrowingSupplier.java:46) ~[spring-core-6.1.10.jar:6.1.10]
	at org.springframework.boot.SpringApplication.withHook(SpringApplication.java:1463) ~[spring-boot-3.3.1.jar:3.3.1]
	at org.springframework.boot.test.context.SpringBootContextLoader$ContextLoaderHook.run(SpringBootContextLoader.java:553) ~[spring-boot-test-3.3.1.jar:3.3.1]
	at org.springframework.boot.test.context.SpringBootContextLoader.loadContext(SpringBootContextLoader.java:137) ~[spring-boot-test-3.3.1.jar:3.3.1]
	at org.springframework.boot.test.context.SpringBootContextLoader.loadContext(SpringBootContextLoader.java:108) ~[spring-boot-test-3.3.1.jar:3.3.1]
	at org.springframework.test.context.cache.DefaultCacheAwareContextLoaderDelegate.loadContextInternal(DefaultCacheAwareContextLoaderDelegate.java:225) ~[spring-test-6.1.10.jar:6.1.10]
	at org.springframework.test.context.cache.DefaultCacheAwareContextLoaderDelegate.loadContext(DefaultCacheAwareContextLoaderDelegate.java:152) ~[spring-test-6.1.10.jar:6.1.10]
	at org.springframework.test.context.support.DefaultTestContext.getApplicationContext(DefaultTestContext.java:130) ~[spring-test-6.1.10.jar:6.1.10]
	at org.springframework.test.context.web.ServletTestExecutionListener.setUpRequestContextIfNecessary(ServletTestExecutionListener.java:191) ~[spring-test-6.1.10.jar:6.1.10]
	at org.springframework.test.context.web.ServletTestExecutionListener.prepareTestInstance(ServletTestExecutionListener.java:130) ~[spring-test-6.1.10.jar:6.1.10]
	at org.springframework.test.context.TestContextManager.prepareTestInstance(TestContextManager.java:260) ~[spring-test-6.1.10.jar:6.1.10]
	at org.springframework.test.context.junit.jupiter.SpringExtension.postProcessTestInstance(SpringExtension.java:163) ~[spring-test-6.1.10.jar:6.1.10]
	at org.junit.jupiter.engine.descriptor.ClassBasedTestDescriptor.lambda$invokeTestInstancePostProcessors$10(ClassBasedTestDescriptor.java:378) ~[junit-jupiter-engine-5.10.2.jar:5.10.2]
	at org.junit.jupiter.engine.descriptor.ClassBasedTestDescriptor.executeAndMaskThrowable(ClassBasedTestDescriptor.java:383) ~[junit-jupiter-engine-5.10.2.jar:5.10.2]
	at org.junit.jupiter.engine.descriptor.ClassBasedTestDescriptor.lambda$invokeTestInstancePostProcessors$11(ClassBasedTestDescriptor.java:378) ~[junit-jupiter-engine-5.10.2.jar:5.10.2]
	at java.base/java.util.stream.ReferencePipeline$3$1.accept(ReferencePipeline.java:215) ~[na:na]
	at java.base/java.util.stream.ReferencePipeline$2$1.accept(ReferencePipeline.java:197) ~[na:na]
	at java.base/java.util.ArrayList$ArrayListSpliterator.forEachRemaining(ArrayList.java:1709) ~[na:na]
	at java.base/java.util.stream.AbstractPipeline.copyInto(AbstractPipeline.java:570) ~[na:na]
	at java.base/java.util.stream.AbstractPipeline.wrapAndCopyInto(AbstractPipeline.java:560) ~[na:na]
	at java.base/java.util.stream.StreamSpliterators$WrappingSpliterator.forEachRemaining(StreamSpliterators.java:315) ~[na:na]
	at java.base/java.util.stream.Streams$ConcatSpliterator.forEachRemaining(Streams.java:735) ~[na:na]
	at java.base/java.util.stream.Streams$ConcatSpliterator.forEachRemaining(Streams.java:734) ~[na:na]
	at java.base/java.util.stream.ReferencePipeline$Head.forEach(ReferencePipeline.java:807) ~[na:na]
	at org.junit.jupiter.engine.descriptor.ClassBasedTestDescriptor.invokeTestInstancePostProcessors(ClassBasedTestDescriptor.java:377) ~[junit-jupiter-engine-5.10.2.jar:5.10.2]
	at org.junit.jupiter.engine.descriptor.ClassBasedTestDescriptor.lambda$instantiateAndPostProcessTestInstance$6(ClassBasedTestDescriptor.java:290) ~[junit-jupiter-engine-5.10.2.jar:5.10.2]
	at org.junit.platform.engine.support.hierarchical.ThrowableCollector.execute(ThrowableCollector.java:73) ~[junit-platform-engine-1.10.2.jar:1.10.2]
	at org.junit.jupiter.engine.descriptor.ClassBasedTestDescriptor.instantiateAndPostProcessTestInstance(ClassBasedTestDescriptor.java:289) ~[junit-jupiter-engine-5.10.2.jar:5.10.2]
	at org.junit.jupiter.engine.descriptor.ClassBasedTestDescriptor.lambda$testInstancesProvider$4(ClassBasedTestDescriptor.java:279) ~[junit-jupiter-engine-5.10.2.jar:5.10.2]
	at java.base/java.util.Optional.orElseGet(Optional.java:364) ~[na:na]
	at org.junit.jupiter.engine.descriptor.ClassBasedTestDescriptor.lambda$testInstancesProvider$5(ClassBasedTestDescriptor.java:278) ~[junit-jupiter-engine-5.10.2.jar:5.10.2]
	at org.junit.jupiter.engine.execution.TestInstancesProvider.getTestInstances(TestInstancesProvider.java:31) ~[junit-jupiter-engine-5.10.2.jar:5.10.2]
	at org.junit.jupiter.engine.descriptor.TestMethodTestDescriptor.lambda$prepare$0(TestMethodTestDescriptor.java:106) ~[junit-jupiter-engine-5.10.2.jar:5.10.2]
	at org.junit.platform.engine.support.hierarchical.ThrowableCollector.execute(ThrowableCollector.java:73) ~[junit-platform-engine-1.10.2.jar:1.10.2]
	at org.junit.jupiter.engine.descriptor.TestMethodTestDescriptor.prepare(TestMethodTestDescriptor.java:105) ~[junit-jupiter-engine-5.10.2.jar:5.10.2]
	at org.junit.jupiter.engine.descriptor.TestMethodTestDescriptor.prepare(TestMethodTestDescriptor.java:69) ~[junit-jupiter-engine-5.10.2.jar:5.10.2]
	at org.junit.platform.engine.support.hierarchical.NodeTestTask.lambda$prepare$2(NodeTestTask.java:123) ~[junit-platform-engine-1.10.2.jar:1.10.2]
	at org.junit.platform.engine.support.hierarchical.ThrowableCollector.execute(ThrowableCollector.java:73) ~[junit-platform-engine-1.10.2.jar:1.10.2]
	at org.junit.platform.engine.support.hierarchical.NodeTestTask.prepare(NodeTestTask.java:123) ~[junit-platform-engine-1.10.2.jar:1.10.2]
	at org.junit.platform.engine.support.hierarchical.NodeTestTask.execute(NodeTestTask.java:90) ~[junit-platform-engine-1.10.2.jar:1.10.2]
	at java.base/java.util.ArrayList.forEach(ArrayList.java:1597) ~[na:na]
	at org.junit.platform.engine.support.hierarchical.SameThreadHierarchicalTestExecutorService.invokeAll(SameThreadHierarchicalTestExecutorService.java:41) ~[junit-platform-engine-1.10.2.jar:1.10.2]
	at org.junit.platform.engine.support.hierarchical.NodeTestTask.lambda$executeRecursively$6(NodeTestTask.java:155) ~[junit-platform-engine-1.10.2.jar:1.10.2]
	at org.junit.platform.engine.support.hierarchical.ThrowableCollector.execute(ThrowableCollector.java:73) ~[junit-platform-engine-1.10.2.jar:1.10.2]
	at org.junit.platform.engine.support.hierarchical.NodeTestTask.lambda$executeRecursively$8(NodeTestTask.java:141) ~[junit-platform-engine-1.10.2.jar:1.10.2]
	at org.junit.platform.engine.support.hierarchical.Node.around(Node.java:137) ~[junit-platform-engine-1.10.2.jar:1.10.2]
	at org.junit.platform.engine.support.hierarchical.NodeTestTask.lambda$executeRecursively$9(NodeTestTask.java:139) ~[junit-platform-engine-1.10.2.jar:1.10.2]
	at org.junit.platform.engine.support.hierarchical.ThrowableCollector.execute(ThrowableCollector.java:73) ~[junit-platform-engine-1.10.2.jar:1.10.2]
	at org.junit.platform.engine.support.hierarchical.NodeTestTask.executeRecursively(NodeTestTask.java:138) ~[junit-platform-engine-1.10.2.jar:1.10.2]
	at org.junit.platform.engine.support.hierarchical.NodeTestTask.execute(NodeTestTask.java:95) ~[junit-platform-engine-1.10.2.jar:1.10.2]
	at java.base/java.util.ArrayList.forEach(ArrayList.java:1597) ~[na:na]
	at org.junit.platform.engine.support.hierarchical.SameThreadHierarchicalTestExecutorService.invokeAll(SameThreadHierarchicalTestExecutorService.java:41) ~[junit-platform-engine-1.10.2.jar:1.10.2]
	at org.junit.platform.engine.support.hierarchical.NodeTestTask.lambda$executeRecursively$6(NodeTestTask.java:155) ~[junit-platform-engine-1.10.2.jar:1.10.2]
	at org.junit.platform.engine.support.hierarchical.ThrowableCollector.execute(ThrowableCollector.java:73) ~[junit-platform-engine-1.10.2.jar:1.10.2]
	at org.junit.platform.engine.support.hierarchical.NodeTestTask.lambda$executeRecursively$8(NodeTestTask.java:141) ~[junit-platform-engine-1.10.2.jar:1.10.2]
	at org.junit.platform.engine.support.hierarchical.Node.around(Node.java:137) ~[junit-platform-engine-1.10.2.jar:1.10.2]
	at org.junit.platform.engine.support.hierarchical.NodeTestTask.lambda$executeRecursively$9(NodeTestTask.java:139) ~[junit-platform-engine-1.10.2.jar:1.10.2]
	at org.junit.platform.engine.support.hierarchical.ThrowableCollector.execute(ThrowableCollector.java:73) ~[junit-platform-engine-1.10.2.jar:1.10.2]
	at org.junit.platform.engine.support.hierarchical.NodeTestTask.executeRecursively(NodeTestTask.java:138) ~[junit-platform-engine-1.10.2.jar:1.10.2]
	at org.junit.platform.engine.support.hierarchical.NodeTestTask.execute(NodeTestTask.java:95) ~[junit-platform-engine-1.10.2.jar:1.10.2]
	at org.junit.platform.engine.support.hierarchical.SameThreadHierarchicalTestExecutorService.submit(SameThreadHierarchicalTestExecutorService.java:35) ~[junit-platform-engine-1.10.2.jar:1.10.2]
	at org.junit.platform.engine.support.hierarchical.HierarchicalTestExecutor.execute(HierarchicalTestExecutor.java:57) ~[junit-platform-engine-1.10.2.jar:1.10.2]
	at org.junit.platform.engine.support.hierarchical.HierarchicalTestEngine.execute(HierarchicalTestEngine.java:54) ~[junit-platform-engine-1.10.2.jar:1.10.2]
	at org.junit.platform.launcher.core.EngineExecutionOrchestrator.execute(EngineExecutionOrchestrator.java:198) ~[junit-platform-launcher-1.10.2.jar:1.10.2]
	at org.junit.platform.launcher.core.EngineExecutionOrchestrator.execute(EngineExecutionOrchestrator.java:169) ~[junit-platform-launcher-1.10.2.jar:1.10.2]
	at org.junit.platform.launcher.core.EngineExecutionOrchestrator.execute(EngineExecutionOrchestrator.java:93) ~[junit-platform-launcher-1.10.2.jar:1.10.2]
	at org.junit.platform.launcher.core.EngineExecutionOrchestrator.lambda$execute$0(EngineExecutionOrchestrator.java:58) ~[junit-platform-launcher-1.10.2.jar:1.10.2]
	at org.junit.platform.launcher.core.EngineExecutionOrchestrator.withInterceptedStreams(EngineExecutionOrchestrator.java:141) ~[junit-platform-launcher-1.10.2.jar:1.10.2]
	at org.junit.platform.launcher.core.EngineExecutionOrchestrator.execute(EngineExecutionOrchestrator.java:57) ~[junit-platform-launcher-1.10.2.jar:1.10.2]
	at org.junit.platform.launcher.core.DefaultLauncher.execute(DefaultLauncher.java:103) ~[junit-platform-launcher-1.10.2.jar:1.10.2]
	at org.junit.platform.launcher.core.DefaultLauncher.execute(DefaultLauncher.java:85) ~[junit-platform-launcher-1.10.2.jar:1.10.2]
	at org.junit.platform.launcher.core.DelegatingLauncher.execute(DelegatingLauncher.java:47) ~[junit-platform-launcher-1.10.2.jar:1.10.2]
	at org.apache.maven.surefire.junitplatform.LazyLauncher.execute(LazyLauncher.java:56) ~[surefire-junit-platform-3.2.5.jar:3.2.5]
	at org.apache.maven.surefire.junitplatform.JUnitPlatformProvider.execute(JUnitPlatformProvider.java:184) ~[surefire-junit-platform-3.2.5.jar:3.2.5]
	at org.apache.maven.surefire.junitplatform.JUnitPlatformProvider.invokeAllTests(JUnitPlatformProvider.java:148) ~[surefire-junit-platform-3.2.5.jar:3.2.5]
	at org.apache.maven.surefire.junitplatform.JUnitPlatformProvider.invoke(JUnitPlatformProvider.java:122) ~[surefire-junit-platform-3.2.5.jar:3.2.5]
	at org.apache.maven.surefire.booter.ForkedBooter.runSuitesInProcess(ForkedBooter.java:385) ~[surefire-booter-3.2.5.jar:3.2.5]
	at org.apache.maven.surefire.booter.ForkedBooter.execute(ForkedBooter.java:162) ~[surefire-booter-3.2.5.jar:3.2.5]
	at org.apache.maven.surefire.booter.ForkedBooter.run(ForkedBooter.java:507) ~[surefire-booter-3.2.5.jar:3.2.5]
	at org.apache.maven.surefire.booter.ForkedBooter.main(ForkedBooter.java:495) ~[surefire-booter-3.2.5.jar:3.2.5]

2025-08-24T11:32:56.854+03:30 DEBUG 1188 --- [ChiDaram App] [           main] tor$SharedEntityManagerInvocationHandler : Creating new EntityManager for shared EntityManager invocation
2025-08-24T11:32:56.891+03:30 DEBUG 1188 --- [ChiDaram App] [           main] tor$SharedEntityManagerInvocationHandler : Creating new EntityManager for shared EntityManager invocation
2025-08-24T11:32:56.892+03:30 DEBUG 1188 --- [ChiDaram App] [           main] tor$SharedEntityManagerInvocationHandler : Creating new EntityManager for shared EntityManager invocation
2025-08-24T11:32:56.899+03:30 DEBUG 1188 --- [ChiDaram App] [           main] cResourceLocalTransactionCoordinatorImpl : JDBC transaction marked for rollback-only (exception provided for stack trace)

java.lang.Exception: exception just for purpose of providing stack trace
	at org.hibernate.resource.transaction.backend.jdbc.internal.JdbcResourceLocalTransactionCoordinatorImpl$TransactionDriverControlImpl.markRollbackOnly(JdbcResourceLocalTransactionCoordinatorImpl.java:309) ~[hibernate-core-6.5.2.Final.jar:6.5.2.Final]
	at org.hibernate.internal.AbstractSharedSessionContract.buildNamedQuery(AbstractSharedSessionContract.java:1109) ~[hibernate-core-6.5.2.Final.jar:6.5.2.Final]
	at org.hibernate.internal.AbstractSharedSessionContract.createNamedQuery(AbstractSharedSessionContract.java:987) ~[hibernate-core-6.5.2.Final.jar:6.5.2.Final]
	at org.hibernate.internal.AbstractSharedSessionContract.createNamedQuery(AbstractSharedSessionContract.java:140) ~[hibernate-core-6.5.2.Final.jar:6.5.2.Final]
	at java.base/jdk.internal.reflect.DirectMethodHandleAccessor.invoke(DirectMethodHandleAccessor.java:103) ~[na:na]
	at java.base/java.lang.reflect.Method.invoke(Method.java:580) ~[na:na]
	at org.springframework.orm.jpa.ExtendedEntityManagerCreator$ExtendedEntityManagerInvocationHandler.invoke(ExtendedEntityManagerCreator.java:364) ~[spring-orm-6.1.10.jar:6.1.10]
	at jdk.proxy2/jdk.proxy2.$Proxy160.createNamedQuery(Unknown Source) ~[na:na]
	at org.springframework.data.jpa.repository.query.NamedQuery.hasNamedQuery(NamedQuery.java:112) ~[spring-data-jpa-3.3.1.jar:3.3.1]
	at org.springframework.data.jpa.repository.query.NamedQuery.lookupFrom(NamedQuery.java:138) ~[spring-data-jpa-3.3.1.jar:3.3.1]
	at org.springframework.data.jpa.repository.query.JpaQueryLookupStrategy$DeclaredQueryLookupStrategy.resolveQuery(JpaQueryLookupStrategy.java:180) ~[spring-data-jpa-3.3.1.jar:3.3.1]
	at org.springframework.data.jpa.repository.query.JpaQueryLookupStrategy$CreateIfNotFoundQueryLookupStrategy.resolveQuery(JpaQueryLookupStrategy.java:252) ~[spring-data-jpa-3.3.1.jar:3.3.1]
	at org.springframework.data.jpa.repository.query.JpaQueryLookupStrategy$AbstractQueryLookupStrategy.resolveQuery(JpaQueryLookupStrategy.java:95) ~[spring-data-jpa-3.3.1.jar:3.3.1]
	at org.springframework.data.repository.core.support.QueryExecutorMethodInterceptor.lookupQuery(QueryExecutorMethodInterceptor.java:111) ~[spring-data-commons-3.3.1.jar:3.3.1]
	at org.springframework.data.repository.core.support.QueryExecutorMethodInterceptor.mapMethodsToQuery(QueryExecutorMethodInterceptor.java:99) ~[spring-data-commons-3.3.1.jar:3.3.1]
	at org.springframework.data.repository.core.support.QueryExecutorMethodInterceptor.lambda$new$0(QueryExecutorMethodInterceptor.java:88) ~[spring-data-commons-3.3.1.jar:3.3.1]
	at java.base/java.util.Optional.map(Optional.java:260) ~[na:na]
	at org.springframework.data.repository.core.support.QueryExecutorMethodInterceptor.<init>(QueryExecutorMethodInterceptor.java:88) ~[spring-data-commons-3.3.1.jar:3.3.1]
	at org.springframework.data.repository.core.support.RepositoryFactorySupport.getRepository(RepositoryFactorySupport.java:357) ~[spring-data-commons-3.3.1.jar:3.3.1]
	at org.springframework.data.repository.core.support.RepositoryFactoryBeanSupport.lambda$afterPropertiesSet$5(RepositoryFactoryBeanSupport.java:286) ~[spring-data-commons-3.3.1.jar:3.3.1]
	at org.springframework.data.util.Lazy.getNullable(Lazy.java:135) ~[spring-data-commons-3.3.1.jar:3.3.1]
	at org.springframework.data.util.Lazy.get(Lazy.java:113) ~[spring-data-commons-3.3.1.jar:3.3.1]
	at org.springframework.data.repository.core.support.RepositoryFactoryBeanSupport.afterPropertiesSet(RepositoryFactoryBeanSupport.java:292) ~[spring-data-commons-3.3.1.jar:3.3.1]
	at org.springframework.data.jpa.repository.support.JpaRepositoryFactoryBean.afterPropertiesSet(JpaRepositoryFactoryBean.java:132) ~[spring-data-jpa-3.3.1.jar:3.3.1]
	at org.springframework.beans.factory.support.AbstractAutowireCapableBeanFactory.invokeInitMethods(AbstractAutowireCapableBeanFactory.java:1835) ~[spring-beans-6.1.10.jar:6.1.10]
	at org.springframework.beans.factory.support.AbstractAutowireCapableBeanFactory.initializeBean(AbstractAutowireCapableBeanFactory.java:1784) ~[spring-beans-6.1.10.jar:6.1.10]
	at org.springframework.beans.factory.support.AbstractAutowireCapableBeanFactory.doCreateBean(AbstractAutowireCapableBeanFactory.java:600) ~[spring-beans-6.1.10.jar:6.1.10]
	at org.springframework.beans.factory.support.AbstractAutowireCapableBeanFactory.createBean(AbstractAutowireCapableBeanFactory.java:522) ~[spring-beans-6.1.10.jar:6.1.10]
	at org.springframework.beans.factory.support.AbstractBeanFactory.lambda$doGetBean$0(AbstractBeanFactory.java:337) ~[spring-beans-6.1.10.jar:6.1.10]
	at org.springframework.beans.factory.support.DefaultSingletonBeanRegistry.getSingleton(DefaultSingletonBeanRegistry.java:234) ~[spring-beans-6.1.10.jar:6.1.10]
	at org.springframework.beans.factory.support.AbstractBeanFactory.doGetBean(AbstractBeanFactory.java:335) ~[spring-beans-6.1.10.jar:6.1.10]
	at org.springframework.beans.factory.support.AbstractBeanFactory.getBean(AbstractBeanFactory.java:200) ~[spring-beans-6.1.10.jar:6.1.10]
	at org.springframework.beans.factory.config.DependencyDescriptor.resolveCandidate(DependencyDescriptor.java:254) ~[spring-beans-6.1.10.jar:6.1.10]
	at org.springframework.beans.factory.support.DefaultListableBeanFactory.doResolveDependency(DefaultListableBeanFactory.java:1443) ~[spring-beans-6.1.10.jar:6.1.10]
	at org.springframework.beans.factory.support.DefaultListableBeanFactory.resolveDependency(DefaultListableBeanFactory.java:1353) ~[spring-beans-6.1.10.jar:6.1.10]
	at org.springframework.beans.factory.support.ConstructorResolver.resolveAutowiredArgument(ConstructorResolver.java:904) ~[spring-beans-6.1.10.jar:6.1.10]
	at org.springframework.beans.factory.support.ConstructorResolver.createArgumentArray(ConstructorResolver.java:782) ~[spring-beans-6.1.10.jar:6.1.10]
	at org.springframework.beans.factory.support.ConstructorResolver.autowireConstructor(ConstructorResolver.java:237) ~[spring-beans-6.1.10.jar:6.1.10]
	at org.springframework.beans.factory.support.AbstractAutowireCapableBeanFactory.autowireConstructor(AbstractAutowireCapableBeanFactory.java:1357) ~[spring-beans-6.1.10.jar:6.1.10]
	at org.springframework.beans.factory.support.AbstractAutowireCapableBeanFactory.createBeanInstance(AbstractAutowireCapableBeanFactory.java:1194) ~[spring-beans-6.1.10.jar:6.1.10]
	at org.springframework.beans.factory.support.AbstractAutowireCapableBeanFactory.doCreateBean(AbstractAutowireCapableBeanFactory.java:562) ~[spring-beans-6.1.10.jar:6.1.10]
	at org.springframework.beans.factory.support.AbstractAutowireCapableBeanFactory.createBean(AbstractAutowireCapableBeanFactory.java:522) ~[spring-beans-6.1.10.jar:6.1.10]
	at org.springframework.beans.factory.support.AbstractBeanFactory.lambda$doGetBean$0(AbstractBeanFactory.java:337) ~[spring-beans-6.1.10.jar:6.1.10]
	at org.springframework.beans.factory.support.DefaultSingletonBeanRegistry.getSingleton(DefaultSingletonBeanRegistry.java:234) ~[spring-beans-6.1.10.jar:6.1.10]
	at org.springframework.beans.factory.support.AbstractBeanFactory.doGetBean(AbstractBeanFactory.java:335) ~[spring-beans-6.1.10.jar:6.1.10]
	at org.springframework.beans.factory.support.AbstractBeanFactory.getBean(AbstractBeanFactory.java:200) ~[spring-beans-6.1.10.jar:6.1.10]
	at org.springframework.beans.factory.config.DependencyDescriptor.resolveCandidate(DependencyDescriptor.java:254) ~[spring-beans-6.1.10.jar:6.1.10]
	at org.springframework.beans.factory.support.DefaultListableBeanFactory.doResolveDependency(DefaultListableBeanFactory.java:1443) ~[spring-beans-6.1.10.jar:6.1.10]
	at org.springframework.beans.factory.support.DefaultListableBeanFactory.resolveDependency(DefaultListableBeanFactory.java:1353) ~[spring-beans-6.1.10.jar:6.1.10]
	at org.springframework.beans.factory.support.ConstructorResolver.resolveAutowiredArgument(ConstructorResolver.java:904) ~[spring-beans-6.1.10.jar:6.1.10]
	at org.springframework.beans.factory.support.ConstructorResolver.createArgumentArray(ConstructorResolver.java:782) ~[spring-beans-6.1.10.jar:6.1.10]
	at org.springframework.beans.factory.support.ConstructorResolver.autowireConstructor(ConstructorResolver.java:237) ~[spring-beans-6.1.10.jar:6.1.10]
	at org.springframework.beans.factory.support.AbstractAutowireCapableBeanFactory.autowireConstructor(AbstractAutowireCapableBeanFactory.java:1357) ~[spring-beans-6.1.10.jar:6.1.10]
	at org.springframework.beans.factory.support.AbstractAutowireCapableBeanFactory.createBeanInstance(AbstractAutowireCapableBeanFactory.java:1194) ~[spring-beans-6.1.10.jar:6.1.10]
	at org.springframework.beans.factory.support.AbstractAutowireCapableBeanFactory.doCreateBean(AbstractAutowireCapableBeanFactory.java:562) ~[spring-beans-6.1.10.jar:6.1.10]
	at org.springframework.beans.factory.support.AbstractAutowireCapableBeanFactory.createBean(AbstractAutowireCapableBeanFactory.java:522) ~[spring-beans-6.1.10.jar:6.1.10]
	at org.springframework.beans.factory.support.AbstractBeanFactory.lambda$doGetBean$0(AbstractBeanFactory.java:337) ~[spring-beans-6.1.10.jar:6.1.10]
	at org.springframework.beans.factory.support.DefaultSingletonBeanRegistry.getSingleton(DefaultSingletonBeanRegistry.java:234) ~[spring-beans-6.1.10.jar:6.1.10]
	at org.springframework.beans.factory.support.AbstractBeanFactory.doGetBean(AbstractBeanFactory.java:335) ~[spring-beans-6.1.10.jar:6.1.10]
	at org.springframework.beans.factory.support.AbstractBeanFactory.getBean(AbstractBeanFactory.java:200) ~[spring-beans-6.1.10.jar:6.1.10]
	at org.springframework.beans.factory.support.DefaultListableBeanFactory.preInstantiateSingletons(DefaultListableBeanFactory.java:975) ~[spring-beans-6.1.10.jar:6.1.10]
	at org.springframework.context.support.AbstractApplicationContext.finishBeanFactoryInitialization(AbstractApplicationContext.java:962) ~[spring-context-6.1.10.jar:6.1.10]
	at org.springframework.context.support.AbstractApplicationContext.refresh(AbstractApplicationContext.java:624) ~[spring-context-6.1.10.jar:6.1.10]
	at org.springframework.boot.SpringApplication.refresh(SpringApplication.java:754) ~[spring-boot-3.3.1.jar:3.3.1]
	at org.springframework.boot.SpringApplication.refreshContext(SpringApplication.java:456) ~[spring-boot-3.3.1.jar:3.3.1]
	at org.springframework.boot.SpringApplication.run(SpringApplication.java:335) ~[spring-boot-3.3.1.jar:3.3.1]
	at org.springframework.boot.test.context.SpringBootContextLoader.lambda$loadContext$3(SpringBootContextLoader.java:137) ~[spring-boot-test-3.3.1.jar:3.3.1]
	at org.springframework.util.function.ThrowingSupplier.get(ThrowingSupplier.java:58) ~[spring-core-6.1.10.jar:6.1.10]
	at org.springframework.util.function.ThrowingSupplier.get(ThrowingSupplier.java:46) ~[spring-core-6.1.10.jar:6.1.10]
	at org.springframework.boot.SpringApplication.withHook(SpringApplication.java:1463) ~[spring-boot-3.3.1.jar:3.3.1]
	at org.springframework.boot.test.context.SpringBootContextLoader$ContextLoaderHook.run(SpringBootContextLoader.java:553) ~[spring-boot-test-3.3.1.jar:3.3.1]
	at org.springframework.boot.test.context.SpringBootContextLoader.loadContext(SpringBootContextLoader.java:137) ~[spring-boot-test-3.3.1.jar:3.3.1]
	at org.springframework.boot.test.context.SpringBootContextLoader.loadContext(SpringBootContextLoader.java:108) ~[spring-boot-test-3.3.1.jar:3.3.1]
	at org.springframework.test.context.cache.DefaultCacheAwareContextLoaderDelegate.loadContextInternal(DefaultCacheAwareContextLoaderDelegate.java:225) ~[spring-test-6.1.10.jar:6.1.10]
	at org.springframework.test.context.cache.DefaultCacheAwareContextLoaderDelegate.loadContext(DefaultCacheAwareContextLoaderDelegate.java:152) ~[spring-test-6.1.10.jar:6.1.10]
	at org.springframework.test.context.support.DefaultTestContext.getApplicationContext(DefaultTestContext.java:130) ~[spring-test-6.1.10.jar:6.1.10]
	at org.springframework.test.context.web.ServletTestExecutionListener.setUpRequestContextIfNecessary(ServletTestExecutionListener.java:191) ~[spring-test-6.1.10.jar:6.1.10]
	at org.springframework.test.context.web.ServletTestExecutionListener.prepareTestInstance(ServletTestExecutionListener.java:130) ~[spring-test-6.1.10.jar:6.1.10]
	at org.springframework.test.context.TestContextManager.prepareTestInstance(TestContextManager.java:260) ~[spring-test-6.1.10.jar:6.1.10]
	at org.springframework.test.context.junit.jupiter.SpringExtension.postProcessTestInstance(SpringExtension.java:163) ~[spring-test-6.1.10.jar:6.1.10]
	at org.junit.jupiter.engine.descriptor.ClassBasedTestDescriptor.lambda$invokeTestInstancePostProcessors$10(ClassBasedTestDescriptor.java:378) ~[junit-jupiter-engine-5.10.2.jar:5.10.2]
	at org.junit.jupiter.engine.descriptor.ClassBasedTestDescriptor.executeAndMaskThrowable(ClassBasedTestDescriptor.java:383) ~[junit-jupiter-engine-5.10.2.jar:5.10.2]
	at org.junit.jupiter.engine.descriptor.ClassBasedTestDescriptor.lambda$invokeTestInstancePostProcessors$11(ClassBasedTestDescriptor.java:378) ~[junit-jupiter-engine-5.10.2.jar:5.10.2]
	at java.base/java.util.stream.ReferencePipeline$3$1.accept(ReferencePipeline.java:215) ~[na:na]
	at java.base/java.util.stream.ReferencePipeline$2$1.accept(ReferencePipeline.java:197) ~[na:na]
	at java.base/java.util.ArrayList$ArrayListSpliterator.forEachRemaining(ArrayList.java:1709) ~[na:na]
	at java.base/java.util.stream.AbstractPipeline.copyInto(AbstractPipeline.java:570) ~[na:na]
	at java.base/java.util.stream.AbstractPipeline.wrapAndCopyInto(AbstractPipeline.java:560) ~[na:na]
	at java.base/java.util.stream.StreamSpliterators$WrappingSpliterator.forEachRemaining(StreamSpliterators.java:315) ~[na:na]
	at java.base/java.util.stream.Streams$ConcatSpliterator.forEachRemaining(Streams.java:735) ~[na:na]
	at java.base/java.util.stream.Streams$ConcatSpliterator.forEachRemaining(Streams.java:734) ~[na:na]
	at java.base/java.util.stream.ReferencePipeline$Head.forEach(ReferencePipeline.java:807) ~[na:na]
	at org.junit.jupiter.engine.descriptor.ClassBasedTestDescriptor.invokeTestInstancePostProcessors(ClassBasedTestDescriptor.java:377) ~[junit-jupiter-engine-5.10.2.jar:5.10.2]
	at org.junit.jupiter.engine.descriptor.ClassBasedTestDescriptor.lambda$instantiateAndPostProcessTestInstance$6(ClassBasedTestDescriptor.java:290) ~[junit-jupiter-engine-5.10.2.jar:5.10.2]
	at org.junit.platform.engine.support.hierarchical.ThrowableCollector.execute(ThrowableCollector.java:73) ~[junit-platform-engine-1.10.2.jar:1.10.2]
	at org.junit.jupiter.engine.descriptor.ClassBasedTestDescriptor.instantiateAndPostProcessTestInstance(ClassBasedTestDescriptor.java:289) ~[junit-jupiter-engine-5.10.2.jar:5.10.2]
	at org.junit.jupiter.engine.descriptor.ClassBasedTestDescriptor.lambda$testInstancesProvider$4(ClassBasedTestDescriptor.java:279) ~[junit-jupiter-engine-5.10.2.jar:5.10.2]
	at java.base/java.util.Optional.orElseGet(Optional.java:364) ~[na:na]
	at org.junit.jupiter.engine.descriptor.ClassBasedTestDescriptor.lambda$testInstancesProvider$5(ClassBasedTestDescriptor.java:278) ~[junit-jupiter-engine-5.10.2.jar:5.10.2]
	at org.junit.jupiter.engine.execution.TestInstancesProvider.getTestInstances(TestInstancesProvider.java:31) ~[junit-jupiter-engine-5.10.2.jar:5.10.2]
	at org.junit.jupiter.engine.descriptor.TestMethodTestDescriptor.lambda$prepare$0(TestMethodTestDescriptor.java:106) ~[junit-jupiter-engine-5.10.2.jar:5.10.2]
	at org.junit.platform.engine.support.hierarchical.ThrowableCollector.execute(ThrowableCollector.java:73) ~[junit-platform-engine-1.10.2.jar:1.10.2]
	at org.junit.jupiter.engine.descriptor.TestMethodTestDescriptor.prepare(TestMethodTestDescriptor.java:105) ~[junit-jupiter-engine-5.10.2.jar:5.10.2]
	at org.junit.jupiter.engine.descriptor.TestMethodTestDescriptor.prepare(TestMethodTestDescriptor.java:69) ~[junit-jupiter-engine-5.10.2.jar:5.10.2]
	at org.junit.platform.engine.support.hierarchical.NodeTestTask.lambda$prepare$2(NodeTestTask.java:123) ~[junit-platform-engine-1.10.2.jar:1.10.2]
	at org.junit.platform.engine.support.hierarchical.ThrowableCollector.execute(ThrowableCollector.java:73) ~[junit-platform-engine-1.10.2.jar:1.10.2]
	at org.junit.platform.engine.support.hierarchical.NodeTestTask.prepare(NodeTestTask.java:123) ~[junit-platform-engine-1.10.2.jar:1.10.2]
	at org.junit.platform.engine.support.hierarchical.NodeTestTask.execute(NodeTestTask.java:90) ~[junit-platform-engine-1.10.2.jar:1.10.2]
	at java.base/java.util.ArrayList.forEach(ArrayList.java:1597) ~[na:na]
	at org.junit.platform.engine.support.hierarchical.SameThreadHierarchicalTestExecutorService.invokeAll(SameThreadHierarchicalTestExecutorService.java:41) ~[junit-platform-engine-1.10.2.jar:1.10.2]
	at org.junit.platform.engine.support.hierarchical.NodeTestTask.lambda$executeRecursively$6(NodeTestTask.java:155) ~[junit-platform-engine-1.10.2.jar:1.10.2]
	at org.junit.platform.engine.support.hierarchical.ThrowableCollector.execute(ThrowableCollector.java:73) ~[junit-platform-engine-1.10.2.jar:1.10.2]
	at org.junit.platform.engine.support.hierarchical.NodeTestTask.lambda$executeRecursively$8(NodeTestTask.java:141) ~[junit-platform-engine-1.10.2.jar:1.10.2]
	at org.junit.platform.engine.support.hierarchical.Node.around(Node.java:137) ~[junit-platform-engine-1.10.2.jar:1.10.2]
	at org.junit.platform.engine.support.hierarchical.NodeTestTask.lambda$executeRecursively$9(NodeTestTask.java:139) ~[junit-platform-engine-1.10.2.jar:1.10.2]
	at org.junit.platform.engine.support.hierarchical.ThrowableCollector.execute(ThrowableCollector.java:73) ~[junit-platform-engine-1.10.2.jar:1.10.2]
	at org.junit.platform.engine.support.hierarchical.NodeTestTask.executeRecursively(NodeTestTask.java:138) ~[junit-platform-engine-1.10.2.jar:1.10.2]
	at org.junit.platform.engine.support.hierarchical.NodeTestTask.execute(NodeTestTask.java:95) ~[junit-platform-engine-1.10.2.jar:1.10.2]
	at java.base/java.util.ArrayList.forEach(ArrayList.java:1597) ~[na:na]
	at org.junit.platform.engine.support.hierarchical.SameThreadHierarchicalTestExecutorService.invokeAll(SameThreadHierarchicalTestExecutorService.java:41) ~[junit-platform-engine-1.10.2.jar:1.10.2]
	at org.junit.platform.engine.support.hierarchical.NodeTestTask.lambda$executeRecursively$6(NodeTestTask.java:155) ~[junit-platform-engine-1.10.2.jar:1.10.2]
	at org.junit.platform.engine.support.hierarchical.ThrowableCollector.execute(ThrowableCollector.java:73) ~[junit-platform-engine-1.10.2.jar:1.10.2]
	at org.junit.platform.engine.support.hierarchical.NodeTestTask.lambda$executeRecursively$8(NodeTestTask.java:141) ~[junit-platform-engine-1.10.2.jar:1.10.2]
	at org.junit.platform.engine.support.hierarchical.Node.around(Node.java:137) ~[junit-platform-engine-1.10.2.jar:1.10.2]
	at org.junit.platform.engine.support.hierarchical.NodeTestTask.lambda$executeRecursively$9(NodeTestTask.java:139) ~[junit-platform-engine-1.10.2.jar:1.10.2]
	at org.junit.platform.engine.support.hierarchical.ThrowableCollector.execute(ThrowableCollector.java:73) ~[junit-platform-engine-1.10.2.jar:1.10.2]
	at org.junit.platform.engine.support.hierarchical.NodeTestTask.executeRecursively(NodeTestTask.java:138) ~[junit-platform-engine-1.10.2.jar:1.10.2]
	at org.junit.platform.engine.support.hierarchical.NodeTestTask.execute(NodeTestTask.java:95) ~[junit-platform-engine-1.10.2.jar:1.10.2]
	at org.junit.platform.engine.support.hierarchical.SameThreadHierarchicalTestExecutorService.submit(SameThreadHierarchicalTestExecutorService.java:35) ~[junit-platform-engine-1.10.2.jar:1.10.2]
	at org.junit.platform.engine.support.hierarchical.HierarchicalTestExecutor.execute(HierarchicalTestExecutor.java:57) ~[junit-platform-engine-1.10.2.jar:1.10.2]
	at org.junit.platform.engine.support.hierarchical.HierarchicalTestEngine.execute(HierarchicalTestEngine.java:54) ~[junit-platform-engine-1.10.2.jar:1.10.2]
	at org.junit.platform.launcher.core.EngineExecutionOrchestrator.execute(EngineExecutionOrchestrator.java:198) ~[junit-platform-launcher-1.10.2.jar:1.10.2]
	at org.junit.platform.launcher.core.EngineExecutionOrchestrator.execute(EngineExecutionOrchestrator.java:169) ~[junit-platform-launcher-1.10.2.jar:1.10.2]
	at org.junit.platform.launcher.core.EngineExecutionOrchestrator.execute(EngineExecutionOrchestrator.java:93) ~[junit-platform-launcher-1.10.2.jar:1.10.2]
	at org.junit.platform.launcher.core.EngineExecutionOrchestrator.lambda$execute$0(EngineExecutionOrchestrator.java:58) ~[junit-platform-launcher-1.10.2.jar:1.10.2]
	at org.junit.platform.launcher.core.EngineExecutionOrchestrator.withInterceptedStreams(EngineExecutionOrchestrator.java:141) ~[junit-platform-launcher-1.10.2.jar:1.10.2]
	at org.junit.platform.launcher.core.EngineExecutionOrchestrator.execute(EngineExecutionOrchestrator.java:57) ~[junit-platform-launcher-1.10.2.jar:1.10.2]
	at org.junit.platform.launcher.core.DefaultLauncher.execute(DefaultLauncher.java:103) ~[junit-platform-launcher-1.10.2.jar:1.10.2]
	at org.junit.platform.launcher.core.DefaultLauncher.execute(DefaultLauncher.java:85) ~[junit-platform-launcher-1.10.2.jar:1.10.2]
	at org.junit.platform.launcher.core.DelegatingLauncher.execute(DelegatingLauncher.java:47) ~[junit-platform-launcher-1.10.2.jar:1.10.2]
	at org.apache.maven.surefire.junitplatform.LazyLauncher.execute(LazyLauncher.java:56) ~[surefire-junit-platform-3.2.5.jar:3.2.5]
	at org.apache.maven.surefire.junitplatform.JUnitPlatformProvider.execute(JUnitPlatformProvider.java:184) ~[surefire-junit-platform-3.2.5.jar:3.2.5]
	at org.apache.maven.surefire.junitplatform.JUnitPlatformProvider.invokeAllTests(JUnitPlatformProvider.java:148) ~[surefire-junit-platform-3.2.5.jar:3.2.5]
	at org.apache.maven.surefire.junitplatform.JUnitPlatformProvider.invoke(JUnitPlatformProvider.java:122) ~[surefire-junit-platform-3.2.5.jar:3.2.5]
	at org.apache.maven.surefire.booter.ForkedBooter.runSuitesInProcess(ForkedBooter.java:385) ~[surefire-booter-3.2.5.jar:3.2.5]
	at org.apache.maven.surefire.booter.ForkedBooter.execute(ForkedBooter.java:162) ~[surefire-booter-3.2.5.jar:3.2.5]
	at org.apache.maven.surefire.booter.ForkedBooter.run(ForkedBooter.java:507) ~[surefire-booter-3.2.5.jar:3.2.5]
	at org.apache.maven.surefire.booter.ForkedBooter.main(ForkedBooter.java:495) ~[surefire-booter-3.2.5.jar:3.2.5]

2025-08-24T11:32:56.910+03:30 DEBUG 1188 --- [ChiDaram App] [           main] tor$SharedEntityManagerInvocationHandler : Creating new EntityManager for shared EntityManager invocation
2025-08-24T11:32:56.960+03:30 DEBUG 1188 --- [ChiDaram App] [           main] tor$SharedEntityManagerInvocationHandler : Creating new EntityManager for shared EntityManager invocation
2025-08-24T11:32:56.994+03:30 DEBUG 1188 --- [ChiDaram App] [           main] tor$SharedEntityManagerInvocationHandler : Creating new EntityManager for shared EntityManager invocation
2025-08-24T11:32:57.043+03:30 DEBUG 1188 --- [ChiDaram App] [           main] tor$SharedEntityManagerInvocationHandler : Creating new EntityManager for shared EntityManager invocation
2025-08-24T11:32:57.045+03:30 DEBUG 1188 --- [ChiDaram App] [           main] tor$SharedEntityManagerInvocationHandler : Creating new EntityManager for shared EntityManager invocation
2025-08-24T11:32:57.050+03:30 DEBUG 1188 --- [ChiDaram App] [           main] cResourceLocalTransactionCoordinatorImpl : JDBC transaction marked for rollback-only (exception provided for stack trace)

java.lang.Exception: exception just for purpose of providing stack trace
	at org.hibernate.resource.transaction.backend.jdbc.internal.JdbcResourceLocalTransactionCoordinatorImpl$TransactionDriverControlImpl.markRollbackOnly(JdbcResourceLocalTransactionCoordinatorImpl.java:309) ~[hibernate-core-6.5.2.Final.jar:6.5.2.Final]
	at org.hibernate.internal.AbstractSharedSessionContract.buildNamedQuery(AbstractSharedSessionContract.java:1109) ~[hibernate-core-6.5.2.Final.jar:6.5.2.Final]
	at org.hibernate.internal.AbstractSharedSessionContract.createNamedQuery(AbstractSharedSessionContract.java:987) ~[hibernate-core-6.5.2.Final.jar:6.5.2.Final]
	at org.hibernate.internal.AbstractSharedSessionContract.createNamedQuery(AbstractSharedSessionContract.java:140) ~[hibernate-core-6.5.2.Final.jar:6.5.2.Final]
	at java.base/jdk.internal.reflect.DirectMethodHandleAccessor.invoke(DirectMethodHandleAccessor.java:103) ~[na:na]
	at java.base/java.lang.reflect.Method.invoke(Method.java:580) ~[na:na]
	at org.springframework.orm.jpa.ExtendedEntityManagerCreator$ExtendedEntityManagerInvocationHandler.invoke(ExtendedEntityManagerCreator.java:364) ~[spring-orm-6.1.10.jar:6.1.10]
	at jdk.proxy2/jdk.proxy2.$Proxy160.createNamedQuery(Unknown Source) ~[na:na]
	at org.springframework.data.jpa.repository.query.NamedQuery.hasNamedQuery(NamedQuery.java:112) ~[spring-data-jpa-3.3.1.jar:3.3.1]
	at org.springframework.data.jpa.repository.query.NamedQuery.lookupFrom(NamedQuery.java:138) ~[spring-data-jpa-3.3.1.jar:3.3.1]
	at org.springframework.data.jpa.repository.query.JpaQueryLookupStrategy$DeclaredQueryLookupStrategy.resolveQuery(JpaQueryLookupStrategy.java:180) ~[spring-data-jpa-3.3.1.jar:3.3.1]
	at org.springframework.data.jpa.repository.query.JpaQueryLookupStrategy$CreateIfNotFoundQueryLookupStrategy.resolveQuery(JpaQueryLookupStrategy.java:252) ~[spring-data-jpa-3.3.1.jar:3.3.1]
	at org.springframework.data.jpa.repository.query.JpaQueryLookupStrategy$AbstractQueryLookupStrategy.resolveQuery(JpaQueryLookupStrategy.java:95) ~[spring-data-jpa-3.3.1.jar:3.3.1]
	at org.springframework.data.repository.core.support.QueryExecutorMethodInterceptor.lookupQuery(QueryExecutorMethodInterceptor.java:111) ~[spring-data-commons-3.3.1.jar:3.3.1]
	at org.springframework.data.repository.core.support.QueryExecutorMethodInterceptor.mapMethodsToQuery(QueryExecutorMethodInterceptor.java:99) ~[spring-data-commons-3.3.1.jar:3.3.1]
	at org.springframework.data.repository.core.support.QueryExecutorMethodInterceptor.lambda$new$0(QueryExecutorMethodInterceptor.java:88) ~[spring-data-commons-3.3.1.jar:3.3.1]
	at java.base/java.util.Optional.map(Optional.java:260) ~[na:na]
	at org.springframework.data.repository.core.support.QueryExecutorMethodInterceptor.<init>(QueryExecutorMethodInterceptor.java:88) ~[spring-data-commons-3.3.1.jar:3.3.1]
	at org.springframework.data.repository.core.support.RepositoryFactorySupport.getRepository(RepositoryFactorySupport.java:357) ~[spring-data-commons-3.3.1.jar:3.3.1]
	at org.springframework.data.repository.core.support.RepositoryFactoryBeanSupport.lambda$afterPropertiesSet$5(RepositoryFactoryBeanSupport.java:286) ~[spring-data-commons-3.3.1.jar:3.3.1]
	at org.springframework.data.util.Lazy.getNullable(Lazy.java:135) ~[spring-data-commons-3.3.1.jar:3.3.1]
	at org.springframework.data.util.Lazy.get(Lazy.java:113) ~[spring-data-commons-3.3.1.jar:3.3.1]
	at org.springframework.data.repository.core.support.RepositoryFactoryBeanSupport.afterPropertiesSet(RepositoryFactoryBeanSupport.java:292) ~[spring-data-commons-3.3.1.jar:3.3.1]
	at org.springframework.data.jpa.repository.support.JpaRepositoryFactoryBean.afterPropertiesSet(JpaRepositoryFactoryBean.java:132) ~[spring-data-jpa-3.3.1.jar:3.3.1]
	at org.springframework.beans.factory.support.AbstractAutowireCapableBeanFactory.invokeInitMethods(AbstractAutowireCapableBeanFactory.java:1835) ~[spring-beans-6.1.10.jar:6.1.10]
	at org.springframework.beans.factory.support.AbstractAutowireCapableBeanFactory.initializeBean(AbstractAutowireCapableBeanFactory.java:1784) ~[spring-beans-6.1.10.jar:6.1.10]
	at org.springframework.beans.factory.support.AbstractAutowireCapableBeanFactory.doCreateBean(AbstractAutowireCapableBeanFactory.java:600) ~[spring-beans-6.1.10.jar:6.1.10]
	at org.springframework.beans.factory.support.AbstractAutowireCapableBeanFactory.createBean(AbstractAutowireCapableBeanFactory.java:522) ~[spring-beans-6.1.10.jar:6.1.10]
	at org.springframework.beans.factory.support.AbstractBeanFactory.lambda$doGetBean$0(AbstractBeanFactory.java:337) ~[spring-beans-6.1.10.jar:6.1.10]
	at org.springframework.beans.factory.support.DefaultSingletonBeanRegistry.getSingleton(DefaultSingletonBeanRegistry.java:234) ~[spring-beans-6.1.10.jar:6.1.10]
	at org.springframework.beans.factory.support.AbstractBeanFactory.doGetBean(AbstractBeanFactory.java:335) ~[spring-beans-6.1.10.jar:6.1.10]
	at org.springframework.beans.factory.support.AbstractBeanFactory.getBean(AbstractBeanFactory.java:200) ~[spring-beans-6.1.10.jar:6.1.10]
	at org.springframework.beans.factory.config.DependencyDescriptor.resolveCandidate(DependencyDescriptor.java:254) ~[spring-beans-6.1.10.jar:6.1.10]
	at org.springframework.beans.factory.support.DefaultListableBeanFactory.doResolveDependency(DefaultListableBeanFactory.java:1443) ~[spring-beans-6.1.10.jar:6.1.10]
	at org.springframework.beans.factory.support.DefaultListableBeanFactory.resolveDependency(DefaultListableBeanFactory.java:1353) ~[spring-beans-6.1.10.jar:6.1.10]
	at org.springframework.beans.factory.support.ConstructorResolver.resolveAutowiredArgument(ConstructorResolver.java:904) ~[spring-beans-6.1.10.jar:6.1.10]
	at org.springframework.beans.factory.support.ConstructorResolver.createArgumentArray(ConstructorResolver.java:782) ~[spring-beans-6.1.10.jar:6.1.10]
	at org.springframework.beans.factory.support.ConstructorResolver.autowireConstructor(ConstructorResolver.java:237) ~[spring-beans-6.1.10.jar:6.1.10]
	at org.springframework.beans.factory.support.AbstractAutowireCapableBeanFactory.autowireConstructor(AbstractAutowireCapableBeanFactory.java:1357) ~[spring-beans-6.1.10.jar:6.1.10]
	at org.springframework.beans.factory.support.AbstractAutowireCapableBeanFactory.createBeanInstance(AbstractAutowireCapableBeanFactory.java:1194) ~[spring-beans-6.1.10.jar:6.1.10]
	at org.springframework.beans.factory.support.AbstractAutowireCapableBeanFactory.doCreateBean(AbstractAutowireCapableBeanFactory.java:562) ~[spring-beans-6.1.10.jar:6.1.10]
	at org.springframework.beans.factory.support.AbstractAutowireCapableBeanFactory.createBean(AbstractAutowireCapableBeanFactory.java:522) ~[spring-beans-6.1.10.jar:6.1.10]
	at org.springframework.beans.factory.support.AbstractBeanFactory.lambda$doGetBean$0(AbstractBeanFactory.java:337) ~[spring-beans-6.1.10.jar:6.1.10]
	at org.springframework.beans.factory.support.DefaultSingletonBeanRegistry.getSingleton(DefaultSingletonBeanRegistry.java:234) ~[spring-beans-6.1.10.jar:6.1.10]
	at org.springframework.beans.factory.support.AbstractBeanFactory.doGetBean(AbstractBeanFactory.java:335) ~[spring-beans-6.1.10.jar:6.1.10]
	at org.springframework.beans.factory.support.AbstractBeanFactory.getBean(AbstractBeanFactory.java:200) ~[spring-beans-6.1.10.jar:6.1.10]
	at org.springframework.beans.factory.config.DependencyDescriptor.resolveCandidate(DependencyDescriptor.java:254) ~[spring-beans-6.1.10.jar:6.1.10]
	at org.springframework.beans.factory.support.DefaultListableBeanFactory.doResolveDependency(DefaultListableBeanFactory.java:1443) ~[spring-beans-6.1.10.jar:6.1.10]
	at org.springframework.beans.factory.support.DefaultListableBeanFactory.resolveDependency(DefaultListableBeanFactory.java:1353) ~[spring-beans-6.1.10.jar:6.1.10]
	at org.springframework.beans.factory.support.ConstructorResolver.resolveAutowiredArgument(ConstructorResolver.java:904) ~[spring-beans-6.1.10.jar:6.1.10]
	at org.springframework.beans.factory.support.ConstructorResolver.createArgumentArray(ConstructorResolver.java:782) ~[spring-beans-6.1.10.jar:6.1.10]
	at org.springframework.beans.factory.support.ConstructorResolver.autowireConstructor(ConstructorResolver.java:237) ~[spring-beans-6.1.10.jar:6.1.10]
	at org.springframework.beans.factory.support.AbstractAutowireCapableBeanFactory.autowireConstructor(AbstractAutowireCapableBeanFactory.java:1357) ~[spring-beans-6.1.10.jar:6.1.10]
	at org.springframework.beans.factory.support.AbstractAutowireCapableBeanFactory.createBeanInstance(AbstractAutowireCapableBeanFactory.java:1194) ~[spring-beans-6.1.10.jar:6.1.10]
	at org.springframework.beans.factory.support.AbstractAutowireCapableBeanFactory.doCreateBean(AbstractAutowireCapableBeanFactory.java:562) ~[spring-beans-6.1.10.jar:6.1.10]
	at org.springframework.beans.factory.support.AbstractAutowireCapableBeanFactory.createBean(AbstractAutowireCapableBeanFactory.java:522) ~[spring-beans-6.1.10.jar:6.1.10]
	at org.springframework.beans.factory.support.AbstractBeanFactory.lambda$doGetBean$0(AbstractBeanFactory.java:337) ~[spring-beans-6.1.10.jar:6.1.10]
	at org.springframework.beans.factory.support.DefaultSingletonBeanRegistry.getSingleton(DefaultSingletonBeanRegistry.java:234) ~[spring-beans-6.1.10.jar:6.1.10]
	at org.springframework.beans.factory.support.AbstractBeanFactory.doGetBean(AbstractBeanFactory.java:335) ~[spring-beans-6.1.10.jar:6.1.10]
	at org.springframework.beans.factory.support.AbstractBeanFactory.getBean(AbstractBeanFactory.java:200) ~[spring-beans-6.1.10.jar:6.1.10]
	at org.springframework.beans.factory.support.DefaultListableBeanFactory.preInstantiateSingletons(DefaultListableBeanFactory.java:975) ~[spring-beans-6.1.10.jar:6.1.10]
	at org.springframework.context.support.AbstractApplicationContext.finishBeanFactoryInitialization(AbstractApplicationContext.java:962) ~[spring-context-6.1.10.jar:6.1.10]
	at org.springframework.context.support.AbstractApplicationContext.refresh(AbstractApplicationContext.java:624) ~[spring-context-6.1.10.jar:6.1.10]
	at org.springframework.boot.SpringApplication.refresh(SpringApplication.java:754) ~[spring-boot-3.3.1.jar:3.3.1]
	at org.springframework.boot.SpringApplication.refreshContext(SpringApplication.java:456) ~[spring-boot-3.3.1.jar:3.3.1]
	at org.springframework.boot.SpringApplication.run(SpringApplication.java:335) ~[spring-boot-3.3.1.jar:3.3.1]
	at org.springframework.boot.test.context.SpringBootContextLoader.lambda$loadContext$3(SpringBootContextLoader.java:137) ~[spring-boot-test-3.3.1.jar:3.3.1]
	at org.springframework.util.function.ThrowingSupplier.get(ThrowingSupplier.java:58) ~[spring-core-6.1.10.jar:6.1.10]
	at org.springframework.util.function.ThrowingSupplier.get(ThrowingSupplier.java:46) ~[spring-core-6.1.10.jar:6.1.10]
	at org.springframework.boot.SpringApplication.withHook(SpringApplication.java:1463) ~[spring-boot-3.3.1.jar:3.3.1]
	at org.springframework.boot.test.context.SpringBootContextLoader$ContextLoaderHook.run(SpringBootContextLoader.java:553) ~[spring-boot-test-3.3.1.jar:3.3.1]
	at org.springframework.boot.test.context.SpringBootContextLoader.loadContext(SpringBootContextLoader.java:137) ~[spring-boot-test-3.3.1.jar:3.3.1]
	at org.springframework.boot.test.context.SpringBootContextLoader.loadContext(SpringBootContextLoader.java:108) ~[spring-boot-test-3.3.1.jar:3.3.1]
	at org.springframework.test.context.cache.DefaultCacheAwareContextLoaderDelegate.loadContextInternal(DefaultCacheAwareContextLoaderDelegate.java:225) ~[spring-test-6.1.10.jar:6.1.10]
	at org.springframework.test.context.cache.DefaultCacheAwareContextLoaderDelegate.loadContext(DefaultCacheAwareContextLoaderDelegate.java:152) ~[spring-test-6.1.10.jar:6.1.10]
	at org.springframework.test.context.support.DefaultTestContext.getApplicationContext(DefaultTestContext.java:130) ~[spring-test-6.1.10.jar:6.1.10]
	at org.springframework.test.context.web.ServletTestExecutionListener.setUpRequestContextIfNecessary(ServletTestExecutionListener.java:191) ~[spring-test-6.1.10.jar:6.1.10]
	at org.springframework.test.context.web.ServletTestExecutionListener.prepareTestInstance(ServletTestExecutionListener.java:130) ~[spring-test-6.1.10.jar:6.1.10]
	at org.springframework.test.context.TestContextManager.prepareTestInstance(TestContextManager.java:260) ~[spring-test-6.1.10.jar:6.1.10]
	at org.springframework.test.context.junit.jupiter.SpringExtension.postProcessTestInstance(SpringExtension.java:163) ~[spring-test-6.1.10.jar:6.1.10]
	at org.junit.jupiter.engine.descriptor.ClassBasedTestDescriptor.lambda$invokeTestInstancePostProcessors$10(ClassBasedTestDescriptor.java:378) ~[junit-jupiter-engine-5.10.2.jar:5.10.2]
	at org.junit.jupiter.engine.descriptor.ClassBasedTestDescriptor.executeAndMaskThrowable(ClassBasedTestDescriptor.java:383) ~[junit-jupiter-engine-5.10.2.jar:5.10.2]
	at org.junit.jupiter.engine.descriptor.ClassBasedTestDescriptor.lambda$invokeTestInstancePostProcessors$11(ClassBasedTestDescriptor.java:378) ~[junit-jupiter-engine-5.10.2.jar:5.10.2]
	at java.base/java.util.stream.ReferencePipeline$3$1.accept(ReferencePipeline.java:215) ~[na:na]
	at java.base/java.util.stream.ReferencePipeline$2$1.accept(ReferencePipeline.java:197) ~[na:na]
	at java.base/java.util.ArrayList$ArrayListSpliterator.forEachRemaining(ArrayList.java:1709) ~[na:na]
	at java.base/java.util.stream.AbstractPipeline.copyInto(AbstractPipeline.java:570) ~[na:na]
	at java.base/java.util.stream.AbstractPipeline.wrapAndCopyInto(AbstractPipeline.java:560) ~[na:na]
	at java.base/java.util.stream.StreamSpliterators$WrappingSpliterator.forEachRemaining(StreamSpliterators.java:315) ~[na:na]
	at java.base/java.util.stream.Streams$ConcatSpliterator.forEachRemaining(Streams.java:735) ~[na:na]
	at java.base/java.util.stream.Streams$ConcatSpliterator.forEachRemaining(Streams.java:734) ~[na:na]
	at java.base/java.util.stream.ReferencePipeline$Head.forEach(ReferencePipeline.java:807) ~[na:na]
	at org.junit.jupiter.engine.descriptor.ClassBasedTestDescriptor.invokeTestInstancePostProcessors(ClassBasedTestDescriptor.java:377) ~[junit-jupiter-engine-5.10.2.jar:5.10.2]
	at org.junit.jupiter.engine.descriptor.ClassBasedTestDescriptor.lambda$instantiateAndPostProcessTestInstance$6(ClassBasedTestDescriptor.java:290) ~[junit-jupiter-engine-5.10.2.jar:5.10.2]
	at org.junit.platform.engine.support.hierarchical.ThrowableCollector.execute(ThrowableCollector.java:73) ~[junit-platform-engine-1.10.2.jar:1.10.2]
	at org.junit.jupiter.engine.descriptor.ClassBasedTestDescriptor.instantiateAndPostProcessTestInstance(ClassBasedTestDescriptor.java:289) ~[junit-jupiter-engine-5.10.2.jar:5.10.2]
	at org.junit.jupiter.engine.descriptor.ClassBasedTestDescriptor.lambda$testInstancesProvider$4(ClassBasedTestDescriptor.java:279) ~[junit-jupiter-engine-5.10.2.jar:5.10.2]
	at java.base/java.util.Optional.orElseGet(Optional.java:364) ~[na:na]
	at org.junit.jupiter.engine.descriptor.ClassBasedTestDescriptor.lambda$testInstancesProvider$5(ClassBasedTestDescriptor.java:278) ~[junit-jupiter-engine-5.10.2.jar:5.10.2]
	at org.junit.jupiter.engine.execution.TestInstancesProvider.getTestInstances(TestInstancesProvider.java:31) ~[junit-jupiter-engine-5.10.2.jar:5.10.2]
	at org.junit.jupiter.engine.descriptor.TestMethodTestDescriptor.lambda$prepare$0(TestMethodTestDescriptor.java:106) ~[junit-jupiter-engine-5.10.2.jar:5.10.2]
	at org.junit.platform.engine.support.hierarchical.ThrowableCollector.execute(ThrowableCollector.java:73) ~[junit-platform-engine-1.10.2.jar:1.10.2]
	at org.junit.jupiter.engine.descriptor.TestMethodTestDescriptor.prepare(TestMethodTestDescriptor.java:105) ~[junit-jupiter-engine-5.10.2.jar:5.10.2]
	at org.junit.jupiter.engine.descriptor.TestMethodTestDescriptor.prepare(TestMethodTestDescriptor.java:69) ~[junit-jupiter-engine-5.10.2.jar:5.10.2]
	at org.junit.platform.engine.support.hierarchical.NodeTestTask.lambda$prepare$2(NodeTestTask.java:123) ~[junit-platform-engine-1.10.2.jar:1.10.2]
	at org.junit.platform.engine.support.hierarchical.ThrowableCollector.execute(ThrowableCollector.java:73) ~[junit-platform-engine-1.10.2.jar:1.10.2]
	at org.junit.platform.engine.support.hierarchical.NodeTestTask.prepare(NodeTestTask.java:123) ~[junit-platform-engine-1.10.2.jar:1.10.2]
	at org.junit.platform.engine.support.hierarchical.NodeTestTask.execute(NodeTestTask.java:90) ~[junit-platform-engine-1.10.2.jar:1.10.2]
	at java.base/java.util.ArrayList.forEach(ArrayList.java:1597) ~[na:na]
	at org.junit.platform.engine.support.hierarchical.SameThreadHierarchicalTestExecutorService.invokeAll(SameThreadHierarchicalTestExecutorService.java:41) ~[junit-platform-engine-1.10.2.jar:1.10.2]
	at org.junit.platform.engine.support.hierarchical.NodeTestTask.lambda$executeRecursively$6(NodeTestTask.java:155) ~[junit-platform-engine-1.10.2.jar:1.10.2]
	at org.junit.platform.engine.support.hierarchical.ThrowableCollector.execute(ThrowableCollector.java:73) ~[junit-platform-engine-1.10.2.jar:1.10.2]
	at org.junit.platform.engine.support.hierarchical.NodeTestTask.lambda$executeRecursively$8(NodeTestTask.java:141) ~[junit-platform-engine-1.10.2.jar:1.10.2]
	at org.junit.platform.engine.support.hierarchical.Node.around(Node.java:137) ~[junit-platform-engine-1.10.2.jar:1.10.2]
	at org.junit.platform.engine.support.hierarchical.NodeTestTask.lambda$executeRecursively$9(NodeTestTask.java:139) ~[junit-platform-engine-1.10.2.jar:1.10.2]
	at org.junit.platform.engine.support.hierarchical.ThrowableCollector.execute(ThrowableCollector.java:73) ~[junit-platform-engine-1.10.2.jar:1.10.2]
	at org.junit.platform.engine.support.hierarchical.NodeTestTask.executeRecursively(NodeTestTask.java:138) ~[junit-platform-engine-1.10.2.jar:1.10.2]
	at org.junit.platform.engine.support.hierarchical.NodeTestTask.execute(NodeTestTask.java:95) ~[junit-platform-engine-1.10.2.jar:1.10.2]
	at java.base/java.util.ArrayList.forEach(ArrayList.java:1597) ~[na:na]
	at org.junit.platform.engine.support.hierarchical.SameThreadHierarchicalTestExecutorService.invokeAll(SameThreadHierarchicalTestExecutorService.java:41) ~[junit-platform-engine-1.10.2.jar:1.10.2]
	at org.junit.platform.engine.support.hierarchical.NodeTestTask.lambda$executeRecursively$6(NodeTestTask.java:155) ~[junit-platform-engine-1.10.2.jar:1.10.2]
	at org.junit.platform.engine.support.hierarchical.ThrowableCollector.execute(ThrowableCollector.java:73) ~[junit-platform-engine-1.10.2.jar:1.10.2]
	at org.junit.platform.engine.support.hierarchical.NodeTestTask.lambda$executeRecursively$8(NodeTestTask.java:141) ~[junit-platform-engine-1.10.2.jar:1.10.2]
	at org.junit.platform.engine.support.hierarchical.Node.around(Node.java:137) ~[junit-platform-engine-1.10.2.jar:1.10.2]
	at org.junit.platform.engine.support.hierarchical.NodeTestTask.lambda$executeRecursively$9(NodeTestTask.java:139) ~[junit-platform-engine-1.10.2.jar:1.10.2]
	at org.junit.platform.engine.support.hierarchical.ThrowableCollector.execute(ThrowableCollector.java:73) ~[junit-platform-engine-1.10.2.jar:1.10.2]
	at org.junit.platform.engine.support.hierarchical.NodeTestTask.executeRecursively(NodeTestTask.java:138) ~[junit-platform-engine-1.10.2.jar:1.10.2]
	at org.junit.platform.engine.support.hierarchical.NodeTestTask.execute(NodeTestTask.java:95) ~[junit-platform-engine-1.10.2.jar:1.10.2]
	at org.junit.platform.engine.support.hierarchical.SameThreadHierarchicalTestExecutorService.submit(SameThreadHierarchicalTestExecutorService.java:35) ~[junit-platform-engine-1.10.2.jar:1.10.2]
	at org.junit.platform.engine.support.hierarchical.HierarchicalTestExecutor.execute(HierarchicalTestExecutor.java:57) ~[junit-platform-engine-1.10.2.jar:1.10.2]
	at org.junit.platform.engine.support.hierarchical.HierarchicalTestEngine.execute(HierarchicalTestEngine.java:54) ~[junit-platform-engine-1.10.2.jar:1.10.2]
	at org.junit.platform.launcher.core.EngineExecutionOrchestrator.execute(EngineExecutionOrchestrator.java:198) ~[junit-platform-launcher-1.10.2.jar:1.10.2]
	at org.junit.platform.launcher.core.EngineExecutionOrchestrator.execute(EngineExecutionOrchestrator.java:169) ~[junit-platform-launcher-1.10.2.jar:1.10.2]
	at org.junit.platform.launcher.core.EngineExecutionOrchestrator.execute(EngineExecutionOrchestrator.java:93) ~[junit-platform-launcher-1.10.2.jar:1.10.2]
	at org.junit.platform.launcher.core.EngineExecutionOrchestrator.lambda$execute$0(EngineExecutionOrchestrator.java:58) ~[junit-platform-launcher-1.10.2.jar:1.10.2]
	at org.junit.platform.launcher.core.EngineExecutionOrchestrator.withInterceptedStreams(EngineExecutionOrchestrator.java:141) ~[junit-platform-launcher-1.10.2.jar:1.10.2]
	at org.junit.platform.launcher.core.EngineExecutionOrchestrator.execute(EngineExecutionOrchestrator.java:57) ~[junit-platform-launcher-1.10.2.jar:1.10.2]
	at org.junit.platform.launcher.core.DefaultLauncher.execute(DefaultLauncher.java:103) ~[junit-platform-launcher-1.10.2.jar:1.10.2]
	at org.junit.platform.launcher.core.DefaultLauncher.execute(DefaultLauncher.java:85) ~[junit-platform-launcher-1.10.2.jar:1.10.2]
	at org.junit.platform.launcher.core.DelegatingLauncher.execute(DelegatingLauncher.java:47) ~[junit-platform-launcher-1.10.2.jar:1.10.2]
	at org.apache.maven.surefire.junitplatform.LazyLauncher.execute(LazyLauncher.java:56) ~[surefire-junit-platform-3.2.5.jar:3.2.5]
	at org.apache.maven.surefire.junitplatform.JUnitPlatformProvider.execute(JUnitPlatformProvider.java:184) ~[surefire-junit-platform-3.2.5.jar:3.2.5]
	at org.apache.maven.surefire.junitplatform.JUnitPlatformProvider.invokeAllTests(JUnitPlatformProvider.java:148) ~[surefire-junit-platform-3.2.5.jar:3.2.5]
	at org.apache.maven.surefire.junitplatform.JUnitPlatformProvider.invoke(JUnitPlatformProvider.java:122) ~[surefire-junit-platform-3.2.5.jar:3.2.5]
	at org.apache.maven.surefire.booter.ForkedBooter.runSuitesInProcess(ForkedBooter.java:385) ~[surefire-booter-3.2.5.jar:3.2.5]
	at org.apache.maven.surefire.booter.ForkedBooter.execute(ForkedBooter.java:162) ~[surefire-booter-3.2.5.jar:3.2.5]
	at org.apache.maven.surefire.booter.ForkedBooter.run(ForkedBooter.java:507) ~[surefire-booter-3.2.5.jar:3.2.5]
	at org.apache.maven.surefire.booter.ForkedBooter.main(ForkedBooter.java:495) ~[surefire-booter-3.2.5.jar:3.2.5]

2025-08-24T11:32:57.060+03:30 DEBUG 1188 --- [ChiDaram App] [           main] tor$SharedEntityManagerInvocationHandler : Creating new EntityManager for shared EntityManager invocation
2025-08-24T11:32:57.499+03:30 DEBUG 1188 --- [ChiDaram App] [           main] tor$SharedEntityManagerInvocationHandler : Creating new EntityManager for shared EntityManager invocation
2025-08-24T11:32:57.507+03:30 DEBUG 1188 --- [ChiDaram App] [           main] tor$SharedEntityManagerInvocationHandler : Creating new EntityManager for shared EntityManager invocation
2025-08-24T11:32:57.574+03:30 DEBUG 1188 --- [ChiDaram App] [           main] tor$SharedEntityManagerInvocationHandler : Creating new EntityManager for shared EntityManager invocation
2025-08-24T11:32:57.604+03:30 DEBUG 1188 --- [ChiDaram App] [           main] tor$SharedEntityManagerInvocationHandler : Creating new EntityManager for shared EntityManager invocation
2025-08-24T11:32:57.624+03:30 DEBUG 1188 --- [ChiDaram App] [           main] cResourceLocalTransactionCoordinatorImpl : JDBC transaction marked for rollback-only (exception provided for stack trace)

java.lang.Exception: exception just for purpose of providing stack trace
	at org.hibernate.resource.transaction.backend.jdbc.internal.JdbcResourceLocalTransactionCoordinatorImpl$TransactionDriverControlImpl.markRollbackOnly(JdbcResourceLocalTransactionCoordinatorImpl.java:309) ~[hibernate-core-6.5.2.Final.jar:6.5.2.Final]
	at org.hibernate.internal.AbstractSharedSessionContract.buildNamedQuery(AbstractSharedSessionContract.java:1109) ~[hibernate-core-6.5.2.Final.jar:6.5.2.Final]
	at org.hibernate.internal.AbstractSharedSessionContract.createNamedQuery(AbstractSharedSessionContract.java:987) ~[hibernate-core-6.5.2.Final.jar:6.5.2.Final]
	at org.hibernate.internal.AbstractSharedSessionContract.createNamedQuery(AbstractSharedSessionContract.java:140) ~[hibernate-core-6.5.2.Final.jar:6.5.2.Final]
	at java.base/jdk.internal.reflect.DirectMethodHandleAccessor.invoke(DirectMethodHandleAccessor.java:103) ~[na:na]
	at java.base/java.lang.reflect.Method.invoke(Method.java:580) ~[na:na]
	at org.springframework.orm.jpa.ExtendedEntityManagerCreator$ExtendedEntityManagerInvocationHandler.invoke(ExtendedEntityManagerCreator.java:364) ~[spring-orm-6.1.10.jar:6.1.10]
	at jdk.proxy2/jdk.proxy2.$Proxy160.createNamedQuery(Unknown Source) ~[na:na]
	at org.springframework.data.jpa.repository.query.NamedQuery.hasNamedQuery(NamedQuery.java:112) ~[spring-data-jpa-3.3.1.jar:3.3.1]
	at org.springframework.data.jpa.repository.query.NamedQuery.lookupFrom(NamedQuery.java:138) ~[spring-data-jpa-3.3.1.jar:3.3.1]
	at org.springframework.data.jpa.repository.query.JpaQueryLookupStrategy$DeclaredQueryLookupStrategy.resolveQuery(JpaQueryLookupStrategy.java:180) ~[spring-data-jpa-3.3.1.jar:3.3.1]
	at org.springframework.data.jpa.repository.query.JpaQueryLookupStrategy$CreateIfNotFoundQueryLookupStrategy.resolveQuery(JpaQueryLookupStrategy.java:252) ~[spring-data-jpa-3.3.1.jar:3.3.1]
	at org.springframework.data.jpa.repository.query.JpaQueryLookupStrategy$AbstractQueryLookupStrategy.resolveQuery(JpaQueryLookupStrategy.java:95) ~[spring-data-jpa-3.3.1.jar:3.3.1]
	at org.springframework.data.repository.core.support.QueryExecutorMethodInterceptor.lookupQuery(QueryExecutorMethodInterceptor.java:111) ~[spring-data-commons-3.3.1.jar:3.3.1]
	at org.springframework.data.repository.core.support.QueryExecutorMethodInterceptor.mapMethodsToQuery(QueryExecutorMethodInterceptor.java:99) ~[spring-data-commons-3.3.1.jar:3.3.1]
	at org.springframework.data.repository.core.support.QueryExecutorMethodInterceptor.lambda$new$0(QueryExecutorMethodInterceptor.java:88) ~[spring-data-commons-3.3.1.jar:3.3.1]
	at java.base/java.util.Optional.map(Optional.java:260) ~[na:na]
	at org.springframework.data.repository.core.support.QueryExecutorMethodInterceptor.<init>(QueryExecutorMethodInterceptor.java:88) ~[spring-data-commons-3.3.1.jar:3.3.1]
	at org.springframework.data.repository.core.support.RepositoryFactorySupport.getRepository(RepositoryFactorySupport.java:357) ~[spring-data-commons-3.3.1.jar:3.3.1]
	at org.springframework.data.repository.core.support.RepositoryFactoryBeanSupport.lambda$afterPropertiesSet$5(RepositoryFactoryBeanSupport.java:286) ~[spring-data-commons-3.3.1.jar:3.3.1]
	at org.springframework.data.util.Lazy.getNullable(Lazy.java:135) ~[spring-data-commons-3.3.1.jar:3.3.1]
	at org.springframework.data.util.Lazy.get(Lazy.java:113) ~[spring-data-commons-3.3.1.jar:3.3.1]
	at org.springframework.data.repository.core.support.RepositoryFactoryBeanSupport.afterPropertiesSet(RepositoryFactoryBeanSupport.java:292) ~[spring-data-commons-3.3.1.jar:3.3.1]
	at org.springframework.data.jpa.repository.support.JpaRepositoryFactoryBean.afterPropertiesSet(JpaRepositoryFactoryBean.java:132) ~[spring-data-jpa-3.3.1.jar:3.3.1]
	at org.springframework.beans.factory.support.AbstractAutowireCapableBeanFactory.invokeInitMethods(AbstractAutowireCapableBeanFactory.java:1835) ~[spring-beans-6.1.10.jar:6.1.10]
	at org.springframework.beans.factory.support.AbstractAutowireCapableBeanFactory.initializeBean(AbstractAutowireCapableBeanFactory.java:1784) ~[spring-beans-6.1.10.jar:6.1.10]
	at org.springframework.beans.factory.support.AbstractAutowireCapableBeanFactory.doCreateBean(AbstractAutowireCapableBeanFactory.java:600) ~[spring-beans-6.1.10.jar:6.1.10]
	at org.springframework.beans.factory.support.AbstractAutowireCapableBeanFactory.createBean(AbstractAutowireCapableBeanFactory.java:522) ~[spring-beans-6.1.10.jar:6.1.10]
	at org.springframework.beans.factory.support.AbstractBeanFactory.lambda$doGetBean$0(AbstractBeanFactory.java:337) ~[spring-beans-6.1.10.jar:6.1.10]
	at org.springframework.beans.factory.support.DefaultSingletonBeanRegistry.getSingleton(DefaultSingletonBeanRegistry.java:234) ~[spring-beans-6.1.10.jar:6.1.10]
	at org.springframework.beans.factory.support.AbstractBeanFactory.doGetBean(AbstractBeanFactory.java:335) ~[spring-beans-6.1.10.jar:6.1.10]
	at org.springframework.beans.factory.support.AbstractBeanFactory.getBean(AbstractBeanFactory.java:200) ~[spring-beans-6.1.10.jar:6.1.10]
	at org.springframework.beans.factory.config.DependencyDescriptor.resolveCandidate(DependencyDescriptor.java:254) ~[spring-beans-6.1.10.jar:6.1.10]
	at org.springframework.beans.factory.support.DefaultListableBeanFactory.doResolveDependency(DefaultListableBeanFactory.java:1443) ~[spring-beans-6.1.10.jar:6.1.10]
	at org.springframework.beans.factory.support.DefaultListableBeanFactory.resolveDependency(DefaultListableBeanFactory.java:1353) ~[spring-beans-6.1.10.jar:6.1.10]
	at org.springframework.beans.factory.support.ConstructorResolver.resolveAutowiredArgument(ConstructorResolver.java:904) ~[spring-beans-6.1.10.jar:6.1.10]
	at org.springframework.beans.factory.support.ConstructorResolver.createArgumentArray(ConstructorResolver.java:782) ~[spring-beans-6.1.10.jar:6.1.10]
	at org.springframework.beans.factory.support.ConstructorResolver.autowireConstructor(ConstructorResolver.java:237) ~[spring-beans-6.1.10.jar:6.1.10]
	at org.springframework.beans.factory.support.AbstractAutowireCapableBeanFactory.autowireConstructor(AbstractAutowireCapableBeanFactory.java:1357) ~[spring-beans-6.1.10.jar:6.1.10]
	at org.springframework.beans.factory.support.AbstractAutowireCapableBeanFactory.createBeanInstance(AbstractAutowireCapableBeanFactory.java:1194) ~[spring-beans-6.1.10.jar:6.1.10]
	at org.springframework.beans.factory.support.AbstractAutowireCapableBeanFactory.doCreateBean(AbstractAutowireCapableBeanFactory.java:562) ~[spring-beans-6.1.10.jar:6.1.10]
	at org.springframework.beans.factory.support.AbstractAutowireCapableBeanFactory.createBean(AbstractAutowireCapableBeanFactory.java:522) ~[spring-beans-6.1.10.jar:6.1.10]
	at org.springframework.beans.factory.support.AbstractBeanFactory.lambda$doGetBean$0(AbstractBeanFactory.java:337) ~[spring-beans-6.1.10.jar:6.1.10]
	at org.springframework.beans.factory.support.DefaultSingletonBeanRegistry.getSingleton(DefaultSingletonBeanRegistry.java:234) ~[spring-beans-6.1.10.jar:6.1.10]
	at org.springframework.beans.factory.support.AbstractBeanFactory.doGetBean(AbstractBeanFactory.java:335) ~[spring-beans-6.1.10.jar:6.1.10]
	at org.springframework.beans.factory.support.AbstractBeanFactory.getBean(AbstractBeanFactory.java:200) ~[spring-beans-6.1.10.jar:6.1.10]
	at org.springframework.beans.factory.config.DependencyDescriptor.resolveCandidate(DependencyDescriptor.java:254) ~[spring-beans-6.1.10.jar:6.1.10]
	at org.springframework.beans.factory.support.DefaultListableBeanFactory.doResolveDependency(DefaultListableBeanFactory.java:1443) ~[spring-beans-6.1.10.jar:6.1.10]
	at org.springframework.beans.factory.support.DefaultListableBeanFactory.resolveDependency(DefaultListableBeanFactory.java:1353) ~[spring-beans-6.1.10.jar:6.1.10]
	at org.springframework.beans.factory.support.ConstructorResolver.resolveAutowiredArgument(ConstructorResolver.java:904) ~[spring-beans-6.1.10.jar:6.1.10]
	at org.springframework.beans.factory.support.ConstructorResolver.createArgumentArray(ConstructorResolver.java:782) ~[spring-beans-6.1.10.jar:6.1.10]
	at org.springframework.beans.factory.support.ConstructorResolver.autowireConstructor(ConstructorResolver.java:237) ~[spring-beans-6.1.10.jar:6.1.10]
	at org.springframework.beans.factory.support.AbstractAutowireCapableBeanFactory.autowireConstructor(AbstractAutowireCapableBeanFactory.java:1357) ~[spring-beans-6.1.10.jar:6.1.10]
	at org.springframework.beans.factory.support.AbstractAutowireCapableBeanFactory.createBeanInstance(AbstractAutowireCapableBeanFactory.java:1194) ~[spring-beans-6.1.10.jar:6.1.10]
	at org.springframework.beans.factory.support.AbstractAutowireCapableBeanFactory.doCreateBean(AbstractAutowireCapableBeanFactory.java:562) ~[spring-beans-6.1.10.jar:6.1.10]
	at org.springframework.beans.factory.support.AbstractAutowireCapableBeanFactory.createBean(AbstractAutowireCapableBeanFactory.java:522) ~[spring-beans-6.1.10.jar:6.1.10]
	at org.springframework.beans.factory.support.AbstractBeanFactory.lambda$doGetBean$0(AbstractBeanFactory.java:337) ~[spring-beans-6.1.10.jar:6.1.10]
	at org.springframework.beans.factory.support.DefaultSingletonBeanRegistry.getSingleton(DefaultSingletonBeanRegistry.java:234) ~[spring-beans-6.1.10.jar:6.1.10]
	at org.springframework.beans.factory.support.AbstractBeanFactory.doGetBean(AbstractBeanFactory.java:335) ~[spring-beans-6.1.10.jar:6.1.10]
	at org.springframework.beans.factory.support.AbstractBeanFactory.getBean(AbstractBeanFactory.java:200) ~[spring-beans-6.1.10.jar:6.1.10]
	at org.springframework.beans.factory.support.DefaultListableBeanFactory.preInstantiateSingletons(DefaultListableBeanFactory.java:975) ~[spring-beans-6.1.10.jar:6.1.10]
	at org.springframework.context.support.AbstractApplicationContext.finishBeanFactoryInitialization(AbstractApplicationContext.java:962) ~[spring-context-6.1.10.jar:6.1.10]
	at org.springframework.context.support.AbstractApplicationContext.refresh(AbstractApplicationContext.java:624) ~[spring-context-6.1.10.jar:6.1.10]
	at org.springframework.boot.SpringApplication.refresh(SpringApplication.java:754) ~[spring-boot-3.3.1.jar:3.3.1]
	at org.springframework.boot.SpringApplication.refreshContext(SpringApplication.java:456) ~[spring-boot-3.3.1.jar:3.3.1]
	at org.springframework.boot.SpringApplication.run(SpringApplication.java:335) ~[spring-boot-3.3.1.jar:3.3.1]
	at org.springframework.boot.test.context.SpringBootContextLoader.lambda$loadContext$3(SpringBootContextLoader.java:137) ~[spring-boot-test-3.3.1.jar:3.3.1]
	at org.springframework.util.function.ThrowingSupplier.get(ThrowingSupplier.java:58) ~[spring-core-6.1.10.jar:6.1.10]
	at org.springframework.util.function.ThrowingSupplier.get(ThrowingSupplier.java:46) ~[spring-core-6.1.10.jar:6.1.10]
	at org.springframework.boot.SpringApplication.withHook(SpringApplication.java:1463) ~[spring-boot-3.3.1.jar:3.3.1]
	at org.springframework.boot.test.context.SpringBootContextLoader$ContextLoaderHook.run(SpringBootContextLoader.java:553) ~[spring-boot-test-3.3.1.jar:3.3.1]
	at org.springframework.boot.test.context.SpringBootContextLoader.loadContext(SpringBootContextLoader.java:137) ~[spring-boot-test-3.3.1.jar:3.3.1]
	at org.springframework.boot.test.context.SpringBootContextLoader.loadContext(SpringBootContextLoader.java:108) ~[spring-boot-test-3.3.1.jar:3.3.1]
	at org.springframework.test.context.cache.DefaultCacheAwareContextLoaderDelegate.loadContextInternal(DefaultCacheAwareContextLoaderDelegate.java:225) ~[spring-test-6.1.10.jar:6.1.10]
	at org.springframework.test.context.cache.DefaultCacheAwareContextLoaderDelegate.loadContext(DefaultCacheAwareContextLoaderDelegate.java:152) ~[spring-test-6.1.10.jar:6.1.10]
	at org.springframework.test.context.support.DefaultTestContext.getApplicationContext(DefaultTestContext.java:130) ~[spring-test-6.1.10.jar:6.1.10]
	at org.springframework.test.context.web.ServletTestExecutionListener.setUpRequestContextIfNecessary(ServletTestExecutionListener.java:191) ~[spring-test-6.1.10.jar:6.1.10]
	at org.springframework.test.context.web.ServletTestExecutionListener.prepareTestInstance(ServletTestExecutionListener.java:130) ~[spring-test-6.1.10.jar:6.1.10]
	at org.springframework.test.context.TestContextManager.prepareTestInstance(TestContextManager.java:260) ~[spring-test-6.1.10.jar:6.1.10]
	at org.springframework.test.context.junit.jupiter.SpringExtension.postProcessTestInstance(SpringExtension.java:163) ~[spring-test-6.1.10.jar:6.1.10]
	at org.junit.jupiter.engine.descriptor.ClassBasedTestDescriptor.lambda$invokeTestInstancePostProcessors$10(ClassBasedTestDescriptor.java:378) ~[junit-jupiter-engine-5.10.2.jar:5.10.2]
	at org.junit.jupiter.engine.descriptor.ClassBasedTestDescriptor.executeAndMaskThrowable(ClassBasedTestDescriptor.java:383) ~[junit-jupiter-engine-5.10.2.jar:5.10.2]
	at org.junit.jupiter.engine.descriptor.ClassBasedTestDescriptor.lambda$invokeTestInstancePostProcessors$11(ClassBasedTestDescriptor.java:378) ~[junit-jupiter-engine-5.10.2.jar:5.10.2]
	at java.base/java.util.stream.ReferencePipeline$3$1.accept(ReferencePipeline.java:215) ~[na:na]
	at java.base/java.util.stream.ReferencePipeline$2$1.accept(ReferencePipeline.java:197) ~[na:na]
	at java.base/java.util.ArrayList$ArrayListSpliterator.forEachRemaining(ArrayList.java:1709) ~[na:na]
	at java.base/java.util.stream.AbstractPipeline.copyInto(AbstractPipeline.java:570) ~[na:na]
	at java.base/java.util.stream.AbstractPipeline.wrapAndCopyInto(AbstractPipeline.java:560) ~[na:na]
	at java.base/java.util.stream.StreamSpliterators$WrappingSpliterator.forEachRemaining(StreamSpliterators.java:315) ~[na:na]
	at java.base/java.util.stream.Streams$ConcatSpliterator.forEachRemaining(Streams.java:735) ~[na:na]
	at java.base/java.util.stream.Streams$ConcatSpliterator.forEachRemaining(Streams.java:734) ~[na:na]
	at java.base/java.util.stream.ReferencePipeline$Head.forEach(ReferencePipeline.java:807) ~[na:na]
	at org.junit.jupiter.engine.descriptor.ClassBasedTestDescriptor.invokeTestInstancePostProcessors(ClassBasedTestDescriptor.java:377) ~[junit-jupiter-engine-5.10.2.jar:5.10.2]
	at org.junit.jupiter.engine.descriptor.ClassBasedTestDescriptor.lambda$instantiateAndPostProcessTestInstance$6(ClassBasedTestDescriptor.java:290) ~[junit-jupiter-engine-5.10.2.jar:5.10.2]
	at org.junit.platform.engine.support.hierarchical.ThrowableCollector.execute(ThrowableCollector.java:73) ~[junit-platform-engine-1.10.2.jar:1.10.2]
	at org.junit.jupiter.engine.descriptor.ClassBasedTestDescriptor.instantiateAndPostProcessTestInstance(ClassBasedTestDescriptor.java:289) ~[junit-jupiter-engine-5.10.2.jar:5.10.2]
	at org.junit.jupiter.engine.descriptor.ClassBasedTestDescriptor.lambda$testInstancesProvider$4(ClassBasedTestDescriptor.java:279) ~[junit-jupiter-engine-5.10.2.jar:5.10.2]
	at java.base/java.util.Optional.orElseGet(Optional.java:364) ~[na:na]
	at org.junit.jupiter.engine.descriptor.ClassBasedTestDescriptor.lambda$testInstancesProvider$5(ClassBasedTestDescriptor.java:278) ~[junit-jupiter-engine-5.10.2.jar:5.10.2]
	at org.junit.jupiter.engine.execution.TestInstancesProvider.getTestInstances(TestInstancesProvider.java:31) ~[junit-jupiter-engine-5.10.2.jar:5.10.2]
	at org.junit.jupiter.engine.descriptor.TestMethodTestDescriptor.lambda$prepare$0(TestMethodTestDescriptor.java:106) ~[junit-jupiter-engine-5.10.2.jar:5.10.2]
	at org.junit.platform.engine.support.hierarchical.ThrowableCollector.execute(ThrowableCollector.java:73) ~[junit-platform-engine-1.10.2.jar:1.10.2]
	at org.junit.jupiter.engine.descriptor.TestMethodTestDescriptor.prepare(TestMethodTestDescriptor.java:105) ~[junit-jupiter-engine-5.10.2.jar:5.10.2]
	at org.junit.jupiter.engine.descriptor.TestMethodTestDescriptor.prepare(TestMethodTestDescriptor.java:69) ~[junit-jupiter-engine-5.10.2.jar:5.10.2]
	at org.junit.platform.engine.support.hierarchical.NodeTestTask.lambda$prepare$2(NodeTestTask.java:123) ~[junit-platform-engine-1.10.2.jar:1.10.2]
	at org.junit.platform.engine.support.hierarchical.ThrowableCollector.execute(ThrowableCollector.java:73) ~[junit-platform-engine-1.10.2.jar:1.10.2]
	at org.junit.platform.engine.support.hierarchical.NodeTestTask.prepare(NodeTestTask.java:123) ~[junit-platform-engine-1.10.2.jar:1.10.2]
	at org.junit.platform.engine.support.hierarchical.NodeTestTask.execute(NodeTestTask.java:90) ~[junit-platform-engine-1.10.2.jar:1.10.2]
	at java.base/java.util.ArrayList.forEach(ArrayList.java:1597) ~[na:na]
	at org.junit.platform.engine.support.hierarchical.SameThreadHierarchicalTestExecutorService.invokeAll(SameThreadHierarchicalTestExecutorService.java:41) ~[junit-platform-engine-1.10.2.jar:1.10.2]
	at org.junit.platform.engine.support.hierarchical.NodeTestTask.lambda$executeRecursively$6(NodeTestTask.java:155) ~[junit-platform-engine-1.10.2.jar:1.10.2]
	at org.junit.platform.engine.support.hierarchical.ThrowableCollector.execute(ThrowableCollector.java:73) ~[junit-platform-engine-1.10.2.jar:1.10.2]
	at org.junit.platform.engine.support.hierarchical.NodeTestTask.lambda$executeRecursively$8(NodeTestTask.java:141) ~[junit-platform-engine-1.10.2.jar:1.10.2]
	at org.junit.platform.engine.support.hierarchical.Node.around(Node.java:137) ~[junit-platform-engine-1.10.2.jar:1.10.2]
	at org.junit.platform.engine.support.hierarchical.NodeTestTask.lambda$executeRecursively$9(NodeTestTask.java:139) ~[junit-platform-engine-1.10.2.jar:1.10.2]
	at org.junit.platform.engine.support.hierarchical.ThrowableCollector.execute(ThrowableCollector.java:73) ~[junit-platform-engine-1.10.2.jar:1.10.2]
	at org.junit.platform.engine.support.hierarchical.NodeTestTask.executeRecursively(NodeTestTask.java:138) ~[junit-platform-engine-1.10.2.jar:1.10.2]
	at org.junit.platform.engine.support.hierarchical.NodeTestTask.execute(NodeTestTask.java:95) ~[junit-platform-engine-1.10.2.jar:1.10.2]
	at java.base/java.util.ArrayList.forEach(ArrayList.java:1597) ~[na:na]
	at org.junit.platform.engine.support.hierarchical.SameThreadHierarchicalTestExecutorService.invokeAll(SameThreadHierarchicalTestExecutorService.java:41) ~[junit-platform-engine-1.10.2.jar:1.10.2]
	at org.junit.platform.engine.support.hierarchical.NodeTestTask.lambda$executeRecursively$6(NodeTestTask.java:155) ~[junit-platform-engine-1.10.2.jar:1.10.2]
	at org.junit.platform.engine.support.hierarchical.ThrowableCollector.execute(ThrowableCollector.java:73) ~[junit-platform-engine-1.10.2.jar:1.10.2]
	at org.junit.platform.engine.support.hierarchical.NodeTestTask.lambda$executeRecursively$8(NodeTestTask.java:141) ~[junit-platform-engine-1.10.2.jar:1.10.2]
	at org.junit.platform.engine.support.hierarchical.Node.around(Node.java:137) ~[junit-platform-engine-1.10.2.jar:1.10.2]
	at org.junit.platform.engine.support.hierarchical.NodeTestTask.lambda$executeRecursively$9(NodeTestTask.java:139) ~[junit-platform-engine-1.10.2.jar:1.10.2]
	at org.junit.platform.engine.support.hierarchical.ThrowableCollector.execute(ThrowableCollector.java:73) ~[junit-platform-engine-1.10.2.jar:1.10.2]
	at org.junit.platform.engine.support.hierarchical.NodeTestTask.executeRecursively(NodeTestTask.java:138) ~[junit-platform-engine-1.10.2.jar:1.10.2]
	at org.junit.platform.engine.support.hierarchical.NodeTestTask.execute(NodeTestTask.java:95) ~[junit-platform-engine-1.10.2.jar:1.10.2]
	at org.junit.platform.engine.support.hierarchical.SameThreadHierarchicalTestExecutorService.submit(SameThreadHierarchicalTestExecutorService.java:35) ~[junit-platform-engine-1.10.2.jar:1.10.2]
	at org.junit.platform.engine.support.hierarchical.HierarchicalTestExecutor.execute(HierarchicalTestExecutor.java:57) ~[junit-platform-engine-1.10.2.jar:1.10.2]
	at org.junit.platform.engine.support.hierarchical.HierarchicalTestEngine.execute(HierarchicalTestEngine.java:54) ~[junit-platform-engine-1.10.2.jar:1.10.2]
	at org.junit.platform.launcher.core.EngineExecutionOrchestrator.execute(EngineExecutionOrchestrator.java:198) ~[junit-platform-launcher-1.10.2.jar:1.10.2]
	at org.junit.platform.launcher.core.EngineExecutionOrchestrator.execute(EngineExecutionOrchestrator.java:169) ~[junit-platform-launcher-1.10.2.jar:1.10.2]
	at org.junit.platform.launcher.core.EngineExecutionOrchestrator.execute(EngineExecutionOrchestrator.java:93) ~[junit-platform-launcher-1.10.2.jar:1.10.2]
	at org.junit.platform.launcher.core.EngineExecutionOrchestrator.lambda$execute$0(EngineExecutionOrchestrator.java:58) ~[junit-platform-launcher-1.10.2.jar:1.10.2]
	at org.junit.platform.launcher.core.EngineExecutionOrchestrator.withInterceptedStreams(EngineExecutionOrchestrator.java:141) ~[junit-platform-launcher-1.10.2.jar:1.10.2]
	at org.junit.platform.launcher.core.EngineExecutionOrchestrator.execute(EngineExecutionOrchestrator.java:57) ~[junit-platform-launcher-1.10.2.jar:1.10.2]
	at org.junit.platform.launcher.core.DefaultLauncher.execute(DefaultLauncher.java:103) ~[junit-platform-launcher-1.10.2.jar:1.10.2]
	at org.junit.platform.launcher.core.DefaultLauncher.execute(DefaultLauncher.java:85) ~[junit-platform-launcher-1.10.2.jar:1.10.2]
	at org.junit.platform.launcher.core.DelegatingLauncher.execute(DelegatingLauncher.java:47) ~[junit-platform-launcher-1.10.2.jar:1.10.2]
	at org.apache.maven.surefire.junitplatform.LazyLauncher.execute(LazyLauncher.java:56) ~[surefire-junit-platform-3.2.5.jar:3.2.5]
	at org.apache.maven.surefire.junitplatform.JUnitPlatformProvider.execute(JUnitPlatformProvider.java:184) ~[surefire-junit-platform-3.2.5.jar:3.2.5]
	at org.apache.maven.surefire.junitplatform.JUnitPlatformProvider.invokeAllTests(JUnitPlatformProvider.java:148) ~[surefire-junit-platform-3.2.5.jar:3.2.5]
	at org.apache.maven.surefire.junitplatform.JUnitPlatformProvider.invoke(JUnitPlatformProvider.java:122) ~[surefire-junit-platform-3.2.5.jar:3.2.5]
	at org.apache.maven.surefire.booter.ForkedBooter.runSuitesInProcess(ForkedBooter.java:385) ~[surefire-booter-3.2.5.jar:3.2.5]
	at org.apache.maven.surefire.booter.ForkedBooter.execute(ForkedBooter.java:162) ~[surefire-booter-3.2.5.jar:3.2.5]
	at org.apache.maven.surefire.booter.ForkedBooter.run(ForkedBooter.java:507) ~[surefire-booter-3.2.5.jar:3.2.5]
	at org.apache.maven.surefire.booter.ForkedBooter.main(ForkedBooter.java:495) ~[surefire-booter-3.2.5.jar:3.2.5]

2025-08-24T11:32:57.630+03:30 DEBUG 1188 --- [ChiDaram App] [           main] tor$SharedEntityManagerInvocationHandler : Creating new EntityManager for shared EntityManager invocation
2025-08-24T11:32:57.689+03:30 DEBUG 1188 --- [ChiDaram App] [           main] tor$SharedEntityManagerInvocationHandler : Creating new EntityManager for shared EntityManager invocation
2025-08-24T11:32:57.691+03:30 DEBUG 1188 --- [ChiDaram App] [           main] tor$SharedEntityManagerInvocationHandler : Creating new EntityManager for shared EntityManager invocation
2025-08-24T11:32:57.697+03:30 DEBUG 1188 --- [ChiDaram App] [           main] cResourceLocalTransactionCoordinatorImpl : JDBC transaction marked for rollback-only (exception provided for stack trace)

java.lang.Exception: exception just for purpose of providing stack trace
	at org.hibernate.resource.transaction.backend.jdbc.internal.JdbcResourceLocalTransactionCoordinatorImpl$TransactionDriverControlImpl.markRollbackOnly(JdbcResourceLocalTransactionCoordinatorImpl.java:309) ~[hibernate-core-6.5.2.Final.jar:6.5.2.Final]
	at org.hibernate.internal.AbstractSharedSessionContract.buildNamedQuery(AbstractSharedSessionContract.java:1109) ~[hibernate-core-6.5.2.Final.jar:6.5.2.Final]
	at org.hibernate.internal.AbstractSharedSessionContract.createNamedQuery(AbstractSharedSessionContract.java:987) ~[hibernate-core-6.5.2.Final.jar:6.5.2.Final]
	at org.hibernate.internal.AbstractSharedSessionContract.createNamedQuery(AbstractSharedSessionContract.java:140) ~[hibernate-core-6.5.2.Final.jar:6.5.2.Final]
	at java.base/jdk.internal.reflect.DirectMethodHandleAccessor.invoke(DirectMethodHandleAccessor.java:103) ~[na:na]
	at java.base/java.lang.reflect.Method.invoke(Method.java:580) ~[na:na]
	at org.springframework.orm.jpa.ExtendedEntityManagerCreator$ExtendedEntityManagerInvocationHandler.invoke(ExtendedEntityManagerCreator.java:364) ~[spring-orm-6.1.10.jar:6.1.10]
	at jdk.proxy2/jdk.proxy2.$Proxy160.createNamedQuery(Unknown Source) ~[na:na]
	at org.springframework.data.jpa.repository.query.NamedQuery.hasNamedQuery(NamedQuery.java:112) ~[spring-data-jpa-3.3.1.jar:3.3.1]
	at org.springframework.data.jpa.repository.query.NamedQuery.lookupFrom(NamedQuery.java:138) ~[spring-data-jpa-3.3.1.jar:3.3.1]
	at org.springframework.data.jpa.repository.query.JpaQueryLookupStrategy$DeclaredQueryLookupStrategy.resolveQuery(JpaQueryLookupStrategy.java:180) ~[spring-data-jpa-3.3.1.jar:3.3.1]
	at org.springframework.data.jpa.repository.query.JpaQueryLookupStrategy$CreateIfNotFoundQueryLookupStrategy.resolveQuery(JpaQueryLookupStrategy.java:252) ~[spring-data-jpa-3.3.1.jar:3.3.1]
	at org.springframework.data.jpa.repository.query.JpaQueryLookupStrategy$AbstractQueryLookupStrategy.resolveQuery(JpaQueryLookupStrategy.java:95) ~[spring-data-jpa-3.3.1.jar:3.3.1]
	at org.springframework.data.repository.core.support.QueryExecutorMethodInterceptor.lookupQuery(QueryExecutorMethodInterceptor.java:111) ~[spring-data-commons-3.3.1.jar:3.3.1]
	at org.springframework.data.repository.core.support.QueryExecutorMethodInterceptor.mapMethodsToQuery(QueryExecutorMethodInterceptor.java:99) ~[spring-data-commons-3.3.1.jar:3.3.1]
	at org.springframework.data.repository.core.support.QueryExecutorMethodInterceptor.lambda$new$0(QueryExecutorMethodInterceptor.java:88) ~[spring-data-commons-3.3.1.jar:3.3.1]
	at java.base/java.util.Optional.map(Optional.java:260) ~[na:na]
	at org.springframework.data.repository.core.support.QueryExecutorMethodInterceptor.<init>(QueryExecutorMethodInterceptor.java:88) ~[spring-data-commons-3.3.1.jar:3.3.1]
	at org.springframework.data.repository.core.support.RepositoryFactorySupport.getRepository(RepositoryFactorySupport.java:357) ~[spring-data-commons-3.3.1.jar:3.3.1]
	at org.springframework.data.repository.core.support.RepositoryFactoryBeanSupport.lambda$afterPropertiesSet$5(RepositoryFactoryBeanSupport.java:286) ~[spring-data-commons-3.3.1.jar:3.3.1]
	at org.springframework.data.util.Lazy.getNullable(Lazy.java:135) ~[spring-data-commons-3.3.1.jar:3.3.1]
	at org.springframework.data.util.Lazy.get(Lazy.java:113) ~[spring-data-commons-3.3.1.jar:3.3.1]
	at org.springframework.data.repository.core.support.RepositoryFactoryBeanSupport.afterPropertiesSet(RepositoryFactoryBeanSupport.java:292) ~[spring-data-commons-3.3.1.jar:3.3.1]
	at org.springframework.data.jpa.repository.support.JpaRepositoryFactoryBean.afterPropertiesSet(JpaRepositoryFactoryBean.java:132) ~[spring-data-jpa-3.3.1.jar:3.3.1]
	at org.springframework.beans.factory.support.AbstractAutowireCapableBeanFactory.invokeInitMethods(AbstractAutowireCapableBeanFactory.java:1835) ~[spring-beans-6.1.10.jar:6.1.10]
	at org.springframework.beans.factory.support.AbstractAutowireCapableBeanFactory.initializeBean(AbstractAutowireCapableBeanFactory.java:1784) ~[spring-beans-6.1.10.jar:6.1.10]
	at org.springframework.beans.factory.support.AbstractAutowireCapableBeanFactory.doCreateBean(AbstractAutowireCapableBeanFactory.java:600) ~[spring-beans-6.1.10.jar:6.1.10]
	at org.springframework.beans.factory.support.AbstractAutowireCapableBeanFactory.createBean(AbstractAutowireCapableBeanFactory.java:522) ~[spring-beans-6.1.10.jar:6.1.10]
	at org.springframework.beans.factory.support.AbstractBeanFactory.lambda$doGetBean$0(AbstractBeanFactory.java:337) ~[spring-beans-6.1.10.jar:6.1.10]
	at org.springframework.beans.factory.support.DefaultSingletonBeanRegistry.getSingleton(DefaultSingletonBeanRegistry.java:234) ~[spring-beans-6.1.10.jar:6.1.10]
	at org.springframework.beans.factory.support.AbstractBeanFactory.doGetBean(AbstractBeanFactory.java:335) ~[spring-beans-6.1.10.jar:6.1.10]
	at org.springframework.beans.factory.support.AbstractBeanFactory.getBean(AbstractBeanFactory.java:200) ~[spring-beans-6.1.10.jar:6.1.10]
	at org.springframework.beans.factory.config.DependencyDescriptor.resolveCandidate(DependencyDescriptor.java:254) ~[spring-beans-6.1.10.jar:6.1.10]
	at org.springframework.beans.factory.support.DefaultListableBeanFactory.doResolveDependency(DefaultListableBeanFactory.java:1443) ~[spring-beans-6.1.10.jar:6.1.10]
	at org.springframework.beans.factory.support.DefaultListableBeanFactory.resolveDependency(DefaultListableBeanFactory.java:1353) ~[spring-beans-6.1.10.jar:6.1.10]
	at org.springframework.beans.factory.support.ConstructorResolver.resolveAutowiredArgument(ConstructorResolver.java:904) ~[spring-beans-6.1.10.jar:6.1.10]
	at org.springframework.beans.factory.support.ConstructorResolver.createArgumentArray(ConstructorResolver.java:782) ~[spring-beans-6.1.10.jar:6.1.10]
	at org.springframework.beans.factory.support.ConstructorResolver.autowireConstructor(ConstructorResolver.java:237) ~[spring-beans-6.1.10.jar:6.1.10]
	at org.springframework.beans.factory.support.AbstractAutowireCapableBeanFactory.autowireConstructor(AbstractAutowireCapableBeanFactory.java:1357) ~[spring-beans-6.1.10.jar:6.1.10]
	at org.springframework.beans.factory.support.AbstractAutowireCapableBeanFactory.createBeanInstance(AbstractAutowireCapableBeanFactory.java:1194) ~[spring-beans-6.1.10.jar:6.1.10]
	at org.springframework.beans.factory.support.AbstractAutowireCapableBeanFactory.doCreateBean(AbstractAutowireCapableBeanFactory.java:562) ~[spring-beans-6.1.10.jar:6.1.10]
	at org.springframework.beans.factory.support.AbstractAutowireCapableBeanFactory.createBean(AbstractAutowireCapableBeanFactory.java:522) ~[spring-beans-6.1.10.jar:6.1.10]
	at org.springframework.beans.factory.support.AbstractBeanFactory.lambda$doGetBean$0(AbstractBeanFactory.java:337) ~[spring-beans-6.1.10.jar:6.1.10]
	at org.springframework.beans.factory.support.DefaultSingletonBeanRegistry.getSingleton(DefaultSingletonBeanRegistry.java:234) ~[spring-beans-6.1.10.jar:6.1.10]
	at org.springframework.beans.factory.support.AbstractBeanFactory.doGetBean(AbstractBeanFactory.java:335) ~[spring-beans-6.1.10.jar:6.1.10]
	at org.springframework.beans.factory.support.AbstractBeanFactory.getBean(AbstractBeanFactory.java:200) ~[spring-beans-6.1.10.jar:6.1.10]
	at org.springframework.beans.factory.config.DependencyDescriptor.resolveCandidate(DependencyDescriptor.java:254) ~[spring-beans-6.1.10.jar:6.1.10]
	at org.springframework.beans.factory.support.DefaultListableBeanFactory.doResolveDependency(DefaultListableBeanFactory.java:1443) ~[spring-beans-6.1.10.jar:6.1.10]
	at org.springframework.beans.factory.support.DefaultListableBeanFactory.resolveDependency(DefaultListableBeanFactory.java:1353) ~[spring-beans-6.1.10.jar:6.1.10]
	at org.springframework.beans.factory.support.ConstructorResolver.resolveAutowiredArgument(ConstructorResolver.java:904) ~[spring-beans-6.1.10.jar:6.1.10]
	at org.springframework.beans.factory.support.ConstructorResolver.createArgumentArray(ConstructorResolver.java:782) ~[spring-beans-6.1.10.jar:6.1.10]
	at org.springframework.beans.factory.support.ConstructorResolver.autowireConstructor(ConstructorResolver.java:237) ~[spring-beans-6.1.10.jar:6.1.10]
	at org.springframework.beans.factory.support.AbstractAutowireCapableBeanFactory.autowireConstructor(AbstractAutowireCapableBeanFactory.java:1357) ~[spring-beans-6.1.10.jar:6.1.10]
	at org.springframework.beans.factory.support.AbstractAutowireCapableBeanFactory.createBeanInstance(AbstractAutowireCapableBeanFactory.java:1194) ~[spring-beans-6.1.10.jar:6.1.10]
	at org.springframework.beans.factory.support.AbstractAutowireCapableBeanFactory.doCreateBean(AbstractAutowireCapableBeanFactory.java:562) ~[spring-beans-6.1.10.jar:6.1.10]
	at org.springframework.beans.factory.support.AbstractAutowireCapableBeanFactory.createBean(AbstractAutowireCapableBeanFactory.java:522) ~[spring-beans-6.1.10.jar:6.1.10]
	at org.springframework.beans.factory.support.AbstractBeanFactory.lambda$doGetBean$0(AbstractBeanFactory.java:337) ~[spring-beans-6.1.10.jar:6.1.10]
	at org.springframework.beans.factory.support.DefaultSingletonBeanRegistry.getSingleton(DefaultSingletonBeanRegistry.java:234) ~[spring-beans-6.1.10.jar:6.1.10]
	at org.springframework.beans.factory.support.AbstractBeanFactory.doGetBean(AbstractBeanFactory.java:335) ~[spring-beans-6.1.10.jar:6.1.10]
	at org.springframework.beans.factory.support.AbstractBeanFactory.getBean(AbstractBeanFactory.java:200) ~[spring-beans-6.1.10.jar:6.1.10]
	at org.springframework.beans.factory.support.DefaultListableBeanFactory.preInstantiateSingletons(DefaultListableBeanFactory.java:975) ~[spring-beans-6.1.10.jar:6.1.10]
	at org.springframework.context.support.AbstractApplicationContext.finishBeanFactoryInitialization(AbstractApplicationContext.java:962) ~[spring-context-6.1.10.jar:6.1.10]
	at org.springframework.context.support.AbstractApplicationContext.refresh(AbstractApplicationContext.java:624) ~[spring-context-6.1.10.jar:6.1.10]
	at org.springframework.boot.SpringApplication.refresh(SpringApplication.java:754) ~[spring-boot-3.3.1.jar:3.3.1]
	at org.springframework.boot.SpringApplication.refreshContext(SpringApplication.java:456) ~[spring-boot-3.3.1.jar:3.3.1]
	at org.springframework.boot.SpringApplication.run(SpringApplication.java:335) ~[spring-boot-3.3.1.jar:3.3.1]
	at org.springframework.boot.test.context.SpringBootContextLoader.lambda$loadContext$3(SpringBootContextLoader.java:137) ~[spring-boot-test-3.3.1.jar:3.3.1]
	at org.springframework.util.function.ThrowingSupplier.get(ThrowingSupplier.java:58) ~[spring-core-6.1.10.jar:6.1.10]
	at org.springframework.util.function.ThrowingSupplier.get(ThrowingSupplier.java:46) ~[spring-core-6.1.10.jar:6.1.10]
	at org.springframework.boot.SpringApplication.withHook(SpringApplication.java:1463) ~[spring-boot-3.3.1.jar:3.3.1]
	at org.springframework.boot.test.context.SpringBootContextLoader$ContextLoaderHook.run(SpringBootContextLoader.java:553) ~[spring-boot-test-3.3.1.jar:3.3.1]
	at org.springframework.boot.test.context.SpringBootContextLoader.loadContext(SpringBootContextLoader.java:137) ~[spring-boot-test-3.3.1.jar:3.3.1]
	at org.springframework.boot.test.context.SpringBootContextLoader.loadContext(SpringBootContextLoader.java:108) ~[spring-boot-test-3.3.1.jar:3.3.1]
	at org.springframework.test.context.cache.DefaultCacheAwareContextLoaderDelegate.loadContextInternal(DefaultCacheAwareContextLoaderDelegate.java:225) ~[spring-test-6.1.10.jar:6.1.10]
	at org.springframework.test.context.cache.DefaultCacheAwareContextLoaderDelegate.loadContext(DefaultCacheAwareContextLoaderDelegate.java:152) ~[spring-test-6.1.10.jar:6.1.10]
	at org.springframework.test.context.support.DefaultTestContext.getApplicationContext(DefaultTestContext.java:130) ~[spring-test-6.1.10.jar:6.1.10]
	at org.springframework.test.context.web.ServletTestExecutionListener.setUpRequestContextIfNecessary(ServletTestExecutionListener.java:191) ~[spring-test-6.1.10.jar:6.1.10]
	at org.springframework.test.context.web.ServletTestExecutionListener.prepareTestInstance(ServletTestExecutionListener.java:130) ~[spring-test-6.1.10.jar:6.1.10]
	at org.springframework.test.context.TestContextManager.prepareTestInstance(TestContextManager.java:260) ~[spring-test-6.1.10.jar:6.1.10]
	at org.springframework.test.context.junit.jupiter.SpringExtension.postProcessTestInstance(SpringExtension.java:163) ~[spring-test-6.1.10.jar:6.1.10]
	at org.junit.jupiter.engine.descriptor.ClassBasedTestDescriptor.lambda$invokeTestInstancePostProcessors$10(ClassBasedTestDescriptor.java:378) ~[junit-jupiter-engine-5.10.2.jar:5.10.2]
	at org.junit.jupiter.engine.descriptor.ClassBasedTestDescriptor.executeAndMaskThrowable(ClassBasedTestDescriptor.java:383) ~[junit-jupiter-engine-5.10.2.jar:5.10.2]
	at org.junit.jupiter.engine.descriptor.ClassBasedTestDescriptor.lambda$invokeTestInstancePostProcessors$11(ClassBasedTestDescriptor.java:378) ~[junit-jupiter-engine-5.10.2.jar:5.10.2]
	at java.base/java.util.stream.ReferencePipeline$3$1.accept(ReferencePipeline.java:215) ~[na:na]
	at java.base/java.util.stream.ReferencePipeline$2$1.accept(ReferencePipeline.java:197) ~[na:na]
	at java.base/java.util.ArrayList$ArrayListSpliterator.forEachRemaining(ArrayList.java:1709) ~[na:na]
	at java.base/java.util.stream.AbstractPipeline.copyInto(AbstractPipeline.java:570) ~[na:na]
	at java.base/java.util.stream.AbstractPipeline.wrapAndCopyInto(AbstractPipeline.java:560) ~[na:na]
	at java.base/java.util.stream.StreamSpliterators$WrappingSpliterator.forEachRemaining(StreamSpliterators.java:315) ~[na:na]
	at java.base/java.util.stream.Streams$ConcatSpliterator.forEachRemaining(Streams.java:735) ~[na:na]
	at java.base/java.util.stream.Streams$ConcatSpliterator.forEachRemaining(Streams.java:734) ~[na:na]
	at java.base/java.util.stream.ReferencePipeline$Head.forEach(ReferencePipeline.java:807) ~[na:na]
	at org.junit.jupiter.engine.descriptor.ClassBasedTestDescriptor.invokeTestInstancePostProcessors(ClassBasedTestDescriptor.java:377) ~[junit-jupiter-engine-5.10.2.jar:5.10.2]
	at org.junit.jupiter.engine.descriptor.ClassBasedTestDescriptor.lambda$instantiateAndPostProcessTestInstance$6(ClassBasedTestDescriptor.java:290) ~[junit-jupiter-engine-5.10.2.jar:5.10.2]
	at org.junit.platform.engine.support.hierarchical.ThrowableCollector.execute(ThrowableCollector.java:73) ~[junit-platform-engine-1.10.2.jar:1.10.2]
	at org.junit.jupiter.engine.descriptor.ClassBasedTestDescriptor.instantiateAndPostProcessTestInstance(ClassBasedTestDescriptor.java:289) ~[junit-jupiter-engine-5.10.2.jar:5.10.2]
	at org.junit.jupiter.engine.descriptor.ClassBasedTestDescriptor.lambda$testInstancesProvider$4(ClassBasedTestDescriptor.java:279) ~[junit-jupiter-engine-5.10.2.jar:5.10.2]
	at java.base/java.util.Optional.orElseGet(Optional.java:364) ~[na:na]
	at org.junit.jupiter.engine.descriptor.ClassBasedTestDescriptor.lambda$testInstancesProvider$5(ClassBasedTestDescriptor.java:278) ~[junit-jupiter-engine-5.10.2.jar:5.10.2]
	at org.junit.jupiter.engine.execution.TestInstancesProvider.getTestInstances(TestInstancesProvider.java:31) ~[junit-jupiter-engine-5.10.2.jar:5.10.2]
	at org.junit.jupiter.engine.descriptor.TestMethodTestDescriptor.lambda$prepare$0(TestMethodTestDescriptor.java:106) ~[junit-jupiter-engine-5.10.2.jar:5.10.2]
	at org.junit.platform.engine.support.hierarchical.ThrowableCollector.execute(ThrowableCollector.java:73) ~[junit-platform-engine-1.10.2.jar:1.10.2]
	at org.junit.jupiter.engine.descriptor.TestMethodTestDescriptor.prepare(TestMethodTestDescriptor.java:105) ~[junit-jupiter-engine-5.10.2.jar:5.10.2]
	at org.junit.jupiter.engine.descriptor.TestMethodTestDescriptor.prepare(TestMethodTestDescriptor.java:69) ~[junit-jupiter-engine-5.10.2.jar:5.10.2]
	at org.junit.platform.engine.support.hierarchical.NodeTestTask.lambda$prepare$2(NodeTestTask.java:123) ~[junit-platform-engine-1.10.2.jar:1.10.2]
	at org.junit.platform.engine.support.hierarchical.ThrowableCollector.execute(ThrowableCollector.java:73) ~[junit-platform-engine-1.10.2.jar:1.10.2]
	at org.junit.platform.engine.support.hierarchical.NodeTestTask.prepare(NodeTestTask.java:123) ~[junit-platform-engine-1.10.2.jar:1.10.2]
	at org.junit.platform.engine.support.hierarchical.NodeTestTask.execute(NodeTestTask.java:90) ~[junit-platform-engine-1.10.2.jar:1.10.2]
	at java.base/java.util.ArrayList.forEach(ArrayList.java:1597) ~[na:na]
	at org.junit.platform.engine.support.hierarchical.SameThreadHierarchicalTestExecutorService.invokeAll(SameThreadHierarchicalTestExecutorService.java:41) ~[junit-platform-engine-1.10.2.jar:1.10.2]
	at org.junit.platform.engine.support.hierarchical.NodeTestTask.lambda$executeRecursively$6(NodeTestTask.java:155) ~[junit-platform-engine-1.10.2.jar:1.10.2]
	at org.junit.platform.engine.support.hierarchical.ThrowableCollector.execute(ThrowableCollector.java:73) ~[junit-platform-engine-1.10.2.jar:1.10.2]
	at org.junit.platform.engine.support.hierarchical.NodeTestTask.lambda$executeRecursively$8(NodeTestTask.java:141) ~[junit-platform-engine-1.10.2.jar:1.10.2]
	at org.junit.platform.engine.support.hierarchical.Node.around(Node.java:137) ~[junit-platform-engine-1.10.2.jar:1.10.2]
	at org.junit.platform.engine.support.hierarchical.NodeTestTask.lambda$executeRecursively$9(NodeTestTask.java:139) ~[junit-platform-engine-1.10.2.jar:1.10.2]
	at org.junit.platform.engine.support.hierarchical.ThrowableCollector.execute(ThrowableCollector.java:73) ~[junit-platform-engine-1.10.2.jar:1.10.2]
	at org.junit.platform.engine.support.hierarchical.NodeTestTask.executeRecursively(NodeTestTask.java:138) ~[junit-platform-engine-1.10.2.jar:1.10.2]
	at org.junit.platform.engine.support.hierarchical.NodeTestTask.execute(NodeTestTask.java:95) ~[junit-platform-engine-1.10.2.jar:1.10.2]
	at java.base/java.util.ArrayList.forEach(ArrayList.java:1597) ~[na:na]
	at org.junit.platform.engine.support.hierarchical.SameThreadHierarchicalTestExecutorService.invokeAll(SameThreadHierarchicalTestExecutorService.java:41) ~[junit-platform-engine-1.10.2.jar:1.10.2]
	at org.junit.platform.engine.support.hierarchical.NodeTestTask.lambda$executeRecursively$6(NodeTestTask.java:155) ~[junit-platform-engine-1.10.2.jar:1.10.2]
	at org.junit.platform.engine.support.hierarchical.ThrowableCollector.execute(ThrowableCollector.java:73) ~[junit-platform-engine-1.10.2.jar:1.10.2]
	at org.junit.platform.engine.support.hierarchical.NodeTestTask.lambda$executeRecursively$8(NodeTestTask.java:141) ~[junit-platform-engine-1.10.2.jar:1.10.2]
	at org.junit.platform.engine.support.hierarchical.Node.around(Node.java:137) ~[junit-platform-engine-1.10.2.jar:1.10.2]
	at org.junit.platform.engine.support.hierarchical.NodeTestTask.lambda$executeRecursively$9(NodeTestTask.java:139) ~[junit-platform-engine-1.10.2.jar:1.10.2]
	at org.junit.platform.engine.support.hierarchical.ThrowableCollector.execute(ThrowableCollector.java:73) ~[junit-platform-engine-1.10.2.jar:1.10.2]
	at org.junit.platform.engine.support.hierarchical.NodeTestTask.executeRecursively(NodeTestTask.java:138) ~[junit-platform-engine-1.10.2.jar:1.10.2]
	at org.junit.platform.engine.support.hierarchical.NodeTestTask.execute(NodeTestTask.java:95) ~[junit-platform-engine-1.10.2.jar:1.10.2]
	at org.junit.platform.engine.support.hierarchical.SameThreadHierarchicalTestExecutorService.submit(SameThreadHierarchicalTestExecutorService.java:35) ~[junit-platform-engine-1.10.2.jar:1.10.2]
	at org.junit.platform.engine.support.hierarchical.HierarchicalTestExecutor.execute(HierarchicalTestExecutor.java:57) ~[junit-platform-engine-1.10.2.jar:1.10.2]
	at org.junit.platform.engine.support.hierarchical.HierarchicalTestEngine.execute(HierarchicalTestEngine.java:54) ~[junit-platform-engine-1.10.2.jar:1.10.2]
	at org.junit.platform.launcher.core.EngineExecutionOrchestrator.execute(EngineExecutionOrchestrator.java:198) ~[junit-platform-launcher-1.10.2.jar:1.10.2]
	at org.junit.platform.launcher.core.EngineExecutionOrchestrator.execute(EngineExecutionOrchestrator.java:169) ~[junit-platform-launcher-1.10.2.jar:1.10.2]
	at org.junit.platform.launcher.core.EngineExecutionOrchestrator.execute(EngineExecutionOrchestrator.java:93) ~[junit-platform-launcher-1.10.2.jar:1.10.2]
	at org.junit.platform.launcher.core.EngineExecutionOrchestrator.lambda$execute$0(EngineExecutionOrchestrator.java:58) ~[junit-platform-launcher-1.10.2.jar:1.10.2]
	at org.junit.platform.launcher.core.EngineExecutionOrchestrator.withInterceptedStreams(EngineExecutionOrchestrator.java:141) ~[junit-platform-launcher-1.10.2.jar:1.10.2]
	at org.junit.platform.launcher.core.EngineExecutionOrchestrator.execute(EngineExecutionOrchestrator.java:57) ~[junit-platform-launcher-1.10.2.jar:1.10.2]
	at org.junit.platform.launcher.core.DefaultLauncher.execute(DefaultLauncher.java:103) ~[junit-platform-launcher-1.10.2.jar:1.10.2]
	at org.junit.platform.launcher.core.DefaultLauncher.execute(DefaultLauncher.java:85) ~[junit-platform-launcher-1.10.2.jar:1.10.2]
	at org.junit.platform.launcher.core.DelegatingLauncher.execute(DelegatingLauncher.java:47) ~[junit-platform-launcher-1.10.2.jar:1.10.2]
	at org.apache.maven.surefire.junitplatform.LazyLauncher.execute(LazyLauncher.java:56) ~[surefire-junit-platform-3.2.5.jar:3.2.5]
	at org.apache.maven.surefire.junitplatform.JUnitPlatformProvider.execute(JUnitPlatformProvider.java:184) ~[surefire-junit-platform-3.2.5.jar:3.2.5]
	at org.apache.maven.surefire.junitplatform.JUnitPlatformProvider.invokeAllTests(JUnitPlatformProvider.java:148) ~[surefire-junit-platform-3.2.5.jar:3.2.5]
	at org.apache.maven.surefire.junitplatform.JUnitPlatformProvider.invoke(JUnitPlatformProvider.java:122) ~[surefire-junit-platform-3.2.5.jar:3.2.5]
	at org.apache.maven.surefire.booter.ForkedBooter.runSuitesInProcess(ForkedBooter.java:385) ~[surefire-booter-3.2.5.jar:3.2.5]
	at org.apache.maven.surefire.booter.ForkedBooter.execute(ForkedBooter.java:162) ~[surefire-booter-3.2.5.jar:3.2.5]
	at org.apache.maven.surefire.booter.ForkedBooter.run(ForkedBooter.java:507) ~[surefire-booter-3.2.5.jar:3.2.5]
	at org.apache.maven.surefire.booter.ForkedBooter.main(ForkedBooter.java:495) ~[surefire-booter-3.2.5.jar:3.2.5]

2025-08-24T11:32:57.699+03:30 DEBUG 1188 --- [ChiDaram App] [           main] tor$SharedEntityManagerInvocationHandler : Creating new EntityManager for shared EntityManager invocation
2025-08-24T11:32:57.752+03:30 DEBUG 1188 --- [ChiDaram App] [           main] tor$SharedEntityManagerInvocationHandler : Creating new EntityManager for shared EntityManager invocation
2025-08-24T11:32:57.766+03:30 DEBUG 1188 --- [ChiDaram App] [           main] tor$SharedEntityManagerInvocationHandler : Creating new EntityManager for shared EntityManager invocation
2025-08-24T11:32:57.901+03:30 DEBUG 1188 --- [ChiDaram App] [           main] tor$SharedEntityManagerInvocationHandler : Creating new EntityManager for shared EntityManager invocation
2025-08-24T11:32:57.910+03:30 DEBUG 1188 --- [ChiDaram App] [           main] tor$SharedEntityManagerInvocationHandler : Creating new EntityManager for shared EntityManager invocation
2025-08-24T11:32:57.920+03:30 DEBUG 1188 --- [ChiDaram App] [           main] cResourceLocalTransactionCoordinatorImpl : JDBC transaction marked for rollback-only (exception provided for stack trace)

java.lang.Exception: exception just for purpose of providing stack trace
	at org.hibernate.resource.transaction.backend.jdbc.internal.JdbcResourceLocalTransactionCoordinatorImpl$TransactionDriverControlImpl.markRollbackOnly(JdbcResourceLocalTransactionCoordinatorImpl.java:309) ~[hibernate-core-6.5.2.Final.jar:6.5.2.Final]
	at org.hibernate.internal.AbstractSharedSessionContract.buildNamedQuery(AbstractSharedSessionContract.java:1109) ~[hibernate-core-6.5.2.Final.jar:6.5.2.Final]
	at org.hibernate.internal.AbstractSharedSessionContract.createNamedQuery(AbstractSharedSessionContract.java:987) ~[hibernate-core-6.5.2.Final.jar:6.5.2.Final]
	at org.hibernate.internal.AbstractSharedSessionContract.createNamedQuery(AbstractSharedSessionContract.java:140) ~[hibernate-core-6.5.2.Final.jar:6.5.2.Final]
	at java.base/jdk.internal.reflect.DirectMethodHandleAccessor.invoke(DirectMethodHandleAccessor.java:103) ~[na:na]
	at java.base/java.lang.reflect.Method.invoke(Method.java:580) ~[na:na]
	at org.springframework.orm.jpa.ExtendedEntityManagerCreator$ExtendedEntityManagerInvocationHandler.invoke(ExtendedEntityManagerCreator.java:364) ~[spring-orm-6.1.10.jar:6.1.10]
	at jdk.proxy2/jdk.proxy2.$Proxy160.createNamedQuery(Unknown Source) ~[na:na]
	at org.springframework.data.jpa.repository.query.NamedQuery.hasNamedQuery(NamedQuery.java:112) ~[spring-data-jpa-3.3.1.jar:3.3.1]
	at org.springframework.data.jpa.repository.query.NamedQuery.lookupFrom(NamedQuery.java:138) ~[spring-data-jpa-3.3.1.jar:3.3.1]
	at org.springframework.data.jpa.repository.query.JpaQueryLookupStrategy$DeclaredQueryLookupStrategy.resolveQuery(JpaQueryLookupStrategy.java:180) ~[spring-data-jpa-3.3.1.jar:3.3.1]
	at org.springframework.data.jpa.repository.query.JpaQueryLookupStrategy$CreateIfNotFoundQueryLookupStrategy.resolveQuery(JpaQueryLookupStrategy.java:252) ~[spring-data-jpa-3.3.1.jar:3.3.1]
	at org.springframework.data.jpa.repository.query.JpaQueryLookupStrategy$AbstractQueryLookupStrategy.resolveQuery(JpaQueryLookupStrategy.java:95) ~[spring-data-jpa-3.3.1.jar:3.3.1]
	at org.springframework.data.repository.core.support.QueryExecutorMethodInterceptor.lookupQuery(QueryExecutorMethodInterceptor.java:111) ~[spring-data-commons-3.3.1.jar:3.3.1]
	at org.springframework.data.repository.core.support.QueryExecutorMethodInterceptor.mapMethodsToQuery(QueryExecutorMethodInterceptor.java:99) ~[spring-data-commons-3.3.1.jar:3.3.1]
	at org.springframework.data.repository.core.support.QueryExecutorMethodInterceptor.lambda$new$0(QueryExecutorMethodInterceptor.java:88) ~[spring-data-commons-3.3.1.jar:3.3.1]
	at java.base/java.util.Optional.map(Optional.java:260) ~[na:na]
	at org.springframework.data.repository.core.support.QueryExecutorMethodInterceptor.<init>(QueryExecutorMethodInterceptor.java:88) ~[spring-data-commons-3.3.1.jar:3.3.1]
	at org.springframework.data.repository.core.support.RepositoryFactorySupport.getRepository(RepositoryFactorySupport.java:357) ~[spring-data-commons-3.3.1.jar:3.3.1]
	at org.springframework.data.repository.core.support.RepositoryFactoryBeanSupport.lambda$afterPropertiesSet$5(RepositoryFactoryBeanSupport.java:286) ~[spring-data-commons-3.3.1.jar:3.3.1]
	at org.springframework.data.util.Lazy.getNullable(Lazy.java:135) ~[spring-data-commons-3.3.1.jar:3.3.1]
	at org.springframework.data.util.Lazy.get(Lazy.java:113) ~[spring-data-commons-3.3.1.jar:3.3.1]
	at org.springframework.data.repository.core.support.RepositoryFactoryBeanSupport.afterPropertiesSet(RepositoryFactoryBeanSupport.java:292) ~[spring-data-commons-3.3.1.jar:3.3.1]
	at org.springframework.data.jpa.repository.support.JpaRepositoryFactoryBean.afterPropertiesSet(JpaRepositoryFactoryBean.java:132) ~[spring-data-jpa-3.3.1.jar:3.3.1]
	at org.springframework.beans.factory.support.AbstractAutowireCapableBeanFactory.invokeInitMethods(AbstractAutowireCapableBeanFactory.java:1835) ~[spring-beans-6.1.10.jar:6.1.10]
	at org.springframework.beans.factory.support.AbstractAutowireCapableBeanFactory.initializeBean(AbstractAutowireCapableBeanFactory.java:1784) ~[spring-beans-6.1.10.jar:6.1.10]
	at org.springframework.beans.factory.support.AbstractAutowireCapableBeanFactory.doCreateBean(AbstractAutowireCapableBeanFactory.java:600) ~[spring-beans-6.1.10.jar:6.1.10]
	at org.springframework.beans.factory.support.AbstractAutowireCapableBeanFactory.createBean(AbstractAutowireCapableBeanFactory.java:522) ~[spring-beans-6.1.10.jar:6.1.10]
	at org.springframework.beans.factory.support.AbstractBeanFactory.lambda$doGetBean$0(AbstractBeanFactory.java:337) ~[spring-beans-6.1.10.jar:6.1.10]
	at org.springframework.beans.factory.support.DefaultSingletonBeanRegistry.getSingleton(DefaultSingletonBeanRegistry.java:234) ~[spring-beans-6.1.10.jar:6.1.10]
	at org.springframework.beans.factory.support.AbstractBeanFactory.doGetBean(AbstractBeanFactory.java:335) ~[spring-beans-6.1.10.jar:6.1.10]
	at org.springframework.beans.factory.support.AbstractBeanFactory.getBean(AbstractBeanFactory.java:200) ~[spring-beans-6.1.10.jar:6.1.10]
	at org.springframework.beans.factory.config.DependencyDescriptor.resolveCandidate(DependencyDescriptor.java:254) ~[spring-beans-6.1.10.jar:6.1.10]
	at org.springframework.beans.factory.support.DefaultListableBeanFactory.doResolveDependency(DefaultListableBeanFactory.java:1443) ~[spring-beans-6.1.10.jar:6.1.10]
	at org.springframework.beans.factory.support.DefaultListableBeanFactory.resolveDependency(DefaultListableBeanFactory.java:1353) ~[spring-beans-6.1.10.jar:6.1.10]
	at org.springframework.beans.factory.support.ConstructorResolver.resolveAutowiredArgument(ConstructorResolver.java:904) ~[spring-beans-6.1.10.jar:6.1.10]
	at org.springframework.beans.factory.support.ConstructorResolver.createArgumentArray(ConstructorResolver.java:782) ~[spring-beans-6.1.10.jar:6.1.10]
	at org.springframework.beans.factory.support.ConstructorResolver.autowireConstructor(ConstructorResolver.java:237) ~[spring-beans-6.1.10.jar:6.1.10]
	at org.springframework.beans.factory.support.AbstractAutowireCapableBeanFactory.autowireConstructor(AbstractAutowireCapableBeanFactory.java:1357) ~[spring-beans-6.1.10.jar:6.1.10]
	at org.springframework.beans.factory.support.AbstractAutowireCapableBeanFactory.createBeanInstance(AbstractAutowireCapableBeanFactory.java:1194) ~[spring-beans-6.1.10.jar:6.1.10]
	at org.springframework.beans.factory.support.AbstractAutowireCapableBeanFactory.doCreateBean(AbstractAutowireCapableBeanFactory.java:562) ~[spring-beans-6.1.10.jar:6.1.10]
	at org.springframework.beans.factory.support.AbstractAutowireCapableBeanFactory.createBean(AbstractAutowireCapableBeanFactory.java:522) ~[spring-beans-6.1.10.jar:6.1.10]
	at org.springframework.beans.factory.support.AbstractBeanFactory.lambda$doGetBean$0(AbstractBeanFactory.java:337) ~[spring-beans-6.1.10.jar:6.1.10]
	at org.springframework.beans.factory.support.DefaultSingletonBeanRegistry.getSingleton(DefaultSingletonBeanRegistry.java:234) ~[spring-beans-6.1.10.jar:6.1.10]
	at org.springframework.beans.factory.support.AbstractBeanFactory.doGetBean(AbstractBeanFactory.java:335) ~[spring-beans-6.1.10.jar:6.1.10]
	at org.springframework.beans.factory.support.AbstractBeanFactory.getBean(AbstractBeanFactory.java:200) ~[spring-beans-6.1.10.jar:6.1.10]
	at org.springframework.beans.factory.config.DependencyDescriptor.resolveCandidate(DependencyDescriptor.java:254) ~[spring-beans-6.1.10.jar:6.1.10]
	at org.springframework.beans.factory.support.DefaultListableBeanFactory.doResolveDependency(DefaultListableBeanFactory.java:1443) ~[spring-beans-6.1.10.jar:6.1.10]
	at org.springframework.beans.factory.support.DefaultListableBeanFactory.resolveDependency(DefaultListableBeanFactory.java:1353) ~[spring-beans-6.1.10.jar:6.1.10]
	at org.springframework.beans.factory.support.ConstructorResolver.resolveAutowiredArgument(ConstructorResolver.java:904) ~[spring-beans-6.1.10.jar:6.1.10]
	at org.springframework.beans.factory.support.ConstructorResolver.createArgumentArray(ConstructorResolver.java:782) ~[spring-beans-6.1.10.jar:6.1.10]
	at org.springframework.beans.factory.support.ConstructorResolver.autowireConstructor(ConstructorResolver.java:237) ~[spring-beans-6.1.10.jar:6.1.10]
	at org.springframework.beans.factory.support.AbstractAutowireCapableBeanFactory.autowireConstructor(AbstractAutowireCapableBeanFactory.java:1357) ~[spring-beans-6.1.10.jar:6.1.10]
	at org.springframework.beans.factory.support.AbstractAutowireCapableBeanFactory.createBeanInstance(AbstractAutowireCapableBeanFactory.java:1194) ~[spring-beans-6.1.10.jar:6.1.10]
	at org.springframework.beans.factory.support.AbstractAutowireCapableBeanFactory.doCreateBean(AbstractAutowireCapableBeanFactory.java:562) ~[spring-beans-6.1.10.jar:6.1.10]
	at org.springframework.beans.factory.support.AbstractAutowireCapableBeanFactory.createBean(AbstractAutowireCapableBeanFactory.java:522) ~[spring-beans-6.1.10.jar:6.1.10]
	at org.springframework.beans.factory.support.AbstractBeanFactory.lambda$doGetBean$0(AbstractBeanFactory.java:337) ~[spring-beans-6.1.10.jar:6.1.10]
	at org.springframework.beans.factory.support.DefaultSingletonBeanRegistry.getSingleton(DefaultSingletonBeanRegistry.java:234) ~[spring-beans-6.1.10.jar:6.1.10]
	at org.springframework.beans.factory.support.AbstractBeanFactory.doGetBean(AbstractBeanFactory.java:335) ~[spring-beans-6.1.10.jar:6.1.10]
	at org.springframework.beans.factory.support.AbstractBeanFactory.getBean(AbstractBeanFactory.java:200) ~[spring-beans-6.1.10.jar:6.1.10]
	at org.springframework.beans.factory.support.DefaultListableBeanFactory.preInstantiateSingletons(DefaultListableBeanFactory.java:975) ~[spring-beans-6.1.10.jar:6.1.10]
	at org.springframework.context.support.AbstractApplicationContext.finishBeanFactoryInitialization(AbstractApplicationContext.java:962) ~[spring-context-6.1.10.jar:6.1.10]
	at org.springframework.context.support.AbstractApplicationContext.refresh(AbstractApplicationContext.java:624) ~[spring-context-6.1.10.jar:6.1.10]
	at org.springframework.boot.SpringApplication.refresh(SpringApplication.java:754) ~[spring-boot-3.3.1.jar:3.3.1]
	at org.springframework.boot.SpringApplication.refreshContext(SpringApplication.java:456) ~[spring-boot-3.3.1.jar:3.3.1]
	at org.springframework.boot.SpringApplication.run(SpringApplication.java:335) ~[spring-boot-3.3.1.jar:3.3.1]
	at org.springframework.boot.test.context.SpringBootContextLoader.lambda$loadContext$3(SpringBootContextLoader.java:137) ~[spring-boot-test-3.3.1.jar:3.3.1]
	at org.springframework.util.function.ThrowingSupplier.get(ThrowingSupplier.java:58) ~[spring-core-6.1.10.jar:6.1.10]
	at org.springframework.util.function.ThrowingSupplier.get(ThrowingSupplier.java:46) ~[spring-core-6.1.10.jar:6.1.10]
	at org.springframework.boot.SpringApplication.withHook(SpringApplication.java:1463) ~[spring-boot-3.3.1.jar:3.3.1]
	at org.springframework.boot.test.context.SpringBootContextLoader$ContextLoaderHook.run(SpringBootContextLoader.java:553) ~[spring-boot-test-3.3.1.jar:3.3.1]
	at org.springframework.boot.test.context.SpringBootContextLoader.loadContext(SpringBootContextLoader.java:137) ~[spring-boot-test-3.3.1.jar:3.3.1]
	at org.springframework.boot.test.context.SpringBootContextLoader.loadContext(SpringBootContextLoader.java:108) ~[spring-boot-test-3.3.1.jar:3.3.1]
	at org.springframework.test.context.cache.DefaultCacheAwareContextLoaderDelegate.loadContextInternal(DefaultCacheAwareContextLoaderDelegate.java:225) ~[spring-test-6.1.10.jar:6.1.10]
	at org.springframework.test.context.cache.DefaultCacheAwareContextLoaderDelegate.loadContext(DefaultCacheAwareContextLoaderDelegate.java:152) ~[spring-test-6.1.10.jar:6.1.10]
	at org.springframework.test.context.support.DefaultTestContext.getApplicationContext(DefaultTestContext.java:130) ~[spring-test-6.1.10.jar:6.1.10]
	at org.springframework.test.context.web.ServletTestExecutionListener.setUpRequestContextIfNecessary(ServletTestExecutionListener.java:191) ~[spring-test-6.1.10.jar:6.1.10]
	at org.springframework.test.context.web.ServletTestExecutionListener.prepareTestInstance(ServletTestExecutionListener.java:130) ~[spring-test-6.1.10.jar:6.1.10]
	at org.springframework.test.context.TestContextManager.prepareTestInstance(TestContextManager.java:260) ~[spring-test-6.1.10.jar:6.1.10]
	at org.springframework.test.context.junit.jupiter.SpringExtension.postProcessTestInstance(SpringExtension.java:163) ~[spring-test-6.1.10.jar:6.1.10]
	at org.junit.jupiter.engine.descriptor.ClassBasedTestDescriptor.lambda$invokeTestInstancePostProcessors$10(ClassBasedTestDescriptor.java:378) ~[junit-jupiter-engine-5.10.2.jar:5.10.2]
	at org.junit.jupiter.engine.descriptor.ClassBasedTestDescriptor.executeAndMaskThrowable(ClassBasedTestDescriptor.java:383) ~[junit-jupiter-engine-5.10.2.jar:5.10.2]
	at org.junit.jupiter.engine.descriptor.ClassBasedTestDescriptor.lambda$invokeTestInstancePostProcessors$11(ClassBasedTestDescriptor.java:378) ~[junit-jupiter-engine-5.10.2.jar:5.10.2]
	at java.base/java.util.stream.ReferencePipeline$3$1.accept(ReferencePipeline.java:215) ~[na:na]
	at java.base/java.util.stream.ReferencePipeline$2$1.accept(ReferencePipeline.java:197) ~[na:na]
	at java.base/java.util.ArrayList$ArrayListSpliterator.forEachRemaining(ArrayList.java:1709) ~[na:na]
	at java.base/java.util.stream.AbstractPipeline.copyInto(AbstractPipeline.java:570) ~[na:na]
	at java.base/java.util.stream.AbstractPipeline.wrapAndCopyInto(AbstractPipeline.java:560) ~[na:na]
	at java.base/java.util.stream.StreamSpliterators$WrappingSpliterator.forEachRemaining(StreamSpliterators.java:315) ~[na:na]
	at java.base/java.util.stream.Streams$ConcatSpliterator.forEachRemaining(Streams.java:735) ~[na:na]
	at java.base/java.util.stream.Streams$ConcatSpliterator.forEachRemaining(Streams.java:734) ~[na:na]
	at java.base/java.util.stream.ReferencePipeline$Head.forEach(ReferencePipeline.java:807) ~[na:na]
	at org.junit.jupiter.engine.descriptor.ClassBasedTestDescriptor.invokeTestInstancePostProcessors(ClassBasedTestDescriptor.java:377) ~[junit-jupiter-engine-5.10.2.jar:5.10.2]
	at org.junit.jupiter.engine.descriptor.ClassBasedTestDescriptor.lambda$instantiateAndPostProcessTestInstance$6(ClassBasedTestDescriptor.java:290) ~[junit-jupiter-engine-5.10.2.jar:5.10.2]
	at org.junit.platform.engine.support.hierarchical.ThrowableCollector.execute(ThrowableCollector.java:73) ~[junit-platform-engine-1.10.2.jar:1.10.2]
	at org.junit.jupiter.engine.descriptor.ClassBasedTestDescriptor.instantiateAndPostProcessTestInstance(ClassBasedTestDescriptor.java:289) ~[junit-jupiter-engine-5.10.2.jar:5.10.2]
	at org.junit.jupiter.engine.descriptor.ClassBasedTestDescriptor.lambda$testInstancesProvider$4(ClassBasedTestDescriptor.java:279) ~[junit-jupiter-engine-5.10.2.jar:5.10.2]
	at java.base/java.util.Optional.orElseGet(Optional.java:364) ~[na:na]
	at org.junit.jupiter.engine.descriptor.ClassBasedTestDescriptor.lambda$testInstancesProvider$5(ClassBasedTestDescriptor.java:278) ~[junit-jupiter-engine-5.10.2.jar:5.10.2]
	at org.junit.jupiter.engine.execution.TestInstancesProvider.getTestInstances(TestInstancesProvider.java:31) ~[junit-jupiter-engine-5.10.2.jar:5.10.2]
	at org.junit.jupiter.engine.descriptor.TestMethodTestDescriptor.lambda$prepare$0(TestMethodTestDescriptor.java:106) ~[junit-jupiter-engine-5.10.2.jar:5.10.2]
	at org.junit.platform.engine.support.hierarchical.ThrowableCollector.execute(ThrowableCollector.java:73) ~[junit-platform-engine-1.10.2.jar:1.10.2]
	at org.junit.jupiter.engine.descriptor.TestMethodTestDescriptor.prepare(TestMethodTestDescriptor.java:105) ~[junit-jupiter-engine-5.10.2.jar:5.10.2]
	at org.junit.jupiter.engine.descriptor.TestMethodTestDescriptor.prepare(TestMethodTestDescriptor.java:69) ~[junit-jupiter-engine-5.10.2.jar:5.10.2]
	at org.junit.platform.engine.support.hierarchical.NodeTestTask.lambda$prepare$2(NodeTestTask.java:123) ~[junit-platform-engine-1.10.2.jar:1.10.2]
	at org.junit.platform.engine.support.hierarchical.ThrowableCollector.execute(ThrowableCollector.java:73) ~[junit-platform-engine-1.10.2.jar:1.10.2]
	at org.junit.platform.engine.support.hierarchical.NodeTestTask.prepare(NodeTestTask.java:123) ~[junit-platform-engine-1.10.2.jar:1.10.2]
	at org.junit.platform.engine.support.hierarchical.NodeTestTask.execute(NodeTestTask.java:90) ~[junit-platform-engine-1.10.2.jar:1.10.2]
	at java.base/java.util.ArrayList.forEach(ArrayList.java:1597) ~[na:na]
	at org.junit.platform.engine.support.hierarchical.SameThreadHierarchicalTestExecutorService.invokeAll(SameThreadHierarchicalTestExecutorService.java:41) ~[junit-platform-engine-1.10.2.jar:1.10.2]
	at org.junit.platform.engine.support.hierarchical.NodeTestTask.lambda$executeRecursively$6(NodeTestTask.java:155) ~[junit-platform-engine-1.10.2.jar:1.10.2]
	at org.junit.platform.engine.support.hierarchical.ThrowableCollector.execute(ThrowableCollector.java:73) ~[junit-platform-engine-1.10.2.jar:1.10.2]
	at org.junit.platform.engine.support.hierarchical.NodeTestTask.lambda$executeRecursively$8(NodeTestTask.java:141) ~[junit-platform-engine-1.10.2.jar:1.10.2]
	at org.junit.platform.engine.support.hierarchical.Node.around(Node.java:137) ~[junit-platform-engine-1.10.2.jar:1.10.2]
	at org.junit.platform.engine.support.hierarchical.NodeTestTask.lambda$executeRecursively$9(NodeTestTask.java:139) ~[junit-platform-engine-1.10.2.jar:1.10.2]
	at org.junit.platform.engine.support.hierarchical.ThrowableCollector.execute(ThrowableCollector.java:73) ~[junit-platform-engine-1.10.2.jar:1.10.2]
	at org.junit.platform.engine.support.hierarchical.NodeTestTask.executeRecursively(NodeTestTask.java:138) ~[junit-platform-engine-1.10.2.jar:1.10.2]
	at org.junit.platform.engine.support.hierarchical.NodeTestTask.execute(NodeTestTask.java:95) ~[junit-platform-engine-1.10.2.jar:1.10.2]
	at java.base/java.util.ArrayList.forEach(ArrayList.java:1597) ~[na:na]
	at org.junit.platform.engine.support.hierarchical.SameThreadHierarchicalTestExecutorService.invokeAll(SameThreadHierarchicalTestExecutorService.java:41) ~[junit-platform-engine-1.10.2.jar:1.10.2]
	at org.junit.platform.engine.support.hierarchical.NodeTestTask.lambda$executeRecursively$6(NodeTestTask.java:155) ~[junit-platform-engine-1.10.2.jar:1.10.2]
	at org.junit.platform.engine.support.hierarchical.ThrowableCollector.execute(ThrowableCollector.java:73) ~[junit-platform-engine-1.10.2.jar:1.10.2]
	at org.junit.platform.engine.support.hierarchical.NodeTestTask.lambda$executeRecursively$8(NodeTestTask.java:141) ~[junit-platform-engine-1.10.2.jar:1.10.2]
	at org.junit.platform.engine.support.hierarchical.Node.around(Node.java:137) ~[junit-platform-engine-1.10.2.jar:1.10.2]
	at org.junit.platform.engine.support.hierarchical.NodeTestTask.lambda$executeRecursively$9(NodeTestTask.java:139) ~[junit-platform-engine-1.10.2.jar:1.10.2]
	at org.junit.platform.engine.support.hierarchical.ThrowableCollector.execute(ThrowableCollector.java:73) ~[junit-platform-engine-1.10.2.jar:1.10.2]
	at org.junit.platform.engine.support.hierarchical.NodeTestTask.executeRecursively(NodeTestTask.java:138) ~[junit-platform-engine-1.10.2.jar:1.10.2]
	at org.junit.platform.engine.support.hierarchical.NodeTestTask.execute(NodeTestTask.java:95) ~[junit-platform-engine-1.10.2.jar:1.10.2]
	at org.junit.platform.engine.support.hierarchical.SameThreadHierarchicalTestExecutorService.submit(SameThreadHierarchicalTestExecutorService.java:35) ~[junit-platform-engine-1.10.2.jar:1.10.2]
	at org.junit.platform.engine.support.hierarchical.HierarchicalTestExecutor.execute(HierarchicalTestExecutor.java:57) ~[junit-platform-engine-1.10.2.jar:1.10.2]
	at org.junit.platform.engine.support.hierarchical.HierarchicalTestEngine.execute(HierarchicalTestEngine.java:54) ~[junit-platform-engine-1.10.2.jar:1.10.2]
	at org.junit.platform.launcher.core.EngineExecutionOrchestrator.execute(EngineExecutionOrchestrator.java:198) ~[junit-platform-launcher-1.10.2.jar:1.10.2]
	at org.junit.platform.launcher.core.EngineExecutionOrchestrator.execute(EngineExecutionOrchestrator.java:169) ~[junit-platform-launcher-1.10.2.jar:1.10.2]
	at org.junit.platform.launcher.core.EngineExecutionOrchestrator.execute(EngineExecutionOrchestrator.java:93) ~[junit-platform-launcher-1.10.2.jar:1.10.2]
	at org.junit.platform.launcher.core.EngineExecutionOrchestrator.lambda$execute$0(EngineExecutionOrchestrator.java:58) ~[junit-platform-launcher-1.10.2.jar:1.10.2]
	at org.junit.platform.launcher.core.EngineExecutionOrchestrator.withInterceptedStreams(EngineExecutionOrchestrator.java:141) ~[junit-platform-launcher-1.10.2.jar:1.10.2]
	at org.junit.platform.launcher.core.EngineExecutionOrchestrator.execute(EngineExecutionOrchestrator.java:57) ~[junit-platform-launcher-1.10.2.jar:1.10.2]
	at org.junit.platform.launcher.core.DefaultLauncher.execute(DefaultLauncher.java:103) ~[junit-platform-launcher-1.10.2.jar:1.10.2]
	at org.junit.platform.launcher.core.DefaultLauncher.execute(DefaultLauncher.java:85) ~[junit-platform-launcher-1.10.2.jar:1.10.2]
	at org.junit.platform.launcher.core.DelegatingLauncher.execute(DelegatingLauncher.java:47) ~[junit-platform-launcher-1.10.2.jar:1.10.2]
	at org.apache.maven.surefire.junitplatform.LazyLauncher.execute(LazyLauncher.java:56) ~[surefire-junit-platform-3.2.5.jar:3.2.5]
	at org.apache.maven.surefire.junitplatform.JUnitPlatformProvider.execute(JUnitPlatformProvider.java:184) ~[surefire-junit-platform-3.2.5.jar:3.2.5]
	at org.apache.maven.surefire.junitplatform.JUnitPlatformProvider.invokeAllTests(JUnitPlatformProvider.java:148) ~[surefire-junit-platform-3.2.5.jar:3.2.5]
	at org.apache.maven.surefire.junitplatform.JUnitPlatformProvider.invoke(JUnitPlatformProvider.java:122) ~[surefire-junit-platform-3.2.5.jar:3.2.5]
	at org.apache.maven.surefire.booter.ForkedBooter.runSuitesInProcess(ForkedBooter.java:385) ~[surefire-booter-3.2.5.jar:3.2.5]
	at org.apache.maven.surefire.booter.ForkedBooter.execute(ForkedBooter.java:162) ~[surefire-booter-3.2.5.jar:3.2.5]
	at org.apache.maven.surefire.booter.ForkedBooter.run(ForkedBooter.java:507) ~[surefire-booter-3.2.5.jar:3.2.5]
	at org.apache.maven.surefire.booter.ForkedBooter.main(ForkedBooter.java:495) ~[surefire-booter-3.2.5.jar:3.2.5]

2025-08-24T11:32:57.926+03:30 DEBUG 1188 --- [ChiDaram App] [           main] tor$SharedEntityManagerInvocationHandler : Creating new EntityManager for shared EntityManager invocation
2025-08-24T11:33:00.773+03:30 DEBUG 1188 --- [ChiDaram App] [           main] .h.v.m.ResourceBundleMessageInterpolator : Loaded expression factory via original TCCL
2025-08-24T11:33:00.776+03:30 DEBUG 1188 --- [ChiDaram App] [           main] o.h.v.i.e.AbstractConfigurationImpl      : Setting custom MessageInterpolator of type org.springframework.validation.beanvalidation.LocaleContextMessageInterpolator
2025-08-24T11:33:00.777+03:30 DEBUG 1188 --- [ChiDaram App] [           main] o.h.v.i.e.AbstractConfigurationImpl      : Setting custom ConstraintValidatorFactory of type org.springframework.validation.beanvalidation.SpringConstraintValidatorFactory
2025-08-24T11:33:00.779+03:30 DEBUG 1188 --- [ChiDaram App] [           main] o.h.v.i.xml.config.ValidationXmlParser   : Trying to load META-INF/validation.xml for XML based Validator configuration.
2025-08-24T11:33:00.779+03:30 DEBUG 1188 --- [ChiDaram App] [           main] o.h.v.i.xml.config.ResourceLoaderHelper  : Trying to load META-INF/validation.xml via user class loader
2025-08-24T11:33:00.779+03:30 DEBUG 1188 --- [ChiDaram App] [           main] o.h.v.i.xml.config.ResourceLoaderHelper  : Trying to load META-INF/validation.xml via TCCL
2025-08-24T11:33:00.780+03:30 DEBUG 1188 --- [ChiDaram App] [           main] o.h.v.i.xml.config.ResourceLoaderHelper  : Trying to load META-INF/validation.xml via Hibernate Validator's class loader
2025-08-24T11:33:00.780+03:30 DEBUG 1188 --- [ChiDaram App] [           main] o.h.v.i.xml.config.ValidationXmlParser   : No META-INF/validation.xml found. Using annotation based configuration only.
2025-08-24T11:33:00.781+03:30 DEBUG 1188 --- [ChiDaram App] [           main] o.h.v.i.e.resolver.TraversableResolvers  : Found jakarta.persistence.Persistence on classpath containing 'getPersistenceUtil'. Assuming JPA 2 environment. Trying to instantiate JPA aware TraversableResolver
2025-08-24T11:33:00.781+03:30 DEBUG 1188 --- [ChiDaram App] [           main] o.h.v.i.e.resolver.TraversableResolvers  : Instantiated JPA aware TraversableResolver of type org.hibernate.validator.internal.engine.resolver.JPATraversableResolver.
2025-08-24T11:33:00.785+03:30 DEBUG 1188 --- [ChiDaram App] [           main] .i.e.ValidatorFactoryConfigurationHelper : HV000252: Using org.hibernate.validator.internal.engine.DefaultPropertyNodeNameProvider as property node name provider.
2025-08-24T11:33:00.785+03:30 DEBUG 1188 --- [ChiDaram App] [           main] .i.e.ValidatorFactoryConfigurationHelper : HV000234: Using org.springframework.validation.beanvalidation.LocaleContextMessageInterpolator as ValidatorFactory-scoped message interpolator.
2025-08-24T11:33:00.786+03:30 DEBUG 1188 --- [ChiDaram App] [           main] .i.e.ValidatorFactoryConfigurationHelper : HV000234: Using org.hibernate.validator.internal.engine.resolver.JPATraversableResolver as ValidatorFactory-scoped traversable resolver.
2025-08-24T11:33:00.786+03:30 DEBUG 1188 --- [ChiDaram App] [           main] .i.e.ValidatorFactoryConfigurationHelper : HV000234: Using org.hibernate.validator.internal.util.ExecutableParameterNameProvider as ValidatorFactory-scoped parameter name provider.
2025-08-24T11:33:00.786+03:30 DEBUG 1188 --- [ChiDaram App] [           main] .i.e.ValidatorFactoryConfigurationHelper : HV000234: Using org.hibernate.validator.internal.engine.DefaultClockProvider as ValidatorFactory-scoped clock provider.
2025-08-24T11:33:00.786+03:30 DEBUG 1188 --- [ChiDaram App] [           main] .i.e.ValidatorFactoryConfigurationHelper : HV000234: Using org.hibernate.validator.internal.engine.scripting.DefaultScriptEvaluatorFactory as ValidatorFactory-scoped script evaluator factory.
2025-08-24T11:33:01.109+03:30  WARN 1188 --- [ChiDaram App] [           main] ion$DefaultTemplateResolverConfiguration : Cannot find template location: classpath:/templates/ (please add some templates, check your Thymeleaf configuration, or set spring.thymeleaf.check-template-location=false)
2025-08-24T11:33:01.874+03:30  INFO 1188 --- [ChiDaram App] [           main] c.e.c.c.UserControllerIntegrationTest    : Started UserControllerIntegrationTest in 13.983 seconds (process running for 52.955)
2025-08-24T11:33:01.925+03:30 DEBUG 1188 --- [ChiDaram App] [           main] o.s.orm.jpa.JpaTransactionManager        : Creating new transaction with name [org.springframework.data.jpa.repository.support.SimpleJpaRepository.deleteAll]: PROPAGATION_REQUIRED,ISOLATION_DEFAULT
2025-08-24T11:33:01.928+03:30 DEBUG 1188 --- [ChiDaram App] [           main] o.s.orm.jpa.JpaTransactionManager        : Opened new EntityManager [SessionImpl(1407464150<open>)] for JPA transaction
2025-08-24T11:33:01.938+03:30 DEBUG 1188 --- [ChiDaram App] [           main] o.h.e.t.internal.TransactionImpl         : On TransactionImpl creation, JpaCompliance#isJpaTransactionComplianceEnabled == false
2025-08-24T11:33:01.938+03:30 DEBUG 1188 --- [ChiDaram App] [           main] o.h.e.t.internal.TransactionImpl         : begin
2025-08-24T11:33:01.946+03:30 DEBUG 1188 --- [ChiDaram App] [           main] o.s.orm.jpa.JpaTransactionManager        : Exposing JPA transaction as JDBC [org.springframework.orm.jpa.vendor.HibernateJpaDialect$HibernateConnectionHandle@50f572e8]
2025-08-24T11:33:02.216+03:30 DEBUG 1188 --- [ChiDaram App] [           main] org.hibernate.orm.sql.ast.create         : Created new SQL alias : u1_0
2025-08-24T11:33:02.218+03:30 DEBUG 1188 --- [ChiDaram App] [           main] org.hibernate.orm.sql.ast.create         : Registration of TableGroup [StandardTableGroup(com.example.chi_daram.entity.User(217207272024800))] with identifierForTableGroup [com.example.chi_daram.entity.User] for NavigablePath [com.example.chi_daram.entity.User] 
2025-08-24T11:33:02.265+03:30 DEBUG 1188 --- [ChiDaram App] [           main] org.hibernate.orm.results.graph.AST      : DomainResult Graph:
 \-EntityResultImpl [com.example.chi_daram.entity.User(217207272024800)]
 |  +-BasicFetch [com.example.chi_daram.entity.User(217207272024800).accountNonExpired]
 |  +-BasicFetch [com.example.chi_daram.entity.User(217207272024800).accountNonLocked]
 |  +-BasicFetch [com.example.chi_daram.entity.User(217207272024800).credentialsNonExpired]
 |  +-BasicFetch [com.example.chi_daram.entity.User(217207272024800).description]
 |  +-BasicFetch [com.example.chi_daram.entity.User(217207272024800).enabled]
 |  +-BasicFetch [com.example.chi_daram.entity.User(217207272024800).otpCode]
 |  +-BasicFetch [com.example.chi_daram.entity.User(217207272024800).otpEnabledForLogin]
 |  +-BasicFetch [com.example.chi_daram.entity.User(217207272024800).otpGeneratedTime]
 |  +-BasicFetch [com.example.chi_daram.entity.User(217207272024800).password]
 |  +-BasicFetch [com.example.chi_daram.entity.User(217207272024800).phoneNumber]
 |  +-SelectEagerCollectionFetch [com.example.chi_daram.entity.User(217207272024800).roles]
 |  +-BasicFetch [com.example.chi_daram.entity.User(217207272024800).title]
 |  \-BasicFetch [com.example.chi_daram.entity.User(217207272024800).username]

2025-08-24T11:33:02.265+03:30 DEBUG 1188 --- [ChiDaram App] [           main] org.hibernate.orm.sql.ast.tree           : SQL AST Tree:
    SelectStatement {
      FromClause {
        StandardTableGroup (u1 : com.example.chi_daram.entity.User(217207272024800)) {
          primaryTableReference : "user_security" as u1_0
        }
      }
    }

2025-08-24T11:33:02.308+03:30 DEBUG 1188 --- [ChiDaram App] [           main] org.hibernate.orm.sql.exec               : Skipping reading Query result cache data: cache-enabled = false, cache-mode = NORMAL
2025-08-24T11:33:02.361+03:30 DEBUG 1188 --- [ChiDaram App] [           main] org.hibernate.orm.results                : Initializer list:
	  com.example.chi_daram.entity.User(217207272024800) -> EntityResultInitializer(com.example.chi_daram.entity.User(217207272024800))@339712780 (SingleTableEntityPersister(com.example.chi_daram.entity.User))
	  com.example.chi_daram.entity.User(217207272024800).roles -> SelectEagerCollectionInitializer(com.example.chi_daram.entity.User(217207272024800).roles)@988309230 (PluralAttribute(com.example.chi_daram.entity.User.roles))

2025-08-24T11:33:02.385+03:30 DEBUG 1188 --- [ChiDaram App] [           main] org.hibernate.SQL                        : select u1_0.id,u1_0.account_non_expired,u1_0.account_non_locked,u1_0.credentials_non_expired,u1_0.description,u1_0.enabled,u1_0.otp_code,u1_0.otp_enabled_for_login,u1_0.otp_generated_time,u1_0.password,u1_0.phone_number,u1_0.title,u1_0.username from "user_security" u1_0
2025-08-24T11:33:02.412+03:30 DEBUG 1188 --- [ChiDaram App] [           main] o.s.orm.jpa.JpaTransactionManager        : Initiating transaction commit
2025-08-24T11:33:02.414+03:30 DEBUG 1188 --- [ChiDaram App] [           main] o.s.orm.jpa.JpaTransactionManager        : Committing JPA transaction on EntityManager [SessionImpl(1407464150<open>)]
2025-08-24T11:33:02.414+03:30 DEBUG 1188 --- [ChiDaram App] [           main] o.h.e.t.internal.TransactionImpl         : committing
2025-08-24T11:33:02.422+03:30 DEBUG 1188 --- [ChiDaram App] [           main] o.s.orm.jpa.JpaTransactionManager        : Closing JPA EntityManager [SessionImpl(1407464150<open>)] after transaction
2025-08-24T11:33:03.058+03:30 DEBUG 1188 --- [ChiDaram App] [           main] o.s.orm.jpa.JpaTransactionManager        : Creating new transaction with name [com.example.chi_daram.service.impl.UserServiceImpl.registerNewUser]: PROPAGATION_REQUIRED,ISOLATION_DEFAULT
2025-08-24T11:33:03.059+03:30 DEBUG 1188 --- [ChiDaram App] [           main] o.s.orm.jpa.JpaTransactionManager        : Opened new EntityManager [SessionImpl(325478528<open>)] for JPA transaction
2025-08-24T11:33:03.059+03:30 DEBUG 1188 --- [ChiDaram App] [           main] o.h.e.t.internal.TransactionImpl         : On TransactionImpl creation, JpaCompliance#isJpaTransactionComplianceEnabled == false
2025-08-24T11:33:03.059+03:30 DEBUG 1188 --- [ChiDaram App] [           main] o.h.e.t.internal.TransactionImpl         : begin
2025-08-24T11:33:03.060+03:30 DEBUG 1188 --- [ChiDaram App] [           main] o.s.orm.jpa.JpaTransactionManager        : Exposing JPA transaction as JDBC [org.springframework.orm.jpa.vendor.HibernateJpaDialect$HibernateConnectionHandle@40ee8512]
2025-08-24T11:33:03.096+03:30 DEBUG 1188 --- [ChiDaram App] [           main] org.hibernate.orm.sql.ast.create         : Created new SQL alias : u1_0
2025-08-24T11:33:03.097+03:30 DEBUG 1188 --- [ChiDaram App] [           main] org.hibernate.orm.sql.ast.create         : Registration of TableGroup [StandardTableGroup(com.example.chi_daram.entity.User(217200953974500))] with identifierForTableGroup [com.example.chi_daram.entity.User] for NavigablePath [com.example.chi_daram.entity.User] 
2025-08-24T11:33:03.111+03:30 DEBUG 1188 --- [ChiDaram App] [           main] o.h.q.sqm.sql.BaseSqmToSqlAstConverter   : Determining mapping-model type for SqmParameter : org.hibernate.query.sqm.tree.expression.SqmJpaCriteriaParameterWrapper@3b2bd545
2025-08-24T11:33:03.111+03:30 DEBUG 1188 --- [ChiDaram App] [           main] o.h.q.sqm.sql.BaseSqmToSqlAstConverter   : Determining mapping-model type for SqmPath : SqmBasicValuedSimplePath(com.example.chi_daram.entity.User(217200953974500).username) 
2025-08-24T11:33:03.126+03:30 DEBUG 1188 --- [ChiDaram App] [           main] org.hibernate.orm.results.graph.AST      : DomainResult Graph:
 \-EntityResultImpl [com.example.chi_daram.entity.User(217200953974500)]
 |  +-BasicFetch [com.example.chi_daram.entity.User(217200953974500).accountNonExpired]
 |  +-BasicFetch [com.example.chi_daram.entity.User(217200953974500).accountNonLocked]
 |  +-BasicFetch [com.example.chi_daram.entity.User(217200953974500).credentialsNonExpired]
 |  +-BasicFetch [com.example.chi_daram.entity.User(217200953974500).description]
 |  +-BasicFetch [com.example.chi_daram.entity.User(217200953974500).enabled]
 |  +-BasicFetch [com.example.chi_daram.entity.User(217200953974500).otpCode]
 |  +-BasicFetch [com.example.chi_daram.entity.User(217200953974500).otpEnabledForLogin]
 |  +-BasicFetch [com.example.chi_daram.entity.User(217200953974500).otpGeneratedTime]
 |  +-BasicFetch [com.example.chi_daram.entity.User(217200953974500).password]
 |  +-BasicFetch [com.example.chi_daram.entity.User(217200953974500).phoneNumber]
 |  +-SelectEagerCollectionFetch [com.example.chi_daram.entity.User(217200953974500).roles]
 |  +-BasicFetch [com.example.chi_daram.entity.User(217200953974500).title]
 |  \-BasicFetch [com.example.chi_daram.entity.User(217200953974500).username]

2025-08-24T11:33:03.127+03:30 DEBUG 1188 --- [ChiDaram App] [           main] org.hibernate.orm.sql.ast.tree           : SQL AST Tree:
    SelectStatement {
      FromClause {
        StandardTableGroup (u1 : com.example.chi_daram.entity.User(217200953974500)) {
          primaryTableReference : "user_security" as u1_0
        }
      }
    }

2025-08-24T11:33:03.131+03:30 DEBUG 1188 --- [ChiDaram App] [           main] org.hibernate.orm.sql.exec               : Skipping reading Query result cache data: cache-enabled = false, cache-mode = NORMAL
2025-08-24T11:33:03.132+03:30 DEBUG 1188 --- [ChiDaram App] [           main] org.hibernate.orm.results                : Initializer list:
	  com.example.chi_daram.entity.User(217200953974500) -> EntityResultInitializer(com.example.chi_daram.entity.User(217200953974500))@1997555636 (SingleTableEntityPersister(com.example.chi_daram.entity.User))
	  com.example.chi_daram.entity.User(217200953974500).roles -> SelectEagerCollectionInitializer(com.example.chi_daram.entity.User(217200953974500).roles)@1006338494 (PluralAttribute(com.example.chi_daram.entity.User.roles))

2025-08-24T11:33:03.132+03:30 DEBUG 1188 --- [ChiDaram App] [           main] org.hibernate.SQL                        : select u1_0.id,u1_0.account_non_expired,u1_0.account_non_locked,u1_0.credentials_non_expired,u1_0.description,u1_0.enabled,u1_0.otp_code,u1_0.otp_enabled_for_login,u1_0.otp_generated_time,u1_0.password,u1_0.phone_number,u1_0.title,u1_0.username from "user_security" u1_0 where u1_0.username=?
2025-08-24T11:33:03.148+03:30 DEBUG 1188 --- [ChiDaram App] [           main] org.hibernate.orm.sql.ast.create         : Created new SQL alias : u1_0
2025-08-24T11:33:03.149+03:30 DEBUG 1188 --- [ChiDaram App] [           main] org.hibernate.orm.sql.ast.create         : Registration of TableGroup [StandardTableGroup(com.example.chi_daram.entity.User(217200964170300))] with identifierForTableGroup [com.example.chi_daram.entity.User] for NavigablePath [com.example.chi_daram.entity.User] 
2025-08-24T11:33:03.150+03:30 DEBUG 1188 --- [ChiDaram App] [           main] o.h.q.sqm.sql.BaseSqmToSqlAstConverter   : Determining mapping-model type for SqmParameter : org.hibernate.query.sqm.tree.expression.SqmJpaCriteriaParameterWrapper@73d8f219
2025-08-24T11:33:03.151+03:30 DEBUG 1188 --- [ChiDaram App] [           main] o.h.q.sqm.sql.BaseSqmToSqlAstConverter   : Determining mapping-model type for SqmPath : SqmBasicValuedSimplePath(com.example.chi_daram.entity.User(217200964170300).phoneNumber) 
2025-08-24T11:33:03.152+03:30 DEBUG 1188 --- [ChiDaram App] [           main] org.hibernate.orm.results.graph.AST      : DomainResult Graph:
 \-EntityResultImpl [com.example.chi_daram.entity.User(217200964170300)]
 |  +-BasicFetch [com.example.chi_daram.entity.User(217200964170300).accountNonExpired]
 |  +-BasicFetch [com.example.chi_daram.entity.User(217200964170300).accountNonLocked]
 |  +-BasicFetch [com.example.chi_daram.entity.User(217200964170300).credentialsNonExpired]
 |  +-BasicFetch [com.example.chi_daram.entity.User(217200964170300).description]
 |  +-BasicFetch [com.example.chi_daram.entity.User(217200964170300).enabled]
 |  +-BasicFetch [com.example.chi_daram.entity.User(217200964170300).otpCode]
 |  +-BasicFetch [com.example.chi_daram.entity.User(217200964170300).otpEnabledForLogin]
 |  +-BasicFetch [com.example.chi_daram.entity.User(217200964170300).otpGeneratedTime]
 |  +-BasicFetch [com.example.chi_daram.entity.User(217200964170300).password]
 |  +-BasicFetch [com.example.chi_daram.entity.User(217200964170300).phoneNumber]
 |  +-SelectEagerCollectionFetch [com.example.chi_daram.entity.User(217200964170300).roles]
 |  +-BasicFetch [com.example.chi_daram.entity.User(217200964170300).title]
 |  \-BasicFetch [com.example.chi_daram.entity.User(217200964170300).username]

2025-08-24T11:33:03.152+03:30 DEBUG 1188 --- [ChiDaram App] [           main] org.hibernate.orm.sql.ast.tree           : SQL AST Tree:
    SelectStatement {
      FromClause {
        StandardTableGroup (u1 : com.example.chi_daram.entity.User(217200964170300)) {
          primaryTableReference : "user_security" as u1_0
        }
      }
    }

2025-08-24T11:33:03.153+03:30 DEBUG 1188 --- [ChiDaram App] [           main] org.hibernate.orm.sql.exec               : Skipping reading Query result cache data: cache-enabled = false, cache-mode = NORMAL
2025-08-24T11:33:03.154+03:30 DEBUG 1188 --- [ChiDaram App] [           main] org.hibernate.orm.results                : Initializer list:
	  com.example.chi_daram.entity.User(217200964170300).roles -> SelectEagerCollectionInitializer(com.example.chi_daram.entity.User(217200964170300).roles)@2022889383 (PluralAttribute(com.example.chi_daram.entity.User.roles))
	  com.example.chi_daram.entity.User(217200964170300) -> EntityResultInitializer(com.example.chi_daram.entity.User(217200964170300))@1290713750 (SingleTableEntityPersister(com.example.chi_daram.entity.User))

2025-08-24T11:33:03.154+03:30 DEBUG 1188 --- [ChiDaram App] [           main] org.hibernate.SQL                        : select u1_0.id,u1_0.account_non_expired,u1_0.account_non_locked,u1_0.credentials_non_expired,u1_0.description,u1_0.enabled,u1_0.otp_code,u1_0.otp_enabled_for_login,u1_0.otp_generated_time,u1_0.password,u1_0.phone_number,u1_0.title,u1_0.username from "user_security" u1_0 where u1_0.phone_number=?
2025-08-24T11:33:03.415+03:30 DEBUG 1188 --- [ChiDaram App] [           main] o.s.orm.jpa.JpaTransactionManager        : Found thread-bound EntityManager [SessionImpl(325478528<open>)] for JPA transaction
2025-08-24T11:33:03.416+03:30 DEBUG 1188 --- [ChiDaram App] [           main] o.s.orm.jpa.JpaTransactionManager        : Participating in existing transaction
2025-08-24T11:33:03.416+03:30 DEBUG 1188 --- [ChiDaram App] [           main] o.h.j.internal.PersistenceUnitUtilImpl   : jakarta.persistence.PersistenceUnitUtil.getIdentifier is only intended to work with enhanced entities (although Hibernate also adapts this support to its proxies); however the passed entity was not enhanced (nor a proxy).. may not be able to read identifier
2025-08-24T11:33:03.493+03:30 DEBUG 1188 --- [ChiDaram App] [           main] org.hibernate.engine.spi.ActionQueue     : Executing identity-insert immediately
2025-08-24T11:33:03.536+03:30 DEBUG 1188 --- [ChiDaram App] [           main] org.hibernate.SQL                        : insert into "user_security" (account_non_expired,account_non_locked,credentials_non_expired,description,enabled,otp_code,otp_enabled_for_login,otp_generated_time,password,phone_number,title,username) values (?,?,?,?,?,?,?,?,?,?,?,?) returning id
2025-08-24T11:33:03.584+03:30 DEBUG 1188 --- [ChiDaram App] [           main] org.hibernate.orm.results                : Initializer list is empty
2025-08-24T11:33:03.584+03:30 DEBUG 1188 --- [ChiDaram App] [           main] org.hibernate.orm.results.loading        : Calling top-level assembler (0 / 1) : org.hibernate.sql.results.graph.basic.BasicResultAssembler@7d89a1ce
2025-08-24T11:33:03.585+03:30 DEBUG 1188 --- [ChiDaram App] [           main] org.hibernate.orm.results                : Extracted JDBC value [0] - [199]
2025-08-24T11:33:03.588+03:30 DEBUG 1188 --- [ChiDaram App] [           main] o.h.id.IdentifierGeneratorHelper         : Extracted generated values [com.example.chi_daram.entity.User]: [Ljava.lang.Object;@3460165f
2025-08-24T11:33:03.601+03:30 DEBUG 1188 --- [ChiDaram App] [           main] o.s.orm.jpa.JpaTransactionManager        : Initiating transaction commit
2025-08-24T11:33:03.601+03:30 DEBUG 1188 --- [ChiDaram App] [           main] o.s.orm.jpa.JpaTransactionManager        : Committing JPA transaction on EntityManager [SessionImpl(325478528<open>)]
2025-08-24T11:33:03.601+03:30 DEBUG 1188 --- [ChiDaram App] [           main] o.h.e.t.internal.TransactionImpl         : committing
2025-08-24T11:33:03.602+03:30 DEBUG 1188 --- [ChiDaram App] [           main] o.h.e.i.AbstractFlushingEventListener    : Processing flush-time cascades
2025-08-24T11:33:03.606+03:30 DEBUG 1188 --- [ChiDaram App] [           main] o.h.e.i.AbstractFlushingEventListener    : Dirty checking collections
2025-08-24T11:33:03.624+03:30 DEBUG 1188 --- [ChiDaram App] [           main] o.hibernate.engine.internal.Collections  : Collection found: [com.example.chi_daram.entity.User.roles#199], was: [<unreferenced>] (initialized)
2025-08-24T11:33:03.639+03:30 DEBUG 1188 --- [ChiDaram App] [           main] o.h.e.i.AbstractFlushingEventListener    : Flushed: 0 insertions, 0 updates, 0 deletions to 1 objects
2025-08-24T11:33:03.639+03:30 DEBUG 1188 --- [ChiDaram App] [           main] o.h.e.i.AbstractFlushingEventListener    : Flushed: 1 (re)creations, 0 updates, 0 removals to 1 collections
2025-08-24T11:33:03.643+03:30 DEBUG 1188 --- [ChiDaram App] [           main] o.hibernate.internal.util.EntityPrinter  : Listing entities:
2025-08-24T11:33:03.646+03:30 DEBUG 1188 --- [ChiDaram App] [           main] o.hibernate.internal.util.EntityPrinter  : com.example.chi_daram.entity.User{credentialsNonExpired=true, roles=[USER], otpCode=null, description=Desc, title=Integration Test User, enabled=true, otpGeneratedTime=null, password=$2a$10$dvGACqVWLXT9N2nOyFKLAeBsHkJFYq0IYDivJHK99cEgTsBc7YGay, phoneNumber=09121234567, otpEnabledForLogin=false, accountNonExpired=true, id=199, accountNonLocked=true, username=testuser_int}
2025-08-24T11:33:03.654+03:30 DEBUG 1188 --- [ChiDaram App] [           main] org.hibernate.orm.jdbc.mutation          : Inserting collection rows - com.example.chi_daram.entity.User.roles : 199
2025-08-24T11:33:03.657+03:30 DEBUG 1188 --- [ChiDaram App] [           main] org.hibernate.SQL                        : insert into user_roles (user_id,role) values (?,?)
2025-08-24T11:33:03.676+03:30 DEBUG 1188 --- [ChiDaram App] [           main] org.hibernate.orm.jdbc.mutation          : Done inserting `1` collection rows : com.example.chi_daram.entity.User.roles
2025-08-24T11:33:03.682+03:30 DEBUG 1188 --- [ChiDaram App] [           main] o.s.orm.jpa.JpaTransactionManager        : Closing JPA EntityManager [SessionImpl(325478528<open>)] after transaction
2025-08-24T11:33:03.957+03:30 DEBUG 1188 --- [ChiDaram App] [           main] tor$SharedEntityManagerInvocationHandler : Creating new EntityManager for shared EntityManager invocation
2025-08-24T11:33:04.080+03:30 DEBUG 1188 --- [ChiDaram App] [           main] org.hibernate.orm.sql.ast.create         : Created new SQL alias : u1_0
2025-08-24T11:33:04.081+03:30 DEBUG 1188 --- [ChiDaram App] [           main] org.hibernate.orm.sql.ast.create         : Registration of TableGroup [StandardTableGroup(com.example.chi_daram.entity.User(217200953974500))] with identifierForTableGroup [com.example.chi_daram.entity.User] for NavigablePath [com.example.chi_daram.entity.User] 
2025-08-24T11:33:04.082+03:30 DEBUG 1188 --- [ChiDaram App] [           main] o.h.q.sqm.sql.BaseSqmToSqlAstConverter   : Determining mapping-model type for SqmParameter : org.hibernate.query.sqm.tree.expression.SqmJpaCriteriaParameterWrapper@4155e85d
2025-08-24T11:33:04.082+03:30 DEBUG 1188 --- [ChiDaram App] [           main] o.h.q.sqm.sql.BaseSqmToSqlAstConverter   : Determining mapping-model type for SqmPath : SqmBasicValuedSimplePath(com.example.chi_daram.entity.User(217200953974500).username) 
2025-08-24T11:33:04.083+03:30 DEBUG 1188 --- [ChiDaram App] [           main] org.hibernate.orm.results.graph.AST      : DomainResult Graph:
 \-EntityResultImpl [com.example.chi_daram.entity.User(217200953974500)]
 |  +-BasicFetch [com.example.chi_daram.entity.User(217200953974500).accountNonExpired]
 |  +-BasicFetch [com.example.chi_daram.entity.User(217200953974500).accountNonLocked]
 |  +-BasicFetch [com.example.chi_daram.entity.User(217200953974500).credentialsNonExpired]
 |  +-BasicFetch [com.example.chi_daram.entity.User(217200953974500).description]
 |  +-BasicFetch [com.example.chi_daram.entity.User(217200953974500).enabled]
 |  +-BasicFetch [com.example.chi_daram.entity.User(217200953974500).otpCode]
 |  +-BasicFetch [com.example.chi_daram.entity.User(217200953974500).otpEnabledForLogin]
 |  +-BasicFetch [com.example.chi_daram.entity.User(217200953974500).otpGeneratedTime]
 |  +-BasicFetch [com.example.chi_daram.entity.User(217200953974500).password]
 |  +-BasicFetch [com.example.chi_daram.entity.User(217200953974500).phoneNumber]
 |  +-SelectEagerCollectionFetch [com.example.chi_daram.entity.User(217200953974500).roles]
 |  +-BasicFetch [com.example.chi_daram.entity.User(217200953974500).title]
 |  \-BasicFetch [com.example.chi_daram.entity.User(217200953974500).username]

2025-08-24T11:33:04.083+03:30 DEBUG 1188 --- [ChiDaram App] [           main] org.hibernate.orm.sql.ast.tree           : SQL AST Tree:
    SelectStatement {
      FromClause {
        StandardTableGroup (u1 : com.example.chi_daram.entity.User(217200953974500)) {
          primaryTableReference : "user_security" as u1_0
        }
      }
    }

2025-08-24T11:33:04.084+03:30 DEBUG 1188 --- [ChiDaram App] [           main] org.hibernate.orm.sql.exec               : Skipping reading Query result cache data: cache-enabled = false, cache-mode = NORMAL
2025-08-24T11:33:04.085+03:30 DEBUG 1188 --- [ChiDaram App] [           main] org.hibernate.orm.results                : Initializer list:
	  com.example.chi_daram.entity.User(217200953974500) -> EntityResultInitializer(com.example.chi_daram.entity.User(217200953974500))@915023581 (SingleTableEntityPersister(com.example.chi_daram.entity.User))
	  com.example.chi_daram.entity.User(217200953974500).roles -> SelectEagerCollectionInitializer(com.example.chi_daram.entity.User(217200953974500).roles)@1111876617 (PluralAttribute(com.example.chi_daram.entity.User.roles))

2025-08-24T11:33:04.085+03:30 DEBUG 1188 --- [ChiDaram App] [           main] org.hibernate.SQL                        : select u1_0.id,u1_0.account_non_expired,u1_0.account_non_locked,u1_0.credentials_non_expired,u1_0.description,u1_0.enabled,u1_0.otp_code,u1_0.otp_enabled_for_login,u1_0.otp_generated_time,u1_0.password,u1_0.phone_number,u1_0.title,u1_0.username from "user_security" u1_0 where u1_0.username=?
2025-08-24T11:33:04.088+03:30 DEBUG 1188 --- [ChiDaram App] [           main] org.hibernate.orm.results                : Extracted JDBC value [0] - [199]
2025-08-24T11:33:04.089+03:30 DEBUG 1188 --- [ChiDaram App] [           main] o.hibernate.orm.results.loading.entity   : (EntityResultInitializer) Hydrated EntityKey (com.example.chi_daram.entity.User(217200953974500)): 199
2025-08-24T11:33:04.092+03:30 DEBUG 1188 --- [ChiDaram App] [           main] o.h.o.r.l.o.h.o.r.loading.collection     : (SelectEagerCollectionInitializer) Current row collection key : com.example.chi_daram.entity.User(217200953974500).roles#199
2025-08-24T11:33:04.095+03:30 DEBUG 1188 --- [ChiDaram App] [           main] o.hibernate.orm.results.loading.entity   : (EntityResultInitializer) Created new entity instance [com.example.chi_daram.entity.User(217200953974500)#199] : 61700756
2025-08-24T11:33:04.099+03:30 DEBUG 1188 --- [ChiDaram App] [           main] org.hibernate.orm.results                : Extracted JDBC value [1] - [true]
2025-08-24T11:33:04.099+03:30 DEBUG 1188 --- [ChiDaram App] [           main] org.hibernate.orm.results                : Extracted JDBC value [2] - [true]
2025-08-24T11:33:04.099+03:30 DEBUG 1188 --- [ChiDaram App] [           main] org.hibernate.orm.results                : Extracted JDBC value [3] - [true]
2025-08-24T11:33:04.100+03:30 DEBUG 1188 --- [ChiDaram App] [           main] org.hibernate.orm.results                : Extracted JDBC value [4] - [Desc]
2025-08-24T11:33:04.100+03:30 DEBUG 1188 --- [ChiDaram App] [           main] org.hibernate.orm.results                : Extracted JDBC value [5] - [true]
2025-08-24T11:33:04.100+03:30 DEBUG 1188 --- [ChiDaram App] [           main] org.hibernate.orm.results                : Extracted JDBC value [6] - [null]
2025-08-24T11:33:04.100+03:30 DEBUG 1188 --- [ChiDaram App] [           main] org.hibernate.orm.results                : Extracted JDBC value [7] - [false]
2025-08-24T11:33:04.100+03:30 DEBUG 1188 --- [ChiDaram App] [           main] org.hibernate.orm.results                : Extracted JDBC value [8] - [null]
2025-08-24T11:33:04.101+03:30 DEBUG 1188 --- [ChiDaram App] [           main] org.hibernate.orm.results                : Extracted JDBC value [9] - [$2a$10$dvGACqVWLXT9N2nOyFKLAeBsHkJFYq0IYDivJHK99cEgTsBc7YGay]
2025-08-24T11:33:04.101+03:30 DEBUG 1188 --- [ChiDaram App] [           main] org.hibernate.orm.results                : Extracted JDBC value [10] - [09121234567]
2025-08-24T11:33:04.106+03:30 DEBUG 1188 --- [ChiDaram App] [           main] org.hibernate.orm.results                : Extracted JDBC value [11] - [Integration Test User]
2025-08-24T11:33:04.106+03:30 DEBUG 1188 --- [ChiDaram App] [           main] org.hibernate.orm.results                : Extracted JDBC value [12] - [testuser_int]
2025-08-24T11:33:04.108+03:30 DEBUG 1188 --- [ChiDaram App] [           main] o.hibernate.orm.results.loading.entity   : (EntityResultInitializer) Done materializing entityInstance : com.example.chi_daram.entity.User(217200953974500)#199
2025-08-24T11:33:04.109+03:30 DEBUG 1188 --- [ChiDaram App] [           main] org.hibernate.orm.results.loading        : Calling top-level assembler (0 / 1) : org.hibernate.sql.results.graph.entity.internal.EntityAssembler@7238072e
2025-08-24T11:33:04.116+03:30 DEBUG 1188 --- [ChiDaram App] [           main] org.hibernate.orm.sql.exec               : Skipping reading Query result cache data: cache-enabled = false, cache-mode = IGNORE
2025-08-24T11:33:04.118+03:30 DEBUG 1188 --- [ChiDaram App] [           main] org.hibernate.orm.results                : Initializer list:
	  com.example.chi_daram.entity.User.roles -> SetInitializer(com.example.chi_daram.entity.User.roles)@1542689982 (PluralAttribute(com.example.chi_daram.entity.User.roles))

2025-08-24T11:33:04.119+03:30 DEBUG 1188 --- [ChiDaram App] [           main] org.hibernate.SQL                        : select r1_0.user_id,r1_0.role from user_roles r1_0 where r1_0.user_id=?
2025-08-24T11:33:04.121+03:30 DEBUG 1188 --- [ChiDaram App] [           main] org.hibernate.orm.results                : Extracted JDBC value [0] - [199]
2025-08-24T11:33:04.121+03:30 DEBUG 1188 --- [ChiDaram App] [           main] o.h.o.r.l.o.h.o.r.loading.collection     : (SetInitializer) Current row collection key : com.example.chi_daram.entity.User.roles#199
2025-08-24T11:33:04.124+03:30 DEBUG 1188 --- [ChiDaram App] [           main] o.h.o.r.l.o.h.o.r.loading.collection     : (SetInitializer) Responsible for loading collection [com.example.chi_daram.entity.User.roles#199] : org.hibernate.collection.spi.PersistentSet@97103858
2025-08-24T11:33:04.125+03:30 DEBUG 1188 --- [ChiDaram App] [           main] o.h.o.r.l.o.h.o.r.loading.collection     : (SetInitializer) Reading element from row for collection [com.example.chi_daram.entity.User.roles#199] -> org.hibernate.collection.spi.PersistentSet@97103858
2025-08-24T11:33:04.126+03:30 DEBUG 1188 --- [ChiDaram App] [           main] org.hibernate.orm.results                : Extracted JDBC value [1] - [USER]
2025-08-24T11:33:04.126+03:30 DEBUG 1188 --- [ChiDaram App] [           main] org.hibernate.orm.results.loading        : Calling top-level assembler (0 / 1) : org.hibernate.sql.results.graph.collection.internal.CollectionAssembler@6a8598e7
2025-08-24T11:33:04.127+03:30 DEBUG 1188 --- [ChiDaram App] [           main] o.h.sql.results.internal.ResultsHelper   : Collection fully initialized: [com.example.chi_daram.entity.User.roles#199]
2025-08-24T11:33:04.274+03:30 DEBUG 1188 --- [ChiDaram App] [           main] o.s.orm.jpa.JpaTransactionManager        : Creating new transaction with name [com.example.chi_daram.service.impl.UserServiceImpl.getUserByUsername]: PROPAGATION_REQUIRED,ISOLATION_DEFAULT,readOnly
2025-08-24T11:33:04.274+03:30 DEBUG 1188 --- [ChiDaram App] [           main] o.s.orm.jpa.JpaTransactionManager        : Opened new EntityManager [SessionImpl(1372463843<open>)] for JPA transaction
2025-08-24T11:33:04.279+03:30 DEBUG 1188 --- [ChiDaram App] [           main] o.h.e.t.internal.TransactionImpl         : On TransactionImpl creation, JpaCompliance#isJpaTransactionComplianceEnabled == false
2025-08-24T11:33:04.279+03:30 DEBUG 1188 --- [ChiDaram App] [           main] o.h.e.t.internal.TransactionImpl         : begin
2025-08-24T11:33:04.282+03:30 DEBUG 1188 --- [ChiDaram App] [           main] o.s.orm.jpa.JpaTransactionManager        : Exposing JPA transaction as JDBC [org.springframework.orm.jpa.vendor.HibernateJpaDialect$HibernateConnectionHandle@367fd31a]
2025-08-24T11:33:04.291+03:30 DEBUG 1188 --- [ChiDaram App] [           main] org.hibernate.orm.sql.ast.create         : Created new SQL alias : u1_0
2025-08-24T11:33:04.291+03:30 DEBUG 1188 --- [ChiDaram App] [           main] org.hibernate.orm.sql.ast.create         : Registration of TableGroup [StandardTableGroup(com.example.chi_daram.entity.User(217200953974500))] with identifierForTableGroup [com.example.chi_daram.entity.User] for NavigablePath [com.example.chi_daram.entity.User] 
2025-08-24T11:33:04.293+03:30 DEBUG 1188 --- [ChiDaram App] [           main] o.h.q.sqm.sql.BaseSqmToSqlAstConverter   : Determining mapping-model type for SqmParameter : org.hibernate.query.sqm.tree.expression.SqmJpaCriteriaParameterWrapper@43f88cba
2025-08-24T11:33:04.294+03:30 DEBUG 1188 --- [ChiDaram App] [           main] o.h.q.sqm.sql.BaseSqmToSqlAstConverter   : Determining mapping-model type for SqmPath : SqmBasicValuedSimplePath(com.example.chi_daram.entity.User(217200953974500).username) 
2025-08-24T11:33:04.294+03:30 DEBUG 1188 --- [ChiDaram App] [           main] org.hibernate.orm.results.graph.AST      : DomainResult Graph:
 \-EntityResultImpl [com.example.chi_daram.entity.User(217200953974500)]
 |  +-BasicFetch [com.example.chi_daram.entity.User(217200953974500).accountNonExpired]
 |  +-BasicFetch [com.example.chi_daram.entity.User(217200953974500).accountNonLocked]
 |  +-BasicFetch [com.example.chi_daram.entity.User(217200953974500).credentialsNonExpired]
 |  +-BasicFetch [com.example.chi_daram.entity.User(217200953974500).description]
 |  +-BasicFetch [com.example.chi_daram.entity.User(217200953974500).enabled]
 |  +-BasicFetch [com.example.chi_daram.entity.User(217200953974500).otpCode]
 |  +-BasicFetch [com.example.chi_daram.entity.User(217200953974500).otpEnabledForLogin]
 |  +-BasicFetch [com.example.chi_daram.entity.User(217200953974500).otpGeneratedTime]
 |  +-BasicFetch [com.example.chi_daram.entity.User(217200953974500).password]
 |  +-BasicFetch [com.example.chi_daram.entity.User(217200953974500).phoneNumber]
 |  +-SelectEagerCollectionFetch [com.example.chi_daram.entity.User(217200953974500).roles]
 |  +-BasicFetch [com.example.chi_daram.entity.User(217200953974500).title]
 |  \-BasicFetch [com.example.chi_daram.entity.User(217200953974500).username]

2025-08-24T11:33:04.295+03:30 DEBUG 1188 --- [ChiDaram App] [           main] org.hibernate.orm.sql.ast.tree           : SQL AST Tree:
    SelectStatement {
      FromClause {
        StandardTableGroup (u1 : com.example.chi_daram.entity.User(217200953974500)) {
          primaryTableReference : "user_security" as u1_0
        }
      }
    }

2025-08-24T11:33:04.296+03:30 DEBUG 1188 --- [ChiDaram App] [           main] org.hibernate.orm.sql.exec               : Skipping reading Query result cache data: cache-enabled = false, cache-mode = NORMAL
2025-08-24T11:33:04.297+03:30 DEBUG 1188 --- [ChiDaram App] [           main] org.hibernate.orm.results                : Initializer list:
	  com.example.chi_daram.entity.User(217200953974500) -> EntityResultInitializer(com.example.chi_daram.entity.User(217200953974500))@1951989805 (SingleTableEntityPersister(com.example.chi_daram.entity.User))
	  com.example.chi_daram.entity.User(217200953974500).roles -> SelectEagerCollectionInitializer(com.example.chi_daram.entity.User(217200953974500).roles)@1933827904 (PluralAttribute(com.example.chi_daram.entity.User.roles))

2025-08-24T11:33:04.297+03:30 DEBUG 1188 --- [ChiDaram App] [           main] org.hibernate.SQL                        : select u1_0.id,u1_0.account_non_expired,u1_0.account_non_locked,u1_0.credentials_non_expired,u1_0.description,u1_0.enabled,u1_0.otp_code,u1_0.otp_enabled_for_login,u1_0.otp_generated_time,u1_0.password,u1_0.phone_number,u1_0.title,u1_0.username from "user_security" u1_0 where u1_0.username=?
2025-08-24T11:33:04.300+03:30 DEBUG 1188 --- [ChiDaram App] [           main] org.hibernate.orm.results                : Extracted JDBC value [0] - [199]
2025-08-24T11:33:04.300+03:30 DEBUG 1188 --- [ChiDaram App] [           main] o.hibernate.orm.results.loading.entity   : (EntityResultInitializer) Hydrated EntityKey (com.example.chi_daram.entity.User(217200953974500)): 199
2025-08-24T11:33:04.300+03:30 DEBUG 1188 --- [ChiDaram App] [           main] o.h.o.r.l.o.h.o.r.loading.collection     : (SelectEagerCollectionInitializer) Current row collection key : com.example.chi_daram.entity.User(217200953974500).roles#199
2025-08-24T11:33:04.302+03:30 DEBUG 1188 --- [ChiDaram App] [           main] o.hibernate.orm.results.loading.entity   : (EntityResultInitializer) Created new entity instance [com.example.chi_daram.entity.User(217200953974500)#199] : 689606349
2025-08-24T11:33:04.302+03:30 DEBUG 1188 --- [ChiDaram App] [           main] org.hibernate.orm.results                : Extracted JDBC value [1] - [true]
2025-08-24T11:33:04.302+03:30 DEBUG 1188 --- [ChiDaram App] [           main] org.hibernate.orm.results                : Extracted JDBC value [2] - [true]
2025-08-24T11:33:04.302+03:30 DEBUG 1188 --- [ChiDaram App] [           main] org.hibernate.orm.results                : Extracted JDBC value [3] - [true]
2025-08-24T11:33:04.302+03:30 DEBUG 1188 --- [ChiDaram App] [           main] org.hibernate.orm.results                : Extracted JDBC value [4] - [Desc]
2025-08-24T11:33:04.302+03:30 DEBUG 1188 --- [ChiDaram App] [           main] org.hibernate.orm.results                : Extracted JDBC value [5] - [true]
2025-08-24T11:33:04.302+03:30 DEBUG 1188 --- [ChiDaram App] [           main] org.hibernate.orm.results                : Extracted JDBC value [6] - [null]
2025-08-24T11:33:04.302+03:30 DEBUG 1188 --- [ChiDaram App] [           main] org.hibernate.orm.results                : Extracted JDBC value [7] - [false]
2025-08-24T11:33:04.302+03:30 DEBUG 1188 --- [ChiDaram App] [           main] org.hibernate.orm.results                : Extracted JDBC value [8] - [null]
2025-08-24T11:33:04.302+03:30 DEBUG 1188 --- [ChiDaram App] [           main] org.hibernate.orm.results                : Extracted JDBC value [9] - [$2a$10$dvGACqVWLXT9N2nOyFKLAeBsHkJFYq0IYDivJHK99cEgTsBc7YGay]
2025-08-24T11:33:04.302+03:30 DEBUG 1188 --- [ChiDaram App] [           main] org.hibernate.orm.results                : Extracted JDBC value [10] - [09121234567]
2025-08-24T11:33:04.302+03:30 DEBUG 1188 --- [ChiDaram App] [           main] org.hibernate.orm.results                : Extracted JDBC value [11] - [Integration Test User]
2025-08-24T11:33:04.302+03:30 DEBUG 1188 --- [ChiDaram App] [           main] org.hibernate.orm.results                : Extracted JDBC value [12] - [testuser_int]
2025-08-24T11:33:04.302+03:30 DEBUG 1188 --- [ChiDaram App] [           main] o.hibernate.orm.results.loading.entity   : (EntityResultInitializer) Done materializing entityInstance : com.example.chi_daram.entity.User(217200953974500)#199
2025-08-24T11:33:04.303+03:30 DEBUG 1188 --- [ChiDaram App] [           main] org.hibernate.orm.results.loading        : Calling top-level assembler (0 / 1) : org.hibernate.sql.results.graph.entity.internal.EntityAssembler@29025b1a
2025-08-24T11:33:04.303+03:30 DEBUG 1188 --- [ChiDaram App] [           main] org.hibernate.orm.sql.exec               : Skipping reading Query result cache data: cache-enabled = false, cache-mode = IGNORE
2025-08-24T11:33:04.304+03:30 DEBUG 1188 --- [ChiDaram App] [           main] org.hibernate.orm.results                : Initializer list:
	  com.example.chi_daram.entity.User.roles -> SetInitializer(com.example.chi_daram.entity.User.roles)@1232979337 (PluralAttribute(com.example.chi_daram.entity.User.roles))

2025-08-24T11:33:04.304+03:30 DEBUG 1188 --- [ChiDaram App] [           main] org.hibernate.SQL                        : select r1_0.user_id,r1_0.role from user_roles r1_0 where r1_0.user_id=?
2025-08-24T11:33:04.306+03:30 DEBUG 1188 --- [ChiDaram App] [           main] org.hibernate.orm.results                : Extracted JDBC value [0] - [199]
2025-08-24T11:33:04.306+03:30 DEBUG 1188 --- [ChiDaram App] [           main] o.h.o.r.l.o.h.o.r.loading.collection     : (SetInitializer) Current row collection key : com.example.chi_daram.entity.User.roles#199
2025-08-24T11:33:04.306+03:30 DEBUG 1188 --- [ChiDaram App] [           main] o.h.o.r.l.o.h.o.r.loading.collection     : (SetInitializer) Responsible for loading collection [com.example.chi_daram.entity.User.roles#199] : org.hibernate.collection.spi.PersistentSet@1154415985
2025-08-24T11:33:04.306+03:30 DEBUG 1188 --- [ChiDaram App] [           main] o.h.o.r.l.o.h.o.r.loading.collection     : (SetInitializer) Reading element from row for collection [com.example.chi_daram.entity.User.roles#199] -> org.hibernate.collection.spi.PersistentSet@1154415985
2025-08-24T11:33:04.306+03:30 DEBUG 1188 --- [ChiDaram App] [           main] org.hibernate.orm.results                : Extracted JDBC value [1] - [USER]
2025-08-24T11:33:04.306+03:30 DEBUG 1188 --- [ChiDaram App] [           main] org.hibernate.orm.results.loading        : Calling top-level assembler (0 / 1) : org.hibernate.sql.results.graph.collection.internal.CollectionAssembler@3c9b416a
2025-08-24T11:33:04.306+03:30 DEBUG 1188 --- [ChiDaram App] [           main] o.h.sql.results.internal.ResultsHelper   : Collection fully initialized: [com.example.chi_daram.entity.User.roles#199]
2025-08-24T11:33:04.308+03:30 DEBUG 1188 --- [ChiDaram App] [           main] o.s.orm.jpa.JpaTransactionManager        : Initiating transaction commit
2025-08-24T11:33:04.308+03:30 DEBUG 1188 --- [ChiDaram App] [           main] o.s.orm.jpa.JpaTransactionManager        : Committing JPA transaction on EntityManager [SessionImpl(1372463843<open>)]
2025-08-24T11:33:04.308+03:30 DEBUG 1188 --- [ChiDaram App] [           main] o.h.e.t.internal.TransactionImpl         : committing
2025-08-24T11:33:04.309+03:30 DEBUG 1188 --- [ChiDaram App] [           main] o.s.orm.jpa.JpaTransactionManager        : Closing JPA EntityManager [SessionImpl(1372463843<open>)] after transaction
2025-08-24T11:33:04.996+03:30 DEBUG 1188 --- [ChiDaram App] [           main] o.s.orm.jpa.JpaTransactionManager        : Creating new transaction with name [org.springframework.data.jpa.repository.support.SimpleJpaRepository.save]: PROPAGATION_REQUIRED,ISOLATION_DEFAULT
2025-08-24T11:33:04.997+03:30 DEBUG 1188 --- [ChiDaram App] [           main] o.s.orm.jpa.JpaTransactionManager        : Opened new EntityManager [SessionImpl(1198381707<open>)] for JPA transaction
2025-08-24T11:33:04.997+03:30 DEBUG 1188 --- [ChiDaram App] [           main] o.h.e.t.internal.TransactionImpl         : On TransactionImpl creation, JpaCompliance#isJpaTransactionComplianceEnabled == false
2025-08-24T11:33:04.997+03:30 DEBUG 1188 --- [ChiDaram App] [           main] o.h.e.t.internal.TransactionImpl         : begin
2025-08-24T11:33:04.999+03:30 DEBUG 1188 --- [ChiDaram App] [           main] o.s.orm.jpa.JpaTransactionManager        : Exposing JPA transaction as JDBC [org.springframework.orm.jpa.vendor.HibernateJpaDialect$HibernateConnectionHandle@47df554d]
2025-08-24T11:33:04.999+03:30 DEBUG 1188 --- [ChiDaram App] [           main] o.h.j.internal.PersistenceUnitUtilImpl   : jakarta.persistence.PersistenceUnitUtil.getIdentifier is only intended to work with enhanced entities (although Hibernate also adapts this support to its proxies); however the passed entity was not enhanced (nor a proxy).. may not be able to read identifier
2025-08-24T11:33:05.000+03:30 DEBUG 1188 --- [ChiDaram App] [           main] org.hibernate.engine.spi.ActionQueue     : Executing identity-insert immediately
2025-08-24T11:33:05.001+03:30 DEBUG 1188 --- [ChiDaram App] [           main] org.hibernate.SQL                        : insert into "user_security" (account_non_expired,account_non_locked,credentials_non_expired,description,enabled,otp_code,otp_enabled_for_login,otp_generated_time,password,phone_number,title,username) values (?,?,?,?,?,?,?,?,?,?,?,?) returning id
2025-08-24T11:33:05.004+03:30 DEBUG 1188 --- [ChiDaram App] [           main] org.hibernate.orm.results                : Initializer list is empty
2025-08-24T11:33:05.004+03:30 DEBUG 1188 --- [ChiDaram App] [           main] org.hibernate.orm.results.loading        : Calling top-level assembler (0 / 1) : org.hibernate.sql.results.graph.basic.BasicResultAssembler@5c35267d
2025-08-24T11:33:05.004+03:30 DEBUG 1188 --- [ChiDaram App] [           main] org.hibernate.orm.results                : Extracted JDBC value [0] - [200]
2025-08-24T11:33:05.005+03:30 DEBUG 1188 --- [ChiDaram App] [           main] o.h.id.IdentifierGeneratorHelper         : Extracted generated values [com.example.chi_daram.entity.User]: [Ljava.lang.Object;@3217ac36
2025-08-24T11:33:05.006+03:30 DEBUG 1188 --- [ChiDaram App] [           main] o.s.orm.jpa.JpaTransactionManager        : Initiating transaction commit
2025-08-24T11:33:05.006+03:30 DEBUG 1188 --- [ChiDaram App] [           main] o.s.orm.jpa.JpaTransactionManager        : Committing JPA transaction on EntityManager [SessionImpl(1198381707<open>)]
2025-08-24T11:33:05.006+03:30 DEBUG 1188 --- [ChiDaram App] [           main] o.h.e.t.internal.TransactionImpl         : committing
2025-08-24T11:33:05.006+03:30 DEBUG 1188 --- [ChiDaram App] [           main] o.h.e.i.AbstractFlushingEventListener    : Processing flush-time cascades
2025-08-24T11:33:05.006+03:30 DEBUG 1188 --- [ChiDaram App] [           main] o.h.e.i.AbstractFlushingEventListener    : Dirty checking collections
2025-08-24T11:33:05.007+03:30 DEBUG 1188 --- [ChiDaram App] [           main] o.hibernate.engine.internal.Collections  : Collection found: [com.example.chi_daram.entity.User.roles#200], was: [<unreferenced>] (initialized)
2025-08-24T11:33:05.007+03:30 DEBUG 1188 --- [ChiDaram App] [           main] o.h.e.i.AbstractFlushingEventListener    : Flushed: 0 insertions, 0 updates, 0 deletions to 1 objects
2025-08-24T11:33:05.007+03:30 DEBUG 1188 --- [ChiDaram App] [           main] o.h.e.i.AbstractFlushingEventListener    : Flushed: 1 (re)creations, 0 updates, 0 removals to 1 collections
2025-08-24T11:33:05.007+03:30 DEBUG 1188 --- [ChiDaram App] [           main] o.hibernate.internal.util.EntityPrinter  : Listing entities:
2025-08-24T11:33:05.008+03:30 DEBUG 1188 --- [ChiDaram App] [           main] o.hibernate.internal.util.EntityPrinter  : com.example.chi_daram.entity.User{credentialsNonExpired=true, roles=[ROLE_USER], otpCode=null, description=Another Desc, title=Another User, enabled=true, otpGeneratedTime=null, password=$2a$10$6EiMRe1DQfzlDSCd8LIUD.OLzNShFQ.XeWqLdeoUD0tVKpi8Y0f.y, phoneNumber=09129876543, otpEnabledForLogin=false, accountNonExpired=true, id=200, accountNonLocked=true, username=anotheruser}
2025-08-24T11:33:05.008+03:30 DEBUG 1188 --- [ChiDaram App] [           main] org.hibernate.orm.jdbc.mutation          : Inserting collection rows - com.example.chi_daram.entity.User.roles : 200
2025-08-24T11:33:05.008+03:30 DEBUG 1188 --- [ChiDaram App] [           main] org.hibernate.SQL                        : insert into user_roles (user_id,role) values (?,?)
2025-08-24T11:33:05.010+03:30 DEBUG 1188 --- [ChiDaram App] [           main] org.hibernate.orm.jdbc.mutation          : Done inserting `1` collection rows : com.example.chi_daram.entity.User.roles
2025-08-24T11:33:05.012+03:30 DEBUG 1188 --- [ChiDaram App] [           main] o.s.orm.jpa.JpaTransactionManager        : Closing JPA EntityManager [SessionImpl(1198381707<open>)] after transaction
2025-08-24T11:33:05.160+03:30 DEBUG 1188 --- [ChiDaram App] [           main] tor$SharedEntityManagerInvocationHandler : Creating new EntityManager for shared EntityManager invocation
2025-08-24T11:33:05.162+03:30 DEBUG 1188 --- [ChiDaram App] [           main] org.hibernate.orm.sql.ast.create         : Created new SQL alias : u1_0
2025-08-24T11:33:05.162+03:30 DEBUG 1188 --- [ChiDaram App] [           main] org.hibernate.orm.sql.ast.create         : Registration of TableGroup [StandardTableGroup(com.example.chi_daram.entity.User(217200953974500))] with identifierForTableGroup [com.example.chi_daram.entity.User] for NavigablePath [com.example.chi_daram.entity.User] 
2025-08-24T11:33:05.163+03:30 DEBUG 1188 --- [ChiDaram App] [           main] o.h.q.sqm.sql.BaseSqmToSqlAstConverter   : Determining mapping-model type for SqmParameter : org.hibernate.query.sqm.tree.expression.SqmJpaCriteriaParameterWrapper@ae397d6
2025-08-24T11:33:05.164+03:30 DEBUG 1188 --- [ChiDaram App] [           main] o.h.q.sqm.sql.BaseSqmToSqlAstConverter   : Determining mapping-model type for SqmPath : SqmBasicValuedSimplePath(com.example.chi_daram.entity.User(217200953974500).username) 
2025-08-24T11:33:05.165+03:30 DEBUG 1188 --- [ChiDaram App] [           main] org.hibernate.orm.results.graph.AST      : DomainResult Graph:
 \-EntityResultImpl [com.example.chi_daram.entity.User(217200953974500)]
 |  +-BasicFetch [com.example.chi_daram.entity.User(217200953974500).accountNonExpired]
 |  +-BasicFetch [com.example.chi_daram.entity.User(217200953974500).accountNonLocked]
 |  +-BasicFetch [com.example.chi_daram.entity.User(217200953974500).credentialsNonExpired]
 |  +-BasicFetch [com.example.chi_daram.entity.User(217200953974500).description]
 |  +-BasicFetch [com.example.chi_daram.entity.User(217200953974500).enabled]
 |  +-BasicFetch [com.example.chi_daram.entity.User(217200953974500).otpCode]
 |  +-BasicFetch [com.example.chi_daram.entity.User(217200953974500).otpEnabledForLogin]
 |  +-BasicFetch [com.example.chi_daram.entity.User(217200953974500).otpGeneratedTime]
 |  +-BasicFetch [com.example.chi_daram.entity.User(217200953974500).password]
 |  +-BasicFetch [com.example.chi_daram.entity.User(217200953974500).phoneNumber]
 |  +-SelectEagerCollectionFetch [com.example.chi_daram.entity.User(217200953974500).roles]
 |  +-BasicFetch [com.example.chi_daram.entity.User(217200953974500).title]
 |  \-BasicFetch [com.example.chi_daram.entity.User(217200953974500).username]

2025-08-24T11:33:05.165+03:30 DEBUG 1188 --- [ChiDaram App] [           main] org.hibernate.orm.sql.ast.tree           : SQL AST Tree:
    SelectStatement {
      FromClause {
        StandardTableGroup (u1 : com.example.chi_daram.entity.User(217200953974500)) {
          primaryTableReference : "user_security" as u1_0
        }
      }
    }

2025-08-24T11:33:05.166+03:30 DEBUG 1188 --- [ChiDaram App] [           main] org.hibernate.orm.sql.exec               : Skipping reading Query result cache data: cache-enabled = false, cache-mode = NORMAL
2025-08-24T11:33:05.167+03:30 DEBUG 1188 --- [ChiDaram App] [           main] org.hibernate.orm.results                : Initializer list:
	  com.example.chi_daram.entity.User(217200953974500) -> EntityResultInitializer(com.example.chi_daram.entity.User(217200953974500))@1272261796 (SingleTableEntityPersister(com.example.chi_daram.entity.User))
	  com.example.chi_daram.entity.User(217200953974500).roles -> SelectEagerCollectionInitializer(com.example.chi_daram.entity.User(217200953974500).roles)@1570660143 (PluralAttribute(com.example.chi_daram.entity.User.roles))

2025-08-24T11:33:05.167+03:30 DEBUG 1188 --- [ChiDaram App] [           main] org.hibernate.SQL                        : select u1_0.id,u1_0.account_non_expired,u1_0.account_non_locked,u1_0.credentials_non_expired,u1_0.description,u1_0.enabled,u1_0.otp_code,u1_0.otp_enabled_for_login,u1_0.otp_generated_time,u1_0.password,u1_0.phone_number,u1_0.title,u1_0.username from "user_security" u1_0 where u1_0.username=?
2025-08-24T11:33:05.169+03:30 DEBUG 1188 --- [ChiDaram App] [           main] org.hibernate.orm.results                : Extracted JDBC value [0] - [199]
2025-08-24T11:33:05.170+03:30 DEBUG 1188 --- [ChiDaram App] [           main] o.hibernate.orm.results.loading.entity   : (EntityResultInitializer) Hydrated EntityKey (com.example.chi_daram.entity.User(217200953974500)): 199
2025-08-24T11:33:05.170+03:30 DEBUG 1188 --- [ChiDaram App] [           main] o.h.o.r.l.o.h.o.r.loading.collection     : (SelectEagerCollectionInitializer) Current row collection key : com.example.chi_daram.entity.User(217200953974500).roles#199
2025-08-24T11:33:05.170+03:30 DEBUG 1188 --- [ChiDaram App] [           main] o.hibernate.orm.results.loading.entity   : (EntityResultInitializer) Created new entity instance [com.example.chi_daram.entity.User(217200953974500)#199] : 1708159320
2025-08-24T11:33:05.170+03:30 DEBUG 1188 --- [ChiDaram App] [           main] org.hibernate.orm.results                : Extracted JDBC value [1] - [true]
2025-08-24T11:33:05.170+03:30 DEBUG 1188 --- [ChiDaram App] [           main] org.hibernate.orm.results                : Extracted JDBC value [2] - [true]
2025-08-24T11:33:05.170+03:30 DEBUG 1188 --- [ChiDaram App] [           main] org.hibernate.orm.results                : Extracted JDBC value [3] - [true]
2025-08-24T11:33:05.171+03:30 DEBUG 1188 --- [ChiDaram App] [           main] org.hibernate.orm.results                : Extracted JDBC value [4] - [Desc]
2025-08-24T11:33:05.171+03:30 DEBUG 1188 --- [ChiDaram App] [           main] org.hibernate.orm.results                : Extracted JDBC value [5] - [true]
2025-08-24T11:33:05.171+03:30 DEBUG 1188 --- [ChiDaram App] [           main] org.hibernate.orm.results                : Extracted JDBC value [6] - [null]
2025-08-24T11:33:05.171+03:30 DEBUG 1188 --- [ChiDaram App] [           main] org.hibernate.orm.results                : Extracted JDBC value [7] - [false]
2025-08-24T11:33:05.171+03:30 DEBUG 1188 --- [ChiDaram App] [           main] org.hibernate.orm.results                : Extracted JDBC value [8] - [null]
2025-08-24T11:33:05.171+03:30 DEBUG 1188 --- [ChiDaram App] [           main] org.hibernate.orm.results                : Extracted JDBC value [9] - [$2a$10$dvGACqVWLXT9N2nOyFKLAeBsHkJFYq0IYDivJHK99cEgTsBc7YGay]
2025-08-24T11:33:05.171+03:30 DEBUG 1188 --- [ChiDaram App] [           main] org.hibernate.orm.results                : Extracted JDBC value [10] - [09121234567]
2025-08-24T11:33:05.171+03:30 DEBUG 1188 --- [ChiDaram App] [           main] org.hibernate.orm.results                : Extracted JDBC value [11] - [Integration Test User]
2025-08-24T11:33:05.171+03:30 DEBUG 1188 --- [ChiDaram App] [           main] org.hibernate.orm.results                : Extracted JDBC value [12] - [testuser_int]
2025-08-24T11:33:05.172+03:30 DEBUG 1188 --- [ChiDaram App] [           main] o.hibernate.orm.results.loading.entity   : (EntityResultInitializer) Done materializing entityInstance : com.example.chi_daram.entity.User(217200953974500)#199
2025-08-24T11:33:05.172+03:30 DEBUG 1188 --- [ChiDaram App] [           main] org.hibernate.orm.results.loading        : Calling top-level assembler (0 / 1) : org.hibernate.sql.results.graph.entity.internal.EntityAssembler@677b00ae
2025-08-24T11:33:05.172+03:30 DEBUG 1188 --- [ChiDaram App] [           main] org.hibernate.orm.sql.exec               : Skipping reading Query result cache data: cache-enabled = false, cache-mode = IGNORE
2025-08-24T11:33:05.173+03:30 DEBUG 1188 --- [ChiDaram App] [           main] org.hibernate.orm.results                : Initializer list:
	  com.example.chi_daram.entity.User.roles -> SetInitializer(com.example.chi_daram.entity.User.roles)@1988111244 (PluralAttribute(com.example.chi_daram.entity.User.roles))

2025-08-24T11:33:05.173+03:30 DEBUG 1188 --- [ChiDaram App] [           main] org.hibernate.SQL                        : select r1_0.user_id,r1_0.role from user_roles r1_0 where r1_0.user_id=?
2025-08-24T11:33:05.175+03:30 DEBUG 1188 --- [ChiDaram App] [           main] org.hibernate.orm.results                : Extracted JDBC value [0] - [199]
2025-08-24T11:33:05.175+03:30 DEBUG 1188 --- [ChiDaram App] [           main] o.h.o.r.l.o.h.o.r.loading.collection     : (SetInitializer) Current row collection key : com.example.chi_daram.entity.User.roles#199
2025-08-24T11:33:05.175+03:30 DEBUG 1188 --- [ChiDaram App] [           main] o.h.o.r.l.o.h.o.r.loading.collection     : (SetInitializer) Responsible for loading collection [com.example.chi_daram.entity.User.roles#199] : org.hibernate.collection.spi.PersistentSet@1243098602
2025-08-24T11:33:05.175+03:30 DEBUG 1188 --- [ChiDaram App] [           main] o.h.o.r.l.o.h.o.r.loading.collection     : (SetInitializer) Reading element from row for collection [com.example.chi_daram.entity.User.roles#199] -> org.hibernate.collection.spi.PersistentSet@1243098602
2025-08-24T11:33:05.175+03:30 DEBUG 1188 --- [ChiDaram App] [           main] org.hibernate.orm.results                : Extracted JDBC value [1] - [USER]
2025-08-24T11:33:05.175+03:30 DEBUG 1188 --- [ChiDaram App] [           main] org.hibernate.orm.results.loading        : Calling top-level assembler (0 / 1) : org.hibernate.sql.results.graph.collection.internal.CollectionAssembler@2481db83
2025-08-24T11:33:05.175+03:30 DEBUG 1188 --- [ChiDaram App] [           main] o.h.sql.results.internal.ResultsHelper   : Collection fully initialized: [com.example.chi_daram.entity.User.roles#199]
2025-08-24T11:33:05.185+03:30 DEBUG 1188 --- [ChiDaram App] [           main] o.s.orm.jpa.JpaTransactionManager        : Creating new transaction with name [com.example.chi_daram.service.impl.UserServiceImpl.getAllUsers]: PROPAGATION_REQUIRED,ISOLATION_DEFAULT,readOnly
2025-08-24T11:33:05.185+03:30 DEBUG 1188 --- [ChiDaram App] [           main] o.s.orm.jpa.JpaTransactionManager        : Opened new EntityManager [SessionImpl(106182409<open>)] for JPA transaction
2025-08-24T11:33:05.185+03:30 DEBUG 1188 --- [ChiDaram App] [           main] o.h.e.t.internal.TransactionImpl         : On TransactionImpl creation, JpaCompliance#isJpaTransactionComplianceEnabled == false
2025-08-24T11:33:05.185+03:30 DEBUG 1188 --- [ChiDaram App] [           main] o.h.e.t.internal.TransactionImpl         : begin
2025-08-24T11:33:05.186+03:30 DEBUG 1188 --- [ChiDaram App] [           main] o.s.orm.jpa.JpaTransactionManager        : Exposing JPA transaction as JDBC [org.springframework.orm.jpa.vendor.HibernateJpaDialect$HibernateConnectionHandle@2cd92fd]
2025-08-24T11:33:05.188+03:30 DEBUG 1188 --- [ChiDaram App] [           main] o.s.orm.jpa.JpaTransactionManager        : Found thread-bound EntityManager [SessionImpl(106182409<open>)] for JPA transaction
2025-08-24T11:33:05.188+03:30 DEBUG 1188 --- [ChiDaram App] [           main] o.s.orm.jpa.JpaTransactionManager        : Participating in existing transaction
2025-08-24T11:33:05.190+03:30 DEBUG 1188 --- [ChiDaram App] [           main] org.hibernate.orm.sql.ast.create         : Created new SQL alias : u1_0
2025-08-24T11:33:05.191+03:30 DEBUG 1188 --- [ChiDaram App] [           main] org.hibernate.orm.sql.ast.create         : Registration of TableGroup [StandardTableGroup(com.example.chi_daram.entity.User(217210502112800))] with identifierForTableGroup [com.example.chi_daram.entity.User] for NavigablePath [com.example.chi_daram.entity.User] 
2025-08-24T11:33:05.193+03:30 DEBUG 1188 --- [ChiDaram App] [           main] org.hibernate.orm.results.graph.AST      : DomainResult Graph:
 \-EntityResultImpl [com.example.chi_daram.entity.User(217210502112800)]
 |  +-BasicFetch [com.example.chi_daram.entity.User(217210502112800).accountNonExpired]
 |  +-BasicFetch [com.example.chi_daram.entity.User(217210502112800).accountNonLocked]
 |  +-BasicFetch [com.example.chi_daram.entity.User(217210502112800).credentialsNonExpired]
 |  +-BasicFetch [com.example.chi_daram.entity.User(217210502112800).description]
 |  +-BasicFetch [com.example.chi_daram.entity.User(217210502112800).enabled]
 |  +-BasicFetch [com.example.chi_daram.entity.User(217210502112800).otpCode]
 |  +-BasicFetch [com.example.chi_daram.entity.User(217210502112800).otpEnabledForLogin]
 |  +-BasicFetch [com.example.chi_daram.entity.User(217210502112800).otpGeneratedTime]
 |  +-BasicFetch [com.example.chi_daram.entity.User(217210502112800).password]
 |  +-BasicFetch [com.example.chi_daram.entity.User(217210502112800).phoneNumber]
 |  +-SelectEagerCollectionFetch [com.example.chi_daram.entity.User(217210502112800).roles]
 |  +-BasicFetch [com.example.chi_daram.entity.User(217210502112800).title]
 |  \-BasicFetch [com.example.chi_daram.entity.User(217210502112800).username]

2025-08-24T11:33:05.193+03:30 DEBUG 1188 --- [ChiDaram App] [           main] org.hibernate.orm.sql.ast.tree           : SQL AST Tree:
    SelectStatement {
      FromClause {
        StandardTableGroup (u1 : com.example.chi_daram.entity.User(217210502112800)) {
          primaryTableReference : "user_security" as u1_0
        }
      }
    }

2025-08-24T11:33:05.194+03:30 DEBUG 1188 --- [ChiDaram App] [           main] org.hibernate.orm.sql.exec               : Skipping reading Query result cache data: cache-enabled = false, cache-mode = NORMAL
2025-08-24T11:33:05.194+03:30 DEBUG 1188 --- [ChiDaram App] [           main] org.hibernate.orm.results                : Initializer list:
	  com.example.chi_daram.entity.User(217210502112800) -> EntityResultInitializer(com.example.chi_daram.entity.User(217210502112800))@1599952697 (SingleTableEntityPersister(com.example.chi_daram.entity.User))
	  com.example.chi_daram.entity.User(217210502112800).roles -> SelectEagerCollectionInitializer(com.example.chi_daram.entity.User(217210502112800).roles)@298501968 (PluralAttribute(com.example.chi_daram.entity.User.roles))

2025-08-24T11:33:05.194+03:30 DEBUG 1188 --- [ChiDaram App] [           main] org.hibernate.SQL                        : select u1_0.id,u1_0.account_non_expired,u1_0.account_non_locked,u1_0.credentials_non_expired,u1_0.description,u1_0.enabled,u1_0.otp_code,u1_0.otp_enabled_for_login,u1_0.otp_generated_time,u1_0.password,u1_0.phone_number,u1_0.title,u1_0.username from "user_security" u1_0
2025-08-24T11:33:05.198+03:30 DEBUG 1188 --- [ChiDaram App] [           main] org.hibernate.orm.results                : Extracted JDBC value [0] - [199]
2025-08-24T11:33:05.198+03:30 DEBUG 1188 --- [ChiDaram App] [           main] o.hibernate.orm.results.loading.entity   : (EntityResultInitializer) Hydrated EntityKey (com.example.chi_daram.entity.User(217210502112800)): 199
2025-08-24T11:33:05.199+03:30 DEBUG 1188 --- [ChiDaram App] [           main] o.h.o.r.l.o.h.o.r.loading.collection     : (SelectEagerCollectionInitializer) Current row collection key : com.example.chi_daram.entity.User(217210502112800).roles#199
2025-08-24T11:33:05.200+03:30 DEBUG 1188 --- [ChiDaram App] [           main] o.hibernate.orm.results.loading.entity   : (EntityResultInitializer) Created new entity instance [com.example.chi_daram.entity.User(217210502112800)#199] : 1800907882
2025-08-24T11:33:05.200+03:30 DEBUG 1188 --- [ChiDaram App] [           main] org.hibernate.orm.results                : Extracted JDBC value [1] - [true]
2025-08-24T11:33:05.201+03:30 DEBUG 1188 --- [ChiDaram App] [           main] org.hibernate.orm.results                : Extracted JDBC value [2] - [true]
2025-08-24T11:33:05.201+03:30 DEBUG 1188 --- [ChiDaram App] [           main] org.hibernate.orm.results                : Extracted JDBC value [3] - [true]
2025-08-24T11:33:05.201+03:30 DEBUG 1188 --- [ChiDaram App] [           main] org.hibernate.orm.results                : Extracted JDBC value [4] - [Desc]
2025-08-24T11:33:05.201+03:30 DEBUG 1188 --- [ChiDaram App] [           main] org.hibernate.orm.results                : Extracted JDBC value [5] - [true]
2025-08-24T11:33:05.201+03:30 DEBUG 1188 --- [ChiDaram App] [           main] org.hibernate.orm.results                : Extracted JDBC value [6] - [null]
2025-08-24T11:33:05.201+03:30 DEBUG 1188 --- [ChiDaram App] [           main] org.hibernate.orm.results                : Extracted JDBC value [7] - [false]
2025-08-24T11:33:05.202+03:30 DEBUG 1188 --- [ChiDaram App] [           main] org.hibernate.orm.results                : Extracted JDBC value [8] - [null]
2025-08-24T11:33:05.202+03:30 DEBUG 1188 --- [ChiDaram App] [           main] org.hibernate.orm.results                : Extracted JDBC value [9] - [$2a$10$dvGACqVWLXT9N2nOyFKLAeBsHkJFYq0IYDivJHK99cEgTsBc7YGay]
2025-08-24T11:33:05.202+03:30 DEBUG 1188 --- [ChiDaram App] [           main] org.hibernate.orm.results                : Extracted JDBC value [10] - [09121234567]
2025-08-24T11:33:05.202+03:30 DEBUG 1188 --- [ChiDaram App] [           main] org.hibernate.orm.results                : Extracted JDBC value [11] - [Integration Test User]
2025-08-24T11:33:05.202+03:30 DEBUG 1188 --- [ChiDaram App] [           main] org.hibernate.orm.results                : Extracted JDBC value [12] - [testuser_int]
2025-08-24T11:33:05.203+03:30 DEBUG 1188 --- [ChiDaram App] [           main] o.hibernate.orm.results.loading.entity   : (EntityResultInitializer) Done materializing entityInstance : com.example.chi_daram.entity.User(217210502112800)#199
2025-08-24T11:33:05.203+03:30 DEBUG 1188 --- [ChiDaram App] [           main] org.hibernate.orm.results.loading        : Calling top-level assembler (0 / 1) : org.hibernate.sql.results.graph.entity.internal.EntityAssembler@1b2af5ed
2025-08-24T11:33:05.203+03:30 DEBUG 1188 --- [ChiDaram App] [           main] org.hibernate.orm.results                : Extracted JDBC value [0] - [200]
2025-08-24T11:33:05.203+03:30 DEBUG 1188 --- [ChiDaram App] [           main] o.hibernate.orm.results.loading.entity   : (EntityResultInitializer) Hydrated EntityKey (com.example.chi_daram.entity.User(217210502112800)): 200
2025-08-24T11:33:05.204+03:30 DEBUG 1188 --- [ChiDaram App] [           main] o.h.o.r.l.o.h.o.r.loading.collection     : (SelectEagerCollectionInitializer) Current row collection key : com.example.chi_daram.entity.User(217210502112800).roles#200
2025-08-24T11:33:05.204+03:30 DEBUG 1188 --- [ChiDaram App] [           main] o.hibernate.orm.results.loading.entity   : (EntityResultInitializer) Created new entity instance [com.example.chi_daram.entity.User(217210502112800)#200] : 1931787432
2025-08-24T11:33:05.204+03:30 DEBUG 1188 --- [ChiDaram App] [           main] org.hibernate.orm.results                : Extracted JDBC value [1] - [true]
2025-08-24T11:33:05.205+03:30 DEBUG 1188 --- [ChiDaram App] [           main] org.hibernate.orm.results                : Extracted JDBC value [2] - [true]
2025-08-24T11:33:05.205+03:30 DEBUG 1188 --- [ChiDaram App] [           main] org.hibernate.orm.results                : Extracted JDBC value [3] - [true]
2025-08-24T11:33:05.205+03:30 DEBUG 1188 --- [ChiDaram App] [           main] org.hibernate.orm.results                : Extracted JDBC value [4] - [Another Desc]
2025-08-24T11:33:05.205+03:30 DEBUG 1188 --- [ChiDaram App] [           main] org.hibernate.orm.results                : Extracted JDBC value [5] - [true]
2025-08-24T11:33:05.205+03:30 DEBUG 1188 --- [ChiDaram App] [           main] org.hibernate.orm.results                : Extracted JDBC value [6] - [null]
2025-08-24T11:33:05.205+03:30 DEBUG 1188 --- [ChiDaram App] [           main] org.hibernate.orm.results                : Extracted JDBC value [7] - [false]
2025-08-24T11:33:05.205+03:30 DEBUG 1188 --- [ChiDaram App] [           main] org.hibernate.orm.results                : Extracted JDBC value [8] - [null]
2025-08-24T11:33:05.206+03:30 DEBUG 1188 --- [ChiDaram App] [           main] org.hibernate.orm.results                : Extracted JDBC value [9] - [$2a$10$6EiMRe1DQfzlDSCd8LIUD.OLzNShFQ.XeWqLdeoUD0tVKpi8Y0f.y]
2025-08-24T11:33:05.206+03:30 DEBUG 1188 --- [ChiDaram App] [           main] org.hibernate.orm.results                : Extracted JDBC value [10] - [09129876543]
2025-08-24T11:33:05.206+03:30 DEBUG 1188 --- [ChiDaram App] [           main] org.hibernate.orm.results                : Extracted JDBC value [11] - [Another User]
2025-08-24T11:33:05.206+03:30 DEBUG 1188 --- [ChiDaram App] [           main] org.hibernate.orm.results                : Extracted JDBC value [12] - [anotheruser]
2025-08-24T11:33:05.207+03:30 DEBUG 1188 --- [ChiDaram App] [           main] o.hibernate.orm.results.loading.entity   : (EntityResultInitializer) Done materializing entityInstance : com.example.chi_daram.entity.User(217210502112800)#200
2025-08-24T11:33:05.207+03:30 DEBUG 1188 --- [ChiDaram App] [           main] org.hibernate.orm.results.loading        : Calling top-level assembler (0 / 1) : org.hibernate.sql.results.graph.entity.internal.EntityAssembler@1b2af5ed
2025-08-24T11:33:05.209+03:30 DEBUG 1188 --- [ChiDaram App] [           main] org.hibernate.orm.sql.exec               : Skipping reading Query result cache data: cache-enabled = false, cache-mode = IGNORE
2025-08-24T11:33:05.210+03:30 DEBUG 1188 --- [ChiDaram App] [           main] org.hibernate.orm.results                : Initializer list:
	  com.example.chi_daram.entity.User.roles -> SetInitializer(com.example.chi_daram.entity.User.roles)@1173588252 (PluralAttribute(com.example.chi_daram.entity.User.roles))

2025-08-24T11:33:05.211+03:30 DEBUG 1188 --- [ChiDaram App] [           main] org.hibernate.SQL                        : select r1_0.user_id,r1_0.role from user_roles r1_0 where r1_0.user_id=?
2025-08-24T11:33:05.214+03:30 DEBUG 1188 --- [ChiDaram App] [           main] org.hibernate.orm.results                : Extracted JDBC value [0] - [200]
2025-08-24T11:33:05.214+03:30 DEBUG 1188 --- [ChiDaram App] [           main] o.h.o.r.l.o.h.o.r.loading.collection     : (SetInitializer) Current row collection key : com.example.chi_daram.entity.User.roles#200
2025-08-24T11:33:05.214+03:30 DEBUG 1188 --- [ChiDaram App] [           main] o.h.o.r.l.o.h.o.r.loading.collection     : (SetInitializer) Responsible for loading collection [com.example.chi_daram.entity.User.roles#200] : org.hibernate.collection.spi.PersistentSet@633760346
2025-08-24T11:33:05.214+03:30 DEBUG 1188 --- [ChiDaram App] [           main] o.h.o.r.l.o.h.o.r.loading.collection     : (SetInitializer) Reading element from row for collection [com.example.chi_daram.entity.User.roles#200] -> org.hibernate.collection.spi.PersistentSet@633760346
2025-08-24T11:33:05.214+03:30 DEBUG 1188 --- [ChiDaram App] [           main] org.hibernate.orm.results                : Extracted JDBC value [1] - [ROLE_USER]
2025-08-24T11:33:05.215+03:30 DEBUG 1188 --- [ChiDaram App] [           main] org.hibernate.orm.results.loading        : Calling top-level assembler (0 / 1) : org.hibernate.sql.results.graph.collection.internal.CollectionAssembler@5883f0d5
2025-08-24T11:33:05.215+03:30 DEBUG 1188 --- [ChiDaram App] [           main] o.h.sql.results.internal.ResultsHelper   : Collection fully initialized: [com.example.chi_daram.entity.User.roles#200]
2025-08-24T11:33:05.216+03:30 DEBUG 1188 --- [ChiDaram App] [           main] org.hibernate.orm.sql.exec               : Skipping reading Query result cache data: cache-enabled = false, cache-mode = IGNORE
2025-08-24T11:33:05.217+03:30 DEBUG 1188 --- [ChiDaram App] [           main] org.hibernate.orm.results                : Initializer list:
	  com.example.chi_daram.entity.User.roles -> SetInitializer(com.example.chi_daram.entity.User.roles)@23148976 (PluralAttribute(com.example.chi_daram.entity.User.roles))

2025-08-24T11:33:05.217+03:30 DEBUG 1188 --- [ChiDaram App] [           main] org.hibernate.SQL                        : select r1_0.user_id,r1_0.role from user_roles r1_0 where r1_0.user_id=?
2025-08-24T11:33:05.220+03:30 DEBUG 1188 --- [ChiDaram App] [           main] org.hibernate.orm.results                : Extracted JDBC value [0] - [199]
2025-08-24T11:33:05.221+03:30 DEBUG 1188 --- [ChiDaram App] [           main] o.h.o.r.l.o.h.o.r.loading.collection     : (SetInitializer) Current row collection key : com.example.chi_daram.entity.User.roles#199
2025-08-24T11:33:05.221+03:30 DEBUG 1188 --- [ChiDaram App] [           main] o.h.o.r.l.o.h.o.r.loading.collection     : (SetInitializer) Responsible for loading collection [com.example.chi_daram.entity.User.roles#199] : org.hibernate.collection.spi.PersistentSet@752883223
2025-08-24T11:33:05.222+03:30 DEBUG 1188 --- [ChiDaram App] [           main] o.h.o.r.l.o.h.o.r.loading.collection     : (SetInitializer) Reading element from row for collection [com.example.chi_daram.entity.User.roles#199] -> org.hibernate.collection.spi.PersistentSet@752883223
2025-08-24T11:33:05.225+03:30 DEBUG 1188 --- [ChiDaram App] [           main] org.hibernate.orm.results                : Extracted JDBC value [1] - [USER]
2025-08-24T11:33:05.225+03:30 DEBUG 1188 --- [ChiDaram App] [           main] org.hibernate.orm.results.loading        : Calling top-level assembler (0 / 1) : org.hibernate.sql.results.graph.collection.internal.CollectionAssembler@4966454a
2025-08-24T11:33:05.225+03:30 DEBUG 1188 --- [ChiDaram App] [           main] o.h.sql.results.internal.ResultsHelper   : Collection fully initialized: [com.example.chi_daram.entity.User.roles#199]
2025-08-24T11:33:05.230+03:30 DEBUG 1188 --- [ChiDaram App] [           main] o.s.orm.jpa.JpaTransactionManager        : Initiating transaction commit
2025-08-24T11:33:05.231+03:30 DEBUG 1188 --- [ChiDaram App] [           main] o.s.orm.jpa.JpaTransactionManager        : Committing JPA transaction on EntityManager [SessionImpl(106182409<open>)]
2025-08-24T11:33:05.231+03:30 DEBUG 1188 --- [ChiDaram App] [           main] o.h.e.t.internal.TransactionImpl         : committing
2025-08-24T11:33:05.232+03:30 DEBUG 1188 --- [ChiDaram App] [           main] o.s.orm.jpa.JpaTransactionManager        : Closing JPA EntityManager [SessionImpl(106182409<open>)] after transaction
]]></system-out>
  </testcase>
  <testcase name="testUpdateUser_Authenticated" classname="com.example.chi_daram.controller.UserControllerIntegrationTest" time="1.085">
    <system-out><![CDATA[2025-08-24T11:33:05.480+03:30 DEBUG 1188 --- [ChiDaram App] [           main] o.s.orm.jpa.JpaTransactionManager        : Creating new transaction with name [org.springframework.data.jpa.repository.support.SimpleJpaRepository.deleteAll]: PROPAGATION_REQUIRED,ISOLATION_DEFAULT
2025-08-24T11:33:05.481+03:30 DEBUG 1188 --- [ChiDaram App] [           main] o.s.orm.jpa.JpaTransactionManager        : Opened new EntityManager [SessionImpl(1368525744<open>)] for JPA transaction
2025-08-24T11:33:05.481+03:30 DEBUG 1188 --- [ChiDaram App] [           main] o.h.e.t.internal.TransactionImpl         : On TransactionImpl creation, JpaCompliance#isJpaTransactionComplianceEnabled == false
2025-08-24T11:33:05.481+03:30 DEBUG 1188 --- [ChiDaram App] [           main] o.h.e.t.internal.TransactionImpl         : begin
2025-08-24T11:33:05.481+03:30 DEBUG 1188 --- [ChiDaram App] [           main] o.s.orm.jpa.JpaTransactionManager        : Exposing JPA transaction as JDBC [org.springframework.orm.jpa.vendor.HibernateJpaDialect$HibernateConnectionHandle@1a7186ef]
2025-08-24T11:33:05.483+03:30 DEBUG 1188 --- [ChiDaram App] [           main] org.hibernate.orm.sql.ast.create         : Created new SQL alias : u1_0
2025-08-24T11:33:05.483+03:30 DEBUG 1188 --- [ChiDaram App] [           main] org.hibernate.orm.sql.ast.create         : Registration of TableGroup [StandardTableGroup(com.example.chi_daram.entity.User(217210795630100))] with identifierForTableGroup [com.example.chi_daram.entity.User] for NavigablePath [com.example.chi_daram.entity.User] 
2025-08-24T11:33:05.485+03:30 DEBUG 1188 --- [ChiDaram App] [           main] org.hibernate.orm.results.graph.AST      : DomainResult Graph:
 \-EntityResultImpl [com.example.chi_daram.entity.User(217210795630100)]
 |  +-BasicFetch [com.example.chi_daram.entity.User(217210795630100).accountNonExpired]
 |  +-BasicFetch [com.example.chi_daram.entity.User(217210795630100).accountNonLocked]
 |  +-BasicFetch [com.example.chi_daram.entity.User(217210795630100).credentialsNonExpired]
 |  +-BasicFetch [com.example.chi_daram.entity.User(217210795630100).description]
 |  +-BasicFetch [com.example.chi_daram.entity.User(217210795630100).enabled]
 |  +-BasicFetch [com.example.chi_daram.entity.User(217210795630100).otpCode]
 |  +-BasicFetch [com.example.chi_daram.entity.User(217210795630100).otpEnabledForLogin]
 |  +-BasicFetch [com.example.chi_daram.entity.User(217210795630100).otpGeneratedTime]
 |  +-BasicFetch [com.example.chi_daram.entity.User(217210795630100).password]
 |  +-BasicFetch [com.example.chi_daram.entity.User(217210795630100).phoneNumber]
 |  +-SelectEagerCollectionFetch [com.example.chi_daram.entity.User(217210795630100).roles]
 |  +-BasicFetch [com.example.chi_daram.entity.User(217210795630100).title]
 |  \-BasicFetch [com.example.chi_daram.entity.User(217210795630100).username]

2025-08-24T11:33:05.485+03:30 DEBUG 1188 --- [ChiDaram App] [           main] org.hibernate.orm.sql.ast.tree           : SQL AST Tree:
    SelectStatement {
      FromClause {
        StandardTableGroup (u1 : com.example.chi_daram.entity.User(217210795630100)) {
          primaryTableReference : "user_security" as u1_0
        }
      }
    }

2025-08-24T11:33:05.486+03:30 DEBUG 1188 --- [ChiDaram App] [           main] org.hibernate.orm.sql.exec               : Skipping reading Query result cache data: cache-enabled = false, cache-mode = NORMAL
2025-08-24T11:33:05.486+03:30 DEBUG 1188 --- [ChiDaram App] [           main] org.hibernate.orm.results                : Initializer list:
	  com.example.chi_daram.entity.User(217210795630100) -> EntityResultInitializer(com.example.chi_daram.entity.User(217210795630100))@2011517800 (SingleTableEntityPersister(com.example.chi_daram.entity.User))
	  com.example.chi_daram.entity.User(217210795630100).roles -> SelectEagerCollectionInitializer(com.example.chi_daram.entity.User(217210795630100).roles)@1566685814 (PluralAttribute(com.example.chi_daram.entity.User.roles))

2025-08-24T11:33:05.487+03:30 DEBUG 1188 --- [ChiDaram App] [           main] org.hibernate.SQL                        : select u1_0.id,u1_0.account_non_expired,u1_0.account_non_locked,u1_0.credentials_non_expired,u1_0.description,u1_0.enabled,u1_0.otp_code,u1_0.otp_enabled_for_login,u1_0.otp_generated_time,u1_0.password,u1_0.phone_number,u1_0.title,u1_0.username from "user_security" u1_0
2025-08-24T11:33:05.489+03:30 DEBUG 1188 --- [ChiDaram App] [           main] org.hibernate.orm.results                : Extracted JDBC value [0] - [199]
2025-08-24T11:33:05.490+03:30 DEBUG 1188 --- [ChiDaram App] [           main] o.hibernate.orm.results.loading.entity   : (EntityResultInitializer) Hydrated EntityKey (com.example.chi_daram.entity.User(217210795630100)): 199
2025-08-24T11:33:05.490+03:30 DEBUG 1188 --- [ChiDaram App] [           main] o.h.o.r.l.o.h.o.r.loading.collection     : (SelectEagerCollectionInitializer) Current row collection key : com.example.chi_daram.entity.User(217210795630100).roles#199
2025-08-24T11:33:05.490+03:30 DEBUG 1188 --- [ChiDaram App] [           main] o.hibernate.orm.results.loading.entity   : (EntityResultInitializer) Created new entity instance [com.example.chi_daram.entity.User(217210795630100)#199] : 319953932
2025-08-24T11:33:05.490+03:30 DEBUG 1188 --- [ChiDaram App] [           main] org.hibernate.orm.results                : Extracted JDBC value [1] - [true]
2025-08-24T11:33:05.491+03:30 DEBUG 1188 --- [ChiDaram App] [           main] org.hibernate.orm.results                : Extracted JDBC value [2] - [true]
2025-08-24T11:33:05.491+03:30 DEBUG 1188 --- [ChiDaram App] [           main] org.hibernate.orm.results                : Extracted JDBC value [3] - [true]
2025-08-24T11:33:05.491+03:30 DEBUG 1188 --- [ChiDaram App] [           main] org.hibernate.orm.results                : Extracted JDBC value [4] - [Desc]
2025-08-24T11:33:05.491+03:30 DEBUG 1188 --- [ChiDaram App] [           main] org.hibernate.orm.results                : Extracted JDBC value [5] - [true]
2025-08-24T11:33:05.491+03:30 DEBUG 1188 --- [ChiDaram App] [           main] org.hibernate.orm.results                : Extracted JDBC value [6] - [null]
2025-08-24T11:33:05.491+03:30 DEBUG 1188 --- [ChiDaram App] [           main] org.hibernate.orm.results                : Extracted JDBC value [7] - [false]
2025-08-24T11:33:05.491+03:30 DEBUG 1188 --- [ChiDaram App] [           main] org.hibernate.orm.results                : Extracted JDBC value [8] - [null]
2025-08-24T11:33:05.491+03:30 DEBUG 1188 --- [ChiDaram App] [           main] org.hibernate.orm.results                : Extracted JDBC value [9] - [$2a$10$dvGACqVWLXT9N2nOyFKLAeBsHkJFYq0IYDivJHK99cEgTsBc7YGay]
2025-08-24T11:33:05.491+03:30 DEBUG 1188 --- [ChiDaram App] [           main] org.hibernate.orm.results                : Extracted JDBC value [10] - [09121234567]
2025-08-24T11:33:05.491+03:30 DEBUG 1188 --- [ChiDaram App] [           main] org.hibernate.orm.results                : Extracted JDBC value [11] - [Integration Test User]
2025-08-24T11:33:05.491+03:30 DEBUG 1188 --- [ChiDaram App] [           main] org.hibernate.orm.results                : Extracted JDBC value [12] - [testuser_int]
2025-08-24T11:33:05.492+03:30 DEBUG 1188 --- [ChiDaram App] [           main] o.hibernate.orm.results.loading.entity   : (EntityResultInitializer) Done materializing entityInstance : com.example.chi_daram.entity.User(217210795630100)#199
2025-08-24T11:33:05.492+03:30 DEBUG 1188 --- [ChiDaram App] [           main] org.hibernate.orm.results.loading        : Calling top-level assembler (0 / 1) : org.hibernate.sql.results.graph.entity.internal.EntityAssembler@592e7718
2025-08-24T11:33:05.492+03:30 DEBUG 1188 --- [ChiDaram App] [           main] org.hibernate.orm.results                : Extracted JDBC value [0] - [200]
2025-08-24T11:33:05.492+03:30 DEBUG 1188 --- [ChiDaram App] [           main] o.hibernate.orm.results.loading.entity   : (EntityResultInitializer) Hydrated EntityKey (com.example.chi_daram.entity.User(217210795630100)): 200
2025-08-24T11:33:05.493+03:30 DEBUG 1188 --- [ChiDaram App] [           main] o.h.o.r.l.o.h.o.r.loading.collection     : (SelectEagerCollectionInitializer) Current row collection key : com.example.chi_daram.entity.User(217210795630100).roles#200
2025-08-24T11:33:05.493+03:30 DEBUG 1188 --- [ChiDaram App] [           main] o.hibernate.orm.results.loading.entity   : (EntityResultInitializer) Created new entity instance [com.example.chi_daram.entity.User(217210795630100)#200] : 480246012
2025-08-24T11:33:05.494+03:30 DEBUG 1188 --- [ChiDaram App] [           main] org.hibernate.orm.results                : Extracted JDBC value [1] - [true]
2025-08-24T11:33:05.494+03:30 DEBUG 1188 --- [ChiDaram App] [           main] org.hibernate.orm.results                : Extracted JDBC value [2] - [true]
2025-08-24T11:33:05.494+03:30 DEBUG 1188 --- [ChiDaram App] [           main] org.hibernate.orm.results                : Extracted JDBC value [3] - [true]
2025-08-24T11:33:05.494+03:30 DEBUG 1188 --- [ChiDaram App] [           main] org.hibernate.orm.results                : Extracted JDBC value [4] - [Another Desc]
2025-08-24T11:33:05.495+03:30 DEBUG 1188 --- [ChiDaram App] [           main] org.hibernate.orm.results                : Extracted JDBC value [5] - [true]
2025-08-24T11:33:05.495+03:30 DEBUG 1188 --- [ChiDaram App] [           main] org.hibernate.orm.results                : Extracted JDBC value [6] - [null]
2025-08-24T11:33:05.495+03:30 DEBUG 1188 --- [ChiDaram App] [           main] org.hibernate.orm.results                : Extracted JDBC value [7] - [false]
2025-08-24T11:33:05.497+03:30 DEBUG 1188 --- [ChiDaram App] [           main] org.hibernate.orm.results                : Extracted JDBC value [8] - [null]
2025-08-24T11:33:05.497+03:30 DEBUG 1188 --- [ChiDaram App] [           main] org.hibernate.orm.results                : Extracted JDBC value [9] - [$2a$10$6EiMRe1DQfzlDSCd8LIUD.OLzNShFQ.XeWqLdeoUD0tVKpi8Y0f.y]
2025-08-24T11:33:05.497+03:30 DEBUG 1188 --- [ChiDaram App] [           main] org.hibernate.orm.results                : Extracted JDBC value [10] - [09129876543]
2025-08-24T11:33:05.498+03:30 DEBUG 1188 --- [ChiDaram App] [           main] org.hibernate.orm.results                : Extracted JDBC value [11] - [Another User]
2025-08-24T11:33:05.498+03:30 DEBUG 1188 --- [ChiDaram App] [           main] org.hibernate.orm.results                : Extracted JDBC value [12] - [anotheruser]
2025-08-24T11:33:05.499+03:30 DEBUG 1188 --- [ChiDaram App] [           main] o.hibernate.orm.results.loading.entity   : (EntityResultInitializer) Done materializing entityInstance : com.example.chi_daram.entity.User(217210795630100)#200
2025-08-24T11:33:05.499+03:30 DEBUG 1188 --- [ChiDaram App] [           main] org.hibernate.orm.results.loading        : Calling top-level assembler (0 / 1) : org.hibernate.sql.results.graph.entity.internal.EntityAssembler@592e7718
2025-08-24T11:33:05.500+03:30 DEBUG 1188 --- [ChiDaram App] [           main] org.hibernate.orm.sql.exec               : Skipping reading Query result cache data: cache-enabled = false, cache-mode = IGNORE
2025-08-24T11:33:05.500+03:30 DEBUG 1188 --- [ChiDaram App] [           main] org.hibernate.orm.results                : Initializer list:
	  com.example.chi_daram.entity.User.roles -> SetInitializer(com.example.chi_daram.entity.User.roles)@1508413638 (PluralAttribute(com.example.chi_daram.entity.User.roles))

2025-08-24T11:33:05.501+03:30 DEBUG 1188 --- [ChiDaram App] [           main] org.hibernate.SQL                        : select r1_0.user_id,r1_0.role from user_roles r1_0 where r1_0.user_id=?
2025-08-24T11:33:05.503+03:30 DEBUG 1188 --- [ChiDaram App] [           main] org.hibernate.orm.results                : Extracted JDBC value [0] - [200]
2025-08-24T11:33:05.503+03:30 DEBUG 1188 --- [ChiDaram App] [           main] o.h.o.r.l.o.h.o.r.loading.collection     : (SetInitializer) Current row collection key : com.example.chi_daram.entity.User.roles#200
2025-08-24T11:33:05.503+03:30 DEBUG 1188 --- [ChiDaram App] [           main] o.h.o.r.l.o.h.o.r.loading.collection     : (SetInitializer) Responsible for loading collection [com.example.chi_daram.entity.User.roles#200] : org.hibernate.collection.spi.PersistentSet@535717151
2025-08-24T11:33:05.503+03:30 DEBUG 1188 --- [ChiDaram App] [           main] o.h.o.r.l.o.h.o.r.loading.collection     : (SetInitializer) Reading element from row for collection [com.example.chi_daram.entity.User.roles#200] -> org.hibernate.collection.spi.PersistentSet@535717151
2025-08-24T11:33:05.504+03:30 DEBUG 1188 --- [ChiDaram App] [           main] org.hibernate.orm.results                : Extracted JDBC value [1] - [ROLE_USER]
2025-08-24T11:33:05.504+03:30 DEBUG 1188 --- [ChiDaram App] [           main] org.hibernate.orm.results.loading        : Calling top-level assembler (0 / 1) : org.hibernate.sql.results.graph.collection.internal.CollectionAssembler@7c45bd55
2025-08-24T11:33:05.504+03:30 DEBUG 1188 --- [ChiDaram App] [           main] o.h.sql.results.internal.ResultsHelper   : Collection fully initialized: [com.example.chi_daram.entity.User.roles#200]
2025-08-24T11:33:05.505+03:30 DEBUG 1188 --- [ChiDaram App] [           main] org.hibernate.orm.sql.exec               : Skipping reading Query result cache data: cache-enabled = false, cache-mode = IGNORE
2025-08-24T11:33:05.505+03:30 DEBUG 1188 --- [ChiDaram App] [           main] org.hibernate.orm.results                : Initializer list:
	  com.example.chi_daram.entity.User.roles -> SetInitializer(com.example.chi_daram.entity.User.roles)@1639349435 (PluralAttribute(com.example.chi_daram.entity.User.roles))

2025-08-24T11:33:05.505+03:30 DEBUG 1188 --- [ChiDaram App] [           main] org.hibernate.SQL                        : select r1_0.user_id,r1_0.role from user_roles r1_0 where r1_0.user_id=?
2025-08-24T11:33:05.507+03:30 DEBUG 1188 --- [ChiDaram App] [           main] org.hibernate.orm.results                : Extracted JDBC value [0] - [199]
2025-08-24T11:33:05.508+03:30 DEBUG 1188 --- [ChiDaram App] [           main] o.h.o.r.l.o.h.o.r.loading.collection     : (SetInitializer) Current row collection key : com.example.chi_daram.entity.User.roles#199
2025-08-24T11:33:05.508+03:30 DEBUG 1188 --- [ChiDaram App] [           main] o.h.o.r.l.o.h.o.r.loading.collection     : (SetInitializer) Responsible for loading collection [com.example.chi_daram.entity.User.roles#199] : org.hibernate.collection.spi.PersistentSet@1139844626
2025-08-24T11:33:05.508+03:30 DEBUG 1188 --- [ChiDaram App] [           main] o.h.o.r.l.o.h.o.r.loading.collection     : (SetInitializer) Reading element from row for collection [com.example.chi_daram.entity.User.roles#199] -> org.hibernate.collection.spi.PersistentSet@1139844626
2025-08-24T11:33:05.508+03:30 DEBUG 1188 --- [ChiDaram App] [           main] org.hibernate.orm.results                : Extracted JDBC value [1] - [USER]
2025-08-24T11:33:05.508+03:30 DEBUG 1188 --- [ChiDaram App] [           main] org.hibernate.orm.results.loading        : Calling top-level assembler (0 / 1) : org.hibernate.sql.results.graph.collection.internal.CollectionAssembler@9be2619
2025-08-24T11:33:05.508+03:30 DEBUG 1188 --- [ChiDaram App] [           main] o.h.sql.results.internal.ResultsHelper   : Collection fully initialized: [com.example.chi_daram.entity.User.roles#199]
2025-08-24T11:33:05.508+03:30 DEBUG 1188 --- [ChiDaram App] [           main] o.h.j.internal.PersistenceUnitUtilImpl   : jakarta.persistence.PersistenceUnitUtil.getIdentifier is only intended to work with enhanced entities (although Hibernate also adapts this support to its proxies); however the passed entity was not enhanced (nor a proxy).. may not be able to read identifier
2025-08-24T11:33:05.508+03:30 DEBUG 1188 --- [ChiDaram App] [           main] o.h.j.internal.PersistenceUnitUtilImpl   : jakarta.persistence.PersistenceUnitUtil.getIdentifier is only intended to work with enhanced entities (although Hibernate also adapts this support to its proxies); however the passed entity was not enhanced (nor a proxy).. may not be able to read identifier
2025-08-24T11:33:05.552+03:30 DEBUG 1188 --- [ChiDaram App] [           main] o.h.j.internal.PersistenceUnitUtilImpl   : jakarta.persistence.PersistenceUnitUtil.getIdentifier is only intended to work with enhanced entities (although Hibernate also adapts this support to its proxies); however the passed entity was not enhanced (nor a proxy).. may not be able to read identifier
2025-08-24T11:33:05.552+03:30 DEBUG 1188 --- [ChiDaram App] [           main] o.h.j.internal.PersistenceUnitUtilImpl   : jakarta.persistence.PersistenceUnitUtil.getIdentifier is only intended to work with enhanced entities (although Hibernate also adapts this support to its proxies); however the passed entity was not enhanced (nor a proxy).. may not be able to read identifier
2025-08-24T11:33:05.554+03:30 DEBUG 1188 --- [ChiDaram App] [           main] o.s.orm.jpa.JpaTransactionManager        : Initiating transaction commit
2025-08-24T11:33:05.554+03:30 DEBUG 1188 --- [ChiDaram App] [           main] o.s.orm.jpa.JpaTransactionManager        : Committing JPA transaction on EntityManager [SessionImpl(1368525744<open>)]
2025-08-24T11:33:05.554+03:30 DEBUG 1188 --- [ChiDaram App] [           main] o.h.e.t.internal.TransactionImpl         : committing
2025-08-24T11:33:05.554+03:30 DEBUG 1188 --- [ChiDaram App] [           main] o.h.e.i.AbstractFlushingEventListener    : Processing flush-time cascades
2025-08-24T11:33:05.555+03:30 DEBUG 1188 --- [ChiDaram App] [           main] o.h.e.i.AbstractFlushingEventListener    : Dirty checking collections
2025-08-24T11:33:05.555+03:30 DEBUG 1188 --- [ChiDaram App] [           main] o.hibernate.engine.internal.Collections  : Collection dereferenced: [com.example.chi_daram.entity.User.roles#199]
2025-08-24T11:33:05.555+03:30 DEBUG 1188 --- [ChiDaram App] [           main] o.hibernate.engine.internal.Collections  : Collection dereferenced: [com.example.chi_daram.entity.User.roles#200]
2025-08-24T11:33:05.558+03:30 DEBUG 1188 --- [ChiDaram App] [           main] o.h.e.i.AbstractFlushingEventListener    : Flushed: 0 insertions, 0 updates, 2 deletions to 2 objects
2025-08-24T11:33:05.558+03:30 DEBUG 1188 --- [ChiDaram App] [           main] o.h.e.i.AbstractFlushingEventListener    : Flushed: 0 (re)creations, 0 updates, 2 removals to 2 collections
2025-08-24T11:33:05.558+03:30 DEBUG 1188 --- [ChiDaram App] [           main] o.hibernate.internal.util.EntityPrinter  : Listing entities:
2025-08-24T11:33:05.560+03:30 DEBUG 1188 --- [ChiDaram App] [           main] o.hibernate.internal.util.EntityPrinter  : com.example.chi_daram.entity.User{credentialsNonExpired=true, roles=[ROLE_USER], otpCode=null, description=Another Desc, title=Another User, enabled=true, otpGeneratedTime=null, password=$2a$10$6EiMRe1DQfzlDSCd8LIUD.OLzNShFQ.XeWqLdeoUD0tVKpi8Y0f.y, phoneNumber=09129876543, otpEnabledForLogin=false, accountNonExpired=true, id=200, accountNonLocked=true, username=anotheruser}
2025-08-24T11:33:05.561+03:30 DEBUG 1188 --- [ChiDaram App] [           main] o.hibernate.internal.util.EntityPrinter  : com.example.chi_daram.entity.User{credentialsNonExpired=true, roles=[USER], otpCode=null, description=Desc, title=Integration Test User, enabled=true, otpGeneratedTime=null, password=$2a$10$dvGACqVWLXT9N2nOyFKLAeBsHkJFYq0IYDivJHK99cEgTsBc7YGay, phoneNumber=09121234567, otpEnabledForLogin=false, accountNonExpired=true, id=199, accountNonLocked=true, username=testuser_int}
2025-08-24T11:33:05.565+03:30 DEBUG 1188 --- [ChiDaram App] [           main] org.hibernate.orm.jdbc.mutation          : Deleting collection - com.example.chi_daram.entity.User.roles : 199
2025-08-24T11:33:05.566+03:30 DEBUG 1188 --- [ChiDaram App] [           main] org.hibernate.SQL                        : delete from user_roles where user_id=?
2025-08-24T11:33:05.576+03:30 DEBUG 1188 --- [ChiDaram App] [           main] org.hibernate.orm.jdbc.mutation          : Deleting collection - com.example.chi_daram.entity.User.roles : 200
2025-08-24T11:33:05.576+03:30 DEBUG 1188 --- [ChiDaram App] [           main] org.hibernate.SQL                        : delete from user_roles where user_id=?
2025-08-24T11:33:05.588+03:30 DEBUG 1188 --- [ChiDaram App] [           main] org.hibernate.SQL                        : delete from "user_security" where id=?
2025-08-24T11:33:05.603+03:30 DEBUG 1188 --- [ChiDaram App] [           main] org.hibernate.SQL                        : delete from "user_security" where id=?
2025-08-24T11:33:05.611+03:30 DEBUG 1188 --- [ChiDaram App] [           main] o.s.orm.jpa.JpaTransactionManager        : Closing JPA EntityManager [SessionImpl(1368525744<open>)] after transaction
2025-08-24T11:33:05.624+03:30 DEBUG 1188 --- [ChiDaram App] [           main] o.s.orm.jpa.JpaTransactionManager        : Creating new transaction with name [com.example.chi_daram.service.impl.UserServiceImpl.registerNewUser]: PROPAGATION_REQUIRED,ISOLATION_DEFAULT
2025-08-24T11:33:05.625+03:30 DEBUG 1188 --- [ChiDaram App] [           main] o.s.orm.jpa.JpaTransactionManager        : Opened new EntityManager [SessionImpl(860820237<open>)] for JPA transaction
2025-08-24T11:33:05.625+03:30 DEBUG 1188 --- [ChiDaram App] [           main] o.h.e.t.internal.TransactionImpl         : On TransactionImpl creation, JpaCompliance#isJpaTransactionComplianceEnabled == false
2025-08-24T11:33:05.625+03:30 DEBUG 1188 --- [ChiDaram App] [           main] o.h.e.t.internal.TransactionImpl         : begin
2025-08-24T11:33:05.626+03:30 DEBUG 1188 --- [ChiDaram App] [           main] o.s.orm.jpa.JpaTransactionManager        : Exposing JPA transaction as JDBC [org.springframework.orm.jpa.vendor.HibernateJpaDialect$HibernateConnectionHandle@2ba70002]
2025-08-24T11:33:05.627+03:30 DEBUG 1188 --- [ChiDaram App] [           main] org.hibernate.orm.sql.ast.create         : Created new SQL alias : u1_0
2025-08-24T11:33:05.628+03:30 DEBUG 1188 --- [ChiDaram App] [           main] org.hibernate.orm.sql.ast.create         : Registration of TableGroup [StandardTableGroup(com.example.chi_daram.entity.User(217200953974500))] with identifierForTableGroup [com.example.chi_daram.entity.User] for NavigablePath [com.example.chi_daram.entity.User] 
2025-08-24T11:33:05.630+03:30 DEBUG 1188 --- [ChiDaram App] [           main] o.h.q.sqm.sql.BaseSqmToSqlAstConverter   : Determining mapping-model type for SqmParameter : org.hibernate.query.sqm.tree.expression.SqmJpaCriteriaParameterWrapper@75b18097
2025-08-24T11:33:05.630+03:30 DEBUG 1188 --- [ChiDaram App] [           main] o.h.q.sqm.sql.BaseSqmToSqlAstConverter   : Determining mapping-model type for SqmPath : SqmBasicValuedSimplePath(com.example.chi_daram.entity.User(217200953974500).username) 
2025-08-24T11:33:05.631+03:30 DEBUG 1188 --- [ChiDaram App] [           main] org.hibernate.orm.results.graph.AST      : DomainResult Graph:
 \-EntityResultImpl [com.example.chi_daram.entity.User(217200953974500)]
 |  +-BasicFetch [com.example.chi_daram.entity.User(217200953974500).accountNonExpired]
 |  +-BasicFetch [com.example.chi_daram.entity.User(217200953974500).accountNonLocked]
 |  +-BasicFetch [com.example.chi_daram.entity.User(217200953974500).credentialsNonExpired]
 |  +-BasicFetch [com.example.chi_daram.entity.User(217200953974500).description]
 |  +-BasicFetch [com.example.chi_daram.entity.User(217200953974500).enabled]
 |  +-BasicFetch [com.example.chi_daram.entity.User(217200953974500).otpCode]
 |  +-BasicFetch [com.example.chi_daram.entity.User(217200953974500).otpEnabledForLogin]
 |  +-BasicFetch [com.example.chi_daram.entity.User(217200953974500).otpGeneratedTime]
 |  +-BasicFetch [com.example.chi_daram.entity.User(217200953974500).password]
 |  +-BasicFetch [com.example.chi_daram.entity.User(217200953974500).phoneNumber]
 |  +-SelectEagerCollectionFetch [com.example.chi_daram.entity.User(217200953974500).roles]
 |  +-BasicFetch [com.example.chi_daram.entity.User(217200953974500).title]
 |  \-BasicFetch [com.example.chi_daram.entity.User(217200953974500).username]

2025-08-24T11:33:05.631+03:30 DEBUG 1188 --- [ChiDaram App] [           main] org.hibernate.orm.sql.ast.tree           : SQL AST Tree:
    SelectStatement {
      FromClause {
        StandardTableGroup (u1 : com.example.chi_daram.entity.User(217200953974500)) {
          primaryTableReference : "user_security" as u1_0
        }
      }
    }

2025-08-24T11:33:05.632+03:30 DEBUG 1188 --- [ChiDaram App] [           main] org.hibernate.orm.sql.exec               : Skipping reading Query result cache data: cache-enabled = false, cache-mode = NORMAL
2025-08-24T11:33:05.633+03:30 DEBUG 1188 --- [ChiDaram App] [           main] org.hibernate.orm.results                : Initializer list:
	  com.example.chi_daram.entity.User(217200953974500) -> EntityResultInitializer(com.example.chi_daram.entity.User(217200953974500))@1295344967 (SingleTableEntityPersister(com.example.chi_daram.entity.User))
	  com.example.chi_daram.entity.User(217200953974500).roles -> SelectEagerCollectionInitializer(com.example.chi_daram.entity.User(217200953974500).roles)@880402766 (PluralAttribute(com.example.chi_daram.entity.User.roles))

2025-08-24T11:33:05.639+03:30 DEBUG 1188 --- [ChiDaram App] [           main] org.hibernate.SQL                        : select u1_0.id,u1_0.account_non_expired,u1_0.account_non_locked,u1_0.credentials_non_expired,u1_0.description,u1_0.enabled,u1_0.otp_code,u1_0.otp_enabled_for_login,u1_0.otp_generated_time,u1_0.password,u1_0.phone_number,u1_0.title,u1_0.username from "user_security" u1_0 where u1_0.username=?
2025-08-24T11:33:05.646+03:30 DEBUG 1188 --- [ChiDaram App] [           main] org.hibernate.orm.sql.ast.create         : Created new SQL alias : u1_0
2025-08-24T11:33:05.647+03:30 DEBUG 1188 --- [ChiDaram App] [           main] org.hibernate.orm.sql.ast.create         : Registration of TableGroup [StandardTableGroup(com.example.chi_daram.entity.User(217200964170300))] with identifierForTableGroup [com.example.chi_daram.entity.User] for NavigablePath [com.example.chi_daram.entity.User] 
2025-08-24T11:33:05.651+03:30 DEBUG 1188 --- [ChiDaram App] [           main] o.h.q.sqm.sql.BaseSqmToSqlAstConverter   : Determining mapping-model type for SqmParameter : org.hibernate.query.sqm.tree.expression.SqmJpaCriteriaParameterWrapper@4c9836d4
2025-08-24T11:33:05.651+03:30 DEBUG 1188 --- [ChiDaram App] [           main] o.h.q.sqm.sql.BaseSqmToSqlAstConverter   : Determining mapping-model type for SqmPath : SqmBasicValuedSimplePath(com.example.chi_daram.entity.User(217200964170300).phoneNumber) 
2025-08-24T11:33:05.652+03:30 DEBUG 1188 --- [ChiDaram App] [           main] org.hibernate.orm.results.graph.AST      : DomainResult Graph:
 \-EntityResultImpl [com.example.chi_daram.entity.User(217200964170300)]
 |  +-BasicFetch [com.example.chi_daram.entity.User(217200964170300).accountNonExpired]
 |  +-BasicFetch [com.example.chi_daram.entity.User(217200964170300).accountNonLocked]
 |  +-BasicFetch [com.example.chi_daram.entity.User(217200964170300).credentialsNonExpired]
 |  +-BasicFetch [com.example.chi_daram.entity.User(217200964170300).description]
 |  +-BasicFetch [com.example.chi_daram.entity.User(217200964170300).enabled]
 |  +-BasicFetch [com.example.chi_daram.entity.User(217200964170300).otpCode]
 |  +-BasicFetch [com.example.chi_daram.entity.User(217200964170300).otpEnabledForLogin]
 |  +-BasicFetch [com.example.chi_daram.entity.User(217200964170300).otpGeneratedTime]
 |  +-BasicFetch [com.example.chi_daram.entity.User(217200964170300).password]
 |  +-BasicFetch [com.example.chi_daram.entity.User(217200964170300).phoneNumber]
 |  +-SelectEagerCollectionFetch [com.example.chi_daram.entity.User(217200964170300).roles]
 |  +-BasicFetch [com.example.chi_daram.entity.User(217200964170300).title]
 |  \-BasicFetch [com.example.chi_daram.entity.User(217200964170300).username]

2025-08-24T11:33:05.653+03:30 DEBUG 1188 --- [ChiDaram App] [           main] org.hibernate.orm.sql.ast.tree           : SQL AST Tree:
    SelectStatement {
      FromClause {
        StandardTableGroup (u1 : com.example.chi_daram.entity.User(217200964170300)) {
          primaryTableReference : "user_security" as u1_0
        }
      }
    }

2025-08-24T11:33:05.656+03:30 DEBUG 1188 --- [ChiDaram App] [           main] org.hibernate.orm.sql.exec               : Skipping reading Query result cache data: cache-enabled = false, cache-mode = NORMAL
2025-08-24T11:33:05.657+03:30 DEBUG 1188 --- [ChiDaram App] [           main] org.hibernate.orm.results                : Initializer list:
	  com.example.chi_daram.entity.User(217200964170300).roles -> SelectEagerCollectionInitializer(com.example.chi_daram.entity.User(217200964170300).roles)@110860897 (PluralAttribute(com.example.chi_daram.entity.User.roles))
	  com.example.chi_daram.entity.User(217200964170300) -> EntityResultInitializer(com.example.chi_daram.entity.User(217200964170300))@196621040 (SingleTableEntityPersister(com.example.chi_daram.entity.User))

2025-08-24T11:33:05.657+03:30 DEBUG 1188 --- [ChiDaram App] [           main] org.hibernate.SQL                        : select u1_0.id,u1_0.account_non_expired,u1_0.account_non_locked,u1_0.credentials_non_expired,u1_0.description,u1_0.enabled,u1_0.otp_code,u1_0.otp_enabled_for_login,u1_0.otp_generated_time,u1_0.password,u1_0.phone_number,u1_0.title,u1_0.username from "user_security" u1_0 where u1_0.phone_number=?
2025-08-24T11:33:05.973+03:30 DEBUG 1188 --- [ChiDaram App] [           main] o.s.orm.jpa.JpaTransactionManager        : Found thread-bound EntityManager [SessionImpl(860820237<open>)] for JPA transaction
2025-08-24T11:33:05.973+03:30 DEBUG 1188 --- [ChiDaram App] [           main] o.s.orm.jpa.JpaTransactionManager        : Participating in existing transaction
2025-08-24T11:33:05.973+03:30 DEBUG 1188 --- [ChiDaram App] [           main] o.h.j.internal.PersistenceUnitUtilImpl   : jakarta.persistence.PersistenceUnitUtil.getIdentifier is only intended to work with enhanced entities (although Hibernate also adapts this support to its proxies); however the passed entity was not enhanced (nor a proxy).. may not be able to read identifier
2025-08-24T11:33:05.974+03:30 DEBUG 1188 --- [ChiDaram App] [           main] org.hibernate.engine.spi.ActionQueue     : Executing identity-insert immediately
2025-08-24T11:33:05.976+03:30 DEBUG 1188 --- [ChiDaram App] [           main] org.hibernate.SQL                        : insert into "user_security" (account_non_expired,account_non_locked,credentials_non_expired,description,enabled,otp_code,otp_enabled_for_login,otp_generated_time,password,phone_number,title,username) values (?,?,?,?,?,?,?,?,?,?,?,?) returning id
2025-08-24T11:33:05.980+03:30 DEBUG 1188 --- [ChiDaram App] [           main] org.hibernate.orm.results                : Initializer list is empty
2025-08-24T11:33:05.980+03:30 DEBUG 1188 --- [ChiDaram App] [           main] org.hibernate.orm.results.loading        : Calling top-level assembler (0 / 1) : org.hibernate.sql.results.graph.basic.BasicResultAssembler@6dbd38e8
2025-08-24T11:33:05.981+03:30 DEBUG 1188 --- [ChiDaram App] [           main] org.hibernate.orm.results                : Extracted JDBC value [0] - [201]
2025-08-24T11:33:05.981+03:30 DEBUG 1188 --- [ChiDaram App] [           main] o.h.id.IdentifierGeneratorHelper         : Extracted generated values [com.example.chi_daram.entity.User]: [Ljava.lang.Object;@1a183473
2025-08-24T11:33:05.982+03:30 DEBUG 1188 --- [ChiDaram App] [           main] o.s.orm.jpa.JpaTransactionManager        : Initiating transaction commit
2025-08-24T11:33:05.982+03:30 DEBUG 1188 --- [ChiDaram App] [           main] o.s.orm.jpa.JpaTransactionManager        : Committing JPA transaction on EntityManager [SessionImpl(860820237<open>)]
2025-08-24T11:33:05.982+03:30 DEBUG 1188 --- [ChiDaram App] [           main] o.h.e.t.internal.TransactionImpl         : committing
2025-08-24T11:33:05.982+03:30 DEBUG 1188 --- [ChiDaram App] [           main] o.h.e.i.AbstractFlushingEventListener    : Processing flush-time cascades
2025-08-24T11:33:05.983+03:30 DEBUG 1188 --- [ChiDaram App] [           main] o.h.e.i.AbstractFlushingEventListener    : Dirty checking collections
2025-08-24T11:33:05.983+03:30 DEBUG 1188 --- [ChiDaram App] [           main] o.hibernate.engine.internal.Collections  : Collection found: [com.example.chi_daram.entity.User.roles#201], was: [<unreferenced>] (initialized)
2025-08-24T11:33:05.984+03:30 DEBUG 1188 --- [ChiDaram App] [           main] o.h.e.i.AbstractFlushingEventListener    : Flushed: 0 insertions, 0 updates, 0 deletions to 1 objects
2025-08-24T11:33:05.984+03:30 DEBUG 1188 --- [ChiDaram App] [           main] o.h.e.i.AbstractFlushingEventListener    : Flushed: 1 (re)creations, 0 updates, 0 removals to 1 collections
2025-08-24T11:33:05.984+03:30 DEBUG 1188 --- [ChiDaram App] [           main] o.hibernate.internal.util.EntityPrinter  : Listing entities:
2025-08-24T11:33:05.984+03:30 DEBUG 1188 --- [ChiDaram App] [           main] o.hibernate.internal.util.EntityPrinter  : com.example.chi_daram.entity.User{credentialsNonExpired=true, roles=[USER], otpCode=null, description=Desc, title=Integration Test User, enabled=true, otpGeneratedTime=null, password=$2a$10$xtlzDMRGsyoyT6/TxwKtFeuA/kEYVCRP5YNN1CuE4dpdu7A5DKzE2, phoneNumber=09121234567, otpEnabledForLogin=false, accountNonExpired=true, id=201, accountNonLocked=true, username=testuser_int}
2025-08-24T11:33:05.984+03:30 DEBUG 1188 --- [ChiDaram App] [           main] org.hibernate.orm.jdbc.mutation          : Inserting collection rows - com.example.chi_daram.entity.User.roles : 201
2025-08-24T11:33:05.985+03:30 DEBUG 1188 --- [ChiDaram App] [           main] org.hibernate.SQL                        : insert into user_roles (user_id,role) values (?,?)
2025-08-24T11:33:05.987+03:30 DEBUG 1188 --- [ChiDaram App] [           main] org.hibernate.orm.jdbc.mutation          : Done inserting `1` collection rows : com.example.chi_daram.entity.User.roles
2025-08-24T11:33:05.989+03:30 DEBUG 1188 --- [ChiDaram App] [           main] o.s.orm.jpa.JpaTransactionManager        : Closing JPA EntityManager [SessionImpl(860820237<open>)] after transaction
2025-08-24T11:33:06.005+03:30 DEBUG 1188 --- [ChiDaram App] [           main] tor$SharedEntityManagerInvocationHandler : Creating new EntityManager for shared EntityManager invocation
2025-08-24T11:33:06.008+03:30 DEBUG 1188 --- [ChiDaram App] [           main] org.hibernate.orm.sql.ast.create         : Created new SQL alias : u1_0
2025-08-24T11:33:06.008+03:30 DEBUG 1188 --- [ChiDaram App] [           main] org.hibernate.orm.sql.ast.create         : Registration of TableGroup [StandardTableGroup(com.example.chi_daram.entity.User(217200953974500))] with identifierForTableGroup [com.example.chi_daram.entity.User] for NavigablePath [com.example.chi_daram.entity.User] 
2025-08-24T11:33:06.013+03:30 DEBUG 1188 --- [ChiDaram App] [           main] o.h.q.sqm.sql.BaseSqmToSqlAstConverter   : Determining mapping-model type for SqmParameter : org.hibernate.query.sqm.tree.expression.SqmJpaCriteriaParameterWrapper@597880b1
2025-08-24T11:33:06.013+03:30 DEBUG 1188 --- [ChiDaram App] [           main] o.h.q.sqm.sql.BaseSqmToSqlAstConverter   : Determining mapping-model type for SqmPath : SqmBasicValuedSimplePath(com.example.chi_daram.entity.User(217200953974500).username) 
2025-08-24T11:33:06.014+03:30 DEBUG 1188 --- [ChiDaram App] [           main] org.hibernate.orm.results.graph.AST      : DomainResult Graph:
 \-EntityResultImpl [com.example.chi_daram.entity.User(217200953974500)]
 |  +-BasicFetch [com.example.chi_daram.entity.User(217200953974500).accountNonExpired]
 |  +-BasicFetch [com.example.chi_daram.entity.User(217200953974500).accountNonLocked]
 |  +-BasicFetch [com.example.chi_daram.entity.User(217200953974500).credentialsNonExpired]
 |  +-BasicFetch [com.example.chi_daram.entity.User(217200953974500).description]
 |  +-BasicFetch [com.example.chi_daram.entity.User(217200953974500).enabled]
 |  +-BasicFetch [com.example.chi_daram.entity.User(217200953974500).otpCode]
 |  +-BasicFetch [com.example.chi_daram.entity.User(217200953974500).otpEnabledForLogin]
 |  +-BasicFetch [com.example.chi_daram.entity.User(217200953974500).otpGeneratedTime]
 |  +-BasicFetch [com.example.chi_daram.entity.User(217200953974500).password]
 |  +-BasicFetch [com.example.chi_daram.entity.User(217200953974500).phoneNumber]
 |  +-SelectEagerCollectionFetch [com.example.chi_daram.entity.User(217200953974500).roles]
 |  +-BasicFetch [com.example.chi_daram.entity.User(217200953974500).title]
 |  \-BasicFetch [com.example.chi_daram.entity.User(217200953974500).username]

2025-08-24T11:33:06.014+03:30 DEBUG 1188 --- [ChiDaram App] [           main] org.hibernate.orm.sql.ast.tree           : SQL AST Tree:
    SelectStatement {
      FromClause {
        StandardTableGroup (u1 : com.example.chi_daram.entity.User(217200953974500)) {
          primaryTableReference : "user_security" as u1_0
        }
      }
    }

2025-08-24T11:33:06.015+03:30 DEBUG 1188 --- [ChiDaram App] [           main] org.hibernate.orm.sql.exec               : Skipping reading Query result cache data: cache-enabled = false, cache-mode = NORMAL
2025-08-24T11:33:06.019+03:30 DEBUG 1188 --- [ChiDaram App] [           main] org.hibernate.orm.results                : Initializer list:
	  com.example.chi_daram.entity.User(217200953974500) -> EntityResultInitializer(com.example.chi_daram.entity.User(217200953974500))@202546001 (SingleTableEntityPersister(com.example.chi_daram.entity.User))
	  com.example.chi_daram.entity.User(217200953974500).roles -> SelectEagerCollectionInitializer(com.example.chi_daram.entity.User(217200953974500).roles)@301133674 (PluralAttribute(com.example.chi_daram.entity.User.roles))

2025-08-24T11:33:06.019+03:30 DEBUG 1188 --- [ChiDaram App] [           main] org.hibernate.SQL                        : select u1_0.id,u1_0.account_non_expired,u1_0.account_non_locked,u1_0.credentials_non_expired,u1_0.description,u1_0.enabled,u1_0.otp_code,u1_0.otp_enabled_for_login,u1_0.otp_generated_time,u1_0.password,u1_0.phone_number,u1_0.title,u1_0.username from "user_security" u1_0 where u1_0.username=?
2025-08-24T11:33:06.022+03:30 DEBUG 1188 --- [ChiDaram App] [           main] org.hibernate.orm.results                : Extracted JDBC value [0] - [201]
2025-08-24T11:33:06.023+03:30 DEBUG 1188 --- [ChiDaram App] [           main] o.hibernate.orm.results.loading.entity   : (EntityResultInitializer) Hydrated EntityKey (com.example.chi_daram.entity.User(217200953974500)): 201
2025-08-24T11:33:06.023+03:30 DEBUG 1188 --- [ChiDaram App] [           main] o.h.o.r.l.o.h.o.r.loading.collection     : (SelectEagerCollectionInitializer) Current row collection key : com.example.chi_daram.entity.User(217200953974500).roles#201
2025-08-24T11:33:06.024+03:30 DEBUG 1188 --- [ChiDaram App] [           main] o.hibernate.orm.results.loading.entity   : (EntityResultInitializer) Created new entity instance [com.example.chi_daram.entity.User(217200953974500)#201] : 606565159
2025-08-24T11:33:06.024+03:30 DEBUG 1188 --- [ChiDaram App] [           main] org.hibernate.orm.results                : Extracted JDBC value [1] - [true]
2025-08-24T11:33:06.024+03:30 DEBUG 1188 --- [ChiDaram App] [           main] org.hibernate.orm.results                : Extracted JDBC value [2] - [true]
2025-08-24T11:33:06.024+03:30 DEBUG 1188 --- [ChiDaram App] [           main] org.hibernate.orm.results                : Extracted JDBC value [3] - [true]
2025-08-24T11:33:06.024+03:30 DEBUG 1188 --- [ChiDaram App] [           main] org.hibernate.orm.results                : Extracted JDBC value [4] - [Desc]
2025-08-24T11:33:06.025+03:30 DEBUG 1188 --- [ChiDaram App] [           main] org.hibernate.orm.results                : Extracted JDBC value [5] - [true]
2025-08-24T11:33:06.025+03:30 DEBUG 1188 --- [ChiDaram App] [           main] org.hibernate.orm.results                : Extracted JDBC value [6] - [null]
2025-08-24T11:33:06.025+03:30 DEBUG 1188 --- [ChiDaram App] [           main] org.hibernate.orm.results                : Extracted JDBC value [7] - [false]
2025-08-24T11:33:06.026+03:30 DEBUG 1188 --- [ChiDaram App] [           main] org.hibernate.orm.results                : Extracted JDBC value [8] - [null]
2025-08-24T11:33:06.027+03:30 DEBUG 1188 --- [ChiDaram App] [           main] org.hibernate.orm.results                : Extracted JDBC value [9] - [$2a$10$xtlzDMRGsyoyT6/TxwKtFeuA/kEYVCRP5YNN1CuE4dpdu7A5DKzE2]
2025-08-24T11:33:06.027+03:30 DEBUG 1188 --- [ChiDaram App] [           main] org.hibernate.orm.results                : Extracted JDBC value [10] - [09121234567]
2025-08-24T11:33:06.027+03:30 DEBUG 1188 --- [ChiDaram App] [           main] org.hibernate.orm.results                : Extracted JDBC value [11] - [Integration Test User]
2025-08-24T11:33:06.027+03:30 DEBUG 1188 --- [ChiDaram App] [           main] org.hibernate.orm.results                : Extracted JDBC value [12] - [testuser_int]
2025-08-24T11:33:06.028+03:30 DEBUG 1188 --- [ChiDaram App] [           main] o.hibernate.orm.results.loading.entity   : (EntityResultInitializer) Done materializing entityInstance : com.example.chi_daram.entity.User(217200953974500)#201
2025-08-24T11:33:06.029+03:30 DEBUG 1188 --- [ChiDaram App] [           main] org.hibernate.orm.results.loading        : Calling top-level assembler (0 / 1) : org.hibernate.sql.results.graph.entity.internal.EntityAssembler@55d8cb9
2025-08-24T11:33:06.031+03:30 DEBUG 1188 --- [ChiDaram App] [           main] org.hibernate.orm.sql.exec               : Skipping reading Query result cache data: cache-enabled = false, cache-mode = IGNORE
2025-08-24T11:33:06.031+03:30 DEBUG 1188 --- [ChiDaram App] [           main] org.hibernate.orm.results                : Initializer list:
	  com.example.chi_daram.entity.User.roles -> SetInitializer(com.example.chi_daram.entity.User.roles)@81027854 (PluralAttribute(com.example.chi_daram.entity.User.roles))

2025-08-24T11:33:06.032+03:30 DEBUG 1188 --- [ChiDaram App] [           main] org.hibernate.SQL                        : select r1_0.user_id,r1_0.role from user_roles r1_0 where r1_0.user_id=?
2025-08-24T11:33:06.035+03:30 DEBUG 1188 --- [ChiDaram App] [           main] org.hibernate.orm.results                : Extracted JDBC value [0] - [201]
2025-08-24T11:33:06.035+03:30 DEBUG 1188 --- [ChiDaram App] [           main] o.h.o.r.l.o.h.o.r.loading.collection     : (SetInitializer) Current row collection key : com.example.chi_daram.entity.User.roles#201
2025-08-24T11:33:06.036+03:30 DEBUG 1188 --- [ChiDaram App] [           main] o.h.o.r.l.o.h.o.r.loading.collection     : (SetInitializer) Responsible for loading collection [com.example.chi_daram.entity.User.roles#201] : org.hibernate.collection.spi.PersistentSet@581456246
2025-08-24T11:33:06.036+03:30 DEBUG 1188 --- [ChiDaram App] [           main] o.h.o.r.l.o.h.o.r.loading.collection     : (SetInitializer) Reading element from row for collection [com.example.chi_daram.entity.User.roles#201] -> org.hibernate.collection.spi.PersistentSet@581456246
2025-08-24T11:33:06.036+03:30 DEBUG 1188 --- [ChiDaram App] [           main] org.hibernate.orm.results                : Extracted JDBC value [1] - [USER]
2025-08-24T11:33:06.036+03:30 DEBUG 1188 --- [ChiDaram App] [           main] org.hibernate.orm.results.loading        : Calling top-level assembler (0 / 1) : org.hibernate.sql.results.graph.collection.internal.CollectionAssembler@1267348a
2025-08-24T11:33:06.037+03:30 DEBUG 1188 --- [ChiDaram App] [           main] o.h.sql.results.internal.ResultsHelper   : Collection fully initialized: [com.example.chi_daram.entity.User.roles#201]
2025-08-24T11:33:06.189+03:30 DEBUG 1188 --- [ChiDaram App] [           main] o.s.orm.jpa.JpaTransactionManager        : Creating new transaction with name [com.example.chi_daram.service.impl.UserServiceImpl.getUserByUsername]: PROPAGATION_REQUIRED,ISOLATION_DEFAULT,readOnly
2025-08-24T11:33:06.190+03:30 DEBUG 1188 --- [ChiDaram App] [           main] o.s.orm.jpa.JpaTransactionManager        : Opened new EntityManager [SessionImpl(890038747<open>)] for JPA transaction
2025-08-24T11:33:06.191+03:30 DEBUG 1188 --- [ChiDaram App] [           main] o.h.e.t.internal.TransactionImpl         : On TransactionImpl creation, JpaCompliance#isJpaTransactionComplianceEnabled == false
2025-08-24T11:33:06.191+03:30 DEBUG 1188 --- [ChiDaram App] [           main] o.h.e.t.internal.TransactionImpl         : begin
2025-08-24T11:33:06.191+03:30 DEBUG 1188 --- [ChiDaram App] [           main] o.s.orm.jpa.JpaTransactionManager        : Exposing JPA transaction as JDBC [org.springframework.orm.jpa.vendor.HibernateJpaDialect$HibernateConnectionHandle@279ebd4]
2025-08-24T11:33:06.197+03:30 DEBUG 1188 --- [ChiDaram App] [           main] org.hibernate.orm.sql.ast.create         : Created new SQL alias : u1_0
2025-08-24T11:33:06.197+03:30 DEBUG 1188 --- [ChiDaram App] [           main] org.hibernate.orm.sql.ast.create         : Registration of TableGroup [StandardTableGroup(com.example.chi_daram.entity.User(217200953974500))] with identifierForTableGroup [com.example.chi_daram.entity.User] for NavigablePath [com.example.chi_daram.entity.User] 
2025-08-24T11:33:06.200+03:30 DEBUG 1188 --- [ChiDaram App] [           main] o.h.q.sqm.sql.BaseSqmToSqlAstConverter   : Determining mapping-model type for SqmParameter : org.hibernate.query.sqm.tree.expression.SqmJpaCriteriaParameterWrapper@4bbe3a45
2025-08-24T11:33:06.200+03:30 DEBUG 1188 --- [ChiDaram App] [           main] o.h.q.sqm.sql.BaseSqmToSqlAstConverter   : Determining mapping-model type for SqmPath : SqmBasicValuedSimplePath(com.example.chi_daram.entity.User(217200953974500).username) 
2025-08-24T11:33:06.201+03:30 DEBUG 1188 --- [ChiDaram App] [           main] org.hibernate.orm.results.graph.AST      : DomainResult Graph:
 \-EntityResultImpl [com.example.chi_daram.entity.User(217200953974500)]
 |  +-BasicFetch [com.example.chi_daram.entity.User(217200953974500).accountNonExpired]
 |  +-BasicFetch [com.example.chi_daram.entity.User(217200953974500).accountNonLocked]
 |  +-BasicFetch [com.example.chi_daram.entity.User(217200953974500).credentialsNonExpired]
 |  +-BasicFetch [com.example.chi_daram.entity.User(217200953974500).description]
 |  +-BasicFetch [com.example.chi_daram.entity.User(217200953974500).enabled]
 |  +-BasicFetch [com.example.chi_daram.entity.User(217200953974500).otpCode]
 |  +-BasicFetch [com.example.chi_daram.entity.User(217200953974500).otpEnabledForLogin]
 |  +-BasicFetch [com.example.chi_daram.entity.User(217200953974500).otpGeneratedTime]
 |  +-BasicFetch [com.example.chi_daram.entity.User(217200953974500).password]
 |  +-BasicFetch [com.example.chi_daram.entity.User(217200953974500).phoneNumber]
 |  +-SelectEagerCollectionFetch [com.example.chi_daram.entity.User(217200953974500).roles]
 |  +-BasicFetch [com.example.chi_daram.entity.User(217200953974500).title]
 |  \-BasicFetch [com.example.chi_daram.entity.User(217200953974500).username]

2025-08-24T11:33:06.201+03:30 DEBUG 1188 --- [ChiDaram App] [           main] org.hibernate.orm.sql.ast.tree           : SQL AST Tree:
    SelectStatement {
      FromClause {
        StandardTableGroup (u1 : com.example.chi_daram.entity.User(217200953974500)) {
          primaryTableReference : "user_security" as u1_0
        }
      }
    }

2025-08-24T11:33:06.201+03:30 DEBUG 1188 --- [ChiDaram App] [           main] org.hibernate.orm.sql.exec               : Skipping reading Query result cache data: cache-enabled = false, cache-mode = NORMAL
2025-08-24T11:33:06.202+03:30 DEBUG 1188 --- [ChiDaram App] [           main] org.hibernate.orm.results                : Initializer list:
	  com.example.chi_daram.entity.User(217200953974500) -> EntityResultInitializer(com.example.chi_daram.entity.User(217200953974500))@2142015995 (SingleTableEntityPersister(com.example.chi_daram.entity.User))
	  com.example.chi_daram.entity.User(217200953974500).roles -> SelectEagerCollectionInitializer(com.example.chi_daram.entity.User(217200953974500).roles)@1165684825 (PluralAttribute(com.example.chi_daram.entity.User.roles))

2025-08-24T11:33:06.202+03:30 DEBUG 1188 --- [ChiDaram App] [           main] org.hibernate.SQL                        : select u1_0.id,u1_0.account_non_expired,u1_0.account_non_locked,u1_0.credentials_non_expired,u1_0.description,u1_0.enabled,u1_0.otp_code,u1_0.otp_enabled_for_login,u1_0.otp_generated_time,u1_0.password,u1_0.phone_number,u1_0.title,u1_0.username from "user_security" u1_0 where u1_0.username=?
2025-08-24T11:33:06.204+03:30 DEBUG 1188 --- [ChiDaram App] [           main] org.hibernate.orm.results                : Extracted JDBC value [0] - [201]
2025-08-24T11:33:06.204+03:30 DEBUG 1188 --- [ChiDaram App] [           main] o.hibernate.orm.results.loading.entity   : (EntityResultInitializer) Hydrated EntityKey (com.example.chi_daram.entity.User(217200953974500)): 201
2025-08-24T11:33:06.204+03:30 DEBUG 1188 --- [ChiDaram App] [           main] o.h.o.r.l.o.h.o.r.loading.collection     : (SelectEagerCollectionInitializer) Current row collection key : com.example.chi_daram.entity.User(217200953974500).roles#201
2025-08-24T11:33:06.205+03:30 DEBUG 1188 --- [ChiDaram App] [           main] o.hibernate.orm.results.loading.entity   : (EntityResultInitializer) Created new entity instance [com.example.chi_daram.entity.User(217200953974500)#201] : 496387046
2025-08-24T11:33:06.205+03:30 DEBUG 1188 --- [ChiDaram App] [           main] org.hibernate.orm.results                : Extracted JDBC value [1] - [true]
2025-08-24T11:33:06.205+03:30 DEBUG 1188 --- [ChiDaram App] [           main] org.hibernate.orm.results                : Extracted JDBC value [2] - [true]
2025-08-24T11:33:06.205+03:30 DEBUG 1188 --- [ChiDaram App] [           main] org.hibernate.orm.results                : Extracted JDBC value [3] - [true]
2025-08-24T11:33:06.205+03:30 DEBUG 1188 --- [ChiDaram App] [           main] org.hibernate.orm.results                : Extracted JDBC value [4] - [Desc]
2025-08-24T11:33:06.205+03:30 DEBUG 1188 --- [ChiDaram App] [           main] org.hibernate.orm.results                : Extracted JDBC value [5] - [true]
2025-08-24T11:33:06.205+03:30 DEBUG 1188 --- [ChiDaram App] [           main] org.hibernate.orm.results                : Extracted JDBC value [6] - [null]
2025-08-24T11:33:06.206+03:30 DEBUG 1188 --- [ChiDaram App] [           main] org.hibernate.orm.results                : Extracted JDBC value [7] - [false]
2025-08-24T11:33:06.207+03:30 DEBUG 1188 --- [ChiDaram App] [           main] org.hibernate.orm.results                : Extracted JDBC value [8] - [null]
2025-08-24T11:33:06.207+03:30 DEBUG 1188 --- [ChiDaram App] [           main] org.hibernate.orm.results                : Extracted JDBC value [9] - [$2a$10$xtlzDMRGsyoyT6/TxwKtFeuA/kEYVCRP5YNN1CuE4dpdu7A5DKzE2]
2025-08-24T11:33:06.207+03:30 DEBUG 1188 --- [ChiDaram App] [           main] org.hibernate.orm.results                : Extracted JDBC value [10] - [09121234567]
2025-08-24T11:33:06.207+03:30 DEBUG 1188 --- [ChiDaram App] [           main] org.hibernate.orm.results                : Extracted JDBC value [11] - [Integration Test User]
2025-08-24T11:33:06.207+03:30 DEBUG 1188 --- [ChiDaram App] [           main] org.hibernate.orm.results                : Extracted JDBC value [12] - [testuser_int]
2025-08-24T11:33:06.207+03:30 DEBUG 1188 --- [ChiDaram App] [           main] o.hibernate.orm.results.loading.entity   : (EntityResultInitializer) Done materializing entityInstance : com.example.chi_daram.entity.User(217200953974500)#201
2025-08-24T11:33:06.207+03:30 DEBUG 1188 --- [ChiDaram App] [           main] org.hibernate.orm.results.loading        : Calling top-level assembler (0 / 1) : org.hibernate.sql.results.graph.entity.internal.EntityAssembler@4ced03c7
2025-08-24T11:33:06.208+03:30 DEBUG 1188 --- [ChiDaram App] [           main] org.hibernate.orm.sql.exec               : Skipping reading Query result cache data: cache-enabled = false, cache-mode = IGNORE
2025-08-24T11:33:06.208+03:30 DEBUG 1188 --- [ChiDaram App] [           main] org.hibernate.orm.results                : Initializer list:
	  com.example.chi_daram.entity.User.roles -> SetInitializer(com.example.chi_daram.entity.User.roles)@669595504 (PluralAttribute(com.example.chi_daram.entity.User.roles))

2025-08-24T11:33:06.208+03:30 DEBUG 1188 --- [ChiDaram App] [           main] org.hibernate.SQL                        : select r1_0.user_id,r1_0.role from user_roles r1_0 where r1_0.user_id=?
2025-08-24T11:33:06.210+03:30 DEBUG 1188 --- [ChiDaram App] [           main] org.hibernate.orm.results                : Extracted JDBC value [0] - [201]
2025-08-24T11:33:06.210+03:30 DEBUG 1188 --- [ChiDaram App] [           main] o.h.o.r.l.o.h.o.r.loading.collection     : (SetInitializer) Current row collection key : com.example.chi_daram.entity.User.roles#201
2025-08-24T11:33:06.210+03:30 DEBUG 1188 --- [ChiDaram App] [           main] o.h.o.r.l.o.h.o.r.loading.collection     : (SetInitializer) Responsible for loading collection [com.example.chi_daram.entity.User.roles#201] : org.hibernate.collection.spi.PersistentSet@2135453830
2025-08-24T11:33:06.210+03:30 DEBUG 1188 --- [ChiDaram App] [           main] o.h.o.r.l.o.h.o.r.loading.collection     : (SetInitializer) Reading element from row for collection [com.example.chi_daram.entity.User.roles#201] -> org.hibernate.collection.spi.PersistentSet@2135453830
2025-08-24T11:33:06.210+03:30 DEBUG 1188 --- [ChiDaram App] [           main] org.hibernate.orm.results                : Extracted JDBC value [1] - [USER]
2025-08-24T11:33:06.210+03:30 DEBUG 1188 --- [ChiDaram App] [           main] org.hibernate.orm.results.loading        : Calling top-level assembler (0 / 1) : org.hibernate.sql.results.graph.collection.internal.CollectionAssembler@10e88abc
2025-08-24T11:33:06.210+03:30 DEBUG 1188 --- [ChiDaram App] [           main] o.h.sql.results.internal.ResultsHelper   : Collection fully initialized: [com.example.chi_daram.entity.User.roles#201]
2025-08-24T11:33:06.211+03:30 DEBUG 1188 --- [ChiDaram App] [           main] o.s.orm.jpa.JpaTransactionManager        : Initiating transaction commit
2025-08-24T11:33:06.211+03:30 DEBUG 1188 --- [ChiDaram App] [           main] o.s.orm.jpa.JpaTransactionManager        : Committing JPA transaction on EntityManager [SessionImpl(890038747<open>)]
2025-08-24T11:33:06.211+03:30 DEBUG 1188 --- [ChiDaram App] [           main] o.h.e.t.internal.TransactionImpl         : committing
2025-08-24T11:33:06.212+03:30 DEBUG 1188 --- [ChiDaram App] [           main] o.s.orm.jpa.JpaTransactionManager        : Closing JPA EntityManager [SessionImpl(890038747<open>)] after transaction
2025-08-24T11:33:06.220+03:30 DEBUG 1188 --- [ChiDaram App] [           main] tor$SharedEntityManagerInvocationHandler : Creating new EntityManager for shared EntityManager invocation
2025-08-24T11:33:06.224+03:30 DEBUG 1188 --- [ChiDaram App] [           main] org.hibernate.orm.sql.ast.create         : Created new SQL alias : u1_0
2025-08-24T11:33:06.224+03:30 DEBUG 1188 --- [ChiDaram App] [           main] org.hibernate.orm.sql.ast.create         : Registration of TableGroup [StandardTableGroup(com.example.chi_daram.entity.User(217200953974500))] with identifierForTableGroup [com.example.chi_daram.entity.User] for NavigablePath [com.example.chi_daram.entity.User] 
2025-08-24T11:33:06.227+03:30 DEBUG 1188 --- [ChiDaram App] [           main] o.h.q.sqm.sql.BaseSqmToSqlAstConverter   : Determining mapping-model type for SqmParameter : org.hibernate.query.sqm.tree.expression.SqmJpaCriteriaParameterWrapper@7ed47d66
2025-08-24T11:33:06.227+03:30 DEBUG 1188 --- [ChiDaram App] [           main] o.h.q.sqm.sql.BaseSqmToSqlAstConverter   : Determining mapping-model type for SqmPath : SqmBasicValuedSimplePath(com.example.chi_daram.entity.User(217200953974500).username) 
2025-08-24T11:33:06.228+03:30 DEBUG 1188 --- [ChiDaram App] [           main] org.hibernate.orm.results.graph.AST      : DomainResult Graph:
 \-EntityResultImpl [com.example.chi_daram.entity.User(217200953974500)]
 |  +-BasicFetch [com.example.chi_daram.entity.User(217200953974500).accountNonExpired]
 |  +-BasicFetch [com.example.chi_daram.entity.User(217200953974500).accountNonLocked]
 |  +-BasicFetch [com.example.chi_daram.entity.User(217200953974500).credentialsNonExpired]
 |  +-BasicFetch [com.example.chi_daram.entity.User(217200953974500).description]
 |  +-BasicFetch [com.example.chi_daram.entity.User(217200953974500).enabled]
 |  +-BasicFetch [com.example.chi_daram.entity.User(217200953974500).otpCode]
 |  +-BasicFetch [com.example.chi_daram.entity.User(217200953974500).otpEnabledForLogin]
 |  +-BasicFetch [com.example.chi_daram.entity.User(217200953974500).otpGeneratedTime]
 |  +-BasicFetch [com.example.chi_daram.entity.User(217200953974500).password]
 |  +-BasicFetch [com.example.chi_daram.entity.User(217200953974500).phoneNumber]
 |  +-SelectEagerCollectionFetch [com.example.chi_daram.entity.User(217200953974500).roles]
 |  +-BasicFetch [com.example.chi_daram.entity.User(217200953974500).title]
 |  \-BasicFetch [com.example.chi_daram.entity.User(217200953974500).username]

2025-08-24T11:33:06.229+03:30 DEBUG 1188 --- [ChiDaram App] [           main] org.hibernate.orm.sql.ast.tree           : SQL AST Tree:
    SelectStatement {
      FromClause {
        StandardTableGroup (u1 : com.example.chi_daram.entity.User(217200953974500)) {
          primaryTableReference : "user_security" as u1_0
        }
      }
    }

2025-08-24T11:33:06.229+03:30 DEBUG 1188 --- [ChiDaram App] [           main] org.hibernate.orm.sql.exec               : Skipping reading Query result cache data: cache-enabled = false, cache-mode = NORMAL
2025-08-24T11:33:06.230+03:30 DEBUG 1188 --- [ChiDaram App] [           main] org.hibernate.orm.results                : Initializer list:
	  com.example.chi_daram.entity.User(217200953974500) -> EntityResultInitializer(com.example.chi_daram.entity.User(217200953974500))@303810314 (SingleTableEntityPersister(com.example.chi_daram.entity.User))
	  com.example.chi_daram.entity.User(217200953974500).roles -> SelectEagerCollectionInitializer(com.example.chi_daram.entity.User(217200953974500).roles)@1333372770 (PluralAttribute(com.example.chi_daram.entity.User.roles))

2025-08-24T11:33:06.230+03:30 DEBUG 1188 --- [ChiDaram App] [           main] org.hibernate.SQL                        : select u1_0.id,u1_0.account_non_expired,u1_0.account_non_locked,u1_0.credentials_non_expired,u1_0.description,u1_0.enabled,u1_0.otp_code,u1_0.otp_enabled_for_login,u1_0.otp_generated_time,u1_0.password,u1_0.phone_number,u1_0.title,u1_0.username from "user_security" u1_0 where u1_0.username=?
2025-08-24T11:33:06.232+03:30 DEBUG 1188 --- [ChiDaram App] [           main] org.hibernate.orm.results                : Extracted JDBC value [0] - [201]
2025-08-24T11:33:06.232+03:30 DEBUG 1188 --- [ChiDaram App] [           main] o.hibernate.orm.results.loading.entity   : (EntityResultInitializer) Hydrated EntityKey (com.example.chi_daram.entity.User(217200953974500)): 201
2025-08-24T11:33:06.232+03:30 DEBUG 1188 --- [ChiDaram App] [           main] o.h.o.r.l.o.h.o.r.loading.collection     : (SelectEagerCollectionInitializer) Current row collection key : com.example.chi_daram.entity.User(217200953974500).roles#201
2025-08-24T11:33:06.233+03:30 DEBUG 1188 --- [ChiDaram App] [           main] o.hibernate.orm.results.loading.entity   : (EntityResultInitializer) Created new entity instance [com.example.chi_daram.entity.User(217200953974500)#201] : 1922395759
2025-08-24T11:33:06.233+03:30 DEBUG 1188 --- [ChiDaram App] [           main] org.hibernate.orm.results                : Extracted JDBC value [1] - [true]
2025-08-24T11:33:06.233+03:30 DEBUG 1188 --- [ChiDaram App] [           main] org.hibernate.orm.results                : Extracted JDBC value [2] - [true]
2025-08-24T11:33:06.233+03:30 DEBUG 1188 --- [ChiDaram App] [           main] org.hibernate.orm.results                : Extracted JDBC value [3] - [true]
2025-08-24T11:33:06.233+03:30 DEBUG 1188 --- [ChiDaram App] [           main] org.hibernate.orm.results                : Extracted JDBC value [4] - [Desc]
2025-08-24T11:33:06.233+03:30 DEBUG 1188 --- [ChiDaram App] [           main] org.hibernate.orm.results                : Extracted JDBC value [5] - [true]
2025-08-24T11:33:06.233+03:30 DEBUG 1188 --- [ChiDaram App] [           main] org.hibernate.orm.results                : Extracted JDBC value [6] - [null]
2025-08-24T11:33:06.233+03:30 DEBUG 1188 --- [ChiDaram App] [           main] org.hibernate.orm.results                : Extracted JDBC value [7] - [false]
2025-08-24T11:33:06.234+03:30 DEBUG 1188 --- [ChiDaram App] [           main] org.hibernate.orm.results                : Extracted JDBC value [8] - [null]
2025-08-24T11:33:06.234+03:30 DEBUG 1188 --- [ChiDaram App] [           main] org.hibernate.orm.results                : Extracted JDBC value [9] - [$2a$10$xtlzDMRGsyoyT6/TxwKtFeuA/kEYVCRP5YNN1CuE4dpdu7A5DKzE2]
2025-08-24T11:33:06.234+03:30 DEBUG 1188 --- [ChiDaram App] [           main] org.hibernate.orm.results                : Extracted JDBC value [10] - [09121234567]
2025-08-24T11:33:06.235+03:30 DEBUG 1188 --- [ChiDaram App] [           main] org.hibernate.orm.results                : Extracted JDBC value [11] - [Integration Test User]
2025-08-24T11:33:06.235+03:30 DEBUG 1188 --- [ChiDaram App] [           main] org.hibernate.orm.results                : Extracted JDBC value [12] - [testuser_int]
2025-08-24T11:33:06.235+03:30 DEBUG 1188 --- [ChiDaram App] [           main] o.hibernate.orm.results.loading.entity   : (EntityResultInitializer) Done materializing entityInstance : com.example.chi_daram.entity.User(217200953974500)#201
2025-08-24T11:33:06.235+03:30 DEBUG 1188 --- [ChiDaram App] [           main] org.hibernate.orm.results.loading        : Calling top-level assembler (0 / 1) : org.hibernate.sql.results.graph.entity.internal.EntityAssembler@6f810a8c
2025-08-24T11:33:06.236+03:30 DEBUG 1188 --- [ChiDaram App] [           main] org.hibernate.orm.sql.exec               : Skipping reading Query result cache data: cache-enabled = false, cache-mode = IGNORE
2025-08-24T11:33:06.236+03:30 DEBUG 1188 --- [ChiDaram App] [           main] org.hibernate.orm.results                : Initializer list:
	  com.example.chi_daram.entity.User.roles -> SetInitializer(com.example.chi_daram.entity.User.roles)@125477348 (PluralAttribute(com.example.chi_daram.entity.User.roles))

2025-08-24T11:33:06.236+03:30 DEBUG 1188 --- [ChiDaram App] [           main] org.hibernate.SQL                        : select r1_0.user_id,r1_0.role from user_roles r1_0 where r1_0.user_id=?
2025-08-24T11:33:06.238+03:30 DEBUG 1188 --- [ChiDaram App] [           main] org.hibernate.orm.results                : Extracted JDBC value [0] - [201]
2025-08-24T11:33:06.239+03:30 DEBUG 1188 --- [ChiDaram App] [           main] o.h.o.r.l.o.h.o.r.loading.collection     : (SetInitializer) Current row collection key : com.example.chi_daram.entity.User.roles#201
2025-08-24T11:33:06.239+03:30 DEBUG 1188 --- [ChiDaram App] [           main] o.h.o.r.l.o.h.o.r.loading.collection     : (SetInitializer) Responsible for loading collection [com.example.chi_daram.entity.User.roles#201] : org.hibernate.collection.spi.PersistentSet@1893045736
2025-08-24T11:33:06.239+03:30 DEBUG 1188 --- [ChiDaram App] [           main] o.h.o.r.l.o.h.o.r.loading.collection     : (SetInitializer) Reading element from row for collection [com.example.chi_daram.entity.User.roles#201] -> org.hibernate.collection.spi.PersistentSet@1893045736
2025-08-24T11:33:06.239+03:30 DEBUG 1188 --- [ChiDaram App] [           main] org.hibernate.orm.results                : Extracted JDBC value [1] - [USER]
2025-08-24T11:33:06.239+03:30 DEBUG 1188 --- [ChiDaram App] [           main] org.hibernate.orm.results.loading        : Calling top-level assembler (0 / 1) : org.hibernate.sql.results.graph.collection.internal.CollectionAssembler@65514a3d
2025-08-24T11:33:06.239+03:30 DEBUG 1188 --- [ChiDaram App] [           main] o.h.sql.results.internal.ResultsHelper   : Collection fully initialized: [com.example.chi_daram.entity.User.roles#201]
2025-08-24T11:33:06.252+03:30 DEBUG 1188 --- [ChiDaram App] [           main] tor$SharedEntityManagerInvocationHandler : Creating new EntityManager for shared EntityManager invocation
2025-08-24T11:33:06.254+03:30 DEBUG 1188 --- [ChiDaram App] [           main] org.hibernate.orm.sql.ast.create         : Created new SQL alias : u1_0
2025-08-24T11:33:06.255+03:30 DEBUG 1188 --- [ChiDaram App] [           main] org.hibernate.orm.sql.ast.create         : Registration of TableGroup [StandardTableGroup(com.example.chi_daram.entity.User(217200953974500))] with identifierForTableGroup [com.example.chi_daram.entity.User] for NavigablePath [com.example.chi_daram.entity.User] 
2025-08-24T11:33:06.256+03:30 DEBUG 1188 --- [ChiDaram App] [           main] o.h.q.sqm.sql.BaseSqmToSqlAstConverter   : Determining mapping-model type for SqmParameter : org.hibernate.query.sqm.tree.expression.SqmJpaCriteriaParameterWrapper@3776a2f2
2025-08-24T11:33:06.256+03:30 DEBUG 1188 --- [ChiDaram App] [           main] o.h.q.sqm.sql.BaseSqmToSqlAstConverter   : Determining mapping-model type for SqmPath : SqmBasicValuedSimplePath(com.example.chi_daram.entity.User(217200953974500).username) 
2025-08-24T11:33:06.257+03:30 DEBUG 1188 --- [ChiDaram App] [           main] org.hibernate.orm.results.graph.AST      : DomainResult Graph:
 \-EntityResultImpl [com.example.chi_daram.entity.User(217200953974500)]
 |  +-BasicFetch [com.example.chi_daram.entity.User(217200953974500).accountNonExpired]
 |  +-BasicFetch [com.example.chi_daram.entity.User(217200953974500).accountNonLocked]
 |  +-BasicFetch [com.example.chi_daram.entity.User(217200953974500).credentialsNonExpired]
 |  +-BasicFetch [com.example.chi_daram.entity.User(217200953974500).description]
 |  +-BasicFetch [com.example.chi_daram.entity.User(217200953974500).enabled]
 |  +-BasicFetch [com.example.chi_daram.entity.User(217200953974500).otpCode]
 |  +-BasicFetch [com.example.chi_daram.entity.User(217200953974500).otpEnabledForLogin]
 |  +-BasicFetch [com.example.chi_daram.entity.User(217200953974500).otpGeneratedTime]
 |  +-BasicFetch [com.example.chi_daram.entity.User(217200953974500).password]
 |  +-BasicFetch [com.example.chi_daram.entity.User(217200953974500).phoneNumber]
 |  +-SelectEagerCollectionFetch [com.example.chi_daram.entity.User(217200953974500).roles]
 |  +-BasicFetch [com.example.chi_daram.entity.User(217200953974500).title]
 |  \-BasicFetch [com.example.chi_daram.entity.User(217200953974500).username]

2025-08-24T11:33:06.257+03:30 DEBUG 1188 --- [ChiDaram App] [           main] org.hibernate.orm.sql.ast.tree           : SQL AST Tree:
    SelectStatement {
      FromClause {
        StandardTableGroup (u1 : com.example.chi_daram.entity.User(217200953974500)) {
          primaryTableReference : "user_security" as u1_0
        }
      }
    }

2025-08-24T11:33:06.258+03:30 DEBUG 1188 --- [ChiDaram App] [           main] org.hibernate.orm.sql.exec               : Skipping reading Query result cache data: cache-enabled = false, cache-mode = NORMAL
2025-08-24T11:33:06.259+03:30 DEBUG 1188 --- [ChiDaram App] [           main] org.hibernate.orm.results                : Initializer list:
	  com.example.chi_daram.entity.User(217200953974500) -> EntityResultInitializer(com.example.chi_daram.entity.User(217200953974500))@829524176 (SingleTableEntityPersister(com.example.chi_daram.entity.User))
	  com.example.chi_daram.entity.User(217200953974500).roles -> SelectEagerCollectionInitializer(com.example.chi_daram.entity.User(217200953974500).roles)@856874302 (PluralAttribute(com.example.chi_daram.entity.User.roles))

2025-08-24T11:33:06.259+03:30 DEBUG 1188 --- [ChiDaram App] [           main] org.hibernate.SQL                        : select u1_0.id,u1_0.account_non_expired,u1_0.account_non_locked,u1_0.credentials_non_expired,u1_0.description,u1_0.enabled,u1_0.otp_code,u1_0.otp_enabled_for_login,u1_0.otp_generated_time,u1_0.password,u1_0.phone_number,u1_0.title,u1_0.username from "user_security" u1_0 where u1_0.username=?
2025-08-24T11:33:06.262+03:30 DEBUG 1188 --- [ChiDaram App] [           main] org.hibernate.orm.results                : Extracted JDBC value [0] - [201]
2025-08-24T11:33:06.262+03:30 DEBUG 1188 --- [ChiDaram App] [           main] o.hibernate.orm.results.loading.entity   : (EntityResultInitializer) Hydrated EntityKey (com.example.chi_daram.entity.User(217200953974500)): 201
2025-08-24T11:33:06.262+03:30 DEBUG 1188 --- [ChiDaram App] [           main] o.h.o.r.l.o.h.o.r.loading.collection     : (SelectEagerCollectionInitializer) Current row collection key : com.example.chi_daram.entity.User(217200953974500).roles#201
2025-08-24T11:33:06.262+03:30 DEBUG 1188 --- [ChiDaram App] [           main] o.hibernate.orm.results.loading.entity   : (EntityResultInitializer) Created new entity instance [com.example.chi_daram.entity.User(217200953974500)#201] : 60186834
2025-08-24T11:33:06.263+03:30 DEBUG 1188 --- [ChiDaram App] [           main] org.hibernate.orm.results                : Extracted JDBC value [1] - [true]
2025-08-24T11:33:06.263+03:30 DEBUG 1188 --- [ChiDaram App] [           main] org.hibernate.orm.results                : Extracted JDBC value [2] - [true]
2025-08-24T11:33:06.263+03:30 DEBUG 1188 --- [ChiDaram App] [           main] org.hibernate.orm.results                : Extracted JDBC value [3] - [true]
2025-08-24T11:33:06.263+03:30 DEBUG 1188 --- [ChiDaram App] [           main] org.hibernate.orm.results                : Extracted JDBC value [4] - [Desc]
2025-08-24T11:33:06.263+03:30 DEBUG 1188 --- [ChiDaram App] [           main] org.hibernate.orm.results                : Extracted JDBC value [5] - [true]
2025-08-24T11:33:06.263+03:30 DEBUG 1188 --- [ChiDaram App] [           main] org.hibernate.orm.results                : Extracted JDBC value [6] - [null]
2025-08-24T11:33:06.263+03:30 DEBUG 1188 --- [ChiDaram App] [           main] org.hibernate.orm.results                : Extracted JDBC value [7] - [false]
2025-08-24T11:33:06.263+03:30 DEBUG 1188 --- [ChiDaram App] [           main] org.hibernate.orm.results                : Extracted JDBC value [8] - [null]
2025-08-24T11:33:06.264+03:30 DEBUG 1188 --- [ChiDaram App] [           main] org.hibernate.orm.results                : Extracted JDBC value [9] - [$2a$10$xtlzDMRGsyoyT6/TxwKtFeuA/kEYVCRP5YNN1CuE4dpdu7A5DKzE2]
2025-08-24T11:33:06.264+03:30 DEBUG 1188 --- [ChiDaram App] [           main] org.hibernate.orm.results                : Extracted JDBC value [10] - [09121234567]
2025-08-24T11:33:06.264+03:30 DEBUG 1188 --- [ChiDaram App] [           main] org.hibernate.orm.results                : Extracted JDBC value [11] - [Integration Test User]
2025-08-24T11:33:06.264+03:30 DEBUG 1188 --- [ChiDaram App] [           main] org.hibernate.orm.results                : Extracted JDBC value [12] - [testuser_int]
2025-08-24T11:33:06.264+03:30 DEBUG 1188 --- [ChiDaram App] [           main] o.hibernate.orm.results.loading.entity   : (EntityResultInitializer) Done materializing entityInstance : com.example.chi_daram.entity.User(217200953974500)#201
2025-08-24T11:33:06.264+03:30 DEBUG 1188 --- [ChiDaram App] [           main] org.hibernate.orm.results.loading        : Calling top-level assembler (0 / 1) : org.hibernate.sql.results.graph.entity.internal.EntityAssembler@3f3953c3
2025-08-24T11:33:06.265+03:30 DEBUG 1188 --- [ChiDaram App] [           main] org.hibernate.orm.sql.exec               : Skipping reading Query result cache data: cache-enabled = false, cache-mode = IGNORE
2025-08-24T11:33:06.265+03:30 DEBUG 1188 --- [ChiDaram App] [           main] org.hibernate.orm.results                : Initializer list:
	  com.example.chi_daram.entity.User.roles -> SetInitializer(com.example.chi_daram.entity.User.roles)@1665109757 (PluralAttribute(com.example.chi_daram.entity.User.roles))

2025-08-24T11:33:06.266+03:30 DEBUG 1188 --- [ChiDaram App] [           main] org.hibernate.SQL                        : select r1_0.user_id,r1_0.role from user_roles r1_0 where r1_0.user_id=?
2025-08-24T11:33:06.267+03:30 DEBUG 1188 --- [ChiDaram App] [           main] org.hibernate.orm.results                : Extracted JDBC value [0] - [201]
2025-08-24T11:33:06.267+03:30 DEBUG 1188 --- [ChiDaram App] [           main] o.h.o.r.l.o.h.o.r.loading.collection     : (SetInitializer) Current row collection key : com.example.chi_daram.entity.User.roles#201
2025-08-24T11:33:06.268+03:30 DEBUG 1188 --- [ChiDaram App] [           main] o.h.o.r.l.o.h.o.r.loading.collection     : (SetInitializer) Responsible for loading collection [com.example.chi_daram.entity.User.roles#201] : org.hibernate.collection.spi.PersistentSet@650684083
2025-08-24T11:33:06.269+03:30 DEBUG 1188 --- [ChiDaram App] [           main] o.h.o.r.l.o.h.o.r.loading.collection     : (SetInitializer) Reading element from row for collection [com.example.chi_daram.entity.User.roles#201] -> org.hibernate.collection.spi.PersistentSet@650684083
2025-08-24T11:33:06.269+03:30 DEBUG 1188 --- [ChiDaram App] [           main] org.hibernate.orm.results                : Extracted JDBC value [1] - [USER]
2025-08-24T11:33:06.269+03:30 DEBUG 1188 --- [ChiDaram App] [           main] org.hibernate.orm.results.loading        : Calling top-level assembler (0 / 1) : org.hibernate.sql.results.graph.collection.internal.CollectionAssembler@45d3c1ce
2025-08-24T11:33:06.269+03:30 DEBUG 1188 --- [ChiDaram App] [           main] o.h.sql.results.internal.ResultsHelper   : Collection fully initialized: [com.example.chi_daram.entity.User.roles#201]
2025-08-24T11:33:06.279+03:30 DEBUG 1188 --- [ChiDaram App] [           main] o.s.orm.jpa.JpaTransactionManager        : Creating new transaction with name [com.example.chi_daram.service.impl.UserServiceImpl.updateUser]: PROPAGATION_REQUIRED,ISOLATION_DEFAULT
2025-08-24T11:33:06.280+03:30 DEBUG 1188 --- [ChiDaram App] [           main] o.s.orm.jpa.JpaTransactionManager        : Opened new EntityManager [SessionImpl(1329316963<open>)] for JPA transaction
2025-08-24T11:33:06.280+03:30 DEBUG 1188 --- [ChiDaram App] [           main] o.h.e.t.internal.TransactionImpl         : On TransactionImpl creation, JpaCompliance#isJpaTransactionComplianceEnabled == false
2025-08-24T11:33:06.280+03:30 DEBUG 1188 --- [ChiDaram App] [           main] o.h.e.t.internal.TransactionImpl         : begin
2025-08-24T11:33:06.280+03:30 DEBUG 1188 --- [ChiDaram App] [           main] o.s.orm.jpa.JpaTransactionManager        : Exposing JPA transaction as JDBC [org.springframework.orm.jpa.vendor.HibernateJpaDialect$HibernateConnectionHandle@2d741755]
2025-08-24T11:33:06.281+03:30 DEBUG 1188 --- [ChiDaram App] [           main] o.s.orm.jpa.JpaTransactionManager        : Found thread-bound EntityManager [SessionImpl(1329316963<open>)] for JPA transaction
2025-08-24T11:33:06.281+03:30 DEBUG 1188 --- [ChiDaram App] [           main] o.s.orm.jpa.JpaTransactionManager        : Participating in existing transaction
2025-08-24T11:33:06.288+03:30 DEBUG 1188 --- [ChiDaram App] [           main] org.hibernate.orm.sql.exec               : Skipping reading Query result cache data: cache-enabled = false, cache-mode = IGNORE
2025-08-24T11:33:06.289+03:30 DEBUG 1188 --- [ChiDaram App] [           main] org.hibernate.orm.results                : Initializer list:
	  com.example.chi_daram.entity.User.roles -> SetInitializer(com.example.chi_daram.entity.User.roles)@1416697900 (PluralAttribute(com.example.chi_daram.entity.User.roles))
	  com.example.chi_daram.entity.User -> EntityResultInitializer(com.example.chi_daram.entity.User)@1897215223 (SingleTableEntityPersister(com.example.chi_daram.entity.User))

2025-08-24T11:33:06.289+03:30 DEBUG 1188 --- [ChiDaram App] [           main] org.hibernate.SQL                        : select u1_0.id,u1_0.account_non_expired,u1_0.account_non_locked,u1_0.credentials_non_expired,u1_0.description,u1_0.enabled,u1_0.otp_code,u1_0.otp_enabled_for_login,u1_0.otp_generated_time,u1_0.password,u1_0.phone_number,r1_0.user_id,r1_0.role,u1_0.title,u1_0.username from "user_security" u1_0 left join user_roles r1_0 on u1_0.id=r1_0.user_id where u1_0.id=?
2025-08-24T11:33:06.293+03:30 DEBUG 1188 --- [ChiDaram App] [           main] o.hibernate.orm.results.loading.entity   : (EntityResultInitializer) Hydrated EntityKey (com.example.chi_daram.entity.User): 201
2025-08-24T11:33:06.293+03:30 DEBUG 1188 --- [ChiDaram App] [           main] o.h.o.r.l.o.h.o.r.loading.collection     : (SetInitializer) Current row collection key : com.example.chi_daram.entity.User.roles#201
2025-08-24T11:33:06.293+03:30 DEBUG 1188 --- [ChiDaram App] [           main] org.hibernate.orm.results                : Extracted JDBC value [11] - [201]
2025-08-24T11:33:06.294+03:30 DEBUG 1188 --- [ChiDaram App] [           main] o.hibernate.orm.results.loading.entity   : (EntityResultInitializer) Created new entity instance [com.example.chi_daram.entity.User#201] : 45854145
2025-08-24T11:33:06.294+03:30 DEBUG 1188 --- [ChiDaram App] [           main] o.h.o.r.l.o.h.o.r.loading.collection     : (SetInitializer) Created new collection wrapper [com.example.chi_daram.entity.User.roles#201] : org.hibernate.collection.spi.PersistentSet@1515291629
2025-08-24T11:33:06.294+03:30 DEBUG 1188 --- [ChiDaram App] [           main] o.h.o.r.l.o.h.o.r.loading.collection     : (SetInitializer) Responsible for loading collection [com.example.chi_daram.entity.User.roles#201] : org.hibernate.collection.spi.PersistentSet@1515291629
2025-08-24T11:33:06.295+03:30 DEBUG 1188 --- [ChiDaram App] [           main] o.h.o.r.l.o.h.o.r.loading.collection     : (SetInitializer) Reading element from row for collection [com.example.chi_daram.entity.User.roles#201] -> org.hibernate.collection.spi.PersistentSet@1515291629
2025-08-24T11:33:06.295+03:30 DEBUG 1188 --- [ChiDaram App] [           main] org.hibernate.orm.results                : Extracted JDBC value [12] - [USER]
2025-08-24T11:33:06.296+03:30 DEBUG 1188 --- [ChiDaram App] [           main] org.hibernate.orm.results                : Extracted JDBC value [1] - [true]
2025-08-24T11:33:06.296+03:30 DEBUG 1188 --- [ChiDaram App] [           main] org.hibernate.orm.results                : Extracted JDBC value [2] - [true]
2025-08-24T11:33:06.296+03:30 DEBUG 1188 --- [ChiDaram App] [           main] org.hibernate.orm.results                : Extracted JDBC value [3] - [true]
2025-08-24T11:33:06.296+03:30 DEBUG 1188 --- [ChiDaram App] [           main] org.hibernate.orm.results                : Extracted JDBC value [4] - [Desc]
2025-08-24T11:33:06.296+03:30 DEBUG 1188 --- [ChiDaram App] [           main] org.hibernate.orm.results                : Extracted JDBC value [5] - [true]
2025-08-24T11:33:06.296+03:30 DEBUG 1188 --- [ChiDaram App] [           main] org.hibernate.orm.results                : Extracted JDBC value [6] - [null]
2025-08-24T11:33:06.296+03:30 DEBUG 1188 --- [ChiDaram App] [           main] org.hibernate.orm.results                : Extracted JDBC value [7] - [false]
2025-08-24T11:33:06.296+03:30 DEBUG 1188 --- [ChiDaram App] [           main] org.hibernate.orm.results                : Extracted JDBC value [8] - [null]
2025-08-24T11:33:06.296+03:30 DEBUG 1188 --- [ChiDaram App] [           main] org.hibernate.orm.results                : Extracted JDBC value [9] - [$2a$10$xtlzDMRGsyoyT6/TxwKtFeuA/kEYVCRP5YNN1CuE4dpdu7A5DKzE2]
2025-08-24T11:33:06.297+03:30 DEBUG 1188 --- [ChiDaram App] [           main] org.hibernate.orm.results                : Extracted JDBC value [10] - [09121234567]
2025-08-24T11:33:06.297+03:30 DEBUG 1188 --- [ChiDaram App] [           main] org.hibernate.orm.results                : Extracted JDBC value [13] - [Integration Test User]
2025-08-24T11:33:06.297+03:30 DEBUG 1188 --- [ChiDaram App] [           main] org.hibernate.orm.results                : Extracted JDBC value [14] - [testuser_int]
2025-08-24T11:33:06.297+03:30 DEBUG 1188 --- [ChiDaram App] [           main] o.hibernate.orm.results.loading.entity   : (EntityResultInitializer) Done materializing entityInstance : com.example.chi_daram.entity.User#201
2025-08-24T11:33:06.297+03:30 DEBUG 1188 --- [ChiDaram App] [           main] org.hibernate.orm.results.loading        : Calling top-level assembler (0 / 1) : org.hibernate.sql.results.graph.entity.internal.EntityAssembler@dff0458
2025-08-24T11:33:06.298+03:30 DEBUG 1188 --- [ChiDaram App] [           main] o.h.sql.results.internal.ResultsHelper   : Collection fully initialized: [com.example.chi_daram.entity.User.roles#201]
2025-08-24T11:33:06.302+03:30 DEBUG 1188 --- [ChiDaram App] [           main] o.h.e.i.AbstractFlushingEventListener    : Processing flush-time cascades
2025-08-24T11:33:06.302+03:30 DEBUG 1188 --- [ChiDaram App] [           main] o.h.e.i.AbstractFlushingEventListener    : Dirty checking collections
2025-08-24T11:33:06.303+03:30 DEBUG 1188 --- [ChiDaram App] [           main] org.hibernate.orm.sql.ast.create         : Created new SQL alias : u1_0
2025-08-24T11:33:06.303+03:30 DEBUG 1188 --- [ChiDaram App] [           main] org.hibernate.orm.sql.ast.create         : Registration of TableGroup [StandardTableGroup(com.example.chi_daram.entity.User(217200953974500))] with identifierForTableGroup [com.example.chi_daram.entity.User] for NavigablePath [com.example.chi_daram.entity.User] 
2025-08-24T11:33:06.304+03:30 DEBUG 1188 --- [ChiDaram App] [           main] o.h.q.sqm.sql.BaseSqmToSqlAstConverter   : Determining mapping-model type for SqmParameter : org.hibernate.query.sqm.tree.expression.SqmJpaCriteriaParameterWrapper@46ddacb
2025-08-24T11:33:06.305+03:30 DEBUG 1188 --- [ChiDaram App] [           main] o.h.q.sqm.sql.BaseSqmToSqlAstConverter   : Determining mapping-model type for SqmPath : SqmBasicValuedSimplePath(com.example.chi_daram.entity.User(217200953974500).username) 
2025-08-24T11:33:06.305+03:30 DEBUG 1188 --- [ChiDaram App] [           main] org.hibernate.orm.results.graph.AST      : DomainResult Graph:
 \-EntityResultImpl [com.example.chi_daram.entity.User(217200953974500)]
 |  +-BasicFetch [com.example.chi_daram.entity.User(217200953974500).accountNonExpired]
 |  +-BasicFetch [com.example.chi_daram.entity.User(217200953974500).accountNonLocked]
 |  +-BasicFetch [com.example.chi_daram.entity.User(217200953974500).credentialsNonExpired]
 |  +-BasicFetch [com.example.chi_daram.entity.User(217200953974500).description]
 |  +-BasicFetch [com.example.chi_daram.entity.User(217200953974500).enabled]
 |  +-BasicFetch [com.example.chi_daram.entity.User(217200953974500).otpCode]
 |  +-BasicFetch [com.example.chi_daram.entity.User(217200953974500).otpEnabledForLogin]
 |  +-BasicFetch [com.example.chi_daram.entity.User(217200953974500).otpGeneratedTime]
 |  +-BasicFetch [com.example.chi_daram.entity.User(217200953974500).password]
 |  +-BasicFetch [com.example.chi_daram.entity.User(217200953974500).phoneNumber]
 |  +-SelectEagerCollectionFetch [com.example.chi_daram.entity.User(217200953974500).roles]
 |  +-BasicFetch [com.example.chi_daram.entity.User(217200953974500).title]
 |  \-BasicFetch [com.example.chi_daram.entity.User(217200953974500).username]

2025-08-24T11:33:06.306+03:30 DEBUG 1188 --- [ChiDaram App] [           main] org.hibernate.orm.sql.ast.tree           : SQL AST Tree:
    SelectStatement {
      FromClause {
        StandardTableGroup (u1 : com.example.chi_daram.entity.User(217200953974500)) {
          primaryTableReference : "user_security" as u1_0
        }
      }
    }

2025-08-24T11:33:06.307+03:30 DEBUG 1188 --- [ChiDaram App] [           main] o.hibernate.engine.internal.Collections  : Collection found: [com.example.chi_daram.entity.User.roles#201], was: [com.example.chi_daram.entity.User.roles#201] (initialized)
2025-08-24T11:33:06.308+03:30 DEBUG 1188 --- [ChiDaram App] [           main] o.h.e.i.AbstractFlushingEventListener    : Flushed: 0 insertions, 0 updates, 0 deletions to 1 objects
2025-08-24T11:33:06.308+03:30 DEBUG 1188 --- [ChiDaram App] [           main] o.h.e.i.AbstractFlushingEventListener    : Flushed: 0 (re)creations, 0 updates, 0 removals to 1 collections
2025-08-24T11:33:06.308+03:30 DEBUG 1188 --- [ChiDaram App] [           main] o.hibernate.internal.util.EntityPrinter  : Listing entities:
2025-08-24T11:33:06.309+03:30 DEBUG 1188 --- [ChiDaram App] [           main] o.hibernate.internal.util.EntityPrinter  : com.example.chi_daram.entity.User{credentialsNonExpired=true, roles=[USER], otpCode=null, description=Desc, title=Integration Test User, enabled=true, otpGeneratedTime=null, password=$2a$10$xtlzDMRGsyoyT6/TxwKtFeuA/kEYVCRP5YNN1CuE4dpdu7A5DKzE2, phoneNumber=09121234567, otpEnabledForLogin=false, accountNonExpired=true, id=201, accountNonLocked=true, username=testuser_int}
2025-08-24T11:33:06.309+03:30 DEBUG 1188 --- [ChiDaram App] [           main] org.hibernate.orm.sql.exec               : Skipping reading Query result cache data: cache-enabled = false, cache-mode = NORMAL
2025-08-24T11:33:06.310+03:30 DEBUG 1188 --- [ChiDaram App] [           main] org.hibernate.orm.results                : Initializer list:
	  com.example.chi_daram.entity.User(217200953974500) -> EntityResultInitializer(com.example.chi_daram.entity.User(217200953974500))@496999581 (SingleTableEntityPersister(com.example.chi_daram.entity.User))
	  com.example.chi_daram.entity.User(217200953974500).roles -> SelectEagerCollectionInitializer(com.example.chi_daram.entity.User(217200953974500).roles)@2001643111 (PluralAttribute(com.example.chi_daram.entity.User.roles))

2025-08-24T11:33:06.310+03:30 DEBUG 1188 --- [ChiDaram App] [           main] org.hibernate.SQL                        : select u1_0.id,u1_0.account_non_expired,u1_0.account_non_locked,u1_0.credentials_non_expired,u1_0.description,u1_0.enabled,u1_0.otp_code,u1_0.otp_enabled_for_login,u1_0.otp_generated_time,u1_0.password,u1_0.phone_number,u1_0.title,u1_0.username from "user_security" u1_0 where u1_0.username=?
2025-08-24T11:33:06.313+03:30 DEBUG 1188 --- [ChiDaram App] [           main] o.h.e.i.AbstractFlushingEventListener    : Processing flush-time cascades
2025-08-24T11:33:06.315+03:30 DEBUG 1188 --- [ChiDaram App] [           main] o.h.e.i.AbstractFlushingEventListener    : Dirty checking collections
2025-08-24T11:33:06.315+03:30 DEBUG 1188 --- [ChiDaram App] [           main] org.hibernate.orm.sql.ast.create         : Created new SQL alias : u1_0
2025-08-24T11:33:06.315+03:30 DEBUG 1188 --- [ChiDaram App] [           main] org.hibernate.orm.sql.ast.create         : Registration of TableGroup [StandardTableGroup(com.example.chi_daram.entity.User(217200964170300))] with identifierForTableGroup [com.example.chi_daram.entity.User] for NavigablePath [com.example.chi_daram.entity.User] 
2025-08-24T11:33:06.317+03:30 DEBUG 1188 --- [ChiDaram App] [           main] o.h.q.sqm.sql.BaseSqmToSqlAstConverter   : Determining mapping-model type for SqmParameter : org.hibernate.query.sqm.tree.expression.SqmJpaCriteriaParameterWrapper@23943a02
2025-08-24T11:33:06.317+03:30 DEBUG 1188 --- [ChiDaram App] [           main] o.h.q.sqm.sql.BaseSqmToSqlAstConverter   : Determining mapping-model type for SqmPath : SqmBasicValuedSimplePath(com.example.chi_daram.entity.User(217200964170300).phoneNumber) 
2025-08-24T11:33:06.318+03:30 DEBUG 1188 --- [ChiDaram App] [           main] org.hibernate.orm.results.graph.AST      : DomainResult Graph:
 \-EntityResultImpl [com.example.chi_daram.entity.User(217200964170300)]
 |  +-BasicFetch [com.example.chi_daram.entity.User(217200964170300).accountNonExpired]
 |  +-BasicFetch [com.example.chi_daram.entity.User(217200964170300).accountNonLocked]
 |  +-BasicFetch [com.example.chi_daram.entity.User(217200964170300).credentialsNonExpired]
 |  +-BasicFetch [com.example.chi_daram.entity.User(217200964170300).description]
 |  +-BasicFetch [com.example.chi_daram.entity.User(217200964170300).enabled]
 |  +-BasicFetch [com.example.chi_daram.entity.User(217200964170300).otpCode]
 |  +-BasicFetch [com.example.chi_daram.entity.User(217200964170300).otpEnabledForLogin]
 |  +-BasicFetch [com.example.chi_daram.entity.User(217200964170300).otpGeneratedTime]
 |  +-BasicFetch [com.example.chi_daram.entity.User(217200964170300).password]
 |  +-BasicFetch [com.example.chi_daram.entity.User(217200964170300).phoneNumber]
 |  +-SelectEagerCollectionFetch [com.example.chi_daram.entity.User(217200964170300).roles]
 |  +-BasicFetch [com.example.chi_daram.entity.User(217200964170300).title]
 |  \-BasicFetch [com.example.chi_daram.entity.User(217200964170300).username]

2025-08-24T11:33:06.318+03:30 DEBUG 1188 --- [ChiDaram App] [           main] org.hibernate.orm.sql.ast.tree           : SQL AST Tree:
    SelectStatement {
      FromClause {
        StandardTableGroup (u1 : com.example.chi_daram.entity.User(217200964170300)) {
          primaryTableReference : "user_security" as u1_0
        }
      }
    }

2025-08-24T11:33:06.319+03:30 DEBUG 1188 --- [ChiDaram App] [           main] o.hibernate.engine.internal.Collections  : Collection found: [com.example.chi_daram.entity.User.roles#201], was: [com.example.chi_daram.entity.User.roles#201] (initialized)
2025-08-24T11:33:06.319+03:30 DEBUG 1188 --- [ChiDaram App] [           main] o.h.e.i.AbstractFlushingEventListener    : Flushed: 0 insertions, 0 updates, 0 deletions to 1 objects
2025-08-24T11:33:06.319+03:30 DEBUG 1188 --- [ChiDaram App] [           main] o.h.e.i.AbstractFlushingEventListener    : Flushed: 0 (re)creations, 0 updates, 0 removals to 1 collections
2025-08-24T11:33:06.319+03:30 DEBUG 1188 --- [ChiDaram App] [           main] o.hibernate.internal.util.EntityPrinter  : Listing entities:
2025-08-24T11:33:06.320+03:30 DEBUG 1188 --- [ChiDaram App] [           main] o.hibernate.internal.util.EntityPrinter  : com.example.chi_daram.entity.User{credentialsNonExpired=true, roles=[USER], otpCode=null, description=Desc, title=Integration Test User, enabled=true, otpGeneratedTime=null, password=$2a$10$xtlzDMRGsyoyT6/TxwKtFeuA/kEYVCRP5YNN1CuE4dpdu7A5DKzE2, phoneNumber=09121234567, otpEnabledForLogin=false, accountNonExpired=true, id=201, accountNonLocked=true, username=testuser_int}
2025-08-24T11:33:06.320+03:30 DEBUG 1188 --- [ChiDaram App] [           main] org.hibernate.orm.sql.exec               : Skipping reading Query result cache data: cache-enabled = false, cache-mode = NORMAL
2025-08-24T11:33:06.320+03:30 DEBUG 1188 --- [ChiDaram App] [           main] org.hibernate.orm.results                : Initializer list:
	  com.example.chi_daram.entity.User(217200964170300).roles -> SelectEagerCollectionInitializer(com.example.chi_daram.entity.User(217200964170300).roles)@342093772 (PluralAttribute(com.example.chi_daram.entity.User.roles))
	  com.example.chi_daram.entity.User(217200964170300) -> EntityResultInitializer(com.example.chi_daram.entity.User(217200964170300))@379945832 (SingleTableEntityPersister(com.example.chi_daram.entity.User))

2025-08-24T11:33:06.320+03:30 DEBUG 1188 --- [ChiDaram App] [           main] org.hibernate.SQL                        : select u1_0.id,u1_0.account_non_expired,u1_0.account_non_locked,u1_0.credentials_non_expired,u1_0.description,u1_0.enabled,u1_0.otp_code,u1_0.otp_enabled_for_login,u1_0.otp_generated_time,u1_0.password,u1_0.phone_number,u1_0.title,u1_0.username from "user_security" u1_0 where u1_0.phone_number=?
2025-08-24T11:33:06.477+03:30 DEBUG 1188 --- [ChiDaram App] [           main] o.s.orm.jpa.JpaTransactionManager        : Found thread-bound EntityManager [SessionImpl(1329316963<open>)] for JPA transaction
2025-08-24T11:33:06.477+03:30 DEBUG 1188 --- [ChiDaram App] [           main] o.s.orm.jpa.JpaTransactionManager        : Participating in existing transaction
2025-08-24T11:33:06.477+03:30 DEBUG 1188 --- [ChiDaram App] [           main] o.h.j.internal.PersistenceUnitUtilImpl   : jakarta.persistence.PersistenceUnitUtil.getIdentifier is only intended to work with enhanced entities (although Hibernate also adapts this support to its proxies); however the passed entity was not enhanced (nor a proxy).. may not be able to read identifier
2025-08-24T11:33:06.487+03:30 DEBUG 1188 --- [ChiDaram App] [           main] o.s.orm.jpa.JpaTransactionManager        : Initiating transaction commit
2025-08-24T11:33:06.487+03:30 DEBUG 1188 --- [ChiDaram App] [           main] o.s.orm.jpa.JpaTransactionManager        : Committing JPA transaction on EntityManager [SessionImpl(1329316963<open>)]
2025-08-24T11:33:06.487+03:30 DEBUG 1188 --- [ChiDaram App] [           main] o.h.e.t.internal.TransactionImpl         : committing
2025-08-24T11:33:06.487+03:30 DEBUG 1188 --- [ChiDaram App] [           main] o.h.e.i.AbstractFlushingEventListener    : Processing flush-time cascades
2025-08-24T11:33:06.487+03:30 DEBUG 1188 --- [ChiDaram App] [           main] o.h.e.i.AbstractFlushingEventListener    : Dirty checking collections
2025-08-24T11:33:06.493+03:30 DEBUG 1188 --- [ChiDaram App] [           main] o.hibernate.engine.internal.Collections  : Collection found: [com.example.chi_daram.entity.User.roles#201], was: [com.example.chi_daram.entity.User.roles#201] (initialized)
2025-08-24T11:33:06.493+03:30 DEBUG 1188 --- [ChiDaram App] [           main] o.h.e.i.AbstractFlushingEventListener    : Flushed: 0 insertions, 1 updates, 0 deletions to 1 objects
2025-08-24T11:33:06.493+03:30 DEBUG 1188 --- [ChiDaram App] [           main] o.h.e.i.AbstractFlushingEventListener    : Flushed: 0 (re)creations, 0 updates, 0 removals to 1 collections
2025-08-24T11:33:06.493+03:30 DEBUG 1188 --- [ChiDaram App] [           main] o.hibernate.internal.util.EntityPrinter  : Listing entities:
2025-08-24T11:33:06.495+03:30 DEBUG 1188 --- [ChiDaram App] [           main] o.hibernate.internal.util.EntityPrinter  : com.example.chi_daram.entity.User{credentialsNonExpired=true, roles=[USER], otpCode=null, description=Updated Desc, title=Updated Title, enabled=true, otpGeneratedTime=null, password=$2a$10$zr3oARmm6DMJrVivX.mpNOfcA8Jx7XTXmi9cd7wYAbhBDXygzT8r2, phoneNumber=09123456789, otpEnabledForLogin=false, accountNonExpired=true, id=201, accountNonLocked=true, username=updated_user_int}
2025-08-24T11:33:06.523+03:30 DEBUG 1188 --- [ChiDaram App] [           main] org.hibernate.SQL                        : update "user_security" set account_non_expired=?,account_non_locked=?,credentials_non_expired=?,description=?,enabled=?,otp_code=?,otp_enabled_for_login=?,otp_generated_time=?,password=?,phone_number=?,title=?,username=? where id=?
2025-08-24T11:33:06.538+03:30 DEBUG 1188 --- [ChiDaram App] [           main] o.s.orm.jpa.JpaTransactionManager        : Closing JPA EntityManager [SessionImpl(1329316963<open>)] after transaction
]]></system-out>
  </testcase>
  <testcase name="testGetUserById_Authenticated" classname="com.example.chi_daram.controller.UserControllerIntegrationTest" time="1.33">
    <system-out><![CDATA[2025-08-24T11:33:06.668+03:30 DEBUG 1188 --- [ChiDaram App] [           main] o.s.orm.jpa.JpaTransactionManager        : Creating new transaction with name [org.springframework.data.jpa.repository.support.SimpleJpaRepository.deleteAll]: PROPAGATION_REQUIRED,ISOLATION_DEFAULT
2025-08-24T11:33:06.668+03:30 DEBUG 1188 --- [ChiDaram App] [           main] o.s.orm.jpa.JpaTransactionManager        : Opened new EntityManager [SessionImpl(239794696<open>)] for JPA transaction
2025-08-24T11:33:06.670+03:30 DEBUG 1188 --- [ChiDaram App] [           main] o.h.e.t.internal.TransactionImpl         : On TransactionImpl creation, JpaCompliance#isJpaTransactionComplianceEnabled == false
2025-08-24T11:33:06.670+03:30 DEBUG 1188 --- [ChiDaram App] [           main] o.h.e.t.internal.TransactionImpl         : begin
2025-08-24T11:33:06.670+03:30 DEBUG 1188 --- [ChiDaram App] [           main] o.s.orm.jpa.JpaTransactionManager        : Exposing JPA transaction as JDBC [org.springframework.orm.jpa.vendor.HibernateJpaDialect$HibernateConnectionHandle@5a9fa35]
2025-08-24T11:33:06.672+03:30 DEBUG 1188 --- [ChiDaram App] [           main] org.hibernate.orm.sql.ast.create         : Created new SQL alias : u1_0
2025-08-24T11:33:06.672+03:30 DEBUG 1188 --- [ChiDaram App] [           main] org.hibernate.orm.sql.ast.create         : Registration of TableGroup [StandardTableGroup(com.example.chi_daram.entity.User(217211984443300))] with identifierForTableGroup [com.example.chi_daram.entity.User] for NavigablePath [com.example.chi_daram.entity.User] 
2025-08-24T11:33:06.674+03:30 DEBUG 1188 --- [ChiDaram App] [           main] org.hibernate.orm.results.graph.AST      : DomainResult Graph:
 \-EntityResultImpl [com.example.chi_daram.entity.User(217211984443300)]
 |  +-BasicFetch [com.example.chi_daram.entity.User(217211984443300).accountNonExpired]
 |  +-BasicFetch [com.example.chi_daram.entity.User(217211984443300).accountNonLocked]
 |  +-BasicFetch [com.example.chi_daram.entity.User(217211984443300).credentialsNonExpired]
 |  +-BasicFetch [com.example.chi_daram.entity.User(217211984443300).description]
 |  +-BasicFetch [com.example.chi_daram.entity.User(217211984443300).enabled]
 |  +-BasicFetch [com.example.chi_daram.entity.User(217211984443300).otpCode]
 |  +-BasicFetch [com.example.chi_daram.entity.User(217211984443300).otpEnabledForLogin]
 |  +-BasicFetch [com.example.chi_daram.entity.User(217211984443300).otpGeneratedTime]
 |  +-BasicFetch [com.example.chi_daram.entity.User(217211984443300).password]
 |  +-BasicFetch [com.example.chi_daram.entity.User(217211984443300).phoneNumber]
 |  +-SelectEagerCollectionFetch [com.example.chi_daram.entity.User(217211984443300).roles]
 |  +-BasicFetch [com.example.chi_daram.entity.User(217211984443300).title]
 |  \-BasicFetch [com.example.chi_daram.entity.User(217211984443300).username]

2025-08-24T11:33:06.674+03:30 DEBUG 1188 --- [ChiDaram App] [           main] org.hibernate.orm.sql.ast.tree           : SQL AST Tree:
    SelectStatement {
      FromClause {
        StandardTableGroup (u1 : com.example.chi_daram.entity.User(217211984443300)) {
          primaryTableReference : "user_security" as u1_0
        }
      }
    }

2025-08-24T11:33:06.679+03:30 DEBUG 1188 --- [ChiDaram App] [           main] org.hibernate.orm.sql.exec               : Skipping reading Query result cache data: cache-enabled = false, cache-mode = NORMAL
2025-08-24T11:33:06.682+03:30 DEBUG 1188 --- [ChiDaram App] [           main] org.hibernate.orm.results                : Initializer list:
	  com.example.chi_daram.entity.User(217211984443300).roles -> SelectEagerCollectionInitializer(com.example.chi_daram.entity.User(217211984443300).roles)@266982731 (PluralAttribute(com.example.chi_daram.entity.User.roles))
	  com.example.chi_daram.entity.User(217211984443300) -> EntityResultInitializer(com.example.chi_daram.entity.User(217211984443300))@2018614627 (SingleTableEntityPersister(com.example.chi_daram.entity.User))

2025-08-24T11:33:06.682+03:30 DEBUG 1188 --- [ChiDaram App] [           main] org.hibernate.SQL                        : select u1_0.id,u1_0.account_non_expired,u1_0.account_non_locked,u1_0.credentials_non_expired,u1_0.description,u1_0.enabled,u1_0.otp_code,u1_0.otp_enabled_for_login,u1_0.otp_generated_time,u1_0.password,u1_0.phone_number,u1_0.title,u1_0.username from "user_security" u1_0
2025-08-24T11:33:06.689+03:30 DEBUG 1188 --- [ChiDaram App] [           main] org.hibernate.orm.results                : Extracted JDBC value [0] - [201]
2025-08-24T11:33:06.689+03:30 DEBUG 1188 --- [ChiDaram App] [           main] o.hibernate.orm.results.loading.entity   : (EntityResultInitializer) Hydrated EntityKey (com.example.chi_daram.entity.User(217211984443300)): 201
2025-08-24T11:33:06.689+03:30 DEBUG 1188 --- [ChiDaram App] [           main] o.h.o.r.l.o.h.o.r.loading.collection     : (SelectEagerCollectionInitializer) Current row collection key : com.example.chi_daram.entity.User(217211984443300).roles#201
2025-08-24T11:33:06.689+03:30 DEBUG 1188 --- [ChiDaram App] [           main] o.hibernate.orm.results.loading.entity   : (EntityResultInitializer) Created new entity instance [com.example.chi_daram.entity.User(217211984443300)#201] : 1644934378
2025-08-24T11:33:06.690+03:30 DEBUG 1188 --- [ChiDaram App] [           main] org.hibernate.orm.results                : Extracted JDBC value [1] - [true]
2025-08-24T11:33:06.690+03:30 DEBUG 1188 --- [ChiDaram App] [           main] org.hibernate.orm.results                : Extracted JDBC value [2] - [true]
2025-08-24T11:33:06.690+03:30 DEBUG 1188 --- [ChiDaram App] [           main] org.hibernate.orm.results                : Extracted JDBC value [3] - [true]
2025-08-24T11:33:06.690+03:30 DEBUG 1188 --- [ChiDaram App] [           main] org.hibernate.orm.results                : Extracted JDBC value [4] - [Updated Desc]
2025-08-24T11:33:06.690+03:30 DEBUG 1188 --- [ChiDaram App] [           main] org.hibernate.orm.results                : Extracted JDBC value [5] - [true]
2025-08-24T11:33:06.690+03:30 DEBUG 1188 --- [ChiDaram App] [           main] org.hibernate.orm.results                : Extracted JDBC value [6] - [null]
2025-08-24T11:33:06.690+03:30 DEBUG 1188 --- [ChiDaram App] [           main] org.hibernate.orm.results                : Extracted JDBC value [7] - [false]
2025-08-24T11:33:06.690+03:30 DEBUG 1188 --- [ChiDaram App] [           main] org.hibernate.orm.results                : Extracted JDBC value [8] - [null]
2025-08-24T11:33:06.690+03:30 DEBUG 1188 --- [ChiDaram App] [           main] org.hibernate.orm.results                : Extracted JDBC value [9] - [$2a$10$zr3oARmm6DMJrVivX.mpNOfcA8Jx7XTXmi9cd7wYAbhBDXygzT8r2]
2025-08-24T11:33:06.690+03:30 DEBUG 1188 --- [ChiDaram App] [           main] org.hibernate.orm.results                : Extracted JDBC value [10] - [09123456789]
2025-08-24T11:33:06.690+03:30 DEBUG 1188 --- [ChiDaram App] [           main] org.hibernate.orm.results                : Extracted JDBC value [11] - [Updated Title]
2025-08-24T11:33:06.690+03:30 DEBUG 1188 --- [ChiDaram App] [           main] org.hibernate.orm.results                : Extracted JDBC value [12] - [updated_user_int]
2025-08-24T11:33:06.691+03:30 DEBUG 1188 --- [ChiDaram App] [           main] o.hibernate.orm.results.loading.entity   : (EntityResultInitializer) Done materializing entityInstance : com.example.chi_daram.entity.User(217211984443300)#201
2025-08-24T11:33:06.691+03:30 DEBUG 1188 --- [ChiDaram App] [           main] org.hibernate.orm.results.loading        : Calling top-level assembler (0 / 1) : org.hibernate.sql.results.graph.entity.internal.EntityAssembler@7c3013ea
2025-08-24T11:33:06.694+03:30 DEBUG 1188 --- [ChiDaram App] [           main] org.hibernate.orm.sql.exec               : Skipping reading Query result cache data: cache-enabled = false, cache-mode = IGNORE
2025-08-24T11:33:06.695+03:30 DEBUG 1188 --- [ChiDaram App] [           main] org.hibernate.orm.results                : Initializer list:
	  com.example.chi_daram.entity.User.roles -> SetInitializer(com.example.chi_daram.entity.User.roles)@346255655 (PluralAttribute(com.example.chi_daram.entity.User.roles))

2025-08-24T11:33:06.695+03:30 DEBUG 1188 --- [ChiDaram App] [           main] org.hibernate.SQL                        : select r1_0.user_id,r1_0.role from user_roles r1_0 where r1_0.user_id=?
2025-08-24T11:33:06.696+03:30 DEBUG 1188 --- [ChiDaram App] [           main] org.hibernate.orm.results                : Extracted JDBC value [0] - [201]
2025-08-24T11:33:06.697+03:30 DEBUG 1188 --- [ChiDaram App] [           main] o.h.o.r.l.o.h.o.r.loading.collection     : (SetInitializer) Current row collection key : com.example.chi_daram.entity.User.roles#201
2025-08-24T11:33:06.697+03:30 DEBUG 1188 --- [ChiDaram App] [           main] o.h.o.r.l.o.h.o.r.loading.collection     : (SetInitializer) Responsible for loading collection [com.example.chi_daram.entity.User.roles#201] : org.hibernate.collection.spi.PersistentSet@382048077
2025-08-24T11:33:06.697+03:30 DEBUG 1188 --- [ChiDaram App] [           main] o.h.o.r.l.o.h.o.r.loading.collection     : (SetInitializer) Reading element from row for collection [com.example.chi_daram.entity.User.roles#201] -> org.hibernate.collection.spi.PersistentSet@382048077
2025-08-24T11:33:06.698+03:30 DEBUG 1188 --- [ChiDaram App] [           main] org.hibernate.orm.results                : Extracted JDBC value [1] - [USER]
2025-08-24T11:33:06.699+03:30 DEBUG 1188 --- [ChiDaram App] [           main] org.hibernate.orm.results.loading        : Calling top-level assembler (0 / 1) : org.hibernate.sql.results.graph.collection.internal.CollectionAssembler@6da640fe
2025-08-24T11:33:06.699+03:30 DEBUG 1188 --- [ChiDaram App] [           main] o.h.sql.results.internal.ResultsHelper   : Collection fully initialized: [com.example.chi_daram.entity.User.roles#201]
2025-08-24T11:33:06.700+03:30 DEBUG 1188 --- [ChiDaram App] [           main] o.h.j.internal.PersistenceUnitUtilImpl   : jakarta.persistence.PersistenceUnitUtil.getIdentifier is only intended to work with enhanced entities (although Hibernate also adapts this support to its proxies); however the passed entity was not enhanced (nor a proxy).. may not be able to read identifier
2025-08-24T11:33:06.700+03:30 DEBUG 1188 --- [ChiDaram App] [           main] o.h.j.internal.PersistenceUnitUtilImpl   : jakarta.persistence.PersistenceUnitUtil.getIdentifier is only intended to work with enhanced entities (although Hibernate also adapts this support to its proxies); however the passed entity was not enhanced (nor a proxy).. may not be able to read identifier
2025-08-24T11:33:06.702+03:30 DEBUG 1188 --- [ChiDaram App] [           main] o.s.orm.jpa.JpaTransactionManager        : Initiating transaction commit
2025-08-24T11:33:06.702+03:30 DEBUG 1188 --- [ChiDaram App] [           main] o.s.orm.jpa.JpaTransactionManager        : Committing JPA transaction on EntityManager [SessionImpl(239794696<open>)]
2025-08-24T11:33:06.702+03:30 DEBUG 1188 --- [ChiDaram App] [           main] o.h.e.t.internal.TransactionImpl         : committing
2025-08-24T11:33:06.702+03:30 DEBUG 1188 --- [ChiDaram App] [           main] o.h.e.i.AbstractFlushingEventListener    : Processing flush-time cascades
2025-08-24T11:33:06.702+03:30 DEBUG 1188 --- [ChiDaram App] [           main] o.h.e.i.AbstractFlushingEventListener    : Dirty checking collections
2025-08-24T11:33:06.703+03:30 DEBUG 1188 --- [ChiDaram App] [           main] o.hibernate.engine.internal.Collections  : Collection dereferenced: [com.example.chi_daram.entity.User.roles#201]
2025-08-24T11:33:06.703+03:30 DEBUG 1188 --- [ChiDaram App] [           main] o.h.e.i.AbstractFlushingEventListener    : Flushed: 0 insertions, 0 updates, 1 deletions to 1 objects
2025-08-24T11:33:06.703+03:30 DEBUG 1188 --- [ChiDaram App] [           main] o.h.e.i.AbstractFlushingEventListener    : Flushed: 0 (re)creations, 0 updates, 1 removals to 1 collections
2025-08-24T11:33:06.703+03:30 DEBUG 1188 --- [ChiDaram App] [           main] o.hibernate.internal.util.EntityPrinter  : Listing entities:
2025-08-24T11:33:06.704+03:30 DEBUG 1188 --- [ChiDaram App] [           main] o.hibernate.internal.util.EntityPrinter  : com.example.chi_daram.entity.User{credentialsNonExpired=true, roles=[USER], otpCode=null, description=Updated Desc, title=Updated Title, enabled=true, otpGeneratedTime=null, password=$2a$10$zr3oARmm6DMJrVivX.mpNOfcA8Jx7XTXmi9cd7wYAbhBDXygzT8r2, phoneNumber=09123456789, otpEnabledForLogin=false, accountNonExpired=true, id=201, accountNonLocked=true, username=updated_user_int}
2025-08-24T11:33:06.705+03:30 DEBUG 1188 --- [ChiDaram App] [           main] org.hibernate.orm.jdbc.mutation          : Deleting collection - com.example.chi_daram.entity.User.roles : 201
2025-08-24T11:33:06.705+03:30 DEBUG 1188 --- [ChiDaram App] [           main] org.hibernate.SQL                        : delete from user_roles where user_id=?
2025-08-24T11:33:06.708+03:30 DEBUG 1188 --- [ChiDaram App] [           main] org.hibernate.SQL                        : delete from "user_security" where id=?
2025-08-24T11:33:06.714+03:30 DEBUG 1188 --- [ChiDaram App] [           main] o.s.orm.jpa.JpaTransactionManager        : Closing JPA EntityManager [SessionImpl(239794696<open>)] after transaction
2025-08-24T11:33:06.730+03:30 DEBUG 1188 --- [ChiDaram App] [           main] o.s.orm.jpa.JpaTransactionManager        : Creating new transaction with name [com.example.chi_daram.service.impl.UserServiceImpl.registerNewUser]: PROPAGATION_REQUIRED,ISOLATION_DEFAULT
2025-08-24T11:33:06.731+03:30 DEBUG 1188 --- [ChiDaram App] [           main] o.s.orm.jpa.JpaTransactionManager        : Opened new EntityManager [SessionImpl(191058597<open>)] for JPA transaction
2025-08-24T11:33:06.731+03:30 DEBUG 1188 --- [ChiDaram App] [           main] o.h.e.t.internal.TransactionImpl         : On TransactionImpl creation, JpaCompliance#isJpaTransactionComplianceEnabled == false
2025-08-24T11:33:06.731+03:30 DEBUG 1188 --- [ChiDaram App] [           main] o.h.e.t.internal.TransactionImpl         : begin
2025-08-24T11:33:06.731+03:30 DEBUG 1188 --- [ChiDaram App] [           main] o.s.orm.jpa.JpaTransactionManager        : Exposing JPA transaction as JDBC [org.springframework.orm.jpa.vendor.HibernateJpaDialect$HibernateConnectionHandle@3c9be5f1]
2025-08-24T11:33:06.733+03:30 DEBUG 1188 --- [ChiDaram App] [           main] org.hibernate.orm.sql.ast.create         : Created new SQL alias : u1_0
2025-08-24T11:33:06.733+03:30 DEBUG 1188 --- [ChiDaram App] [           main] org.hibernate.orm.sql.ast.create         : Registration of TableGroup [StandardTableGroup(com.example.chi_daram.entity.User(217200953974500))] with identifierForTableGroup [com.example.chi_daram.entity.User] for NavigablePath [com.example.chi_daram.entity.User] 
2025-08-24T11:33:06.735+03:30 DEBUG 1188 --- [ChiDaram App] [           main] o.h.q.sqm.sql.BaseSqmToSqlAstConverter   : Determining mapping-model type for SqmParameter : org.hibernate.query.sqm.tree.expression.SqmJpaCriteriaParameterWrapper@26ffe94e
2025-08-24T11:33:06.735+03:30 DEBUG 1188 --- [ChiDaram App] [           main] o.h.q.sqm.sql.BaseSqmToSqlAstConverter   : Determining mapping-model type for SqmPath : SqmBasicValuedSimplePath(com.example.chi_daram.entity.User(217200953974500).username) 
2025-08-24T11:33:06.739+03:30 DEBUG 1188 --- [ChiDaram App] [           main] org.hibernate.orm.results.graph.AST      : DomainResult Graph:
 \-EntityResultImpl [com.example.chi_daram.entity.User(217200953974500)]
 |  +-BasicFetch [com.example.chi_daram.entity.User(217200953974500).accountNonExpired]
 |  +-BasicFetch [com.example.chi_daram.entity.User(217200953974500).accountNonLocked]
 |  +-BasicFetch [com.example.chi_daram.entity.User(217200953974500).credentialsNonExpired]
 |  +-BasicFetch [com.example.chi_daram.entity.User(217200953974500).description]
 |  +-BasicFetch [com.example.chi_daram.entity.User(217200953974500).enabled]
 |  +-BasicFetch [com.example.chi_daram.entity.User(217200953974500).otpCode]
 |  +-BasicFetch [com.example.chi_daram.entity.User(217200953974500).otpEnabledForLogin]
 |  +-BasicFetch [com.example.chi_daram.entity.User(217200953974500).otpGeneratedTime]
 |  +-BasicFetch [com.example.chi_daram.entity.User(217200953974500).password]
 |  +-BasicFetch [com.example.chi_daram.entity.User(217200953974500).phoneNumber]
 |  +-SelectEagerCollectionFetch [com.example.chi_daram.entity.User(217200953974500).roles]
 |  +-BasicFetch [com.example.chi_daram.entity.User(217200953974500).title]
 |  \-BasicFetch [com.example.chi_daram.entity.User(217200953974500).username]

2025-08-24T11:33:06.739+03:30 DEBUG 1188 --- [ChiDaram App] [           main] org.hibernate.orm.sql.ast.tree           : SQL AST Tree:
    SelectStatement {
      FromClause {
        StandardTableGroup (u1 : com.example.chi_daram.entity.User(217200953974500)) {
          primaryTableReference : "user_security" as u1_0
        }
      }
    }

2025-08-24T11:33:06.742+03:30 DEBUG 1188 --- [ChiDaram App] [           main] org.hibernate.orm.sql.exec               : Skipping reading Query result cache data: cache-enabled = false, cache-mode = NORMAL
2025-08-24T11:33:06.744+03:30 DEBUG 1188 --- [ChiDaram App] [           main] org.hibernate.orm.results                : Initializer list:
	  com.example.chi_daram.entity.User(217200953974500) -> EntityResultInitializer(com.example.chi_daram.entity.User(217200953974500))@821459229 (SingleTableEntityPersister(com.example.chi_daram.entity.User))
	  com.example.chi_daram.entity.User(217200953974500).roles -> SelectEagerCollectionInitializer(com.example.chi_daram.entity.User(217200953974500).roles)@1771721684 (PluralAttribute(com.example.chi_daram.entity.User.roles))

2025-08-24T11:33:06.744+03:30 DEBUG 1188 --- [ChiDaram App] [           main] org.hibernate.SQL                        : select u1_0.id,u1_0.account_non_expired,u1_0.account_non_locked,u1_0.credentials_non_expired,u1_0.description,u1_0.enabled,u1_0.otp_code,u1_0.otp_enabled_for_login,u1_0.otp_generated_time,u1_0.password,u1_0.phone_number,u1_0.title,u1_0.username from "user_security" u1_0 where u1_0.username=?
2025-08-24T11:33:06.750+03:30 DEBUG 1188 --- [ChiDaram App] [           main] org.hibernate.orm.sql.ast.create         : Created new SQL alias : u1_0
2025-08-24T11:33:06.750+03:30 DEBUG 1188 --- [ChiDaram App] [           main] org.hibernate.orm.sql.ast.create         : Registration of TableGroup [StandardTableGroup(com.example.chi_daram.entity.User(217200964170300))] with identifierForTableGroup [com.example.chi_daram.entity.User] for NavigablePath [com.example.chi_daram.entity.User] 
2025-08-24T11:33:06.766+03:30 DEBUG 1188 --- [ChiDaram App] [           main] o.h.q.sqm.sql.BaseSqmToSqlAstConverter   : Determining mapping-model type for SqmParameter : org.hibernate.query.sqm.tree.expression.SqmJpaCriteriaParameterWrapper@47c90585
2025-08-24T11:33:06.767+03:30 DEBUG 1188 --- [ChiDaram App] [           main] o.h.q.sqm.sql.BaseSqmToSqlAstConverter   : Determining mapping-model type for SqmPath : SqmBasicValuedSimplePath(com.example.chi_daram.entity.User(217200964170300).phoneNumber) 
2025-08-24T11:33:06.768+03:30 DEBUG 1188 --- [ChiDaram App] [           main] org.hibernate.orm.results.graph.AST      : DomainResult Graph:
 \-EntityResultImpl [com.example.chi_daram.entity.User(217200964170300)]
 |  +-BasicFetch [com.example.chi_daram.entity.User(217200964170300).accountNonExpired]
 |  +-BasicFetch [com.example.chi_daram.entity.User(217200964170300).accountNonLocked]
 |  +-BasicFetch [com.example.chi_daram.entity.User(217200964170300).credentialsNonExpired]
 |  +-BasicFetch [com.example.chi_daram.entity.User(217200964170300).description]
 |  +-BasicFetch [com.example.chi_daram.entity.User(217200964170300).enabled]
 |  +-BasicFetch [com.example.chi_daram.entity.User(217200964170300).otpCode]
 |  +-BasicFetch [com.example.chi_daram.entity.User(217200964170300).otpEnabledForLogin]
 |  +-BasicFetch [com.example.chi_daram.entity.User(217200964170300).otpGeneratedTime]
 |  +-BasicFetch [com.example.chi_daram.entity.User(217200964170300).password]
 |  +-BasicFetch [com.example.chi_daram.entity.User(217200964170300).phoneNumber]
 |  +-SelectEagerCollectionFetch [com.example.chi_daram.entity.User(217200964170300).roles]
 |  +-BasicFetch [com.example.chi_daram.entity.User(217200964170300).title]
 |  \-BasicFetch [com.example.chi_daram.entity.User(217200964170300).username]

2025-08-24T11:33:06.768+03:30 DEBUG 1188 --- [ChiDaram App] [           main] org.hibernate.orm.sql.ast.tree           : SQL AST Tree:
    SelectStatement {
      FromClause {
        StandardTableGroup (u1 : com.example.chi_daram.entity.User(217200964170300)) {
          primaryTableReference : "user_security" as u1_0
        }
      }
    }

2025-08-24T11:33:06.772+03:30 DEBUG 1188 --- [ChiDaram App] [           main] org.hibernate.orm.sql.exec               : Skipping reading Query result cache data: cache-enabled = false, cache-mode = NORMAL
2025-08-24T11:33:06.779+03:30 DEBUG 1188 --- [ChiDaram App] [           main] org.hibernate.orm.results                : Initializer list:
	  com.example.chi_daram.entity.User(217200964170300).roles -> SelectEagerCollectionInitializer(com.example.chi_daram.entity.User(217200964170300).roles)@1635674097 (PluralAttribute(com.example.chi_daram.entity.User.roles))
	  com.example.chi_daram.entity.User(217200964170300) -> EntityResultInitializer(com.example.chi_daram.entity.User(217200964170300))@1846846326 (SingleTableEntityPersister(com.example.chi_daram.entity.User))

2025-08-24T11:33:06.780+03:30 DEBUG 1188 --- [ChiDaram App] [           main] org.hibernate.SQL                        : select u1_0.id,u1_0.account_non_expired,u1_0.account_non_locked,u1_0.credentials_non_expired,u1_0.description,u1_0.enabled,u1_0.otp_code,u1_0.otp_enabled_for_login,u1_0.otp_generated_time,u1_0.password,u1_0.phone_number,u1_0.title,u1_0.username from "user_security" u1_0 where u1_0.phone_number=?
2025-08-24T11:33:07.321+03:30 DEBUG 1188 --- [ChiDaram App] [           main] o.s.orm.jpa.JpaTransactionManager        : Found thread-bound EntityManager [SessionImpl(191058597<open>)] for JPA transaction
2025-08-24T11:33:07.321+03:30 DEBUG 1188 --- [ChiDaram App] [           main] o.s.orm.jpa.JpaTransactionManager        : Participating in existing transaction
2025-08-24T11:33:07.321+03:30 DEBUG 1188 --- [ChiDaram App] [           main] o.h.j.internal.PersistenceUnitUtilImpl   : jakarta.persistence.PersistenceUnitUtil.getIdentifier is only intended to work with enhanced entities (although Hibernate also adapts this support to its proxies); however the passed entity was not enhanced (nor a proxy).. may not be able to read identifier
2025-08-24T11:33:07.322+03:30 DEBUG 1188 --- [ChiDaram App] [           main] org.hibernate.engine.spi.ActionQueue     : Executing identity-insert immediately
2025-08-24T11:33:07.337+03:30 DEBUG 1188 --- [ChiDaram App] [           main] org.hibernate.SQL                        : insert into "user_security" (account_non_expired,account_non_locked,credentials_non_expired,description,enabled,otp_code,otp_enabled_for_login,otp_generated_time,password,phone_number,title,username) values (?,?,?,?,?,?,?,?,?,?,?,?) returning id
2025-08-24T11:33:07.342+03:30 DEBUG 1188 --- [ChiDaram App] [           main] org.hibernate.orm.results                : Initializer list is empty
2025-08-24T11:33:07.347+03:30 DEBUG 1188 --- [ChiDaram App] [           main] org.hibernate.orm.results.loading        : Calling top-level assembler (0 / 1) : org.hibernate.sql.results.graph.basic.BasicResultAssembler@6852f1d
2025-08-24T11:33:07.347+03:30 DEBUG 1188 --- [ChiDaram App] [           main] org.hibernate.orm.results                : Extracted JDBC value [0] - [202]
2025-08-24T11:33:07.347+03:30 DEBUG 1188 --- [ChiDaram App] [           main] o.h.id.IdentifierGeneratorHelper         : Extracted generated values [com.example.chi_daram.entity.User]: [Ljava.lang.Object;@5162ccc9
2025-08-24T11:33:07.348+03:30 DEBUG 1188 --- [ChiDaram App] [           main] o.s.orm.jpa.JpaTransactionManager        : Initiating transaction commit
2025-08-24T11:33:07.348+03:30 DEBUG 1188 --- [ChiDaram App] [           main] o.s.orm.jpa.JpaTransactionManager        : Committing JPA transaction on EntityManager [SessionImpl(191058597<open>)]
2025-08-24T11:33:07.348+03:30 DEBUG 1188 --- [ChiDaram App] [           main] o.h.e.t.internal.TransactionImpl         : committing
2025-08-24T11:33:07.349+03:30 DEBUG 1188 --- [ChiDaram App] [           main] o.h.e.i.AbstractFlushingEventListener    : Processing flush-time cascades
2025-08-24T11:33:07.350+03:30 DEBUG 1188 --- [ChiDaram App] [           main] o.h.e.i.AbstractFlushingEventListener    : Dirty checking collections
2025-08-24T11:33:07.352+03:30 DEBUG 1188 --- [ChiDaram App] [           main] o.hibernate.engine.internal.Collections  : Collection found: [com.example.chi_daram.entity.User.roles#202], was: [<unreferenced>] (initialized)
2025-08-24T11:33:07.352+03:30 DEBUG 1188 --- [ChiDaram App] [           main] o.h.e.i.AbstractFlushingEventListener    : Flushed: 0 insertions, 0 updates, 0 deletions to 1 objects
2025-08-24T11:33:07.352+03:30 DEBUG 1188 --- [ChiDaram App] [           main] o.h.e.i.AbstractFlushingEventListener    : Flushed: 1 (re)creations, 0 updates, 0 removals to 1 collections
2025-08-24T11:33:07.352+03:30 DEBUG 1188 --- [ChiDaram App] [           main] o.hibernate.internal.util.EntityPrinter  : Listing entities:
2025-08-24T11:33:07.356+03:30 DEBUG 1188 --- [ChiDaram App] [           main] o.hibernate.internal.util.EntityPrinter  : com.example.chi_daram.entity.User{credentialsNonExpired=true, roles=[USER], otpCode=null, description=Desc, title=Integration Test User, enabled=true, otpGeneratedTime=null, password=$2a$10$2png85G99LDBiI2r/P.7dObdexf20V1tQjkwgxEf1pQLtah0.xfLG, phoneNumber=09121234567, otpEnabledForLogin=false, accountNonExpired=true, id=202, accountNonLocked=true, username=testuser_int}
2025-08-24T11:33:07.356+03:30 DEBUG 1188 --- [ChiDaram App] [           main] org.hibernate.orm.jdbc.mutation          : Inserting collection rows - com.example.chi_daram.entity.User.roles : 202
2025-08-24T11:33:07.359+03:30 DEBUG 1188 --- [ChiDaram App] [           main] org.hibernate.SQL                        : insert into user_roles (user_id,role) values (?,?)
2025-08-24T11:33:07.361+03:30 DEBUG 1188 --- [ChiDaram App] [           main] org.hibernate.orm.jdbc.mutation          : Done inserting `1` collection rows : com.example.chi_daram.entity.User.roles
2025-08-24T11:33:07.366+03:30 DEBUG 1188 --- [ChiDaram App] [           main] o.s.orm.jpa.JpaTransactionManager        : Closing JPA EntityManager [SessionImpl(191058597<open>)] after transaction
2025-08-24T11:33:07.412+03:30 DEBUG 1188 --- [ChiDaram App] [           main] tor$SharedEntityManagerInvocationHandler : Creating new EntityManager for shared EntityManager invocation
2025-08-24T11:33:07.414+03:30 DEBUG 1188 --- [ChiDaram App] [           main] org.hibernate.orm.sql.ast.create         : Created new SQL alias : u1_0
2025-08-24T11:33:07.414+03:30 DEBUG 1188 --- [ChiDaram App] [           main] org.hibernate.orm.sql.ast.create         : Registration of TableGroup [StandardTableGroup(com.example.chi_daram.entity.User(217200953974500))] with identifierForTableGroup [com.example.chi_daram.entity.User] for NavigablePath [com.example.chi_daram.entity.User] 
2025-08-24T11:33:07.417+03:30 DEBUG 1188 --- [ChiDaram App] [           main] o.h.q.sqm.sql.BaseSqmToSqlAstConverter   : Determining mapping-model type for SqmParameter : org.hibernate.query.sqm.tree.expression.SqmJpaCriteriaParameterWrapper@50e1c39c
2025-08-24T11:33:07.417+03:30 DEBUG 1188 --- [ChiDaram App] [           main] o.h.q.sqm.sql.BaseSqmToSqlAstConverter   : Determining mapping-model type for SqmPath : SqmBasicValuedSimplePath(com.example.chi_daram.entity.User(217200953974500).username) 
2025-08-24T11:33:07.418+03:30 DEBUG 1188 --- [ChiDaram App] [           main] org.hibernate.orm.results.graph.AST      : DomainResult Graph:
 \-EntityResultImpl [com.example.chi_daram.entity.User(217200953974500)]
 |  +-BasicFetch [com.example.chi_daram.entity.User(217200953974500).accountNonExpired]
 |  +-BasicFetch [com.example.chi_daram.entity.User(217200953974500).accountNonLocked]
 |  +-BasicFetch [com.example.chi_daram.entity.User(217200953974500).credentialsNonExpired]
 |  +-BasicFetch [com.example.chi_daram.entity.User(217200953974500).description]
 |  +-BasicFetch [com.example.chi_daram.entity.User(217200953974500).enabled]
 |  +-BasicFetch [com.example.chi_daram.entity.User(217200953974500).otpCode]
 |  +-BasicFetch [com.example.chi_daram.entity.User(217200953974500).otpEnabledForLogin]
 |  +-BasicFetch [com.example.chi_daram.entity.User(217200953974500).otpGeneratedTime]
 |  +-BasicFetch [com.example.chi_daram.entity.User(217200953974500).password]
 |  +-BasicFetch [com.example.chi_daram.entity.User(217200953974500).phoneNumber]
 |  +-SelectEagerCollectionFetch [com.example.chi_daram.entity.User(217200953974500).roles]
 |  +-BasicFetch [com.example.chi_daram.entity.User(217200953974500).title]
 |  \-BasicFetch [com.example.chi_daram.entity.User(217200953974500).username]

2025-08-24T11:33:07.418+03:30 DEBUG 1188 --- [ChiDaram App] [           main] org.hibernate.orm.sql.ast.tree           : SQL AST Tree:
    SelectStatement {
      FromClause {
        StandardTableGroup (u1 : com.example.chi_daram.entity.User(217200953974500)) {
          primaryTableReference : "user_security" as u1_0
        }
      }
    }

2025-08-24T11:33:07.419+03:30 DEBUG 1188 --- [ChiDaram App] [           main] org.hibernate.orm.sql.exec               : Skipping reading Query result cache data: cache-enabled = false, cache-mode = NORMAL
2025-08-24T11:33:07.420+03:30 DEBUG 1188 --- [ChiDaram App] [           main] org.hibernate.orm.results                : Initializer list:
	  com.example.chi_daram.entity.User(217200953974500) -> EntityResultInitializer(com.example.chi_daram.entity.User(217200953974500))@2047356810 (SingleTableEntityPersister(com.example.chi_daram.entity.User))
	  com.example.chi_daram.entity.User(217200953974500).roles -> SelectEagerCollectionInitializer(com.example.chi_daram.entity.User(217200953974500).roles)@615247476 (PluralAttribute(com.example.chi_daram.entity.User.roles))

2025-08-24T11:33:07.420+03:30 DEBUG 1188 --- [ChiDaram App] [           main] org.hibernate.SQL                        : select u1_0.id,u1_0.account_non_expired,u1_0.account_non_locked,u1_0.credentials_non_expired,u1_0.description,u1_0.enabled,u1_0.otp_code,u1_0.otp_enabled_for_login,u1_0.otp_generated_time,u1_0.password,u1_0.phone_number,u1_0.title,u1_0.username from "user_security" u1_0 where u1_0.username=?
2025-08-24T11:33:07.425+03:30 DEBUG 1188 --- [ChiDaram App] [           main] org.hibernate.orm.results                : Extracted JDBC value [0] - [202]
2025-08-24T11:33:07.428+03:30 DEBUG 1188 --- [ChiDaram App] [           main] o.hibernate.orm.results.loading.entity   : (EntityResultInitializer) Hydrated EntityKey (com.example.chi_daram.entity.User(217200953974500)): 202
2025-08-24T11:33:07.428+03:30 DEBUG 1188 --- [ChiDaram App] [           main] o.h.o.r.l.o.h.o.r.loading.collection     : (SelectEagerCollectionInitializer) Current row collection key : com.example.chi_daram.entity.User(217200953974500).roles#202
2025-08-24T11:33:07.428+03:30 DEBUG 1188 --- [ChiDaram App] [           main] o.hibernate.orm.results.loading.entity   : (EntityResultInitializer) Created new entity instance [com.example.chi_daram.entity.User(217200953974500)#202] : 1987017649
2025-08-24T11:33:07.429+03:30 DEBUG 1188 --- [ChiDaram App] [           main] org.hibernate.orm.results                : Extracted JDBC value [1] - [true]
2025-08-24T11:33:07.429+03:30 DEBUG 1188 --- [ChiDaram App] [           main] org.hibernate.orm.results                : Extracted JDBC value [2] - [true]
2025-08-24T11:33:07.429+03:30 DEBUG 1188 --- [ChiDaram App] [           main] org.hibernate.orm.results                : Extracted JDBC value [3] - [true]
2025-08-24T11:33:07.429+03:30 DEBUG 1188 --- [ChiDaram App] [           main] org.hibernate.orm.results                : Extracted JDBC value [4] - [Desc]
2025-08-24T11:33:07.430+03:30 DEBUG 1188 --- [ChiDaram App] [           main] org.hibernate.orm.results                : Extracted JDBC value [5] - [true]
2025-08-24T11:33:07.430+03:30 DEBUG 1188 --- [ChiDaram App] [           main] org.hibernate.orm.results                : Extracted JDBC value [6] - [null]
2025-08-24T11:33:07.430+03:30 DEBUG 1188 --- [ChiDaram App] [           main] org.hibernate.orm.results                : Extracted JDBC value [7] - [false]
2025-08-24T11:33:07.430+03:30 DEBUG 1188 --- [ChiDaram App] [           main] org.hibernate.orm.results                : Extracted JDBC value [8] - [null]
2025-08-24T11:33:07.430+03:30 DEBUG 1188 --- [ChiDaram App] [           main] org.hibernate.orm.results                : Extracted JDBC value [9] - [$2a$10$2png85G99LDBiI2r/P.7dObdexf20V1tQjkwgxEf1pQLtah0.xfLG]
2025-08-24T11:33:07.430+03:30 DEBUG 1188 --- [ChiDaram App] [           main] org.hibernate.orm.results                : Extracted JDBC value [10] - [09121234567]
2025-08-24T11:33:07.431+03:30 DEBUG 1188 --- [ChiDaram App] [           main] org.hibernate.orm.results                : Extracted JDBC value [11] - [Integration Test User]
2025-08-24T11:33:07.431+03:30 DEBUG 1188 --- [ChiDaram App] [           main] org.hibernate.orm.results                : Extracted JDBC value [12] - [testuser_int]
2025-08-24T11:33:07.434+03:30 DEBUG 1188 --- [ChiDaram App] [           main] o.hibernate.orm.results.loading.entity   : (EntityResultInitializer) Done materializing entityInstance : com.example.chi_daram.entity.User(217200953974500)#202
2025-08-24T11:33:07.434+03:30 DEBUG 1188 --- [ChiDaram App] [           main] org.hibernate.orm.results.loading        : Calling top-level assembler (0 / 1) : org.hibernate.sql.results.graph.entity.internal.EntityAssembler@3982d73d
2025-08-24T11:33:07.435+03:30 DEBUG 1188 --- [ChiDaram App] [           main] org.hibernate.orm.sql.exec               : Skipping reading Query result cache data: cache-enabled = false, cache-mode = IGNORE
2025-08-24T11:33:07.435+03:30 DEBUG 1188 --- [ChiDaram App] [           main] org.hibernate.orm.results                : Initializer list:
	  com.example.chi_daram.entity.User.roles -> SetInitializer(com.example.chi_daram.entity.User.roles)@2007221780 (PluralAttribute(com.example.chi_daram.entity.User.roles))

2025-08-24T11:33:07.435+03:30 DEBUG 1188 --- [ChiDaram App] [           main] org.hibernate.SQL                        : select r1_0.user_id,r1_0.role from user_roles r1_0 where r1_0.user_id=?
2025-08-24T11:33:07.438+03:30 DEBUG 1188 --- [ChiDaram App] [           main] org.hibernate.orm.results                : Extracted JDBC value [0] - [202]
2025-08-24T11:33:07.439+03:30 DEBUG 1188 --- [ChiDaram App] [           main] o.h.o.r.l.o.h.o.r.loading.collection     : (SetInitializer) Current row collection key : com.example.chi_daram.entity.User.roles#202
2025-08-24T11:33:07.439+03:30 DEBUG 1188 --- [ChiDaram App] [           main] o.h.o.r.l.o.h.o.r.loading.collection     : (SetInitializer) Responsible for loading collection [com.example.chi_daram.entity.User.roles#202] : org.hibernate.collection.spi.PersistentSet@223142726
2025-08-24T11:33:07.440+03:30 DEBUG 1188 --- [ChiDaram App] [           main] o.h.o.r.l.o.h.o.r.loading.collection     : (SetInitializer) Reading element from row for collection [com.example.chi_daram.entity.User.roles#202] -> org.hibernate.collection.spi.PersistentSet@223142726
2025-08-24T11:33:07.440+03:30 DEBUG 1188 --- [ChiDaram App] [           main] org.hibernate.orm.results                : Extracted JDBC value [1] - [USER]
2025-08-24T11:33:07.440+03:30 DEBUG 1188 --- [ChiDaram App] [           main] org.hibernate.orm.results.loading        : Calling top-level assembler (0 / 1) : org.hibernate.sql.results.graph.collection.internal.CollectionAssembler@3f341562
2025-08-24T11:33:07.440+03:30 DEBUG 1188 --- [ChiDaram App] [           main] o.h.sql.results.internal.ResultsHelper   : Collection fully initialized: [com.example.chi_daram.entity.User.roles#202]
2025-08-24T11:33:07.775+03:30 DEBUG 1188 --- [ChiDaram App] [           main] o.s.orm.jpa.JpaTransactionManager        : Creating new transaction with name [com.example.chi_daram.service.impl.UserServiceImpl.getUserByUsername]: PROPAGATION_REQUIRED,ISOLATION_DEFAULT,readOnly
2025-08-24T11:33:07.775+03:30 DEBUG 1188 --- [ChiDaram App] [           main] o.s.orm.jpa.JpaTransactionManager        : Opened new EntityManager [SessionImpl(1456400374<open>)] for JPA transaction
2025-08-24T11:33:07.776+03:30 DEBUG 1188 --- [ChiDaram App] [           main] o.h.e.t.internal.TransactionImpl         : On TransactionImpl creation, JpaCompliance#isJpaTransactionComplianceEnabled == false
2025-08-24T11:33:07.776+03:30 DEBUG 1188 --- [ChiDaram App] [           main] o.h.e.t.internal.TransactionImpl         : begin
2025-08-24T11:33:07.776+03:30 DEBUG 1188 --- [ChiDaram App] [           main] o.s.orm.jpa.JpaTransactionManager        : Exposing JPA transaction as JDBC [org.springframework.orm.jpa.vendor.HibernateJpaDialect$HibernateConnectionHandle@48012514]
2025-08-24T11:33:07.779+03:30 DEBUG 1188 --- [ChiDaram App] [           main] org.hibernate.orm.sql.ast.create         : Created new SQL alias : u1_0
2025-08-24T11:33:07.779+03:30 DEBUG 1188 --- [ChiDaram App] [           main] org.hibernate.orm.sql.ast.create         : Registration of TableGroup [StandardTableGroup(com.example.chi_daram.entity.User(217200953974500))] with identifierForTableGroup [com.example.chi_daram.entity.User] for NavigablePath [com.example.chi_daram.entity.User] 
2025-08-24T11:33:07.781+03:30 DEBUG 1188 --- [ChiDaram App] [           main] o.h.q.sqm.sql.BaseSqmToSqlAstConverter   : Determining mapping-model type for SqmParameter : org.hibernate.query.sqm.tree.expression.SqmJpaCriteriaParameterWrapper@582a24c3
2025-08-24T11:33:07.781+03:30 DEBUG 1188 --- [ChiDaram App] [           main] o.h.q.sqm.sql.BaseSqmToSqlAstConverter   : Determining mapping-model type for SqmPath : SqmBasicValuedSimplePath(com.example.chi_daram.entity.User(217200953974500).username) 
2025-08-24T11:33:07.783+03:30 DEBUG 1188 --- [ChiDaram App] [           main] org.hibernate.orm.results.graph.AST      : DomainResult Graph:
 \-EntityResultImpl [com.example.chi_daram.entity.User(217200953974500)]
 |  +-BasicFetch [com.example.chi_daram.entity.User(217200953974500).accountNonExpired]
 |  +-BasicFetch [com.example.chi_daram.entity.User(217200953974500).accountNonLocked]
 |  +-BasicFetch [com.example.chi_daram.entity.User(217200953974500).credentialsNonExpired]
 |  +-BasicFetch [com.example.chi_daram.entity.User(217200953974500).description]
 |  +-BasicFetch [com.example.chi_daram.entity.User(217200953974500).enabled]
 |  +-BasicFetch [com.example.chi_daram.entity.User(217200953974500).otpCode]
 |  +-BasicFetch [com.example.chi_daram.entity.User(217200953974500).otpEnabledForLogin]
 |  +-BasicFetch [com.example.chi_daram.entity.User(217200953974500).otpGeneratedTime]
 |  +-BasicFetch [com.example.chi_daram.entity.User(217200953974500).password]
 |  +-BasicFetch [com.example.chi_daram.entity.User(217200953974500).phoneNumber]
 |  +-SelectEagerCollectionFetch [com.example.chi_daram.entity.User(217200953974500).roles]
 |  +-BasicFetch [com.example.chi_daram.entity.User(217200953974500).title]
 |  \-BasicFetch [com.example.chi_daram.entity.User(217200953974500).username]

2025-08-24T11:33:07.783+03:30 DEBUG 1188 --- [ChiDaram App] [           main] org.hibernate.orm.sql.ast.tree           : SQL AST Tree:
    SelectStatement {
      FromClause {
        StandardTableGroup (u1 : com.example.chi_daram.entity.User(217200953974500)) {
          primaryTableReference : "user_security" as u1_0
        }
      }
    }

2025-08-24T11:33:07.784+03:30 DEBUG 1188 --- [ChiDaram App] [           main] org.hibernate.orm.sql.exec               : Skipping reading Query result cache data: cache-enabled = false, cache-mode = NORMAL
2025-08-24T11:33:07.785+03:30 DEBUG 1188 --- [ChiDaram App] [           main] org.hibernate.orm.results                : Initializer list:
	  com.example.chi_daram.entity.User(217200953974500) -> EntityResultInitializer(com.example.chi_daram.entity.User(217200953974500))@655539115 (SingleTableEntityPersister(com.example.chi_daram.entity.User))
	  com.example.chi_daram.entity.User(217200953974500).roles -> SelectEagerCollectionInitializer(com.example.chi_daram.entity.User(217200953974500).roles)@773296054 (PluralAttribute(com.example.chi_daram.entity.User.roles))

2025-08-24T11:33:07.785+03:30 DEBUG 1188 --- [ChiDaram App] [           main] org.hibernate.SQL                        : select u1_0.id,u1_0.account_non_expired,u1_0.account_non_locked,u1_0.credentials_non_expired,u1_0.description,u1_0.enabled,u1_0.otp_code,u1_0.otp_enabled_for_login,u1_0.otp_generated_time,u1_0.password,u1_0.phone_number,u1_0.title,u1_0.username from "user_security" u1_0 where u1_0.username=?
2025-08-24T11:33:07.787+03:30 DEBUG 1188 --- [ChiDaram App] [           main] org.hibernate.orm.results                : Extracted JDBC value [0] - [202]
2025-08-24T11:33:07.787+03:30 DEBUG 1188 --- [ChiDaram App] [           main] o.hibernate.orm.results.loading.entity   : (EntityResultInitializer) Hydrated EntityKey (com.example.chi_daram.entity.User(217200953974500)): 202
2025-08-24T11:33:07.787+03:30 DEBUG 1188 --- [ChiDaram App] [           main] o.h.o.r.l.o.h.o.r.loading.collection     : (SelectEagerCollectionInitializer) Current row collection key : com.example.chi_daram.entity.User(217200953974500).roles#202
2025-08-24T11:33:07.788+03:30 DEBUG 1188 --- [ChiDaram App] [           main] o.hibernate.orm.results.loading.entity   : (EntityResultInitializer) Created new entity instance [com.example.chi_daram.entity.User(217200953974500)#202] : 954997812
2025-08-24T11:33:07.788+03:30 DEBUG 1188 --- [ChiDaram App] [           main] org.hibernate.orm.results                : Extracted JDBC value [1] - [true]
2025-08-24T11:33:07.788+03:30 DEBUG 1188 --- [ChiDaram App] [           main] org.hibernate.orm.results                : Extracted JDBC value [2] - [true]
2025-08-24T11:33:07.789+03:30 DEBUG 1188 --- [ChiDaram App] [           main] org.hibernate.orm.results                : Extracted JDBC value [3] - [true]
2025-08-24T11:33:07.789+03:30 DEBUG 1188 --- [ChiDaram App] [           main] org.hibernate.orm.results                : Extracted JDBC value [4] - [Desc]
2025-08-24T11:33:07.789+03:30 DEBUG 1188 --- [ChiDaram App] [           main] org.hibernate.orm.results                : Extracted JDBC value [5] - [true]
2025-08-24T11:33:07.789+03:30 DEBUG 1188 --- [ChiDaram App] [           main] org.hibernate.orm.results                : Extracted JDBC value [6] - [null]
2025-08-24T11:33:07.789+03:30 DEBUG 1188 --- [ChiDaram App] [           main] org.hibernate.orm.results                : Extracted JDBC value [7] - [false]
2025-08-24T11:33:07.789+03:30 DEBUG 1188 --- [ChiDaram App] [           main] org.hibernate.orm.results                : Extracted JDBC value [8] - [null]
2025-08-24T11:33:07.789+03:30 DEBUG 1188 --- [ChiDaram App] [           main] org.hibernate.orm.results                : Extracted JDBC value [9] - [$2a$10$2png85G99LDBiI2r/P.7dObdexf20V1tQjkwgxEf1pQLtah0.xfLG]
2025-08-24T11:33:07.790+03:30 DEBUG 1188 --- [ChiDaram App] [           main] org.hibernate.orm.results                : Extracted JDBC value [10] - [09121234567]
2025-08-24T11:33:07.790+03:30 DEBUG 1188 --- [ChiDaram App] [           main] org.hibernate.orm.results                : Extracted JDBC value [11] - [Integration Test User]
2025-08-24T11:33:07.790+03:30 DEBUG 1188 --- [ChiDaram App] [           main] org.hibernate.orm.results                : Extracted JDBC value [12] - [testuser_int]
2025-08-24T11:33:07.790+03:30 DEBUG 1188 --- [ChiDaram App] [           main] o.hibernate.orm.results.loading.entity   : (EntityResultInitializer) Done materializing entityInstance : com.example.chi_daram.entity.User(217200953974500)#202
2025-08-24T11:33:07.791+03:30 DEBUG 1188 --- [ChiDaram App] [           main] org.hibernate.orm.results.loading        : Calling top-level assembler (0 / 1) : org.hibernate.sql.results.graph.entity.internal.EntityAssembler@33c2a7a
2025-08-24T11:33:07.794+03:30 DEBUG 1188 --- [ChiDaram App] [           main] org.hibernate.orm.sql.exec               : Skipping reading Query result cache data: cache-enabled = false, cache-mode = IGNORE
2025-08-24T11:33:07.795+03:30 DEBUG 1188 --- [ChiDaram App] [           main] org.hibernate.orm.results                : Initializer list:
	  com.example.chi_daram.entity.User.roles -> SetInitializer(com.example.chi_daram.entity.User.roles)@11002722 (PluralAttribute(com.example.chi_daram.entity.User.roles))

2025-08-24T11:33:07.795+03:30 DEBUG 1188 --- [ChiDaram App] [           main] org.hibernate.SQL                        : select r1_0.user_id,r1_0.role from user_roles r1_0 where r1_0.user_id=?
2025-08-24T11:33:07.797+03:30 DEBUG 1188 --- [ChiDaram App] [           main] org.hibernate.orm.results                : Extracted JDBC value [0] - [202]
2025-08-24T11:33:07.797+03:30 DEBUG 1188 --- [ChiDaram App] [           main] o.h.o.r.l.o.h.o.r.loading.collection     : (SetInitializer) Current row collection key : com.example.chi_daram.entity.User.roles#202
2025-08-24T11:33:07.797+03:30 DEBUG 1188 --- [ChiDaram App] [           main] o.h.o.r.l.o.h.o.r.loading.collection     : (SetInitializer) Responsible for loading collection [com.example.chi_daram.entity.User.roles#202] : org.hibernate.collection.spi.PersistentSet@705973920
2025-08-24T11:33:07.797+03:30 DEBUG 1188 --- [ChiDaram App] [           main] o.h.o.r.l.o.h.o.r.loading.collection     : (SetInitializer) Reading element from row for collection [com.example.chi_daram.entity.User.roles#202] -> org.hibernate.collection.spi.PersistentSet@705973920
2025-08-24T11:33:07.797+03:30 DEBUG 1188 --- [ChiDaram App] [           main] org.hibernate.orm.results                : Extracted JDBC value [1] - [USER]
2025-08-24T11:33:07.798+03:30 DEBUG 1188 --- [ChiDaram App] [           main] org.hibernate.orm.results.loading        : Calling top-level assembler (0 / 1) : org.hibernate.sql.results.graph.collection.internal.CollectionAssembler@3216e99d
2025-08-24T11:33:07.798+03:30 DEBUG 1188 --- [ChiDaram App] [           main] o.h.sql.results.internal.ResultsHelper   : Collection fully initialized: [com.example.chi_daram.entity.User.roles#202]
2025-08-24T11:33:07.798+03:30 DEBUG 1188 --- [ChiDaram App] [           main] o.s.orm.jpa.JpaTransactionManager        : Initiating transaction commit
2025-08-24T11:33:07.799+03:30 DEBUG 1188 --- [ChiDaram App] [           main] o.s.orm.jpa.JpaTransactionManager        : Committing JPA transaction on EntityManager [SessionImpl(1456400374<open>)]
2025-08-24T11:33:07.799+03:30 DEBUG 1188 --- [ChiDaram App] [           main] o.h.e.t.internal.TransactionImpl         : committing
2025-08-24T11:33:07.801+03:30 DEBUG 1188 --- [ChiDaram App] [           main] o.s.orm.jpa.JpaTransactionManager        : Closing JPA EntityManager [SessionImpl(1456400374<open>)] after transaction
2025-08-24T11:33:07.811+03:30 DEBUG 1188 --- [ChiDaram App] [           main] tor$SharedEntityManagerInvocationHandler : Creating new EntityManager for shared EntityManager invocation
2025-08-24T11:33:07.814+03:30 DEBUG 1188 --- [ChiDaram App] [           main] org.hibernate.orm.sql.ast.create         : Created new SQL alias : u1_0
2025-08-24T11:33:07.814+03:30 DEBUG 1188 --- [ChiDaram App] [           main] org.hibernate.orm.sql.ast.create         : Registration of TableGroup [StandardTableGroup(com.example.chi_daram.entity.User(217200953974500))] with identifierForTableGroup [com.example.chi_daram.entity.User] for NavigablePath [com.example.chi_daram.entity.User] 
2025-08-24T11:33:07.815+03:30 DEBUG 1188 --- [ChiDaram App] [           main] o.h.q.sqm.sql.BaseSqmToSqlAstConverter   : Determining mapping-model type for SqmParameter : org.hibernate.query.sqm.tree.expression.SqmJpaCriteriaParameterWrapper@d95b04e
2025-08-24T11:33:07.815+03:30 DEBUG 1188 --- [ChiDaram App] [           main] o.h.q.sqm.sql.BaseSqmToSqlAstConverter   : Determining mapping-model type for SqmPath : SqmBasicValuedSimplePath(com.example.chi_daram.entity.User(217200953974500).username) 
2025-08-24T11:33:07.816+03:30 DEBUG 1188 --- [ChiDaram App] [           main] org.hibernate.orm.results.graph.AST      : DomainResult Graph:
 \-EntityResultImpl [com.example.chi_daram.entity.User(217200953974500)]
 |  +-BasicFetch [com.example.chi_daram.entity.User(217200953974500).accountNonExpired]
 |  +-BasicFetch [com.example.chi_daram.entity.User(217200953974500).accountNonLocked]
 |  +-BasicFetch [com.example.chi_daram.entity.User(217200953974500).credentialsNonExpired]
 |  +-BasicFetch [com.example.chi_daram.entity.User(217200953974500).description]
 |  +-BasicFetch [com.example.chi_daram.entity.User(217200953974500).enabled]
 |  +-BasicFetch [com.example.chi_daram.entity.User(217200953974500).otpCode]
 |  +-BasicFetch [com.example.chi_daram.entity.User(217200953974500).otpEnabledForLogin]
 |  +-BasicFetch [com.example.chi_daram.entity.User(217200953974500).otpGeneratedTime]
 |  +-BasicFetch [com.example.chi_daram.entity.User(217200953974500).password]
 |  +-BasicFetch [com.example.chi_daram.entity.User(217200953974500).phoneNumber]
 |  +-SelectEagerCollectionFetch [com.example.chi_daram.entity.User(217200953974500).roles]
 |  +-BasicFetch [com.example.chi_daram.entity.User(217200953974500).title]
 |  \-BasicFetch [com.example.chi_daram.entity.User(217200953974500).username]

2025-08-24T11:33:07.816+03:30 DEBUG 1188 --- [ChiDaram App] [           main] org.hibernate.orm.sql.ast.tree           : SQL AST Tree:
    SelectStatement {
      FromClause {
        StandardTableGroup (u1 : com.example.chi_daram.entity.User(217200953974500)) {
          primaryTableReference : "user_security" as u1_0
        }
      }
    }

2025-08-24T11:33:07.817+03:30 DEBUG 1188 --- [ChiDaram App] [           main] org.hibernate.orm.sql.exec               : Skipping reading Query result cache data: cache-enabled = false, cache-mode = NORMAL
2025-08-24T11:33:07.818+03:30 DEBUG 1188 --- [ChiDaram App] [           main] org.hibernate.orm.results                : Initializer list:
	  com.example.chi_daram.entity.User(217200953974500) -> EntityResultInitializer(com.example.chi_daram.entity.User(217200953974500))@1237647680 (SingleTableEntityPersister(com.example.chi_daram.entity.User))
	  com.example.chi_daram.entity.User(217200953974500).roles -> SelectEagerCollectionInitializer(com.example.chi_daram.entity.User(217200953974500).roles)@1777520630 (PluralAttribute(com.example.chi_daram.entity.User.roles))

2025-08-24T11:33:07.818+03:30 DEBUG 1188 --- [ChiDaram App] [           main] org.hibernate.SQL                        : select u1_0.id,u1_0.account_non_expired,u1_0.account_non_locked,u1_0.credentials_non_expired,u1_0.description,u1_0.enabled,u1_0.otp_code,u1_0.otp_enabled_for_login,u1_0.otp_generated_time,u1_0.password,u1_0.phone_number,u1_0.title,u1_0.username from "user_security" u1_0 where u1_0.username=?
2025-08-24T11:33:07.820+03:30 DEBUG 1188 --- [ChiDaram App] [           main] org.hibernate.orm.results                : Extracted JDBC value [0] - [202]
2025-08-24T11:33:07.820+03:30 DEBUG 1188 --- [ChiDaram App] [           main] o.hibernate.orm.results.loading.entity   : (EntityResultInitializer) Hydrated EntityKey (com.example.chi_daram.entity.User(217200953974500)): 202
2025-08-24T11:33:07.820+03:30 DEBUG 1188 --- [ChiDaram App] [           main] o.h.o.r.l.o.h.o.r.loading.collection     : (SelectEagerCollectionInitializer) Current row collection key : com.example.chi_daram.entity.User(217200953974500).roles#202
2025-08-24T11:33:07.820+03:30 DEBUG 1188 --- [ChiDaram App] [           main] o.hibernate.orm.results.loading.entity   : (EntityResultInitializer) Created new entity instance [com.example.chi_daram.entity.User(217200953974500)#202] : 47828456
2025-08-24T11:33:07.821+03:30 DEBUG 1188 --- [ChiDaram App] [           main] org.hibernate.orm.results                : Extracted JDBC value [1] - [true]
2025-08-24T11:33:07.821+03:30 DEBUG 1188 --- [ChiDaram App] [           main] org.hibernate.orm.results                : Extracted JDBC value [2] - [true]
2025-08-24T11:33:07.821+03:30 DEBUG 1188 --- [ChiDaram App] [           main] org.hibernate.orm.results                : Extracted JDBC value [3] - [true]
2025-08-24T11:33:07.821+03:30 DEBUG 1188 --- [ChiDaram App] [           main] org.hibernate.orm.results                : Extracted JDBC value [4] - [Desc]
2025-08-24T11:33:07.821+03:30 DEBUG 1188 --- [ChiDaram App] [           main] org.hibernate.orm.results                : Extracted JDBC value [5] - [true]
2025-08-24T11:33:07.821+03:30 DEBUG 1188 --- [ChiDaram App] [           main] org.hibernate.orm.results                : Extracted JDBC value [6] - [null]
2025-08-24T11:33:07.821+03:30 DEBUG 1188 --- [ChiDaram App] [           main] org.hibernate.orm.results                : Extracted JDBC value [7] - [false]
2025-08-24T11:33:07.821+03:30 DEBUG 1188 --- [ChiDaram App] [           main] org.hibernate.orm.results                : Extracted JDBC value [8] - [null]
2025-08-24T11:33:07.821+03:30 DEBUG 1188 --- [ChiDaram App] [           main] org.hibernate.orm.results                : Extracted JDBC value [9] - [$2a$10$2png85G99LDBiI2r/P.7dObdexf20V1tQjkwgxEf1pQLtah0.xfLG]
2025-08-24T11:33:07.821+03:30 DEBUG 1188 --- [ChiDaram App] [           main] org.hibernate.orm.results                : Extracted JDBC value [10] - [09121234567]
2025-08-24T11:33:07.821+03:30 DEBUG 1188 --- [ChiDaram App] [           main] org.hibernate.orm.results                : Extracted JDBC value [11] - [Integration Test User]
2025-08-24T11:33:07.821+03:30 DEBUG 1188 --- [ChiDaram App] [           main] org.hibernate.orm.results                : Extracted JDBC value [12] - [testuser_int]
2025-08-24T11:33:07.822+03:30 DEBUG 1188 --- [ChiDaram App] [           main] o.hibernate.orm.results.loading.entity   : (EntityResultInitializer) Done materializing entityInstance : com.example.chi_daram.entity.User(217200953974500)#202
2025-08-24T11:33:07.822+03:30 DEBUG 1188 --- [ChiDaram App] [           main] org.hibernate.orm.results.loading        : Calling top-level assembler (0 / 1) : org.hibernate.sql.results.graph.entity.internal.EntityAssembler@4daa4a5a
2025-08-24T11:33:07.823+03:30 DEBUG 1188 --- [ChiDaram App] [           main] org.hibernate.orm.sql.exec               : Skipping reading Query result cache data: cache-enabled = false, cache-mode = IGNORE
2025-08-24T11:33:07.823+03:30 DEBUG 1188 --- [ChiDaram App] [           main] org.hibernate.orm.results                : Initializer list:
	  com.example.chi_daram.entity.User.roles -> SetInitializer(com.example.chi_daram.entity.User.roles)@385379727 (PluralAttribute(com.example.chi_daram.entity.User.roles))

2025-08-24T11:33:07.824+03:30 DEBUG 1188 --- [ChiDaram App] [           main] org.hibernate.SQL                        : select r1_0.user_id,r1_0.role from user_roles r1_0 where r1_0.user_id=?
2025-08-24T11:33:07.828+03:30 DEBUG 1188 --- [ChiDaram App] [           main] org.hibernate.orm.results                : Extracted JDBC value [0] - [202]
2025-08-24T11:33:07.828+03:30 DEBUG 1188 --- [ChiDaram App] [           main] o.h.o.r.l.o.h.o.r.loading.collection     : (SetInitializer) Current row collection key : com.example.chi_daram.entity.User.roles#202
2025-08-24T11:33:07.828+03:30 DEBUG 1188 --- [ChiDaram App] [           main] o.h.o.r.l.o.h.o.r.loading.collection     : (SetInitializer) Responsible for loading collection [com.example.chi_daram.entity.User.roles#202] : org.hibernate.collection.spi.PersistentSet@2099982138
2025-08-24T11:33:07.829+03:30 DEBUG 1188 --- [ChiDaram App] [           main] o.h.o.r.l.o.h.o.r.loading.collection     : (SetInitializer) Reading element from row for collection [com.example.chi_daram.entity.User.roles#202] -> org.hibernate.collection.spi.PersistentSet@2099982138
2025-08-24T11:33:07.829+03:30 DEBUG 1188 --- [ChiDaram App] [           main] org.hibernate.orm.results                : Extracted JDBC value [1] - [USER]
2025-08-24T11:33:07.829+03:30 DEBUG 1188 --- [ChiDaram App] [           main] org.hibernate.orm.results.loading        : Calling top-level assembler (0 / 1) : org.hibernate.sql.results.graph.collection.internal.CollectionAssembler@61938fae
2025-08-24T11:33:07.829+03:30 DEBUG 1188 --- [ChiDaram App] [           main] o.h.sql.results.internal.ResultsHelper   : Collection fully initialized: [com.example.chi_daram.entity.User.roles#202]
2025-08-24T11:33:07.840+03:30 DEBUG 1188 --- [ChiDaram App] [           main] tor$SharedEntityManagerInvocationHandler : Creating new EntityManager for shared EntityManager invocation
2025-08-24T11:33:07.843+03:30 DEBUG 1188 --- [ChiDaram App] [           main] org.hibernate.orm.sql.ast.create         : Created new SQL alias : u1_0
2025-08-24T11:33:07.843+03:30 DEBUG 1188 --- [ChiDaram App] [           main] org.hibernate.orm.sql.ast.create         : Registration of TableGroup [StandardTableGroup(com.example.chi_daram.entity.User(217200953974500))] with identifierForTableGroup [com.example.chi_daram.entity.User] for NavigablePath [com.example.chi_daram.entity.User] 
2025-08-24T11:33:07.844+03:30 DEBUG 1188 --- [ChiDaram App] [           main] o.h.q.sqm.sql.BaseSqmToSqlAstConverter   : Determining mapping-model type for SqmParameter : org.hibernate.query.sqm.tree.expression.SqmJpaCriteriaParameterWrapper@34d20206
2025-08-24T11:33:07.844+03:30 DEBUG 1188 --- [ChiDaram App] [           main] o.h.q.sqm.sql.BaseSqmToSqlAstConverter   : Determining mapping-model type for SqmPath : SqmBasicValuedSimplePath(com.example.chi_daram.entity.User(217200953974500).username) 
2025-08-24T11:33:07.845+03:30 DEBUG 1188 --- [ChiDaram App] [           main] org.hibernate.orm.results.graph.AST      : DomainResult Graph:
 \-EntityResultImpl [com.example.chi_daram.entity.User(217200953974500)]
 |  +-BasicFetch [com.example.chi_daram.entity.User(217200953974500).accountNonExpired]
 |  +-BasicFetch [com.example.chi_daram.entity.User(217200953974500).accountNonLocked]
 |  +-BasicFetch [com.example.chi_daram.entity.User(217200953974500).credentialsNonExpired]
 |  +-BasicFetch [com.example.chi_daram.entity.User(217200953974500).description]
 |  +-BasicFetch [com.example.chi_daram.entity.User(217200953974500).enabled]
 |  +-BasicFetch [com.example.chi_daram.entity.User(217200953974500).otpCode]
 |  +-BasicFetch [com.example.chi_daram.entity.User(217200953974500).otpEnabledForLogin]
 |  +-BasicFetch [com.example.chi_daram.entity.User(217200953974500).otpGeneratedTime]
 |  +-BasicFetch [com.example.chi_daram.entity.User(217200953974500).password]
 |  +-BasicFetch [com.example.chi_daram.entity.User(217200953974500).phoneNumber]
 |  +-SelectEagerCollectionFetch [com.example.chi_daram.entity.User(217200953974500).roles]
 |  +-BasicFetch [com.example.chi_daram.entity.User(217200953974500).title]
 |  \-BasicFetch [com.example.chi_daram.entity.User(217200953974500).username]

2025-08-24T11:33:07.845+03:30 DEBUG 1188 --- [ChiDaram App] [           main] org.hibernate.orm.sql.ast.tree           : SQL AST Tree:
    SelectStatement {
      FromClause {
        StandardTableGroup (u1 : com.example.chi_daram.entity.User(217200953974500)) {
          primaryTableReference : "user_security" as u1_0
        }
      }
    }

2025-08-24T11:33:07.846+03:30 DEBUG 1188 --- [ChiDaram App] [           main] org.hibernate.orm.sql.exec               : Skipping reading Query result cache data: cache-enabled = false, cache-mode = NORMAL
2025-08-24T11:33:07.846+03:30 DEBUG 1188 --- [ChiDaram App] [           main] org.hibernate.orm.results                : Initializer list:
	  com.example.chi_daram.entity.User(217200953974500) -> EntityResultInitializer(com.example.chi_daram.entity.User(217200953974500))@1477591777 (SingleTableEntityPersister(com.example.chi_daram.entity.User))
	  com.example.chi_daram.entity.User(217200953974500).roles -> SelectEagerCollectionInitializer(com.example.chi_daram.entity.User(217200953974500).roles)@2096413143 (PluralAttribute(com.example.chi_daram.entity.User.roles))

2025-08-24T11:33:07.847+03:30 DEBUG 1188 --- [ChiDaram App] [           main] org.hibernate.SQL                        : select u1_0.id,u1_0.account_non_expired,u1_0.account_non_locked,u1_0.credentials_non_expired,u1_0.description,u1_0.enabled,u1_0.otp_code,u1_0.otp_enabled_for_login,u1_0.otp_generated_time,u1_0.password,u1_0.phone_number,u1_0.title,u1_0.username from "user_security" u1_0 where u1_0.username=?
2025-08-24T11:33:07.848+03:30 DEBUG 1188 --- [ChiDaram App] [           main] org.hibernate.orm.results                : Extracted JDBC value [0] - [202]
2025-08-24T11:33:07.849+03:30 DEBUG 1188 --- [ChiDaram App] [           main] o.hibernate.orm.results.loading.entity   : (EntityResultInitializer) Hydrated EntityKey (com.example.chi_daram.entity.User(217200953974500)): 202
2025-08-24T11:33:07.849+03:30 DEBUG 1188 --- [ChiDaram App] [           main] o.h.o.r.l.o.h.o.r.loading.collection     : (SelectEagerCollectionInitializer) Current row collection key : com.example.chi_daram.entity.User(217200953974500).roles#202
2025-08-24T11:33:07.849+03:30 DEBUG 1188 --- [ChiDaram App] [           main] o.hibernate.orm.results.loading.entity   : (EntityResultInitializer) Created new entity instance [com.example.chi_daram.entity.User(217200953974500)#202] : 804819569
2025-08-24T11:33:07.849+03:30 DEBUG 1188 --- [ChiDaram App] [           main] org.hibernate.orm.results                : Extracted JDBC value [1] - [true]
2025-08-24T11:33:07.849+03:30 DEBUG 1188 --- [ChiDaram App] [           main] org.hibernate.orm.results                : Extracted JDBC value [2] - [true]
2025-08-24T11:33:07.850+03:30 DEBUG 1188 --- [ChiDaram App] [           main] org.hibernate.orm.results                : Extracted JDBC value [3] - [true]
2025-08-24T11:33:07.850+03:30 DEBUG 1188 --- [ChiDaram App] [           main] org.hibernate.orm.results                : Extracted JDBC value [4] - [Desc]
2025-08-24T11:33:07.850+03:30 DEBUG 1188 --- [ChiDaram App] [           main] org.hibernate.orm.results                : Extracted JDBC value [5] - [true]
2025-08-24T11:33:07.850+03:30 DEBUG 1188 --- [ChiDaram App] [           main] org.hibernate.orm.results                : Extracted JDBC value [6] - [null]
2025-08-24T11:33:07.850+03:30 DEBUG 1188 --- [ChiDaram App] [           main] org.hibernate.orm.results                : Extracted JDBC value [7] - [false]
2025-08-24T11:33:07.850+03:30 DEBUG 1188 --- [ChiDaram App] [           main] org.hibernate.orm.results                : Extracted JDBC value [8] - [null]
2025-08-24T11:33:07.850+03:30 DEBUG 1188 --- [ChiDaram App] [           main] org.hibernate.orm.results                : Extracted JDBC value [9] - [$2a$10$2png85G99LDBiI2r/P.7dObdexf20V1tQjkwgxEf1pQLtah0.xfLG]
2025-08-24T11:33:07.850+03:30 DEBUG 1188 --- [ChiDaram App] [           main] org.hibernate.orm.results                : Extracted JDBC value [10] - [09121234567]
2025-08-24T11:33:07.850+03:30 DEBUG 1188 --- [ChiDaram App] [           main] org.hibernate.orm.results                : Extracted JDBC value [11] - [Integration Test User]
2025-08-24T11:33:07.850+03:30 DEBUG 1188 --- [ChiDaram App] [           main] org.hibernate.orm.results                : Extracted JDBC value [12] - [testuser_int]
2025-08-24T11:33:07.851+03:30 DEBUG 1188 --- [ChiDaram App] [           main] o.hibernate.orm.results.loading.entity   : (EntityResultInitializer) Done materializing entityInstance : com.example.chi_daram.entity.User(217200953974500)#202
2025-08-24T11:33:07.851+03:30 DEBUG 1188 --- [ChiDaram App] [           main] org.hibernate.orm.results.loading        : Calling top-level assembler (0 / 1) : org.hibernate.sql.results.graph.entity.internal.EntityAssembler@354e6aaa
2025-08-24T11:33:07.852+03:30 DEBUG 1188 --- [ChiDaram App] [           main] org.hibernate.orm.sql.exec               : Skipping reading Query result cache data: cache-enabled = false, cache-mode = IGNORE
2025-08-24T11:33:07.852+03:30 DEBUG 1188 --- [ChiDaram App] [           main] org.hibernate.orm.results                : Initializer list:
	  com.example.chi_daram.entity.User.roles -> SetInitializer(com.example.chi_daram.entity.User.roles)@1848205662 (PluralAttribute(com.example.chi_daram.entity.User.roles))

2025-08-24T11:33:07.853+03:30 DEBUG 1188 --- [ChiDaram App] [           main] org.hibernate.SQL                        : select r1_0.user_id,r1_0.role from user_roles r1_0 where r1_0.user_id=?
2025-08-24T11:33:07.855+03:30 DEBUG 1188 --- [ChiDaram App] [           main] org.hibernate.orm.results                : Extracted JDBC value [0] - [202]
2025-08-24T11:33:07.855+03:30 DEBUG 1188 --- [ChiDaram App] [           main] o.h.o.r.l.o.h.o.r.loading.collection     : (SetInitializer) Current row collection key : com.example.chi_daram.entity.User.roles#202
2025-08-24T11:33:07.855+03:30 DEBUG 1188 --- [ChiDaram App] [           main] o.h.o.r.l.o.h.o.r.loading.collection     : (SetInitializer) Responsible for loading collection [com.example.chi_daram.entity.User.roles#202] : org.hibernate.collection.spi.PersistentSet@1981525080
2025-08-24T11:33:07.855+03:30 DEBUG 1188 --- [ChiDaram App] [           main] o.h.o.r.l.o.h.o.r.loading.collection     : (SetInitializer) Reading element from row for collection [com.example.chi_daram.entity.User.roles#202] -> org.hibernate.collection.spi.PersistentSet@1981525080
2025-08-24T11:33:07.855+03:30 DEBUG 1188 --- [ChiDaram App] [           main] org.hibernate.orm.results                : Extracted JDBC value [1] - [USER]
2025-08-24T11:33:07.855+03:30 DEBUG 1188 --- [ChiDaram App] [           main] org.hibernate.orm.results.loading        : Calling top-level assembler (0 / 1) : org.hibernate.sql.results.graph.collection.internal.CollectionAssembler@68263c3e
2025-08-24T11:33:07.856+03:30 DEBUG 1188 --- [ChiDaram App] [           main] o.h.sql.results.internal.ResultsHelper   : Collection fully initialized: [com.example.chi_daram.entity.User.roles#202]
2025-08-24T11:33:07.866+03:30 DEBUG 1188 --- [ChiDaram App] [           main] o.s.orm.jpa.JpaTransactionManager        : Creating new transaction with name [com.example.chi_daram.service.impl.UserServiceImpl.getUserById]: PROPAGATION_REQUIRED,ISOLATION_DEFAULT,readOnly
2025-08-24T11:33:07.867+03:30 DEBUG 1188 --- [ChiDaram App] [           main] o.s.orm.jpa.JpaTransactionManager        : Opened new EntityManager [SessionImpl(1302369269<open>)] for JPA transaction
2025-08-24T11:33:07.868+03:30 DEBUG 1188 --- [ChiDaram App] [           main] o.h.e.t.internal.TransactionImpl         : On TransactionImpl creation, JpaCompliance#isJpaTransactionComplianceEnabled == false
2025-08-24T11:33:07.868+03:30 DEBUG 1188 --- [ChiDaram App] [           main] o.h.e.t.internal.TransactionImpl         : begin
2025-08-24T11:33:07.868+03:30 DEBUG 1188 --- [ChiDaram App] [           main] o.s.orm.jpa.JpaTransactionManager        : Exposing JPA transaction as JDBC [org.springframework.orm.jpa.vendor.HibernateJpaDialect$HibernateConnectionHandle@2bd13c]
2025-08-24T11:33:07.869+03:30 DEBUG 1188 --- [ChiDaram App] [           main] o.s.orm.jpa.JpaTransactionManager        : Found thread-bound EntityManager [SessionImpl(1302369269<open>)] for JPA transaction
2025-08-24T11:33:07.869+03:30 DEBUG 1188 --- [ChiDaram App] [           main] o.s.orm.jpa.JpaTransactionManager        : Participating in existing transaction
2025-08-24T11:33:07.870+03:30 DEBUG 1188 --- [ChiDaram App] [           main] org.hibernate.orm.sql.exec               : Skipping reading Query result cache data: cache-enabled = false, cache-mode = IGNORE
2025-08-24T11:33:07.870+03:30 DEBUG 1188 --- [ChiDaram App] [           main] org.hibernate.orm.results                : Initializer list:
	  com.example.chi_daram.entity.User.roles -> SetInitializer(com.example.chi_daram.entity.User.roles)@1994750424 (PluralAttribute(com.example.chi_daram.entity.User.roles))
	  com.example.chi_daram.entity.User -> EntityResultInitializer(com.example.chi_daram.entity.User)@805006582 (SingleTableEntityPersister(com.example.chi_daram.entity.User))

2025-08-24T11:33:07.870+03:30 DEBUG 1188 --- [ChiDaram App] [           main] org.hibernate.SQL                        : select u1_0.id,u1_0.account_non_expired,u1_0.account_non_locked,u1_0.credentials_non_expired,u1_0.description,u1_0.enabled,u1_0.otp_code,u1_0.otp_enabled_for_login,u1_0.otp_generated_time,u1_0.password,u1_0.phone_number,r1_0.user_id,r1_0.role,u1_0.title,u1_0.username from "user_security" u1_0 left join user_roles r1_0 on u1_0.id=r1_0.user_id where u1_0.id=?
2025-08-24T11:33:07.872+03:30 DEBUG 1188 --- [ChiDaram App] [           main] o.hibernate.orm.results.loading.entity   : (EntityResultInitializer) Hydrated EntityKey (com.example.chi_daram.entity.User): 202
2025-08-24T11:33:07.873+03:30 DEBUG 1188 --- [ChiDaram App] [           main] o.h.o.r.l.o.h.o.r.loading.collection     : (SetInitializer) Current row collection key : com.example.chi_daram.entity.User.roles#202
2025-08-24T11:33:07.873+03:30 DEBUG 1188 --- [ChiDaram App] [           main] org.hibernate.orm.results                : Extracted JDBC value [11] - [202]
2025-08-24T11:33:07.873+03:30 DEBUG 1188 --- [ChiDaram App] [           main] o.hibernate.orm.results.loading.entity   : (EntityResultInitializer) Created new entity instance [com.example.chi_daram.entity.User#202] : 1703372660
2025-08-24T11:33:07.873+03:30 DEBUG 1188 --- [ChiDaram App] [           main] o.h.o.r.l.o.h.o.r.loading.collection     : (SetInitializer) Created new collection wrapper [com.example.chi_daram.entity.User.roles#202] : org.hibernate.collection.spi.PersistentSet@300891118
2025-08-24T11:33:07.874+03:30 DEBUG 1188 --- [ChiDaram App] [           main] o.h.o.r.l.o.h.o.r.loading.collection     : (SetInitializer) Responsible for loading collection [com.example.chi_daram.entity.User.roles#202] : org.hibernate.collection.spi.PersistentSet@300891118
2025-08-24T11:33:07.874+03:30 DEBUG 1188 --- [ChiDaram App] [           main] o.h.o.r.l.o.h.o.r.loading.collection     : (SetInitializer) Reading element from row for collection [com.example.chi_daram.entity.User.roles#202] -> org.hibernate.collection.spi.PersistentSet@300891118
2025-08-24T11:33:07.875+03:30 DEBUG 1188 --- [ChiDaram App] [           main] org.hibernate.orm.results                : Extracted JDBC value [12] - [USER]
2025-08-24T11:33:07.875+03:30 DEBUG 1188 --- [ChiDaram App] [           main] org.hibernate.orm.results                : Extracted JDBC value [1] - [true]
2025-08-24T11:33:07.875+03:30 DEBUG 1188 --- [ChiDaram App] [           main] org.hibernate.orm.results                : Extracted JDBC value [2] - [true]
2025-08-24T11:33:07.875+03:30 DEBUG 1188 --- [ChiDaram App] [           main] org.hibernate.orm.results                : Extracted JDBC value [3] - [true]
2025-08-24T11:33:07.875+03:30 DEBUG 1188 --- [ChiDaram App] [           main] org.hibernate.orm.results                : Extracted JDBC value [4] - [Desc]
2025-08-24T11:33:07.875+03:30 DEBUG 1188 --- [ChiDaram App] [           main] org.hibernate.orm.results                : Extracted JDBC value [5] - [true]
2025-08-24T11:33:07.875+03:30 DEBUG 1188 --- [ChiDaram App] [           main] org.hibernate.orm.results                : Extracted JDBC value [6] - [null]
2025-08-24T11:33:07.875+03:30 DEBUG 1188 --- [ChiDaram App] [           main] org.hibernate.orm.results                : Extracted JDBC value [7] - [false]
2025-08-24T11:33:07.875+03:30 DEBUG 1188 --- [ChiDaram App] [           main] org.hibernate.orm.results                : Extracted JDBC value [8] - [null]
2025-08-24T11:33:07.875+03:30 DEBUG 1188 --- [ChiDaram App] [           main] org.hibernate.orm.results                : Extracted JDBC value [9] - [$2a$10$2png85G99LDBiI2r/P.7dObdexf20V1tQjkwgxEf1pQLtah0.xfLG]
2025-08-24T11:33:07.875+03:30 DEBUG 1188 --- [ChiDaram App] [           main] org.hibernate.orm.results                : Extracted JDBC value [10] - [09121234567]
2025-08-24T11:33:07.876+03:30 DEBUG 1188 --- [ChiDaram App] [           main] org.hibernate.orm.results                : Extracted JDBC value [13] - [Integration Test User]
2025-08-24T11:33:07.876+03:30 DEBUG 1188 --- [ChiDaram App] [           main] org.hibernate.orm.results                : Extracted JDBC value [14] - [testuser_int]
2025-08-24T11:33:07.876+03:30 DEBUG 1188 --- [ChiDaram App] [           main] o.hibernate.orm.results.loading.entity   : (EntityResultInitializer) Done materializing entityInstance : com.example.chi_daram.entity.User#202
2025-08-24T11:33:07.876+03:30 DEBUG 1188 --- [ChiDaram App] [           main] org.hibernate.orm.results.loading        : Calling top-level assembler (0 / 1) : org.hibernate.sql.results.graph.entity.internal.EntityAssembler@1c018f41
2025-08-24T11:33:07.876+03:30 DEBUG 1188 --- [ChiDaram App] [           main] o.h.sql.results.internal.ResultsHelper   : Collection fully initialized: [com.example.chi_daram.entity.User.roles#202]
2025-08-24T11:33:07.878+03:30 DEBUG 1188 --- [ChiDaram App] [           main] o.s.orm.jpa.JpaTransactionManager        : Initiating transaction commit
2025-08-24T11:33:07.880+03:30 DEBUG 1188 --- [ChiDaram App] [           main] o.s.orm.jpa.JpaTransactionManager        : Committing JPA transaction on EntityManager [SessionImpl(1302369269<open>)]
2025-08-24T11:33:07.880+03:30 DEBUG 1188 --- [ChiDaram App] [           main] o.h.e.t.internal.TransactionImpl         : committing
2025-08-24T11:33:07.881+03:30 DEBUG 1188 --- [ChiDaram App] [           main] o.s.orm.jpa.JpaTransactionManager        : Closing JPA EntityManager [SessionImpl(1302369269<open>)] after transaction
]]></system-out>
  </testcase>
  <testcase name="testGetAllUsers_Unauthenticated" classname="com.example.chi_daram.controller.UserControllerIntegrationTest" time="0.9">
    <system-out><![CDATA[2025-08-24T11:33:07.922+03:30 DEBUG 1188 --- [ChiDaram App] [           main] o.s.orm.jpa.JpaTransactionManager        : Creating new transaction with name [org.springframework.data.jpa.repository.support.SimpleJpaRepository.deleteAll]: PROPAGATION_REQUIRED,ISOLATION_DEFAULT
2025-08-24T11:33:07.922+03:30 DEBUG 1188 --- [ChiDaram App] [           main] o.s.orm.jpa.JpaTransactionManager        : Opened new EntityManager [SessionImpl(218538817<open>)] for JPA transaction
2025-08-24T11:33:07.923+03:30 DEBUG 1188 --- [ChiDaram App] [           main] o.h.e.t.internal.TransactionImpl         : On TransactionImpl creation, JpaCompliance#isJpaTransactionComplianceEnabled == false
2025-08-24T11:33:07.923+03:30 DEBUG 1188 --- [ChiDaram App] [           main] o.h.e.t.internal.TransactionImpl         : begin
2025-08-24T11:33:07.923+03:30 DEBUG 1188 --- [ChiDaram App] [           main] o.s.orm.jpa.JpaTransactionManager        : Exposing JPA transaction as JDBC [org.springframework.orm.jpa.vendor.HibernateJpaDialect$HibernateConnectionHandle@1c7f0dd6]
2025-08-24T11:33:07.924+03:30 DEBUG 1188 --- [ChiDaram App] [           main] org.hibernate.orm.sql.ast.create         : Created new SQL alias : u1_0
2025-08-24T11:33:07.924+03:30 DEBUG 1188 --- [ChiDaram App] [           main] org.hibernate.orm.sql.ast.create         : Registration of TableGroup [StandardTableGroup(com.example.chi_daram.entity.User(217213236876900))] with identifierForTableGroup [com.example.chi_daram.entity.User] for NavigablePath [com.example.chi_daram.entity.User] 
2025-08-24T11:33:07.925+03:30 DEBUG 1188 --- [ChiDaram App] [           main] org.hibernate.orm.results.graph.AST      : DomainResult Graph:
 \-EntityResultImpl [com.example.chi_daram.entity.User(217213236876900)]
 |  +-BasicFetch [com.example.chi_daram.entity.User(217213236876900).accountNonExpired]
 |  +-BasicFetch [com.example.chi_daram.entity.User(217213236876900).accountNonLocked]
 |  +-BasicFetch [com.example.chi_daram.entity.User(217213236876900).credentialsNonExpired]
 |  +-BasicFetch [com.example.chi_daram.entity.User(217213236876900).description]
 |  +-BasicFetch [com.example.chi_daram.entity.User(217213236876900).enabled]
 |  +-BasicFetch [com.example.chi_daram.entity.User(217213236876900).otpCode]
 |  +-BasicFetch [com.example.chi_daram.entity.User(217213236876900).otpEnabledForLogin]
 |  +-BasicFetch [com.example.chi_daram.entity.User(217213236876900).otpGeneratedTime]
 |  +-BasicFetch [com.example.chi_daram.entity.User(217213236876900).password]
 |  +-BasicFetch [com.example.chi_daram.entity.User(217213236876900).phoneNumber]
 |  +-SelectEagerCollectionFetch [com.example.chi_daram.entity.User(217213236876900).roles]
 |  +-BasicFetch [com.example.chi_daram.entity.User(217213236876900).title]
 |  \-BasicFetch [com.example.chi_daram.entity.User(217213236876900).username]

2025-08-24T11:33:07.926+03:30 DEBUG 1188 --- [ChiDaram App] [           main] org.hibernate.orm.sql.ast.tree           : SQL AST Tree:
    SelectStatement {
      FromClause {
        StandardTableGroup (u1 : com.example.chi_daram.entity.User(217213236876900)) {
          primaryTableReference : "user_security" as u1_0
        }
      }
    }

2025-08-24T11:33:07.927+03:30 DEBUG 1188 --- [ChiDaram App] [           main] org.hibernate.orm.sql.exec               : Skipping reading Query result cache data: cache-enabled = false, cache-mode = NORMAL
2025-08-24T11:33:07.931+03:30 DEBUG 1188 --- [ChiDaram App] [           main] org.hibernate.orm.results                : Initializer list:
	  com.example.chi_daram.entity.User(217213236876900).roles -> SelectEagerCollectionInitializer(com.example.chi_daram.entity.User(217213236876900).roles)@1401570909 (PluralAttribute(com.example.chi_daram.entity.User.roles))
	  com.example.chi_daram.entity.User(217213236876900) -> EntityResultInitializer(com.example.chi_daram.entity.User(217213236876900))@1080351467 (SingleTableEntityPersister(com.example.chi_daram.entity.User))

2025-08-24T11:33:07.931+03:30 DEBUG 1188 --- [ChiDaram App] [           main] org.hibernate.SQL                        : select u1_0.id,u1_0.account_non_expired,u1_0.account_non_locked,u1_0.credentials_non_expired,u1_0.description,u1_0.enabled,u1_0.otp_code,u1_0.otp_enabled_for_login,u1_0.otp_generated_time,u1_0.password,u1_0.phone_number,u1_0.title,u1_0.username from "user_security" u1_0
2025-08-24T11:33:07.935+03:30 DEBUG 1188 --- [ChiDaram App] [           main] org.hibernate.orm.results                : Extracted JDBC value [0] - [202]
2025-08-24T11:33:07.935+03:30 DEBUG 1188 --- [ChiDaram App] [           main] o.hibernate.orm.results.loading.entity   : (EntityResultInitializer) Hydrated EntityKey (com.example.chi_daram.entity.User(217213236876900)): 202
2025-08-24T11:33:07.935+03:30 DEBUG 1188 --- [ChiDaram App] [           main] o.h.o.r.l.o.h.o.r.loading.collection     : (SelectEagerCollectionInitializer) Current row collection key : com.example.chi_daram.entity.User(217213236876900).roles#202
2025-08-24T11:33:07.935+03:30 DEBUG 1188 --- [ChiDaram App] [           main] o.hibernate.orm.results.loading.entity   : (EntityResultInitializer) Created new entity instance [com.example.chi_daram.entity.User(217213236876900)#202] : 1859653875
2025-08-24T11:33:07.936+03:30 DEBUG 1188 --- [ChiDaram App] [           main] org.hibernate.orm.results                : Extracted JDBC value [1] - [true]
2025-08-24T11:33:07.936+03:30 DEBUG 1188 --- [ChiDaram App] [           main] org.hibernate.orm.results                : Extracted JDBC value [2] - [true]
2025-08-24T11:33:07.936+03:30 DEBUG 1188 --- [ChiDaram App] [           main] org.hibernate.orm.results                : Extracted JDBC value [3] - [true]
2025-08-24T11:33:07.936+03:30 DEBUG 1188 --- [ChiDaram App] [           main] org.hibernate.orm.results                : Extracted JDBC value [4] - [Desc]
2025-08-24T11:33:07.937+03:30 DEBUG 1188 --- [ChiDaram App] [           main] org.hibernate.orm.results                : Extracted JDBC value [5] - [true]
2025-08-24T11:33:07.937+03:30 DEBUG 1188 --- [ChiDaram App] [           main] org.hibernate.orm.results                : Extracted JDBC value [6] - [null]
2025-08-24T11:33:07.937+03:30 DEBUG 1188 --- [ChiDaram App] [           main] org.hibernate.orm.results                : Extracted JDBC value [7] - [false]
2025-08-24T11:33:07.937+03:30 DEBUG 1188 --- [ChiDaram App] [           main] org.hibernate.orm.results                : Extracted JDBC value [8] - [null]
2025-08-24T11:33:07.937+03:30 DEBUG 1188 --- [ChiDaram App] [           main] org.hibernate.orm.results                : Extracted JDBC value [9] - [$2a$10$2png85G99LDBiI2r/P.7dObdexf20V1tQjkwgxEf1pQLtah0.xfLG]
2025-08-24T11:33:07.937+03:30 DEBUG 1188 --- [ChiDaram App] [           main] org.hibernate.orm.results                : Extracted JDBC value [10] - [09121234567]
2025-08-24T11:33:07.937+03:30 DEBUG 1188 --- [ChiDaram App] [           main] org.hibernate.orm.results                : Extracted JDBC value [11] - [Integration Test User]
2025-08-24T11:33:07.937+03:30 DEBUG 1188 --- [ChiDaram App] [           main] org.hibernate.orm.results                : Extracted JDBC value [12] - [testuser_int]
2025-08-24T11:33:07.939+03:30 DEBUG 1188 --- [ChiDaram App] [           main] o.hibernate.orm.results.loading.entity   : (EntityResultInitializer) Done materializing entityInstance : com.example.chi_daram.entity.User(217213236876900)#202
2025-08-24T11:33:07.939+03:30 DEBUG 1188 --- [ChiDaram App] [           main] org.hibernate.orm.results.loading        : Calling top-level assembler (0 / 1) : org.hibernate.sql.results.graph.entity.internal.EntityAssembler@5519eea8
2025-08-24T11:33:07.940+03:30 DEBUG 1188 --- [ChiDaram App] [           main] org.hibernate.orm.sql.exec               : Skipping reading Query result cache data: cache-enabled = false, cache-mode = IGNORE
2025-08-24T11:33:07.941+03:30 DEBUG 1188 --- [ChiDaram App] [           main] org.hibernate.orm.results                : Initializer list:
	  com.example.chi_daram.entity.User.roles -> SetInitializer(com.example.chi_daram.entity.User.roles)@888247784 (PluralAttribute(com.example.chi_daram.entity.User.roles))

2025-08-24T11:33:07.943+03:30 DEBUG 1188 --- [ChiDaram App] [           main] org.hibernate.SQL                        : select r1_0.user_id,r1_0.role from user_roles r1_0 where r1_0.user_id=?
2025-08-24T11:33:07.945+03:30 DEBUG 1188 --- [ChiDaram App] [           main] org.hibernate.orm.results                : Extracted JDBC value [0] - [202]
2025-08-24T11:33:07.946+03:30 DEBUG 1188 --- [ChiDaram App] [           main] o.h.o.r.l.o.h.o.r.loading.collection     : (SetInitializer) Current row collection key : com.example.chi_daram.entity.User.roles#202
2025-08-24T11:33:07.946+03:30 DEBUG 1188 --- [ChiDaram App] [           main] o.h.o.r.l.o.h.o.r.loading.collection     : (SetInitializer) Responsible for loading collection [com.example.chi_daram.entity.User.roles#202] : org.hibernate.collection.spi.PersistentSet@2109716614
2025-08-24T11:33:07.946+03:30 DEBUG 1188 --- [ChiDaram App] [           main] o.h.o.r.l.o.h.o.r.loading.collection     : (SetInitializer) Reading element from row for collection [com.example.chi_daram.entity.User.roles#202] -> org.hibernate.collection.spi.PersistentSet@2109716614
2025-08-24T11:33:07.946+03:30 DEBUG 1188 --- [ChiDaram App] [           main] org.hibernate.orm.results                : Extracted JDBC value [1] - [USER]
2025-08-24T11:33:07.946+03:30 DEBUG 1188 --- [ChiDaram App] [           main] org.hibernate.orm.results.loading        : Calling top-level assembler (0 / 1) : org.hibernate.sql.results.graph.collection.internal.CollectionAssembler@d750a
2025-08-24T11:33:07.946+03:30 DEBUG 1188 --- [ChiDaram App] [           main] o.h.sql.results.internal.ResultsHelper   : Collection fully initialized: [com.example.chi_daram.entity.User.roles#202]
2025-08-24T11:33:07.947+03:30 DEBUG 1188 --- [ChiDaram App] [           main] o.h.j.internal.PersistenceUnitUtilImpl   : jakarta.persistence.PersistenceUnitUtil.getIdentifier is only intended to work with enhanced entities (although Hibernate also adapts this support to its proxies); however the passed entity was not enhanced (nor a proxy).. may not be able to read identifier
2025-08-24T11:33:07.947+03:30 DEBUG 1188 --- [ChiDaram App] [           main] o.h.j.internal.PersistenceUnitUtilImpl   : jakarta.persistence.PersistenceUnitUtil.getIdentifier is only intended to work with enhanced entities (although Hibernate also adapts this support to its proxies); however the passed entity was not enhanced (nor a proxy).. may not be able to read identifier
2025-08-24T11:33:07.948+03:30 DEBUG 1188 --- [ChiDaram App] [           main] o.s.orm.jpa.JpaTransactionManager        : Initiating transaction commit
2025-08-24T11:33:07.948+03:30 DEBUG 1188 --- [ChiDaram App] [           main] o.s.orm.jpa.JpaTransactionManager        : Committing JPA transaction on EntityManager [SessionImpl(218538817<open>)]
2025-08-24T11:33:07.948+03:30 DEBUG 1188 --- [ChiDaram App] [           main] o.h.e.t.internal.TransactionImpl         : committing
2025-08-24T11:33:07.948+03:30 DEBUG 1188 --- [ChiDaram App] [           main] o.h.e.i.AbstractFlushingEventListener    : Processing flush-time cascades
2025-08-24T11:33:07.949+03:30 DEBUG 1188 --- [ChiDaram App] [           main] o.h.e.i.AbstractFlushingEventListener    : Dirty checking collections
2025-08-24T11:33:07.949+03:30 DEBUG 1188 --- [ChiDaram App] [           main] o.hibernate.engine.internal.Collections  : Collection dereferenced: [com.example.chi_daram.entity.User.roles#202]
2025-08-24T11:33:07.950+03:30 DEBUG 1188 --- [ChiDaram App] [           main] o.h.e.i.AbstractFlushingEventListener    : Flushed: 0 insertions, 0 updates, 1 deletions to 1 objects
2025-08-24T11:33:07.950+03:30 DEBUG 1188 --- [ChiDaram App] [           main] o.h.e.i.AbstractFlushingEventListener    : Flushed: 0 (re)creations, 0 updates, 1 removals to 1 collections
2025-08-24T11:33:07.950+03:30 DEBUG 1188 --- [ChiDaram App] [           main] o.hibernate.internal.util.EntityPrinter  : Listing entities:
2025-08-24T11:33:07.951+03:30 DEBUG 1188 --- [ChiDaram App] [           main] o.hibernate.internal.util.EntityPrinter  : com.example.chi_daram.entity.User{credentialsNonExpired=true, roles=[USER], otpCode=null, description=Desc, title=Integration Test User, enabled=true, otpGeneratedTime=null, password=$2a$10$2png85G99LDBiI2r/P.7dObdexf20V1tQjkwgxEf1pQLtah0.xfLG, phoneNumber=09121234567, otpEnabledForLogin=false, accountNonExpired=true, id=202, accountNonLocked=true, username=testuser_int}
2025-08-24T11:33:07.951+03:30 DEBUG 1188 --- [ChiDaram App] [           main] org.hibernate.orm.jdbc.mutation          : Deleting collection - com.example.chi_daram.entity.User.roles : 202
2025-08-24T11:33:07.951+03:30 DEBUG 1188 --- [ChiDaram App] [           main] org.hibernate.SQL                        : delete from user_roles where user_id=?
2025-08-24T11:33:07.954+03:30 DEBUG 1188 --- [ChiDaram App] [           main] org.hibernate.SQL                        : delete from "user_security" where id=?
2025-08-24T11:33:07.968+03:30 DEBUG 1188 --- [ChiDaram App] [           main] o.s.orm.jpa.JpaTransactionManager        : Closing JPA EntityManager [SessionImpl(218538817<open>)] after transaction
2025-08-24T11:33:07.979+03:30 DEBUG 1188 --- [ChiDaram App] [           main] o.s.orm.jpa.JpaTransactionManager        : Creating new transaction with name [com.example.chi_daram.service.impl.UserServiceImpl.registerNewUser]: PROPAGATION_REQUIRED,ISOLATION_DEFAULT
2025-08-24T11:33:07.981+03:30 DEBUG 1188 --- [ChiDaram App] [           main] o.s.orm.jpa.JpaTransactionManager        : Opened new EntityManager [SessionImpl(1384437746<open>)] for JPA transaction
2025-08-24T11:33:07.981+03:30 DEBUG 1188 --- [ChiDaram App] [           main] o.h.e.t.internal.TransactionImpl         : On TransactionImpl creation, JpaCompliance#isJpaTransactionComplianceEnabled == false
2025-08-24T11:33:07.981+03:30 DEBUG 1188 --- [ChiDaram App] [           main] o.h.e.t.internal.TransactionImpl         : begin
2025-08-24T11:33:07.982+03:30 DEBUG 1188 --- [ChiDaram App] [           main] o.s.orm.jpa.JpaTransactionManager        : Exposing JPA transaction as JDBC [org.springframework.orm.jpa.vendor.HibernateJpaDialect$HibernateConnectionHandle@52ce11b5]
2025-08-24T11:33:07.984+03:30 DEBUG 1188 --- [ChiDaram App] [           main] org.hibernate.orm.sql.ast.create         : Created new SQL alias : u1_0
2025-08-24T11:33:07.984+03:30 DEBUG 1188 --- [ChiDaram App] [           main] org.hibernate.orm.sql.ast.create         : Registration of TableGroup [StandardTableGroup(com.example.chi_daram.entity.User(217200953974500))] with identifierForTableGroup [com.example.chi_daram.entity.User] for NavigablePath [com.example.chi_daram.entity.User] 
2025-08-24T11:33:07.985+03:30 DEBUG 1188 --- [ChiDaram App] [           main] o.h.q.sqm.sql.BaseSqmToSqlAstConverter   : Determining mapping-model type for SqmParameter : org.hibernate.query.sqm.tree.expression.SqmJpaCriteriaParameterWrapper@7522ea53
2025-08-24T11:33:07.985+03:30 DEBUG 1188 --- [ChiDaram App] [           main] o.h.q.sqm.sql.BaseSqmToSqlAstConverter   : Determining mapping-model type for SqmPath : SqmBasicValuedSimplePath(com.example.chi_daram.entity.User(217200953974500).username) 
2025-08-24T11:33:07.986+03:30 DEBUG 1188 --- [ChiDaram App] [           main] org.hibernate.orm.results.graph.AST      : DomainResult Graph:
 \-EntityResultImpl [com.example.chi_daram.entity.User(217200953974500)]
 |  +-BasicFetch [com.example.chi_daram.entity.User(217200953974500).accountNonExpired]
 |  +-BasicFetch [com.example.chi_daram.entity.User(217200953974500).accountNonLocked]
 |  +-BasicFetch [com.example.chi_daram.entity.User(217200953974500).credentialsNonExpired]
 |  +-BasicFetch [com.example.chi_daram.entity.User(217200953974500).description]
 |  +-BasicFetch [com.example.chi_daram.entity.User(217200953974500).enabled]
 |  +-BasicFetch [com.example.chi_daram.entity.User(217200953974500).otpCode]
 |  +-BasicFetch [com.example.chi_daram.entity.User(217200953974500).otpEnabledForLogin]
 |  +-BasicFetch [com.example.chi_daram.entity.User(217200953974500).otpGeneratedTime]
 |  +-BasicFetch [com.example.chi_daram.entity.User(217200953974500).password]
 |  +-BasicFetch [com.example.chi_daram.entity.User(217200953974500).phoneNumber]
 |  +-SelectEagerCollectionFetch [com.example.chi_daram.entity.User(217200953974500).roles]
 |  +-BasicFetch [com.example.chi_daram.entity.User(217200953974500).title]
 |  \-BasicFetch [com.example.chi_daram.entity.User(217200953974500).username]

2025-08-24T11:33:07.986+03:30 DEBUG 1188 --- [ChiDaram App] [           main] org.hibernate.orm.sql.ast.tree           : SQL AST Tree:
    SelectStatement {
      FromClause {
        StandardTableGroup (u1 : com.example.chi_daram.entity.User(217200953974500)) {
          primaryTableReference : "user_security" as u1_0
        }
      }
    }

2025-08-24T11:33:07.987+03:30 DEBUG 1188 --- [ChiDaram App] [           main] org.hibernate.orm.sql.exec               : Skipping reading Query result cache data: cache-enabled = false, cache-mode = NORMAL
2025-08-24T11:33:07.987+03:30 DEBUG 1188 --- [ChiDaram App] [           main] org.hibernate.orm.results                : Initializer list:
	  com.example.chi_daram.entity.User(217200953974500) -> EntityResultInitializer(com.example.chi_daram.entity.User(217200953974500))@75107955 (SingleTableEntityPersister(com.example.chi_daram.entity.User))
	  com.example.chi_daram.entity.User(217200953974500).roles -> SelectEagerCollectionInitializer(com.example.chi_daram.entity.User(217200953974500).roles)@1726487773 (PluralAttribute(com.example.chi_daram.entity.User.roles))

2025-08-24T11:33:07.988+03:30 DEBUG 1188 --- [ChiDaram App] [           main] org.hibernate.SQL                        : select u1_0.id,u1_0.account_non_expired,u1_0.account_non_locked,u1_0.credentials_non_expired,u1_0.description,u1_0.enabled,u1_0.otp_code,u1_0.otp_enabled_for_login,u1_0.otp_generated_time,u1_0.password,u1_0.phone_number,u1_0.title,u1_0.username from "user_security" u1_0 where u1_0.username=?
2025-08-24T11:33:07.997+03:30 DEBUG 1188 --- [ChiDaram App] [           main] org.hibernate.orm.sql.ast.create         : Created new SQL alias : u1_0
2025-08-24T11:33:07.997+03:30 DEBUG 1188 --- [ChiDaram App] [           main] org.hibernate.orm.sql.ast.create         : Registration of TableGroup [StandardTableGroup(com.example.chi_daram.entity.User(217200964170300))] with identifierForTableGroup [com.example.chi_daram.entity.User] for NavigablePath [com.example.chi_daram.entity.User] 
2025-08-24T11:33:07.999+03:30 DEBUG 1188 --- [ChiDaram App] [           main] o.h.q.sqm.sql.BaseSqmToSqlAstConverter   : Determining mapping-model type for SqmParameter : org.hibernate.query.sqm.tree.expression.SqmJpaCriteriaParameterWrapper@3d426638
2025-08-24T11:33:07.999+03:30 DEBUG 1188 --- [ChiDaram App] [           main] o.h.q.sqm.sql.BaseSqmToSqlAstConverter   : Determining mapping-model type for SqmPath : SqmBasicValuedSimplePath(com.example.chi_daram.entity.User(217200964170300).phoneNumber) 
2025-08-24T11:33:07.999+03:30 DEBUG 1188 --- [ChiDaram App] [           main] org.hibernate.orm.results.graph.AST      : DomainResult Graph:
 \-EntityResultImpl [com.example.chi_daram.entity.User(217200964170300)]
 |  +-BasicFetch [com.example.chi_daram.entity.User(217200964170300).accountNonExpired]
 |  +-BasicFetch [com.example.chi_daram.entity.User(217200964170300).accountNonLocked]
 |  +-BasicFetch [com.example.chi_daram.entity.User(217200964170300).credentialsNonExpired]
 |  +-BasicFetch [com.example.chi_daram.entity.User(217200964170300).description]
 |  +-BasicFetch [com.example.chi_daram.entity.User(217200964170300).enabled]
 |  +-BasicFetch [com.example.chi_daram.entity.User(217200964170300).otpCode]
 |  +-BasicFetch [com.example.chi_daram.entity.User(217200964170300).otpEnabledForLogin]
 |  +-BasicFetch [com.example.chi_daram.entity.User(217200964170300).otpGeneratedTime]
 |  +-BasicFetch [com.example.chi_daram.entity.User(217200964170300).password]
 |  +-BasicFetch [com.example.chi_daram.entity.User(217200964170300).phoneNumber]
 |  +-SelectEagerCollectionFetch [com.example.chi_daram.entity.User(217200964170300).roles]
 |  +-BasicFetch [com.example.chi_daram.entity.User(217200964170300).title]
 |  \-BasicFetch [com.example.chi_daram.entity.User(217200964170300).username]

2025-08-24T11:33:08.000+03:30 DEBUG 1188 --- [ChiDaram App] [           main] org.hibernate.orm.sql.ast.tree           : SQL AST Tree:
    SelectStatement {
      FromClause {
        StandardTableGroup (u1 : com.example.chi_daram.entity.User(217200964170300)) {
          primaryTableReference : "user_security" as u1_0
        }
      }
    }

2025-08-24T11:33:08.002+03:30 DEBUG 1188 --- [ChiDaram App] [           main] org.hibernate.orm.sql.exec               : Skipping reading Query result cache data: cache-enabled = false, cache-mode = NORMAL
2025-08-24T11:33:08.003+03:30 DEBUG 1188 --- [ChiDaram App] [           main] org.hibernate.orm.results                : Initializer list:
	  com.example.chi_daram.entity.User(217200964170300).roles -> SelectEagerCollectionInitializer(com.example.chi_daram.entity.User(217200964170300).roles)@1588138851 (PluralAttribute(com.example.chi_daram.entity.User.roles))
	  com.example.chi_daram.entity.User(217200964170300) -> EntityResultInitializer(com.example.chi_daram.entity.User(217200964170300))@1895095592 (SingleTableEntityPersister(com.example.chi_daram.entity.User))

2025-08-24T11:33:08.003+03:30 DEBUG 1188 --- [ChiDaram App] [           main] org.hibernate.SQL                        : select u1_0.id,u1_0.account_non_expired,u1_0.account_non_locked,u1_0.credentials_non_expired,u1_0.description,u1_0.enabled,u1_0.otp_code,u1_0.otp_enabled_for_login,u1_0.otp_generated_time,u1_0.password,u1_0.phone_number,u1_0.title,u1_0.username from "user_security" u1_0 where u1_0.phone_number=?
2025-08-24T11:33:08.323+03:30 DEBUG 1188 --- [ChiDaram App] [           main] o.s.orm.jpa.JpaTransactionManager        : Found thread-bound EntityManager [SessionImpl(1384437746<open>)] for JPA transaction
2025-08-24T11:33:08.324+03:30 DEBUG 1188 --- [ChiDaram App] [           main] o.s.orm.jpa.JpaTransactionManager        : Participating in existing transaction
2025-08-24T11:33:08.328+03:30 DEBUG 1188 --- [ChiDaram App] [           main] o.h.j.internal.PersistenceUnitUtilImpl   : jakarta.persistence.PersistenceUnitUtil.getIdentifier is only intended to work with enhanced entities (although Hibernate also adapts this support to its proxies); however the passed entity was not enhanced (nor a proxy).. may not be able to read identifier
2025-08-24T11:33:08.328+03:30 DEBUG 1188 --- [ChiDaram App] [           main] org.hibernate.engine.spi.ActionQueue     : Executing identity-insert immediately
2025-08-24T11:33:08.335+03:30 DEBUG 1188 --- [ChiDaram App] [           main] org.hibernate.SQL                        : insert into "user_security" (account_non_expired,account_non_locked,credentials_non_expired,description,enabled,otp_code,otp_enabled_for_login,otp_generated_time,password,phone_number,title,username) values (?,?,?,?,?,?,?,?,?,?,?,?) returning id
2025-08-24T11:33:08.343+03:30 DEBUG 1188 --- [ChiDaram App] [           main] org.hibernate.orm.results                : Initializer list is empty
2025-08-24T11:33:08.344+03:30 DEBUG 1188 --- [ChiDaram App] [           main] org.hibernate.orm.results.loading        : Calling top-level assembler (0 / 1) : org.hibernate.sql.results.graph.basic.BasicResultAssembler@3cc1990
2025-08-24T11:33:08.344+03:30 DEBUG 1188 --- [ChiDaram App] [           main] org.hibernate.orm.results                : Extracted JDBC value [0] - [203]
2025-08-24T11:33:08.344+03:30 DEBUG 1188 --- [ChiDaram App] [           main] o.h.id.IdentifierGeneratorHelper         : Extracted generated values [com.example.chi_daram.entity.User]: [Ljava.lang.Object;@75084fe4
2025-08-24T11:33:08.345+03:30 DEBUG 1188 --- [ChiDaram App] [           main] o.s.orm.jpa.JpaTransactionManager        : Initiating transaction commit
2025-08-24T11:33:08.345+03:30 DEBUG 1188 --- [ChiDaram App] [           main] o.s.orm.jpa.JpaTransactionManager        : Committing JPA transaction on EntityManager [SessionImpl(1384437746<open>)]
2025-08-24T11:33:08.346+03:30 DEBUG 1188 --- [ChiDaram App] [           main] o.h.e.t.internal.TransactionImpl         : committing
2025-08-24T11:33:08.346+03:30 DEBUG 1188 --- [ChiDaram App] [           main] o.h.e.i.AbstractFlushingEventListener    : Processing flush-time cascades
2025-08-24T11:33:08.346+03:30 DEBUG 1188 --- [ChiDaram App] [           main] o.h.e.i.AbstractFlushingEventListener    : Dirty checking collections
2025-08-24T11:33:08.347+03:30 DEBUG 1188 --- [ChiDaram App] [           main] o.hibernate.engine.internal.Collections  : Collection found: [com.example.chi_daram.entity.User.roles#203], was: [<unreferenced>] (initialized)
2025-08-24T11:33:08.347+03:30 DEBUG 1188 --- [ChiDaram App] [           main] o.h.e.i.AbstractFlushingEventListener    : Flushed: 0 insertions, 0 updates, 0 deletions to 1 objects
2025-08-24T11:33:08.347+03:30 DEBUG 1188 --- [ChiDaram App] [           main] o.h.e.i.AbstractFlushingEventListener    : Flushed: 1 (re)creations, 0 updates, 0 removals to 1 collections
2025-08-24T11:33:08.347+03:30 DEBUG 1188 --- [ChiDaram App] [           main] o.hibernate.internal.util.EntityPrinter  : Listing entities:
2025-08-24T11:33:08.349+03:30 DEBUG 1188 --- [ChiDaram App] [           main] o.hibernate.internal.util.EntityPrinter  : com.example.chi_daram.entity.User{credentialsNonExpired=true, roles=[USER], otpCode=null, description=Desc, title=Integration Test User, enabled=true, otpGeneratedTime=null, password=$2a$10$NUZ0zTij2cb9bgXkohSHAu0IpSQOkiH8GmvmOA2VKl3CDaK796dRe, phoneNumber=09121234567, otpEnabledForLogin=false, accountNonExpired=true, id=203, accountNonLocked=true, username=testuser_int}
2025-08-24T11:33:08.349+03:30 DEBUG 1188 --- [ChiDaram App] [           main] org.hibernate.orm.jdbc.mutation          : Inserting collection rows - com.example.chi_daram.entity.User.roles : 203
2025-08-24T11:33:08.350+03:30 DEBUG 1188 --- [ChiDaram App] [           main] org.hibernate.SQL                        : insert into user_roles (user_id,role) values (?,?)
2025-08-24T11:33:08.353+03:30 DEBUG 1188 --- [ChiDaram App] [           main] org.hibernate.orm.jdbc.mutation          : Done inserting `1` collection rows : com.example.chi_daram.entity.User.roles
2025-08-24T11:33:08.356+03:30 DEBUG 1188 --- [ChiDaram App] [           main] o.s.orm.jpa.JpaTransactionManager        : Closing JPA EntityManager [SessionImpl(1384437746<open>)] after transaction
2025-08-24T11:33:08.381+03:30 DEBUG 1188 --- [ChiDaram App] [           main] tor$SharedEntityManagerInvocationHandler : Creating new EntityManager for shared EntityManager invocation
2025-08-24T11:33:08.383+03:30 DEBUG 1188 --- [ChiDaram App] [           main] org.hibernate.orm.sql.ast.create         : Created new SQL alias : u1_0
2025-08-24T11:33:08.383+03:30 DEBUG 1188 --- [ChiDaram App] [           main] org.hibernate.orm.sql.ast.create         : Registration of TableGroup [StandardTableGroup(com.example.chi_daram.entity.User(217200953974500))] with identifierForTableGroup [com.example.chi_daram.entity.User] for NavigablePath [com.example.chi_daram.entity.User] 
2025-08-24T11:33:08.385+03:30 DEBUG 1188 --- [ChiDaram App] [           main] o.h.q.sqm.sql.BaseSqmToSqlAstConverter   : Determining mapping-model type for SqmParameter : org.hibernate.query.sqm.tree.expression.SqmJpaCriteriaParameterWrapper@59209bcd
2025-08-24T11:33:08.386+03:30 DEBUG 1188 --- [ChiDaram App] [           main] o.h.q.sqm.sql.BaseSqmToSqlAstConverter   : Determining mapping-model type for SqmPath : SqmBasicValuedSimplePath(com.example.chi_daram.entity.User(217200953974500).username) 
2025-08-24T11:33:08.386+03:30 DEBUG 1188 --- [ChiDaram App] [           main] org.hibernate.orm.results.graph.AST      : DomainResult Graph:
 \-EntityResultImpl [com.example.chi_daram.entity.User(217200953974500)]
 |  +-BasicFetch [com.example.chi_daram.entity.User(217200953974500).accountNonExpired]
 |  +-BasicFetch [com.example.chi_daram.entity.User(217200953974500).accountNonLocked]
 |  +-BasicFetch [com.example.chi_daram.entity.User(217200953974500).credentialsNonExpired]
 |  +-BasicFetch [com.example.chi_daram.entity.User(217200953974500).description]
 |  +-BasicFetch [com.example.chi_daram.entity.User(217200953974500).enabled]
 |  +-BasicFetch [com.example.chi_daram.entity.User(217200953974500).otpCode]
 |  +-BasicFetch [com.example.chi_daram.entity.User(217200953974500).otpEnabledForLogin]
 |  +-BasicFetch [com.example.chi_daram.entity.User(217200953974500).otpGeneratedTime]
 |  +-BasicFetch [com.example.chi_daram.entity.User(217200953974500).password]
 |  +-BasicFetch [com.example.chi_daram.entity.User(217200953974500).phoneNumber]
 |  +-SelectEagerCollectionFetch [com.example.chi_daram.entity.User(217200953974500).roles]
 |  +-BasicFetch [com.example.chi_daram.entity.User(217200953974500).title]
 |  \-BasicFetch [com.example.chi_daram.entity.User(217200953974500).username]

2025-08-24T11:33:08.387+03:30 DEBUG 1188 --- [ChiDaram App] [           main] org.hibernate.orm.sql.ast.tree           : SQL AST Tree:
    SelectStatement {
      FromClause {
        StandardTableGroup (u1 : com.example.chi_daram.entity.User(217200953974500)) {
          primaryTableReference : "user_security" as u1_0
        }
      }
    }

2025-08-24T11:33:08.387+03:30 DEBUG 1188 --- [ChiDaram App] [           main] org.hibernate.orm.sql.exec               : Skipping reading Query result cache data: cache-enabled = false, cache-mode = NORMAL
2025-08-24T11:33:08.388+03:30 DEBUG 1188 --- [ChiDaram App] [           main] org.hibernate.orm.results                : Initializer list:
	  com.example.chi_daram.entity.User(217200953974500) -> EntityResultInitializer(com.example.chi_daram.entity.User(217200953974500))@867343513 (SingleTableEntityPersister(com.example.chi_daram.entity.User))
	  com.example.chi_daram.entity.User(217200953974500).roles -> SelectEagerCollectionInitializer(com.example.chi_daram.entity.User(217200953974500).roles)@1855035345 (PluralAttribute(com.example.chi_daram.entity.User.roles))

2025-08-24T11:33:08.389+03:30 DEBUG 1188 --- [ChiDaram App] [           main] org.hibernate.SQL                        : select u1_0.id,u1_0.account_non_expired,u1_0.account_non_locked,u1_0.credentials_non_expired,u1_0.description,u1_0.enabled,u1_0.otp_code,u1_0.otp_enabled_for_login,u1_0.otp_generated_time,u1_0.password,u1_0.phone_number,u1_0.title,u1_0.username from "user_security" u1_0 where u1_0.username=?
2025-08-24T11:33:08.391+03:30 DEBUG 1188 --- [ChiDaram App] [           main] org.hibernate.orm.results                : Extracted JDBC value [0] - [203]
2025-08-24T11:33:08.392+03:30 DEBUG 1188 --- [ChiDaram App] [           main] o.hibernate.orm.results.loading.entity   : (EntityResultInitializer) Hydrated EntityKey (com.example.chi_daram.entity.User(217200953974500)): 203
2025-08-24T11:33:08.393+03:30 DEBUG 1188 --- [ChiDaram App] [           main] o.h.o.r.l.o.h.o.r.loading.collection     : (SelectEagerCollectionInitializer) Current row collection key : com.example.chi_daram.entity.User(217200953974500).roles#203
2025-08-24T11:33:08.393+03:30 DEBUG 1188 --- [ChiDaram App] [           main] o.hibernate.orm.results.loading.entity   : (EntityResultInitializer) Created new entity instance [com.example.chi_daram.entity.User(217200953974500)#203] : 1631723704
2025-08-24T11:33:08.393+03:30 DEBUG 1188 --- [ChiDaram App] [           main] org.hibernate.orm.results                : Extracted JDBC value [1] - [true]
2025-08-24T11:33:08.394+03:30 DEBUG 1188 --- [ChiDaram App] [           main] org.hibernate.orm.results                : Extracted JDBC value [2] - [true]
2025-08-24T11:33:08.394+03:30 DEBUG 1188 --- [ChiDaram App] [           main] org.hibernate.orm.results                : Extracted JDBC value [3] - [true]
2025-08-24T11:33:08.394+03:30 DEBUG 1188 --- [ChiDaram App] [           main] org.hibernate.orm.results                : Extracted JDBC value [4] - [Desc]
2025-08-24T11:33:08.395+03:30 DEBUG 1188 --- [ChiDaram App] [           main] org.hibernate.orm.results                : Extracted JDBC value [5] - [true]
2025-08-24T11:33:08.395+03:30 DEBUG 1188 --- [ChiDaram App] [           main] org.hibernate.orm.results                : Extracted JDBC value [6] - [null]
2025-08-24T11:33:08.396+03:30 DEBUG 1188 --- [ChiDaram App] [           main] org.hibernate.orm.results                : Extracted JDBC value [7] - [false]
2025-08-24T11:33:08.396+03:30 DEBUG 1188 --- [ChiDaram App] [           main] org.hibernate.orm.results                : Extracted JDBC value [8] - [null]
2025-08-24T11:33:08.397+03:30 DEBUG 1188 --- [ChiDaram App] [           main] org.hibernate.orm.results                : Extracted JDBC value [9] - [$2a$10$NUZ0zTij2cb9bgXkohSHAu0IpSQOkiH8GmvmOA2VKl3CDaK796dRe]
2025-08-24T11:33:08.397+03:30 DEBUG 1188 --- [ChiDaram App] [           main] org.hibernate.orm.results                : Extracted JDBC value [10] - [09121234567]
2025-08-24T11:33:08.397+03:30 DEBUG 1188 --- [ChiDaram App] [           main] org.hibernate.orm.results                : Extracted JDBC value [11] - [Integration Test User]
2025-08-24T11:33:08.397+03:30 DEBUG 1188 --- [ChiDaram App] [           main] org.hibernate.orm.results                : Extracted JDBC value [12] - [testuser_int]
2025-08-24T11:33:08.398+03:30 DEBUG 1188 --- [ChiDaram App] [           main] o.hibernate.orm.results.loading.entity   : (EntityResultInitializer) Done materializing entityInstance : com.example.chi_daram.entity.User(217200953974500)#203
2025-08-24T11:33:08.398+03:30 DEBUG 1188 --- [ChiDaram App] [           main] org.hibernate.orm.results.loading        : Calling top-level assembler (0 / 1) : org.hibernate.sql.results.graph.entity.internal.EntityAssembler@5fa7cb3
2025-08-24T11:33:08.399+03:30 DEBUG 1188 --- [ChiDaram App] [           main] org.hibernate.orm.sql.exec               : Skipping reading Query result cache data: cache-enabled = false, cache-mode = IGNORE
2025-08-24T11:33:08.399+03:30 DEBUG 1188 --- [ChiDaram App] [           main] org.hibernate.orm.results                : Initializer list:
	  com.example.chi_daram.entity.User.roles -> SetInitializer(com.example.chi_daram.entity.User.roles)@1522772125 (PluralAttribute(com.example.chi_daram.entity.User.roles))

2025-08-24T11:33:08.400+03:30 DEBUG 1188 --- [ChiDaram App] [           main] org.hibernate.SQL                        : select r1_0.user_id,r1_0.role from user_roles r1_0 where r1_0.user_id=?
2025-08-24T11:33:08.401+03:30 DEBUG 1188 --- [ChiDaram App] [           main] org.hibernate.orm.results                : Extracted JDBC value [0] - [203]
2025-08-24T11:33:08.401+03:30 DEBUG 1188 --- [ChiDaram App] [           main] o.h.o.r.l.o.h.o.r.loading.collection     : (SetInitializer) Current row collection key : com.example.chi_daram.entity.User.roles#203
2025-08-24T11:33:08.402+03:30 DEBUG 1188 --- [ChiDaram App] [           main] o.h.o.r.l.o.h.o.r.loading.collection     : (SetInitializer) Responsible for loading collection [com.example.chi_daram.entity.User.roles#203] : org.hibernate.collection.spi.PersistentSet@51317854
2025-08-24T11:33:08.402+03:30 DEBUG 1188 --- [ChiDaram App] [           main] o.h.o.r.l.o.h.o.r.loading.collection     : (SetInitializer) Reading element from row for collection [com.example.chi_daram.entity.User.roles#203] -> org.hibernate.collection.spi.PersistentSet@51317854
2025-08-24T11:33:08.402+03:30 DEBUG 1188 --- [ChiDaram App] [           main] org.hibernate.orm.results                : Extracted JDBC value [1] - [USER]
2025-08-24T11:33:08.402+03:30 DEBUG 1188 --- [ChiDaram App] [           main] org.hibernate.orm.results.loading        : Calling top-level assembler (0 / 1) : org.hibernate.sql.results.graph.collection.internal.CollectionAssembler@72b611a
2025-08-24T11:33:08.402+03:30 DEBUG 1188 --- [ChiDaram App] [           main] o.h.sql.results.internal.ResultsHelper   : Collection fully initialized: [com.example.chi_daram.entity.User.roles#203]
2025-08-24T11:33:08.662+03:30 DEBUG 1188 --- [ChiDaram App] [           main] o.s.orm.jpa.JpaTransactionManager        : Creating new transaction with name [com.example.chi_daram.service.impl.UserServiceImpl.getUserByUsername]: PROPAGATION_REQUIRED,ISOLATION_DEFAULT,readOnly
2025-08-24T11:33:08.663+03:30 DEBUG 1188 --- [ChiDaram App] [           main] o.s.orm.jpa.JpaTransactionManager        : Opened new EntityManager [SessionImpl(1080796706<open>)] for JPA transaction
2025-08-24T11:33:08.664+03:30 DEBUG 1188 --- [ChiDaram App] [           main] o.h.e.t.internal.TransactionImpl         : On TransactionImpl creation, JpaCompliance#isJpaTransactionComplianceEnabled == false
2025-08-24T11:33:08.664+03:30 DEBUG 1188 --- [ChiDaram App] [           main] o.h.e.t.internal.TransactionImpl         : begin
2025-08-24T11:33:08.664+03:30 DEBUG 1188 --- [ChiDaram App] [           main] o.s.orm.jpa.JpaTransactionManager        : Exposing JPA transaction as JDBC [org.springframework.orm.jpa.vendor.HibernateJpaDialect$HibernateConnectionHandle@4a31924e]
2025-08-24T11:33:08.668+03:30 DEBUG 1188 --- [ChiDaram App] [           main] org.hibernate.orm.sql.ast.create         : Created new SQL alias : u1_0
2025-08-24T11:33:08.668+03:30 DEBUG 1188 --- [ChiDaram App] [           main] org.hibernate.orm.sql.ast.create         : Registration of TableGroup [StandardTableGroup(com.example.chi_daram.entity.User(217200953974500))] with identifierForTableGroup [com.example.chi_daram.entity.User] for NavigablePath [com.example.chi_daram.entity.User] 
2025-08-24T11:33:08.670+03:30 DEBUG 1188 --- [ChiDaram App] [           main] o.h.q.sqm.sql.BaseSqmToSqlAstConverter   : Determining mapping-model type for SqmParameter : org.hibernate.query.sqm.tree.expression.SqmJpaCriteriaParameterWrapper@f157271
2025-08-24T11:33:08.670+03:30 DEBUG 1188 --- [ChiDaram App] [           main] o.h.q.sqm.sql.BaseSqmToSqlAstConverter   : Determining mapping-model type for SqmPath : SqmBasicValuedSimplePath(com.example.chi_daram.entity.User(217200953974500).username) 
2025-08-24T11:33:08.671+03:30 DEBUG 1188 --- [ChiDaram App] [           main] org.hibernate.orm.results.graph.AST      : DomainResult Graph:
 \-EntityResultImpl [com.example.chi_daram.entity.User(217200953974500)]
 |  +-BasicFetch [com.example.chi_daram.entity.User(217200953974500).accountNonExpired]
 |  +-BasicFetch [com.example.chi_daram.entity.User(217200953974500).accountNonLocked]
 |  +-BasicFetch [com.example.chi_daram.entity.User(217200953974500).credentialsNonExpired]
 |  +-BasicFetch [com.example.chi_daram.entity.User(217200953974500).description]
 |  +-BasicFetch [com.example.chi_daram.entity.User(217200953974500).enabled]
 |  +-BasicFetch [com.example.chi_daram.entity.User(217200953974500).otpCode]
 |  +-BasicFetch [com.example.chi_daram.entity.User(217200953974500).otpEnabledForLogin]
 |  +-BasicFetch [com.example.chi_daram.entity.User(217200953974500).otpGeneratedTime]
 |  +-BasicFetch [com.example.chi_daram.entity.User(217200953974500).password]
 |  +-BasicFetch [com.example.chi_daram.entity.User(217200953974500).phoneNumber]
 |  +-SelectEagerCollectionFetch [com.example.chi_daram.entity.User(217200953974500).roles]
 |  +-BasicFetch [com.example.chi_daram.entity.User(217200953974500).title]
 |  \-BasicFetch [com.example.chi_daram.entity.User(217200953974500).username]

2025-08-24T11:33:08.671+03:30 DEBUG 1188 --- [ChiDaram App] [           main] org.hibernate.orm.sql.ast.tree           : SQL AST Tree:
    SelectStatement {
      FromClause {
        StandardTableGroup (u1 : com.example.chi_daram.entity.User(217200953974500)) {
          primaryTableReference : "user_security" as u1_0
        }
      }
    }

2025-08-24T11:33:08.671+03:30 DEBUG 1188 --- [ChiDaram App] [           main] org.hibernate.orm.sql.exec               : Skipping reading Query result cache data: cache-enabled = false, cache-mode = NORMAL
2025-08-24T11:33:08.672+03:30 DEBUG 1188 --- [ChiDaram App] [           main] org.hibernate.orm.results                : Initializer list:
	  com.example.chi_daram.entity.User(217200953974500) -> EntityResultInitializer(com.example.chi_daram.entity.User(217200953974500))@147345336 (SingleTableEntityPersister(com.example.chi_daram.entity.User))
	  com.example.chi_daram.entity.User(217200953974500).roles -> SelectEagerCollectionInitializer(com.example.chi_daram.entity.User(217200953974500).roles)@745153066 (PluralAttribute(com.example.chi_daram.entity.User.roles))

2025-08-24T11:33:08.674+03:30 DEBUG 1188 --- [ChiDaram App] [           main] org.hibernate.SQL                        : select u1_0.id,u1_0.account_non_expired,u1_0.account_non_locked,u1_0.credentials_non_expired,u1_0.description,u1_0.enabled,u1_0.otp_code,u1_0.otp_enabled_for_login,u1_0.otp_generated_time,u1_0.password,u1_0.phone_number,u1_0.title,u1_0.username from "user_security" u1_0 where u1_0.username=?
2025-08-24T11:33:08.676+03:30 DEBUG 1188 --- [ChiDaram App] [           main] org.hibernate.orm.results                : Extracted JDBC value [0] - [203]
2025-08-24T11:33:08.677+03:30 DEBUG 1188 --- [ChiDaram App] [           main] o.hibernate.orm.results.loading.entity   : (EntityResultInitializer) Hydrated EntityKey (com.example.chi_daram.entity.User(217200953974500)): 203
2025-08-24T11:33:08.677+03:30 DEBUG 1188 --- [ChiDaram App] [           main] o.h.o.r.l.o.h.o.r.loading.collection     : (SelectEagerCollectionInitializer) Current row collection key : com.example.chi_daram.entity.User(217200953974500).roles#203
2025-08-24T11:33:08.678+03:30 DEBUG 1188 --- [ChiDaram App] [           main] o.hibernate.orm.results.loading.entity   : (EntityResultInitializer) Created new entity instance [com.example.chi_daram.entity.User(217200953974500)#203] : 1153910657
2025-08-24T11:33:08.680+03:30 DEBUG 1188 --- [ChiDaram App] [           main] org.hibernate.orm.results                : Extracted JDBC value [1] - [true]
2025-08-24T11:33:08.680+03:30 DEBUG 1188 --- [ChiDaram App] [           main] org.hibernate.orm.results                : Extracted JDBC value [2] - [true]
2025-08-24T11:33:08.680+03:30 DEBUG 1188 --- [ChiDaram App] [           main] org.hibernate.orm.results                : Extracted JDBC value [3] - [true]
2025-08-24T11:33:08.680+03:30 DEBUG 1188 --- [ChiDaram App] [           main] org.hibernate.orm.results                : Extracted JDBC value [4] - [Desc]
2025-08-24T11:33:08.680+03:30 DEBUG 1188 --- [ChiDaram App] [           main] org.hibernate.orm.results                : Extracted JDBC value [5] - [true]
2025-08-24T11:33:08.680+03:30 DEBUG 1188 --- [ChiDaram App] [           main] org.hibernate.orm.results                : Extracted JDBC value [6] - [null]
2025-08-24T11:33:08.681+03:30 DEBUG 1188 --- [ChiDaram App] [           main] org.hibernate.orm.results                : Extracted JDBC value [7] - [false]
2025-08-24T11:33:08.681+03:30 DEBUG 1188 --- [ChiDaram App] [           main] org.hibernate.orm.results                : Extracted JDBC value [8] - [null]
2025-08-24T11:33:08.681+03:30 DEBUG 1188 --- [ChiDaram App] [           main] org.hibernate.orm.results                : Extracted JDBC value [9] - [$2a$10$NUZ0zTij2cb9bgXkohSHAu0IpSQOkiH8GmvmOA2VKl3CDaK796dRe]
2025-08-24T11:33:08.681+03:30 DEBUG 1188 --- [ChiDaram App] [           main] org.hibernate.orm.results                : Extracted JDBC value [10] - [09121234567]
2025-08-24T11:33:08.681+03:30 DEBUG 1188 --- [ChiDaram App] [           main] org.hibernate.orm.results                : Extracted JDBC value [11] - [Integration Test User]
2025-08-24T11:33:08.682+03:30 DEBUG 1188 --- [ChiDaram App] [           main] org.hibernate.orm.results                : Extracted JDBC value [12] - [testuser_int]
2025-08-24T11:33:08.683+03:30 DEBUG 1188 --- [ChiDaram App] [           main] o.hibernate.orm.results.loading.entity   : (EntityResultInitializer) Done materializing entityInstance : com.example.chi_daram.entity.User(217200953974500)#203
2025-08-24T11:33:08.683+03:30 DEBUG 1188 --- [ChiDaram App] [           main] org.hibernate.orm.results.loading        : Calling top-level assembler (0 / 1) : org.hibernate.sql.results.graph.entity.internal.EntityAssembler@7e26e452
2025-08-24T11:33:08.685+03:30 DEBUG 1188 --- [ChiDaram App] [           main] org.hibernate.orm.sql.exec               : Skipping reading Query result cache data: cache-enabled = false, cache-mode = IGNORE
2025-08-24T11:33:08.685+03:30 DEBUG 1188 --- [ChiDaram App] [           main] org.hibernate.orm.results                : Initializer list:
	  com.example.chi_daram.entity.User.roles -> SetInitializer(com.example.chi_daram.entity.User.roles)@867222659 (PluralAttribute(com.example.chi_daram.entity.User.roles))

2025-08-24T11:33:08.686+03:30 DEBUG 1188 --- [ChiDaram App] [           main] org.hibernate.SQL                        : select r1_0.user_id,r1_0.role from user_roles r1_0 where r1_0.user_id=?
2025-08-24T11:33:08.689+03:30 DEBUG 1188 --- [ChiDaram App] [           main] org.hibernate.orm.results                : Extracted JDBC value [0] - [203]
2025-08-24T11:33:08.690+03:30 DEBUG 1188 --- [ChiDaram App] [           main] o.h.o.r.l.o.h.o.r.loading.collection     : (SetInitializer) Current row collection key : com.example.chi_daram.entity.User.roles#203
2025-08-24T11:33:08.691+03:30 DEBUG 1188 --- [ChiDaram App] [           main] o.h.o.r.l.o.h.o.r.loading.collection     : (SetInitializer) Responsible for loading collection [com.example.chi_daram.entity.User.roles#203] : org.hibernate.collection.spi.PersistentSet@960583233
2025-08-24T11:33:08.691+03:30 DEBUG 1188 --- [ChiDaram App] [           main] o.h.o.r.l.o.h.o.r.loading.collection     : (SetInitializer) Reading element from row for collection [com.example.chi_daram.entity.User.roles#203] -> org.hibernate.collection.spi.PersistentSet@960583233
2025-08-24T11:33:08.691+03:30 DEBUG 1188 --- [ChiDaram App] [           main] org.hibernate.orm.results                : Extracted JDBC value [1] - [USER]
2025-08-24T11:33:08.691+03:30 DEBUG 1188 --- [ChiDaram App] [           main] org.hibernate.orm.results.loading        : Calling top-level assembler (0 / 1) : org.hibernate.sql.results.graph.collection.internal.CollectionAssembler@3738bd7a
2025-08-24T11:33:08.691+03:30 DEBUG 1188 --- [ChiDaram App] [           main] o.h.sql.results.internal.ResultsHelper   : Collection fully initialized: [com.example.chi_daram.entity.User.roles#203]
2025-08-24T11:33:08.692+03:30 DEBUG 1188 --- [ChiDaram App] [           main] o.s.orm.jpa.JpaTransactionManager        : Initiating transaction commit
2025-08-24T11:33:08.692+03:30 DEBUG 1188 --- [ChiDaram App] [           main] o.s.orm.jpa.JpaTransactionManager        : Committing JPA transaction on EntityManager [SessionImpl(1080796706<open>)]
2025-08-24T11:33:08.692+03:30 DEBUG 1188 --- [ChiDaram App] [           main] o.h.e.t.internal.TransactionImpl         : committing
2025-08-24T11:33:08.696+03:30 DEBUG 1188 --- [ChiDaram App] [           main] o.s.orm.jpa.JpaTransactionManager        : Closing JPA EntityManager [SessionImpl(1080796706<open>)] after transaction
2025-08-24T11:33:08.770+03:30 ERROR 1188 --- [ChiDaram App] [           main] c.e.c.security.jwt.AuthEntryPointJwt     : Unauthorized error: Full authentication is required to access this resource
]]></system-out>
  </testcase>
  <testcase name="testDeleteUser_Authenticated" classname="com.example.chi_daram.controller.UserControllerIntegrationTest" time="1.054">
    <system-out><![CDATA[2025-08-24T11:33:08.821+03:30 DEBUG 1188 --- [ChiDaram App] [           main] o.s.orm.jpa.JpaTransactionManager        : Creating new transaction with name [org.springframework.data.jpa.repository.support.SimpleJpaRepository.deleteAll]: PROPAGATION_REQUIRED,ISOLATION_DEFAULT
2025-08-24T11:33:08.827+03:30 DEBUG 1188 --- [ChiDaram App] [           main] o.s.orm.jpa.JpaTransactionManager        : Opened new EntityManager [SessionImpl(974592713<open>)] for JPA transaction
2025-08-24T11:33:08.827+03:30 DEBUG 1188 --- [ChiDaram App] [           main] o.h.e.t.internal.TransactionImpl         : On TransactionImpl creation, JpaCompliance#isJpaTransactionComplianceEnabled == false
2025-08-24T11:33:08.829+03:30 DEBUG 1188 --- [ChiDaram App] [           main] o.h.e.t.internal.TransactionImpl         : begin
2025-08-24T11:33:08.830+03:30 DEBUG 1188 --- [ChiDaram App] [           main] o.s.orm.jpa.JpaTransactionManager        : Exposing JPA transaction as JDBC [org.springframework.orm.jpa.vendor.HibernateJpaDialect$HibernateConnectionHandle@752448d2]
2025-08-24T11:33:08.831+03:30 DEBUG 1188 --- [ChiDaram App] [           main] org.hibernate.orm.sql.ast.create         : Created new SQL alias : u1_0
2025-08-24T11:33:08.831+03:30 DEBUG 1188 --- [ChiDaram App] [           main] org.hibernate.orm.sql.ast.create         : Registration of TableGroup [StandardTableGroup(com.example.chi_daram.entity.User(217214144269600))] with identifierForTableGroup [com.example.chi_daram.entity.User] for NavigablePath [com.example.chi_daram.entity.User] 
2025-08-24T11:33:08.834+03:30 DEBUG 1188 --- [ChiDaram App] [           main] org.hibernate.orm.results.graph.AST      : DomainResult Graph:
 \-EntityResultImpl [com.example.chi_daram.entity.User(217214144269600)]
 |  +-BasicFetch [com.example.chi_daram.entity.User(217214144269600).accountNonExpired]
 |  +-BasicFetch [com.example.chi_daram.entity.User(217214144269600).accountNonLocked]
 |  +-BasicFetch [com.example.chi_daram.entity.User(217214144269600).credentialsNonExpired]
 |  +-BasicFetch [com.example.chi_daram.entity.User(217214144269600).description]
 |  +-BasicFetch [com.example.chi_daram.entity.User(217214144269600).enabled]
 |  +-BasicFetch [com.example.chi_daram.entity.User(217214144269600).otpCode]
 |  +-BasicFetch [com.example.chi_daram.entity.User(217214144269600).otpEnabledForLogin]
 |  +-BasicFetch [com.example.chi_daram.entity.User(217214144269600).otpGeneratedTime]
 |  +-BasicFetch [com.example.chi_daram.entity.User(217214144269600).password]
 |  +-BasicFetch [com.example.chi_daram.entity.User(217214144269600).phoneNumber]
 |  +-SelectEagerCollectionFetch [com.example.chi_daram.entity.User(217214144269600).roles]
 |  +-BasicFetch [com.example.chi_daram.entity.User(217214144269600).title]
 |  \-BasicFetch [com.example.chi_daram.entity.User(217214144269600).username]

2025-08-24T11:33:08.834+03:30 DEBUG 1188 --- [ChiDaram App] [           main] org.hibernate.orm.sql.ast.tree           : SQL AST Tree:
    SelectStatement {
      FromClause {
        StandardTableGroup (u1 : com.example.chi_daram.entity.User(217214144269600)) {
          primaryTableReference : "user_security" as u1_0
        }
      }
    }

2025-08-24T11:33:08.835+03:30 DEBUG 1188 --- [ChiDaram App] [           main] org.hibernate.orm.sql.exec               : Skipping reading Query result cache data: cache-enabled = false, cache-mode = NORMAL
2025-08-24T11:33:08.836+03:30 DEBUG 1188 --- [ChiDaram App] [           main] org.hibernate.orm.results                : Initializer list:
	  com.example.chi_daram.entity.User(217214144269600).roles -> SelectEagerCollectionInitializer(com.example.chi_daram.entity.User(217214144269600).roles)@1866296242 (PluralAttribute(com.example.chi_daram.entity.User.roles))
	  com.example.chi_daram.entity.User(217214144269600) -> EntityResultInitializer(com.example.chi_daram.entity.User(217214144269600))@1579356966 (SingleTableEntityPersister(com.example.chi_daram.entity.User))

2025-08-24T11:33:08.837+03:30 DEBUG 1188 --- [ChiDaram App] [           main] org.hibernate.SQL                        : select u1_0.id,u1_0.account_non_expired,u1_0.account_non_locked,u1_0.credentials_non_expired,u1_0.description,u1_0.enabled,u1_0.otp_code,u1_0.otp_enabled_for_login,u1_0.otp_generated_time,u1_0.password,u1_0.phone_number,u1_0.title,u1_0.username from "user_security" u1_0
2025-08-24T11:33:08.838+03:30 DEBUG 1188 --- [ChiDaram App] [           main] org.hibernate.orm.results                : Extracted JDBC value [0] - [203]
2025-08-24T11:33:08.840+03:30 DEBUG 1188 --- [ChiDaram App] [           main] o.hibernate.orm.results.loading.entity   : (EntityResultInitializer) Hydrated EntityKey (com.example.chi_daram.entity.User(217214144269600)): 203
2025-08-24T11:33:08.841+03:30 DEBUG 1188 --- [ChiDaram App] [           main] o.h.o.r.l.o.h.o.r.loading.collection     : (SelectEagerCollectionInitializer) Current row collection key : com.example.chi_daram.entity.User(217214144269600).roles#203
2025-08-24T11:33:08.842+03:30 DEBUG 1188 --- [ChiDaram App] [           main] o.hibernate.orm.results.loading.entity   : (EntityResultInitializer) Created new entity instance [com.example.chi_daram.entity.User(217214144269600)#203] : 547332604
2025-08-24T11:33:08.842+03:30 DEBUG 1188 --- [ChiDaram App] [           main] org.hibernate.orm.results                : Extracted JDBC value [1] - [true]
2025-08-24T11:33:08.842+03:30 DEBUG 1188 --- [ChiDaram App] [           main] org.hibernate.orm.results                : Extracted JDBC value [2] - [true]
2025-08-24T11:33:08.846+03:30 DEBUG 1188 --- [ChiDaram App] [           main] org.hibernate.orm.results                : Extracted JDBC value [3] - [true]
2025-08-24T11:33:08.846+03:30 DEBUG 1188 --- [ChiDaram App] [           main] org.hibernate.orm.results                : Extracted JDBC value [4] - [Desc]
2025-08-24T11:33:08.846+03:30 DEBUG 1188 --- [ChiDaram App] [           main] org.hibernate.orm.results                : Extracted JDBC value [5] - [true]
2025-08-24T11:33:08.846+03:30 DEBUG 1188 --- [ChiDaram App] [           main] org.hibernate.orm.results                : Extracted JDBC value [6] - [null]
2025-08-24T11:33:08.846+03:30 DEBUG 1188 --- [ChiDaram App] [           main] org.hibernate.orm.results                : Extracted JDBC value [7] - [false]
2025-08-24T11:33:08.846+03:30 DEBUG 1188 --- [ChiDaram App] [           main] org.hibernate.orm.results                : Extracted JDBC value [8] - [null]
2025-08-24T11:33:08.846+03:30 DEBUG 1188 --- [ChiDaram App] [           main] org.hibernate.orm.results                : Extracted JDBC value [9] - [$2a$10$NUZ0zTij2cb9bgXkohSHAu0IpSQOkiH8GmvmOA2VKl3CDaK796dRe]
2025-08-24T11:33:08.846+03:30 DEBUG 1188 --- [ChiDaram App] [           main] org.hibernate.orm.results                : Extracted JDBC value [10] - [09121234567]
2025-08-24T11:33:08.846+03:30 DEBUG 1188 --- [ChiDaram App] [           main] org.hibernate.orm.results                : Extracted JDBC value [11] - [Integration Test User]
2025-08-24T11:33:08.846+03:30 DEBUG 1188 --- [ChiDaram App] [           main] org.hibernate.orm.results                : Extracted JDBC value [12] - [testuser_int]
2025-08-24T11:33:08.848+03:30 DEBUG 1188 --- [ChiDaram App] [           main] o.hibernate.orm.results.loading.entity   : (EntityResultInitializer) Done materializing entityInstance : com.example.chi_daram.entity.User(217214144269600)#203
2025-08-24T11:33:08.849+03:30 DEBUG 1188 --- [ChiDaram App] [           main] org.hibernate.orm.results.loading        : Calling top-level assembler (0 / 1) : org.hibernate.sql.results.graph.entity.internal.EntityAssembler@5b81d35c
2025-08-24T11:33:08.849+03:30 DEBUG 1188 --- [ChiDaram App] [           main] org.hibernate.orm.sql.exec               : Skipping reading Query result cache data: cache-enabled = false, cache-mode = IGNORE
2025-08-24T11:33:08.850+03:30 DEBUG 1188 --- [ChiDaram App] [           main] org.hibernate.orm.results                : Initializer list:
	  com.example.chi_daram.entity.User.roles -> SetInitializer(com.example.chi_daram.entity.User.roles)@645311592 (PluralAttribute(com.example.chi_daram.entity.User.roles))

2025-08-24T11:33:08.850+03:30 DEBUG 1188 --- [ChiDaram App] [           main] org.hibernate.SQL                        : select r1_0.user_id,r1_0.role from user_roles r1_0 where r1_0.user_id=?
2025-08-24T11:33:08.852+03:30 DEBUG 1188 --- [ChiDaram App] [           main] org.hibernate.orm.results                : Extracted JDBC value [0] - [203]
2025-08-24T11:33:08.852+03:30 DEBUG 1188 --- [ChiDaram App] [           main] o.h.o.r.l.o.h.o.r.loading.collection     : (SetInitializer) Current row collection key : com.example.chi_daram.entity.User.roles#203
2025-08-24T11:33:08.852+03:30 DEBUG 1188 --- [ChiDaram App] [           main] o.h.o.r.l.o.h.o.r.loading.collection     : (SetInitializer) Responsible for loading collection [com.example.chi_daram.entity.User.roles#203] : org.hibernate.collection.spi.PersistentSet@1726168298
2025-08-24T11:33:08.852+03:30 DEBUG 1188 --- [ChiDaram App] [           main] o.h.o.r.l.o.h.o.r.loading.collection     : (SetInitializer) Reading element from row for collection [com.example.chi_daram.entity.User.roles#203] -> org.hibernate.collection.spi.PersistentSet@1726168298
2025-08-24T11:33:08.852+03:30 DEBUG 1188 --- [ChiDaram App] [           main] org.hibernate.orm.results                : Extracted JDBC value [1] - [USER]
2025-08-24T11:33:08.852+03:30 DEBUG 1188 --- [ChiDaram App] [           main] org.hibernate.orm.results.loading        : Calling top-level assembler (0 / 1) : org.hibernate.sql.results.graph.collection.internal.CollectionAssembler@510e260d
2025-08-24T11:33:08.852+03:30 DEBUG 1188 --- [ChiDaram App] [           main] o.h.sql.results.internal.ResultsHelper   : Collection fully initialized: [com.example.chi_daram.entity.User.roles#203]
2025-08-24T11:33:08.853+03:30 DEBUG 1188 --- [ChiDaram App] [           main] o.h.j.internal.PersistenceUnitUtilImpl   : jakarta.persistence.PersistenceUnitUtil.getIdentifier is only intended to work with enhanced entities (although Hibernate also adapts this support to its proxies); however the passed entity was not enhanced (nor a proxy).. may not be able to read identifier
2025-08-24T11:33:08.853+03:30 DEBUG 1188 --- [ChiDaram App] [           main] o.h.j.internal.PersistenceUnitUtilImpl   : jakarta.persistence.PersistenceUnitUtil.getIdentifier is only intended to work with enhanced entities (although Hibernate also adapts this support to its proxies); however the passed entity was not enhanced (nor a proxy).. may not be able to read identifier
2025-08-24T11:33:08.853+03:30 DEBUG 1188 --- [ChiDaram App] [           main] o.s.orm.jpa.JpaTransactionManager        : Initiating transaction commit
2025-08-24T11:33:08.854+03:30 DEBUG 1188 --- [ChiDaram App] [           main] o.s.orm.jpa.JpaTransactionManager        : Committing JPA transaction on EntityManager [SessionImpl(974592713<open>)]
2025-08-24T11:33:08.854+03:30 DEBUG 1188 --- [ChiDaram App] [           main] o.h.e.t.internal.TransactionImpl         : committing
2025-08-24T11:33:08.854+03:30 DEBUG 1188 --- [ChiDaram App] [           main] o.h.e.i.AbstractFlushingEventListener    : Processing flush-time cascades
2025-08-24T11:33:08.854+03:30 DEBUG 1188 --- [ChiDaram App] [           main] o.h.e.i.AbstractFlushingEventListener    : Dirty checking collections
2025-08-24T11:33:08.855+03:30 DEBUG 1188 --- [ChiDaram App] [           main] o.hibernate.engine.internal.Collections  : Collection dereferenced: [com.example.chi_daram.entity.User.roles#203]
2025-08-24T11:33:08.855+03:30 DEBUG 1188 --- [ChiDaram App] [           main] o.h.e.i.AbstractFlushingEventListener    : Flushed: 0 insertions, 0 updates, 1 deletions to 1 objects
2025-08-24T11:33:08.855+03:30 DEBUG 1188 --- [ChiDaram App] [           main] o.h.e.i.AbstractFlushingEventListener    : Flushed: 0 (re)creations, 0 updates, 1 removals to 1 collections
2025-08-24T11:33:08.856+03:30 DEBUG 1188 --- [ChiDaram App] [           main] o.hibernate.internal.util.EntityPrinter  : Listing entities:
2025-08-24T11:33:08.857+03:30 DEBUG 1188 --- [ChiDaram App] [           main] o.hibernate.internal.util.EntityPrinter  : com.example.chi_daram.entity.User{credentialsNonExpired=true, roles=[USER], otpCode=null, description=Desc, title=Integration Test User, enabled=true, otpGeneratedTime=null, password=$2a$10$NUZ0zTij2cb9bgXkohSHAu0IpSQOkiH8GmvmOA2VKl3CDaK796dRe, phoneNumber=09121234567, otpEnabledForLogin=false, accountNonExpired=true, id=203, accountNonLocked=true, username=testuser_int}
2025-08-24T11:33:08.857+03:30 DEBUG 1188 --- [ChiDaram App] [           main] org.hibernate.orm.jdbc.mutation          : Deleting collection - com.example.chi_daram.entity.User.roles : 203
2025-08-24T11:33:08.857+03:30 DEBUG 1188 --- [ChiDaram App] [           main] org.hibernate.SQL                        : delete from user_roles where user_id=?
2025-08-24T11:33:08.862+03:30 DEBUG 1188 --- [ChiDaram App] [           main] org.hibernate.SQL                        : delete from "user_security" where id=?
2025-08-24T11:33:08.875+03:30 DEBUG 1188 --- [ChiDaram App] [           main] o.s.orm.jpa.JpaTransactionManager        : Closing JPA EntityManager [SessionImpl(974592713<open>)] after transaction
2025-08-24T11:33:08.928+03:30 DEBUG 1188 --- [ChiDaram App] [           main] o.s.orm.jpa.JpaTransactionManager        : Creating new transaction with name [com.example.chi_daram.service.impl.UserServiceImpl.registerNewUser]: PROPAGATION_REQUIRED,ISOLATION_DEFAULT
2025-08-24T11:33:08.928+03:30 DEBUG 1188 --- [ChiDaram App] [           main] o.s.orm.jpa.JpaTransactionManager        : Opened new EntityManager [SessionImpl(874958464<open>)] for JPA transaction
2025-08-24T11:33:08.928+03:30 DEBUG 1188 --- [ChiDaram App] [           main] o.h.e.t.internal.TransactionImpl         : On TransactionImpl creation, JpaCompliance#isJpaTransactionComplianceEnabled == false
2025-08-24T11:33:08.929+03:30 DEBUG 1188 --- [ChiDaram App] [           main] o.h.e.t.internal.TransactionImpl         : begin
2025-08-24T11:33:08.929+03:30 DEBUG 1188 --- [ChiDaram App] [           main] o.s.orm.jpa.JpaTransactionManager        : Exposing JPA transaction as JDBC [org.springframework.orm.jpa.vendor.HibernateJpaDialect$HibernateConnectionHandle@10742c78]
2025-08-24T11:33:08.968+03:30 DEBUG 1188 --- [ChiDaram App] [           main] org.hibernate.orm.sql.ast.create         : Created new SQL alias : u1_0
2025-08-24T11:33:08.969+03:30 DEBUG 1188 --- [ChiDaram App] [           main] org.hibernate.orm.sql.ast.create         : Registration of TableGroup [StandardTableGroup(com.example.chi_daram.entity.User(217200953974500))] with identifierForTableGroup [com.example.chi_daram.entity.User] for NavigablePath [com.example.chi_daram.entity.User] 
2025-08-24T11:33:08.970+03:30 DEBUG 1188 --- [ChiDaram App] [           main] o.h.q.sqm.sql.BaseSqmToSqlAstConverter   : Determining mapping-model type for SqmParameter : org.hibernate.query.sqm.tree.expression.SqmJpaCriteriaParameterWrapper@1b67ea5f
2025-08-24T11:33:08.971+03:30 DEBUG 1188 --- [ChiDaram App] [           main] o.h.q.sqm.sql.BaseSqmToSqlAstConverter   : Determining mapping-model type for SqmPath : SqmBasicValuedSimplePath(com.example.chi_daram.entity.User(217200953974500).username) 
2025-08-24T11:33:08.974+03:30 DEBUG 1188 --- [ChiDaram App] [           main] org.hibernate.orm.results.graph.AST      : DomainResult Graph:
 \-EntityResultImpl [com.example.chi_daram.entity.User(217200953974500)]
 |  +-BasicFetch [com.example.chi_daram.entity.User(217200953974500).accountNonExpired]
 |  +-BasicFetch [com.example.chi_daram.entity.User(217200953974500).accountNonLocked]
 |  +-BasicFetch [com.example.chi_daram.entity.User(217200953974500).credentialsNonExpired]
 |  +-BasicFetch [com.example.chi_daram.entity.User(217200953974500).description]
 |  +-BasicFetch [com.example.chi_daram.entity.User(217200953974500).enabled]
 |  +-BasicFetch [com.example.chi_daram.entity.User(217200953974500).otpCode]
 |  +-BasicFetch [com.example.chi_daram.entity.User(217200953974500).otpEnabledForLogin]
 |  +-BasicFetch [com.example.chi_daram.entity.User(217200953974500).otpGeneratedTime]
 |  +-BasicFetch [com.example.chi_daram.entity.User(217200953974500).password]
 |  +-BasicFetch [com.example.chi_daram.entity.User(217200953974500).phoneNumber]
 |  +-SelectEagerCollectionFetch [com.example.chi_daram.entity.User(217200953974500).roles]
 |  +-BasicFetch [com.example.chi_daram.entity.User(217200953974500).title]
 |  \-BasicFetch [com.example.chi_daram.entity.User(217200953974500).username]

2025-08-24T11:33:08.974+03:30 DEBUG 1188 --- [ChiDaram App] [           main] org.hibernate.orm.sql.ast.tree           : SQL AST Tree:
    SelectStatement {
      FromClause {
        StandardTableGroup (u1 : com.example.chi_daram.entity.User(217200953974500)) {
          primaryTableReference : "user_security" as u1_0
        }
      }
    }

2025-08-24T11:33:08.975+03:30 DEBUG 1188 --- [ChiDaram App] [           main] org.hibernate.orm.sql.exec               : Skipping reading Query result cache data: cache-enabled = false, cache-mode = NORMAL
2025-08-24T11:33:08.975+03:30 DEBUG 1188 --- [ChiDaram App] [           main] org.hibernate.orm.results                : Initializer list:
	  com.example.chi_daram.entity.User(217200953974500) -> EntityResultInitializer(com.example.chi_daram.entity.User(217200953974500))@706503046 (SingleTableEntityPersister(com.example.chi_daram.entity.User))
	  com.example.chi_daram.entity.User(217200953974500).roles -> SelectEagerCollectionInitializer(com.example.chi_daram.entity.User(217200953974500).roles)@235754376 (PluralAttribute(com.example.chi_daram.entity.User.roles))

2025-08-24T11:33:08.976+03:30 DEBUG 1188 --- [ChiDaram App] [           main] org.hibernate.SQL                        : select u1_0.id,u1_0.account_non_expired,u1_0.account_non_locked,u1_0.credentials_non_expired,u1_0.description,u1_0.enabled,u1_0.otp_code,u1_0.otp_enabled_for_login,u1_0.otp_generated_time,u1_0.password,u1_0.phone_number,u1_0.title,u1_0.username from "user_security" u1_0 where u1_0.username=?
2025-08-24T11:33:08.981+03:30 DEBUG 1188 --- [ChiDaram App] [           main] org.hibernate.orm.sql.ast.create         : Created new SQL alias : u1_0
2025-08-24T11:33:08.982+03:30 DEBUG 1188 --- [ChiDaram App] [           main] org.hibernate.orm.sql.ast.create         : Registration of TableGroup [StandardTableGroup(com.example.chi_daram.entity.User(217200964170300))] with identifierForTableGroup [com.example.chi_daram.entity.User] for NavigablePath [com.example.chi_daram.entity.User] 
2025-08-24T11:33:08.985+03:30 DEBUG 1188 --- [ChiDaram App] [           main] o.h.q.sqm.sql.BaseSqmToSqlAstConverter   : Determining mapping-model type for SqmParameter : org.hibernate.query.sqm.tree.expression.SqmJpaCriteriaParameterWrapper@4179260d
2025-08-24T11:33:08.985+03:30 DEBUG 1188 --- [ChiDaram App] [           main] o.h.q.sqm.sql.BaseSqmToSqlAstConverter   : Determining mapping-model type for SqmPath : SqmBasicValuedSimplePath(com.example.chi_daram.entity.User(217200964170300).phoneNumber) 
2025-08-24T11:33:08.986+03:30 DEBUG 1188 --- [ChiDaram App] [           main] org.hibernate.orm.results.graph.AST      : DomainResult Graph:
 \-EntityResultImpl [com.example.chi_daram.entity.User(217200964170300)]
 |  +-BasicFetch [com.example.chi_daram.entity.User(217200964170300).accountNonExpired]
 |  +-BasicFetch [com.example.chi_daram.entity.User(217200964170300).accountNonLocked]
 |  +-BasicFetch [com.example.chi_daram.entity.User(217200964170300).credentialsNonExpired]
 |  +-BasicFetch [com.example.chi_daram.entity.User(217200964170300).description]
 |  +-BasicFetch [com.example.chi_daram.entity.User(217200964170300).enabled]
 |  +-BasicFetch [com.example.chi_daram.entity.User(217200964170300).otpCode]
 |  +-BasicFetch [com.example.chi_daram.entity.User(217200964170300).otpEnabledForLogin]
 |  +-BasicFetch [com.example.chi_daram.entity.User(217200964170300).otpGeneratedTime]
 |  +-BasicFetch [com.example.chi_daram.entity.User(217200964170300).password]
 |  +-BasicFetch [com.example.chi_daram.entity.User(217200964170300).phoneNumber]
 |  +-SelectEagerCollectionFetch [com.example.chi_daram.entity.User(217200964170300).roles]
 |  +-BasicFetch [com.example.chi_daram.entity.User(217200964170300).title]
 |  \-BasicFetch [com.example.chi_daram.entity.User(217200964170300).username]

2025-08-24T11:33:08.986+03:30 DEBUG 1188 --- [ChiDaram App] [           main] org.hibernate.orm.sql.ast.tree           : SQL AST Tree:
    SelectStatement {
      FromClause {
        StandardTableGroup (u1 : com.example.chi_daram.entity.User(217200964170300)) {
          primaryTableReference : "user_security" as u1_0
        }
      }
    }

2025-08-24T11:33:08.987+03:30 DEBUG 1188 --- [ChiDaram App] [           main] org.hibernate.orm.sql.exec               : Skipping reading Query result cache data: cache-enabled = false, cache-mode = NORMAL
2025-08-24T11:33:08.987+03:30 DEBUG 1188 --- [ChiDaram App] [           main] org.hibernate.orm.results                : Initializer list:
	  com.example.chi_daram.entity.User(217200964170300).roles -> SelectEagerCollectionInitializer(com.example.chi_daram.entity.User(217200964170300).roles)@415904037 (PluralAttribute(com.example.chi_daram.entity.User.roles))
	  com.example.chi_daram.entity.User(217200964170300) -> EntityResultInitializer(com.example.chi_daram.entity.User(217200964170300))@277554559 (SingleTableEntityPersister(com.example.chi_daram.entity.User))

2025-08-24T11:33:08.987+03:30 DEBUG 1188 --- [ChiDaram App] [           main] org.hibernate.SQL                        : select u1_0.id,u1_0.account_non_expired,u1_0.account_non_locked,u1_0.credentials_non_expired,u1_0.description,u1_0.enabled,u1_0.otp_code,u1_0.otp_enabled_for_login,u1_0.otp_generated_time,u1_0.password,u1_0.phone_number,u1_0.title,u1_0.username from "user_security" u1_0 where u1_0.phone_number=?
2025-08-24T11:33:09.269+03:30 DEBUG 1188 --- [ChiDaram App] [           main] o.s.orm.jpa.JpaTransactionManager        : Found thread-bound EntityManager [SessionImpl(874958464<open>)] for JPA transaction
2025-08-24T11:33:09.269+03:30 DEBUG 1188 --- [ChiDaram App] [           main] o.s.orm.jpa.JpaTransactionManager        : Participating in existing transaction
2025-08-24T11:33:09.269+03:30 DEBUG 1188 --- [ChiDaram App] [           main] o.h.j.internal.PersistenceUnitUtilImpl   : jakarta.persistence.PersistenceUnitUtil.getIdentifier is only intended to work with enhanced entities (although Hibernate also adapts this support to its proxies); however the passed entity was not enhanced (nor a proxy).. may not be able to read identifier
2025-08-24T11:33:09.270+03:30 DEBUG 1188 --- [ChiDaram App] [           main] org.hibernate.engine.spi.ActionQueue     : Executing identity-insert immediately
2025-08-24T11:33:09.271+03:30 DEBUG 1188 --- [ChiDaram App] [           main] org.hibernate.SQL                        : insert into "user_security" (account_non_expired,account_non_locked,credentials_non_expired,description,enabled,otp_code,otp_enabled_for_login,otp_generated_time,password,phone_number,title,username) values (?,?,?,?,?,?,?,?,?,?,?,?) returning id
2025-08-24T11:33:09.273+03:30 DEBUG 1188 --- [ChiDaram App] [           main] org.hibernate.orm.results                : Initializer list is empty
2025-08-24T11:33:09.274+03:30 DEBUG 1188 --- [ChiDaram App] [           main] org.hibernate.orm.results.loading        : Calling top-level assembler (0 / 1) : org.hibernate.sql.results.graph.basic.BasicResultAssembler@1ff06f00
2025-08-24T11:33:09.274+03:30 DEBUG 1188 --- [ChiDaram App] [           main] org.hibernate.orm.results                : Extracted JDBC value [0] - [204]
2025-08-24T11:33:09.274+03:30 DEBUG 1188 --- [ChiDaram App] [           main] o.h.id.IdentifierGeneratorHelper         : Extracted generated values [com.example.chi_daram.entity.User]: [Ljava.lang.Object;@1248ac5d
2025-08-24T11:33:09.275+03:30 DEBUG 1188 --- [ChiDaram App] [           main] o.s.orm.jpa.JpaTransactionManager        : Initiating transaction commit
2025-08-24T11:33:09.276+03:30 DEBUG 1188 --- [ChiDaram App] [           main] o.s.orm.jpa.JpaTransactionManager        : Committing JPA transaction on EntityManager [SessionImpl(874958464<open>)]
2025-08-24T11:33:09.276+03:30 DEBUG 1188 --- [ChiDaram App] [           main] o.h.e.t.internal.TransactionImpl         : committing
2025-08-24T11:33:09.276+03:30 DEBUG 1188 --- [ChiDaram App] [           main] o.h.e.i.AbstractFlushingEventListener    : Processing flush-time cascades
2025-08-24T11:33:09.276+03:30 DEBUG 1188 --- [ChiDaram App] [           main] o.h.e.i.AbstractFlushingEventListener    : Dirty checking collections
2025-08-24T11:33:09.277+03:30 DEBUG 1188 --- [ChiDaram App] [           main] o.hibernate.engine.internal.Collections  : Collection found: [com.example.chi_daram.entity.User.roles#204], was: [<unreferenced>] (initialized)
2025-08-24T11:33:09.279+03:30 DEBUG 1188 --- [ChiDaram App] [           main] o.h.e.i.AbstractFlushingEventListener    : Flushed: 0 insertions, 0 updates, 0 deletions to 1 objects
2025-08-24T11:33:09.280+03:30 DEBUG 1188 --- [ChiDaram App] [           main] o.h.e.i.AbstractFlushingEventListener    : Flushed: 1 (re)creations, 0 updates, 0 removals to 1 collections
2025-08-24T11:33:09.280+03:30 DEBUG 1188 --- [ChiDaram App] [           main] o.hibernate.internal.util.EntityPrinter  : Listing entities:
2025-08-24T11:33:09.280+03:30 DEBUG 1188 --- [ChiDaram App] [           main] o.hibernate.internal.util.EntityPrinter  : com.example.chi_daram.entity.User{credentialsNonExpired=true, roles=[USER], otpCode=null, description=Desc, title=Integration Test User, enabled=true, otpGeneratedTime=null, password=$2a$10$z0KU/Orx6ShjQ3zO86e/lueD8CLdT1YLvCHRmtb9P.wEdx48FU7u., phoneNumber=09121234567, otpEnabledForLogin=false, accountNonExpired=true, id=204, accountNonLocked=true, username=testuser_int}
2025-08-24T11:33:09.280+03:30 DEBUG 1188 --- [ChiDaram App] [           main] org.hibernate.orm.jdbc.mutation          : Inserting collection rows - com.example.chi_daram.entity.User.roles : 204
2025-08-24T11:33:09.281+03:30 DEBUG 1188 --- [ChiDaram App] [           main] org.hibernate.SQL                        : insert into user_roles (user_id,role) values (?,?)
2025-08-24T11:33:09.283+03:30 DEBUG 1188 --- [ChiDaram App] [           main] org.hibernate.orm.jdbc.mutation          : Done inserting `1` collection rows : com.example.chi_daram.entity.User.roles
2025-08-24T11:33:09.285+03:30 DEBUG 1188 --- [ChiDaram App] [           main] o.s.orm.jpa.JpaTransactionManager        : Closing JPA EntityManager [SessionImpl(874958464<open>)] after transaction
2025-08-24T11:33:09.302+03:30 DEBUG 1188 --- [ChiDaram App] [           main] tor$SharedEntityManagerInvocationHandler : Creating new EntityManager for shared EntityManager invocation
2025-08-24T11:33:09.304+03:30 DEBUG 1188 --- [ChiDaram App] [           main] org.hibernate.orm.sql.ast.create         : Created new SQL alias : u1_0
2025-08-24T11:33:09.304+03:30 DEBUG 1188 --- [ChiDaram App] [           main] org.hibernate.orm.sql.ast.create         : Registration of TableGroup [StandardTableGroup(com.example.chi_daram.entity.User(217200953974500))] with identifierForTableGroup [com.example.chi_daram.entity.User] for NavigablePath [com.example.chi_daram.entity.User] 
2025-08-24T11:33:09.307+03:30 DEBUG 1188 --- [ChiDaram App] [           main] o.h.q.sqm.sql.BaseSqmToSqlAstConverter   : Determining mapping-model type for SqmParameter : org.hibernate.query.sqm.tree.expression.SqmJpaCriteriaParameterWrapper@21e58e9a
2025-08-24T11:33:09.307+03:30 DEBUG 1188 --- [ChiDaram App] [           main] o.h.q.sqm.sql.BaseSqmToSqlAstConverter   : Determining mapping-model type for SqmPath : SqmBasicValuedSimplePath(com.example.chi_daram.entity.User(217200953974500).username) 
2025-08-24T11:33:09.309+03:30 DEBUG 1188 --- [ChiDaram App] [           main] org.hibernate.orm.results.graph.AST      : DomainResult Graph:
 \-EntityResultImpl [com.example.chi_daram.entity.User(217200953974500)]
 |  +-BasicFetch [com.example.chi_daram.entity.User(217200953974500).accountNonExpired]
 |  +-BasicFetch [com.example.chi_daram.entity.User(217200953974500).accountNonLocked]
 |  +-BasicFetch [com.example.chi_daram.entity.User(217200953974500).credentialsNonExpired]
 |  +-BasicFetch [com.example.chi_daram.entity.User(217200953974500).description]
 |  +-BasicFetch [com.example.chi_daram.entity.User(217200953974500).enabled]
 |  +-BasicFetch [com.example.chi_daram.entity.User(217200953974500).otpCode]
 |  +-BasicFetch [com.example.chi_daram.entity.User(217200953974500).otpEnabledForLogin]
 |  +-BasicFetch [com.example.chi_daram.entity.User(217200953974500).otpGeneratedTime]
 |  +-BasicFetch [com.example.chi_daram.entity.User(217200953974500).password]
 |  +-BasicFetch [com.example.chi_daram.entity.User(217200953974500).phoneNumber]
 |  +-SelectEagerCollectionFetch [com.example.chi_daram.entity.User(217200953974500).roles]
 |  +-BasicFetch [com.example.chi_daram.entity.User(217200953974500).title]
 |  \-BasicFetch [com.example.chi_daram.entity.User(217200953974500).username]

2025-08-24T11:33:09.310+03:30 DEBUG 1188 --- [ChiDaram App] [           main] org.hibernate.orm.sql.ast.tree           : SQL AST Tree:
    SelectStatement {
      FromClause {
        StandardTableGroup (u1 : com.example.chi_daram.entity.User(217200953974500)) {
          primaryTableReference : "user_security" as u1_0
        }
      }
    }

2025-08-24T11:33:09.311+03:30 DEBUG 1188 --- [ChiDaram App] [           main] org.hibernate.orm.sql.exec               : Skipping reading Query result cache data: cache-enabled = false, cache-mode = NORMAL
2025-08-24T11:33:09.312+03:30 DEBUG 1188 --- [ChiDaram App] [           main] org.hibernate.orm.results                : Initializer list:
	  com.example.chi_daram.entity.User(217200953974500) -> EntityResultInitializer(com.example.chi_daram.entity.User(217200953974500))@1161734134 (SingleTableEntityPersister(com.example.chi_daram.entity.User))
	  com.example.chi_daram.entity.User(217200953974500).roles -> SelectEagerCollectionInitializer(com.example.chi_daram.entity.User(217200953974500).roles)@1218601109 (PluralAttribute(com.example.chi_daram.entity.User.roles))

2025-08-24T11:33:09.312+03:30 DEBUG 1188 --- [ChiDaram App] [           main] org.hibernate.SQL                        : select u1_0.id,u1_0.account_non_expired,u1_0.account_non_locked,u1_0.credentials_non_expired,u1_0.description,u1_0.enabled,u1_0.otp_code,u1_0.otp_enabled_for_login,u1_0.otp_generated_time,u1_0.password,u1_0.phone_number,u1_0.title,u1_0.username from "user_security" u1_0 where u1_0.username=?
2025-08-24T11:33:09.313+03:30 DEBUG 1188 --- [ChiDaram App] [           main] org.hibernate.orm.results                : Extracted JDBC value [0] - [204]
2025-08-24T11:33:09.314+03:30 DEBUG 1188 --- [ChiDaram App] [           main] o.hibernate.orm.results.loading.entity   : (EntityResultInitializer) Hydrated EntityKey (com.example.chi_daram.entity.User(217200953974500)): 204
2025-08-24T11:33:09.314+03:30 DEBUG 1188 --- [ChiDaram App] [           main] o.h.o.r.l.o.h.o.r.loading.collection     : (SelectEagerCollectionInitializer) Current row collection key : com.example.chi_daram.entity.User(217200953974500).roles#204
2025-08-24T11:33:09.314+03:30 DEBUG 1188 --- [ChiDaram App] [           main] o.hibernate.orm.results.loading.entity   : (EntityResultInitializer) Created new entity instance [com.example.chi_daram.entity.User(217200953974500)#204] : 1717332877
2025-08-24T11:33:09.314+03:30 DEBUG 1188 --- [ChiDaram App] [           main] org.hibernate.orm.results                : Extracted JDBC value [1] - [true]
2025-08-24T11:33:09.314+03:30 DEBUG 1188 --- [ChiDaram App] [           main] org.hibernate.orm.results                : Extracted JDBC value [2] - [true]
2025-08-24T11:33:09.314+03:30 DEBUG 1188 --- [ChiDaram App] [           main] org.hibernate.orm.results                : Extracted JDBC value [3] - [true]
2025-08-24T11:33:09.314+03:30 DEBUG 1188 --- [ChiDaram App] [           main] org.hibernate.orm.results                : Extracted JDBC value [4] - [Desc]
2025-08-24T11:33:09.314+03:30 DEBUG 1188 --- [ChiDaram App] [           main] org.hibernate.orm.results                : Extracted JDBC value [5] - [true]
2025-08-24T11:33:09.314+03:30 DEBUG 1188 --- [ChiDaram App] [           main] org.hibernate.orm.results                : Extracted JDBC value [6] - [null]
2025-08-24T11:33:09.314+03:30 DEBUG 1188 --- [ChiDaram App] [           main] org.hibernate.orm.results                : Extracted JDBC value [7] - [false]
2025-08-24T11:33:09.314+03:30 DEBUG 1188 --- [ChiDaram App] [           main] org.hibernate.orm.results                : Extracted JDBC value [8] - [null]
2025-08-24T11:33:09.314+03:30 DEBUG 1188 --- [ChiDaram App] [           main] org.hibernate.orm.results                : Extracted JDBC value [9] - [$2a$10$z0KU/Orx6ShjQ3zO86e/lueD8CLdT1YLvCHRmtb9P.wEdx48FU7u.]
2025-08-24T11:33:09.314+03:30 DEBUG 1188 --- [ChiDaram App] [           main] org.hibernate.orm.results                : Extracted JDBC value [10] - [09121234567]
2025-08-24T11:33:09.315+03:30 DEBUG 1188 --- [ChiDaram App] [           main] org.hibernate.orm.results                : Extracted JDBC value [11] - [Integration Test User]
2025-08-24T11:33:09.315+03:30 DEBUG 1188 --- [ChiDaram App] [           main] org.hibernate.orm.results                : Extracted JDBC value [12] - [testuser_int]
2025-08-24T11:33:09.315+03:30 DEBUG 1188 --- [ChiDaram App] [           main] o.hibernate.orm.results.loading.entity   : (EntityResultInitializer) Done materializing entityInstance : com.example.chi_daram.entity.User(217200953974500)#204
2025-08-24T11:33:09.315+03:30 DEBUG 1188 --- [ChiDaram App] [           main] org.hibernate.orm.results.loading        : Calling top-level assembler (0 / 1) : org.hibernate.sql.results.graph.entity.internal.EntityAssembler@3645b9d5
2025-08-24T11:33:09.317+03:30 DEBUG 1188 --- [ChiDaram App] [           main] org.hibernate.orm.sql.exec               : Skipping reading Query result cache data: cache-enabled = false, cache-mode = IGNORE
2025-08-24T11:33:09.317+03:30 DEBUG 1188 --- [ChiDaram App] [           main] org.hibernate.orm.results                : Initializer list:
	  com.example.chi_daram.entity.User.roles -> SetInitializer(com.example.chi_daram.entity.User.roles)@187170899 (PluralAttribute(com.example.chi_daram.entity.User.roles))

2025-08-24T11:33:09.317+03:30 DEBUG 1188 --- [ChiDaram App] [           main] org.hibernate.SQL                        : select r1_0.user_id,r1_0.role from user_roles r1_0 where r1_0.user_id=?
2025-08-24T11:33:09.319+03:30 DEBUG 1188 --- [ChiDaram App] [           main] org.hibernate.orm.results                : Extracted JDBC value [0] - [204]
2025-08-24T11:33:09.319+03:30 DEBUG 1188 --- [ChiDaram App] [           main] o.h.o.r.l.o.h.o.r.loading.collection     : (SetInitializer) Current row collection key : com.example.chi_daram.entity.User.roles#204
2025-08-24T11:33:09.319+03:30 DEBUG 1188 --- [ChiDaram App] [           main] o.h.o.r.l.o.h.o.r.loading.collection     : (SetInitializer) Responsible for loading collection [com.example.chi_daram.entity.User.roles#204] : org.hibernate.collection.spi.PersistentSet@1033967899
2025-08-24T11:33:09.319+03:30 DEBUG 1188 --- [ChiDaram App] [           main] o.h.o.r.l.o.h.o.r.loading.collection     : (SetInitializer) Reading element from row for collection [com.example.chi_daram.entity.User.roles#204] -> org.hibernate.collection.spi.PersistentSet@1033967899
2025-08-24T11:33:09.319+03:30 DEBUG 1188 --- [ChiDaram App] [           main] org.hibernate.orm.results                : Extracted JDBC value [1] - [USER]
2025-08-24T11:33:09.320+03:30 DEBUG 1188 --- [ChiDaram App] [           main] org.hibernate.orm.results.loading        : Calling top-level assembler (0 / 1) : org.hibernate.sql.results.graph.collection.internal.CollectionAssembler@20e1361d
2025-08-24T11:33:09.320+03:30 DEBUG 1188 --- [ChiDaram App] [           main] o.h.sql.results.internal.ResultsHelper   : Collection fully initialized: [com.example.chi_daram.entity.User.roles#204]
2025-08-24T11:33:09.489+03:30 DEBUG 1188 --- [ChiDaram App] [           main] o.s.orm.jpa.JpaTransactionManager        : Creating new transaction with name [com.example.chi_daram.service.impl.UserServiceImpl.getUserByUsername]: PROPAGATION_REQUIRED,ISOLATION_DEFAULT,readOnly
2025-08-24T11:33:09.490+03:30 DEBUG 1188 --- [ChiDaram App] [           main] o.s.orm.jpa.JpaTransactionManager        : Opened new EntityManager [SessionImpl(1795199178<open>)] for JPA transaction
2025-08-24T11:33:09.490+03:30 DEBUG 1188 --- [ChiDaram App] [           main] o.h.e.t.internal.TransactionImpl         : On TransactionImpl creation, JpaCompliance#isJpaTransactionComplianceEnabled == false
2025-08-24T11:33:09.490+03:30 DEBUG 1188 --- [ChiDaram App] [           main] o.h.e.t.internal.TransactionImpl         : begin
2025-08-24T11:33:09.490+03:30 DEBUG 1188 --- [ChiDaram App] [           main] o.s.orm.jpa.JpaTransactionManager        : Exposing JPA transaction as JDBC [org.springframework.orm.jpa.vendor.HibernateJpaDialect$HibernateConnectionHandle@d5ef7c0]
2025-08-24T11:33:09.492+03:30 DEBUG 1188 --- [ChiDaram App] [           main] org.hibernate.orm.sql.ast.create         : Created new SQL alias : u1_0
2025-08-24T11:33:09.492+03:30 DEBUG 1188 --- [ChiDaram App] [           main] org.hibernate.orm.sql.ast.create         : Registration of TableGroup [StandardTableGroup(com.example.chi_daram.entity.User(217200953974500))] with identifierForTableGroup [com.example.chi_daram.entity.User] for NavigablePath [com.example.chi_daram.entity.User] 
2025-08-24T11:33:09.493+03:30 DEBUG 1188 --- [ChiDaram App] [           main] o.h.q.sqm.sql.BaseSqmToSqlAstConverter   : Determining mapping-model type for SqmParameter : org.hibernate.query.sqm.tree.expression.SqmJpaCriteriaParameterWrapper@3b44d95f
2025-08-24T11:33:09.493+03:30 DEBUG 1188 --- [ChiDaram App] [           main] o.h.q.sqm.sql.BaseSqmToSqlAstConverter   : Determining mapping-model type for SqmPath : SqmBasicValuedSimplePath(com.example.chi_daram.entity.User(217200953974500).username) 
2025-08-24T11:33:09.494+03:30 DEBUG 1188 --- [ChiDaram App] [           main] org.hibernate.orm.results.graph.AST      : DomainResult Graph:
 \-EntityResultImpl [com.example.chi_daram.entity.User(217200953974500)]
 |  +-BasicFetch [com.example.chi_daram.entity.User(217200953974500).accountNonExpired]
 |  +-BasicFetch [com.example.chi_daram.entity.User(217200953974500).accountNonLocked]
 |  +-BasicFetch [com.example.chi_daram.entity.User(217200953974500).credentialsNonExpired]
 |  +-BasicFetch [com.example.chi_daram.entity.User(217200953974500).description]
 |  +-BasicFetch [com.example.chi_daram.entity.User(217200953974500).enabled]
 |  +-BasicFetch [com.example.chi_daram.entity.User(217200953974500).otpCode]
 |  +-BasicFetch [com.example.chi_daram.entity.User(217200953974500).otpEnabledForLogin]
 |  +-BasicFetch [com.example.chi_daram.entity.User(217200953974500).otpGeneratedTime]
 |  +-BasicFetch [com.example.chi_daram.entity.User(217200953974500).password]
 |  +-BasicFetch [com.example.chi_daram.entity.User(217200953974500).phoneNumber]
 |  +-SelectEagerCollectionFetch [com.example.chi_daram.entity.User(217200953974500).roles]
 |  +-BasicFetch [com.example.chi_daram.entity.User(217200953974500).title]
 |  \-BasicFetch [com.example.chi_daram.entity.User(217200953974500).username]

2025-08-24T11:33:09.494+03:30 DEBUG 1188 --- [ChiDaram App] [           main] org.hibernate.orm.sql.ast.tree           : SQL AST Tree:
    SelectStatement {
      FromClause {
        StandardTableGroup (u1 : com.example.chi_daram.entity.User(217200953974500)) {
          primaryTableReference : "user_security" as u1_0
        }
      }
    }

2025-08-24T11:33:09.494+03:30 DEBUG 1188 --- [ChiDaram App] [           main] org.hibernate.orm.sql.exec               : Skipping reading Query result cache data: cache-enabled = false, cache-mode = NORMAL
2025-08-24T11:33:09.495+03:30 DEBUG 1188 --- [ChiDaram App] [           main] org.hibernate.orm.results                : Initializer list:
	  com.example.chi_daram.entity.User(217200953974500) -> EntityResultInitializer(com.example.chi_daram.entity.User(217200953974500))@131009844 (SingleTableEntityPersister(com.example.chi_daram.entity.User))
	  com.example.chi_daram.entity.User(217200953974500).roles -> SelectEagerCollectionInitializer(com.example.chi_daram.entity.User(217200953974500).roles)@442282675 (PluralAttribute(com.example.chi_daram.entity.User.roles))

2025-08-24T11:33:09.495+03:30 DEBUG 1188 --- [ChiDaram App] [           main] org.hibernate.SQL                        : select u1_0.id,u1_0.account_non_expired,u1_0.account_non_locked,u1_0.credentials_non_expired,u1_0.description,u1_0.enabled,u1_0.otp_code,u1_0.otp_enabled_for_login,u1_0.otp_generated_time,u1_0.password,u1_0.phone_number,u1_0.title,u1_0.username from "user_security" u1_0 where u1_0.username=?
2025-08-24T11:33:09.497+03:30 DEBUG 1188 --- [ChiDaram App] [           main] org.hibernate.orm.results                : Extracted JDBC value [0] - [204]
2025-08-24T11:33:09.497+03:30 DEBUG 1188 --- [ChiDaram App] [           main] o.hibernate.orm.results.loading.entity   : (EntityResultInitializer) Hydrated EntityKey (com.example.chi_daram.entity.User(217200953974500)): 204
2025-08-24T11:33:09.497+03:30 DEBUG 1188 --- [ChiDaram App] [           main] o.h.o.r.l.o.h.o.r.loading.collection     : (SelectEagerCollectionInitializer) Current row collection key : com.example.chi_daram.entity.User(217200953974500).roles#204
2025-08-24T11:33:09.497+03:30 DEBUG 1188 --- [ChiDaram App] [           main] o.hibernate.orm.results.loading.entity   : (EntityResultInitializer) Created new entity instance [com.example.chi_daram.entity.User(217200953974500)#204] : 1080776485
2025-08-24T11:33:09.499+03:30 DEBUG 1188 --- [ChiDaram App] [           main] org.hibernate.orm.results                : Extracted JDBC value [1] - [true]
2025-08-24T11:33:09.499+03:30 DEBUG 1188 --- [ChiDaram App] [           main] org.hibernate.orm.results                : Extracted JDBC value [2] - [true]
2025-08-24T11:33:09.499+03:30 DEBUG 1188 --- [ChiDaram App] [           main] org.hibernate.orm.results                : Extracted JDBC value [3] - [true]
2025-08-24T11:33:09.499+03:30 DEBUG 1188 --- [ChiDaram App] [           main] org.hibernate.orm.results                : Extracted JDBC value [4] - [Desc]
2025-08-24T11:33:09.499+03:30 DEBUG 1188 --- [ChiDaram App] [           main] org.hibernate.orm.results                : Extracted JDBC value [5] - [true]
2025-08-24T11:33:09.499+03:30 DEBUG 1188 --- [ChiDaram App] [           main] org.hibernate.orm.results                : Extracted JDBC value [6] - [null]
2025-08-24T11:33:09.499+03:30 DEBUG 1188 --- [ChiDaram App] [           main] org.hibernate.orm.results                : Extracted JDBC value [7] - [false]
2025-08-24T11:33:09.499+03:30 DEBUG 1188 --- [ChiDaram App] [           main] org.hibernate.orm.results                : Extracted JDBC value [8] - [null]
2025-08-24T11:33:09.499+03:30 DEBUG 1188 --- [ChiDaram App] [           main] org.hibernate.orm.results                : Extracted JDBC value [9] - [$2a$10$z0KU/Orx6ShjQ3zO86e/lueD8CLdT1YLvCHRmtb9P.wEdx48FU7u.]
2025-08-24T11:33:09.499+03:30 DEBUG 1188 --- [ChiDaram App] [           main] org.hibernate.orm.results                : Extracted JDBC value [10] - [09121234567]
2025-08-24T11:33:09.500+03:30 DEBUG 1188 --- [ChiDaram App] [           main] org.hibernate.orm.results                : Extracted JDBC value [11] - [Integration Test User]
2025-08-24T11:33:09.500+03:30 DEBUG 1188 --- [ChiDaram App] [           main] org.hibernate.orm.results                : Extracted JDBC value [12] - [testuser_int]
2025-08-24T11:33:09.500+03:30 DEBUG 1188 --- [ChiDaram App] [           main] o.hibernate.orm.results.loading.entity   : (EntityResultInitializer) Done materializing entityInstance : com.example.chi_daram.entity.User(217200953974500)#204
2025-08-24T11:33:09.500+03:30 DEBUG 1188 --- [ChiDaram App] [           main] org.hibernate.orm.results.loading        : Calling top-level assembler (0 / 1) : org.hibernate.sql.results.graph.entity.internal.EntityAssembler@2ecc303c
2025-08-24T11:33:09.501+03:30 DEBUG 1188 --- [ChiDaram App] [           main] org.hibernate.orm.sql.exec               : Skipping reading Query result cache data: cache-enabled = false, cache-mode = IGNORE
2025-08-24T11:33:09.501+03:30 DEBUG 1188 --- [ChiDaram App] [           main] org.hibernate.orm.results                : Initializer list:
	  com.example.chi_daram.entity.User.roles -> SetInitializer(com.example.chi_daram.entity.User.roles)@59360804 (PluralAttribute(com.example.chi_daram.entity.User.roles))

2025-08-24T11:33:09.501+03:30 DEBUG 1188 --- [ChiDaram App] [           main] org.hibernate.SQL                        : select r1_0.user_id,r1_0.role from user_roles r1_0 where r1_0.user_id=?
2025-08-24T11:33:09.503+03:30 DEBUG 1188 --- [ChiDaram App] [           main] org.hibernate.orm.results                : Extracted JDBC value [0] - [204]
2025-08-24T11:33:09.503+03:30 DEBUG 1188 --- [ChiDaram App] [           main] o.h.o.r.l.o.h.o.r.loading.collection     : (SetInitializer) Current row collection key : com.example.chi_daram.entity.User.roles#204
2025-08-24T11:33:09.503+03:30 DEBUG 1188 --- [ChiDaram App] [           main] o.h.o.r.l.o.h.o.r.loading.collection     : (SetInitializer) Responsible for loading collection [com.example.chi_daram.entity.User.roles#204] : org.hibernate.collection.spi.PersistentSet@1071496369
2025-08-24T11:33:09.503+03:30 DEBUG 1188 --- [ChiDaram App] [           main] o.h.o.r.l.o.h.o.r.loading.collection     : (SetInitializer) Reading element from row for collection [com.example.chi_daram.entity.User.roles#204] -> org.hibernate.collection.spi.PersistentSet@1071496369
2025-08-24T11:33:09.503+03:30 DEBUG 1188 --- [ChiDaram App] [           main] org.hibernate.orm.results                : Extracted JDBC value [1] - [USER]
2025-08-24T11:33:09.503+03:30 DEBUG 1188 --- [ChiDaram App] [           main] org.hibernate.orm.results.loading        : Calling top-level assembler (0 / 1) : org.hibernate.sql.results.graph.collection.internal.CollectionAssembler@4a9e03b
2025-08-24T11:33:09.505+03:30 DEBUG 1188 --- [ChiDaram App] [           main] o.h.sql.results.internal.ResultsHelper   : Collection fully initialized: [com.example.chi_daram.entity.User.roles#204]
2025-08-24T11:33:09.505+03:30 DEBUG 1188 --- [ChiDaram App] [           main] o.s.orm.jpa.JpaTransactionManager        : Initiating transaction commit
2025-08-24T11:33:09.506+03:30 DEBUG 1188 --- [ChiDaram App] [           main] o.s.orm.jpa.JpaTransactionManager        : Committing JPA transaction on EntityManager [SessionImpl(1795199178<open>)]
2025-08-24T11:33:09.506+03:30 DEBUG 1188 --- [ChiDaram App] [           main] o.h.e.t.internal.TransactionImpl         : committing
2025-08-24T11:33:09.507+03:30 DEBUG 1188 --- [ChiDaram App] [           main] o.s.orm.jpa.JpaTransactionManager        : Closing JPA EntityManager [SessionImpl(1795199178<open>)] after transaction
2025-08-24T11:33:09.518+03:30 DEBUG 1188 --- [ChiDaram App] [           main] tor$SharedEntityManagerInvocationHandler : Creating new EntityManager for shared EntityManager invocation
2025-08-24T11:33:09.520+03:30 DEBUG 1188 --- [ChiDaram App] [           main] org.hibernate.orm.sql.ast.create         : Created new SQL alias : u1_0
2025-08-24T11:33:09.520+03:30 DEBUG 1188 --- [ChiDaram App] [           main] org.hibernate.orm.sql.ast.create         : Registration of TableGroup [StandardTableGroup(com.example.chi_daram.entity.User(217200953974500))] with identifierForTableGroup [com.example.chi_daram.entity.User] for NavigablePath [com.example.chi_daram.entity.User] 
2025-08-24T11:33:09.521+03:30 DEBUG 1188 --- [ChiDaram App] [           main] o.h.q.sqm.sql.BaseSqmToSqlAstConverter   : Determining mapping-model type for SqmParameter : org.hibernate.query.sqm.tree.expression.SqmJpaCriteriaParameterWrapper@495cae6c
2025-08-24T11:33:09.521+03:30 DEBUG 1188 --- [ChiDaram App] [           main] o.h.q.sqm.sql.BaseSqmToSqlAstConverter   : Determining mapping-model type for SqmPath : SqmBasicValuedSimplePath(com.example.chi_daram.entity.User(217200953974500).username) 
2025-08-24T11:33:09.522+03:30 DEBUG 1188 --- [ChiDaram App] [           main] org.hibernate.orm.results.graph.AST      : DomainResult Graph:
 \-EntityResultImpl [com.example.chi_daram.entity.User(217200953974500)]
 |  +-BasicFetch [com.example.chi_daram.entity.User(217200953974500).accountNonExpired]
 |  +-BasicFetch [com.example.chi_daram.entity.User(217200953974500).accountNonLocked]
 |  +-BasicFetch [com.example.chi_daram.entity.User(217200953974500).credentialsNonExpired]
 |  +-BasicFetch [com.example.chi_daram.entity.User(217200953974500).description]
 |  +-BasicFetch [com.example.chi_daram.entity.User(217200953974500).enabled]
 |  +-BasicFetch [com.example.chi_daram.entity.User(217200953974500).otpCode]
 |  +-BasicFetch [com.example.chi_daram.entity.User(217200953974500).otpEnabledForLogin]
 |  +-BasicFetch [com.example.chi_daram.entity.User(217200953974500).otpGeneratedTime]
 |  +-BasicFetch [com.example.chi_daram.entity.User(217200953974500).password]
 |  +-BasicFetch [com.example.chi_daram.entity.User(217200953974500).phoneNumber]
 |  +-SelectEagerCollectionFetch [com.example.chi_daram.entity.User(217200953974500).roles]
 |  +-BasicFetch [com.example.chi_daram.entity.User(217200953974500).title]
 |  \-BasicFetch [com.example.chi_daram.entity.User(217200953974500).username]

2025-08-24T11:33:09.522+03:30 DEBUG 1188 --- [ChiDaram App] [           main] org.hibernate.orm.sql.ast.tree           : SQL AST Tree:
    SelectStatement {
      FromClause {
        StandardTableGroup (u1 : com.example.chi_daram.entity.User(217200953974500)) {
          primaryTableReference : "user_security" as u1_0
        }
      }
    }

2025-08-24T11:33:09.523+03:30 DEBUG 1188 --- [ChiDaram App] [           main] org.hibernate.orm.sql.exec               : Skipping reading Query result cache data: cache-enabled = false, cache-mode = NORMAL
2025-08-24T11:33:09.523+03:30 DEBUG 1188 --- [ChiDaram App] [           main] org.hibernate.orm.results                : Initializer list:
	  com.example.chi_daram.entity.User(217200953974500) -> EntityResultInitializer(com.example.chi_daram.entity.User(217200953974500))@2803085 (SingleTableEntityPersister(com.example.chi_daram.entity.User))
	  com.example.chi_daram.entity.User(217200953974500).roles -> SelectEagerCollectionInitializer(com.example.chi_daram.entity.User(217200953974500).roles)@740897834 (PluralAttribute(com.example.chi_daram.entity.User.roles))

2025-08-24T11:33:09.523+03:30 DEBUG 1188 --- [ChiDaram App] [           main] org.hibernate.SQL                        : select u1_0.id,u1_0.account_non_expired,u1_0.account_non_locked,u1_0.credentials_non_expired,u1_0.description,u1_0.enabled,u1_0.otp_code,u1_0.otp_enabled_for_login,u1_0.otp_generated_time,u1_0.password,u1_0.phone_number,u1_0.title,u1_0.username from "user_security" u1_0 where u1_0.username=?
2025-08-24T11:33:09.525+03:30 DEBUG 1188 --- [ChiDaram App] [           main] org.hibernate.orm.results                : Extracted JDBC value [0] - [204]
2025-08-24T11:33:09.525+03:30 DEBUG 1188 --- [ChiDaram App] [           main] o.hibernate.orm.results.loading.entity   : (EntityResultInitializer) Hydrated EntityKey (com.example.chi_daram.entity.User(217200953974500)): 204
2025-08-24T11:33:09.525+03:30 DEBUG 1188 --- [ChiDaram App] [           main] o.h.o.r.l.o.h.o.r.loading.collection     : (SelectEagerCollectionInitializer) Current row collection key : com.example.chi_daram.entity.User(217200953974500).roles#204
2025-08-24T11:33:09.525+03:30 DEBUG 1188 --- [ChiDaram App] [           main] o.hibernate.orm.results.loading.entity   : (EntityResultInitializer) Created new entity instance [com.example.chi_daram.entity.User(217200953974500)#204] : 495818759
2025-08-24T11:33:09.525+03:30 DEBUG 1188 --- [ChiDaram App] [           main] org.hibernate.orm.results                : Extracted JDBC value [1] - [true]
2025-08-24T11:33:09.525+03:30 DEBUG 1188 --- [ChiDaram App] [           main] org.hibernate.orm.results                : Extracted JDBC value [2] - [true]
2025-08-24T11:33:09.526+03:30 DEBUG 1188 --- [ChiDaram App] [           main] org.hibernate.orm.results                : Extracted JDBC value [3] - [true]
2025-08-24T11:33:09.526+03:30 DEBUG 1188 --- [ChiDaram App] [           main] org.hibernate.orm.results                : Extracted JDBC value [4] - [Desc]
2025-08-24T11:33:09.526+03:30 DEBUG 1188 --- [ChiDaram App] [           main] org.hibernate.orm.results                : Extracted JDBC value [5] - [true]
2025-08-24T11:33:09.526+03:30 DEBUG 1188 --- [ChiDaram App] [           main] org.hibernate.orm.results                : Extracted JDBC value [6] - [null]
2025-08-24T11:33:09.526+03:30 DEBUG 1188 --- [ChiDaram App] [           main] org.hibernate.orm.results                : Extracted JDBC value [7] - [false]
2025-08-24T11:33:09.526+03:30 DEBUG 1188 --- [ChiDaram App] [           main] org.hibernate.orm.results                : Extracted JDBC value [8] - [null]
2025-08-24T11:33:09.526+03:30 DEBUG 1188 --- [ChiDaram App] [           main] org.hibernate.orm.results                : Extracted JDBC value [9] - [$2a$10$z0KU/Orx6ShjQ3zO86e/lueD8CLdT1YLvCHRmtb9P.wEdx48FU7u.]
2025-08-24T11:33:09.527+03:30 DEBUG 1188 --- [ChiDaram App] [           main] org.hibernate.orm.results                : Extracted JDBC value [10] - [09121234567]
2025-08-24T11:33:09.527+03:30 DEBUG 1188 --- [ChiDaram App] [           main] org.hibernate.orm.results                : Extracted JDBC value [11] - [Integration Test User]
2025-08-24T11:33:09.527+03:30 DEBUG 1188 --- [ChiDaram App] [           main] org.hibernate.orm.results                : Extracted JDBC value [12] - [testuser_int]
2025-08-24T11:33:09.527+03:30 DEBUG 1188 --- [ChiDaram App] [           main] o.hibernate.orm.results.loading.entity   : (EntityResultInitializer) Done materializing entityInstance : com.example.chi_daram.entity.User(217200953974500)#204
2025-08-24T11:33:09.527+03:30 DEBUG 1188 --- [ChiDaram App] [           main] org.hibernate.orm.results.loading        : Calling top-level assembler (0 / 1) : org.hibernate.sql.results.graph.entity.internal.EntityAssembler@25832704
2025-08-24T11:33:09.528+03:30 DEBUG 1188 --- [ChiDaram App] [           main] org.hibernate.orm.sql.exec               : Skipping reading Query result cache data: cache-enabled = false, cache-mode = IGNORE
2025-08-24T11:33:09.528+03:30 DEBUG 1188 --- [ChiDaram App] [           main] org.hibernate.orm.results                : Initializer list:
	  com.example.chi_daram.entity.User.roles -> SetInitializer(com.example.chi_daram.entity.User.roles)@128874162 (PluralAttribute(com.example.chi_daram.entity.User.roles))

2025-08-24T11:33:09.529+03:30 DEBUG 1188 --- [ChiDaram App] [           main] org.hibernate.SQL                        : select r1_0.user_id,r1_0.role from user_roles r1_0 where r1_0.user_id=?
2025-08-24T11:33:09.532+03:30 DEBUG 1188 --- [ChiDaram App] [           main] org.hibernate.orm.results                : Extracted JDBC value [0] - [204]
2025-08-24T11:33:09.533+03:30 DEBUG 1188 --- [ChiDaram App] [           main] o.h.o.r.l.o.h.o.r.loading.collection     : (SetInitializer) Current row collection key : com.example.chi_daram.entity.User.roles#204
2025-08-24T11:33:09.533+03:30 DEBUG 1188 --- [ChiDaram App] [           main] o.h.o.r.l.o.h.o.r.loading.collection     : (SetInitializer) Responsible for loading collection [com.example.chi_daram.entity.User.roles#204] : org.hibernate.collection.spi.PersistentSet@2027976696
2025-08-24T11:33:09.533+03:30 DEBUG 1188 --- [ChiDaram App] [           main] o.h.o.r.l.o.h.o.r.loading.collection     : (SetInitializer) Reading element from row for collection [com.example.chi_daram.entity.User.roles#204] -> org.hibernate.collection.spi.PersistentSet@2027976696
2025-08-24T11:33:09.534+03:30 DEBUG 1188 --- [ChiDaram App] [           main] org.hibernate.orm.results                : Extracted JDBC value [1] - [USER]
2025-08-24T11:33:09.534+03:30 DEBUG 1188 --- [ChiDaram App] [           main] org.hibernate.orm.results.loading        : Calling top-level assembler (0 / 1) : org.hibernate.sql.results.graph.collection.internal.CollectionAssembler@3131c0d8
2025-08-24T11:33:09.534+03:30 DEBUG 1188 --- [ChiDaram App] [           main] o.h.sql.results.internal.ResultsHelper   : Collection fully initialized: [com.example.chi_daram.entity.User.roles#204]
2025-08-24T11:33:09.545+03:30 DEBUG 1188 --- [ChiDaram App] [           main] tor$SharedEntityManagerInvocationHandler : Creating new EntityManager for shared EntityManager invocation
2025-08-24T11:33:09.558+03:30 DEBUG 1188 --- [ChiDaram App] [           main] org.hibernate.orm.sql.ast.create         : Created new SQL alias : u1_0
2025-08-24T11:33:09.558+03:30 DEBUG 1188 --- [ChiDaram App] [           main] org.hibernate.orm.sql.ast.create         : Registration of TableGroup [StandardTableGroup(com.example.chi_daram.entity.User(217200953974500))] with identifierForTableGroup [com.example.chi_daram.entity.User] for NavigablePath [com.example.chi_daram.entity.User] 
2025-08-24T11:33:09.560+03:30 DEBUG 1188 --- [ChiDaram App] [           main] o.h.q.sqm.sql.BaseSqmToSqlAstConverter   : Determining mapping-model type for SqmParameter : org.hibernate.query.sqm.tree.expression.SqmJpaCriteriaParameterWrapper@45de2baa
2025-08-24T11:33:09.560+03:30 DEBUG 1188 --- [ChiDaram App] [           main] o.h.q.sqm.sql.BaseSqmToSqlAstConverter   : Determining mapping-model type for SqmPath : SqmBasicValuedSimplePath(com.example.chi_daram.entity.User(217200953974500).username) 
2025-08-24T11:33:09.560+03:30 DEBUG 1188 --- [ChiDaram App] [           main] org.hibernate.orm.results.graph.AST      : DomainResult Graph:
 \-EntityResultImpl [com.example.chi_daram.entity.User(217200953974500)]
 |  +-BasicFetch [com.example.chi_daram.entity.User(217200953974500).accountNonExpired]
 |  +-BasicFetch [com.example.chi_daram.entity.User(217200953974500).accountNonLocked]
 |  +-BasicFetch [com.example.chi_daram.entity.User(217200953974500).credentialsNonExpired]
 |  +-BasicFetch [com.example.chi_daram.entity.User(217200953974500).description]
 |  +-BasicFetch [com.example.chi_daram.entity.User(217200953974500).enabled]
 |  +-BasicFetch [com.example.chi_daram.entity.User(217200953974500).otpCode]
 |  +-BasicFetch [com.example.chi_daram.entity.User(217200953974500).otpEnabledForLogin]
 |  +-BasicFetch [com.example.chi_daram.entity.User(217200953974500).otpGeneratedTime]
 |  +-BasicFetch [com.example.chi_daram.entity.User(217200953974500).password]
 |  +-BasicFetch [com.example.chi_daram.entity.User(217200953974500).phoneNumber]
 |  +-SelectEagerCollectionFetch [com.example.chi_daram.entity.User(217200953974500).roles]
 |  +-BasicFetch [com.example.chi_daram.entity.User(217200953974500).title]
 |  \-BasicFetch [com.example.chi_daram.entity.User(217200953974500).username]

2025-08-24T11:33:09.561+03:30 DEBUG 1188 --- [ChiDaram App] [           main] org.hibernate.orm.sql.ast.tree           : SQL AST Tree:
    SelectStatement {
      FromClause {
        StandardTableGroup (u1 : com.example.chi_daram.entity.User(217200953974500)) {
          primaryTableReference : "user_security" as u1_0
        }
      }
    }

2025-08-24T11:33:09.561+03:30 DEBUG 1188 --- [ChiDaram App] [           main] org.hibernate.orm.sql.exec               : Skipping reading Query result cache data: cache-enabled = false, cache-mode = NORMAL
2025-08-24T11:33:09.561+03:30 DEBUG 1188 --- [ChiDaram App] [           main] org.hibernate.orm.results                : Initializer list:
	  com.example.chi_daram.entity.User(217200953974500) -> EntityResultInitializer(com.example.chi_daram.entity.User(217200953974500))@639241606 (SingleTableEntityPersister(com.example.chi_daram.entity.User))
	  com.example.chi_daram.entity.User(217200953974500).roles -> SelectEagerCollectionInitializer(com.example.chi_daram.entity.User(217200953974500).roles)@304996756 (PluralAttribute(com.example.chi_daram.entity.User.roles))

2025-08-24T11:33:09.562+03:30 DEBUG 1188 --- [ChiDaram App] [           main] org.hibernate.SQL                        : select u1_0.id,u1_0.account_non_expired,u1_0.account_non_locked,u1_0.credentials_non_expired,u1_0.description,u1_0.enabled,u1_0.otp_code,u1_0.otp_enabled_for_login,u1_0.otp_generated_time,u1_0.password,u1_0.phone_number,u1_0.title,u1_0.username from "user_security" u1_0 where u1_0.username=?
2025-08-24T11:33:09.564+03:30 DEBUG 1188 --- [ChiDaram App] [           main] org.hibernate.orm.results                : Extracted JDBC value [0] - [204]
2025-08-24T11:33:09.564+03:30 DEBUG 1188 --- [ChiDaram App] [           main] o.hibernate.orm.results.loading.entity   : (EntityResultInitializer) Hydrated EntityKey (com.example.chi_daram.entity.User(217200953974500)): 204
2025-08-24T11:33:09.564+03:30 DEBUG 1188 --- [ChiDaram App] [           main] o.h.o.r.l.o.h.o.r.loading.collection     : (SelectEagerCollectionInitializer) Current row collection key : com.example.chi_daram.entity.User(217200953974500).roles#204
2025-08-24T11:33:09.564+03:30 DEBUG 1188 --- [ChiDaram App] [           main] o.hibernate.orm.results.loading.entity   : (EntityResultInitializer) Created new entity instance [com.example.chi_daram.entity.User(217200953974500)#204] : 1082840602
2025-08-24T11:33:09.565+03:30 DEBUG 1188 --- [ChiDaram App] [           main] org.hibernate.orm.results                : Extracted JDBC value [1] - [true]
2025-08-24T11:33:09.565+03:30 DEBUG 1188 --- [ChiDaram App] [           main] org.hibernate.orm.results                : Extracted JDBC value [2] - [true]
2025-08-24T11:33:09.565+03:30 DEBUG 1188 --- [ChiDaram App] [           main] org.hibernate.orm.results                : Extracted JDBC value [3] - [true]
2025-08-24T11:33:09.565+03:30 DEBUG 1188 --- [ChiDaram App] [           main] org.hibernate.orm.results                : Extracted JDBC value [4] - [Desc]
2025-08-24T11:33:09.568+03:30 DEBUG 1188 --- [ChiDaram App] [           main] org.hibernate.orm.results                : Extracted JDBC value [5] - [true]
2025-08-24T11:33:09.568+03:30 DEBUG 1188 --- [ChiDaram App] [           main] org.hibernate.orm.results                : Extracted JDBC value [6] - [null]
2025-08-24T11:33:09.568+03:30 DEBUG 1188 --- [ChiDaram App] [           main] org.hibernate.orm.results                : Extracted JDBC value [7] - [false]
2025-08-24T11:33:09.569+03:30 DEBUG 1188 --- [ChiDaram App] [           main] org.hibernate.orm.results                : Extracted JDBC value [8] - [null]
2025-08-24T11:33:09.569+03:30 DEBUG 1188 --- [ChiDaram App] [           main] org.hibernate.orm.results                : Extracted JDBC value [9] - [$2a$10$z0KU/Orx6ShjQ3zO86e/lueD8CLdT1YLvCHRmtb9P.wEdx48FU7u.]
2025-08-24T11:33:09.569+03:30 DEBUG 1188 --- [ChiDaram App] [           main] org.hibernate.orm.results                : Extracted JDBC value [10] - [09121234567]
2025-08-24T11:33:09.569+03:30 DEBUG 1188 --- [ChiDaram App] [           main] org.hibernate.orm.results                : Extracted JDBC value [11] - [Integration Test User]
2025-08-24T11:33:09.569+03:30 DEBUG 1188 --- [ChiDaram App] [           main] org.hibernate.orm.results                : Extracted JDBC value [12] - [testuser_int]
2025-08-24T11:33:09.569+03:30 DEBUG 1188 --- [ChiDaram App] [           main] o.hibernate.orm.results.loading.entity   : (EntityResultInitializer) Done materializing entityInstance : com.example.chi_daram.entity.User(217200953974500)#204
2025-08-24T11:33:09.569+03:30 DEBUG 1188 --- [ChiDaram App] [           main] org.hibernate.orm.results.loading        : Calling top-level assembler (0 / 1) : org.hibernate.sql.results.graph.entity.internal.EntityAssembler@5b0bfe86
2025-08-24T11:33:09.570+03:30 DEBUG 1188 --- [ChiDaram App] [           main] org.hibernate.orm.sql.exec               : Skipping reading Query result cache data: cache-enabled = false, cache-mode = IGNORE
2025-08-24T11:33:09.570+03:30 DEBUG 1188 --- [ChiDaram App] [           main] org.hibernate.orm.results                : Initializer list:
	  com.example.chi_daram.entity.User.roles -> SetInitializer(com.example.chi_daram.entity.User.roles)@959987612 (PluralAttribute(com.example.chi_daram.entity.User.roles))

2025-08-24T11:33:09.571+03:30 DEBUG 1188 --- [ChiDaram App] [           main] org.hibernate.SQL                        : select r1_0.user_id,r1_0.role from user_roles r1_0 where r1_0.user_id=?
2025-08-24T11:33:09.572+03:30 DEBUG 1188 --- [ChiDaram App] [           main] org.hibernate.orm.results                : Extracted JDBC value [0] - [204]
2025-08-24T11:33:09.573+03:30 DEBUG 1188 --- [ChiDaram App] [           main] o.h.o.r.l.o.h.o.r.loading.collection     : (SetInitializer) Current row collection key : com.example.chi_daram.entity.User.roles#204
2025-08-24T11:33:09.573+03:30 DEBUG 1188 --- [ChiDaram App] [           main] o.h.o.r.l.o.h.o.r.loading.collection     : (SetInitializer) Responsible for loading collection [com.example.chi_daram.entity.User.roles#204] : org.hibernate.collection.spi.PersistentSet@1037479646
2025-08-24T11:33:09.573+03:30 DEBUG 1188 --- [ChiDaram App] [           main] o.h.o.r.l.o.h.o.r.loading.collection     : (SetInitializer) Reading element from row for collection [com.example.chi_daram.entity.User.roles#204] -> org.hibernate.collection.spi.PersistentSet@1037479646
2025-08-24T11:33:09.574+03:30 DEBUG 1188 --- [ChiDaram App] [           main] org.hibernate.orm.results                : Extracted JDBC value [1] - [USER]
2025-08-24T11:33:09.574+03:30 DEBUG 1188 --- [ChiDaram App] [           main] org.hibernate.orm.results.loading        : Calling top-level assembler (0 / 1) : org.hibernate.sql.results.graph.collection.internal.CollectionAssembler@2347ca7a
2025-08-24T11:33:09.575+03:30 DEBUG 1188 --- [ChiDaram App] [           main] o.h.sql.results.internal.ResultsHelper   : Collection fully initialized: [com.example.chi_daram.entity.User.roles#204]
2025-08-24T11:33:09.589+03:30 DEBUG 1188 --- [ChiDaram App] [           main] o.s.orm.jpa.JpaTransactionManager        : Creating new transaction with name [com.example.chi_daram.service.impl.UserServiceImpl.deleteUser]: PROPAGATION_REQUIRED,ISOLATION_DEFAULT
2025-08-24T11:33:09.590+03:30 DEBUG 1188 --- [ChiDaram App] [           main] o.s.orm.jpa.JpaTransactionManager        : Opened new EntityManager [SessionImpl(1555068899<open>)] for JPA transaction
2025-08-24T11:33:09.590+03:30 DEBUG 1188 --- [ChiDaram App] [           main] o.h.e.t.internal.TransactionImpl         : On TransactionImpl creation, JpaCompliance#isJpaTransactionComplianceEnabled == false
2025-08-24T11:33:09.590+03:30 DEBUG 1188 --- [ChiDaram App] [           main] o.h.e.t.internal.TransactionImpl         : begin
2025-08-24T11:33:09.590+03:30 DEBUG 1188 --- [ChiDaram App] [           main] o.s.orm.jpa.JpaTransactionManager        : Exposing JPA transaction as JDBC [org.springframework.orm.jpa.vendor.HibernateJpaDialect$HibernateConnectionHandle@278758da]
2025-08-24T11:33:09.590+03:30 DEBUG 1188 --- [ChiDaram App] [           main] o.s.orm.jpa.JpaTransactionManager        : Found thread-bound EntityManager [SessionImpl(1555068899<open>)] for JPA transaction
2025-08-24T11:33:09.591+03:30 DEBUG 1188 --- [ChiDaram App] [           main] o.s.orm.jpa.JpaTransactionManager        : Participating in existing transaction
2025-08-24T11:33:09.591+03:30 DEBUG 1188 --- [ChiDaram App] [           main] org.hibernate.orm.sql.exec               : Skipping reading Query result cache data: cache-enabled = false, cache-mode = IGNORE
2025-08-24T11:33:09.591+03:30 DEBUG 1188 --- [ChiDaram App] [           main] org.hibernate.orm.results                : Initializer list:
	  com.example.chi_daram.entity.User.roles -> SetInitializer(com.example.chi_daram.entity.User.roles)@2100060293 (PluralAttribute(com.example.chi_daram.entity.User.roles))
	  com.example.chi_daram.entity.User -> EntityResultInitializer(com.example.chi_daram.entity.User)@1819847944 (SingleTableEntityPersister(com.example.chi_daram.entity.User))

2025-08-24T11:33:09.592+03:30 DEBUG 1188 --- [ChiDaram App] [           main] org.hibernate.SQL                        : select u1_0.id,u1_0.account_non_expired,u1_0.account_non_locked,u1_0.credentials_non_expired,u1_0.description,u1_0.enabled,u1_0.otp_code,u1_0.otp_enabled_for_login,u1_0.otp_generated_time,u1_0.password,u1_0.phone_number,r1_0.user_id,r1_0.role,u1_0.title,u1_0.username from "user_security" u1_0 left join user_roles r1_0 on u1_0.id=r1_0.user_id where u1_0.id=?
2025-08-24T11:33:09.604+03:30 DEBUG 1188 --- [ChiDaram App] [           main] o.hibernate.orm.results.loading.entity   : (EntityResultInitializer) Hydrated EntityKey (com.example.chi_daram.entity.User): 204
2025-08-24T11:33:09.604+03:30 DEBUG 1188 --- [ChiDaram App] [           main] o.h.o.r.l.o.h.o.r.loading.collection     : (SetInitializer) Current row collection key : com.example.chi_daram.entity.User.roles#204
2025-08-24T11:33:09.605+03:30 DEBUG 1188 --- [ChiDaram App] [           main] org.hibernate.orm.results                : Extracted JDBC value [11] - [204]
2025-08-24T11:33:09.605+03:30 DEBUG 1188 --- [ChiDaram App] [           main] o.hibernate.orm.results.loading.entity   : (EntityResultInitializer) Created new entity instance [com.example.chi_daram.entity.User#204] : 809663039
2025-08-24T11:33:09.606+03:30 DEBUG 1188 --- [ChiDaram App] [           main] o.h.o.r.l.o.h.o.r.loading.collection     : (SetInitializer) Created new collection wrapper [com.example.chi_daram.entity.User.roles#204] : org.hibernate.collection.spi.PersistentSet@427528658
2025-08-24T11:33:09.606+03:30 DEBUG 1188 --- [ChiDaram App] [           main] o.h.o.r.l.o.h.o.r.loading.collection     : (SetInitializer) Responsible for loading collection [com.example.chi_daram.entity.User.roles#204] : org.hibernate.collection.spi.PersistentSet@427528658
2025-08-24T11:33:09.606+03:30 DEBUG 1188 --- [ChiDaram App] [           main] o.h.o.r.l.o.h.o.r.loading.collection     : (SetInitializer) Reading element from row for collection [com.example.chi_daram.entity.User.roles#204] -> org.hibernate.collection.spi.PersistentSet@427528658
2025-08-24T11:33:09.607+03:30 DEBUG 1188 --- [ChiDaram App] [           main] org.hibernate.orm.results                : Extracted JDBC value [12] - [USER]
2025-08-24T11:33:09.607+03:30 DEBUG 1188 --- [ChiDaram App] [           main] org.hibernate.orm.results                : Extracted JDBC value [1] - [true]
2025-08-24T11:33:09.607+03:30 DEBUG 1188 --- [ChiDaram App] [           main] org.hibernate.orm.results                : Extracted JDBC value [2] - [true]
2025-08-24T11:33:09.607+03:30 DEBUG 1188 --- [ChiDaram App] [           main] org.hibernate.orm.results                : Extracted JDBC value [3] - [true]
2025-08-24T11:33:09.608+03:30 DEBUG 1188 --- [ChiDaram App] [           main] org.hibernate.orm.results                : Extracted JDBC value [4] - [Desc]
2025-08-24T11:33:09.608+03:30 DEBUG 1188 --- [ChiDaram App] [           main] org.hibernate.orm.results                : Extracted JDBC value [5] - [true]
2025-08-24T11:33:09.608+03:30 DEBUG 1188 --- [ChiDaram App] [           main] org.hibernate.orm.results                : Extracted JDBC value [6] - [null]
2025-08-24T11:33:09.609+03:30 DEBUG 1188 --- [ChiDaram App] [           main] org.hibernate.orm.results                : Extracted JDBC value [7] - [false]
2025-08-24T11:33:09.610+03:30 DEBUG 1188 --- [ChiDaram App] [           main] org.hibernate.orm.results                : Extracted JDBC value [8] - [null]
2025-08-24T11:33:09.612+03:30 DEBUG 1188 --- [ChiDaram App] [           main] org.hibernate.orm.results                : Extracted JDBC value [9] - [$2a$10$z0KU/Orx6ShjQ3zO86e/lueD8CLdT1YLvCHRmtb9P.wEdx48FU7u.]
2025-08-24T11:33:09.612+03:30 DEBUG 1188 --- [ChiDaram App] [           main] org.hibernate.orm.results                : Extracted JDBC value [10] - [09121234567]
2025-08-24T11:33:09.612+03:30 DEBUG 1188 --- [ChiDaram App] [           main] org.hibernate.orm.results                : Extracted JDBC value [13] - [Integration Test User]
2025-08-24T11:33:09.612+03:30 DEBUG 1188 --- [ChiDaram App] [           main] org.hibernate.orm.results                : Extracted JDBC value [14] - [testuser_int]
2025-08-24T11:33:09.613+03:30 DEBUG 1188 --- [ChiDaram App] [           main] o.hibernate.orm.results.loading.entity   : (EntityResultInitializer) Done materializing entityInstance : com.example.chi_daram.entity.User#204
2025-08-24T11:33:09.613+03:30 DEBUG 1188 --- [ChiDaram App] [           main] org.hibernate.orm.results.loading        : Calling top-level assembler (0 / 1) : org.hibernate.sql.results.graph.entity.internal.EntityAssembler@6c26a27e
2025-08-24T11:33:09.613+03:30 DEBUG 1188 --- [ChiDaram App] [           main] o.h.sql.results.internal.ResultsHelper   : Collection fully initialized: [com.example.chi_daram.entity.User.roles#204]
2025-08-24T11:33:09.615+03:30 DEBUG 1188 --- [ChiDaram App] [           main] o.s.orm.jpa.JpaTransactionManager        : Found thread-bound EntityManager [SessionImpl(1555068899<open>)] for JPA transaction
2025-08-24T11:33:09.616+03:30 DEBUG 1188 --- [ChiDaram App] [           main] o.s.orm.jpa.JpaTransactionManager        : Participating in existing transaction
2025-08-24T11:33:09.616+03:30 DEBUG 1188 --- [ChiDaram App] [           main] o.h.j.internal.PersistenceUnitUtilImpl   : jakarta.persistence.PersistenceUnitUtil.getIdentifier is only intended to work with enhanced entities (although Hibernate also adapts this support to its proxies); however the passed entity was not enhanced (nor a proxy).. may not be able to read identifier
2025-08-24T11:33:09.617+03:30 DEBUG 1188 --- [ChiDaram App] [           main] o.h.j.internal.PersistenceUnitUtilImpl   : jakarta.persistence.PersistenceUnitUtil.getIdentifier is only intended to work with enhanced entities (although Hibernate also adapts this support to its proxies); however the passed entity was not enhanced (nor a proxy).. may not be able to read identifier
2025-08-24T11:33:09.619+03:30 DEBUG 1188 --- [ChiDaram App] [           main] o.s.orm.jpa.JpaTransactionManager        : Initiating transaction commit
2025-08-24T11:33:09.619+03:30 DEBUG 1188 --- [ChiDaram App] [           main] o.s.orm.jpa.JpaTransactionManager        : Committing JPA transaction on EntityManager [SessionImpl(1555068899<open>)]
2025-08-24T11:33:09.620+03:30 DEBUG 1188 --- [ChiDaram App] [           main] o.h.e.t.internal.TransactionImpl         : committing
2025-08-24T11:33:09.620+03:30 DEBUG 1188 --- [ChiDaram App] [           main] o.h.e.i.AbstractFlushingEventListener    : Processing flush-time cascades
2025-08-24T11:33:09.621+03:30 DEBUG 1188 --- [ChiDaram App] [           main] o.h.e.i.AbstractFlushingEventListener    : Dirty checking collections
2025-08-24T11:33:09.630+03:30 DEBUG 1188 --- [ChiDaram App] [           main] o.hibernate.engine.internal.Collections  : Collection dereferenced: [com.example.chi_daram.entity.User.roles#204]
2025-08-24T11:33:09.631+03:30 DEBUG 1188 --- [ChiDaram App] [           main] o.h.e.i.AbstractFlushingEventListener    : Flushed: 0 insertions, 0 updates, 1 deletions to 1 objects
2025-08-24T11:33:09.631+03:30 DEBUG 1188 --- [ChiDaram App] [           main] o.h.e.i.AbstractFlushingEventListener    : Flushed: 0 (re)creations, 0 updates, 1 removals to 1 collections
2025-08-24T11:33:09.631+03:30 DEBUG 1188 --- [ChiDaram App] [           main] o.hibernate.internal.util.EntityPrinter  : Listing entities:
2025-08-24T11:33:09.632+03:30 DEBUG 1188 --- [ChiDaram App] [           main] o.hibernate.internal.util.EntityPrinter  : com.example.chi_daram.entity.User{credentialsNonExpired=true, roles=[USER], otpCode=null, description=Desc, title=Integration Test User, enabled=true, otpGeneratedTime=null, password=$2a$10$z0KU/Orx6ShjQ3zO86e/lueD8CLdT1YLvCHRmtb9P.wEdx48FU7u., phoneNumber=09121234567, otpEnabledForLogin=false, accountNonExpired=true, id=204, accountNonLocked=true, username=testuser_int}
2025-08-24T11:33:09.632+03:30 DEBUG 1188 --- [ChiDaram App] [           main] org.hibernate.orm.jdbc.mutation          : Deleting collection - com.example.chi_daram.entity.User.roles : 204
2025-08-24T11:33:09.632+03:30 DEBUG 1188 --- [ChiDaram App] [           main] org.hibernate.SQL                        : delete from user_roles where user_id=?
2025-08-24T11:33:09.635+03:30 DEBUG 1188 --- [ChiDaram App] [           main] org.hibernate.SQL                        : delete from "user_security" where id=?
2025-08-24T11:33:09.640+03:30 DEBUG 1188 --- [ChiDaram App] [           main] o.s.orm.jpa.JpaTransactionManager        : Closing JPA EntityManager [SessionImpl(1555068899<open>)] after transaction
2025-08-24T11:33:09.652+03:30 DEBUG 1188 --- [ChiDaram App] [           main] o.s.orm.jpa.JpaTransactionManager        : Creating new transaction with name [org.springframework.data.jpa.repository.support.SimpleJpaRepository.findById]: PROPAGATION_REQUIRED,ISOLATION_DEFAULT,readOnly
2025-08-24T11:33:09.660+03:30 DEBUG 1188 --- [ChiDaram App] [           main] o.s.orm.jpa.JpaTransactionManager        : Opened new EntityManager [SessionImpl(1025662953<open>)] for JPA transaction
2025-08-24T11:33:09.660+03:30 DEBUG 1188 --- [ChiDaram App] [           main] o.h.e.t.internal.TransactionImpl         : On TransactionImpl creation, JpaCompliance#isJpaTransactionComplianceEnabled == false
2025-08-24T11:33:09.660+03:30 DEBUG 1188 --- [ChiDaram App] [           main] o.h.e.t.internal.TransactionImpl         : begin
2025-08-24T11:33:09.660+03:30 DEBUG 1188 --- [ChiDaram App] [           main] o.s.orm.jpa.JpaTransactionManager        : Exposing JPA transaction as JDBC [org.springframework.orm.jpa.vendor.HibernateJpaDialect$HibernateConnectionHandle@6d024898]
2025-08-24T11:33:09.661+03:30 DEBUG 1188 --- [ChiDaram App] [           main] org.hibernate.orm.sql.exec               : Skipping reading Query result cache data: cache-enabled = false, cache-mode = IGNORE
2025-08-24T11:33:09.662+03:30 DEBUG 1188 --- [ChiDaram App] [           main] org.hibernate.orm.results                : Initializer list:
	  com.example.chi_daram.entity.User.roles -> SetInitializer(com.example.chi_daram.entity.User.roles)@2071180745 (PluralAttribute(com.example.chi_daram.entity.User.roles))
	  com.example.chi_daram.entity.User -> EntityResultInitializer(com.example.chi_daram.entity.User)@1245719459 (SingleTableEntityPersister(com.example.chi_daram.entity.User))

2025-08-24T11:33:09.662+03:30 DEBUG 1188 --- [ChiDaram App] [           main] org.hibernate.SQL                        : select u1_0.id,u1_0.account_non_expired,u1_0.account_non_locked,u1_0.credentials_non_expired,u1_0.description,u1_0.enabled,u1_0.otp_code,u1_0.otp_enabled_for_login,u1_0.otp_generated_time,u1_0.password,u1_0.phone_number,r1_0.user_id,r1_0.role,u1_0.title,u1_0.username from "user_security" u1_0 left join user_roles r1_0 on u1_0.id=r1_0.user_id where u1_0.id=?
2025-08-24T11:33:09.665+03:30 DEBUG 1188 --- [ChiDaram App] [           main] o.s.orm.jpa.JpaTransactionManager        : Initiating transaction commit
2025-08-24T11:33:09.666+03:30 DEBUG 1188 --- [ChiDaram App] [           main] o.s.orm.jpa.JpaTransactionManager        : Committing JPA transaction on EntityManager [SessionImpl(1025662953<open>)]
2025-08-24T11:33:09.768+03:30 DEBUG 1188 --- [ChiDaram App] [           main] o.h.e.t.internal.TransactionImpl         : committing
2025-08-24T11:33:09.771+03:30 DEBUG 1188 --- [ChiDaram App] [           main] o.s.orm.jpa.JpaTransactionManager        : Closing JPA EntityManager [SessionImpl(1025662953<open>)] after transaction
]]></system-out>
  </testcase>
</testsuite>